[0m03:51:49.864201 [debug] [MainThread]: Sending event: {'category': 'dbt', 'action': 'invocation', 'label': 'start', 'context': [<snowplow_tracker.self_describing_json.SelfDescribingJson object at 0x7f841fd2b100>, <snowplow_tracker.self_describing_json.SelfDescribingJson object at 0x7f84205a7130>, <snowplow_tracker.self_describing_json.SelfDescribingJson object at 0x7f84205182b0>]}


============================== 03:51:49.869100 | c4f6ec8e-a493-413e-aeea-957e82f3e3db ==============================
[0m03:51:49.869100 [info ] [MainThread]: Running with dbt=1.7.13
[0m03:51:49.870541 [debug] [MainThread]: running dbt with arguments {'printer_width': '80', 'indirect_selection': 'eager', 'write_json': 'True', 'log_cache_events': 'False', 'partial_parse': 'True', 'cache_selected_only': 'False', 'warn_error': 'None', 'fail_fast': 'False', 'version_check': 'True', 'log_path': 'logs', 'profiles_dir': '/home/codespace/.dbt', 'debug': 'False', 'use_colors': 'True', 'use_experimental_parser': 'False', 'no_print': 'None', 'quiet': 'False', 'warn_error_options': 'WarnErrorOptions(include=[], exclude=[])', 'introspect': 'True', 'log_format': 'default', 'static_parser': 'True', 'target_path': 'None', 'invocation_command': 'dbt init', 'send_anonymous_usage_stats': 'True'}
[0m03:52:03.404794 [debug] [MainThread]: Sending event: {'category': 'dbt', 'action': 'invocation', 'label': 'start', 'context': [<snowplow_tracker.self_describing_json.SelfDescribingJson object at 0x7fe74abc6f50>, <snowplow_tracker.self_describing_json.SelfDescribingJson object at 0x7fe74b0f7160>, <snowplow_tracker.self_describing_json.SelfDescribingJson object at 0x7fe748e38d30>]}


============================== 03:52:03.408104 | e4d2f1a1-9849-4d8e-b58d-69cf7dabc86b ==============================
[0m03:52:03.408104 [info ] [MainThread]: Running with dbt=1.7.13
[0m03:52:03.409069 [debug] [MainThread]: running dbt with arguments {'printer_width': '80', 'indirect_selection': 'eager', 'write_json': 'True', 'log_cache_events': 'False', 'partial_parse': 'True', 'cache_selected_only': 'False', 'profiles_dir': '/home/codespace/.dbt', 'version_check': 'True', 'fail_fast': 'False', 'log_path': 'logs', 'warn_error': 'None', 'debug': 'False', 'use_colors': 'True', 'use_experimental_parser': 'False', 'no_print': 'None', 'quiet': 'False', 'warn_error_options': 'WarnErrorOptions(include=[], exclude=[])', 'introspect': 'True', 'log_format': 'default', 'invocation_command': 'dbt debug', 'target_path': 'None', 'static_parser': 'True', 'send_anonymous_usage_stats': 'True'}
[0m03:52:03.409973 [info ] [MainThread]: dbt version: 1.7.13
[0m03:52:03.410707 [info ] [MainThread]: python version: 3.10.13
[0m03:52:03.411430 [info ] [MainThread]: python path: /workspaces/dw-and-bi/ENV/bin/python
[0m03:52:03.412176 [info ] [MainThread]: os info: Linux-6.2.0-1019-azure-x86_64-with-glibc2.31
[0m03:52:03.521442 [info ] [MainThread]: Using profiles dir at /home/codespace/.dbt
[0m03:52:03.522362 [info ] [MainThread]: Using profiles.yml file at /home/codespace/.dbt/profiles.yml
[0m03:52:03.523102 [info ] [MainThread]: Using dbt_project.yml file at /workspaces/dw-and-bi/dbt_project.yml
[0m03:52:03.524232 [error] [MainThread]: Encountered an error:
Internal Error
  Profile should not be None if loading profile completed
[0m03:52:03.525976 [debug] [MainThread]: Resource report: {"command_name": "debug", "command_wall_clock_time": 0.17478825, "process_user_time": 2.623834, "process_kernel_time": 0.10305, "process_mem_max_rss": "92956", "command_success": false, "process_in_blocks": "0", "process_out_blocks": "0"}
[0m03:52:03.527115 [debug] [MainThread]: Command `dbt debug` failed at 03:52:03.526730 after 0.18 seconds
[0m03:52:03.528322 [debug] [MainThread]: Sending event: {'category': 'dbt', 'action': 'invocation', 'label': 'end', 'context': [<snowplow_tracker.self_describing_json.SelfDescribingJson object at 0x7fe74abc6f50>, <snowplow_tracker.self_describing_json.SelfDescribingJson object at 0x7fe748e3b430>, <snowplow_tracker.self_describing_json.SelfDescribingJson object at 0x7fe748e3b730>]}
[0m03:52:03.529438 [debug] [MainThread]: Flushing usage events
