[2024-04-29T17:30:05.206+0000] {processor.py:161} INFO - Started process (PID=306) to work on /home/airflow/.local/lib/python3.8/site-packages/airflow/example_dags/example_dag_decorator.py
[2024-04-29T17:30:05.207+0000] {processor.py:830} INFO - Processing file /home/airflow/.local/lib/python3.8/site-packages/airflow/example_dags/example_dag_decorator.py for tasks to queue
[2024-04-29T17:30:05.209+0000] {logging_mixin.py:188} INFO - [2024-04-29T17:30:05.208+0000] {dagbag.py:540} INFO - Filling up the DagBag from /home/airflow/.local/lib/python3.8/site-packages/airflow/example_dags/example_dag_decorator.py
[2024-04-29T17:30:05.799+0000] {processor.py:840} INFO - DAG(s) 'example_dag_decorator' retrieved from /home/airflow/.local/lib/python3.8/site-packages/airflow/example_dags/example_dag_decorator.py
[2024-04-29T17:30:05.997+0000] {logging_mixin.py:188} INFO - [2024-04-29T17:30:05.997+0000] {override.py:1769} INFO - Created Permission View: can edit on DAG:example_dag_decorator
[2024-04-29T17:30:06.029+0000] {logging_mixin.py:188} INFO - [2024-04-29T17:30:06.029+0000] {override.py:1769} INFO - Created Permission View: can delete on DAG:example_dag_decorator
[2024-04-29T17:30:06.061+0000] {logging_mixin.py:188} INFO - [2024-04-29T17:30:06.060+0000] {override.py:1769} INFO - Created Permission View: can read on DAG:example_dag_decorator
[2024-04-29T17:30:06.062+0000] {logging_mixin.py:188} INFO - [2024-04-29T17:30:06.062+0000] {dag.py:3047} INFO - Sync 1 DAGs
[2024-04-29T17:30:06.093+0000] {logging_mixin.py:188} INFO - [2024-04-29T17:30:06.093+0000] {dag.py:3069} INFO - Creating ORM DAG for example_dag_decorator
[2024-04-29T17:30:06.094+0000] {logging_mixin.py:188} INFO - [2024-04-29T17:30:06.094+0000] {dag.py:3834} INFO - Setting next_dagrun for example_dag_decorator to None, run_after=None
[2024-04-29T17:30:06.132+0000] {processor.py:183} INFO - Processing /home/airflow/.local/lib/python3.8/site-packages/airflow/example_dags/example_dag_decorator.py took 0.932 seconds
[2024-04-29T17:30:36.376+0000] {processor.py:161} INFO - Started process (PID=555) to work on /home/airflow/.local/lib/python3.8/site-packages/airflow/example_dags/example_dag_decorator.py
[2024-04-29T17:30:36.377+0000] {processor.py:830} INFO - Processing file /home/airflow/.local/lib/python3.8/site-packages/airflow/example_dags/example_dag_decorator.py for tasks to queue
[2024-04-29T17:30:36.379+0000] {logging_mixin.py:188} INFO - [2024-04-29T17:30:36.378+0000] {dagbag.py:540} INFO - Filling up the DagBag from /home/airflow/.local/lib/python3.8/site-packages/airflow/example_dags/example_dag_decorator.py
[2024-04-29T17:30:36.503+0000] {processor.py:840} INFO - DAG(s) 'example_dag_decorator' retrieved from /home/airflow/.local/lib/python3.8/site-packages/airflow/example_dags/example_dag_decorator.py
[2024-04-29T17:30:36.633+0000] {logging_mixin.py:188} INFO - [2024-04-29T17:30:36.633+0000] {dag.py:3047} INFO - Sync 1 DAGs
[2024-04-29T17:30:36.642+0000] {logging_mixin.py:188} INFO - [2024-04-29T17:30:36.642+0000] {dag.py:3834} INFO - Setting next_dagrun for example_dag_decorator to None, run_after=None
[2024-04-29T17:30:36.663+0000] {processor.py:183} INFO - Processing /home/airflow/.local/lib/python3.8/site-packages/airflow/example_dags/example_dag_decorator.py took 0.291 seconds
[2024-04-29T17:31:06.831+0000] {processor.py:161} INFO - Started process (PID=802) to work on /home/airflow/.local/lib/python3.8/site-packages/airflow/example_dags/example_dag_decorator.py
[2024-04-29T17:31:06.832+0000] {processor.py:830} INFO - Processing file /home/airflow/.local/lib/python3.8/site-packages/airflow/example_dags/example_dag_decorator.py for tasks to queue
[2024-04-29T17:31:06.832+0000] {logging_mixin.py:188} INFO - [2024-04-29T17:31:06.832+0000] {dagbag.py:540} INFO - Filling up the DagBag from /home/airflow/.local/lib/python3.8/site-packages/airflow/example_dags/example_dag_decorator.py
[2024-04-29T17:31:06.949+0000] {processor.py:840} INFO - DAG(s) 'example_dag_decorator' retrieved from /home/airflow/.local/lib/python3.8/site-packages/airflow/example_dags/example_dag_decorator.py
[2024-04-29T17:31:07.113+0000] {logging_mixin.py:188} INFO - [2024-04-29T17:31:07.113+0000] {dag.py:3047} INFO - Sync 1 DAGs
[2024-04-29T17:31:07.144+0000] {logging_mixin.py:188} INFO - [2024-04-29T17:31:07.143+0000] {dag.py:3834} INFO - Setting next_dagrun for example_dag_decorator to None, run_after=None
[2024-04-29T17:31:07.189+0000] {processor.py:183} INFO - Processing /home/airflow/.local/lib/python3.8/site-packages/airflow/example_dags/example_dag_decorator.py took 0.361 seconds
[2024-04-29T17:31:37.443+0000] {processor.py:161} INFO - Started process (PID=1049) to work on /home/airflow/.local/lib/python3.8/site-packages/airflow/example_dags/example_dag_decorator.py
[2024-04-29T17:31:37.444+0000] {processor.py:830} INFO - Processing file /home/airflow/.local/lib/python3.8/site-packages/airflow/example_dags/example_dag_decorator.py for tasks to queue
[2024-04-29T17:31:37.445+0000] {logging_mixin.py:188} INFO - [2024-04-29T17:31:37.444+0000] {dagbag.py:540} INFO - Filling up the DagBag from /home/airflow/.local/lib/python3.8/site-packages/airflow/example_dags/example_dag_decorator.py
[2024-04-29T17:31:37.564+0000] {processor.py:840} INFO - DAG(s) 'example_dag_decorator' retrieved from /home/airflow/.local/lib/python3.8/site-packages/airflow/example_dags/example_dag_decorator.py
[2024-04-29T17:31:37.701+0000] {logging_mixin.py:188} INFO - [2024-04-29T17:31:37.701+0000] {dag.py:3047} INFO - Sync 1 DAGs
[2024-04-29T17:31:37.714+0000] {logging_mixin.py:188} INFO - [2024-04-29T17:31:37.713+0000] {dag.py:3834} INFO - Setting next_dagrun for example_dag_decorator to None, run_after=None
[2024-04-29T17:31:37.741+0000] {processor.py:183} INFO - Processing /home/airflow/.local/lib/python3.8/site-packages/airflow/example_dags/example_dag_decorator.py took 0.301 seconds
[2024-04-29T17:32:07.808+0000] {processor.py:161} INFO - Started process (PID=1302) to work on /home/airflow/.local/lib/python3.8/site-packages/airflow/example_dags/example_dag_decorator.py
[2024-04-29T17:32:07.809+0000] {processor.py:830} INFO - Processing file /home/airflow/.local/lib/python3.8/site-packages/airflow/example_dags/example_dag_decorator.py for tasks to queue
[2024-04-29T17:32:07.809+0000] {logging_mixin.py:188} INFO - [2024-04-29T17:32:07.809+0000] {dagbag.py:540} INFO - Filling up the DagBag from /home/airflow/.local/lib/python3.8/site-packages/airflow/example_dags/example_dag_decorator.py
[2024-04-29T17:32:07.951+0000] {processor.py:840} INFO - DAG(s) 'example_dag_decorator' retrieved from /home/airflow/.local/lib/python3.8/site-packages/airflow/example_dags/example_dag_decorator.py
[2024-04-29T17:32:08.082+0000] {logging_mixin.py:188} INFO - [2024-04-29T17:32:08.082+0000] {dag.py:3047} INFO - Sync 1 DAGs
[2024-04-29T17:32:08.091+0000] {logging_mixin.py:188} INFO - [2024-04-29T17:32:08.091+0000] {dag.py:3834} INFO - Setting next_dagrun for example_dag_decorator to None, run_after=None
[2024-04-29T17:32:08.113+0000] {processor.py:183} INFO - Processing /home/airflow/.local/lib/python3.8/site-packages/airflow/example_dags/example_dag_decorator.py took 0.309 seconds
[2024-04-29T17:32:38.453+0000] {processor.py:161} INFO - Started process (PID=1545) to work on /home/airflow/.local/lib/python3.8/site-packages/airflow/example_dags/example_dag_decorator.py
[2024-04-29T17:32:38.455+0000] {processor.py:830} INFO - Processing file /home/airflow/.local/lib/python3.8/site-packages/airflow/example_dags/example_dag_decorator.py for tasks to queue
[2024-04-29T17:32:38.455+0000] {logging_mixin.py:188} INFO - [2024-04-29T17:32:38.455+0000] {dagbag.py:540} INFO - Filling up the DagBag from /home/airflow/.local/lib/python3.8/site-packages/airflow/example_dags/example_dag_decorator.py
[2024-04-29T17:32:38.574+0000] {processor.py:840} INFO - DAG(s) 'example_dag_decorator' retrieved from /home/airflow/.local/lib/python3.8/site-packages/airflow/example_dags/example_dag_decorator.py
[2024-04-29T17:32:38.701+0000] {logging_mixin.py:188} INFO - [2024-04-29T17:32:38.700+0000] {dag.py:3047} INFO - Sync 1 DAGs
[2024-04-29T17:32:38.715+0000] {logging_mixin.py:188} INFO - [2024-04-29T17:32:38.715+0000] {dag.py:3834} INFO - Setting next_dagrun for example_dag_decorator to None, run_after=None
[2024-04-29T17:32:38.740+0000] {processor.py:183} INFO - Processing /home/airflow/.local/lib/python3.8/site-packages/airflow/example_dags/example_dag_decorator.py took 0.290 seconds
[2024-04-29T17:33:09.092+0000] {processor.py:161} INFO - Started process (PID=1793) to work on /home/airflow/.local/lib/python3.8/site-packages/airflow/example_dags/example_dag_decorator.py
[2024-04-29T17:33:09.093+0000] {processor.py:830} INFO - Processing file /home/airflow/.local/lib/python3.8/site-packages/airflow/example_dags/example_dag_decorator.py for tasks to queue
[2024-04-29T17:33:09.095+0000] {logging_mixin.py:188} INFO - [2024-04-29T17:33:09.094+0000] {dagbag.py:540} INFO - Filling up the DagBag from /home/airflow/.local/lib/python3.8/site-packages/airflow/example_dags/example_dag_decorator.py
[2024-04-29T17:33:09.214+0000] {processor.py:840} INFO - DAG(s) 'example_dag_decorator' retrieved from /home/airflow/.local/lib/python3.8/site-packages/airflow/example_dags/example_dag_decorator.py
[2024-04-29T17:33:09.341+0000] {logging_mixin.py:188} INFO - [2024-04-29T17:33:09.341+0000] {dag.py:3047} INFO - Sync 1 DAGs
[2024-04-29T17:33:09.353+0000] {logging_mixin.py:188} INFO - [2024-04-29T17:33:09.353+0000] {dag.py:3834} INFO - Setting next_dagrun for example_dag_decorator to None, run_after=None
[2024-04-29T17:33:09.387+0000] {processor.py:183} INFO - Processing /home/airflow/.local/lib/python3.8/site-packages/airflow/example_dags/example_dag_decorator.py took 0.298 seconds
[2024-04-29T17:33:39.570+0000] {processor.py:161} INFO - Started process (PID=2050) to work on /home/airflow/.local/lib/python3.8/site-packages/airflow/example_dags/example_dag_decorator.py
[2024-04-29T17:33:39.571+0000] {processor.py:830} INFO - Processing file /home/airflow/.local/lib/python3.8/site-packages/airflow/example_dags/example_dag_decorator.py for tasks to queue
[2024-04-29T17:33:39.571+0000] {logging_mixin.py:188} INFO - [2024-04-29T17:33:39.571+0000] {dagbag.py:540} INFO - Filling up the DagBag from /home/airflow/.local/lib/python3.8/site-packages/airflow/example_dags/example_dag_decorator.py
[2024-04-29T17:33:39.649+0000] {processor.py:840} INFO - DAG(s) 'example_dag_decorator' retrieved from /home/airflow/.local/lib/python3.8/site-packages/airflow/example_dags/example_dag_decorator.py
[2024-04-29T17:33:39.751+0000] {logging_mixin.py:188} INFO - [2024-04-29T17:33:39.751+0000] {dag.py:3047} INFO - Sync 1 DAGs
[2024-04-29T17:33:39.762+0000] {logging_mixin.py:188} INFO - [2024-04-29T17:33:39.762+0000] {dag.py:3834} INFO - Setting next_dagrun for example_dag_decorator to None, run_after=None
[2024-04-29T17:33:39.783+0000] {processor.py:183} INFO - Processing /home/airflow/.local/lib/python3.8/site-packages/airflow/example_dags/example_dag_decorator.py took 0.216 seconds
[2024-04-29T17:34:09.987+0000] {processor.py:161} INFO - Started process (PID=2286) to work on /home/airflow/.local/lib/python3.8/site-packages/airflow/example_dags/example_dag_decorator.py
[2024-04-29T17:34:09.988+0000] {processor.py:830} INFO - Processing file /home/airflow/.local/lib/python3.8/site-packages/airflow/example_dags/example_dag_decorator.py for tasks to queue
[2024-04-29T17:34:09.989+0000] {logging_mixin.py:188} INFO - [2024-04-29T17:34:09.989+0000] {dagbag.py:540} INFO - Filling up the DagBag from /home/airflow/.local/lib/python3.8/site-packages/airflow/example_dags/example_dag_decorator.py
[2024-04-29T17:34:10.105+0000] {processor.py:840} INFO - DAG(s) 'example_dag_decorator' retrieved from /home/airflow/.local/lib/python3.8/site-packages/airflow/example_dags/example_dag_decorator.py
[2024-04-29T17:34:10.259+0000] {logging_mixin.py:188} INFO - [2024-04-29T17:34:10.259+0000] {dag.py:3047} INFO - Sync 1 DAGs
[2024-04-29T17:34:10.274+0000] {logging_mixin.py:188} INFO - [2024-04-29T17:34:10.274+0000] {dag.py:3834} INFO - Setting next_dagrun for example_dag_decorator to None, run_after=None
[2024-04-29T17:34:10.303+0000] {processor.py:183} INFO - Processing /home/airflow/.local/lib/python3.8/site-packages/airflow/example_dags/example_dag_decorator.py took 0.319 seconds
[2024-04-29T17:34:40.616+0000] {processor.py:161} INFO - Started process (PID=2533) to work on /home/airflow/.local/lib/python3.8/site-packages/airflow/example_dags/example_dag_decorator.py
[2024-04-29T17:34:40.617+0000] {processor.py:830} INFO - Processing file /home/airflow/.local/lib/python3.8/site-packages/airflow/example_dags/example_dag_decorator.py for tasks to queue
[2024-04-29T17:34:40.618+0000] {logging_mixin.py:188} INFO - [2024-04-29T17:34:40.617+0000] {dagbag.py:540} INFO - Filling up the DagBag from /home/airflow/.local/lib/python3.8/site-packages/airflow/example_dags/example_dag_decorator.py
[2024-04-29T17:34:40.743+0000] {processor.py:840} INFO - DAG(s) 'example_dag_decorator' retrieved from /home/airflow/.local/lib/python3.8/site-packages/airflow/example_dags/example_dag_decorator.py
[2024-04-29T17:34:40.929+0000] {logging_mixin.py:188} INFO - [2024-04-29T17:34:40.929+0000] {dag.py:3047} INFO - Sync 1 DAGs
[2024-04-29T17:34:40.942+0000] {logging_mixin.py:188} INFO - [2024-04-29T17:34:40.941+0000] {dag.py:3834} INFO - Setting next_dagrun for example_dag_decorator to None, run_after=None
[2024-04-29T17:34:40.971+0000] {processor.py:183} INFO - Processing /home/airflow/.local/lib/python3.8/site-packages/airflow/example_dags/example_dag_decorator.py took 0.358 seconds
[2024-04-29T17:35:11.207+0000] {processor.py:161} INFO - Started process (PID=2780) to work on /home/airflow/.local/lib/python3.8/site-packages/airflow/example_dags/example_dag_decorator.py
[2024-04-29T17:35:11.208+0000] {processor.py:830} INFO - Processing file /home/airflow/.local/lib/python3.8/site-packages/airflow/example_dags/example_dag_decorator.py for tasks to queue
[2024-04-29T17:35:11.209+0000] {logging_mixin.py:188} INFO - [2024-04-29T17:35:11.209+0000] {dagbag.py:540} INFO - Filling up the DagBag from /home/airflow/.local/lib/python3.8/site-packages/airflow/example_dags/example_dag_decorator.py
[2024-04-29T17:35:11.332+0000] {processor.py:840} INFO - DAG(s) 'example_dag_decorator' retrieved from /home/airflow/.local/lib/python3.8/site-packages/airflow/example_dags/example_dag_decorator.py
[2024-04-29T17:35:11.472+0000] {logging_mixin.py:188} INFO - [2024-04-29T17:35:11.472+0000] {dag.py:3047} INFO - Sync 1 DAGs
[2024-04-29T17:35:11.484+0000] {logging_mixin.py:188} INFO - [2024-04-29T17:35:11.484+0000] {dag.py:3834} INFO - Setting next_dagrun for example_dag_decorator to None, run_after=None
[2024-04-29T17:35:11.511+0000] {processor.py:183} INFO - Processing /home/airflow/.local/lib/python3.8/site-packages/airflow/example_dags/example_dag_decorator.py took 0.308 seconds
[2024-04-29T17:35:42.006+0000] {processor.py:161} INFO - Started process (PID=3027) to work on /home/airflow/.local/lib/python3.8/site-packages/airflow/example_dags/example_dag_decorator.py
[2024-04-29T17:35:42.007+0000] {processor.py:830} INFO - Processing file /home/airflow/.local/lib/python3.8/site-packages/airflow/example_dags/example_dag_decorator.py for tasks to queue
[2024-04-29T17:35:42.008+0000] {logging_mixin.py:188} INFO - [2024-04-29T17:35:42.007+0000] {dagbag.py:540} INFO - Filling up the DagBag from /home/airflow/.local/lib/python3.8/site-packages/airflow/example_dags/example_dag_decorator.py
[2024-04-29T17:35:42.130+0000] {processor.py:840} INFO - DAG(s) 'example_dag_decorator' retrieved from /home/airflow/.local/lib/python3.8/site-packages/airflow/example_dags/example_dag_decorator.py
[2024-04-29T17:35:42.367+0000] {logging_mixin.py:188} INFO - [2024-04-29T17:35:42.366+0000] {dag.py:3047} INFO - Sync 1 DAGs
[2024-04-29T17:35:42.393+0000] {logging_mixin.py:188} INFO - [2024-04-29T17:35:42.392+0000] {dag.py:3834} INFO - Setting next_dagrun for example_dag_decorator to None, run_after=None
[2024-04-29T17:35:42.436+0000] {processor.py:183} INFO - Processing /home/airflow/.local/lib/python3.8/site-packages/airflow/example_dags/example_dag_decorator.py took 0.434 seconds
[2024-04-29T17:36:12.545+0000] {processor.py:161} INFO - Started process (PID=3276) to work on /home/airflow/.local/lib/python3.8/site-packages/airflow/example_dags/example_dag_decorator.py
[2024-04-29T17:36:12.547+0000] {processor.py:830} INFO - Processing file /home/airflow/.local/lib/python3.8/site-packages/airflow/example_dags/example_dag_decorator.py for tasks to queue
[2024-04-29T17:36:12.548+0000] {logging_mixin.py:188} INFO - [2024-04-29T17:36:12.548+0000] {dagbag.py:540} INFO - Filling up the DagBag from /home/airflow/.local/lib/python3.8/site-packages/airflow/example_dags/example_dag_decorator.py
[2024-04-29T17:36:12.674+0000] {processor.py:840} INFO - DAG(s) 'example_dag_decorator' retrieved from /home/airflow/.local/lib/python3.8/site-packages/airflow/example_dags/example_dag_decorator.py
[2024-04-29T17:36:12.806+0000] {logging_mixin.py:188} INFO - [2024-04-29T17:36:12.806+0000] {dag.py:3047} INFO - Sync 1 DAGs
[2024-04-29T17:36:12.819+0000] {logging_mixin.py:188} INFO - [2024-04-29T17:36:12.818+0000] {dag.py:3834} INFO - Setting next_dagrun for example_dag_decorator to None, run_after=None
[2024-04-29T17:36:12.851+0000] {processor.py:183} INFO - Processing /home/airflow/.local/lib/python3.8/site-packages/airflow/example_dags/example_dag_decorator.py took 0.309 seconds
[2024-04-29T17:36:43.130+0000] {processor.py:161} INFO - Started process (PID=3530) to work on /home/airflow/.local/lib/python3.8/site-packages/airflow/example_dags/example_dag_decorator.py
[2024-04-29T17:36:43.131+0000] {processor.py:830} INFO - Processing file /home/airflow/.local/lib/python3.8/site-packages/airflow/example_dags/example_dag_decorator.py for tasks to queue
[2024-04-29T17:36:43.132+0000] {logging_mixin.py:188} INFO - [2024-04-29T17:36:43.131+0000] {dagbag.py:540} INFO - Filling up the DagBag from /home/airflow/.local/lib/python3.8/site-packages/airflow/example_dags/example_dag_decorator.py
[2024-04-29T17:36:43.272+0000] {processor.py:840} INFO - DAG(s) 'example_dag_decorator' retrieved from /home/airflow/.local/lib/python3.8/site-packages/airflow/example_dags/example_dag_decorator.py
[2024-04-29T17:36:43.408+0000] {logging_mixin.py:188} INFO - [2024-04-29T17:36:43.407+0000] {dag.py:3047} INFO - Sync 1 DAGs
[2024-04-29T17:36:43.421+0000] {logging_mixin.py:188} INFO - [2024-04-29T17:36:43.421+0000] {dag.py:3834} INFO - Setting next_dagrun for example_dag_decorator to None, run_after=None
[2024-04-29T17:36:43.447+0000] {processor.py:183} INFO - Processing /home/airflow/.local/lib/python3.8/site-packages/airflow/example_dags/example_dag_decorator.py took 0.325 seconds
[2024-04-29T17:37:16.216+0000] {processor.py:161} INFO - Started process (PID=3830) to work on /home/airflow/.local/lib/python3.8/site-packages/airflow/example_dags/example_dag_decorator.py
[2024-04-29T17:37:16.223+0000] {processor.py:830} INFO - Processing file /home/airflow/.local/lib/python3.8/site-packages/airflow/example_dags/example_dag_decorator.py for tasks to queue
[2024-04-29T17:37:16.233+0000] {logging_mixin.py:188} INFO - [2024-04-29T17:37:16.232+0000] {dagbag.py:540} INFO - Filling up the DagBag from /home/airflow/.local/lib/python3.8/site-packages/airflow/example_dags/example_dag_decorator.py
[2024-04-29T17:37:16.754+0000] {processor.py:840} INFO - DAG(s) 'example_dag_decorator' retrieved from /home/airflow/.local/lib/python3.8/site-packages/airflow/example_dags/example_dag_decorator.py
[2024-04-29T17:37:17.214+0000] {logging_mixin.py:188} INFO - [2024-04-29T17:37:17.214+0000] {dag.py:3047} INFO - Sync 1 DAGs
[2024-04-29T17:37:17.272+0000] {logging_mixin.py:188} INFO - [2024-04-29T17:37:17.271+0000] {dag.py:3834} INFO - Setting next_dagrun for example_dag_decorator to None, run_after=None
[2024-04-29T17:37:17.420+0000] {processor.py:183} INFO - Processing /home/airflow/.local/lib/python3.8/site-packages/airflow/example_dags/example_dag_decorator.py took 1.228 seconds
[2024-04-29T17:37:47.830+0000] {processor.py:161} INFO - Started process (PID=4171) to work on /home/airflow/.local/lib/python3.8/site-packages/airflow/example_dags/example_dag_decorator.py
[2024-04-29T17:37:47.831+0000] {processor.py:830} INFO - Processing file /home/airflow/.local/lib/python3.8/site-packages/airflow/example_dags/example_dag_decorator.py for tasks to queue
[2024-04-29T17:37:47.832+0000] {logging_mixin.py:188} INFO - [2024-04-29T17:37:47.832+0000] {dagbag.py:540} INFO - Filling up the DagBag from /home/airflow/.local/lib/python3.8/site-packages/airflow/example_dags/example_dag_decorator.py
[2024-04-29T17:37:47.950+0000] {processor.py:840} INFO - DAG(s) 'example_dag_decorator' retrieved from /home/airflow/.local/lib/python3.8/site-packages/airflow/example_dags/example_dag_decorator.py
[2024-04-29T17:37:48.086+0000] {logging_mixin.py:188} INFO - [2024-04-29T17:37:48.086+0000] {dag.py:3047} INFO - Sync 1 DAGs
[2024-04-29T17:37:48.100+0000] {logging_mixin.py:188} INFO - [2024-04-29T17:37:48.100+0000] {dag.py:3834} INFO - Setting next_dagrun for example_dag_decorator to None, run_after=None
[2024-04-29T17:37:48.127+0000] {processor.py:183} INFO - Processing /home/airflow/.local/lib/python3.8/site-packages/airflow/example_dags/example_dag_decorator.py took 0.300 seconds
[2024-04-29T17:38:18.193+0000] {processor.py:161} INFO - Started process (PID=4427) to work on /home/airflow/.local/lib/python3.8/site-packages/airflow/example_dags/example_dag_decorator.py
[2024-04-29T17:38:18.194+0000] {processor.py:830} INFO - Processing file /home/airflow/.local/lib/python3.8/site-packages/airflow/example_dags/example_dag_decorator.py for tasks to queue
[2024-04-29T17:38:18.195+0000] {logging_mixin.py:188} INFO - [2024-04-29T17:38:18.195+0000] {dagbag.py:540} INFO - Filling up the DagBag from /home/airflow/.local/lib/python3.8/site-packages/airflow/example_dags/example_dag_decorator.py
[2024-04-29T17:38:18.369+0000] {processor.py:840} INFO - DAG(s) 'example_dag_decorator' retrieved from /home/airflow/.local/lib/python3.8/site-packages/airflow/example_dags/example_dag_decorator.py
[2024-04-29T17:38:18.593+0000] {logging_mixin.py:188} INFO - [2024-04-29T17:38:18.592+0000] {dag.py:3047} INFO - Sync 1 DAGs
[2024-04-29T17:38:18.605+0000] {logging_mixin.py:188} INFO - [2024-04-29T17:38:18.605+0000] {dag.py:3834} INFO - Setting next_dagrun for example_dag_decorator to None, run_after=None
[2024-04-29T17:38:18.627+0000] {processor.py:183} INFO - Processing /home/airflow/.local/lib/python3.8/site-packages/airflow/example_dags/example_dag_decorator.py took 0.437 seconds
[2024-04-29T17:38:49.381+0000] {processor.py:161} INFO - Started process (PID=4681) to work on /home/airflow/.local/lib/python3.8/site-packages/airflow/example_dags/example_dag_decorator.py
[2024-04-29T17:38:49.383+0000] {processor.py:830} INFO - Processing file /home/airflow/.local/lib/python3.8/site-packages/airflow/example_dags/example_dag_decorator.py for tasks to queue
[2024-04-29T17:38:49.384+0000] {logging_mixin.py:188} INFO - [2024-04-29T17:38:49.384+0000] {dagbag.py:540} INFO - Filling up the DagBag from /home/airflow/.local/lib/python3.8/site-packages/airflow/example_dags/example_dag_decorator.py
[2024-04-29T17:38:49.528+0000] {processor.py:840} INFO - DAG(s) 'example_dag_decorator' retrieved from /home/airflow/.local/lib/python3.8/site-packages/airflow/example_dags/example_dag_decorator.py
[2024-04-29T17:38:49.682+0000] {logging_mixin.py:188} INFO - [2024-04-29T17:38:49.682+0000] {dag.py:3047} INFO - Sync 1 DAGs
[2024-04-29T17:38:49.691+0000] {logging_mixin.py:188} INFO - [2024-04-29T17:38:49.690+0000] {dag.py:3834} INFO - Setting next_dagrun for example_dag_decorator to None, run_after=None
[2024-04-29T17:38:49.711+0000] {processor.py:183} INFO - Processing /home/airflow/.local/lib/python3.8/site-packages/airflow/example_dags/example_dag_decorator.py took 0.333 seconds
[2024-04-29T17:39:20.151+0000] {processor.py:161} INFO - Started process (PID=4928) to work on /home/airflow/.local/lib/python3.8/site-packages/airflow/example_dags/example_dag_decorator.py
[2024-04-29T17:39:20.152+0000] {processor.py:830} INFO - Processing file /home/airflow/.local/lib/python3.8/site-packages/airflow/example_dags/example_dag_decorator.py for tasks to queue
[2024-04-29T17:39:20.153+0000] {logging_mixin.py:188} INFO - [2024-04-29T17:39:20.152+0000] {dagbag.py:540} INFO - Filling up the DagBag from /home/airflow/.local/lib/python3.8/site-packages/airflow/example_dags/example_dag_decorator.py
[2024-04-29T17:39:20.288+0000] {processor.py:840} INFO - DAG(s) 'example_dag_decorator' retrieved from /home/airflow/.local/lib/python3.8/site-packages/airflow/example_dags/example_dag_decorator.py
[2024-04-29T17:39:20.417+0000] {logging_mixin.py:188} INFO - [2024-04-29T17:39:20.417+0000] {dag.py:3047} INFO - Sync 1 DAGs
[2024-04-29T17:39:20.430+0000] {logging_mixin.py:188} INFO - [2024-04-29T17:39:20.430+0000] {dag.py:3834} INFO - Setting next_dagrun for example_dag_decorator to None, run_after=None
[2024-04-29T17:39:20.456+0000] {processor.py:183} INFO - Processing /home/airflow/.local/lib/python3.8/site-packages/airflow/example_dags/example_dag_decorator.py took 0.309 seconds
[2024-04-29T17:39:50.927+0000] {processor.py:161} INFO - Started process (PID=5174) to work on /home/airflow/.local/lib/python3.8/site-packages/airflow/example_dags/example_dag_decorator.py
[2024-04-29T17:39:50.928+0000] {processor.py:830} INFO - Processing file /home/airflow/.local/lib/python3.8/site-packages/airflow/example_dags/example_dag_decorator.py for tasks to queue
[2024-04-29T17:39:50.928+0000] {logging_mixin.py:188} INFO - [2024-04-29T17:39:50.928+0000] {dagbag.py:540} INFO - Filling up the DagBag from /home/airflow/.local/lib/python3.8/site-packages/airflow/example_dags/example_dag_decorator.py
[2024-04-29T17:39:51.051+0000] {processor.py:840} INFO - DAG(s) 'example_dag_decorator' retrieved from /home/airflow/.local/lib/python3.8/site-packages/airflow/example_dags/example_dag_decorator.py
[2024-04-29T17:39:51.180+0000] {logging_mixin.py:188} INFO - [2024-04-29T17:39:51.180+0000] {dag.py:3047} INFO - Sync 1 DAGs
[2024-04-29T17:39:51.192+0000] {logging_mixin.py:188} INFO - [2024-04-29T17:39:51.192+0000] {dag.py:3834} INFO - Setting next_dagrun for example_dag_decorator to None, run_after=None
[2024-04-29T17:39:51.226+0000] {processor.py:183} INFO - Processing /home/airflow/.local/lib/python3.8/site-packages/airflow/example_dags/example_dag_decorator.py took 0.302 seconds
[2024-04-29T17:40:21.306+0000] {processor.py:161} INFO - Started process (PID=5421) to work on /home/airflow/.local/lib/python3.8/site-packages/airflow/example_dags/example_dag_decorator.py
[2024-04-29T17:40:21.307+0000] {processor.py:830} INFO - Processing file /home/airflow/.local/lib/python3.8/site-packages/airflow/example_dags/example_dag_decorator.py for tasks to queue
[2024-04-29T17:40:21.309+0000] {logging_mixin.py:188} INFO - [2024-04-29T17:40:21.308+0000] {dagbag.py:540} INFO - Filling up the DagBag from /home/airflow/.local/lib/python3.8/site-packages/airflow/example_dags/example_dag_decorator.py
[2024-04-29T17:40:21.435+0000] {processor.py:840} INFO - DAG(s) 'example_dag_decorator' retrieved from /home/airflow/.local/lib/python3.8/site-packages/airflow/example_dags/example_dag_decorator.py
[2024-04-29T17:40:21.684+0000] {logging_mixin.py:188} INFO - [2024-04-29T17:40:21.684+0000] {dag.py:3047} INFO - Sync 1 DAGs
[2024-04-29T17:40:21.707+0000] {logging_mixin.py:188} INFO - [2024-04-29T17:40:21.707+0000] {dag.py:3834} INFO - Setting next_dagrun for example_dag_decorator to None, run_after=None
[2024-04-29T17:40:21.741+0000] {processor.py:183} INFO - Processing /home/airflow/.local/lib/python3.8/site-packages/airflow/example_dags/example_dag_decorator.py took 0.438 seconds
[2024-04-29T17:40:51.889+0000] {processor.py:161} INFO - Started process (PID=5678) to work on /home/airflow/.local/lib/python3.8/site-packages/airflow/example_dags/example_dag_decorator.py
[2024-04-29T17:40:51.890+0000] {processor.py:830} INFO - Processing file /home/airflow/.local/lib/python3.8/site-packages/airflow/example_dags/example_dag_decorator.py for tasks to queue
[2024-04-29T17:40:51.891+0000] {logging_mixin.py:188} INFO - [2024-04-29T17:40:51.891+0000] {dagbag.py:540} INFO - Filling up the DagBag from /home/airflow/.local/lib/python3.8/site-packages/airflow/example_dags/example_dag_decorator.py
[2024-04-29T17:40:52.026+0000] {processor.py:840} INFO - DAG(s) 'example_dag_decorator' retrieved from /home/airflow/.local/lib/python3.8/site-packages/airflow/example_dags/example_dag_decorator.py
[2024-04-29T17:40:52.135+0000] {logging_mixin.py:188} INFO - [2024-04-29T17:40:52.135+0000] {dag.py:3047} INFO - Sync 1 DAGs
[2024-04-29T17:40:52.143+0000] {logging_mixin.py:188} INFO - [2024-04-29T17:40:52.143+0000] {dag.py:3834} INFO - Setting next_dagrun for example_dag_decorator to None, run_after=None
[2024-04-29T17:40:52.165+0000] {processor.py:183} INFO - Processing /home/airflow/.local/lib/python3.8/site-packages/airflow/example_dags/example_dag_decorator.py took 0.280 seconds
[2024-04-29T17:41:23.062+0000] {processor.py:161} INFO - Started process (PID=5925) to work on /home/airflow/.local/lib/python3.8/site-packages/airflow/example_dags/example_dag_decorator.py
[2024-04-29T17:41:23.063+0000] {processor.py:830} INFO - Processing file /home/airflow/.local/lib/python3.8/site-packages/airflow/example_dags/example_dag_decorator.py for tasks to queue
[2024-04-29T17:41:23.064+0000] {logging_mixin.py:188} INFO - [2024-04-29T17:41:23.064+0000] {dagbag.py:540} INFO - Filling up the DagBag from /home/airflow/.local/lib/python3.8/site-packages/airflow/example_dags/example_dag_decorator.py
[2024-04-29T17:41:23.204+0000] {processor.py:840} INFO - DAG(s) 'example_dag_decorator' retrieved from /home/airflow/.local/lib/python3.8/site-packages/airflow/example_dags/example_dag_decorator.py
[2024-04-29T17:41:23.403+0000] {logging_mixin.py:188} INFO - [2024-04-29T17:41:23.403+0000] {dag.py:3047} INFO - Sync 1 DAGs
[2024-04-29T17:41:23.417+0000] {logging_mixin.py:188} INFO - [2024-04-29T17:41:23.417+0000] {dag.py:3834} INFO - Setting next_dagrun for example_dag_decorator to None, run_after=None
[2024-04-29T17:41:23.441+0000] {processor.py:183} INFO - Processing /home/airflow/.local/lib/python3.8/site-packages/airflow/example_dags/example_dag_decorator.py took 0.384 seconds
[2024-04-29T17:41:53.482+0000] {processor.py:161} INFO - Started process (PID=6177) to work on /home/airflow/.local/lib/python3.8/site-packages/airflow/example_dags/example_dag_decorator.py
[2024-04-29T17:41:53.483+0000] {processor.py:830} INFO - Processing file /home/airflow/.local/lib/python3.8/site-packages/airflow/example_dags/example_dag_decorator.py for tasks to queue
[2024-04-29T17:41:53.484+0000] {logging_mixin.py:188} INFO - [2024-04-29T17:41:53.484+0000] {dagbag.py:540} INFO - Filling up the DagBag from /home/airflow/.local/lib/python3.8/site-packages/airflow/example_dags/example_dag_decorator.py
[2024-04-29T17:41:53.605+0000] {processor.py:840} INFO - DAG(s) 'example_dag_decorator' retrieved from /home/airflow/.local/lib/python3.8/site-packages/airflow/example_dags/example_dag_decorator.py
[2024-04-29T17:41:53.714+0000] {logging_mixin.py:188} INFO - [2024-04-29T17:41:53.714+0000] {dag.py:3047} INFO - Sync 1 DAGs
[2024-04-29T17:41:53.722+0000] {logging_mixin.py:188} INFO - [2024-04-29T17:41:53.722+0000] {dag.py:3834} INFO - Setting next_dagrun for example_dag_decorator to None, run_after=None
[2024-04-29T17:41:53.744+0000] {processor.py:183} INFO - Processing /home/airflow/.local/lib/python3.8/site-packages/airflow/example_dags/example_dag_decorator.py took 0.265 seconds
[2024-04-29T17:42:23.871+0000] {processor.py:161} INFO - Started process (PID=6429) to work on /home/airflow/.local/lib/python3.8/site-packages/airflow/example_dags/example_dag_decorator.py
[2024-04-29T17:42:23.872+0000] {processor.py:830} INFO - Processing file /home/airflow/.local/lib/python3.8/site-packages/airflow/example_dags/example_dag_decorator.py for tasks to queue
[2024-04-29T17:42:23.873+0000] {logging_mixin.py:188} INFO - [2024-04-29T17:42:23.873+0000] {dagbag.py:540} INFO - Filling up the DagBag from /home/airflow/.local/lib/python3.8/site-packages/airflow/example_dags/example_dag_decorator.py
[2024-04-29T17:42:23.990+0000] {processor.py:840} INFO - DAG(s) 'example_dag_decorator' retrieved from /home/airflow/.local/lib/python3.8/site-packages/airflow/example_dags/example_dag_decorator.py
[2024-04-29T17:42:24.163+0000] {logging_mixin.py:188} INFO - [2024-04-29T17:42:24.163+0000] {dag.py:3047} INFO - Sync 1 DAGs
[2024-04-29T17:42:24.176+0000] {logging_mixin.py:188} INFO - [2024-04-29T17:42:24.176+0000] {dag.py:3834} INFO - Setting next_dagrun for example_dag_decorator to None, run_after=None
[2024-04-29T17:42:24.205+0000] {processor.py:183} INFO - Processing /home/airflow/.local/lib/python3.8/site-packages/airflow/example_dags/example_dag_decorator.py took 0.338 seconds
[2024-04-29T17:42:55.211+0000] {processor.py:161} INFO - Started process (PID=6676) to work on /home/airflow/.local/lib/python3.8/site-packages/airflow/example_dags/example_dag_decorator.py
[2024-04-29T17:42:55.213+0000] {processor.py:830} INFO - Processing file /home/airflow/.local/lib/python3.8/site-packages/airflow/example_dags/example_dag_decorator.py for tasks to queue
[2024-04-29T17:42:55.214+0000] {logging_mixin.py:188} INFO - [2024-04-29T17:42:55.213+0000] {dagbag.py:540} INFO - Filling up the DagBag from /home/airflow/.local/lib/python3.8/site-packages/airflow/example_dags/example_dag_decorator.py
[2024-04-29T17:42:55.361+0000] {processor.py:840} INFO - DAG(s) 'example_dag_decorator' retrieved from /home/airflow/.local/lib/python3.8/site-packages/airflow/example_dags/example_dag_decorator.py
[2024-04-29T17:42:55.507+0000] {logging_mixin.py:188} INFO - [2024-04-29T17:42:55.506+0000] {dag.py:3047} INFO - Sync 1 DAGs
[2024-04-29T17:42:55.519+0000] {logging_mixin.py:188} INFO - [2024-04-29T17:42:55.519+0000] {dag.py:3834} INFO - Setting next_dagrun for example_dag_decorator to None, run_after=None
[2024-04-29T17:42:55.544+0000] {processor.py:183} INFO - Processing /home/airflow/.local/lib/python3.8/site-packages/airflow/example_dags/example_dag_decorator.py took 0.337 seconds
[2024-04-29T17:43:25.585+0000] {processor.py:161} INFO - Started process (PID=6923) to work on /home/airflow/.local/lib/python3.8/site-packages/airflow/example_dags/example_dag_decorator.py
[2024-04-29T17:43:25.586+0000] {processor.py:830} INFO - Processing file /home/airflow/.local/lib/python3.8/site-packages/airflow/example_dags/example_dag_decorator.py for tasks to queue
[2024-04-29T17:43:25.587+0000] {logging_mixin.py:188} INFO - [2024-04-29T17:43:25.587+0000] {dagbag.py:540} INFO - Filling up the DagBag from /home/airflow/.local/lib/python3.8/site-packages/airflow/example_dags/example_dag_decorator.py
[2024-04-29T17:43:25.788+0000] {processor.py:840} INFO - DAG(s) 'example_dag_decorator' retrieved from /home/airflow/.local/lib/python3.8/site-packages/airflow/example_dags/example_dag_decorator.py
[2024-04-29T17:43:25.818+0000] {logging_mixin.py:188} INFO - [2024-04-29T17:43:25.818+0000] {dag.py:3047} INFO - Sync 1 DAGs
[2024-04-29T17:43:25.833+0000] {logging_mixin.py:188} INFO - [2024-04-29T17:43:25.833+0000] {dag.py:3834} INFO - Setting next_dagrun for example_dag_decorator to None, run_after=None
[2024-04-29T17:43:25.859+0000] {processor.py:183} INFO - Processing /home/airflow/.local/lib/python3.8/site-packages/airflow/example_dags/example_dag_decorator.py took 0.278 seconds
[2024-04-29T17:43:56.549+0000] {processor.py:161} INFO - Started process (PID=7170) to work on /home/airflow/.local/lib/python3.8/site-packages/airflow/example_dags/example_dag_decorator.py
[2024-04-29T17:43:56.550+0000] {processor.py:830} INFO - Processing file /home/airflow/.local/lib/python3.8/site-packages/airflow/example_dags/example_dag_decorator.py for tasks to queue
[2024-04-29T17:43:56.551+0000] {logging_mixin.py:188} INFO - [2024-04-29T17:43:56.551+0000] {dagbag.py:540} INFO - Filling up the DagBag from /home/airflow/.local/lib/python3.8/site-packages/airflow/example_dags/example_dag_decorator.py
[2024-04-29T17:43:56.676+0000] {processor.py:840} INFO - DAG(s) 'example_dag_decorator' retrieved from /home/airflow/.local/lib/python3.8/site-packages/airflow/example_dags/example_dag_decorator.py
[2024-04-29T17:43:56.710+0000] {logging_mixin.py:188} INFO - [2024-04-29T17:43:56.709+0000] {dag.py:3047} INFO - Sync 1 DAGs
[2024-04-29T17:43:56.743+0000] {logging_mixin.py:188} INFO - [2024-04-29T17:43:56.743+0000] {dag.py:3834} INFO - Setting next_dagrun for example_dag_decorator to None, run_after=None
[2024-04-29T17:43:56.795+0000] {processor.py:183} INFO - Processing /home/airflow/.local/lib/python3.8/site-packages/airflow/example_dags/example_dag_decorator.py took 0.249 seconds
[2024-04-29T17:44:27.141+0000] {processor.py:161} INFO - Started process (PID=7417) to work on /home/airflow/.local/lib/python3.8/site-packages/airflow/example_dags/example_dag_decorator.py
[2024-04-29T17:44:27.142+0000] {processor.py:830} INFO - Processing file /home/airflow/.local/lib/python3.8/site-packages/airflow/example_dags/example_dag_decorator.py for tasks to queue
[2024-04-29T17:44:27.143+0000] {logging_mixin.py:188} INFO - [2024-04-29T17:44:27.143+0000] {dagbag.py:540} INFO - Filling up the DagBag from /home/airflow/.local/lib/python3.8/site-packages/airflow/example_dags/example_dag_decorator.py
[2024-04-29T17:44:27.265+0000] {processor.py:840} INFO - DAG(s) 'example_dag_decorator' retrieved from /home/airflow/.local/lib/python3.8/site-packages/airflow/example_dags/example_dag_decorator.py
[2024-04-29T17:44:27.291+0000] {logging_mixin.py:188} INFO - [2024-04-29T17:44:27.290+0000] {dag.py:3047} INFO - Sync 1 DAGs
[2024-04-29T17:44:27.306+0000] {logging_mixin.py:188} INFO - [2024-04-29T17:44:27.306+0000] {dag.py:3834} INFO - Setting next_dagrun for example_dag_decorator to None, run_after=None
[2024-04-29T17:44:27.333+0000] {processor.py:183} INFO - Processing /home/airflow/.local/lib/python3.8/site-packages/airflow/example_dags/example_dag_decorator.py took 0.196 seconds
[2024-04-29T17:44:57.635+0000] {processor.py:161} INFO - Started process (PID=7664) to work on /home/airflow/.local/lib/python3.8/site-packages/airflow/example_dags/example_dag_decorator.py
[2024-04-29T17:44:57.636+0000] {processor.py:830} INFO - Processing file /home/airflow/.local/lib/python3.8/site-packages/airflow/example_dags/example_dag_decorator.py for tasks to queue
[2024-04-29T17:44:57.637+0000] {logging_mixin.py:188} INFO - [2024-04-29T17:44:57.637+0000] {dagbag.py:540} INFO - Filling up the DagBag from /home/airflow/.local/lib/python3.8/site-packages/airflow/example_dags/example_dag_decorator.py
[2024-04-29T17:44:57.786+0000] {processor.py:840} INFO - DAG(s) 'example_dag_decorator' retrieved from /home/airflow/.local/lib/python3.8/site-packages/airflow/example_dags/example_dag_decorator.py
[2024-04-29T17:44:57.815+0000] {logging_mixin.py:188} INFO - [2024-04-29T17:44:57.815+0000] {dag.py:3047} INFO - Sync 1 DAGs
[2024-04-29T17:44:57.830+0000] {logging_mixin.py:188} INFO - [2024-04-29T17:44:57.830+0000] {dag.py:3834} INFO - Setting next_dagrun for example_dag_decorator to None, run_after=None
[2024-04-29T17:44:57.855+0000] {processor.py:183} INFO - Processing /home/airflow/.local/lib/python3.8/site-packages/airflow/example_dags/example_dag_decorator.py took 0.223 seconds
[2024-04-29T17:45:28.056+0000] {processor.py:161} INFO - Started process (PID=7912) to work on /home/airflow/.local/lib/python3.8/site-packages/airflow/example_dags/example_dag_decorator.py
[2024-04-29T17:45:28.057+0000] {processor.py:830} INFO - Processing file /home/airflow/.local/lib/python3.8/site-packages/airflow/example_dags/example_dag_decorator.py for tasks to queue
[2024-04-29T17:45:28.058+0000] {logging_mixin.py:188} INFO - [2024-04-29T17:45:28.058+0000] {dagbag.py:540} INFO - Filling up the DagBag from /home/airflow/.local/lib/python3.8/site-packages/airflow/example_dags/example_dag_decorator.py
[2024-04-29T17:45:28.181+0000] {processor.py:840} INFO - DAG(s) 'example_dag_decorator' retrieved from /home/airflow/.local/lib/python3.8/site-packages/airflow/example_dags/example_dag_decorator.py
[2024-04-29T17:45:28.210+0000] {logging_mixin.py:188} INFO - [2024-04-29T17:45:28.209+0000] {dag.py:3047} INFO - Sync 1 DAGs
[2024-04-29T17:45:28.226+0000] {logging_mixin.py:188} INFO - [2024-04-29T17:45:28.225+0000] {dag.py:3834} INFO - Setting next_dagrun for example_dag_decorator to None, run_after=None
[2024-04-29T17:45:28.251+0000] {processor.py:183} INFO - Processing /home/airflow/.local/lib/python3.8/site-packages/airflow/example_dags/example_dag_decorator.py took 0.198 seconds
[2024-04-29T17:45:58.405+0000] {processor.py:161} INFO - Started process (PID=8160) to work on /home/airflow/.local/lib/python3.8/site-packages/airflow/example_dags/example_dag_decorator.py
[2024-04-29T17:45:58.406+0000] {processor.py:830} INFO - Processing file /home/airflow/.local/lib/python3.8/site-packages/airflow/example_dags/example_dag_decorator.py for tasks to queue
[2024-04-29T17:45:58.407+0000] {logging_mixin.py:188} INFO - [2024-04-29T17:45:58.406+0000] {dagbag.py:540} INFO - Filling up the DagBag from /home/airflow/.local/lib/python3.8/site-packages/airflow/example_dags/example_dag_decorator.py
[2024-04-29T17:45:58.529+0000] {processor.py:840} INFO - DAG(s) 'example_dag_decorator' retrieved from /home/airflow/.local/lib/python3.8/site-packages/airflow/example_dags/example_dag_decorator.py
[2024-04-29T17:45:58.558+0000] {logging_mixin.py:188} INFO - [2024-04-29T17:45:58.558+0000] {dag.py:3047} INFO - Sync 1 DAGs
[2024-04-29T17:45:58.571+0000] {logging_mixin.py:188} INFO - [2024-04-29T17:45:58.571+0000] {dag.py:3834} INFO - Setting next_dagrun for example_dag_decorator to None, run_after=None
[2024-04-29T17:45:58.595+0000] {processor.py:183} INFO - Processing /home/airflow/.local/lib/python3.8/site-packages/airflow/example_dags/example_dag_decorator.py took 0.193 seconds
[2024-04-29T17:46:28.670+0000] {processor.py:161} INFO - Started process (PID=8408) to work on /home/airflow/.local/lib/python3.8/site-packages/airflow/example_dags/example_dag_decorator.py
[2024-04-29T17:46:28.671+0000] {processor.py:830} INFO - Processing file /home/airflow/.local/lib/python3.8/site-packages/airflow/example_dags/example_dag_decorator.py for tasks to queue
[2024-04-29T17:46:28.672+0000] {logging_mixin.py:188} INFO - [2024-04-29T17:46:28.672+0000] {dagbag.py:540} INFO - Filling up the DagBag from /home/airflow/.local/lib/python3.8/site-packages/airflow/example_dags/example_dag_decorator.py
[2024-04-29T17:46:28.799+0000] {processor.py:840} INFO - DAG(s) 'example_dag_decorator' retrieved from /home/airflow/.local/lib/python3.8/site-packages/airflow/example_dags/example_dag_decorator.py
[2024-04-29T17:46:28.827+0000] {logging_mixin.py:188} INFO - [2024-04-29T17:46:28.826+0000] {dag.py:3047} INFO - Sync 1 DAGs
[2024-04-29T17:46:28.843+0000] {logging_mixin.py:188} INFO - [2024-04-29T17:46:28.842+0000] {dag.py:3834} INFO - Setting next_dagrun for example_dag_decorator to None, run_after=None
[2024-04-29T17:46:28.866+0000] {processor.py:183} INFO - Processing /home/airflow/.local/lib/python3.8/site-packages/airflow/example_dags/example_dag_decorator.py took 0.200 seconds
[2024-04-29T17:46:59.307+0000] {processor.py:161} INFO - Started process (PID=8655) to work on /home/airflow/.local/lib/python3.8/site-packages/airflow/example_dags/example_dag_decorator.py
[2024-04-29T17:46:59.308+0000] {processor.py:830} INFO - Processing file /home/airflow/.local/lib/python3.8/site-packages/airflow/example_dags/example_dag_decorator.py for tasks to queue
[2024-04-29T17:46:59.309+0000] {logging_mixin.py:188} INFO - [2024-04-29T17:46:59.309+0000] {dagbag.py:540} INFO - Filling up the DagBag from /home/airflow/.local/lib/python3.8/site-packages/airflow/example_dags/example_dag_decorator.py
[2024-04-29T17:46:59.435+0000] {processor.py:840} INFO - DAG(s) 'example_dag_decorator' retrieved from /home/airflow/.local/lib/python3.8/site-packages/airflow/example_dags/example_dag_decorator.py
[2024-04-29T17:46:59.466+0000] {logging_mixin.py:188} INFO - [2024-04-29T17:46:59.465+0000] {dag.py:3047} INFO - Sync 1 DAGs
[2024-04-29T17:46:59.477+0000] {logging_mixin.py:188} INFO - [2024-04-29T17:46:59.477+0000] {dag.py:3834} INFO - Setting next_dagrun for example_dag_decorator to None, run_after=None
[2024-04-29T17:46:59.497+0000] {processor.py:183} INFO - Processing /home/airflow/.local/lib/python3.8/site-packages/airflow/example_dags/example_dag_decorator.py took 0.193 seconds
[2024-04-29T17:47:29.718+0000] {processor.py:161} INFO - Started process (PID=8903) to work on /home/airflow/.local/lib/python3.8/site-packages/airflow/example_dags/example_dag_decorator.py
[2024-04-29T17:47:29.719+0000] {processor.py:830} INFO - Processing file /home/airflow/.local/lib/python3.8/site-packages/airflow/example_dags/example_dag_decorator.py for tasks to queue
[2024-04-29T17:47:29.720+0000] {logging_mixin.py:188} INFO - [2024-04-29T17:47:29.719+0000] {dagbag.py:540} INFO - Filling up the DagBag from /home/airflow/.local/lib/python3.8/site-packages/airflow/example_dags/example_dag_decorator.py
[2024-04-29T17:47:29.847+0000] {processor.py:840} INFO - DAG(s) 'example_dag_decorator' retrieved from /home/airflow/.local/lib/python3.8/site-packages/airflow/example_dags/example_dag_decorator.py
[2024-04-29T17:47:29.873+0000] {logging_mixin.py:188} INFO - [2024-04-29T17:47:29.873+0000] {dag.py:3047} INFO - Sync 1 DAGs
[2024-04-29T17:47:29.887+0000] {logging_mixin.py:188} INFO - [2024-04-29T17:47:29.887+0000] {dag.py:3834} INFO - Setting next_dagrun for example_dag_decorator to None, run_after=None
[2024-04-29T17:47:29.914+0000] {processor.py:183} INFO - Processing /home/airflow/.local/lib/python3.8/site-packages/airflow/example_dags/example_dag_decorator.py took 0.201 seconds
[2024-04-29T17:48:00.127+0000] {processor.py:161} INFO - Started process (PID=9151) to work on /home/airflow/.local/lib/python3.8/site-packages/airflow/example_dags/example_dag_decorator.py
[2024-04-29T17:48:00.128+0000] {processor.py:830} INFO - Processing file /home/airflow/.local/lib/python3.8/site-packages/airflow/example_dags/example_dag_decorator.py for tasks to queue
[2024-04-29T17:48:00.129+0000] {logging_mixin.py:188} INFO - [2024-04-29T17:48:00.128+0000] {dagbag.py:540} INFO - Filling up the DagBag from /home/airflow/.local/lib/python3.8/site-packages/airflow/example_dags/example_dag_decorator.py
[2024-04-29T17:48:00.254+0000] {processor.py:840} INFO - DAG(s) 'example_dag_decorator' retrieved from /home/airflow/.local/lib/python3.8/site-packages/airflow/example_dags/example_dag_decorator.py
[2024-04-29T17:48:00.284+0000] {logging_mixin.py:188} INFO - [2024-04-29T17:48:00.284+0000] {dag.py:3047} INFO - Sync 1 DAGs
[2024-04-29T17:48:00.299+0000] {logging_mixin.py:188} INFO - [2024-04-29T17:48:00.299+0000] {dag.py:3834} INFO - Setting next_dagrun for example_dag_decorator to None, run_after=None
[2024-04-29T17:48:00.325+0000] {processor.py:183} INFO - Processing /home/airflow/.local/lib/python3.8/site-packages/airflow/example_dags/example_dag_decorator.py took 0.201 seconds
[2024-04-29T17:48:30.488+0000] {processor.py:161} INFO - Started process (PID=9398) to work on /home/airflow/.local/lib/python3.8/site-packages/airflow/example_dags/example_dag_decorator.py
[2024-04-29T17:48:30.489+0000] {processor.py:830} INFO - Processing file /home/airflow/.local/lib/python3.8/site-packages/airflow/example_dags/example_dag_decorator.py for tasks to queue
[2024-04-29T17:48:30.491+0000] {logging_mixin.py:188} INFO - [2024-04-29T17:48:30.490+0000] {dagbag.py:540} INFO - Filling up the DagBag from /home/airflow/.local/lib/python3.8/site-packages/airflow/example_dags/example_dag_decorator.py
[2024-04-29T17:48:30.606+0000] {processor.py:840} INFO - DAG(s) 'example_dag_decorator' retrieved from /home/airflow/.local/lib/python3.8/site-packages/airflow/example_dags/example_dag_decorator.py
[2024-04-29T17:48:30.736+0000] {logging_mixin.py:188} INFO - [2024-04-29T17:48:30.736+0000] {dag.py:3047} INFO - Sync 1 DAGs
[2024-04-29T17:48:30.749+0000] {logging_mixin.py:188} INFO - [2024-04-29T17:48:30.749+0000] {dag.py:3834} INFO - Setting next_dagrun for example_dag_decorator to None, run_after=None
[2024-04-29T17:48:30.776+0000] {processor.py:183} INFO - Processing /home/airflow/.local/lib/python3.8/site-packages/airflow/example_dags/example_dag_decorator.py took 0.291 seconds
[2024-04-29T17:49:00.856+0000] {processor.py:161} INFO - Started process (PID=9646) to work on /home/airflow/.local/lib/python3.8/site-packages/airflow/example_dags/example_dag_decorator.py
[2024-04-29T17:49:00.867+0000] {processor.py:830} INFO - Processing file /home/airflow/.local/lib/python3.8/site-packages/airflow/example_dags/example_dag_decorator.py for tasks to queue
[2024-04-29T17:49:00.869+0000] {logging_mixin.py:188} INFO - [2024-04-29T17:49:00.869+0000] {dagbag.py:540} INFO - Filling up the DagBag from /home/airflow/.local/lib/python3.8/site-packages/airflow/example_dags/example_dag_decorator.py
[2024-04-29T17:49:01.023+0000] {processor.py:840} INFO - DAG(s) 'example_dag_decorator' retrieved from /home/airflow/.local/lib/python3.8/site-packages/airflow/example_dags/example_dag_decorator.py
[2024-04-29T17:49:01.159+0000] {logging_mixin.py:188} INFO - [2024-04-29T17:49:01.159+0000] {dag.py:3047} INFO - Sync 1 DAGs
[2024-04-29T17:49:01.173+0000] {logging_mixin.py:188} INFO - [2024-04-29T17:49:01.173+0000] {dag.py:3834} INFO - Setting next_dagrun for example_dag_decorator to None, run_after=None
[2024-04-29T17:49:01.200+0000] {processor.py:183} INFO - Processing /home/airflow/.local/lib/python3.8/site-packages/airflow/example_dags/example_dag_decorator.py took 0.347 seconds
[2024-04-29T17:49:32.012+0000] {processor.py:161} INFO - Started process (PID=9894) to work on /home/airflow/.local/lib/python3.8/site-packages/airflow/example_dags/example_dag_decorator.py
[2024-04-29T17:49:32.022+0000] {processor.py:830} INFO - Processing file /home/airflow/.local/lib/python3.8/site-packages/airflow/example_dags/example_dag_decorator.py for tasks to queue
[2024-04-29T17:49:32.028+0000] {logging_mixin.py:188} INFO - [2024-04-29T17:49:32.025+0000] {dagbag.py:540} INFO - Filling up the DagBag from /home/airflow/.local/lib/python3.8/site-packages/airflow/example_dags/example_dag_decorator.py
[2024-04-29T17:49:32.180+0000] {processor.py:840} INFO - DAG(s) 'example_dag_decorator' retrieved from /home/airflow/.local/lib/python3.8/site-packages/airflow/example_dags/example_dag_decorator.py
[2024-04-29T17:49:32.311+0000] {logging_mixin.py:188} INFO - [2024-04-29T17:49:32.311+0000] {dag.py:3047} INFO - Sync 1 DAGs
[2024-04-29T17:49:32.324+0000] {logging_mixin.py:188} INFO - [2024-04-29T17:49:32.324+0000] {dag.py:3834} INFO - Setting next_dagrun for example_dag_decorator to None, run_after=None
[2024-04-29T17:49:32.351+0000] {processor.py:183} INFO - Processing /home/airflow/.local/lib/python3.8/site-packages/airflow/example_dags/example_dag_decorator.py took 0.357 seconds
[2024-04-29T17:50:02.546+0000] {processor.py:161} INFO - Started process (PID=10155) to work on /home/airflow/.local/lib/python3.8/site-packages/airflow/example_dags/example_dag_decorator.py
[2024-04-29T17:50:02.547+0000] {processor.py:830} INFO - Processing file /home/airflow/.local/lib/python3.8/site-packages/airflow/example_dags/example_dag_decorator.py for tasks to queue
[2024-04-29T17:50:02.548+0000] {logging_mixin.py:188} INFO - [2024-04-29T17:50:02.548+0000] {dagbag.py:540} INFO - Filling up the DagBag from /home/airflow/.local/lib/python3.8/site-packages/airflow/example_dags/example_dag_decorator.py
[2024-04-29T17:50:02.676+0000] {processor.py:840} INFO - DAG(s) 'example_dag_decorator' retrieved from /home/airflow/.local/lib/python3.8/site-packages/airflow/example_dags/example_dag_decorator.py
[2024-04-29T17:50:02.823+0000] {logging_mixin.py:188} INFO - [2024-04-29T17:50:02.823+0000] {dag.py:3047} INFO - Sync 1 DAGs
[2024-04-29T17:50:02.833+0000] {logging_mixin.py:188} INFO - [2024-04-29T17:50:02.833+0000] {dag.py:3834} INFO - Setting next_dagrun for example_dag_decorator to None, run_after=None
[2024-04-29T17:50:02.861+0000] {processor.py:183} INFO - Processing /home/airflow/.local/lib/python3.8/site-packages/airflow/example_dags/example_dag_decorator.py took 0.319 seconds
[2024-04-29T17:50:33.664+0000] {processor.py:161} INFO - Started process (PID=10439) to work on /home/airflow/.local/lib/python3.8/site-packages/airflow/example_dags/example_dag_decorator.py
[2024-04-29T17:50:33.665+0000] {processor.py:830} INFO - Processing file /home/airflow/.local/lib/python3.8/site-packages/airflow/example_dags/example_dag_decorator.py for tasks to queue
[2024-04-29T17:50:33.666+0000] {logging_mixin.py:188} INFO - [2024-04-29T17:50:33.666+0000] {dagbag.py:540} INFO - Filling up the DagBag from /home/airflow/.local/lib/python3.8/site-packages/airflow/example_dags/example_dag_decorator.py
[2024-04-29T17:50:33.805+0000] {processor.py:840} INFO - DAG(s) 'example_dag_decorator' retrieved from /home/airflow/.local/lib/python3.8/site-packages/airflow/example_dags/example_dag_decorator.py
[2024-04-29T17:50:33.942+0000] {logging_mixin.py:188} INFO - [2024-04-29T17:50:33.942+0000] {dag.py:3047} INFO - Sync 1 DAGs
[2024-04-29T17:50:33.954+0000] {logging_mixin.py:188} INFO - [2024-04-29T17:50:33.954+0000] {dag.py:3834} INFO - Setting next_dagrun for example_dag_decorator to None, run_after=None
[2024-04-29T17:50:33.980+0000] {processor.py:183} INFO - Processing /home/airflow/.local/lib/python3.8/site-packages/airflow/example_dags/example_dag_decorator.py took 0.320 seconds
[2024-04-29T17:51:04.561+0000] {processor.py:161} INFO - Started process (PID=10721) to work on /home/airflow/.local/lib/python3.8/site-packages/airflow/example_dags/example_dag_decorator.py
[2024-04-29T17:51:04.563+0000] {processor.py:830} INFO - Processing file /home/airflow/.local/lib/python3.8/site-packages/airflow/example_dags/example_dag_decorator.py for tasks to queue
[2024-04-29T17:51:04.564+0000] {logging_mixin.py:188} INFO - [2024-04-29T17:51:04.563+0000] {dagbag.py:540} INFO - Filling up the DagBag from /home/airflow/.local/lib/python3.8/site-packages/airflow/example_dags/example_dag_decorator.py
[2024-04-29T17:51:04.685+0000] {processor.py:840} INFO - DAG(s) 'example_dag_decorator' retrieved from /home/airflow/.local/lib/python3.8/site-packages/airflow/example_dags/example_dag_decorator.py
[2024-04-29T17:51:04.848+0000] {logging_mixin.py:188} INFO - [2024-04-29T17:51:04.848+0000] {dag.py:3047} INFO - Sync 1 DAGs
[2024-04-29T17:51:04.861+0000] {logging_mixin.py:188} INFO - [2024-04-29T17:51:04.860+0000] {dag.py:3834} INFO - Setting next_dagrun for example_dag_decorator to None, run_after=None
[2024-04-29T17:51:04.886+0000] {processor.py:183} INFO - Processing /home/airflow/.local/lib/python3.8/site-packages/airflow/example_dags/example_dag_decorator.py took 0.328 seconds
[2024-04-29T17:51:35.312+0000] {processor.py:161} INFO - Started process (PID=10999) to work on /home/airflow/.local/lib/python3.8/site-packages/airflow/example_dags/example_dag_decorator.py
[2024-04-29T17:51:35.314+0000] {processor.py:830} INFO - Processing file /home/airflow/.local/lib/python3.8/site-packages/airflow/example_dags/example_dag_decorator.py for tasks to queue
[2024-04-29T17:51:35.315+0000] {logging_mixin.py:188} INFO - [2024-04-29T17:51:35.314+0000] {dagbag.py:540} INFO - Filling up the DagBag from /home/airflow/.local/lib/python3.8/site-packages/airflow/example_dags/example_dag_decorator.py
[2024-04-29T17:51:35.432+0000] {processor.py:840} INFO - DAG(s) 'example_dag_decorator' retrieved from /home/airflow/.local/lib/python3.8/site-packages/airflow/example_dags/example_dag_decorator.py
[2024-04-29T17:51:35.459+0000] {logging_mixin.py:188} INFO - [2024-04-29T17:51:35.458+0000] {dag.py:3047} INFO - Sync 1 DAGs
[2024-04-29T17:51:35.475+0000] {logging_mixin.py:188} INFO - [2024-04-29T17:51:35.474+0000] {dag.py:3834} INFO - Setting next_dagrun for example_dag_decorator to None, run_after=None
[2024-04-29T17:51:35.500+0000] {processor.py:183} INFO - Processing /home/airflow/.local/lib/python3.8/site-packages/airflow/example_dags/example_dag_decorator.py took 0.192 seconds
[2024-04-29T17:52:06.001+0000] {processor.py:161} INFO - Started process (PID=11270) to work on /home/airflow/.local/lib/python3.8/site-packages/airflow/example_dags/example_dag_decorator.py
[2024-04-29T17:52:06.002+0000] {processor.py:830} INFO - Processing file /home/airflow/.local/lib/python3.8/site-packages/airflow/example_dags/example_dag_decorator.py for tasks to queue
[2024-04-29T17:52:06.004+0000] {logging_mixin.py:188} INFO - [2024-04-29T17:52:06.004+0000] {dagbag.py:540} INFO - Filling up the DagBag from /home/airflow/.local/lib/python3.8/site-packages/airflow/example_dags/example_dag_decorator.py
[2024-04-29T17:52:06.131+0000] {processor.py:840} INFO - DAG(s) 'example_dag_decorator' retrieved from /home/airflow/.local/lib/python3.8/site-packages/airflow/example_dags/example_dag_decorator.py
[2024-04-29T17:52:06.276+0000] {logging_mixin.py:188} INFO - [2024-04-29T17:52:06.276+0000] {dag.py:3047} INFO - Sync 1 DAGs
[2024-04-29T17:52:06.288+0000] {logging_mixin.py:188} INFO - [2024-04-29T17:52:06.288+0000] {dag.py:3834} INFO - Setting next_dagrun for example_dag_decorator to None, run_after=None
[2024-04-29T17:52:06.314+0000] {processor.py:183} INFO - Processing /home/airflow/.local/lib/python3.8/site-packages/airflow/example_dags/example_dag_decorator.py took 0.316 seconds
[2024-04-29T17:52:36.765+0000] {processor.py:161} INFO - Started process (PID=11544) to work on /home/airflow/.local/lib/python3.8/site-packages/airflow/example_dags/example_dag_decorator.py
[2024-04-29T17:52:36.766+0000] {processor.py:830} INFO - Processing file /home/airflow/.local/lib/python3.8/site-packages/airflow/example_dags/example_dag_decorator.py for tasks to queue
[2024-04-29T17:52:36.767+0000] {logging_mixin.py:188} INFO - [2024-04-29T17:52:36.767+0000] {dagbag.py:540} INFO - Filling up the DagBag from /home/airflow/.local/lib/python3.8/site-packages/airflow/example_dags/example_dag_decorator.py
[2024-04-29T17:52:36.885+0000] {processor.py:840} INFO - DAG(s) 'example_dag_decorator' retrieved from /home/airflow/.local/lib/python3.8/site-packages/airflow/example_dags/example_dag_decorator.py
[2024-04-29T17:52:37.016+0000] {logging_mixin.py:188} INFO - [2024-04-29T17:52:37.016+0000] {dag.py:3047} INFO - Sync 1 DAGs
[2024-04-29T17:52:37.028+0000] {logging_mixin.py:188} INFO - [2024-04-29T17:52:37.028+0000] {dag.py:3834} INFO - Setting next_dagrun for example_dag_decorator to None, run_after=None
[2024-04-29T17:52:37.055+0000] {processor.py:183} INFO - Processing /home/airflow/.local/lib/python3.8/site-packages/airflow/example_dags/example_dag_decorator.py took 0.293 seconds
[2024-04-29T17:53:07.134+0000] {processor.py:161} INFO - Started process (PID=11824) to work on /home/airflow/.local/lib/python3.8/site-packages/airflow/example_dags/example_dag_decorator.py
[2024-04-29T17:53:07.135+0000] {processor.py:830} INFO - Processing file /home/airflow/.local/lib/python3.8/site-packages/airflow/example_dags/example_dag_decorator.py for tasks to queue
[2024-04-29T17:53:07.136+0000] {logging_mixin.py:188} INFO - [2024-04-29T17:53:07.136+0000] {dagbag.py:540} INFO - Filling up the DagBag from /home/airflow/.local/lib/python3.8/site-packages/airflow/example_dags/example_dag_decorator.py
[2024-04-29T17:53:07.254+0000] {processor.py:840} INFO - DAG(s) 'example_dag_decorator' retrieved from /home/airflow/.local/lib/python3.8/site-packages/airflow/example_dags/example_dag_decorator.py
[2024-04-29T17:53:07.397+0000] {logging_mixin.py:188} INFO - [2024-04-29T17:53:07.396+0000] {dag.py:3047} INFO - Sync 1 DAGs
[2024-04-29T17:53:07.409+0000] {logging_mixin.py:188} INFO - [2024-04-29T17:53:07.409+0000] {dag.py:3834} INFO - Setting next_dagrun for example_dag_decorator to None, run_after=None
[2024-04-29T17:53:07.434+0000] {processor.py:183} INFO - Processing /home/airflow/.local/lib/python3.8/site-packages/airflow/example_dags/example_dag_decorator.py took 0.303 seconds
[2024-04-29T17:53:37.561+0000] {processor.py:161} INFO - Started process (PID=12086) to work on /home/airflow/.local/lib/python3.8/site-packages/airflow/example_dags/example_dag_decorator.py
[2024-04-29T17:53:37.562+0000] {processor.py:830} INFO - Processing file /home/airflow/.local/lib/python3.8/site-packages/airflow/example_dags/example_dag_decorator.py for tasks to queue
[2024-04-29T17:53:37.563+0000] {logging_mixin.py:188} INFO - [2024-04-29T17:53:37.562+0000] {dagbag.py:540} INFO - Filling up the DagBag from /home/airflow/.local/lib/python3.8/site-packages/airflow/example_dags/example_dag_decorator.py
[2024-04-29T17:53:37.711+0000] {processor.py:840} INFO - DAG(s) 'example_dag_decorator' retrieved from /home/airflow/.local/lib/python3.8/site-packages/airflow/example_dags/example_dag_decorator.py
[2024-04-29T17:53:37.940+0000] {logging_mixin.py:188} INFO - [2024-04-29T17:53:37.940+0000] {dag.py:3047} INFO - Sync 1 DAGs
[2024-04-29T17:53:37.956+0000] {logging_mixin.py:188} INFO - [2024-04-29T17:53:37.955+0000] {dag.py:3834} INFO - Setting next_dagrun for example_dag_decorator to None, run_after=None
[2024-04-29T17:53:37.988+0000] {processor.py:183} INFO - Processing /home/airflow/.local/lib/python3.8/site-packages/airflow/example_dags/example_dag_decorator.py took 0.431 seconds
[2024-04-29T17:54:08.286+0000] {processor.py:161} INFO - Started process (PID=12351) to work on /home/airflow/.local/lib/python3.8/site-packages/airflow/example_dags/example_dag_decorator.py
[2024-04-29T17:54:08.287+0000] {processor.py:830} INFO - Processing file /home/airflow/.local/lib/python3.8/site-packages/airflow/example_dags/example_dag_decorator.py for tasks to queue
[2024-04-29T17:54:08.288+0000] {logging_mixin.py:188} INFO - [2024-04-29T17:54:08.288+0000] {dagbag.py:540} INFO - Filling up the DagBag from /home/airflow/.local/lib/python3.8/site-packages/airflow/example_dags/example_dag_decorator.py
[2024-04-29T17:54:08.419+0000] {processor.py:840} INFO - DAG(s) 'example_dag_decorator' retrieved from /home/airflow/.local/lib/python3.8/site-packages/airflow/example_dags/example_dag_decorator.py
[2024-04-29T17:54:08.573+0000] {logging_mixin.py:188} INFO - [2024-04-29T17:54:08.572+0000] {dag.py:3047} INFO - Sync 1 DAGs
[2024-04-29T17:54:08.586+0000] {logging_mixin.py:188} INFO - [2024-04-29T17:54:08.586+0000] {dag.py:3834} INFO - Setting next_dagrun for example_dag_decorator to None, run_after=None
[2024-04-29T17:54:08.612+0000] {processor.py:183} INFO - Processing /home/airflow/.local/lib/python3.8/site-packages/airflow/example_dags/example_dag_decorator.py took 0.329 seconds
[2024-04-29T17:54:39.138+0000] {processor.py:161} INFO - Started process (PID=12620) to work on /home/airflow/.local/lib/python3.8/site-packages/airflow/example_dags/example_dag_decorator.py
[2024-04-29T17:54:39.139+0000] {processor.py:830} INFO - Processing file /home/airflow/.local/lib/python3.8/site-packages/airflow/example_dags/example_dag_decorator.py for tasks to queue
[2024-04-29T17:54:39.140+0000] {logging_mixin.py:188} INFO - [2024-04-29T17:54:39.139+0000] {dagbag.py:540} INFO - Filling up the DagBag from /home/airflow/.local/lib/python3.8/site-packages/airflow/example_dags/example_dag_decorator.py
[2024-04-29T17:54:39.310+0000] {processor.py:840} INFO - DAG(s) 'example_dag_decorator' retrieved from /home/airflow/.local/lib/python3.8/site-packages/airflow/example_dags/example_dag_decorator.py
[2024-04-29T17:54:39.437+0000] {logging_mixin.py:188} INFO - [2024-04-29T17:54:39.437+0000] {dag.py:3047} INFO - Sync 1 DAGs
[2024-04-29T17:54:39.450+0000] {logging_mixin.py:188} INFO - [2024-04-29T17:54:39.449+0000] {dag.py:3834} INFO - Setting next_dagrun for example_dag_decorator to None, run_after=None
[2024-04-29T17:54:39.475+0000] {processor.py:183} INFO - Processing /home/airflow/.local/lib/python3.8/site-packages/airflow/example_dags/example_dag_decorator.py took 0.341 seconds
[2024-04-29T17:55:09.846+0000] {processor.py:161} INFO - Started process (PID=12872) to work on /home/airflow/.local/lib/python3.8/site-packages/airflow/example_dags/example_dag_decorator.py
[2024-04-29T17:55:09.847+0000] {processor.py:830} INFO - Processing file /home/airflow/.local/lib/python3.8/site-packages/airflow/example_dags/example_dag_decorator.py for tasks to queue
[2024-04-29T17:55:09.848+0000] {logging_mixin.py:188} INFO - [2024-04-29T17:55:09.847+0000] {dagbag.py:540} INFO - Filling up the DagBag from /home/airflow/.local/lib/python3.8/site-packages/airflow/example_dags/example_dag_decorator.py
[2024-04-29T17:55:09.969+0000] {processor.py:840} INFO - DAG(s) 'example_dag_decorator' retrieved from /home/airflow/.local/lib/python3.8/site-packages/airflow/example_dags/example_dag_decorator.py
[2024-04-29T17:55:10.124+0000] {logging_mixin.py:188} INFO - [2024-04-29T17:55:10.123+0000] {dag.py:3047} INFO - Sync 1 DAGs
[2024-04-29T17:55:10.137+0000] {logging_mixin.py:188} INFO - [2024-04-29T17:55:10.137+0000] {dag.py:3834} INFO - Setting next_dagrun for example_dag_decorator to None, run_after=None
[2024-04-29T17:55:10.164+0000] {processor.py:183} INFO - Processing /home/airflow/.local/lib/python3.8/site-packages/airflow/example_dags/example_dag_decorator.py took 0.321 seconds
[2024-04-29T17:55:40.386+0000] {processor.py:161} INFO - Started process (PID=13134) to work on /home/airflow/.local/lib/python3.8/site-packages/airflow/example_dags/example_dag_decorator.py
[2024-04-29T17:55:40.387+0000] {processor.py:830} INFO - Processing file /home/airflow/.local/lib/python3.8/site-packages/airflow/example_dags/example_dag_decorator.py for tasks to queue
[2024-04-29T17:55:40.388+0000] {logging_mixin.py:188} INFO - [2024-04-29T17:55:40.388+0000] {dagbag.py:540} INFO - Filling up the DagBag from /home/airflow/.local/lib/python3.8/site-packages/airflow/example_dags/example_dag_decorator.py
[2024-04-29T17:55:40.519+0000] {processor.py:840} INFO - DAG(s) 'example_dag_decorator' retrieved from /home/airflow/.local/lib/python3.8/site-packages/airflow/example_dags/example_dag_decorator.py
[2024-04-29T17:55:40.548+0000] {logging_mixin.py:188} INFO - [2024-04-29T17:55:40.548+0000] {dag.py:3047} INFO - Sync 1 DAGs
[2024-04-29T17:55:40.565+0000] {logging_mixin.py:188} INFO - [2024-04-29T17:55:40.565+0000] {dag.py:3834} INFO - Setting next_dagrun for example_dag_decorator to None, run_after=None
[2024-04-29T17:55:40.592+0000] {processor.py:183} INFO - Processing /home/airflow/.local/lib/python3.8/site-packages/airflow/example_dags/example_dag_decorator.py took 0.209 seconds
[2024-04-29T17:56:10.706+0000] {processor.py:161} INFO - Started process (PID=13401) to work on /home/airflow/.local/lib/python3.8/site-packages/airflow/example_dags/example_dag_decorator.py
[2024-04-29T17:56:10.707+0000] {processor.py:830} INFO - Processing file /home/airflow/.local/lib/python3.8/site-packages/airflow/example_dags/example_dag_decorator.py for tasks to queue
[2024-04-29T17:56:10.708+0000] {logging_mixin.py:188} INFO - [2024-04-29T17:56:10.708+0000] {dagbag.py:540} INFO - Filling up the DagBag from /home/airflow/.local/lib/python3.8/site-packages/airflow/example_dags/example_dag_decorator.py
[2024-04-29T17:56:10.829+0000] {processor.py:840} INFO - DAG(s) 'example_dag_decorator' retrieved from /home/airflow/.local/lib/python3.8/site-packages/airflow/example_dags/example_dag_decorator.py
[2024-04-29T17:56:10.959+0000] {logging_mixin.py:188} INFO - [2024-04-29T17:56:10.959+0000] {dag.py:3047} INFO - Sync 1 DAGs
[2024-04-29T17:56:10.970+0000] {logging_mixin.py:188} INFO - [2024-04-29T17:56:10.970+0000] {dag.py:3834} INFO - Setting next_dagrun for example_dag_decorator to None, run_after=None
[2024-04-29T17:56:11.000+0000] {processor.py:183} INFO - Processing /home/airflow/.local/lib/python3.8/site-packages/airflow/example_dags/example_dag_decorator.py took 0.297 seconds
[2024-04-29T17:56:41.104+0000] {processor.py:161} INFO - Started process (PID=13661) to work on /home/airflow/.local/lib/python3.8/site-packages/airflow/example_dags/example_dag_decorator.py
[2024-04-29T17:56:41.105+0000] {processor.py:830} INFO - Processing file /home/airflow/.local/lib/python3.8/site-packages/airflow/example_dags/example_dag_decorator.py for tasks to queue
[2024-04-29T17:56:41.107+0000] {logging_mixin.py:188} INFO - [2024-04-29T17:56:41.106+0000] {dagbag.py:540} INFO - Filling up the DagBag from /home/airflow/.local/lib/python3.8/site-packages/airflow/example_dags/example_dag_decorator.py
[2024-04-29T17:56:41.286+0000] {processor.py:840} INFO - DAG(s) 'example_dag_decorator' retrieved from /home/airflow/.local/lib/python3.8/site-packages/airflow/example_dags/example_dag_decorator.py
[2024-04-29T17:56:41.432+0000] {logging_mixin.py:188} INFO - [2024-04-29T17:56:41.432+0000] {dag.py:3047} INFO - Sync 1 DAGs
[2024-04-29T17:56:41.445+0000] {logging_mixin.py:188} INFO - [2024-04-29T17:56:41.445+0000] {dag.py:3834} INFO - Setting next_dagrun for example_dag_decorator to None, run_after=None
[2024-04-29T17:56:41.479+0000] {processor.py:183} INFO - Processing /home/airflow/.local/lib/python3.8/site-packages/airflow/example_dags/example_dag_decorator.py took 0.380 seconds
[2024-04-29T17:57:11.672+0000] {processor.py:161} INFO - Started process (PID=13944) to work on /home/airflow/.local/lib/python3.8/site-packages/airflow/example_dags/example_dag_decorator.py
[2024-04-29T17:57:11.673+0000] {processor.py:830} INFO - Processing file /home/airflow/.local/lib/python3.8/site-packages/airflow/example_dags/example_dag_decorator.py for tasks to queue
[2024-04-29T17:57:11.674+0000] {logging_mixin.py:188} INFO - [2024-04-29T17:57:11.673+0000] {dagbag.py:540} INFO - Filling up the DagBag from /home/airflow/.local/lib/python3.8/site-packages/airflow/example_dags/example_dag_decorator.py
[2024-04-29T17:57:11.792+0000] {processor.py:840} INFO - DAG(s) 'example_dag_decorator' retrieved from /home/airflow/.local/lib/python3.8/site-packages/airflow/example_dags/example_dag_decorator.py
[2024-04-29T17:57:11.937+0000] {logging_mixin.py:188} INFO - [2024-04-29T17:57:11.937+0000] {dag.py:3047} INFO - Sync 1 DAGs
[2024-04-29T17:57:11.960+0000] {logging_mixin.py:188} INFO - [2024-04-29T17:57:11.960+0000] {dag.py:3834} INFO - Setting next_dagrun for example_dag_decorator to None, run_after=None
[2024-04-29T17:57:12.006+0000] {processor.py:183} INFO - Processing /home/airflow/.local/lib/python3.8/site-packages/airflow/example_dags/example_dag_decorator.py took 0.338 seconds
[2024-04-29T17:57:42.377+0000] {processor.py:161} INFO - Started process (PID=14222) to work on /home/airflow/.local/lib/python3.8/site-packages/airflow/example_dags/example_dag_decorator.py
[2024-04-29T17:57:42.378+0000] {processor.py:830} INFO - Processing file /home/airflow/.local/lib/python3.8/site-packages/airflow/example_dags/example_dag_decorator.py for tasks to queue
[2024-04-29T17:57:42.379+0000] {logging_mixin.py:188} INFO - [2024-04-29T17:57:42.378+0000] {dagbag.py:540} INFO - Filling up the DagBag from /home/airflow/.local/lib/python3.8/site-packages/airflow/example_dags/example_dag_decorator.py
[2024-04-29T17:57:42.497+0000] {processor.py:840} INFO - DAG(s) 'example_dag_decorator' retrieved from /home/airflow/.local/lib/python3.8/site-packages/airflow/example_dags/example_dag_decorator.py
[2024-04-29T17:57:42.780+0000] {logging_mixin.py:188} INFO - [2024-04-29T17:57:42.780+0000] {dag.py:3047} INFO - Sync 1 DAGs
[2024-04-29T17:57:42.789+0000] {logging_mixin.py:188} INFO - [2024-04-29T17:57:42.788+0000] {dag.py:3834} INFO - Setting next_dagrun for example_dag_decorator to None, run_after=None
[2024-04-29T17:57:42.808+0000] {processor.py:183} INFO - Processing /home/airflow/.local/lib/python3.8/site-packages/airflow/example_dags/example_dag_decorator.py took 0.435 seconds
[2024-04-29T17:58:13.017+0000] {processor.py:161} INFO - Started process (PID=14480) to work on /home/airflow/.local/lib/python3.8/site-packages/airflow/example_dags/example_dag_decorator.py
[2024-04-29T17:58:13.018+0000] {processor.py:830} INFO - Processing file /home/airflow/.local/lib/python3.8/site-packages/airflow/example_dags/example_dag_decorator.py for tasks to queue
[2024-04-29T17:58:13.019+0000] {logging_mixin.py:188} INFO - [2024-04-29T17:58:13.019+0000] {dagbag.py:540} INFO - Filling up the DagBag from /home/airflow/.local/lib/python3.8/site-packages/airflow/example_dags/example_dag_decorator.py
[2024-04-29T17:58:13.136+0000] {processor.py:840} INFO - DAG(s) 'example_dag_decorator' retrieved from /home/airflow/.local/lib/python3.8/site-packages/airflow/example_dags/example_dag_decorator.py
[2024-04-29T17:58:13.268+0000] {logging_mixin.py:188} INFO - [2024-04-29T17:58:13.267+0000] {dag.py:3047} INFO - Sync 1 DAGs
[2024-04-29T17:58:13.443+0000] {logging_mixin.py:188} INFO - [2024-04-29T17:58:13.443+0000] {dag.py:3834} INFO - Setting next_dagrun for example_dag_decorator to None, run_after=None
[2024-04-29T17:58:13.472+0000] {processor.py:183} INFO - Processing /home/airflow/.local/lib/python3.8/site-packages/airflow/example_dags/example_dag_decorator.py took 0.460 seconds
[2024-04-29T17:58:44.507+0000] {processor.py:161} INFO - Started process (PID=14760) to work on /home/airflow/.local/lib/python3.8/site-packages/airflow/example_dags/example_dag_decorator.py
[2024-04-29T17:58:44.508+0000] {processor.py:830} INFO - Processing file /home/airflow/.local/lib/python3.8/site-packages/airflow/example_dags/example_dag_decorator.py for tasks to queue
[2024-04-29T17:58:44.510+0000] {logging_mixin.py:188} INFO - [2024-04-29T17:58:44.509+0000] {dagbag.py:540} INFO - Filling up the DagBag from /home/airflow/.local/lib/python3.8/site-packages/airflow/example_dags/example_dag_decorator.py
[2024-04-29T17:58:44.605+0000] {processor.py:840} INFO - DAG(s) 'example_dag_decorator' retrieved from /home/airflow/.local/lib/python3.8/site-packages/airflow/example_dags/example_dag_decorator.py
[2024-04-29T17:58:44.731+0000] {logging_mixin.py:188} INFO - [2024-04-29T17:58:44.730+0000] {dag.py:3047} INFO - Sync 1 DAGs
[2024-04-29T17:58:44.745+0000] {logging_mixin.py:188} INFO - [2024-04-29T17:58:44.745+0000] {dag.py:3834} INFO - Setting next_dagrun for example_dag_decorator to None, run_after=None
[2024-04-29T17:58:44.894+0000] {processor.py:183} INFO - Processing /home/airflow/.local/lib/python3.8/site-packages/airflow/example_dags/example_dag_decorator.py took 0.390 seconds
[2024-04-29T17:59:15.533+0000] {processor.py:161} INFO - Started process (PID=15027) to work on /home/airflow/.local/lib/python3.8/site-packages/airflow/example_dags/example_dag_decorator.py
[2024-04-29T17:59:15.533+0000] {processor.py:830} INFO - Processing file /home/airflow/.local/lib/python3.8/site-packages/airflow/example_dags/example_dag_decorator.py for tasks to queue
[2024-04-29T17:59:15.534+0000] {logging_mixin.py:188} INFO - [2024-04-29T17:59:15.534+0000] {dagbag.py:540} INFO - Filling up the DagBag from /home/airflow/.local/lib/python3.8/site-packages/airflow/example_dags/example_dag_decorator.py
[2024-04-29T17:59:15.632+0000] {processor.py:840} INFO - DAG(s) 'example_dag_decorator' retrieved from /home/airflow/.local/lib/python3.8/site-packages/airflow/example_dags/example_dag_decorator.py
[2024-04-29T17:59:15.721+0000] {logging_mixin.py:188} INFO - [2024-04-29T17:59:15.720+0000] {dag.py:3047} INFO - Sync 1 DAGs
[2024-04-29T17:59:15.729+0000] {logging_mixin.py:188} INFO - [2024-04-29T17:59:15.729+0000] {dag.py:3834} INFO - Setting next_dagrun for example_dag_decorator to None, run_after=None
[2024-04-29T17:59:15.752+0000] {processor.py:183} INFO - Processing /home/airflow/.local/lib/python3.8/site-packages/airflow/example_dags/example_dag_decorator.py took 0.223 seconds
[2024-04-29T17:59:46.687+0000] {processor.py:161} INFO - Started process (PID=15305) to work on /home/airflow/.local/lib/python3.8/site-packages/airflow/example_dags/example_dag_decorator.py
[2024-04-29T17:59:46.688+0000] {processor.py:830} INFO - Processing file /home/airflow/.local/lib/python3.8/site-packages/airflow/example_dags/example_dag_decorator.py for tasks to queue
[2024-04-29T17:59:46.689+0000] {logging_mixin.py:188} INFO - [2024-04-29T17:59:46.689+0000] {dagbag.py:540} INFO - Filling up the DagBag from /home/airflow/.local/lib/python3.8/site-packages/airflow/example_dags/example_dag_decorator.py
[2024-04-29T17:59:46.784+0000] {processor.py:840} INFO - DAG(s) 'example_dag_decorator' retrieved from /home/airflow/.local/lib/python3.8/site-packages/airflow/example_dags/example_dag_decorator.py
[2024-04-29T17:59:46.804+0000] {logging_mixin.py:188} INFO - [2024-04-29T17:59:46.804+0000] {dag.py:3047} INFO - Sync 1 DAGs
[2024-04-29T17:59:46.814+0000] {logging_mixin.py:188} INFO - [2024-04-29T17:59:46.814+0000] {dag.py:3834} INFO - Setting next_dagrun for example_dag_decorator to None, run_after=None
[2024-04-29T17:59:46.833+0000] {processor.py:183} INFO - Processing /home/airflow/.local/lib/python3.8/site-packages/airflow/example_dags/example_dag_decorator.py took 0.148 seconds
[2024-04-29T18:00:17.108+0000] {processor.py:161} INFO - Started process (PID=15562) to work on /home/airflow/.local/lib/python3.8/site-packages/airflow/example_dags/example_dag_decorator.py
[2024-04-29T18:00:17.108+0000] {processor.py:830} INFO - Processing file /home/airflow/.local/lib/python3.8/site-packages/airflow/example_dags/example_dag_decorator.py for tasks to queue
[2024-04-29T18:00:17.109+0000] {logging_mixin.py:188} INFO - [2024-04-29T18:00:17.109+0000] {dagbag.py:540} INFO - Filling up the DagBag from /home/airflow/.local/lib/python3.8/site-packages/airflow/example_dags/example_dag_decorator.py
[2024-04-29T18:00:17.187+0000] {processor.py:840} INFO - DAG(s) 'example_dag_decorator' retrieved from /home/airflow/.local/lib/python3.8/site-packages/airflow/example_dags/example_dag_decorator.py
[2024-04-29T18:00:17.394+0000] {logging_mixin.py:188} INFO - [2024-04-29T18:00:17.394+0000] {dag.py:3047} INFO - Sync 1 DAGs
[2024-04-29T18:00:17.403+0000] {logging_mixin.py:188} INFO - [2024-04-29T18:00:17.403+0000] {dag.py:3834} INFO - Setting next_dagrun for example_dag_decorator to None, run_after=None
[2024-04-29T18:00:17.426+0000] {processor.py:183} INFO - Processing /home/airflow/.local/lib/python3.8/site-packages/airflow/example_dags/example_dag_decorator.py took 0.321 seconds
[2024-04-29T18:00:47.852+0000] {processor.py:161} INFO - Started process (PID=15834) to work on /home/airflow/.local/lib/python3.8/site-packages/airflow/example_dags/example_dag_decorator.py
[2024-04-29T18:00:47.853+0000] {processor.py:830} INFO - Processing file /home/airflow/.local/lib/python3.8/site-packages/airflow/example_dags/example_dag_decorator.py for tasks to queue
[2024-04-29T18:00:47.853+0000] {logging_mixin.py:188} INFO - [2024-04-29T18:00:47.853+0000] {dagbag.py:540} INFO - Filling up the DagBag from /home/airflow/.local/lib/python3.8/site-packages/airflow/example_dags/example_dag_decorator.py
[2024-04-29T18:00:47.932+0000] {processor.py:840} INFO - DAG(s) 'example_dag_decorator' retrieved from /home/airflow/.local/lib/python3.8/site-packages/airflow/example_dags/example_dag_decorator.py
[2024-04-29T18:00:48.140+0000] {logging_mixin.py:188} INFO - [2024-04-29T18:00:48.140+0000] {dag.py:3047} INFO - Sync 1 DAGs
[2024-04-29T18:00:48.148+0000] {logging_mixin.py:188} INFO - [2024-04-29T18:00:48.148+0000] {dag.py:3834} INFO - Setting next_dagrun for example_dag_decorator to None, run_after=None
[2024-04-29T18:00:48.167+0000] {processor.py:183} INFO - Processing /home/airflow/.local/lib/python3.8/site-packages/airflow/example_dags/example_dag_decorator.py took 0.319 seconds
[2024-04-29T18:01:18.834+0000] {processor.py:161} INFO - Started process (PID=16111) to work on /home/airflow/.local/lib/python3.8/site-packages/airflow/example_dags/example_dag_decorator.py
[2024-04-29T18:01:18.835+0000] {processor.py:830} INFO - Processing file /home/airflow/.local/lib/python3.8/site-packages/airflow/example_dags/example_dag_decorator.py for tasks to queue
[2024-04-29T18:01:18.836+0000] {logging_mixin.py:188} INFO - [2024-04-29T18:01:18.836+0000] {dagbag.py:540} INFO - Filling up the DagBag from /home/airflow/.local/lib/python3.8/site-packages/airflow/example_dags/example_dag_decorator.py
[2024-04-29T18:01:18.988+0000] {processor.py:840} INFO - DAG(s) 'example_dag_decorator' retrieved from /home/airflow/.local/lib/python3.8/site-packages/airflow/example_dags/example_dag_decorator.py
[2024-04-29T18:01:19.241+0000] {logging_mixin.py:188} INFO - [2024-04-29T18:01:19.241+0000] {dag.py:3047} INFO - Sync 1 DAGs
[2024-04-29T18:01:19.253+0000] {logging_mixin.py:188} INFO - [2024-04-29T18:01:19.253+0000] {dag.py:3834} INFO - Setting next_dagrun for example_dag_decorator to None, run_after=None
[2024-04-29T18:01:19.281+0000] {processor.py:183} INFO - Processing /home/airflow/.local/lib/python3.8/site-packages/airflow/example_dags/example_dag_decorator.py took 0.452 seconds
[2024-04-29T18:01:49.315+0000] {processor.py:161} INFO - Started process (PID=16379) to work on /home/airflow/.local/lib/python3.8/site-packages/airflow/example_dags/example_dag_decorator.py
[2024-04-29T18:01:49.316+0000] {processor.py:830} INFO - Processing file /home/airflow/.local/lib/python3.8/site-packages/airflow/example_dags/example_dag_decorator.py for tasks to queue
[2024-04-29T18:01:49.316+0000] {logging_mixin.py:188} INFO - [2024-04-29T18:01:49.316+0000] {dagbag.py:540} INFO - Filling up the DagBag from /home/airflow/.local/lib/python3.8/site-packages/airflow/example_dags/example_dag_decorator.py
[2024-04-29T18:01:49.398+0000] {processor.py:840} INFO - DAG(s) 'example_dag_decorator' retrieved from /home/airflow/.local/lib/python3.8/site-packages/airflow/example_dags/example_dag_decorator.py
[2024-04-29T18:01:49.488+0000] {logging_mixin.py:188} INFO - [2024-04-29T18:01:49.488+0000] {dag.py:3047} INFO - Sync 1 DAGs
[2024-04-29T18:01:49.600+0000] {logging_mixin.py:188} INFO - [2024-04-29T18:01:49.600+0000] {dag.py:3834} INFO - Setting next_dagrun for example_dag_decorator to None, run_after=None
[2024-04-29T18:01:49.621+0000] {processor.py:183} INFO - Processing /home/airflow/.local/lib/python3.8/site-packages/airflow/example_dags/example_dag_decorator.py took 0.309 seconds
[2024-04-29T18:02:19.849+0000] {processor.py:161} INFO - Started process (PID=16631) to work on /home/airflow/.local/lib/python3.8/site-packages/airflow/example_dags/example_dag_decorator.py
[2024-04-29T18:02:19.850+0000] {processor.py:830} INFO - Processing file /home/airflow/.local/lib/python3.8/site-packages/airflow/example_dags/example_dag_decorator.py for tasks to queue
[2024-04-29T18:02:19.850+0000] {logging_mixin.py:188} INFO - [2024-04-29T18:02:19.850+0000] {dagbag.py:540} INFO - Filling up the DagBag from /home/airflow/.local/lib/python3.8/site-packages/airflow/example_dags/example_dag_decorator.py
[2024-04-29T18:02:19.929+0000] {processor.py:840} INFO - DAG(s) 'example_dag_decorator' retrieved from /home/airflow/.local/lib/python3.8/site-packages/airflow/example_dags/example_dag_decorator.py
[2024-04-29T18:02:20.132+0000] {logging_mixin.py:188} INFO - [2024-04-29T18:02:20.132+0000] {dag.py:3047} INFO - Sync 1 DAGs
[2024-04-29T18:02:20.140+0000] {logging_mixin.py:188} INFO - [2024-04-29T18:02:20.140+0000] {dag.py:3834} INFO - Setting next_dagrun for example_dag_decorator to None, run_after=None
[2024-04-29T18:02:20.160+0000] {processor.py:183} INFO - Processing /home/airflow/.local/lib/python3.8/site-packages/airflow/example_dags/example_dag_decorator.py took 0.314 seconds
[2024-04-29T18:02:50.620+0000] {processor.py:161} INFO - Started process (PID=16887) to work on /home/airflow/.local/lib/python3.8/site-packages/airflow/example_dags/example_dag_decorator.py
[2024-04-29T18:02:50.621+0000] {processor.py:830} INFO - Processing file /home/airflow/.local/lib/python3.8/site-packages/airflow/example_dags/example_dag_decorator.py for tasks to queue
[2024-04-29T18:02:50.622+0000] {logging_mixin.py:188} INFO - [2024-04-29T18:02:50.622+0000] {dagbag.py:540} INFO - Filling up the DagBag from /home/airflow/.local/lib/python3.8/site-packages/airflow/example_dags/example_dag_decorator.py
[2024-04-29T18:02:50.713+0000] {processor.py:840} INFO - DAG(s) 'example_dag_decorator' retrieved from /home/airflow/.local/lib/python3.8/site-packages/airflow/example_dags/example_dag_decorator.py
[2024-04-29T18:02:50.922+0000] {logging_mixin.py:188} INFO - [2024-04-29T18:02:50.922+0000] {dag.py:3047} INFO - Sync 1 DAGs
[2024-04-29T18:02:50.930+0000] {logging_mixin.py:188} INFO - [2024-04-29T18:02:50.930+0000] {dag.py:3834} INFO - Setting next_dagrun for example_dag_decorator to None, run_after=None
[2024-04-29T18:02:50.950+0000] {processor.py:183} INFO - Processing /home/airflow/.local/lib/python3.8/site-packages/airflow/example_dags/example_dag_decorator.py took 0.338 seconds
[2024-04-29T18:03:20.996+0000] {processor.py:161} INFO - Started process (PID=17147) to work on /home/airflow/.local/lib/python3.8/site-packages/airflow/example_dags/example_dag_decorator.py
[2024-04-29T18:03:20.996+0000] {processor.py:830} INFO - Processing file /home/airflow/.local/lib/python3.8/site-packages/airflow/example_dags/example_dag_decorator.py for tasks to queue
[2024-04-29T18:03:20.997+0000] {logging_mixin.py:188} INFO - [2024-04-29T18:03:20.997+0000] {dagbag.py:540} INFO - Filling up the DagBag from /home/airflow/.local/lib/python3.8/site-packages/airflow/example_dags/example_dag_decorator.py
[2024-04-29T18:03:21.073+0000] {processor.py:840} INFO - DAG(s) 'example_dag_decorator' retrieved from /home/airflow/.local/lib/python3.8/site-packages/airflow/example_dags/example_dag_decorator.py
[2024-04-29T18:03:21.278+0000] {logging_mixin.py:188} INFO - [2024-04-29T18:03:21.277+0000] {dag.py:3047} INFO - Sync 1 DAGs
[2024-04-29T18:03:21.286+0000] {logging_mixin.py:188} INFO - [2024-04-29T18:03:21.286+0000] {dag.py:3834} INFO - Setting next_dagrun for example_dag_decorator to None, run_after=None
[2024-04-29T18:03:21.307+0000] {processor.py:183} INFO - Processing /home/airflow/.local/lib/python3.8/site-packages/airflow/example_dags/example_dag_decorator.py took 0.314 seconds
