[2024-04-29T17:30:05.408+0000] {processor.py:161} INFO - Started process (PID=311) to work on /home/airflow/.local/lib/python3.8/site-packages/airflow/example_dags/example_short_circuit_operator.py
[2024-04-29T17:30:05.426+0000] {processor.py:830} INFO - Processing file /home/airflow/.local/lib/python3.8/site-packages/airflow/example_dags/example_short_circuit_operator.py for tasks to queue
[2024-04-29T17:30:05.427+0000] {logging_mixin.py:188} INFO - [2024-04-29T17:30:05.427+0000] {dagbag.py:540} INFO - Filling up the DagBag from /home/airflow/.local/lib/python3.8/site-packages/airflow/example_dags/example_short_circuit_operator.py
[2024-04-29T17:30:05.465+0000] {processor.py:840} INFO - DAG(s) 'example_short_circuit_operator' retrieved from /home/airflow/.local/lib/python3.8/site-packages/airflow/example_dags/example_short_circuit_operator.py
[2024-04-29T17:30:05.755+0000] {logging_mixin.py:188} INFO - [2024-04-29T17:30:05.755+0000] {override.py:1769} INFO - Created Permission View: can edit on DAG:example_short_circuit_operator
[2024-04-29T17:30:05.775+0000] {logging_mixin.py:188} INFO - [2024-04-29T17:30:05.775+0000] {override.py:1769} INFO - Created Permission View: can delete on DAG:example_short_circuit_operator
[2024-04-29T17:30:05.788+0000] {logging_mixin.py:188} INFO - [2024-04-29T17:30:05.788+0000] {override.py:1769} INFO - Created Permission View: can read on DAG:example_short_circuit_operator
[2024-04-29T17:30:05.789+0000] {logging_mixin.py:188} INFO - [2024-04-29T17:30:05.789+0000] {dag.py:3047} INFO - Sync 1 DAGs
[2024-04-29T17:30:05.816+0000] {logging_mixin.py:188} INFO - [2024-04-29T17:30:05.816+0000] {dag.py:3069} INFO - Creating ORM DAG for example_short_circuit_operator
[2024-04-29T17:30:05.842+0000] {logging_mixin.py:188} INFO - [2024-04-29T17:30:05.842+0000] {dag.py:3834} INFO - Setting next_dagrun for example_short_circuit_operator to 2024-04-28 00:00:00+00:00, run_after=2024-04-29 00:00:00+00:00
[2024-04-29T17:30:05.887+0000] {processor.py:183} INFO - Processing /home/airflow/.local/lib/python3.8/site-packages/airflow/example_dags/example_short_circuit_operator.py took 0.482 seconds
[2024-04-29T17:30:36.386+0000] {processor.py:161} INFO - Started process (PID=558) to work on /home/airflow/.local/lib/python3.8/site-packages/airflow/example_dags/example_short_circuit_operator.py
[2024-04-29T17:30:36.387+0000] {processor.py:830} INFO - Processing file /home/airflow/.local/lib/python3.8/site-packages/airflow/example_dags/example_short_circuit_operator.py for tasks to queue
[2024-04-29T17:30:36.388+0000] {logging_mixin.py:188} INFO - [2024-04-29T17:30:36.388+0000] {dagbag.py:540} INFO - Filling up the DagBag from /home/airflow/.local/lib/python3.8/site-packages/airflow/example_dags/example_short_circuit_operator.py
[2024-04-29T17:30:36.397+0000] {processor.py:840} INFO - DAG(s) 'example_short_circuit_operator' retrieved from /home/airflow/.local/lib/python3.8/site-packages/airflow/example_dags/example_short_circuit_operator.py
[2024-04-29T17:30:36.425+0000] {logging_mixin.py:188} INFO - [2024-04-29T17:30:36.424+0000] {dag.py:3047} INFO - Sync 1 DAGs
[2024-04-29T17:30:36.449+0000] {logging_mixin.py:188} INFO - [2024-04-29T17:30:36.449+0000] {dag.py:3834} INFO - Setting next_dagrun for example_short_circuit_operator to 2024-04-28 00:00:00+00:00, run_after=2024-04-29 00:00:00+00:00
[2024-04-29T17:30:36.474+0000] {processor.py:183} INFO - Processing /home/airflow/.local/lib/python3.8/site-packages/airflow/example_dags/example_short_circuit_operator.py took 0.091 seconds
[2024-04-29T17:31:06.841+0000] {processor.py:161} INFO - Started process (PID=805) to work on /home/airflow/.local/lib/python3.8/site-packages/airflow/example_dags/example_short_circuit_operator.py
[2024-04-29T17:31:06.842+0000] {processor.py:830} INFO - Processing file /home/airflow/.local/lib/python3.8/site-packages/airflow/example_dags/example_short_circuit_operator.py for tasks to queue
[2024-04-29T17:31:06.843+0000] {logging_mixin.py:188} INFO - [2024-04-29T17:31:06.842+0000] {dagbag.py:540} INFO - Filling up the DagBag from /home/airflow/.local/lib/python3.8/site-packages/airflow/example_dags/example_short_circuit_operator.py
[2024-04-29T17:31:06.852+0000] {processor.py:840} INFO - DAG(s) 'example_short_circuit_operator' retrieved from /home/airflow/.local/lib/python3.8/site-packages/airflow/example_dags/example_short_circuit_operator.py
[2024-04-29T17:31:06.878+0000] {logging_mixin.py:188} INFO - [2024-04-29T17:31:06.878+0000] {dag.py:3047} INFO - Sync 1 DAGs
[2024-04-29T17:31:06.907+0000] {logging_mixin.py:188} INFO - [2024-04-29T17:31:06.907+0000] {dag.py:3834} INFO - Setting next_dagrun for example_short_circuit_operator to 2024-04-28 00:00:00+00:00, run_after=2024-04-29 00:00:00+00:00
[2024-04-29T17:31:06.932+0000] {processor.py:183} INFO - Processing /home/airflow/.local/lib/python3.8/site-packages/airflow/example_dags/example_short_circuit_operator.py took 0.095 seconds
[2024-04-29T17:31:37.454+0000] {processor.py:161} INFO - Started process (PID=1052) to work on /home/airflow/.local/lib/python3.8/site-packages/airflow/example_dags/example_short_circuit_operator.py
[2024-04-29T17:31:37.455+0000] {processor.py:830} INFO - Processing file /home/airflow/.local/lib/python3.8/site-packages/airflow/example_dags/example_short_circuit_operator.py for tasks to queue
[2024-04-29T17:31:37.456+0000] {logging_mixin.py:188} INFO - [2024-04-29T17:31:37.455+0000] {dagbag.py:540} INFO - Filling up the DagBag from /home/airflow/.local/lib/python3.8/site-packages/airflow/example_dags/example_short_circuit_operator.py
[2024-04-29T17:31:37.465+0000] {processor.py:840} INFO - DAG(s) 'example_short_circuit_operator' retrieved from /home/airflow/.local/lib/python3.8/site-packages/airflow/example_dags/example_short_circuit_operator.py
[2024-04-29T17:31:37.493+0000] {logging_mixin.py:188} INFO - [2024-04-29T17:31:37.493+0000] {dag.py:3047} INFO - Sync 1 DAGs
[2024-04-29T17:31:37.517+0000] {logging_mixin.py:188} INFO - [2024-04-29T17:31:37.516+0000] {dag.py:3834} INFO - Setting next_dagrun for example_short_circuit_operator to 2024-04-28 00:00:00+00:00, run_after=2024-04-29 00:00:00+00:00
[2024-04-29T17:31:37.543+0000] {processor.py:183} INFO - Processing /home/airflow/.local/lib/python3.8/site-packages/airflow/example_dags/example_short_circuit_operator.py took 0.093 seconds
[2024-04-29T17:32:07.682+0000] {processor.py:161} INFO - Started process (PID=1297) to work on /home/airflow/.local/lib/python3.8/site-packages/airflow/example_dags/example_short_circuit_operator.py
[2024-04-29T17:32:07.683+0000] {processor.py:830} INFO - Processing file /home/airflow/.local/lib/python3.8/site-packages/airflow/example_dags/example_short_circuit_operator.py for tasks to queue
[2024-04-29T17:32:07.684+0000] {logging_mixin.py:188} INFO - [2024-04-29T17:32:07.683+0000] {dagbag.py:540} INFO - Filling up the DagBag from /home/airflow/.local/lib/python3.8/site-packages/airflow/example_dags/example_short_circuit_operator.py
[2024-04-29T17:32:07.690+0000] {processor.py:840} INFO - DAG(s) 'example_short_circuit_operator' retrieved from /home/airflow/.local/lib/python3.8/site-packages/airflow/example_dags/example_short_circuit_operator.py
[2024-04-29T17:32:07.713+0000] {logging_mixin.py:188} INFO - [2024-04-29T17:32:07.713+0000] {dag.py:3047} INFO - Sync 1 DAGs
[2024-04-29T17:32:07.746+0000] {logging_mixin.py:188} INFO - [2024-04-29T17:32:07.746+0000] {dag.py:3834} INFO - Setting next_dagrun for example_short_circuit_operator to 2024-04-28 00:00:00+00:00, run_after=2024-04-29 00:00:00+00:00
[2024-04-29T17:32:07.772+0000] {processor.py:183} INFO - Processing /home/airflow/.local/lib/python3.8/site-packages/airflow/example_dags/example_short_circuit_operator.py took 0.092 seconds
[2024-04-29T17:32:38.453+0000] {processor.py:161} INFO - Started process (PID=1546) to work on /home/airflow/.local/lib/python3.8/site-packages/airflow/example_dags/example_short_circuit_operator.py
[2024-04-29T17:32:38.454+0000] {processor.py:830} INFO - Processing file /home/airflow/.local/lib/python3.8/site-packages/airflow/example_dags/example_short_circuit_operator.py for tasks to queue
[2024-04-29T17:32:38.456+0000] {logging_mixin.py:188} INFO - [2024-04-29T17:32:38.455+0000] {dagbag.py:540} INFO - Filling up the DagBag from /home/airflow/.local/lib/python3.8/site-packages/airflow/example_dags/example_short_circuit_operator.py
[2024-04-29T17:32:38.465+0000] {processor.py:840} INFO - DAG(s) 'example_short_circuit_operator' retrieved from /home/airflow/.local/lib/python3.8/site-packages/airflow/example_dags/example_short_circuit_operator.py
[2024-04-29T17:32:38.493+0000] {logging_mixin.py:188} INFO - [2024-04-29T17:32:38.492+0000] {dag.py:3047} INFO - Sync 1 DAGs
[2024-04-29T17:32:38.518+0000] {logging_mixin.py:188} INFO - [2024-04-29T17:32:38.518+0000] {dag.py:3834} INFO - Setting next_dagrun for example_short_circuit_operator to 2024-04-28 00:00:00+00:00, run_after=2024-04-29 00:00:00+00:00
[2024-04-29T17:32:38.543+0000] {processor.py:183} INFO - Processing /home/airflow/.local/lib/python3.8/site-packages/airflow/example_dags/example_short_circuit_operator.py took 0.093 seconds
[2024-04-29T17:33:09.103+0000] {processor.py:161} INFO - Started process (PID=1796) to work on /home/airflow/.local/lib/python3.8/site-packages/airflow/example_dags/example_short_circuit_operator.py
[2024-04-29T17:33:09.104+0000] {processor.py:830} INFO - Processing file /home/airflow/.local/lib/python3.8/site-packages/airflow/example_dags/example_short_circuit_operator.py for tasks to queue
[2024-04-29T17:33:09.105+0000] {logging_mixin.py:188} INFO - [2024-04-29T17:33:09.105+0000] {dagbag.py:540} INFO - Filling up the DagBag from /home/airflow/.local/lib/python3.8/site-packages/airflow/example_dags/example_short_circuit_operator.py
[2024-04-29T17:33:09.117+0000] {processor.py:840} INFO - DAG(s) 'example_short_circuit_operator' retrieved from /home/airflow/.local/lib/python3.8/site-packages/airflow/example_dags/example_short_circuit_operator.py
[2024-04-29T17:33:09.145+0000] {logging_mixin.py:188} INFO - [2024-04-29T17:33:09.145+0000] {dag.py:3047} INFO - Sync 1 DAGs
[2024-04-29T17:33:09.172+0000] {logging_mixin.py:188} INFO - [2024-04-29T17:33:09.172+0000] {dag.py:3834} INFO - Setting next_dagrun for example_short_circuit_operator to 2024-04-28 00:00:00+00:00, run_after=2024-04-29 00:00:00+00:00
[2024-04-29T17:33:09.198+0000] {processor.py:183} INFO - Processing /home/airflow/.local/lib/python3.8/site-packages/airflow/example_dags/example_short_circuit_operator.py took 0.099 seconds
[2024-04-29T17:33:39.417+0000] {processor.py:161} INFO - Started process (PID=2040) to work on /home/airflow/.local/lib/python3.8/site-packages/airflow/example_dags/example_short_circuit_operator.py
[2024-04-29T17:33:39.419+0000] {processor.py:830} INFO - Processing file /home/airflow/.local/lib/python3.8/site-packages/airflow/example_dags/example_short_circuit_operator.py for tasks to queue
[2024-04-29T17:33:39.420+0000] {logging_mixin.py:188} INFO - [2024-04-29T17:33:39.419+0000] {dagbag.py:540} INFO - Filling up the DagBag from /home/airflow/.local/lib/python3.8/site-packages/airflow/example_dags/example_short_circuit_operator.py
[2024-04-29T17:33:39.429+0000] {processor.py:840} INFO - DAG(s) 'example_short_circuit_operator' retrieved from /home/airflow/.local/lib/python3.8/site-packages/airflow/example_dags/example_short_circuit_operator.py
[2024-04-29T17:33:39.461+0000] {logging_mixin.py:188} INFO - [2024-04-29T17:33:39.460+0000] {dag.py:3047} INFO - Sync 1 DAGs
[2024-04-29T17:33:39.487+0000] {logging_mixin.py:188} INFO - [2024-04-29T17:33:39.487+0000] {dag.py:3834} INFO - Setting next_dagrun for example_short_circuit_operator to 2024-04-28 00:00:00+00:00, run_after=2024-04-29 00:00:00+00:00
[2024-04-29T17:33:39.525+0000] {processor.py:183} INFO - Processing /home/airflow/.local/lib/python3.8/site-packages/airflow/example_dags/example_short_circuit_operator.py took 0.111 seconds
[2024-04-29T17:34:10.006+0000] {processor.py:161} INFO - Started process (PID=2289) to work on /home/airflow/.local/lib/python3.8/site-packages/airflow/example_dags/example_short_circuit_operator.py
[2024-04-29T17:34:10.007+0000] {processor.py:830} INFO - Processing file /home/airflow/.local/lib/python3.8/site-packages/airflow/example_dags/example_short_circuit_operator.py for tasks to queue
[2024-04-29T17:34:10.008+0000] {logging_mixin.py:188} INFO - [2024-04-29T17:34:10.008+0000] {dagbag.py:540} INFO - Filling up the DagBag from /home/airflow/.local/lib/python3.8/site-packages/airflow/example_dags/example_short_circuit_operator.py
[2024-04-29T17:34:10.018+0000] {processor.py:840} INFO - DAG(s) 'example_short_circuit_operator' retrieved from /home/airflow/.local/lib/python3.8/site-packages/airflow/example_dags/example_short_circuit_operator.py
[2024-04-29T17:34:10.044+0000] {logging_mixin.py:188} INFO - [2024-04-29T17:34:10.044+0000] {dag.py:3047} INFO - Sync 1 DAGs
[2024-04-29T17:34:10.076+0000] {logging_mixin.py:188} INFO - [2024-04-29T17:34:10.075+0000] {dag.py:3834} INFO - Setting next_dagrun for example_short_circuit_operator to 2024-04-28 00:00:00+00:00, run_after=2024-04-29 00:00:00+00:00
[2024-04-29T17:34:10.100+0000] {processor.py:183} INFO - Processing /home/airflow/.local/lib/python3.8/site-packages/airflow/example_dags/example_short_circuit_operator.py took 0.099 seconds
[2024-04-29T17:34:40.626+0000] {processor.py:161} INFO - Started process (PID=2536) to work on /home/airflow/.local/lib/python3.8/site-packages/airflow/example_dags/example_short_circuit_operator.py
[2024-04-29T17:34:40.627+0000] {processor.py:830} INFO - Processing file /home/airflow/.local/lib/python3.8/site-packages/airflow/example_dags/example_short_circuit_operator.py for tasks to queue
[2024-04-29T17:34:40.628+0000] {logging_mixin.py:188} INFO - [2024-04-29T17:34:40.628+0000] {dagbag.py:540} INFO - Filling up the DagBag from /home/airflow/.local/lib/python3.8/site-packages/airflow/example_dags/example_short_circuit_operator.py
[2024-04-29T17:34:40.638+0000] {processor.py:840} INFO - DAG(s) 'example_short_circuit_operator' retrieved from /home/airflow/.local/lib/python3.8/site-packages/airflow/example_dags/example_short_circuit_operator.py
[2024-04-29T17:34:40.666+0000] {logging_mixin.py:188} INFO - [2024-04-29T17:34:40.665+0000] {dag.py:3047} INFO - Sync 1 DAGs
[2024-04-29T17:34:40.695+0000] {logging_mixin.py:188} INFO - [2024-04-29T17:34:40.695+0000] {dag.py:3834} INFO - Setting next_dagrun for example_short_circuit_operator to 2024-04-28 00:00:00+00:00, run_after=2024-04-29 00:00:00+00:00
[2024-04-29T17:34:40.724+0000] {processor.py:183} INFO - Processing /home/airflow/.local/lib/python3.8/site-packages/airflow/example_dags/example_short_circuit_operator.py took 0.102 seconds
[2024-04-29T17:35:11.218+0000] {processor.py:161} INFO - Started process (PID=2783) to work on /home/airflow/.local/lib/python3.8/site-packages/airflow/example_dags/example_short_circuit_operator.py
[2024-04-29T17:35:11.219+0000] {processor.py:830} INFO - Processing file /home/airflow/.local/lib/python3.8/site-packages/airflow/example_dags/example_short_circuit_operator.py for tasks to queue
[2024-04-29T17:35:11.220+0000] {logging_mixin.py:188} INFO - [2024-04-29T17:35:11.220+0000] {dagbag.py:540} INFO - Filling up the DagBag from /home/airflow/.local/lib/python3.8/site-packages/airflow/example_dags/example_short_circuit_operator.py
[2024-04-29T17:35:11.230+0000] {processor.py:840} INFO - DAG(s) 'example_short_circuit_operator' retrieved from /home/airflow/.local/lib/python3.8/site-packages/airflow/example_dags/example_short_circuit_operator.py
[2024-04-29T17:35:11.258+0000] {logging_mixin.py:188} INFO - [2024-04-29T17:35:11.258+0000] {dag.py:3047} INFO - Sync 1 DAGs
[2024-04-29T17:35:11.291+0000] {logging_mixin.py:188} INFO - [2024-04-29T17:35:11.290+0000] {dag.py:3834} INFO - Setting next_dagrun for example_short_circuit_operator to 2024-04-28 00:00:00+00:00, run_after=2024-04-29 00:00:00+00:00
[2024-04-29T17:35:11.316+0000] {processor.py:183} INFO - Processing /home/airflow/.local/lib/python3.8/site-packages/airflow/example_dags/example_short_circuit_operator.py took 0.102 seconds
[2024-04-29T17:35:42.020+0000] {processor.py:161} INFO - Started process (PID=3030) to work on /home/airflow/.local/lib/python3.8/site-packages/airflow/example_dags/example_short_circuit_operator.py
[2024-04-29T17:35:42.021+0000] {processor.py:830} INFO - Processing file /home/airflow/.local/lib/python3.8/site-packages/airflow/example_dags/example_short_circuit_operator.py for tasks to queue
[2024-04-29T17:35:42.022+0000] {logging_mixin.py:188} INFO - [2024-04-29T17:35:42.022+0000] {dagbag.py:540} INFO - Filling up the DagBag from /home/airflow/.local/lib/python3.8/site-packages/airflow/example_dags/example_short_circuit_operator.py
[2024-04-29T17:35:42.032+0000] {processor.py:840} INFO - DAG(s) 'example_short_circuit_operator' retrieved from /home/airflow/.local/lib/python3.8/site-packages/airflow/example_dags/example_short_circuit_operator.py
[2024-04-29T17:35:42.058+0000] {logging_mixin.py:188} INFO - [2024-04-29T17:35:42.058+0000] {dag.py:3047} INFO - Sync 1 DAGs
[2024-04-29T17:35:42.083+0000] {logging_mixin.py:188} INFO - [2024-04-29T17:35:42.083+0000] {dag.py:3834} INFO - Setting next_dagrun for example_short_circuit_operator to 2024-04-28 00:00:00+00:00, run_after=2024-04-29 00:00:00+00:00
[2024-04-29T17:35:42.108+0000] {processor.py:183} INFO - Processing /home/airflow/.local/lib/python3.8/site-packages/airflow/example_dags/example_short_circuit_operator.py took 0.091 seconds
[2024-04-29T17:36:12.585+0000] {processor.py:161} INFO - Started process (PID=3279) to work on /home/airflow/.local/lib/python3.8/site-packages/airflow/example_dags/example_short_circuit_operator.py
[2024-04-29T17:36:12.586+0000] {processor.py:830} INFO - Processing file /home/airflow/.local/lib/python3.8/site-packages/airflow/example_dags/example_short_circuit_operator.py for tasks to queue
[2024-04-29T17:36:12.587+0000] {logging_mixin.py:188} INFO - [2024-04-29T17:36:12.587+0000] {dagbag.py:540} INFO - Filling up the DagBag from /home/airflow/.local/lib/python3.8/site-packages/airflow/example_dags/example_short_circuit_operator.py
[2024-04-29T17:36:12.596+0000] {processor.py:840} INFO - DAG(s) 'example_short_circuit_operator' retrieved from /home/airflow/.local/lib/python3.8/site-packages/airflow/example_dags/example_short_circuit_operator.py
[2024-04-29T17:36:12.629+0000] {logging_mixin.py:188} INFO - [2024-04-29T17:36:12.629+0000] {dag.py:3047} INFO - Sync 1 DAGs
[2024-04-29T17:36:12.656+0000] {logging_mixin.py:188} INFO - [2024-04-29T17:36:12.655+0000] {dag.py:3834} INFO - Setting next_dagrun for example_short_circuit_operator to 2024-04-28 00:00:00+00:00, run_after=2024-04-29 00:00:00+00:00
[2024-04-29T17:36:12.683+0000] {processor.py:183} INFO - Processing /home/airflow/.local/lib/python3.8/site-packages/airflow/example_dags/example_short_circuit_operator.py took 0.105 seconds
[2024-04-29T17:36:43.149+0000] {processor.py:161} INFO - Started process (PID=3533) to work on /home/airflow/.local/lib/python3.8/site-packages/airflow/example_dags/example_short_circuit_operator.py
[2024-04-29T17:36:43.156+0000] {processor.py:830} INFO - Processing file /home/airflow/.local/lib/python3.8/site-packages/airflow/example_dags/example_short_circuit_operator.py for tasks to queue
[2024-04-29T17:36:43.161+0000] {logging_mixin.py:188} INFO - [2024-04-29T17:36:43.161+0000] {dagbag.py:540} INFO - Filling up the DagBag from /home/airflow/.local/lib/python3.8/site-packages/airflow/example_dags/example_short_circuit_operator.py
[2024-04-29T17:36:43.174+0000] {processor.py:840} INFO - DAG(s) 'example_short_circuit_operator' retrieved from /home/airflow/.local/lib/python3.8/site-packages/airflow/example_dags/example_short_circuit_operator.py
[2024-04-29T17:36:43.202+0000] {logging_mixin.py:188} INFO - [2024-04-29T17:36:43.201+0000] {dag.py:3047} INFO - Sync 1 DAGs
[2024-04-29T17:36:43.230+0000] {logging_mixin.py:188} INFO - [2024-04-29T17:36:43.230+0000] {dag.py:3834} INFO - Setting next_dagrun for example_short_circuit_operator to 2024-04-28 00:00:00+00:00, run_after=2024-04-29 00:00:00+00:00
[2024-04-29T17:36:43.268+0000] {processor.py:183} INFO - Processing /home/airflow/.local/lib/python3.8/site-packages/airflow/example_dags/example_short_circuit_operator.py took 0.122 seconds
[2024-04-29T17:37:16.725+0000] {processor.py:161} INFO - Started process (PID=3835) to work on /home/airflow/.local/lib/python3.8/site-packages/airflow/example_dags/example_short_circuit_operator.py
[2024-04-29T17:37:16.738+0000] {processor.py:830} INFO - Processing file /home/airflow/.local/lib/python3.8/site-packages/airflow/example_dags/example_short_circuit_operator.py for tasks to queue
[2024-04-29T17:37:16.739+0000] {logging_mixin.py:188} INFO - [2024-04-29T17:37:16.739+0000] {dagbag.py:540} INFO - Filling up the DagBag from /home/airflow/.local/lib/python3.8/site-packages/airflow/example_dags/example_short_circuit_operator.py
[2024-04-29T17:37:16.784+0000] {processor.py:840} INFO - DAG(s) 'example_short_circuit_operator' retrieved from /home/airflow/.local/lib/python3.8/site-packages/airflow/example_dags/example_short_circuit_operator.py
[2024-04-29T17:37:16.885+0000] {logging_mixin.py:188} INFO - [2024-04-29T17:37:16.884+0000] {dag.py:3047} INFO - Sync 1 DAGs
[2024-04-29T17:37:16.966+0000] {logging_mixin.py:188} INFO - [2024-04-29T17:37:16.966+0000] {dag.py:3834} INFO - Setting next_dagrun for example_short_circuit_operator to 2024-04-28 00:00:00+00:00, run_after=2024-04-29 00:00:00+00:00
[2024-04-29T17:37:17.017+0000] {processor.py:183} INFO - Processing /home/airflow/.local/lib/python3.8/site-packages/airflow/example_dags/example_short_circuit_operator.py took 0.296 seconds
[2024-04-29T17:37:47.840+0000] {processor.py:161} INFO - Started process (PID=4174) to work on /home/airflow/.local/lib/python3.8/site-packages/airflow/example_dags/example_short_circuit_operator.py
[2024-04-29T17:37:47.841+0000] {processor.py:830} INFO - Processing file /home/airflow/.local/lib/python3.8/site-packages/airflow/example_dags/example_short_circuit_operator.py for tasks to queue
[2024-04-29T17:37:47.842+0000] {logging_mixin.py:188} INFO - [2024-04-29T17:37:47.842+0000] {dagbag.py:540} INFO - Filling up the DagBag from /home/airflow/.local/lib/python3.8/site-packages/airflow/example_dags/example_short_circuit_operator.py
[2024-04-29T17:37:47.851+0000] {processor.py:840} INFO - DAG(s) 'example_short_circuit_operator' retrieved from /home/airflow/.local/lib/python3.8/site-packages/airflow/example_dags/example_short_circuit_operator.py
[2024-04-29T17:37:47.883+0000] {logging_mixin.py:188} INFO - [2024-04-29T17:37:47.883+0000] {dag.py:3047} INFO - Sync 1 DAGs
[2024-04-29T17:37:47.907+0000] {logging_mixin.py:188} INFO - [2024-04-29T17:37:47.907+0000] {dag.py:3834} INFO - Setting next_dagrun for example_short_circuit_operator to 2024-04-28 00:00:00+00:00, run_after=2024-04-29 00:00:00+00:00
[2024-04-29T17:37:47.933+0000] {processor.py:183} INFO - Processing /home/airflow/.local/lib/python3.8/site-packages/airflow/example_dags/example_short_circuit_operator.py took 0.096 seconds
[2024-04-29T17:38:18.067+0000] {processor.py:161} INFO - Started process (PID=4419) to work on /home/airflow/.local/lib/python3.8/site-packages/airflow/example_dags/example_short_circuit_operator.py
[2024-04-29T17:38:18.068+0000] {processor.py:830} INFO - Processing file /home/airflow/.local/lib/python3.8/site-packages/airflow/example_dags/example_short_circuit_operator.py for tasks to queue
[2024-04-29T17:38:18.069+0000] {logging_mixin.py:188} INFO - [2024-04-29T17:38:18.068+0000] {dagbag.py:540} INFO - Filling up the DagBag from /home/airflow/.local/lib/python3.8/site-packages/airflow/example_dags/example_short_circuit_operator.py
[2024-04-29T17:38:18.077+0000] {processor.py:840} INFO - DAG(s) 'example_short_circuit_operator' retrieved from /home/airflow/.local/lib/python3.8/site-packages/airflow/example_dags/example_short_circuit_operator.py
[2024-04-29T17:38:18.105+0000] {logging_mixin.py:188} INFO - [2024-04-29T17:38:18.105+0000] {dag.py:3047} INFO - Sync 1 DAGs
[2024-04-29T17:38:18.134+0000] {logging_mixin.py:188} INFO - [2024-04-29T17:38:18.134+0000] {dag.py:3834} INFO - Setting next_dagrun for example_short_circuit_operator to 2024-04-28 00:00:00+00:00, run_after=2024-04-29 00:00:00+00:00
[2024-04-29T17:38:18.159+0000] {processor.py:183} INFO - Processing /home/airflow/.local/lib/python3.8/site-packages/airflow/example_dags/example_short_circuit_operator.py took 0.094 seconds
[2024-04-29T17:38:48.235+0000] {processor.py:161} INFO - Started process (PID=4666) to work on /home/airflow/.local/lib/python3.8/site-packages/airflow/example_dags/example_short_circuit_operator.py
[2024-04-29T17:38:48.236+0000] {processor.py:830} INFO - Processing file /home/airflow/.local/lib/python3.8/site-packages/airflow/example_dags/example_short_circuit_operator.py for tasks to queue
[2024-04-29T17:38:48.237+0000] {logging_mixin.py:188} INFO - [2024-04-29T17:38:48.237+0000] {dagbag.py:540} INFO - Filling up the DagBag from /home/airflow/.local/lib/python3.8/site-packages/airflow/example_dags/example_short_circuit_operator.py
[2024-04-29T17:38:48.247+0000] {processor.py:840} INFO - DAG(s) 'example_short_circuit_operator' retrieved from /home/airflow/.local/lib/python3.8/site-packages/airflow/example_dags/example_short_circuit_operator.py
[2024-04-29T17:38:48.277+0000] {logging_mixin.py:188} INFO - [2024-04-29T17:38:48.277+0000] {dag.py:3047} INFO - Sync 1 DAGs
[2024-04-29T17:38:48.309+0000] {logging_mixin.py:188} INFO - [2024-04-29T17:38:48.309+0000] {dag.py:3834} INFO - Setting next_dagrun for example_short_circuit_operator to 2024-04-28 00:00:00+00:00, run_after=2024-04-29 00:00:00+00:00
[2024-04-29T17:38:48.340+0000] {processor.py:183} INFO - Processing /home/airflow/.local/lib/python3.8/site-packages/airflow/example_dags/example_short_circuit_operator.py took 0.109 seconds
[2024-04-29T17:39:18.952+0000] {processor.py:161} INFO - Started process (PID=4913) to work on /home/airflow/.local/lib/python3.8/site-packages/airflow/example_dags/example_short_circuit_operator.py
[2024-04-29T17:39:18.953+0000] {processor.py:830} INFO - Processing file /home/airflow/.local/lib/python3.8/site-packages/airflow/example_dags/example_short_circuit_operator.py for tasks to queue
[2024-04-29T17:39:18.954+0000] {logging_mixin.py:188} INFO - [2024-04-29T17:39:18.954+0000] {dagbag.py:540} INFO - Filling up the DagBag from /home/airflow/.local/lib/python3.8/site-packages/airflow/example_dags/example_short_circuit_operator.py
[2024-04-29T17:39:18.964+0000] {processor.py:840} INFO - DAG(s) 'example_short_circuit_operator' retrieved from /home/airflow/.local/lib/python3.8/site-packages/airflow/example_dags/example_short_circuit_operator.py
[2024-04-29T17:39:18.997+0000] {logging_mixin.py:188} INFO - [2024-04-29T17:39:18.997+0000] {dag.py:3047} INFO - Sync 1 DAGs
[2024-04-29T17:39:19.037+0000] {logging_mixin.py:188} INFO - [2024-04-29T17:39:19.036+0000] {dag.py:3834} INFO - Setting next_dagrun for example_short_circuit_operator to 2024-04-28 00:00:00+00:00, run_after=2024-04-29 00:00:00+00:00
[2024-04-29T17:39:19.078+0000] {processor.py:183} INFO - Processing /home/airflow/.local/lib/python3.8/site-packages/airflow/example_dags/example_short_circuit_operator.py took 0.128 seconds
[2024-04-29T17:39:49.653+0000] {processor.py:161} INFO - Started process (PID=5159) to work on /home/airflow/.local/lib/python3.8/site-packages/airflow/example_dags/example_short_circuit_operator.py
[2024-04-29T17:39:49.654+0000] {processor.py:830} INFO - Processing file /home/airflow/.local/lib/python3.8/site-packages/airflow/example_dags/example_short_circuit_operator.py for tasks to queue
[2024-04-29T17:39:49.655+0000] {logging_mixin.py:188} INFO - [2024-04-29T17:39:49.655+0000] {dagbag.py:540} INFO - Filling up the DagBag from /home/airflow/.local/lib/python3.8/site-packages/airflow/example_dags/example_short_circuit_operator.py
[2024-04-29T17:39:49.667+0000] {processor.py:840} INFO - DAG(s) 'example_short_circuit_operator' retrieved from /home/airflow/.local/lib/python3.8/site-packages/airflow/example_dags/example_short_circuit_operator.py
[2024-04-29T17:39:49.740+0000] {logging_mixin.py:188} INFO - [2024-04-29T17:39:49.740+0000] {dag.py:3047} INFO - Sync 1 DAGs
[2024-04-29T17:39:49.787+0000] {logging_mixin.py:188} INFO - [2024-04-29T17:39:49.786+0000] {dag.py:3834} INFO - Setting next_dagrun for example_short_circuit_operator to 2024-04-28 00:00:00+00:00, run_after=2024-04-29 00:00:00+00:00
[2024-04-29T17:39:49.833+0000] {processor.py:183} INFO - Processing /home/airflow/.local/lib/python3.8/site-packages/airflow/example_dags/example_short_circuit_operator.py took 0.184 seconds
[2024-04-29T17:40:20.153+0000] {processor.py:161} INFO - Started process (PID=5406) to work on /home/airflow/.local/lib/python3.8/site-packages/airflow/example_dags/example_short_circuit_operator.py
[2024-04-29T17:40:20.154+0000] {processor.py:830} INFO - Processing file /home/airflow/.local/lib/python3.8/site-packages/airflow/example_dags/example_short_circuit_operator.py for tasks to queue
[2024-04-29T17:40:20.155+0000] {logging_mixin.py:188} INFO - [2024-04-29T17:40:20.154+0000] {dagbag.py:540} INFO - Filling up the DagBag from /home/airflow/.local/lib/python3.8/site-packages/airflow/example_dags/example_short_circuit_operator.py
[2024-04-29T17:40:20.164+0000] {processor.py:840} INFO - DAG(s) 'example_short_circuit_operator' retrieved from /home/airflow/.local/lib/python3.8/site-packages/airflow/example_dags/example_short_circuit_operator.py
[2024-04-29T17:40:20.191+0000] {logging_mixin.py:188} INFO - [2024-04-29T17:40:20.191+0000] {dag.py:3047} INFO - Sync 1 DAGs
[2024-04-29T17:40:20.218+0000] {logging_mixin.py:188} INFO - [2024-04-29T17:40:20.218+0000] {dag.py:3834} INFO - Setting next_dagrun for example_short_circuit_operator to 2024-04-28 00:00:00+00:00, run_after=2024-04-29 00:00:00+00:00
[2024-04-29T17:40:20.242+0000] {processor.py:183} INFO - Processing /home/airflow/.local/lib/python3.8/site-packages/airflow/example_dags/example_short_circuit_operator.py took 0.093 seconds
[2024-04-29T17:40:50.448+0000] {processor.py:161} INFO - Started process (PID=5653) to work on /home/airflow/.local/lib/python3.8/site-packages/airflow/example_dags/example_short_circuit_operator.py
[2024-04-29T17:40:50.449+0000] {processor.py:830} INFO - Processing file /home/airflow/.local/lib/python3.8/site-packages/airflow/example_dags/example_short_circuit_operator.py for tasks to queue
[2024-04-29T17:40:50.450+0000] {logging_mixin.py:188} INFO - [2024-04-29T17:40:50.450+0000] {dagbag.py:540} INFO - Filling up the DagBag from /home/airflow/.local/lib/python3.8/site-packages/airflow/example_dags/example_short_circuit_operator.py
[2024-04-29T17:40:50.459+0000] {processor.py:840} INFO - DAG(s) 'example_short_circuit_operator' retrieved from /home/airflow/.local/lib/python3.8/site-packages/airflow/example_dags/example_short_circuit_operator.py
[2024-04-29T17:40:50.489+0000] {logging_mixin.py:188} INFO - [2024-04-29T17:40:50.488+0000] {dag.py:3047} INFO - Sync 1 DAGs
[2024-04-29T17:40:50.515+0000] {logging_mixin.py:188} INFO - [2024-04-29T17:40:50.515+0000] {dag.py:3834} INFO - Setting next_dagrun for example_short_circuit_operator to 2024-04-28 00:00:00+00:00, run_after=2024-04-29 00:00:00+00:00
[2024-04-29T17:40:50.540+0000] {processor.py:183} INFO - Processing /home/airflow/.local/lib/python3.8/site-packages/airflow/example_dags/example_short_circuit_operator.py took 0.095 seconds
[2024-04-29T17:41:20.812+0000] {processor.py:161} INFO - Started process (PID=5900) to work on /home/airflow/.local/lib/python3.8/site-packages/airflow/example_dags/example_short_circuit_operator.py
[2024-04-29T17:41:20.813+0000] {processor.py:830} INFO - Processing file /home/airflow/.local/lib/python3.8/site-packages/airflow/example_dags/example_short_circuit_operator.py for tasks to queue
[2024-04-29T17:41:20.815+0000] {logging_mixin.py:188} INFO - [2024-04-29T17:41:20.814+0000] {dagbag.py:540} INFO - Filling up the DagBag from /home/airflow/.local/lib/python3.8/site-packages/airflow/example_dags/example_short_circuit_operator.py
[2024-04-29T17:41:20.824+0000] {processor.py:840} INFO - DAG(s) 'example_short_circuit_operator' retrieved from /home/airflow/.local/lib/python3.8/site-packages/airflow/example_dags/example_short_circuit_operator.py
[2024-04-29T17:41:20.851+0000] {logging_mixin.py:188} INFO - [2024-04-29T17:41:20.850+0000] {dag.py:3047} INFO - Sync 1 DAGs
[2024-04-29T17:41:20.877+0000] {logging_mixin.py:188} INFO - [2024-04-29T17:41:20.877+0000] {dag.py:3834} INFO - Setting next_dagrun for example_short_circuit_operator to 2024-04-28 00:00:00+00:00, run_after=2024-04-29 00:00:00+00:00
[2024-04-29T17:41:20.903+0000] {processor.py:183} INFO - Processing /home/airflow/.local/lib/python3.8/site-packages/airflow/example_dags/example_short_circuit_operator.py took 0.094 seconds
[2024-04-29T17:41:51.053+0000] {processor.py:161} INFO - Started process (PID=6147) to work on /home/airflow/.local/lib/python3.8/site-packages/airflow/example_dags/example_short_circuit_operator.py
[2024-04-29T17:41:51.054+0000] {processor.py:830} INFO - Processing file /home/airflow/.local/lib/python3.8/site-packages/airflow/example_dags/example_short_circuit_operator.py for tasks to queue
[2024-04-29T17:41:51.055+0000] {logging_mixin.py:188} INFO - [2024-04-29T17:41:51.055+0000] {dagbag.py:540} INFO - Filling up the DagBag from /home/airflow/.local/lib/python3.8/site-packages/airflow/example_dags/example_short_circuit_operator.py
[2024-04-29T17:41:51.064+0000] {processor.py:840} INFO - DAG(s) 'example_short_circuit_operator' retrieved from /home/airflow/.local/lib/python3.8/site-packages/airflow/example_dags/example_short_circuit_operator.py
[2024-04-29T17:41:51.092+0000] {logging_mixin.py:188} INFO - [2024-04-29T17:41:51.092+0000] {dag.py:3047} INFO - Sync 1 DAGs
[2024-04-29T17:41:51.123+0000] {logging_mixin.py:188} INFO - [2024-04-29T17:41:51.123+0000] {dag.py:3834} INFO - Setting next_dagrun for example_short_circuit_operator to 2024-04-28 00:00:00+00:00, run_after=2024-04-29 00:00:00+00:00
[2024-04-29T17:41:51.148+0000] {processor.py:183} INFO - Processing /home/airflow/.local/lib/python3.8/site-packages/airflow/example_dags/example_short_circuit_operator.py took 0.098 seconds
[2024-04-29T17:42:21.329+0000] {processor.py:161} INFO - Started process (PID=6394) to work on /home/airflow/.local/lib/python3.8/site-packages/airflow/example_dags/example_short_circuit_operator.py
[2024-04-29T17:42:21.331+0000] {processor.py:830} INFO - Processing file /home/airflow/.local/lib/python3.8/site-packages/airflow/example_dags/example_short_circuit_operator.py for tasks to queue
[2024-04-29T17:42:21.332+0000] {logging_mixin.py:188} INFO - [2024-04-29T17:42:21.331+0000] {dagbag.py:540} INFO - Filling up the DagBag from /home/airflow/.local/lib/python3.8/site-packages/airflow/example_dags/example_short_circuit_operator.py
[2024-04-29T17:42:21.341+0000] {processor.py:840} INFO - DAG(s) 'example_short_circuit_operator' retrieved from /home/airflow/.local/lib/python3.8/site-packages/airflow/example_dags/example_short_circuit_operator.py
[2024-04-29T17:42:21.370+0000] {logging_mixin.py:188} INFO - [2024-04-29T17:42:21.370+0000] {dag.py:3047} INFO - Sync 1 DAGs
[2024-04-29T17:42:21.397+0000] {logging_mixin.py:188} INFO - [2024-04-29T17:42:21.396+0000] {dag.py:3834} INFO - Setting next_dagrun for example_short_circuit_operator to 2024-04-28 00:00:00+00:00, run_after=2024-04-29 00:00:00+00:00
[2024-04-29T17:42:21.441+0000] {processor.py:183} INFO - Processing /home/airflow/.local/lib/python3.8/site-packages/airflow/example_dags/example_short_circuit_operator.py took 0.115 seconds
[2024-04-29T17:42:51.795+0000] {processor.py:161} INFO - Started process (PID=6641) to work on /home/airflow/.local/lib/python3.8/site-packages/airflow/example_dags/example_short_circuit_operator.py
[2024-04-29T17:42:51.796+0000] {processor.py:830} INFO - Processing file /home/airflow/.local/lib/python3.8/site-packages/airflow/example_dags/example_short_circuit_operator.py for tasks to queue
[2024-04-29T17:42:51.797+0000] {logging_mixin.py:188} INFO - [2024-04-29T17:42:51.797+0000] {dagbag.py:540} INFO - Filling up the DagBag from /home/airflow/.local/lib/python3.8/site-packages/airflow/example_dags/example_short_circuit_operator.py
[2024-04-29T17:42:51.806+0000] {processor.py:840} INFO - DAG(s) 'example_short_circuit_operator' retrieved from /home/airflow/.local/lib/python3.8/site-packages/airflow/example_dags/example_short_circuit_operator.py
[2024-04-29T17:42:51.837+0000] {logging_mixin.py:188} INFO - [2024-04-29T17:42:51.837+0000] {dag.py:3047} INFO - Sync 1 DAGs
[2024-04-29T17:42:51.862+0000] {logging_mixin.py:188} INFO - [2024-04-29T17:42:51.862+0000] {dag.py:3834} INFO - Setting next_dagrun for example_short_circuit_operator to 2024-04-28 00:00:00+00:00, run_after=2024-04-29 00:00:00+00:00
[2024-04-29T17:42:51.886+0000] {processor.py:183} INFO - Processing /home/airflow/.local/lib/python3.8/site-packages/airflow/example_dags/example_short_circuit_operator.py took 0.095 seconds
[2024-04-29T17:43:21.966+0000] {processor.py:161} INFO - Started process (PID=6888) to work on /home/airflow/.local/lib/python3.8/site-packages/airflow/example_dags/example_short_circuit_operator.py
[2024-04-29T17:43:21.967+0000] {processor.py:830} INFO - Processing file /home/airflow/.local/lib/python3.8/site-packages/airflow/example_dags/example_short_circuit_operator.py for tasks to queue
[2024-04-29T17:43:21.968+0000] {logging_mixin.py:188} INFO - [2024-04-29T17:43:21.968+0000] {dagbag.py:540} INFO - Filling up the DagBag from /home/airflow/.local/lib/python3.8/site-packages/airflow/example_dags/example_short_circuit_operator.py
[2024-04-29T17:43:21.978+0000] {processor.py:840} INFO - DAG(s) 'example_short_circuit_operator' retrieved from /home/airflow/.local/lib/python3.8/site-packages/airflow/example_dags/example_short_circuit_operator.py
[2024-04-29T17:43:22.006+0000] {logging_mixin.py:188} INFO - [2024-04-29T17:43:22.006+0000] {dag.py:3047} INFO - Sync 1 DAGs
[2024-04-29T17:43:22.036+0000] {logging_mixin.py:188} INFO - [2024-04-29T17:43:22.036+0000] {dag.py:3834} INFO - Setting next_dagrun for example_short_circuit_operator to 2024-04-28 00:00:00+00:00, run_after=2024-04-29 00:00:00+00:00
[2024-04-29T17:43:22.064+0000] {processor.py:183} INFO - Processing /home/airflow/.local/lib/python3.8/site-packages/airflow/example_dags/example_short_circuit_operator.py took 0.101 seconds
[2024-04-29T17:43:52.172+0000] {processor.py:161} INFO - Started process (PID=7135) to work on /home/airflow/.local/lib/python3.8/site-packages/airflow/example_dags/example_short_circuit_operator.py
[2024-04-29T17:43:52.173+0000] {processor.py:830} INFO - Processing file /home/airflow/.local/lib/python3.8/site-packages/airflow/example_dags/example_short_circuit_operator.py for tasks to queue
[2024-04-29T17:43:52.174+0000] {logging_mixin.py:188} INFO - [2024-04-29T17:43:52.173+0000] {dagbag.py:540} INFO - Filling up the DagBag from /home/airflow/.local/lib/python3.8/site-packages/airflow/example_dags/example_short_circuit_operator.py
[2024-04-29T17:43:52.184+0000] {processor.py:840} INFO - DAG(s) 'example_short_circuit_operator' retrieved from /home/airflow/.local/lib/python3.8/site-packages/airflow/example_dags/example_short_circuit_operator.py
[2024-04-29T17:43:52.213+0000] {logging_mixin.py:188} INFO - [2024-04-29T17:43:52.213+0000] {dag.py:3047} INFO - Sync 1 DAGs
[2024-04-29T17:43:52.239+0000] {logging_mixin.py:188} INFO - [2024-04-29T17:43:52.239+0000] {dag.py:3834} INFO - Setting next_dagrun for example_short_circuit_operator to 2024-04-28 00:00:00+00:00, run_after=2024-04-29 00:00:00+00:00
[2024-04-29T17:43:52.262+0000] {processor.py:183} INFO - Processing /home/airflow/.local/lib/python3.8/site-packages/airflow/example_dags/example_short_circuit_operator.py took 0.094 seconds
[2024-04-29T17:44:22.644+0000] {processor.py:161} INFO - Started process (PID=7382) to work on /home/airflow/.local/lib/python3.8/site-packages/airflow/example_dags/example_short_circuit_operator.py
[2024-04-29T17:44:22.645+0000] {processor.py:830} INFO - Processing file /home/airflow/.local/lib/python3.8/site-packages/airflow/example_dags/example_short_circuit_operator.py for tasks to queue
[2024-04-29T17:44:22.650+0000] {logging_mixin.py:188} INFO - [2024-04-29T17:44:22.650+0000] {dagbag.py:540} INFO - Filling up the DagBag from /home/airflow/.local/lib/python3.8/site-packages/airflow/example_dags/example_short_circuit_operator.py
[2024-04-29T17:44:22.664+0000] {processor.py:840} INFO - DAG(s) 'example_short_circuit_operator' retrieved from /home/airflow/.local/lib/python3.8/site-packages/airflow/example_dags/example_short_circuit_operator.py
[2024-04-29T17:44:22.747+0000] {logging_mixin.py:188} INFO - [2024-04-29T17:44:22.746+0000] {dag.py:3047} INFO - Sync 1 DAGs
[2024-04-29T17:44:22.786+0000] {logging_mixin.py:188} INFO - [2024-04-29T17:44:22.786+0000] {dag.py:3834} INFO - Setting next_dagrun for example_short_circuit_operator to 2024-04-28 00:00:00+00:00, run_after=2024-04-29 00:00:00+00:00
[2024-04-29T17:44:22.811+0000] {processor.py:183} INFO - Processing /home/airflow/.local/lib/python3.8/site-packages/airflow/example_dags/example_short_circuit_operator.py took 0.170 seconds
[2024-04-29T17:44:53.189+0000] {processor.py:161} INFO - Started process (PID=7629) to work on /home/airflow/.local/lib/python3.8/site-packages/airflow/example_dags/example_short_circuit_operator.py
[2024-04-29T17:44:53.190+0000] {processor.py:830} INFO - Processing file /home/airflow/.local/lib/python3.8/site-packages/airflow/example_dags/example_short_circuit_operator.py for tasks to queue
[2024-04-29T17:44:53.191+0000] {logging_mixin.py:188} INFO - [2024-04-29T17:44:53.191+0000] {dagbag.py:540} INFO - Filling up the DagBag from /home/airflow/.local/lib/python3.8/site-packages/airflow/example_dags/example_short_circuit_operator.py
[2024-04-29T17:44:53.201+0000] {processor.py:840} INFO - DAG(s) 'example_short_circuit_operator' retrieved from /home/airflow/.local/lib/python3.8/site-packages/airflow/example_dags/example_short_circuit_operator.py
[2024-04-29T17:44:53.277+0000] {logging_mixin.py:188} INFO - [2024-04-29T17:44:53.277+0000] {dag.py:3047} INFO - Sync 1 DAGs
[2024-04-29T17:44:53.303+0000] {logging_mixin.py:188} INFO - [2024-04-29T17:44:53.302+0000] {dag.py:3834} INFO - Setting next_dagrun for example_short_circuit_operator to 2024-04-28 00:00:00+00:00, run_after=2024-04-29 00:00:00+00:00
[2024-04-29T17:44:53.326+0000] {processor.py:183} INFO - Processing /home/airflow/.local/lib/python3.8/site-packages/airflow/example_dags/example_short_circuit_operator.py took 0.141 seconds
[2024-04-29T17:45:23.597+0000] {processor.py:161} INFO - Started process (PID=7877) to work on /home/airflow/.local/lib/python3.8/site-packages/airflow/example_dags/example_short_circuit_operator.py
[2024-04-29T17:45:23.599+0000] {processor.py:830} INFO - Processing file /home/airflow/.local/lib/python3.8/site-packages/airflow/example_dags/example_short_circuit_operator.py for tasks to queue
[2024-04-29T17:45:23.600+0000] {logging_mixin.py:188} INFO - [2024-04-29T17:45:23.599+0000] {dagbag.py:540} INFO - Filling up the DagBag from /home/airflow/.local/lib/python3.8/site-packages/airflow/example_dags/example_short_circuit_operator.py
[2024-04-29T17:45:23.610+0000] {processor.py:840} INFO - DAG(s) 'example_short_circuit_operator' retrieved from /home/airflow/.local/lib/python3.8/site-packages/airflow/example_dags/example_short_circuit_operator.py
[2024-04-29T17:45:23.640+0000] {logging_mixin.py:188} INFO - [2024-04-29T17:45:23.639+0000] {dag.py:3047} INFO - Sync 1 DAGs
[2024-04-29T17:45:23.666+0000] {logging_mixin.py:188} INFO - [2024-04-29T17:45:23.666+0000] {dag.py:3834} INFO - Setting next_dagrun for example_short_circuit_operator to 2024-04-28 00:00:00+00:00, run_after=2024-04-29 00:00:00+00:00
[2024-04-29T17:45:23.692+0000] {processor.py:183} INFO - Processing /home/airflow/.local/lib/python3.8/site-packages/airflow/example_dags/example_short_circuit_operator.py took 0.098 seconds
[2024-04-29T17:45:53.971+0000] {processor.py:161} INFO - Started process (PID=8125) to work on /home/airflow/.local/lib/python3.8/site-packages/airflow/example_dags/example_short_circuit_operator.py
[2024-04-29T17:45:53.972+0000] {processor.py:830} INFO - Processing file /home/airflow/.local/lib/python3.8/site-packages/airflow/example_dags/example_short_circuit_operator.py for tasks to queue
[2024-04-29T17:45:53.973+0000] {logging_mixin.py:188} INFO - [2024-04-29T17:45:53.973+0000] {dagbag.py:540} INFO - Filling up the DagBag from /home/airflow/.local/lib/python3.8/site-packages/airflow/example_dags/example_short_circuit_operator.py
[2024-04-29T17:45:53.982+0000] {processor.py:840} INFO - DAG(s) 'example_short_circuit_operator' retrieved from /home/airflow/.local/lib/python3.8/site-packages/airflow/example_dags/example_short_circuit_operator.py
[2024-04-29T17:45:54.012+0000] {logging_mixin.py:188} INFO - [2024-04-29T17:45:54.012+0000] {dag.py:3047} INFO - Sync 1 DAGs
[2024-04-29T17:45:54.039+0000] {logging_mixin.py:188} INFO - [2024-04-29T17:45:54.038+0000] {dag.py:3834} INFO - Setting next_dagrun for example_short_circuit_operator to 2024-04-28 00:00:00+00:00, run_after=2024-04-29 00:00:00+00:00
[2024-04-29T17:45:54.063+0000] {processor.py:183} INFO - Processing /home/airflow/.local/lib/python3.8/site-packages/airflow/example_dags/example_short_circuit_operator.py took 0.095 seconds
[2024-04-29T17:46:24.155+0000] {processor.py:161} INFO - Started process (PID=8373) to work on /home/airflow/.local/lib/python3.8/site-packages/airflow/example_dags/example_short_circuit_operator.py
[2024-04-29T17:46:24.156+0000] {processor.py:830} INFO - Processing file /home/airflow/.local/lib/python3.8/site-packages/airflow/example_dags/example_short_circuit_operator.py for tasks to queue
[2024-04-29T17:46:24.157+0000] {logging_mixin.py:188} INFO - [2024-04-29T17:46:24.157+0000] {dagbag.py:540} INFO - Filling up the DagBag from /home/airflow/.local/lib/python3.8/site-packages/airflow/example_dags/example_short_circuit_operator.py
[2024-04-29T17:46:24.166+0000] {processor.py:840} INFO - DAG(s) 'example_short_circuit_operator' retrieved from /home/airflow/.local/lib/python3.8/site-packages/airflow/example_dags/example_short_circuit_operator.py
[2024-04-29T17:46:24.200+0000] {logging_mixin.py:188} INFO - [2024-04-29T17:46:24.199+0000] {dag.py:3047} INFO - Sync 1 DAGs
[2024-04-29T17:46:24.226+0000] {logging_mixin.py:188} INFO - [2024-04-29T17:46:24.226+0000] {dag.py:3834} INFO - Setting next_dagrun for example_short_circuit_operator to 2024-04-28 00:00:00+00:00, run_after=2024-04-29 00:00:00+00:00
[2024-04-29T17:46:24.249+0000] {processor.py:183} INFO - Processing /home/airflow/.local/lib/python3.8/site-packages/airflow/example_dags/example_short_circuit_operator.py took 0.097 seconds
[2024-04-29T17:46:54.606+0000] {processor.py:161} INFO - Started process (PID=8620) to work on /home/airflow/.local/lib/python3.8/site-packages/airflow/example_dags/example_short_circuit_operator.py
[2024-04-29T17:46:54.608+0000] {processor.py:830} INFO - Processing file /home/airflow/.local/lib/python3.8/site-packages/airflow/example_dags/example_short_circuit_operator.py for tasks to queue
[2024-04-29T17:46:54.609+0000] {logging_mixin.py:188} INFO - [2024-04-29T17:46:54.609+0000] {dagbag.py:540} INFO - Filling up the DagBag from /home/airflow/.local/lib/python3.8/site-packages/airflow/example_dags/example_short_circuit_operator.py
[2024-04-29T17:46:54.619+0000] {processor.py:840} INFO - DAG(s) 'example_short_circuit_operator' retrieved from /home/airflow/.local/lib/python3.8/site-packages/airflow/example_dags/example_short_circuit_operator.py
[2024-04-29T17:46:54.651+0000] {logging_mixin.py:188} INFO - [2024-04-29T17:46:54.651+0000] {dag.py:3047} INFO - Sync 1 DAGs
[2024-04-29T17:46:54.677+0000] {logging_mixin.py:188} INFO - [2024-04-29T17:46:54.677+0000] {dag.py:3834} INFO - Setting next_dagrun for example_short_circuit_operator to 2024-04-28 00:00:00+00:00, run_after=2024-04-29 00:00:00+00:00
[2024-04-29T17:46:54.701+0000] {processor.py:183} INFO - Processing /home/airflow/.local/lib/python3.8/site-packages/airflow/example_dags/example_short_circuit_operator.py took 0.100 seconds
[2024-04-29T17:47:25.293+0000] {processor.py:161} INFO - Started process (PID=8868) to work on /home/airflow/.local/lib/python3.8/site-packages/airflow/example_dags/example_short_circuit_operator.py
[2024-04-29T17:47:25.294+0000] {processor.py:830} INFO - Processing file /home/airflow/.local/lib/python3.8/site-packages/airflow/example_dags/example_short_circuit_operator.py for tasks to queue
[2024-04-29T17:47:25.295+0000] {logging_mixin.py:188} INFO - [2024-04-29T17:47:25.295+0000] {dagbag.py:540} INFO - Filling up the DagBag from /home/airflow/.local/lib/python3.8/site-packages/airflow/example_dags/example_short_circuit_operator.py
[2024-04-29T17:47:25.304+0000] {processor.py:840} INFO - DAG(s) 'example_short_circuit_operator' retrieved from /home/airflow/.local/lib/python3.8/site-packages/airflow/example_dags/example_short_circuit_operator.py
[2024-04-29T17:47:25.339+0000] {logging_mixin.py:188} INFO - [2024-04-29T17:47:25.339+0000] {dag.py:3047} INFO - Sync 1 DAGs
[2024-04-29T17:47:25.369+0000] {logging_mixin.py:188} INFO - [2024-04-29T17:47:25.369+0000] {dag.py:3834} INFO - Setting next_dagrun for example_short_circuit_operator to 2024-04-28 00:00:00+00:00, run_after=2024-04-29 00:00:00+00:00
[2024-04-29T17:47:25.396+0000] {processor.py:183} INFO - Processing /home/airflow/.local/lib/python3.8/site-packages/airflow/example_dags/example_short_circuit_operator.py took 0.106 seconds
[2024-04-29T17:47:55.515+0000] {processor.py:161} INFO - Started process (PID=9121) to work on /home/airflow/.local/lib/python3.8/site-packages/airflow/example_dags/example_short_circuit_operator.py
[2024-04-29T17:47:55.516+0000] {processor.py:830} INFO - Processing file /home/airflow/.local/lib/python3.8/site-packages/airflow/example_dags/example_short_circuit_operator.py for tasks to queue
[2024-04-29T17:47:55.517+0000] {logging_mixin.py:188} INFO - [2024-04-29T17:47:55.517+0000] {dagbag.py:540} INFO - Filling up the DagBag from /home/airflow/.local/lib/python3.8/site-packages/airflow/example_dags/example_short_circuit_operator.py
[2024-04-29T17:47:55.527+0000] {processor.py:840} INFO - DAG(s) 'example_short_circuit_operator' retrieved from /home/airflow/.local/lib/python3.8/site-packages/airflow/example_dags/example_short_circuit_operator.py
[2024-04-29T17:47:55.580+0000] {logging_mixin.py:188} INFO - [2024-04-29T17:47:55.580+0000] {dag.py:3047} INFO - Sync 1 DAGs
[2024-04-29T17:47:55.603+0000] {logging_mixin.py:188} INFO - [2024-04-29T17:47:55.603+0000] {dag.py:3834} INFO - Setting next_dagrun for example_short_circuit_operator to 2024-04-28 00:00:00+00:00, run_after=2024-04-29 00:00:00+00:00
[2024-04-29T17:47:55.624+0000] {processor.py:183} INFO - Processing /home/airflow/.local/lib/python3.8/site-packages/airflow/example_dags/example_short_circuit_operator.py took 0.113 seconds
[2024-04-29T17:48:26.041+0000] {processor.py:161} INFO - Started process (PID=9363) to work on /home/airflow/.local/lib/python3.8/site-packages/airflow/example_dags/example_short_circuit_operator.py
[2024-04-29T17:48:26.042+0000] {processor.py:830} INFO - Processing file /home/airflow/.local/lib/python3.8/site-packages/airflow/example_dags/example_short_circuit_operator.py for tasks to queue
[2024-04-29T17:48:26.044+0000] {logging_mixin.py:188} INFO - [2024-04-29T17:48:26.043+0000] {dagbag.py:540} INFO - Filling up the DagBag from /home/airflow/.local/lib/python3.8/site-packages/airflow/example_dags/example_short_circuit_operator.py
[2024-04-29T17:48:26.055+0000] {processor.py:840} INFO - DAG(s) 'example_short_circuit_operator' retrieved from /home/airflow/.local/lib/python3.8/site-packages/airflow/example_dags/example_short_circuit_operator.py
[2024-04-29T17:48:26.082+0000] {logging_mixin.py:188} INFO - [2024-04-29T17:48:26.082+0000] {dag.py:3047} INFO - Sync 1 DAGs
[2024-04-29T17:48:26.112+0000] {logging_mixin.py:188} INFO - [2024-04-29T17:48:26.112+0000] {dag.py:3834} INFO - Setting next_dagrun for example_short_circuit_operator to 2024-04-28 00:00:00+00:00, run_after=2024-04-29 00:00:00+00:00
[2024-04-29T17:48:26.156+0000] {processor.py:183} INFO - Processing /home/airflow/.local/lib/python3.8/site-packages/airflow/example_dags/example_short_circuit_operator.py took 0.118 seconds
[2024-04-29T17:48:56.240+0000] {processor.py:161} INFO - Started process (PID=9611) to work on /home/airflow/.local/lib/python3.8/site-packages/airflow/example_dags/example_short_circuit_operator.py
[2024-04-29T17:48:56.240+0000] {processor.py:830} INFO - Processing file /home/airflow/.local/lib/python3.8/site-packages/airflow/example_dags/example_short_circuit_operator.py for tasks to queue
[2024-04-29T17:48:56.241+0000] {logging_mixin.py:188} INFO - [2024-04-29T17:48:56.241+0000] {dagbag.py:540} INFO - Filling up the DagBag from /home/airflow/.local/lib/python3.8/site-packages/airflow/example_dags/example_short_circuit_operator.py
[2024-04-29T17:48:56.263+0000] {processor.py:840} INFO - DAG(s) 'example_short_circuit_operator' retrieved from /home/airflow/.local/lib/python3.8/site-packages/airflow/example_dags/example_short_circuit_operator.py
[2024-04-29T17:48:56.334+0000] {logging_mixin.py:188} INFO - [2024-04-29T17:48:56.334+0000] {dag.py:3047} INFO - Sync 1 DAGs
[2024-04-29T17:48:56.384+0000] {logging_mixin.py:188} INFO - [2024-04-29T17:48:56.384+0000] {dag.py:3834} INFO - Setting next_dagrun for example_short_circuit_operator to 2024-04-28 00:00:00+00:00, run_after=2024-04-29 00:00:00+00:00
[2024-04-29T17:48:56.425+0000] {processor.py:183} INFO - Processing /home/airflow/.local/lib/python3.8/site-packages/airflow/example_dags/example_short_circuit_operator.py took 0.189 seconds
[2024-04-29T17:49:26.528+0000] {processor.py:161} INFO - Started process (PID=9859) to work on /home/airflow/.local/lib/python3.8/site-packages/airflow/example_dags/example_short_circuit_operator.py
[2024-04-29T17:49:26.531+0000] {processor.py:830} INFO - Processing file /home/airflow/.local/lib/python3.8/site-packages/airflow/example_dags/example_short_circuit_operator.py for tasks to queue
[2024-04-29T17:49:26.534+0000] {logging_mixin.py:188} INFO - [2024-04-29T17:49:26.533+0000] {dagbag.py:540} INFO - Filling up the DagBag from /home/airflow/.local/lib/python3.8/site-packages/airflow/example_dags/example_short_circuit_operator.py
[2024-04-29T17:49:26.552+0000] {processor.py:840} INFO - DAG(s) 'example_short_circuit_operator' retrieved from /home/airflow/.local/lib/python3.8/site-packages/airflow/example_dags/example_short_circuit_operator.py
[2024-04-29T17:49:26.587+0000] {logging_mixin.py:188} INFO - [2024-04-29T17:49:26.587+0000] {dag.py:3047} INFO - Sync 1 DAGs
[2024-04-29T17:49:26.613+0000] {logging_mixin.py:188} INFO - [2024-04-29T17:49:26.613+0000] {dag.py:3834} INFO - Setting next_dagrun for example_short_circuit_operator to 2024-04-28 00:00:00+00:00, run_after=2024-04-29 00:00:00+00:00
[2024-04-29T17:49:26.636+0000] {processor.py:183} INFO - Processing /home/airflow/.local/lib/python3.8/site-packages/airflow/example_dags/example_short_circuit_operator.py took 0.111 seconds
[2024-04-29T17:49:57.043+0000] {processor.py:161} INFO - Started process (PID=10107) to work on /home/airflow/.local/lib/python3.8/site-packages/airflow/example_dags/example_short_circuit_operator.py
[2024-04-29T17:49:57.044+0000] {processor.py:830} INFO - Processing file /home/airflow/.local/lib/python3.8/site-packages/airflow/example_dags/example_short_circuit_operator.py for tasks to queue
[2024-04-29T17:49:57.045+0000] {logging_mixin.py:188} INFO - [2024-04-29T17:49:57.045+0000] {dagbag.py:540} INFO - Filling up the DagBag from /home/airflow/.local/lib/python3.8/site-packages/airflow/example_dags/example_short_circuit_operator.py
[2024-04-29T17:49:57.055+0000] {processor.py:840} INFO - DAG(s) 'example_short_circuit_operator' retrieved from /home/airflow/.local/lib/python3.8/site-packages/airflow/example_dags/example_short_circuit_operator.py
[2024-04-29T17:49:57.086+0000] {logging_mixin.py:188} INFO - [2024-04-29T17:49:57.084+0000] {dag.py:3047} INFO - Sync 1 DAGs
[2024-04-29T17:49:57.111+0000] {logging_mixin.py:188} INFO - [2024-04-29T17:49:57.111+0000] {dag.py:3834} INFO - Setting next_dagrun for example_short_circuit_operator to 2024-04-28 00:00:00+00:00, run_after=2024-04-29 00:00:00+00:00
[2024-04-29T17:49:57.135+0000] {processor.py:183} INFO - Processing /home/airflow/.local/lib/python3.8/site-packages/airflow/example_dags/example_short_circuit_operator.py took 0.096 seconds
[2024-04-29T17:50:27.223+0000] {processor.py:161} INFO - Started process (PID=10394) to work on /home/airflow/.local/lib/python3.8/site-packages/airflow/example_dags/example_short_circuit_operator.py
[2024-04-29T17:50:27.224+0000] {processor.py:830} INFO - Processing file /home/airflow/.local/lib/python3.8/site-packages/airflow/example_dags/example_short_circuit_operator.py for tasks to queue
[2024-04-29T17:50:27.224+0000] {logging_mixin.py:188} INFO - [2024-04-29T17:50:27.224+0000] {dagbag.py:540} INFO - Filling up the DagBag from /home/airflow/.local/lib/python3.8/site-packages/airflow/example_dags/example_short_circuit_operator.py
[2024-04-29T17:50:27.240+0000] {processor.py:840} INFO - DAG(s) 'example_short_circuit_operator' retrieved from /home/airflow/.local/lib/python3.8/site-packages/airflow/example_dags/example_short_circuit_operator.py
[2024-04-29T17:50:27.268+0000] {logging_mixin.py:188} INFO - [2024-04-29T17:50:27.268+0000] {dag.py:3047} INFO - Sync 1 DAGs
[2024-04-29T17:50:27.292+0000] {logging_mixin.py:188} INFO - [2024-04-29T17:50:27.292+0000] {dag.py:3834} INFO - Setting next_dagrun for example_short_circuit_operator to 2024-04-28 00:00:00+00:00, run_after=2024-04-29 00:00:00+00:00
[2024-04-29T17:50:27.315+0000] {processor.py:183} INFO - Processing /home/airflow/.local/lib/python3.8/site-packages/airflow/example_dags/example_short_circuit_operator.py took 0.096 seconds
[2024-04-29T17:50:58.099+0000] {processor.py:161} INFO - Started process (PID=10678) to work on /home/airflow/.local/lib/python3.8/site-packages/airflow/example_dags/example_short_circuit_operator.py
[2024-04-29T17:50:58.100+0000] {processor.py:830} INFO - Processing file /home/airflow/.local/lib/python3.8/site-packages/airflow/example_dags/example_short_circuit_operator.py for tasks to queue
[2024-04-29T17:50:58.111+0000] {logging_mixin.py:188} INFO - [2024-04-29T17:50:58.111+0000] {dagbag.py:540} INFO - Filling up the DagBag from /home/airflow/.local/lib/python3.8/site-packages/airflow/example_dags/example_short_circuit_operator.py
[2024-04-29T17:50:58.133+0000] {processor.py:840} INFO - DAG(s) 'example_short_circuit_operator' retrieved from /home/airflow/.local/lib/python3.8/site-packages/airflow/example_dags/example_short_circuit_operator.py
[2024-04-29T17:50:58.161+0000] {logging_mixin.py:188} INFO - [2024-04-29T17:50:58.160+0000] {dag.py:3047} INFO - Sync 1 DAGs
[2024-04-29T17:50:58.184+0000] {logging_mixin.py:188} INFO - [2024-04-29T17:50:58.184+0000] {dag.py:3834} INFO - Setting next_dagrun for example_short_circuit_operator to 2024-04-28 00:00:00+00:00, run_after=2024-04-29 00:00:00+00:00
[2024-04-29T17:50:58.221+0000] {processor.py:183} INFO - Processing /home/airflow/.local/lib/python3.8/site-packages/airflow/example_dags/example_short_circuit_operator.py took 0.127 seconds
[2024-04-29T17:51:28.830+0000] {processor.py:161} INFO - Started process (PID=10959) to work on /home/airflow/.local/lib/python3.8/site-packages/airflow/example_dags/example_short_circuit_operator.py
[2024-04-29T17:51:28.831+0000] {processor.py:830} INFO - Processing file /home/airflow/.local/lib/python3.8/site-packages/airflow/example_dags/example_short_circuit_operator.py for tasks to queue
[2024-04-29T17:51:28.831+0000] {logging_mixin.py:188} INFO - [2024-04-29T17:51:28.831+0000] {dagbag.py:540} INFO - Filling up the DagBag from /home/airflow/.local/lib/python3.8/site-packages/airflow/example_dags/example_short_circuit_operator.py
[2024-04-29T17:51:28.841+0000] {processor.py:840} INFO - DAG(s) 'example_short_circuit_operator' retrieved from /home/airflow/.local/lib/python3.8/site-packages/airflow/example_dags/example_short_circuit_operator.py
[2024-04-29T17:51:28.872+0000] {logging_mixin.py:188} INFO - [2024-04-29T17:51:28.872+0000] {dag.py:3047} INFO - Sync 1 DAGs
[2024-04-29T17:51:28.898+0000] {logging_mixin.py:188} INFO - [2024-04-29T17:51:28.898+0000] {dag.py:3834} INFO - Setting next_dagrun for example_short_circuit_operator to 2024-04-28 00:00:00+00:00, run_after=2024-04-29 00:00:00+00:00
[2024-04-29T17:51:28.932+0000] {processor.py:183} INFO - Processing /home/airflow/.local/lib/python3.8/site-packages/airflow/example_dags/example_short_circuit_operator.py took 0.105 seconds
[2024-04-29T17:51:59.531+0000] {processor.py:161} INFO - Started process (PID=11230) to work on /home/airflow/.local/lib/python3.8/site-packages/airflow/example_dags/example_short_circuit_operator.py
[2024-04-29T17:51:59.532+0000] {processor.py:830} INFO - Processing file /home/airflow/.local/lib/python3.8/site-packages/airflow/example_dags/example_short_circuit_operator.py for tasks to queue
[2024-04-29T17:51:59.533+0000] {logging_mixin.py:188} INFO - [2024-04-29T17:51:59.533+0000] {dagbag.py:540} INFO - Filling up the DagBag from /home/airflow/.local/lib/python3.8/site-packages/airflow/example_dags/example_short_circuit_operator.py
[2024-04-29T17:51:59.553+0000] {processor.py:840} INFO - DAG(s) 'example_short_circuit_operator' retrieved from /home/airflow/.local/lib/python3.8/site-packages/airflow/example_dags/example_short_circuit_operator.py
[2024-04-29T17:51:59.585+0000] {logging_mixin.py:188} INFO - [2024-04-29T17:51:59.584+0000] {dag.py:3047} INFO - Sync 1 DAGs
[2024-04-29T17:51:59.610+0000] {logging_mixin.py:188} INFO - [2024-04-29T17:51:59.609+0000] {dag.py:3834} INFO - Setting next_dagrun for example_short_circuit_operator to 2024-04-28 00:00:00+00:00, run_after=2024-04-29 00:00:00+00:00
[2024-04-29T17:51:59.636+0000] {processor.py:183} INFO - Processing /home/airflow/.local/lib/python3.8/site-packages/airflow/example_dags/example_short_circuit_operator.py took 0.110 seconds
[2024-04-29T17:52:30.306+0000] {processor.py:161} INFO - Started process (PID=11507) to work on /home/airflow/.local/lib/python3.8/site-packages/airflow/example_dags/example_short_circuit_operator.py
[2024-04-29T17:52:30.307+0000] {processor.py:830} INFO - Processing file /home/airflow/.local/lib/python3.8/site-packages/airflow/example_dags/example_short_circuit_operator.py for tasks to queue
[2024-04-29T17:52:30.308+0000] {logging_mixin.py:188} INFO - [2024-04-29T17:52:30.307+0000] {dagbag.py:540} INFO - Filling up the DagBag from /home/airflow/.local/lib/python3.8/site-packages/airflow/example_dags/example_short_circuit_operator.py
[2024-04-29T17:52:30.319+0000] {processor.py:840} INFO - DAG(s) 'example_short_circuit_operator' retrieved from /home/airflow/.local/lib/python3.8/site-packages/airflow/example_dags/example_short_circuit_operator.py
[2024-04-29T17:52:30.348+0000] {logging_mixin.py:188} INFO - [2024-04-29T17:52:30.347+0000] {dag.py:3047} INFO - Sync 1 DAGs
[2024-04-29T17:52:30.373+0000] {logging_mixin.py:188} INFO - [2024-04-29T17:52:30.373+0000] {dag.py:3834} INFO - Setting next_dagrun for example_short_circuit_operator to 2024-04-28 00:00:00+00:00, run_after=2024-04-29 00:00:00+00:00
[2024-04-29T17:52:30.398+0000] {processor.py:183} INFO - Processing /home/airflow/.local/lib/python3.8/site-packages/airflow/example_dags/example_short_circuit_operator.py took 0.096 seconds
[2024-04-29T17:53:00.429+0000] {processor.py:161} INFO - Started process (PID=11779) to work on /home/airflow/.local/lib/python3.8/site-packages/airflow/example_dags/example_short_circuit_operator.py
[2024-04-29T17:53:00.430+0000] {processor.py:830} INFO - Processing file /home/airflow/.local/lib/python3.8/site-packages/airflow/example_dags/example_short_circuit_operator.py for tasks to queue
[2024-04-29T17:53:00.431+0000] {logging_mixin.py:188} INFO - [2024-04-29T17:53:00.430+0000] {dagbag.py:540} INFO - Filling up the DagBag from /home/airflow/.local/lib/python3.8/site-packages/airflow/example_dags/example_short_circuit_operator.py
[2024-04-29T17:53:00.437+0000] {processor.py:840} INFO - DAG(s) 'example_short_circuit_operator' retrieved from /home/airflow/.local/lib/python3.8/site-packages/airflow/example_dags/example_short_circuit_operator.py
[2024-04-29T17:53:00.462+0000] {logging_mixin.py:188} INFO - [2024-04-29T17:53:00.461+0000] {dag.py:3047} INFO - Sync 1 DAGs
[2024-04-29T17:53:00.487+0000] {logging_mixin.py:188} INFO - [2024-04-29T17:53:00.486+0000] {dag.py:3834} INFO - Setting next_dagrun for example_short_circuit_operator to 2024-04-28 00:00:00+00:00, run_after=2024-04-29 00:00:00+00:00
[2024-04-29T17:53:00.514+0000] {processor.py:183} INFO - Processing /home/airflow/.local/lib/python3.8/site-packages/airflow/example_dags/example_short_circuit_operator.py took 0.087 seconds
[2024-04-29T17:53:31.107+0000] {processor.py:161} INFO - Started process (PID=12046) to work on /home/airflow/.local/lib/python3.8/site-packages/airflow/example_dags/example_short_circuit_operator.py
[2024-04-29T17:53:31.108+0000] {processor.py:830} INFO - Processing file /home/airflow/.local/lib/python3.8/site-packages/airflow/example_dags/example_short_circuit_operator.py for tasks to queue
[2024-04-29T17:53:31.109+0000] {logging_mixin.py:188} INFO - [2024-04-29T17:53:31.109+0000] {dagbag.py:540} INFO - Filling up the DagBag from /home/airflow/.local/lib/python3.8/site-packages/airflow/example_dags/example_short_circuit_operator.py
[2024-04-29T17:53:31.122+0000] {processor.py:840} INFO - DAG(s) 'example_short_circuit_operator' retrieved from /home/airflow/.local/lib/python3.8/site-packages/airflow/example_dags/example_short_circuit_operator.py
[2024-04-29T17:53:31.150+0000] {logging_mixin.py:188} INFO - [2024-04-29T17:53:31.149+0000] {dag.py:3047} INFO - Sync 1 DAGs
[2024-04-29T17:53:31.175+0000] {logging_mixin.py:188} INFO - [2024-04-29T17:53:31.175+0000] {dag.py:3834} INFO - Setting next_dagrun for example_short_circuit_operator to 2024-04-28 00:00:00+00:00, run_after=2024-04-29 00:00:00+00:00
[2024-04-29T17:53:31.198+0000] {processor.py:183} INFO - Processing /home/airflow/.local/lib/python3.8/site-packages/airflow/example_dags/example_short_circuit_operator.py took 0.094 seconds
[2024-04-29T17:54:01.824+0000] {processor.py:161} INFO - Started process (PID=12308) to work on /home/airflow/.local/lib/python3.8/site-packages/airflow/example_dags/example_short_circuit_operator.py
[2024-04-29T17:54:01.825+0000] {processor.py:830} INFO - Processing file /home/airflow/.local/lib/python3.8/site-packages/airflow/example_dags/example_short_circuit_operator.py for tasks to queue
[2024-04-29T17:54:01.826+0000] {logging_mixin.py:188} INFO - [2024-04-29T17:54:01.826+0000] {dagbag.py:540} INFO - Filling up the DagBag from /home/airflow/.local/lib/python3.8/site-packages/airflow/example_dags/example_short_circuit_operator.py
[2024-04-29T17:54:01.835+0000] {processor.py:840} INFO - DAG(s) 'example_short_circuit_operator' retrieved from /home/airflow/.local/lib/python3.8/site-packages/airflow/example_dags/example_short_circuit_operator.py
[2024-04-29T17:54:01.865+0000] {logging_mixin.py:188} INFO - [2024-04-29T17:54:01.864+0000] {dag.py:3047} INFO - Sync 1 DAGs
[2024-04-29T17:54:01.891+0000] {logging_mixin.py:188} INFO - [2024-04-29T17:54:01.890+0000] {dag.py:3834} INFO - Setting next_dagrun for example_short_circuit_operator to 2024-04-28 00:00:00+00:00, run_after=2024-04-29 00:00:00+00:00
[2024-04-29T17:54:01.915+0000] {processor.py:183} INFO - Processing /home/airflow/.local/lib/python3.8/site-packages/airflow/example_dags/example_short_circuit_operator.py took 0.095 seconds
[2024-04-29T17:54:32.565+0000] {processor.py:161} INFO - Started process (PID=12585) to work on /home/airflow/.local/lib/python3.8/site-packages/airflow/example_dags/example_short_circuit_operator.py
[2024-04-29T17:54:32.566+0000] {processor.py:830} INFO - Processing file /home/airflow/.local/lib/python3.8/site-packages/airflow/example_dags/example_short_circuit_operator.py for tasks to queue
[2024-04-29T17:54:32.567+0000] {logging_mixin.py:188} INFO - [2024-04-29T17:54:32.567+0000] {dagbag.py:540} INFO - Filling up the DagBag from /home/airflow/.local/lib/python3.8/site-packages/airflow/example_dags/example_short_circuit_operator.py
[2024-04-29T17:54:32.577+0000] {processor.py:840} INFO - DAG(s) 'example_short_circuit_operator' retrieved from /home/airflow/.local/lib/python3.8/site-packages/airflow/example_dags/example_short_circuit_operator.py
[2024-04-29T17:54:32.607+0000] {logging_mixin.py:188} INFO - [2024-04-29T17:54:32.607+0000] {dag.py:3047} INFO - Sync 1 DAGs
[2024-04-29T17:54:32.633+0000] {logging_mixin.py:188} INFO - [2024-04-29T17:54:32.633+0000] {dag.py:3834} INFO - Setting next_dagrun for example_short_circuit_operator to 2024-04-28 00:00:00+00:00, run_after=2024-04-29 00:00:00+00:00
[2024-04-29T17:54:32.659+0000] {processor.py:183} INFO - Processing /home/airflow/.local/lib/python3.8/site-packages/airflow/example_dags/example_short_circuit_operator.py took 0.097 seconds
[2024-04-29T17:55:03.284+0000] {processor.py:161} INFO - Started process (PID=12837) to work on /home/airflow/.local/lib/python3.8/site-packages/airflow/example_dags/example_short_circuit_operator.py
[2024-04-29T17:55:03.286+0000] {processor.py:830} INFO - Processing file /home/airflow/.local/lib/python3.8/site-packages/airflow/example_dags/example_short_circuit_operator.py for tasks to queue
[2024-04-29T17:55:03.287+0000] {logging_mixin.py:188} INFO - [2024-04-29T17:55:03.286+0000] {dagbag.py:540} INFO - Filling up the DagBag from /home/airflow/.local/lib/python3.8/site-packages/airflow/example_dags/example_short_circuit_operator.py
[2024-04-29T17:55:03.296+0000] {processor.py:840} INFO - DAG(s) 'example_short_circuit_operator' retrieved from /home/airflow/.local/lib/python3.8/site-packages/airflow/example_dags/example_short_circuit_operator.py
[2024-04-29T17:55:03.327+0000] {logging_mixin.py:188} INFO - [2024-04-29T17:55:03.326+0000] {dag.py:3047} INFO - Sync 1 DAGs
[2024-04-29T17:55:03.352+0000] {logging_mixin.py:188} INFO - [2024-04-29T17:55:03.352+0000] {dag.py:3834} INFO - Setting next_dagrun for example_short_circuit_operator to 2024-04-28 00:00:00+00:00, run_after=2024-04-29 00:00:00+00:00
[2024-04-29T17:55:03.378+0000] {processor.py:183} INFO - Processing /home/airflow/.local/lib/python3.8/site-packages/airflow/example_dags/example_short_circuit_operator.py took 0.096 seconds
[2024-04-29T17:55:33.885+0000] {processor.py:161} INFO - Started process (PID=13099) to work on /home/airflow/.local/lib/python3.8/site-packages/airflow/example_dags/example_short_circuit_operator.py
[2024-04-29T17:55:33.887+0000] {processor.py:830} INFO - Processing file /home/airflow/.local/lib/python3.8/site-packages/airflow/example_dags/example_short_circuit_operator.py for tasks to queue
[2024-04-29T17:55:33.888+0000] {logging_mixin.py:188} INFO - [2024-04-29T17:55:33.887+0000] {dagbag.py:540} INFO - Filling up the DagBag from /home/airflow/.local/lib/python3.8/site-packages/airflow/example_dags/example_short_circuit_operator.py
[2024-04-29T17:55:33.898+0000] {processor.py:840} INFO - DAG(s) 'example_short_circuit_operator' retrieved from /home/airflow/.local/lib/python3.8/site-packages/airflow/example_dags/example_short_circuit_operator.py
[2024-04-29T17:55:33.927+0000] {logging_mixin.py:188} INFO - [2024-04-29T17:55:33.927+0000] {dag.py:3047} INFO - Sync 1 DAGs
[2024-04-29T17:55:33.962+0000] {logging_mixin.py:188} INFO - [2024-04-29T17:55:33.962+0000] {dag.py:3834} INFO - Setting next_dagrun for example_short_circuit_operator to 2024-04-28 00:00:00+00:00, run_after=2024-04-29 00:00:00+00:00
[2024-04-29T17:55:33.999+0000] {processor.py:183} INFO - Processing /home/airflow/.local/lib/python3.8/site-packages/airflow/example_dags/example_short_circuit_operator.py took 0.117 seconds
[2024-04-29T17:56:04.096+0000] {processor.py:161} INFO - Started process (PID=13356) to work on /home/airflow/.local/lib/python3.8/site-packages/airflow/example_dags/example_short_circuit_operator.py
[2024-04-29T17:56:04.097+0000] {processor.py:830} INFO - Processing file /home/airflow/.local/lib/python3.8/site-packages/airflow/example_dags/example_short_circuit_operator.py for tasks to queue
[2024-04-29T17:56:04.098+0000] {logging_mixin.py:188} INFO - [2024-04-29T17:56:04.098+0000] {dagbag.py:540} INFO - Filling up the DagBag from /home/airflow/.local/lib/python3.8/site-packages/airflow/example_dags/example_short_circuit_operator.py
[2024-04-29T17:56:04.110+0000] {processor.py:840} INFO - DAG(s) 'example_short_circuit_operator' retrieved from /home/airflow/.local/lib/python3.8/site-packages/airflow/example_dags/example_short_circuit_operator.py
[2024-04-29T17:56:04.139+0000] {logging_mixin.py:188} INFO - [2024-04-29T17:56:04.139+0000] {dag.py:3047} INFO - Sync 1 DAGs
[2024-04-29T17:56:04.165+0000] {logging_mixin.py:188} INFO - [2024-04-29T17:56:04.165+0000] {dag.py:3834} INFO - Setting next_dagrun for example_short_circuit_operator to 2024-04-28 00:00:00+00:00, run_after=2024-04-29 00:00:00+00:00
[2024-04-29T17:56:04.189+0000] {processor.py:183} INFO - Processing /home/airflow/.local/lib/python3.8/site-packages/airflow/example_dags/example_short_circuit_operator.py took 0.097 seconds
[2024-04-29T17:56:34.404+0000] {processor.py:161} INFO - Started process (PID=13613) to work on /home/airflow/.local/lib/python3.8/site-packages/airflow/example_dags/example_short_circuit_operator.py
[2024-04-29T17:56:34.406+0000] {processor.py:830} INFO - Processing file /home/airflow/.local/lib/python3.8/site-packages/airflow/example_dags/example_short_circuit_operator.py for tasks to queue
[2024-04-29T17:56:34.407+0000] {logging_mixin.py:188} INFO - [2024-04-29T17:56:34.406+0000] {dagbag.py:540} INFO - Filling up the DagBag from /home/airflow/.local/lib/python3.8/site-packages/airflow/example_dags/example_short_circuit_operator.py
[2024-04-29T17:56:34.417+0000] {processor.py:840} INFO - DAG(s) 'example_short_circuit_operator' retrieved from /home/airflow/.local/lib/python3.8/site-packages/airflow/example_dags/example_short_circuit_operator.py
[2024-04-29T17:56:34.447+0000] {logging_mixin.py:188} INFO - [2024-04-29T17:56:34.447+0000] {dag.py:3047} INFO - Sync 1 DAGs
[2024-04-29T17:56:34.477+0000] {logging_mixin.py:188} INFO - [2024-04-29T17:56:34.476+0000] {dag.py:3834} INFO - Setting next_dagrun for example_short_circuit_operator to 2024-04-28 00:00:00+00:00, run_after=2024-04-29 00:00:00+00:00
[2024-04-29T17:56:34.501+0000] {processor.py:183} INFO - Processing /home/airflow/.local/lib/python3.8/site-packages/airflow/example_dags/example_short_circuit_operator.py took 0.100 seconds
[2024-04-29T17:57:04.887+0000] {processor.py:161} INFO - Started process (PID=13886) to work on /home/airflow/.local/lib/python3.8/site-packages/airflow/example_dags/example_short_circuit_operator.py
[2024-04-29T17:57:04.888+0000] {processor.py:830} INFO - Processing file /home/airflow/.local/lib/python3.8/site-packages/airflow/example_dags/example_short_circuit_operator.py for tasks to queue
[2024-04-29T17:57:04.889+0000] {logging_mixin.py:188} INFO - [2024-04-29T17:57:04.889+0000] {dagbag.py:540} INFO - Filling up the DagBag from /home/airflow/.local/lib/python3.8/site-packages/airflow/example_dags/example_short_circuit_operator.py
[2024-04-29T17:57:04.899+0000] {processor.py:840} INFO - DAG(s) 'example_short_circuit_operator' retrieved from /home/airflow/.local/lib/python3.8/site-packages/airflow/example_dags/example_short_circuit_operator.py
[2024-04-29T17:57:04.970+0000] {logging_mixin.py:188} INFO - [2024-04-29T17:57:04.970+0000] {dag.py:3047} INFO - Sync 1 DAGs
[2024-04-29T17:57:05.018+0000] {logging_mixin.py:188} INFO - [2024-04-29T17:57:05.018+0000] {dag.py:3834} INFO - Setting next_dagrun for example_short_circuit_operator to 2024-04-28 00:00:00+00:00, run_after=2024-04-29 00:00:00+00:00
[2024-04-29T17:57:05.045+0000] {processor.py:183} INFO - Processing /home/airflow/.local/lib/python3.8/site-packages/airflow/example_dags/example_short_circuit_operator.py took 0.162 seconds
[2024-04-29T17:57:35.587+0000] {processor.py:161} INFO - Started process (PID=14154) to work on /home/airflow/.local/lib/python3.8/site-packages/airflow/example_dags/example_short_circuit_operator.py
[2024-04-29T17:57:35.588+0000] {processor.py:830} INFO - Processing file /home/airflow/.local/lib/python3.8/site-packages/airflow/example_dags/example_short_circuit_operator.py for tasks to queue
[2024-04-29T17:57:35.590+0000] {logging_mixin.py:188} INFO - [2024-04-29T17:57:35.589+0000] {dagbag.py:540} INFO - Filling up the DagBag from /home/airflow/.local/lib/python3.8/site-packages/airflow/example_dags/example_short_circuit_operator.py
[2024-04-29T17:57:35.605+0000] {processor.py:840} INFO - DAG(s) 'example_short_circuit_operator' retrieved from /home/airflow/.local/lib/python3.8/site-packages/airflow/example_dags/example_short_circuit_operator.py
[2024-04-29T17:57:35.636+0000] {logging_mixin.py:188} INFO - [2024-04-29T17:57:35.635+0000] {dag.py:3047} INFO - Sync 1 DAGs
[2024-04-29T17:57:35.661+0000] {logging_mixin.py:188} INFO - [2024-04-29T17:57:35.661+0000] {dag.py:3834} INFO - Setting next_dagrun for example_short_circuit_operator to 2024-04-28 00:00:00+00:00, run_after=2024-04-29 00:00:00+00:00
[2024-04-29T17:57:35.689+0000] {processor.py:183} INFO - Processing /home/airflow/.local/lib/python3.8/site-packages/airflow/example_dags/example_short_circuit_operator.py took 0.105 seconds
[2024-04-29T17:58:06.011+0000] {processor.py:161} INFO - Started process (PID=14412) to work on /home/airflow/.local/lib/python3.8/site-packages/airflow/example_dags/example_short_circuit_operator.py
[2024-04-29T17:58:06.012+0000] {processor.py:830} INFO - Processing file /home/airflow/.local/lib/python3.8/site-packages/airflow/example_dags/example_short_circuit_operator.py for tasks to queue
[2024-04-29T17:58:06.013+0000] {logging_mixin.py:188} INFO - [2024-04-29T17:58:06.013+0000] {dagbag.py:540} INFO - Filling up the DagBag from /home/airflow/.local/lib/python3.8/site-packages/airflow/example_dags/example_short_circuit_operator.py
[2024-04-29T17:58:06.023+0000] {processor.py:840} INFO - DAG(s) 'example_short_circuit_operator' retrieved from /home/airflow/.local/lib/python3.8/site-packages/airflow/example_dags/example_short_circuit_operator.py
[2024-04-29T17:58:06.055+0000] {logging_mixin.py:188} INFO - [2024-04-29T17:58:06.055+0000] {dag.py:3047} INFO - Sync 1 DAGs
[2024-04-29T17:58:06.079+0000] {logging_mixin.py:188} INFO - [2024-04-29T17:58:06.078+0000] {dag.py:3834} INFO - Setting next_dagrun for example_short_circuit_operator to 2024-04-28 00:00:00+00:00, run_after=2024-04-29 00:00:00+00:00
[2024-04-29T17:58:06.101+0000] {processor.py:183} INFO - Processing /home/airflow/.local/lib/python3.8/site-packages/airflow/example_dags/example_short_circuit_operator.py took 0.093 seconds
[2024-04-29T17:58:36.476+0000] {processor.py:161} INFO - Started process (PID=14680) to work on /home/airflow/.local/lib/python3.8/site-packages/airflow/example_dags/example_short_circuit_operator.py
[2024-04-29T17:58:36.477+0000] {processor.py:830} INFO - Processing file /home/airflow/.local/lib/python3.8/site-packages/airflow/example_dags/example_short_circuit_operator.py for tasks to queue
[2024-04-29T17:58:36.479+0000] {logging_mixin.py:188} INFO - [2024-04-29T17:58:36.478+0000] {dagbag.py:540} INFO - Filling up the DagBag from /home/airflow/.local/lib/python3.8/site-packages/airflow/example_dags/example_short_circuit_operator.py
[2024-04-29T17:58:36.488+0000] {processor.py:840} INFO - DAG(s) 'example_short_circuit_operator' retrieved from /home/airflow/.local/lib/python3.8/site-packages/airflow/example_dags/example_short_circuit_operator.py
[2024-04-29T17:58:36.515+0000] {logging_mixin.py:188} INFO - [2024-04-29T17:58:36.515+0000] {dag.py:3047} INFO - Sync 1 DAGs
[2024-04-29T17:58:36.541+0000] {logging_mixin.py:188} INFO - [2024-04-29T17:58:36.541+0000] {dag.py:3834} INFO - Setting next_dagrun for example_short_circuit_operator to 2024-04-28 00:00:00+00:00, run_after=2024-04-29 00:00:00+00:00
[2024-04-29T17:58:36.580+0000] {processor.py:183} INFO - Processing /home/airflow/.local/lib/python3.8/site-packages/airflow/example_dags/example_short_circuit_operator.py took 0.106 seconds
[2024-04-29T17:59:07.447+0000] {processor.py:161} INFO - Started process (PID=14942) to work on /home/airflow/.local/lib/python3.8/site-packages/airflow/example_dags/example_short_circuit_operator.py
[2024-04-29T17:59:07.448+0000] {processor.py:830} INFO - Processing file /home/airflow/.local/lib/python3.8/site-packages/airflow/example_dags/example_short_circuit_operator.py for tasks to queue
[2024-04-29T17:59:07.449+0000] {logging_mixin.py:188} INFO - [2024-04-29T17:59:07.449+0000] {dagbag.py:540} INFO - Filling up the DagBag from /home/airflow/.local/lib/python3.8/site-packages/airflow/example_dags/example_short_circuit_operator.py
[2024-04-29T17:59:07.459+0000] {processor.py:840} INFO - DAG(s) 'example_short_circuit_operator' retrieved from /home/airflow/.local/lib/python3.8/site-packages/airflow/example_dags/example_short_circuit_operator.py
[2024-04-29T17:59:07.488+0000] {logging_mixin.py:188} INFO - [2024-04-29T17:59:07.487+0000] {dag.py:3047} INFO - Sync 1 DAGs
[2024-04-29T17:59:07.514+0000] {logging_mixin.py:188} INFO - [2024-04-29T17:59:07.514+0000] {dag.py:3834} INFO - Setting next_dagrun for example_short_circuit_operator to 2024-04-28 00:00:00+00:00, run_after=2024-04-29 00:00:00+00:00
[2024-04-29T17:59:07.550+0000] {processor.py:183} INFO - Processing /home/airflow/.local/lib/python3.8/site-packages/airflow/example_dags/example_short_circuit_operator.py took 0.108 seconds
[2024-04-29T17:59:38.514+0000] {processor.py:161} INFO - Started process (PID=15220) to work on /home/airflow/.local/lib/python3.8/site-packages/airflow/example_dags/example_short_circuit_operator.py
[2024-04-29T17:59:38.515+0000] {processor.py:830} INFO - Processing file /home/airflow/.local/lib/python3.8/site-packages/airflow/example_dags/example_short_circuit_operator.py for tasks to queue
[2024-04-29T17:59:38.515+0000] {logging_mixin.py:188} INFO - [2024-04-29T17:59:38.515+0000] {dagbag.py:540} INFO - Filling up the DagBag from /home/airflow/.local/lib/python3.8/site-packages/airflow/example_dags/example_short_circuit_operator.py
[2024-04-29T17:59:38.525+0000] {processor.py:840} INFO - DAG(s) 'example_short_circuit_operator' retrieved from /home/airflow/.local/lib/python3.8/site-packages/airflow/example_dags/example_short_circuit_operator.py
[2024-04-29T17:59:38.553+0000] {logging_mixin.py:188} INFO - [2024-04-29T17:59:38.553+0000] {dag.py:3047} INFO - Sync 1 DAGs
[2024-04-29T17:59:38.579+0000] {logging_mixin.py:188} INFO - [2024-04-29T17:59:38.578+0000] {dag.py:3834} INFO - Setting next_dagrun for example_short_circuit_operator to 2024-04-28 00:00:00+00:00, run_after=2024-04-29 00:00:00+00:00
[2024-04-29T17:59:38.605+0000] {processor.py:183} INFO - Processing /home/airflow/.local/lib/python3.8/site-packages/airflow/example_dags/example_short_circuit_operator.py took 0.094 seconds
[2024-04-29T18:00:08.848+0000] {processor.py:161} INFO - Started process (PID=15472) to work on /home/airflow/.local/lib/python3.8/site-packages/airflow/example_dags/example_short_circuit_operator.py
[2024-04-29T18:00:08.850+0000] {processor.py:830} INFO - Processing file /home/airflow/.local/lib/python3.8/site-packages/airflow/example_dags/example_short_circuit_operator.py for tasks to queue
[2024-04-29T18:00:08.851+0000] {logging_mixin.py:188} INFO - [2024-04-29T18:00:08.850+0000] {dagbag.py:540} INFO - Filling up the DagBag from /home/airflow/.local/lib/python3.8/site-packages/airflow/example_dags/example_short_circuit_operator.py
[2024-04-29T18:00:08.860+0000] {processor.py:840} INFO - DAG(s) 'example_short_circuit_operator' retrieved from /home/airflow/.local/lib/python3.8/site-packages/airflow/example_dags/example_short_circuit_operator.py
[2024-04-29T18:00:08.891+0000] {logging_mixin.py:188} INFO - [2024-04-29T18:00:08.891+0000] {dag.py:3047} INFO - Sync 1 DAGs
[2024-04-29T18:00:08.919+0000] {logging_mixin.py:188} INFO - [2024-04-29T18:00:08.919+0000] {dag.py:3834} INFO - Setting next_dagrun for example_short_circuit_operator to 2024-04-28 00:00:00+00:00, run_after=2024-04-29 00:00:00+00:00
[2024-04-29T18:00:08.944+0000] {processor.py:183} INFO - Processing /home/airflow/.local/lib/python3.8/site-packages/airflow/example_dags/example_short_circuit_operator.py took 0.099 seconds
[2024-04-29T18:00:39.505+0000] {processor.py:161} INFO - Started process (PID=15744) to work on /home/airflow/.local/lib/python3.8/site-packages/airflow/example_dags/example_short_circuit_operator.py
[2024-04-29T18:00:39.506+0000] {processor.py:830} INFO - Processing file /home/airflow/.local/lib/python3.8/site-packages/airflow/example_dags/example_short_circuit_operator.py for tasks to queue
[2024-04-29T18:00:39.507+0000] {logging_mixin.py:188} INFO - [2024-04-29T18:00:39.506+0000] {dagbag.py:540} INFO - Filling up the DagBag from /home/airflow/.local/lib/python3.8/site-packages/airflow/example_dags/example_short_circuit_operator.py
[2024-04-29T18:00:39.516+0000] {processor.py:840} INFO - DAG(s) 'example_short_circuit_operator' retrieved from /home/airflow/.local/lib/python3.8/site-packages/airflow/example_dags/example_short_circuit_operator.py
[2024-04-29T18:00:39.544+0000] {logging_mixin.py:188} INFO - [2024-04-29T18:00:39.544+0000] {dag.py:3047} INFO - Sync 1 DAGs
[2024-04-29T18:00:39.571+0000] {logging_mixin.py:188} INFO - [2024-04-29T18:00:39.571+0000] {dag.py:3834} INFO - Setting next_dagrun for example_short_circuit_operator to 2024-04-28 00:00:00+00:00, run_after=2024-04-29 00:00:00+00:00
[2024-04-29T18:00:39.596+0000] {processor.py:183} INFO - Processing /home/airflow/.local/lib/python3.8/site-packages/airflow/example_dags/example_short_circuit_operator.py took 0.094 seconds
[2024-04-29T18:01:10.506+0000] {processor.py:161} INFO - Started process (PID=16011) to work on /home/airflow/.local/lib/python3.8/site-packages/airflow/example_dags/example_short_circuit_operator.py
[2024-04-29T18:01:10.507+0000] {processor.py:830} INFO - Processing file /home/airflow/.local/lib/python3.8/site-packages/airflow/example_dags/example_short_circuit_operator.py for tasks to queue
[2024-04-29T18:01:10.509+0000] {logging_mixin.py:188} INFO - [2024-04-29T18:01:10.508+0000] {dagbag.py:540} INFO - Filling up the DagBag from /home/airflow/.local/lib/python3.8/site-packages/airflow/example_dags/example_short_circuit_operator.py
[2024-04-29T18:01:10.526+0000] {processor.py:840} INFO - DAG(s) 'example_short_circuit_operator' retrieved from /home/airflow/.local/lib/python3.8/site-packages/airflow/example_dags/example_short_circuit_operator.py
[2024-04-29T18:01:10.559+0000] {logging_mixin.py:188} INFO - [2024-04-29T18:01:10.559+0000] {dag.py:3047} INFO - Sync 1 DAGs
[2024-04-29T18:01:10.587+0000] {logging_mixin.py:188} INFO - [2024-04-29T18:01:10.587+0000] {dag.py:3834} INFO - Setting next_dagrun for example_short_circuit_operator to 2024-04-28 00:00:00+00:00, run_after=2024-04-29 00:00:00+00:00
[2024-04-29T18:01:10.617+0000] {processor.py:183} INFO - Processing /home/airflow/.local/lib/python3.8/site-packages/airflow/example_dags/example_short_circuit_operator.py took 0.115 seconds
[2024-04-29T18:01:41.102+0000] {processor.py:161} INFO - Started process (PID=16288) to work on /home/airflow/.local/lib/python3.8/site-packages/airflow/example_dags/example_short_circuit_operator.py
[2024-04-29T18:01:41.103+0000] {processor.py:830} INFO - Processing file /home/airflow/.local/lib/python3.8/site-packages/airflow/example_dags/example_short_circuit_operator.py for tasks to queue
[2024-04-29T18:01:41.104+0000] {logging_mixin.py:188} INFO - [2024-04-29T18:01:41.104+0000] {dagbag.py:540} INFO - Filling up the DagBag from /home/airflow/.local/lib/python3.8/site-packages/airflow/example_dags/example_short_circuit_operator.py
[2024-04-29T18:01:41.129+0000] {processor.py:840} INFO - DAG(s) 'example_short_circuit_operator' retrieved from /home/airflow/.local/lib/python3.8/site-packages/airflow/example_dags/example_short_circuit_operator.py
[2024-04-29T18:01:41.183+0000] {logging_mixin.py:188} INFO - [2024-04-29T18:01:41.182+0000] {dag.py:3047} INFO - Sync 1 DAGs
[2024-04-29T18:01:41.224+0000] {logging_mixin.py:188} INFO - [2024-04-29T18:01:41.224+0000] {dag.py:3834} INFO - Setting next_dagrun for example_short_circuit_operator to 2024-04-28 00:00:00+00:00, run_after=2024-04-29 00:00:00+00:00
[2024-04-29T18:01:41.262+0000] {processor.py:183} INFO - Processing /home/airflow/.local/lib/python3.8/site-packages/airflow/example_dags/example_short_circuit_operator.py took 0.164 seconds
[2024-04-29T18:02:11.970+0000] {processor.py:161} INFO - Started process (PID=16540) to work on /home/airflow/.local/lib/python3.8/site-packages/airflow/example_dags/example_short_circuit_operator.py
[2024-04-29T18:02:11.971+0000] {processor.py:830} INFO - Processing file /home/airflow/.local/lib/python3.8/site-packages/airflow/example_dags/example_short_circuit_operator.py for tasks to queue
[2024-04-29T18:02:11.972+0000] {logging_mixin.py:188} INFO - [2024-04-29T18:02:11.972+0000] {dagbag.py:540} INFO - Filling up the DagBag from /home/airflow/.local/lib/python3.8/site-packages/airflow/example_dags/example_short_circuit_operator.py
[2024-04-29T18:02:11.981+0000] {processor.py:840} INFO - DAG(s) 'example_short_circuit_operator' retrieved from /home/airflow/.local/lib/python3.8/site-packages/airflow/example_dags/example_short_circuit_operator.py
[2024-04-29T18:02:12.011+0000] {logging_mixin.py:188} INFO - [2024-04-29T18:02:12.010+0000] {dag.py:3047} INFO - Sync 1 DAGs
[2024-04-29T18:02:12.038+0000] {logging_mixin.py:188} INFO - [2024-04-29T18:02:12.038+0000] {dag.py:3834} INFO - Setting next_dagrun for example_short_circuit_operator to 2024-04-28 00:00:00+00:00, run_after=2024-04-29 00:00:00+00:00
[2024-04-29T18:02:12.063+0000] {processor.py:183} INFO - Processing /home/airflow/.local/lib/python3.8/site-packages/airflow/example_dags/example_short_circuit_operator.py took 0.096 seconds
[2024-04-29T18:02:42.497+0000] {processor.py:161} INFO - Started process (PID=16792) to work on /home/airflow/.local/lib/python3.8/site-packages/airflow/example_dags/example_short_circuit_operator.py
[2024-04-29T18:02:42.498+0000] {processor.py:830} INFO - Processing file /home/airflow/.local/lib/python3.8/site-packages/airflow/example_dags/example_short_circuit_operator.py for tasks to queue
[2024-04-29T18:02:42.499+0000] {logging_mixin.py:188} INFO - [2024-04-29T18:02:42.499+0000] {dagbag.py:540} INFO - Filling up the DagBag from /home/airflow/.local/lib/python3.8/site-packages/airflow/example_dags/example_short_circuit_operator.py
[2024-04-29T18:02:42.509+0000] {processor.py:840} INFO - DAG(s) 'example_short_circuit_operator' retrieved from /home/airflow/.local/lib/python3.8/site-packages/airflow/example_dags/example_short_circuit_operator.py
[2024-04-29T18:02:42.541+0000] {logging_mixin.py:188} INFO - [2024-04-29T18:02:42.541+0000] {dag.py:3047} INFO - Sync 1 DAGs
[2024-04-29T18:02:42.566+0000] {logging_mixin.py:188} INFO - [2024-04-29T18:02:42.566+0000] {dag.py:3834} INFO - Setting next_dagrun for example_short_circuit_operator to 2024-04-28 00:00:00+00:00, run_after=2024-04-29 00:00:00+00:00
[2024-04-29T18:02:42.589+0000] {processor.py:183} INFO - Processing /home/airflow/.local/lib/python3.8/site-packages/airflow/example_dags/example_short_circuit_operator.py took 0.095 seconds
[2024-04-29T18:03:12.767+0000] {processor.py:161} INFO - Started process (PID=17055) to work on /home/airflow/.local/lib/python3.8/site-packages/airflow/example_dags/example_short_circuit_operator.py
[2024-04-29T18:03:12.768+0000] {processor.py:830} INFO - Processing file /home/airflow/.local/lib/python3.8/site-packages/airflow/example_dags/example_short_circuit_operator.py for tasks to queue
[2024-04-29T18:03:12.769+0000] {logging_mixin.py:188} INFO - [2024-04-29T18:03:12.769+0000] {dagbag.py:540} INFO - Filling up the DagBag from /home/airflow/.local/lib/python3.8/site-packages/airflow/example_dags/example_short_circuit_operator.py
[2024-04-29T18:03:12.795+0000] {processor.py:840} INFO - DAG(s) 'example_short_circuit_operator' retrieved from /home/airflow/.local/lib/python3.8/site-packages/airflow/example_dags/example_short_circuit_operator.py
[2024-04-29T18:03:12.829+0000] {logging_mixin.py:188} INFO - [2024-04-29T18:03:12.828+0000] {dag.py:3047} INFO - Sync 1 DAGs
[2024-04-29T18:03:12.867+0000] {logging_mixin.py:188} INFO - [2024-04-29T18:03:12.866+0000] {dag.py:3834} INFO - Setting next_dagrun for example_short_circuit_operator to 2024-04-28 00:00:00+00:00, run_after=2024-04-29 00:00:00+00:00
[2024-04-29T18:03:12.903+0000] {processor.py:183} INFO - Processing /home/airflow/.local/lib/python3.8/site-packages/airflow/example_dags/example_short_circuit_operator.py took 0.139 seconds
