[2024-04-29T17:30:07.424+0000] {processor.py:161} INFO - Started process (PID=341) to work on /home/airflow/.local/lib/python3.8/site-packages/airflow/example_dags/example_subdag_operator.py
[2024-04-29T17:30:07.425+0000] {processor.py:830} INFO - Processing file /home/airflow/.local/lib/python3.8/site-packages/airflow/example_dags/example_subdag_operator.py for tasks to queue
[2024-04-29T17:30:07.426+0000] {logging_mixin.py:188} INFO - [2024-04-29T17:30:07.426+0000] {dagbag.py:540} INFO - Filling up the DagBag from /home/airflow/.local/lib/python3.8/site-packages/airflow/example_dags/example_subdag_operator.py
[2024-04-29T17:30:07.453+0000] {processor.py:840} INFO - DAG(s) 'example_subdag_operator.section-1', 'example_subdag_operator.section-2', 'example_subdag_operator' retrieved from /home/airflow/.local/lib/python3.8/site-packages/airflow/example_dags/example_subdag_operator.py
[2024-04-29T17:30:07.626+0000] {logging_mixin.py:188} INFO - [2024-04-29T17:30:07.626+0000] {override.py:1769} INFO - Created Permission View: can edit on DAG:example_subdag_operator
[2024-04-29T17:30:07.658+0000] {logging_mixin.py:188} INFO - [2024-04-29T17:30:07.658+0000] {override.py:1769} INFO - Created Permission View: can delete on DAG:example_subdag_operator
[2024-04-29T17:30:07.687+0000] {logging_mixin.py:188} INFO - [2024-04-29T17:30:07.687+0000] {override.py:1769} INFO - Created Permission View: can read on DAG:example_subdag_operator
[2024-04-29T17:30:07.692+0000] {logging_mixin.py:188} INFO - [2024-04-29T17:30:07.692+0000] {dag.py:3047} INFO - Sync 3 DAGs
[2024-04-29T17:30:07.722+0000] {logging_mixin.py:188} INFO - [2024-04-29T17:30:07.722+0000] {dag.py:3069} INFO - Creating ORM DAG for example_subdag_operator.section-1
[2024-04-29T17:30:07.723+0000] {logging_mixin.py:188} INFO - [2024-04-29T17:30:07.723+0000] {dag.py:3069} INFO - Creating ORM DAG for example_subdag_operator.section-2
[2024-04-29T17:30:07.724+0000] {logging_mixin.py:188} INFO - [2024-04-29T17:30:07.724+0000] {dag.py:3069} INFO - Creating ORM DAG for example_subdag_operator
[2024-04-29T17:30:07.754+0000] {logging_mixin.py:188} INFO - [2024-04-29T17:30:07.754+0000] {dag.py:3834} INFO - Setting next_dagrun for example_subdag_operator to 2022-01-01 00:00:00+00:00, run_after=2022-01-01 00:00:00+00:00
[2024-04-29T17:30:07.755+0000] {logging_mixin.py:188} INFO - [2024-04-29T17:30:07.755+0000] {dag.py:3834} INFO - Setting next_dagrun for example_subdag_operator.section-1 to None, run_after=None
[2024-04-29T17:30:07.762+0000] {logging_mixin.py:188} INFO - [2024-04-29T17:30:07.762+0000] {dag.py:3834} INFO - Setting next_dagrun for example_subdag_operator.section-2 to None, run_after=None
[2024-04-29T17:30:07.791+0000] {logging_mixin.py:188} INFO - [2024-04-29T17:30:07.791+0000] {dag.py:3047} INFO - Sync 2 DAGs
[2024-04-29T17:30:07.799+0000] {logging_mixin.py:188} INFO - [2024-04-29T17:30:07.799+0000] {dag.py:3834} INFO - Setting next_dagrun for example_subdag_operator.section-1 to None, run_after=None
[2024-04-29T17:30:07.808+0000] {logging_mixin.py:188} INFO - [2024-04-29T17:30:07.808+0000] {dag.py:3834} INFO - Setting next_dagrun for example_subdag_operator.section-2 to None, run_after=None
[2024-04-29T17:30:07.839+0000] {processor.py:183} INFO - Processing /home/airflow/.local/lib/python3.8/site-packages/airflow/example_dags/example_subdag_operator.py took 0.424 seconds
[2024-04-29T17:30:37.978+0000] {processor.py:161} INFO - Started process (PID=588) to work on /home/airflow/.local/lib/python3.8/site-packages/airflow/example_dags/example_subdag_operator.py
[2024-04-29T17:30:37.979+0000] {processor.py:830} INFO - Processing file /home/airflow/.local/lib/python3.8/site-packages/airflow/example_dags/example_subdag_operator.py for tasks to queue
[2024-04-29T17:30:37.980+0000] {logging_mixin.py:188} INFO - [2024-04-29T17:30:37.980+0000] {dagbag.py:540} INFO - Filling up the DagBag from /home/airflow/.local/lib/python3.8/site-packages/airflow/example_dags/example_subdag_operator.py
[2024-04-29T17:30:38.009+0000] {processor.py:840} INFO - DAG(s) 'example_subdag_operator.section-1', 'example_subdag_operator.section-2', 'example_subdag_operator' retrieved from /home/airflow/.local/lib/python3.8/site-packages/airflow/example_dags/example_subdag_operator.py
[2024-04-29T17:30:38.029+0000] {logging_mixin.py:188} INFO - [2024-04-29T17:30:38.028+0000] {dag.py:3047} INFO - Sync 3 DAGs
[2024-04-29T17:30:38.056+0000] {logging_mixin.py:188} INFO - [2024-04-29T17:30:38.056+0000] {dag.py:3834} INFO - Setting next_dagrun for example_subdag_operator to 2022-01-01 00:00:00+00:00, run_after=2022-01-01 00:00:00+00:00
[2024-04-29T17:30:38.060+0000] {logging_mixin.py:188} INFO - [2024-04-29T17:30:38.060+0000] {dag.py:3834} INFO - Setting next_dagrun for example_subdag_operator.section-1 to None, run_after=None
[2024-04-29T17:30:38.062+0000] {logging_mixin.py:188} INFO - [2024-04-29T17:30:38.062+0000] {dag.py:3834} INFO - Setting next_dagrun for example_subdag_operator.section-2 to None, run_after=None
[2024-04-29T17:30:38.072+0000] {logging_mixin.py:188} INFO - [2024-04-29T17:30:38.072+0000] {dag.py:3047} INFO - Sync 2 DAGs
[2024-04-29T17:30:38.078+0000] {logging_mixin.py:188} INFO - [2024-04-29T17:30:38.077+0000] {dag.py:3834} INFO - Setting next_dagrun for example_subdag_operator.section-1 to None, run_after=None
[2024-04-29T17:30:38.078+0000] {logging_mixin.py:188} INFO - [2024-04-29T17:30:38.078+0000] {dag.py:3834} INFO - Setting next_dagrun for example_subdag_operator.section-2 to None, run_after=None
[2024-04-29T17:30:38.099+0000] {processor.py:183} INFO - Processing /home/airflow/.local/lib/python3.8/site-packages/airflow/example_dags/example_subdag_operator.py took 0.125 seconds
[2024-04-29T17:31:08.451+0000] {processor.py:161} INFO - Started process (PID=835) to work on /home/airflow/.local/lib/python3.8/site-packages/airflow/example_dags/example_subdag_operator.py
[2024-04-29T17:31:08.451+0000] {processor.py:830} INFO - Processing file /home/airflow/.local/lib/python3.8/site-packages/airflow/example_dags/example_subdag_operator.py for tasks to queue
[2024-04-29T17:31:08.456+0000] {logging_mixin.py:188} INFO - [2024-04-29T17:31:08.456+0000] {dagbag.py:540} INFO - Filling up the DagBag from /home/airflow/.local/lib/python3.8/site-packages/airflow/example_dags/example_subdag_operator.py
[2024-04-29T17:31:08.510+0000] {processor.py:840} INFO - DAG(s) 'example_subdag_operator.section-1', 'example_subdag_operator.section-2', 'example_subdag_operator' retrieved from /home/airflow/.local/lib/python3.8/site-packages/airflow/example_dags/example_subdag_operator.py
[2024-04-29T17:31:08.546+0000] {logging_mixin.py:188} INFO - [2024-04-29T17:31:08.546+0000] {dag.py:3047} INFO - Sync 3 DAGs
[2024-04-29T17:31:08.592+0000] {logging_mixin.py:188} INFO - [2024-04-29T17:31:08.591+0000] {dag.py:3834} INFO - Setting next_dagrun for example_subdag_operator to 2022-01-01 00:00:00+00:00, run_after=2022-01-01 00:00:00+00:00
[2024-04-29T17:31:08.598+0000] {logging_mixin.py:188} INFO - [2024-04-29T17:31:08.597+0000] {dag.py:3834} INFO - Setting next_dagrun for example_subdag_operator.section-1 to None, run_after=None
[2024-04-29T17:31:08.599+0000] {logging_mixin.py:188} INFO - [2024-04-29T17:31:08.599+0000] {dag.py:3834} INFO - Setting next_dagrun for example_subdag_operator.section-2 to None, run_after=None
[2024-04-29T17:31:08.614+0000] {logging_mixin.py:188} INFO - [2024-04-29T17:31:08.606+0000] {dag.py:3047} INFO - Sync 2 DAGs
[2024-04-29T17:31:08.621+0000] {logging_mixin.py:188} INFO - [2024-04-29T17:31:08.621+0000] {dag.py:3834} INFO - Setting next_dagrun for example_subdag_operator.section-1 to None, run_after=None
[2024-04-29T17:31:08.621+0000] {logging_mixin.py:188} INFO - [2024-04-29T17:31:08.621+0000] {dag.py:3834} INFO - Setting next_dagrun for example_subdag_operator.section-2 to None, run_after=None
[2024-04-29T17:31:08.643+0000] {processor.py:183} INFO - Processing /home/airflow/.local/lib/python3.8/site-packages/airflow/example_dags/example_subdag_operator.py took 0.196 seconds
[2024-04-29T17:31:38.921+0000] {processor.py:161} INFO - Started process (PID=1082) to work on /home/airflow/.local/lib/python3.8/site-packages/airflow/example_dags/example_subdag_operator.py
[2024-04-29T17:31:38.922+0000] {processor.py:830} INFO - Processing file /home/airflow/.local/lib/python3.8/site-packages/airflow/example_dags/example_subdag_operator.py for tasks to queue
[2024-04-29T17:31:38.923+0000] {logging_mixin.py:188} INFO - [2024-04-29T17:31:38.923+0000] {dagbag.py:540} INFO - Filling up the DagBag from /home/airflow/.local/lib/python3.8/site-packages/airflow/example_dags/example_subdag_operator.py
[2024-04-29T17:31:38.950+0000] {processor.py:840} INFO - DAG(s) 'example_subdag_operator.section-1', 'example_subdag_operator.section-2', 'example_subdag_operator' retrieved from /home/airflow/.local/lib/python3.8/site-packages/airflow/example_dags/example_subdag_operator.py
[2024-04-29T17:31:38.969+0000] {logging_mixin.py:188} INFO - [2024-04-29T17:31:38.969+0000] {dag.py:3047} INFO - Sync 3 DAGs
[2024-04-29T17:31:38.997+0000] {logging_mixin.py:188} INFO - [2024-04-29T17:31:38.997+0000] {dag.py:3834} INFO - Setting next_dagrun for example_subdag_operator to 2022-01-01 00:00:00+00:00, run_after=2022-01-01 00:00:00+00:00
[2024-04-29T17:31:39.006+0000] {logging_mixin.py:188} INFO - [2024-04-29T17:31:39.006+0000] {dag.py:3834} INFO - Setting next_dagrun for example_subdag_operator.section-1 to None, run_after=None
[2024-04-29T17:31:39.007+0000] {logging_mixin.py:188} INFO - [2024-04-29T17:31:39.007+0000] {dag.py:3834} INFO - Setting next_dagrun for example_subdag_operator.section-2 to None, run_after=None
[2024-04-29T17:31:39.015+0000] {logging_mixin.py:188} INFO - [2024-04-29T17:31:39.015+0000] {dag.py:3047} INFO - Sync 2 DAGs
[2024-04-29T17:31:39.023+0000] {logging_mixin.py:188} INFO - [2024-04-29T17:31:39.022+0000] {dag.py:3834} INFO - Setting next_dagrun for example_subdag_operator.section-1 to None, run_after=None
[2024-04-29T17:31:39.025+0000] {logging_mixin.py:188} INFO - [2024-04-29T17:31:39.025+0000] {dag.py:3834} INFO - Setting next_dagrun for example_subdag_operator.section-2 to None, run_after=None
[2024-04-29T17:31:39.042+0000] {processor.py:183} INFO - Processing /home/airflow/.local/lib/python3.8/site-packages/airflow/example_dags/example_subdag_operator.py took 0.125 seconds
[2024-04-29T17:32:09.274+0000] {processor.py:161} INFO - Started process (PID=1330) to work on /home/airflow/.local/lib/python3.8/site-packages/airflow/example_dags/example_subdag_operator.py
[2024-04-29T17:32:09.275+0000] {processor.py:830} INFO - Processing file /home/airflow/.local/lib/python3.8/site-packages/airflow/example_dags/example_subdag_operator.py for tasks to queue
[2024-04-29T17:32:09.276+0000] {logging_mixin.py:188} INFO - [2024-04-29T17:32:09.276+0000] {dagbag.py:540} INFO - Filling up the DagBag from /home/airflow/.local/lib/python3.8/site-packages/airflow/example_dags/example_subdag_operator.py
[2024-04-29T17:32:09.339+0000] {processor.py:840} INFO - DAG(s) 'example_subdag_operator.section-1', 'example_subdag_operator.section-2', 'example_subdag_operator' retrieved from /home/airflow/.local/lib/python3.8/site-packages/airflow/example_dags/example_subdag_operator.py
[2024-04-29T17:32:09.361+0000] {logging_mixin.py:188} INFO - [2024-04-29T17:32:09.360+0000] {dag.py:3047} INFO - Sync 3 DAGs
[2024-04-29T17:32:09.385+0000] {logging_mixin.py:188} INFO - [2024-04-29T17:32:09.385+0000] {dag.py:3834} INFO - Setting next_dagrun for example_subdag_operator to 2022-01-01 00:00:00+00:00, run_after=2022-01-01 00:00:00+00:00
[2024-04-29T17:32:09.389+0000] {logging_mixin.py:188} INFO - [2024-04-29T17:32:09.389+0000] {dag.py:3834} INFO - Setting next_dagrun for example_subdag_operator.section-1 to None, run_after=None
[2024-04-29T17:32:09.391+0000] {logging_mixin.py:188} INFO - [2024-04-29T17:32:09.391+0000] {dag.py:3834} INFO - Setting next_dagrun for example_subdag_operator.section-2 to None, run_after=None
[2024-04-29T17:32:09.397+0000] {logging_mixin.py:188} INFO - [2024-04-29T17:32:09.397+0000] {dag.py:3047} INFO - Sync 2 DAGs
[2024-04-29T17:32:09.402+0000] {logging_mixin.py:188} INFO - [2024-04-29T17:32:09.401+0000] {dag.py:3834} INFO - Setting next_dagrun for example_subdag_operator.section-1 to None, run_after=None
[2024-04-29T17:32:09.402+0000] {logging_mixin.py:188} INFO - [2024-04-29T17:32:09.402+0000] {dag.py:3834} INFO - Setting next_dagrun for example_subdag_operator.section-2 to None, run_after=None
[2024-04-29T17:32:09.421+0000] {processor.py:183} INFO - Processing /home/airflow/.local/lib/python3.8/site-packages/airflow/example_dags/example_subdag_operator.py took 0.151 seconds
[2024-04-29T17:32:39.925+0000] {processor.py:161} INFO - Started process (PID=1578) to work on /home/airflow/.local/lib/python3.8/site-packages/airflow/example_dags/example_subdag_operator.py
[2024-04-29T17:32:39.926+0000] {processor.py:830} INFO - Processing file /home/airflow/.local/lib/python3.8/site-packages/airflow/example_dags/example_subdag_operator.py for tasks to queue
[2024-04-29T17:32:39.927+0000] {logging_mixin.py:188} INFO - [2024-04-29T17:32:39.927+0000] {dagbag.py:540} INFO - Filling up the DagBag from /home/airflow/.local/lib/python3.8/site-packages/airflow/example_dags/example_subdag_operator.py
[2024-04-29T17:32:39.954+0000] {processor.py:840} INFO - DAG(s) 'example_subdag_operator.section-1', 'example_subdag_operator.section-2', 'example_subdag_operator' retrieved from /home/airflow/.local/lib/python3.8/site-packages/airflow/example_dags/example_subdag_operator.py
[2024-04-29T17:32:39.973+0000] {logging_mixin.py:188} INFO - [2024-04-29T17:32:39.973+0000] {dag.py:3047} INFO - Sync 3 DAGs
[2024-04-29T17:32:39.999+0000] {logging_mixin.py:188} INFO - [2024-04-29T17:32:39.999+0000] {dag.py:3834} INFO - Setting next_dagrun for example_subdag_operator to 2022-01-01 00:00:00+00:00, run_after=2022-01-01 00:00:00+00:00
[2024-04-29T17:32:40.005+0000] {logging_mixin.py:188} INFO - [2024-04-29T17:32:40.005+0000] {dag.py:3834} INFO - Setting next_dagrun for example_subdag_operator.section-1 to None, run_after=None
[2024-04-29T17:32:40.007+0000] {logging_mixin.py:188} INFO - [2024-04-29T17:32:40.006+0000] {dag.py:3834} INFO - Setting next_dagrun for example_subdag_operator.section-2 to None, run_after=None
[2024-04-29T17:32:40.012+0000] {logging_mixin.py:188} INFO - [2024-04-29T17:32:40.012+0000] {dag.py:3047} INFO - Sync 2 DAGs
[2024-04-29T17:32:40.018+0000] {logging_mixin.py:188} INFO - [2024-04-29T17:32:40.017+0000] {dag.py:3834} INFO - Setting next_dagrun for example_subdag_operator.section-1 to None, run_after=None
[2024-04-29T17:32:40.018+0000] {logging_mixin.py:188} INFO - [2024-04-29T17:32:40.018+0000] {dag.py:3834} INFO - Setting next_dagrun for example_subdag_operator.section-2 to None, run_after=None
[2024-04-29T17:32:40.035+0000] {processor.py:183} INFO - Processing /home/airflow/.local/lib/python3.8/site-packages/airflow/example_dags/example_subdag_operator.py took 0.113 seconds
[2024-04-29T17:33:10.602+0000] {processor.py:161} INFO - Started process (PID=1826) to work on /home/airflow/.local/lib/python3.8/site-packages/airflow/example_dags/example_subdag_operator.py
[2024-04-29T17:33:10.604+0000] {processor.py:830} INFO - Processing file /home/airflow/.local/lib/python3.8/site-packages/airflow/example_dags/example_subdag_operator.py for tasks to queue
[2024-04-29T17:33:10.605+0000] {logging_mixin.py:188} INFO - [2024-04-29T17:33:10.604+0000] {dagbag.py:540} INFO - Filling up the DagBag from /home/airflow/.local/lib/python3.8/site-packages/airflow/example_dags/example_subdag_operator.py
[2024-04-29T17:33:10.632+0000] {processor.py:840} INFO - DAG(s) 'example_subdag_operator.section-1', 'example_subdag_operator.section-2', 'example_subdag_operator' retrieved from /home/airflow/.local/lib/python3.8/site-packages/airflow/example_dags/example_subdag_operator.py
[2024-04-29T17:33:10.654+0000] {logging_mixin.py:188} INFO - [2024-04-29T17:33:10.654+0000] {dag.py:3047} INFO - Sync 3 DAGs
[2024-04-29T17:33:10.678+0000] {logging_mixin.py:188} INFO - [2024-04-29T17:33:10.677+0000] {dag.py:3834} INFO - Setting next_dagrun for example_subdag_operator to 2022-01-01 00:00:00+00:00, run_after=2022-01-01 00:00:00+00:00
[2024-04-29T17:33:10.682+0000] {logging_mixin.py:188} INFO - [2024-04-29T17:33:10.682+0000] {dag.py:3834} INFO - Setting next_dagrun for example_subdag_operator.section-1 to None, run_after=None
[2024-04-29T17:33:10.684+0000] {logging_mixin.py:188} INFO - [2024-04-29T17:33:10.683+0000] {dag.py:3834} INFO - Setting next_dagrun for example_subdag_operator.section-2 to None, run_after=None
[2024-04-29T17:33:10.692+0000] {logging_mixin.py:188} INFO - [2024-04-29T17:33:10.691+0000] {dag.py:3047} INFO - Sync 2 DAGs
[2024-04-29T17:33:10.697+0000] {logging_mixin.py:188} INFO - [2024-04-29T17:33:10.697+0000] {dag.py:3834} INFO - Setting next_dagrun for example_subdag_operator.section-1 to None, run_after=None
[2024-04-29T17:33:10.697+0000] {logging_mixin.py:188} INFO - [2024-04-29T17:33:10.697+0000] {dag.py:3834} INFO - Setting next_dagrun for example_subdag_operator.section-2 to None, run_after=None
[2024-04-29T17:33:10.714+0000] {processor.py:183} INFO - Processing /home/airflow/.local/lib/python3.8/site-packages/airflow/example_dags/example_subdag_operator.py took 0.115 seconds
[2024-04-29T17:33:40.963+0000] {processor.py:161} INFO - Started process (PID=2073) to work on /home/airflow/.local/lib/python3.8/site-packages/airflow/example_dags/example_subdag_operator.py
[2024-04-29T17:33:40.963+0000] {processor.py:830} INFO - Processing file /home/airflow/.local/lib/python3.8/site-packages/airflow/example_dags/example_subdag_operator.py for tasks to queue
[2024-04-29T17:33:40.964+0000] {logging_mixin.py:188} INFO - [2024-04-29T17:33:40.964+0000] {dagbag.py:540} INFO - Filling up the DagBag from /home/airflow/.local/lib/python3.8/site-packages/airflow/example_dags/example_subdag_operator.py
[2024-04-29T17:33:40.998+0000] {processor.py:840} INFO - DAG(s) 'example_subdag_operator.section-1', 'example_subdag_operator.section-2', 'example_subdag_operator' retrieved from /home/airflow/.local/lib/python3.8/site-packages/airflow/example_dags/example_subdag_operator.py
[2024-04-29T17:33:41.019+0000] {logging_mixin.py:188} INFO - [2024-04-29T17:33:41.019+0000] {dag.py:3047} INFO - Sync 3 DAGs
[2024-04-29T17:33:41.046+0000] {logging_mixin.py:188} INFO - [2024-04-29T17:33:41.046+0000] {dag.py:3834} INFO - Setting next_dagrun for example_subdag_operator to 2022-01-01 00:00:00+00:00, run_after=2022-01-01 00:00:00+00:00
[2024-04-29T17:33:41.051+0000] {logging_mixin.py:188} INFO - [2024-04-29T17:33:41.050+0000] {dag.py:3834} INFO - Setting next_dagrun for example_subdag_operator.section-1 to None, run_after=None
[2024-04-29T17:33:41.052+0000] {logging_mixin.py:188} INFO - [2024-04-29T17:33:41.052+0000] {dag.py:3834} INFO - Setting next_dagrun for example_subdag_operator.section-2 to None, run_after=None
[2024-04-29T17:33:41.058+0000] {logging_mixin.py:188} INFO - [2024-04-29T17:33:41.058+0000] {dag.py:3047} INFO - Sync 2 DAGs
[2024-04-29T17:33:41.063+0000] {logging_mixin.py:188} INFO - [2024-04-29T17:33:41.063+0000] {dag.py:3834} INFO - Setting next_dagrun for example_subdag_operator.section-1 to None, run_after=None
[2024-04-29T17:33:41.064+0000] {logging_mixin.py:188} INFO - [2024-04-29T17:33:41.063+0000] {dag.py:3834} INFO - Setting next_dagrun for example_subdag_operator.section-2 to None, run_after=None
[2024-04-29T17:33:41.080+0000] {processor.py:183} INFO - Processing /home/airflow/.local/lib/python3.8/site-packages/airflow/example_dags/example_subdag_operator.py took 0.121 seconds
[2024-04-29T17:34:11.514+0000] {processor.py:161} INFO - Started process (PID=2319) to work on /home/airflow/.local/lib/python3.8/site-packages/airflow/example_dags/example_subdag_operator.py
[2024-04-29T17:34:11.516+0000] {processor.py:830} INFO - Processing file /home/airflow/.local/lib/python3.8/site-packages/airflow/example_dags/example_subdag_operator.py for tasks to queue
[2024-04-29T17:34:11.517+0000] {logging_mixin.py:188} INFO - [2024-04-29T17:34:11.516+0000] {dagbag.py:540} INFO - Filling up the DagBag from /home/airflow/.local/lib/python3.8/site-packages/airflow/example_dags/example_subdag_operator.py
[2024-04-29T17:34:11.546+0000] {processor.py:840} INFO - DAG(s) 'example_subdag_operator.section-1', 'example_subdag_operator.section-2', 'example_subdag_operator' retrieved from /home/airflow/.local/lib/python3.8/site-packages/airflow/example_dags/example_subdag_operator.py
[2024-04-29T17:34:11.566+0000] {logging_mixin.py:188} INFO - [2024-04-29T17:34:11.566+0000] {dag.py:3047} INFO - Sync 3 DAGs
[2024-04-29T17:34:11.592+0000] {logging_mixin.py:188} INFO - [2024-04-29T17:34:11.592+0000] {dag.py:3834} INFO - Setting next_dagrun for example_subdag_operator to 2022-01-01 00:00:00+00:00, run_after=2022-01-01 00:00:00+00:00
[2024-04-29T17:34:11.597+0000] {logging_mixin.py:188} INFO - [2024-04-29T17:34:11.597+0000] {dag.py:3834} INFO - Setting next_dagrun for example_subdag_operator.section-1 to None, run_after=None
[2024-04-29T17:34:11.599+0000] {logging_mixin.py:188} INFO - [2024-04-29T17:34:11.599+0000] {dag.py:3834} INFO - Setting next_dagrun for example_subdag_operator.section-2 to None, run_after=None
[2024-04-29T17:34:11.607+0000] {logging_mixin.py:188} INFO - [2024-04-29T17:34:11.607+0000] {dag.py:3047} INFO - Sync 2 DAGs
[2024-04-29T17:34:11.613+0000] {logging_mixin.py:188} INFO - [2024-04-29T17:34:11.612+0000] {dag.py:3834} INFO - Setting next_dagrun for example_subdag_operator.section-1 to None, run_after=None
[2024-04-29T17:34:11.613+0000] {logging_mixin.py:188} INFO - [2024-04-29T17:34:11.613+0000] {dag.py:3834} INFO - Setting next_dagrun for example_subdag_operator.section-2 to None, run_after=None
[2024-04-29T17:34:11.635+0000] {processor.py:183} INFO - Processing /home/airflow/.local/lib/python3.8/site-packages/airflow/example_dags/example_subdag_operator.py took 0.124 seconds
[2024-04-29T17:34:42.151+0000] {processor.py:161} INFO - Started process (PID=2566) to work on /home/airflow/.local/lib/python3.8/site-packages/airflow/example_dags/example_subdag_operator.py
[2024-04-29T17:34:42.152+0000] {processor.py:830} INFO - Processing file /home/airflow/.local/lib/python3.8/site-packages/airflow/example_dags/example_subdag_operator.py for tasks to queue
[2024-04-29T17:34:42.153+0000] {logging_mixin.py:188} INFO - [2024-04-29T17:34:42.153+0000] {dagbag.py:540} INFO - Filling up the DagBag from /home/airflow/.local/lib/python3.8/site-packages/airflow/example_dags/example_subdag_operator.py
[2024-04-29T17:34:42.180+0000] {processor.py:840} INFO - DAG(s) 'example_subdag_operator.section-1', 'example_subdag_operator.section-2', 'example_subdag_operator' retrieved from /home/airflow/.local/lib/python3.8/site-packages/airflow/example_dags/example_subdag_operator.py
[2024-04-29T17:34:42.202+0000] {logging_mixin.py:188} INFO - [2024-04-29T17:34:42.202+0000] {dag.py:3047} INFO - Sync 3 DAGs
[2024-04-29T17:34:42.229+0000] {logging_mixin.py:188} INFO - [2024-04-29T17:34:42.228+0000] {dag.py:3834} INFO - Setting next_dagrun for example_subdag_operator to 2022-01-01 00:00:00+00:00, run_after=2022-01-01 00:00:00+00:00
[2024-04-29T17:34:42.233+0000] {logging_mixin.py:188} INFO - [2024-04-29T17:34:42.233+0000] {dag.py:3834} INFO - Setting next_dagrun for example_subdag_operator.section-1 to None, run_after=None
[2024-04-29T17:34:42.235+0000] {logging_mixin.py:188} INFO - [2024-04-29T17:34:42.234+0000] {dag.py:3834} INFO - Setting next_dagrun for example_subdag_operator.section-2 to None, run_after=None
[2024-04-29T17:34:42.242+0000] {logging_mixin.py:188} INFO - [2024-04-29T17:34:42.242+0000] {dag.py:3047} INFO - Sync 2 DAGs
[2024-04-29T17:34:42.248+0000] {logging_mixin.py:188} INFO - [2024-04-29T17:34:42.248+0000] {dag.py:3834} INFO - Setting next_dagrun for example_subdag_operator.section-1 to None, run_after=None
[2024-04-29T17:34:42.249+0000] {logging_mixin.py:188} INFO - [2024-04-29T17:34:42.249+0000] {dag.py:3834} INFO - Setting next_dagrun for example_subdag_operator.section-2 to None, run_after=None
[2024-04-29T17:34:42.271+0000] {processor.py:183} INFO - Processing /home/airflow/.local/lib/python3.8/site-packages/airflow/example_dags/example_subdag_operator.py took 0.123 seconds
[2024-04-29T17:35:12.785+0000] {processor.py:161} INFO - Started process (PID=2819) to work on /home/airflow/.local/lib/python3.8/site-packages/airflow/example_dags/example_subdag_operator.py
[2024-04-29T17:35:12.786+0000] {processor.py:830} INFO - Processing file /home/airflow/.local/lib/python3.8/site-packages/airflow/example_dags/example_subdag_operator.py for tasks to queue
[2024-04-29T17:35:12.787+0000] {logging_mixin.py:188} INFO - [2024-04-29T17:35:12.787+0000] {dagbag.py:540} INFO - Filling up the DagBag from /home/airflow/.local/lib/python3.8/site-packages/airflow/example_dags/example_subdag_operator.py
[2024-04-29T17:35:12.816+0000] {processor.py:840} INFO - DAG(s) 'example_subdag_operator.section-1', 'example_subdag_operator.section-2', 'example_subdag_operator' retrieved from /home/airflow/.local/lib/python3.8/site-packages/airflow/example_dags/example_subdag_operator.py
[2024-04-29T17:35:12.836+0000] {logging_mixin.py:188} INFO - [2024-04-29T17:35:12.836+0000] {dag.py:3047} INFO - Sync 3 DAGs
[2024-04-29T17:35:12.866+0000] {logging_mixin.py:188} INFO - [2024-04-29T17:35:12.865+0000] {dag.py:3834} INFO - Setting next_dagrun for example_subdag_operator to 2022-01-01 00:00:00+00:00, run_after=2022-01-01 00:00:00+00:00
[2024-04-29T17:35:12.870+0000] {logging_mixin.py:188} INFO - [2024-04-29T17:35:12.869+0000] {dag.py:3834} INFO - Setting next_dagrun for example_subdag_operator.section-1 to None, run_after=None
[2024-04-29T17:35:12.871+0000] {logging_mixin.py:188} INFO - [2024-04-29T17:35:12.871+0000] {dag.py:3834} INFO - Setting next_dagrun for example_subdag_operator.section-2 to None, run_after=None
[2024-04-29T17:35:12.877+0000] {logging_mixin.py:188} INFO - [2024-04-29T17:35:12.877+0000] {dag.py:3047} INFO - Sync 2 DAGs
[2024-04-29T17:35:12.881+0000] {logging_mixin.py:188} INFO - [2024-04-29T17:35:12.881+0000] {dag.py:3834} INFO - Setting next_dagrun for example_subdag_operator.section-1 to None, run_after=None
[2024-04-29T17:35:12.882+0000] {logging_mixin.py:188} INFO - [2024-04-29T17:35:12.882+0000] {dag.py:3834} INFO - Setting next_dagrun for example_subdag_operator.section-2 to None, run_after=None
[2024-04-29T17:35:12.898+0000] {processor.py:183} INFO - Processing /home/airflow/.local/lib/python3.8/site-packages/airflow/example_dags/example_subdag_operator.py took 0.117 seconds
[2024-04-29T17:35:43.615+0000] {processor.py:161} INFO - Started process (PID=3068) to work on /home/airflow/.local/lib/python3.8/site-packages/airflow/example_dags/example_subdag_operator.py
[2024-04-29T17:35:43.616+0000] {processor.py:830} INFO - Processing file /home/airflow/.local/lib/python3.8/site-packages/airflow/example_dags/example_subdag_operator.py for tasks to queue
[2024-04-29T17:35:43.617+0000] {logging_mixin.py:188} INFO - [2024-04-29T17:35:43.617+0000] {dagbag.py:540} INFO - Filling up the DagBag from /home/airflow/.local/lib/python3.8/site-packages/airflow/example_dags/example_subdag_operator.py
[2024-04-29T17:35:43.645+0000] {processor.py:840} INFO - DAG(s) 'example_subdag_operator.section-1', 'example_subdag_operator.section-2', 'example_subdag_operator' retrieved from /home/airflow/.local/lib/python3.8/site-packages/airflow/example_dags/example_subdag_operator.py
[2024-04-29T17:35:43.666+0000] {logging_mixin.py:188} INFO - [2024-04-29T17:35:43.666+0000] {dag.py:3047} INFO - Sync 3 DAGs
[2024-04-29T17:35:43.692+0000] {logging_mixin.py:188} INFO - [2024-04-29T17:35:43.692+0000] {dag.py:3834} INFO - Setting next_dagrun for example_subdag_operator to 2022-01-01 00:00:00+00:00, run_after=2022-01-01 00:00:00+00:00
[2024-04-29T17:35:43.696+0000] {logging_mixin.py:188} INFO - [2024-04-29T17:35:43.696+0000] {dag.py:3834} INFO - Setting next_dagrun for example_subdag_operator.section-1 to None, run_after=None
[2024-04-29T17:35:43.697+0000] {logging_mixin.py:188} INFO - [2024-04-29T17:35:43.697+0000] {dag.py:3834} INFO - Setting next_dagrun for example_subdag_operator.section-2 to None, run_after=None
[2024-04-29T17:35:43.703+0000] {logging_mixin.py:188} INFO - [2024-04-29T17:35:43.703+0000] {dag.py:3047} INFO - Sync 2 DAGs
[2024-04-29T17:35:43.711+0000] {logging_mixin.py:188} INFO - [2024-04-29T17:35:43.710+0000] {dag.py:3834} INFO - Setting next_dagrun for example_subdag_operator.section-1 to None, run_after=None
[2024-04-29T17:35:43.712+0000] {logging_mixin.py:188} INFO - [2024-04-29T17:35:43.712+0000] {dag.py:3834} INFO - Setting next_dagrun for example_subdag_operator.section-2 to None, run_after=None
[2024-04-29T17:35:43.728+0000] {processor.py:183} INFO - Processing /home/airflow/.local/lib/python3.8/site-packages/airflow/example_dags/example_subdag_operator.py took 0.117 seconds
[2024-04-29T17:36:14.108+0000] {processor.py:161} INFO - Started process (PID=3316) to work on /home/airflow/.local/lib/python3.8/site-packages/airflow/example_dags/example_subdag_operator.py
[2024-04-29T17:36:14.109+0000] {processor.py:830} INFO - Processing file /home/airflow/.local/lib/python3.8/site-packages/airflow/example_dags/example_subdag_operator.py for tasks to queue
[2024-04-29T17:36:14.110+0000] {logging_mixin.py:188} INFO - [2024-04-29T17:36:14.110+0000] {dagbag.py:540} INFO - Filling up the DagBag from /home/airflow/.local/lib/python3.8/site-packages/airflow/example_dags/example_subdag_operator.py
[2024-04-29T17:36:14.144+0000] {processor.py:840} INFO - DAG(s) 'example_subdag_operator.section-1', 'example_subdag_operator.section-2', 'example_subdag_operator' retrieved from /home/airflow/.local/lib/python3.8/site-packages/airflow/example_dags/example_subdag_operator.py
[2024-04-29T17:36:14.164+0000] {logging_mixin.py:188} INFO - [2024-04-29T17:36:14.164+0000] {dag.py:3047} INFO - Sync 3 DAGs
[2024-04-29T17:36:14.189+0000] {logging_mixin.py:188} INFO - [2024-04-29T17:36:14.189+0000] {dag.py:3834} INFO - Setting next_dagrun for example_subdag_operator to 2022-01-01 00:00:00+00:00, run_after=2022-01-01 00:00:00+00:00
[2024-04-29T17:36:14.193+0000] {logging_mixin.py:188} INFO - [2024-04-29T17:36:14.193+0000] {dag.py:3834} INFO - Setting next_dagrun for example_subdag_operator.section-1 to None, run_after=None
[2024-04-29T17:36:14.194+0000] {logging_mixin.py:188} INFO - [2024-04-29T17:36:14.194+0000] {dag.py:3834} INFO - Setting next_dagrun for example_subdag_operator.section-2 to None, run_after=None
[2024-04-29T17:36:14.200+0000] {logging_mixin.py:188} INFO - [2024-04-29T17:36:14.200+0000] {dag.py:3047} INFO - Sync 2 DAGs
[2024-04-29T17:36:14.211+0000] {logging_mixin.py:188} INFO - [2024-04-29T17:36:14.211+0000] {dag.py:3834} INFO - Setting next_dagrun for example_subdag_operator.section-1 to None, run_after=None
[2024-04-29T17:36:14.212+0000] {logging_mixin.py:188} INFO - [2024-04-29T17:36:14.212+0000] {dag.py:3834} INFO - Setting next_dagrun for example_subdag_operator.section-2 to None, run_after=None
[2024-04-29T17:36:14.234+0000] {processor.py:183} INFO - Processing /home/airflow/.local/lib/python3.8/site-packages/airflow/example_dags/example_subdag_operator.py took 0.129 seconds
[2024-04-29T17:36:44.641+0000] {processor.py:161} INFO - Started process (PID=3563) to work on /home/airflow/.local/lib/python3.8/site-packages/airflow/example_dags/example_subdag_operator.py
[2024-04-29T17:36:44.642+0000] {processor.py:830} INFO - Processing file /home/airflow/.local/lib/python3.8/site-packages/airflow/example_dags/example_subdag_operator.py for tasks to queue
[2024-04-29T17:36:44.643+0000] {logging_mixin.py:188} INFO - [2024-04-29T17:36:44.643+0000] {dagbag.py:540} INFO - Filling up the DagBag from /home/airflow/.local/lib/python3.8/site-packages/airflow/example_dags/example_subdag_operator.py
[2024-04-29T17:36:44.670+0000] {processor.py:840} INFO - DAG(s) 'example_subdag_operator.section-1', 'example_subdag_operator.section-2', 'example_subdag_operator' retrieved from /home/airflow/.local/lib/python3.8/site-packages/airflow/example_dags/example_subdag_operator.py
[2024-04-29T17:36:44.696+0000] {logging_mixin.py:188} INFO - [2024-04-29T17:36:44.695+0000] {dag.py:3047} INFO - Sync 3 DAGs
[2024-04-29T17:36:44.725+0000] {logging_mixin.py:188} INFO - [2024-04-29T17:36:44.725+0000] {dag.py:3834} INFO - Setting next_dagrun for example_subdag_operator to 2022-01-01 00:00:00+00:00, run_after=2022-01-01 00:00:00+00:00
[2024-04-29T17:36:44.735+0000] {logging_mixin.py:188} INFO - [2024-04-29T17:36:44.735+0000] {dag.py:3834} INFO - Setting next_dagrun for example_subdag_operator.section-1 to None, run_after=None
[2024-04-29T17:36:44.737+0000] {logging_mixin.py:188} INFO - [2024-04-29T17:36:44.737+0000] {dag.py:3834} INFO - Setting next_dagrun for example_subdag_operator.section-2 to None, run_after=None
[2024-04-29T17:36:44.755+0000] {logging_mixin.py:188} INFO - [2024-04-29T17:36:44.755+0000] {dag.py:3047} INFO - Sync 2 DAGs
[2024-04-29T17:36:44.768+0000] {logging_mixin.py:188} INFO - [2024-04-29T17:36:44.768+0000] {dag.py:3834} INFO - Setting next_dagrun for example_subdag_operator.section-1 to None, run_after=None
[2024-04-29T17:36:44.769+0000] {logging_mixin.py:188} INFO - [2024-04-29T17:36:44.769+0000] {dag.py:3834} INFO - Setting next_dagrun for example_subdag_operator.section-2 to None, run_after=None
[2024-04-29T17:36:44.786+0000] {processor.py:183} INFO - Processing /home/airflow/.local/lib/python3.8/site-packages/airflow/example_dags/example_subdag_operator.py took 0.149 seconds
[2024-04-29T17:37:18.936+0000] {processor.py:161} INFO - Started process (PID=3872) to work on /home/airflow/.local/lib/python3.8/site-packages/airflow/example_dags/example_subdag_operator.py
[2024-04-29T17:37:18.941+0000] {processor.py:830} INFO - Processing file /home/airflow/.local/lib/python3.8/site-packages/airflow/example_dags/example_subdag_operator.py for tasks to queue
[2024-04-29T17:37:18.947+0000] {logging_mixin.py:188} INFO - [2024-04-29T17:37:18.947+0000] {dagbag.py:540} INFO - Filling up the DagBag from /home/airflow/.local/lib/python3.8/site-packages/airflow/example_dags/example_subdag_operator.py
[2024-04-29T17:37:19.111+0000] {processor.py:840} INFO - DAG(s) 'example_subdag_operator.section-1', 'example_subdag_operator.section-2', 'example_subdag_operator' retrieved from /home/airflow/.local/lib/python3.8/site-packages/airflow/example_dags/example_subdag_operator.py
[2024-04-29T17:37:19.214+0000] {logging_mixin.py:188} INFO - [2024-04-29T17:37:19.214+0000] {dag.py:3047} INFO - Sync 3 DAGs
[2024-04-29T17:37:19.311+0000] {logging_mixin.py:188} INFO - [2024-04-29T17:37:19.311+0000] {dag.py:3834} INFO - Setting next_dagrun for example_subdag_operator to 2022-01-01 00:00:00+00:00, run_after=2022-01-01 00:00:00+00:00
[2024-04-29T17:37:19.339+0000] {logging_mixin.py:188} INFO - [2024-04-29T17:37:19.338+0000] {dag.py:3834} INFO - Setting next_dagrun for example_subdag_operator.section-1 to None, run_after=None
[2024-04-29T17:37:19.344+0000] {logging_mixin.py:188} INFO - [2024-04-29T17:37:19.344+0000] {dag.py:3834} INFO - Setting next_dagrun for example_subdag_operator.section-2 to None, run_after=None
[2024-04-29T17:37:19.374+0000] {logging_mixin.py:188} INFO - [2024-04-29T17:37:19.374+0000] {dag.py:3047} INFO - Sync 2 DAGs
[2024-04-29T17:37:19.392+0000] {logging_mixin.py:188} INFO - [2024-04-29T17:37:19.392+0000] {dag.py:3834} INFO - Setting next_dagrun for example_subdag_operator.section-1 to None, run_after=None
[2024-04-29T17:37:19.392+0000] {logging_mixin.py:188} INFO - [2024-04-29T17:37:19.392+0000] {dag.py:3834} INFO - Setting next_dagrun for example_subdag_operator.section-2 to None, run_after=None
[2024-04-29T17:37:19.434+0000] {processor.py:183} INFO - Processing /home/airflow/.local/lib/python3.8/site-packages/airflow/example_dags/example_subdag_operator.py took 0.530 seconds
[2024-04-29T17:37:50.347+0000] {processor.py:161} INFO - Started process (PID=4206) to work on /home/airflow/.local/lib/python3.8/site-packages/airflow/example_dags/example_subdag_operator.py
[2024-04-29T17:37:50.348+0000] {processor.py:830} INFO - Processing file /home/airflow/.local/lib/python3.8/site-packages/airflow/example_dags/example_subdag_operator.py for tasks to queue
[2024-04-29T17:37:50.349+0000] {logging_mixin.py:188} INFO - [2024-04-29T17:37:50.349+0000] {dagbag.py:540} INFO - Filling up the DagBag from /home/airflow/.local/lib/python3.8/site-packages/airflow/example_dags/example_subdag_operator.py
[2024-04-29T17:37:50.375+0000] {processor.py:840} INFO - DAG(s) 'example_subdag_operator.section-1', 'example_subdag_operator.section-2', 'example_subdag_operator' retrieved from /home/airflow/.local/lib/python3.8/site-packages/airflow/example_dags/example_subdag_operator.py
[2024-04-29T17:37:50.402+0000] {logging_mixin.py:188} INFO - [2024-04-29T17:37:50.401+0000] {dag.py:3047} INFO - Sync 3 DAGs
[2024-04-29T17:37:50.428+0000] {logging_mixin.py:188} INFO - [2024-04-29T17:37:50.428+0000] {dag.py:3834} INFO - Setting next_dagrun for example_subdag_operator to 2022-01-01 00:00:00+00:00, run_after=2022-01-01 00:00:00+00:00
[2024-04-29T17:37:50.433+0000] {logging_mixin.py:188} INFO - [2024-04-29T17:37:50.433+0000] {dag.py:3834} INFO - Setting next_dagrun for example_subdag_operator.section-1 to None, run_after=None
[2024-04-29T17:37:50.434+0000] {logging_mixin.py:188} INFO - [2024-04-29T17:37:50.434+0000] {dag.py:3834} INFO - Setting next_dagrun for example_subdag_operator.section-2 to None, run_after=None
[2024-04-29T17:37:50.443+0000] {logging_mixin.py:188} INFO - [2024-04-29T17:37:50.443+0000] {dag.py:3047} INFO - Sync 2 DAGs
[2024-04-29T17:37:50.449+0000] {logging_mixin.py:188} INFO - [2024-04-29T17:37:50.449+0000] {dag.py:3834} INFO - Setting next_dagrun for example_subdag_operator.section-1 to None, run_after=None
[2024-04-29T17:37:50.452+0000] {logging_mixin.py:188} INFO - [2024-04-29T17:37:50.451+0000] {dag.py:3834} INFO - Setting next_dagrun for example_subdag_operator.section-2 to None, run_after=None
[2024-04-29T17:37:50.477+0000] {processor.py:183} INFO - Processing /home/airflow/.local/lib/python3.8/site-packages/airflow/example_dags/example_subdag_operator.py took 0.134 seconds
[2024-04-29T17:38:20.720+0000] {processor.py:161} INFO - Started process (PID=4454) to work on /home/airflow/.local/lib/python3.8/site-packages/airflow/example_dags/example_subdag_operator.py
[2024-04-29T17:38:20.722+0000] {processor.py:830} INFO - Processing file /home/airflow/.local/lib/python3.8/site-packages/airflow/example_dags/example_subdag_operator.py for tasks to queue
[2024-04-29T17:38:20.723+0000] {logging_mixin.py:188} INFO - [2024-04-29T17:38:20.722+0000] {dagbag.py:540} INFO - Filling up the DagBag from /home/airflow/.local/lib/python3.8/site-packages/airflow/example_dags/example_subdag_operator.py
[2024-04-29T17:38:20.757+0000] {processor.py:840} INFO - DAG(s) 'example_subdag_operator.section-1', 'example_subdag_operator.section-2', 'example_subdag_operator' retrieved from /home/airflow/.local/lib/python3.8/site-packages/airflow/example_dags/example_subdag_operator.py
[2024-04-29T17:38:20.776+0000] {logging_mixin.py:188} INFO - [2024-04-29T17:38:20.775+0000] {dag.py:3047} INFO - Sync 3 DAGs
[2024-04-29T17:38:20.803+0000] {logging_mixin.py:188} INFO - [2024-04-29T17:38:20.803+0000] {dag.py:3834} INFO - Setting next_dagrun for example_subdag_operator to 2022-01-01 00:00:00+00:00, run_after=2022-01-01 00:00:00+00:00
[2024-04-29T17:38:20.807+0000] {logging_mixin.py:188} INFO - [2024-04-29T17:38:20.807+0000] {dag.py:3834} INFO - Setting next_dagrun for example_subdag_operator.section-1 to None, run_after=None
[2024-04-29T17:38:20.809+0000] {logging_mixin.py:188} INFO - [2024-04-29T17:38:20.808+0000] {dag.py:3834} INFO - Setting next_dagrun for example_subdag_operator.section-2 to None, run_after=None
[2024-04-29T17:38:20.816+0000] {logging_mixin.py:188} INFO - [2024-04-29T17:38:20.816+0000] {dag.py:3047} INFO - Sync 2 DAGs
[2024-04-29T17:38:20.822+0000] {logging_mixin.py:188} INFO - [2024-04-29T17:38:20.821+0000] {dag.py:3834} INFO - Setting next_dagrun for example_subdag_operator.section-1 to None, run_after=None
[2024-04-29T17:38:20.822+0000] {logging_mixin.py:188} INFO - [2024-04-29T17:38:20.822+0000] {dag.py:3834} INFO - Setting next_dagrun for example_subdag_operator.section-2 to None, run_after=None
[2024-04-29T17:38:20.839+0000] {processor.py:183} INFO - Processing /home/airflow/.local/lib/python3.8/site-packages/airflow/example_dags/example_subdag_operator.py took 0.123 seconds
[2024-04-29T17:38:50.901+0000] {processor.py:161} INFO - Started process (PID=4701) to work on /home/airflow/.local/lib/python3.8/site-packages/airflow/example_dags/example_subdag_operator.py
[2024-04-29T17:38:50.902+0000] {processor.py:830} INFO - Processing file /home/airflow/.local/lib/python3.8/site-packages/airflow/example_dags/example_subdag_operator.py for tasks to queue
[2024-04-29T17:38:50.903+0000] {logging_mixin.py:188} INFO - [2024-04-29T17:38:50.902+0000] {dagbag.py:540} INFO - Filling up the DagBag from /home/airflow/.local/lib/python3.8/site-packages/airflow/example_dags/example_subdag_operator.py
[2024-04-29T17:38:50.930+0000] {processor.py:840} INFO - DAG(s) 'example_subdag_operator.section-1', 'example_subdag_operator.section-2', 'example_subdag_operator' retrieved from /home/airflow/.local/lib/python3.8/site-packages/airflow/example_dags/example_subdag_operator.py
[2024-04-29T17:38:50.950+0000] {logging_mixin.py:188} INFO - [2024-04-29T17:38:50.950+0000] {dag.py:3047} INFO - Sync 3 DAGs
[2024-04-29T17:38:50.976+0000] {logging_mixin.py:188} INFO - [2024-04-29T17:38:50.976+0000] {dag.py:3834} INFO - Setting next_dagrun for example_subdag_operator to 2022-01-01 00:00:00+00:00, run_after=2022-01-01 00:00:00+00:00
[2024-04-29T17:38:50.983+0000] {logging_mixin.py:188} INFO - [2024-04-29T17:38:50.982+0000] {dag.py:3834} INFO - Setting next_dagrun for example_subdag_operator.section-1 to None, run_after=None
[2024-04-29T17:38:50.984+0000] {logging_mixin.py:188} INFO - [2024-04-29T17:38:50.984+0000] {dag.py:3834} INFO - Setting next_dagrun for example_subdag_operator.section-2 to None, run_after=None
[2024-04-29T17:38:50.991+0000] {logging_mixin.py:188} INFO - [2024-04-29T17:38:50.991+0000] {dag.py:3047} INFO - Sync 2 DAGs
[2024-04-29T17:38:51.003+0000] {logging_mixin.py:188} INFO - [2024-04-29T17:38:51.003+0000] {dag.py:3834} INFO - Setting next_dagrun for example_subdag_operator.section-1 to None, run_after=None
[2024-04-29T17:38:51.004+0000] {logging_mixin.py:188} INFO - [2024-04-29T17:38:51.004+0000] {dag.py:3834} INFO - Setting next_dagrun for example_subdag_operator.section-2 to None, run_after=None
[2024-04-29T17:38:51.023+0000] {processor.py:183} INFO - Processing /home/airflow/.local/lib/python3.8/site-packages/airflow/example_dags/example_subdag_operator.py took 0.126 seconds
[2024-04-29T17:39:21.495+0000] {processor.py:161} INFO - Started process (PID=4948) to work on /home/airflow/.local/lib/python3.8/site-packages/airflow/example_dags/example_subdag_operator.py
[2024-04-29T17:39:21.496+0000] {processor.py:830} INFO - Processing file /home/airflow/.local/lib/python3.8/site-packages/airflow/example_dags/example_subdag_operator.py for tasks to queue
[2024-04-29T17:39:21.497+0000] {logging_mixin.py:188} INFO - [2024-04-29T17:39:21.497+0000] {dagbag.py:540} INFO - Filling up the DagBag from /home/airflow/.local/lib/python3.8/site-packages/airflow/example_dags/example_subdag_operator.py
[2024-04-29T17:39:21.525+0000] {processor.py:840} INFO - DAG(s) 'example_subdag_operator.section-1', 'example_subdag_operator.section-2', 'example_subdag_operator' retrieved from /home/airflow/.local/lib/python3.8/site-packages/airflow/example_dags/example_subdag_operator.py
[2024-04-29T17:39:21.545+0000] {logging_mixin.py:188} INFO - [2024-04-29T17:39:21.544+0000] {dag.py:3047} INFO - Sync 3 DAGs
[2024-04-29T17:39:21.571+0000] {logging_mixin.py:188} INFO - [2024-04-29T17:39:21.571+0000] {dag.py:3834} INFO - Setting next_dagrun for example_subdag_operator to 2022-01-01 00:00:00+00:00, run_after=2022-01-01 00:00:00+00:00
[2024-04-29T17:39:21.576+0000] {logging_mixin.py:188} INFO - [2024-04-29T17:39:21.576+0000] {dag.py:3834} INFO - Setting next_dagrun for example_subdag_operator.section-1 to None, run_after=None
[2024-04-29T17:39:21.577+0000] {logging_mixin.py:188} INFO - [2024-04-29T17:39:21.577+0000] {dag.py:3834} INFO - Setting next_dagrun for example_subdag_operator.section-2 to None, run_after=None
[2024-04-29T17:39:21.585+0000] {logging_mixin.py:188} INFO - [2024-04-29T17:39:21.585+0000] {dag.py:3047} INFO - Sync 2 DAGs
[2024-04-29T17:39:21.591+0000] {logging_mixin.py:188} INFO - [2024-04-29T17:39:21.591+0000] {dag.py:3834} INFO - Setting next_dagrun for example_subdag_operator.section-1 to None, run_after=None
[2024-04-29T17:39:21.592+0000] {logging_mixin.py:188} INFO - [2024-04-29T17:39:21.592+0000] {dag.py:3834} INFO - Setting next_dagrun for example_subdag_operator.section-2 to None, run_after=None
[2024-04-29T17:39:21.613+0000] {processor.py:183} INFO - Processing /home/airflow/.local/lib/python3.8/site-packages/airflow/example_dags/example_subdag_operator.py took 0.121 seconds
[2024-04-29T17:39:52.290+0000] {processor.py:161} INFO - Started process (PID=5194) to work on /home/airflow/.local/lib/python3.8/site-packages/airflow/example_dags/example_subdag_operator.py
[2024-04-29T17:39:52.291+0000] {processor.py:830} INFO - Processing file /home/airflow/.local/lib/python3.8/site-packages/airflow/example_dags/example_subdag_operator.py for tasks to queue
[2024-04-29T17:39:52.292+0000] {logging_mixin.py:188} INFO - [2024-04-29T17:39:52.292+0000] {dagbag.py:540} INFO - Filling up the DagBag from /home/airflow/.local/lib/python3.8/site-packages/airflow/example_dags/example_subdag_operator.py
[2024-04-29T17:39:52.319+0000] {processor.py:840} INFO - DAG(s) 'example_subdag_operator.section-1', 'example_subdag_operator.section-2', 'example_subdag_operator' retrieved from /home/airflow/.local/lib/python3.8/site-packages/airflow/example_dags/example_subdag_operator.py
[2024-04-29T17:39:52.352+0000] {logging_mixin.py:188} INFO - [2024-04-29T17:39:52.352+0000] {dag.py:3047} INFO - Sync 3 DAGs
[2024-04-29T17:39:52.396+0000] {logging_mixin.py:188} INFO - [2024-04-29T17:39:52.396+0000] {dag.py:3834} INFO - Setting next_dagrun for example_subdag_operator to 2022-01-01 00:00:00+00:00, run_after=2022-01-01 00:00:00+00:00
[2024-04-29T17:39:52.410+0000] {logging_mixin.py:188} INFO - [2024-04-29T17:39:52.410+0000] {dag.py:3834} INFO - Setting next_dagrun for example_subdag_operator.section-1 to None, run_after=None
[2024-04-29T17:39:52.412+0000] {logging_mixin.py:188} INFO - [2024-04-29T17:39:52.412+0000] {dag.py:3834} INFO - Setting next_dagrun for example_subdag_operator.section-2 to None, run_after=None
[2024-04-29T17:39:52.427+0000] {logging_mixin.py:188} INFO - [2024-04-29T17:39:52.427+0000] {dag.py:3047} INFO - Sync 2 DAGs
[2024-04-29T17:39:52.438+0000] {logging_mixin.py:188} INFO - [2024-04-29T17:39:52.437+0000] {dag.py:3834} INFO - Setting next_dagrun for example_subdag_operator.section-1 to None, run_after=None
[2024-04-29T17:39:52.438+0000] {logging_mixin.py:188} INFO - [2024-04-29T17:39:52.438+0000] {dag.py:3834} INFO - Setting next_dagrun for example_subdag_operator.section-2 to None, run_after=None
[2024-04-29T17:39:52.475+0000] {processor.py:183} INFO - Processing /home/airflow/.local/lib/python3.8/site-packages/airflow/example_dags/example_subdag_operator.py took 0.187 seconds
[2024-04-29T17:40:22.809+0000] {processor.py:161} INFO - Started process (PID=5441) to work on /home/airflow/.local/lib/python3.8/site-packages/airflow/example_dags/example_subdag_operator.py
[2024-04-29T17:40:22.819+0000] {processor.py:830} INFO - Processing file /home/airflow/.local/lib/python3.8/site-packages/airflow/example_dags/example_subdag_operator.py for tasks to queue
[2024-04-29T17:40:22.820+0000] {logging_mixin.py:188} INFO - [2024-04-29T17:40:22.820+0000] {dagbag.py:540} INFO - Filling up the DagBag from /home/airflow/.local/lib/python3.8/site-packages/airflow/example_dags/example_subdag_operator.py
[2024-04-29T17:40:22.863+0000] {processor.py:840} INFO - DAG(s) 'example_subdag_operator.section-1', 'example_subdag_operator.section-2', 'example_subdag_operator' retrieved from /home/airflow/.local/lib/python3.8/site-packages/airflow/example_dags/example_subdag_operator.py
[2024-04-29T17:40:22.884+0000] {logging_mixin.py:188} INFO - [2024-04-29T17:40:22.883+0000] {dag.py:3047} INFO - Sync 3 DAGs
[2024-04-29T17:40:22.909+0000] {logging_mixin.py:188} INFO - [2024-04-29T17:40:22.909+0000] {dag.py:3834} INFO - Setting next_dagrun for example_subdag_operator to 2022-01-01 00:00:00+00:00, run_after=2022-01-01 00:00:00+00:00
[2024-04-29T17:40:22.912+0000] {logging_mixin.py:188} INFO - [2024-04-29T17:40:22.912+0000] {dag.py:3834} INFO - Setting next_dagrun for example_subdag_operator.section-1 to None, run_after=None
[2024-04-29T17:40:22.914+0000] {logging_mixin.py:188} INFO - [2024-04-29T17:40:22.913+0000] {dag.py:3834} INFO - Setting next_dagrun for example_subdag_operator.section-2 to None, run_after=None
[2024-04-29T17:40:22.921+0000] {logging_mixin.py:188} INFO - [2024-04-29T17:40:22.921+0000] {dag.py:3047} INFO - Sync 2 DAGs
[2024-04-29T17:40:22.928+0000] {logging_mixin.py:188} INFO - [2024-04-29T17:40:22.928+0000] {dag.py:3834} INFO - Setting next_dagrun for example_subdag_operator.section-1 to None, run_after=None
[2024-04-29T17:40:22.929+0000] {logging_mixin.py:188} INFO - [2024-04-29T17:40:22.928+0000] {dag.py:3834} INFO - Setting next_dagrun for example_subdag_operator.section-2 to None, run_after=None
[2024-04-29T17:40:22.945+0000] {processor.py:183} INFO - Processing /home/airflow/.local/lib/python3.8/site-packages/airflow/example_dags/example_subdag_operator.py took 0.139 seconds
[2024-04-29T17:40:53.096+0000] {processor.py:161} INFO - Started process (PID=5688) to work on /home/airflow/.local/lib/python3.8/site-packages/airflow/example_dags/example_subdag_operator.py
[2024-04-29T17:40:53.098+0000] {processor.py:830} INFO - Processing file /home/airflow/.local/lib/python3.8/site-packages/airflow/example_dags/example_subdag_operator.py for tasks to queue
[2024-04-29T17:40:53.099+0000] {logging_mixin.py:188} INFO - [2024-04-29T17:40:53.098+0000] {dagbag.py:540} INFO - Filling up the DagBag from /home/airflow/.local/lib/python3.8/site-packages/airflow/example_dags/example_subdag_operator.py
[2024-04-29T17:40:53.129+0000] {processor.py:840} INFO - DAG(s) 'example_subdag_operator.section-1', 'example_subdag_operator.section-2', 'example_subdag_operator' retrieved from /home/airflow/.local/lib/python3.8/site-packages/airflow/example_dags/example_subdag_operator.py
[2024-04-29T17:40:53.147+0000] {logging_mixin.py:188} INFO - [2024-04-29T17:40:53.147+0000] {dag.py:3047} INFO - Sync 3 DAGs
[2024-04-29T17:40:53.172+0000] {logging_mixin.py:188} INFO - [2024-04-29T17:40:53.172+0000] {dag.py:3834} INFO - Setting next_dagrun for example_subdag_operator to 2022-01-01 00:00:00+00:00, run_after=2022-01-01 00:00:00+00:00
[2024-04-29T17:40:53.176+0000] {logging_mixin.py:188} INFO - [2024-04-29T17:40:53.176+0000] {dag.py:3834} INFO - Setting next_dagrun for example_subdag_operator.section-1 to None, run_after=None
[2024-04-29T17:40:53.178+0000] {logging_mixin.py:188} INFO - [2024-04-29T17:40:53.177+0000] {dag.py:3834} INFO - Setting next_dagrun for example_subdag_operator.section-2 to None, run_after=None
[2024-04-29T17:40:53.185+0000] {logging_mixin.py:188} INFO - [2024-04-29T17:40:53.185+0000] {dag.py:3047} INFO - Sync 2 DAGs
[2024-04-29T17:40:53.191+0000] {logging_mixin.py:188} INFO - [2024-04-29T17:40:53.191+0000] {dag.py:3834} INFO - Setting next_dagrun for example_subdag_operator.section-1 to None, run_after=None
[2024-04-29T17:40:53.191+0000] {logging_mixin.py:188} INFO - [2024-04-29T17:40:53.191+0000] {dag.py:3834} INFO - Setting next_dagrun for example_subdag_operator.section-2 to None, run_after=None
[2024-04-29T17:40:53.208+0000] {processor.py:183} INFO - Processing /home/airflow/.local/lib/python3.8/site-packages/airflow/example_dags/example_subdag_operator.py took 0.116 seconds
[2024-04-29T17:41:23.284+0000] {processor.py:161} INFO - Started process (PID=5933) to work on /home/airflow/.local/lib/python3.8/site-packages/airflow/example_dags/example_subdag_operator.py
[2024-04-29T17:41:23.284+0000] {processor.py:830} INFO - Processing file /home/airflow/.local/lib/python3.8/site-packages/airflow/example_dags/example_subdag_operator.py for tasks to queue
[2024-04-29T17:41:23.285+0000] {logging_mixin.py:188} INFO - [2024-04-29T17:41:23.285+0000] {dagbag.py:540} INFO - Filling up the DagBag from /home/airflow/.local/lib/python3.8/site-packages/airflow/example_dags/example_subdag_operator.py
[2024-04-29T17:41:23.339+0000] {processor.py:840} INFO - DAG(s) 'example_subdag_operator.section-1', 'example_subdag_operator.section-2', 'example_subdag_operator' retrieved from /home/airflow/.local/lib/python3.8/site-packages/airflow/example_dags/example_subdag_operator.py
[2024-04-29T17:41:23.361+0000] {logging_mixin.py:188} INFO - [2024-04-29T17:41:23.360+0000] {dag.py:3047} INFO - Sync 3 DAGs
[2024-04-29T17:41:23.388+0000] {logging_mixin.py:188} INFO - [2024-04-29T17:41:23.388+0000] {dag.py:3834} INFO - Setting next_dagrun for example_subdag_operator to 2022-01-01 00:00:00+00:00, run_after=2022-01-01 00:00:00+00:00
[2024-04-29T17:41:23.392+0000] {logging_mixin.py:188} INFO - [2024-04-29T17:41:23.392+0000] {dag.py:3834} INFO - Setting next_dagrun for example_subdag_operator.section-1 to None, run_after=None
[2024-04-29T17:41:23.394+0000] {logging_mixin.py:188} INFO - [2024-04-29T17:41:23.394+0000] {dag.py:3834} INFO - Setting next_dagrun for example_subdag_operator.section-2 to None, run_after=None
[2024-04-29T17:41:23.402+0000] {logging_mixin.py:188} INFO - [2024-04-29T17:41:23.402+0000] {dag.py:3047} INFO - Sync 2 DAGs
[2024-04-29T17:41:23.409+0000] {logging_mixin.py:188} INFO - [2024-04-29T17:41:23.409+0000] {dag.py:3834} INFO - Setting next_dagrun for example_subdag_operator.section-1 to None, run_after=None
[2024-04-29T17:41:23.410+0000] {logging_mixin.py:188} INFO - [2024-04-29T17:41:23.410+0000] {dag.py:3834} INFO - Setting next_dagrun for example_subdag_operator.section-2 to None, run_after=None
[2024-04-29T17:41:23.427+0000] {processor.py:183} INFO - Processing /home/airflow/.local/lib/python3.8/site-packages/airflow/example_dags/example_subdag_operator.py took 0.147 seconds
[2024-04-29T17:41:53.492+0000] {processor.py:161} INFO - Started process (PID=6180) to work on /home/airflow/.local/lib/python3.8/site-packages/airflow/example_dags/example_subdag_operator.py
[2024-04-29T17:41:53.494+0000] {processor.py:830} INFO - Processing file /home/airflow/.local/lib/python3.8/site-packages/airflow/example_dags/example_subdag_operator.py for tasks to queue
[2024-04-29T17:41:53.495+0000] {logging_mixin.py:188} INFO - [2024-04-29T17:41:53.495+0000] {dagbag.py:540} INFO - Filling up the DagBag from /home/airflow/.local/lib/python3.8/site-packages/airflow/example_dags/example_subdag_operator.py
[2024-04-29T17:41:53.523+0000] {processor.py:840} INFO - DAG(s) 'example_subdag_operator.section-1', 'example_subdag_operator.section-2', 'example_subdag_operator' retrieved from /home/airflow/.local/lib/python3.8/site-packages/airflow/example_dags/example_subdag_operator.py
[2024-04-29T17:41:53.540+0000] {logging_mixin.py:188} INFO - [2024-04-29T17:41:53.540+0000] {dag.py:3047} INFO - Sync 3 DAGs
[2024-04-29T17:41:53.565+0000] {logging_mixin.py:188} INFO - [2024-04-29T17:41:53.565+0000] {dag.py:3834} INFO - Setting next_dagrun for example_subdag_operator to 2022-01-01 00:00:00+00:00, run_after=2022-01-01 00:00:00+00:00
[2024-04-29T17:41:53.569+0000] {logging_mixin.py:188} INFO - [2024-04-29T17:41:53.569+0000] {dag.py:3834} INFO - Setting next_dagrun for example_subdag_operator.section-1 to None, run_after=None
[2024-04-29T17:41:53.570+0000] {logging_mixin.py:188} INFO - [2024-04-29T17:41:53.570+0000] {dag.py:3834} INFO - Setting next_dagrun for example_subdag_operator.section-2 to None, run_after=None
[2024-04-29T17:41:53.582+0000] {logging_mixin.py:188} INFO - [2024-04-29T17:41:53.581+0000] {dag.py:3047} INFO - Sync 2 DAGs
[2024-04-29T17:41:53.587+0000] {logging_mixin.py:188} INFO - [2024-04-29T17:41:53.587+0000] {dag.py:3834} INFO - Setting next_dagrun for example_subdag_operator.section-1 to None, run_after=None
[2024-04-29T17:41:53.588+0000] {logging_mixin.py:188} INFO - [2024-04-29T17:41:53.587+0000] {dag.py:3834} INFO - Setting next_dagrun for example_subdag_operator.section-2 to None, run_after=None
[2024-04-29T17:41:53.606+0000] {processor.py:183} INFO - Processing /home/airflow/.local/lib/python3.8/site-packages/airflow/example_dags/example_subdag_operator.py took 0.117 seconds
[2024-04-29T17:42:23.752+0000] {processor.py:161} INFO - Started process (PID=6424) to work on /home/airflow/.local/lib/python3.8/site-packages/airflow/example_dags/example_subdag_operator.py
[2024-04-29T17:42:23.753+0000] {processor.py:830} INFO - Processing file /home/airflow/.local/lib/python3.8/site-packages/airflow/example_dags/example_subdag_operator.py for tasks to queue
[2024-04-29T17:42:23.754+0000] {logging_mixin.py:188} INFO - [2024-04-29T17:42:23.754+0000] {dagbag.py:540} INFO - Filling up the DagBag from /home/airflow/.local/lib/python3.8/site-packages/airflow/example_dags/example_subdag_operator.py
[2024-04-29T17:42:23.780+0000] {processor.py:840} INFO - DAG(s) 'example_subdag_operator.section-1', 'example_subdag_operator.section-2', 'example_subdag_operator' retrieved from /home/airflow/.local/lib/python3.8/site-packages/airflow/example_dags/example_subdag_operator.py
[2024-04-29T17:42:23.797+0000] {logging_mixin.py:188} INFO - [2024-04-29T17:42:23.797+0000] {dag.py:3047} INFO - Sync 3 DAGs
[2024-04-29T17:42:23.815+0000] {logging_mixin.py:188} INFO - [2024-04-29T17:42:23.815+0000] {dag.py:3834} INFO - Setting next_dagrun for example_subdag_operator to 2022-01-01 00:00:00+00:00, run_after=2022-01-01 00:00:00+00:00
[2024-04-29T17:42:23.818+0000] {logging_mixin.py:188} INFO - [2024-04-29T17:42:23.818+0000] {dag.py:3834} INFO - Setting next_dagrun for example_subdag_operator.section-1 to None, run_after=None
[2024-04-29T17:42:23.819+0000] {logging_mixin.py:188} INFO - [2024-04-29T17:42:23.819+0000] {dag.py:3834} INFO - Setting next_dagrun for example_subdag_operator.section-2 to None, run_after=None
[2024-04-29T17:42:23.824+0000] {logging_mixin.py:188} INFO - [2024-04-29T17:42:23.824+0000] {dag.py:3047} INFO - Sync 2 DAGs
[2024-04-29T17:42:23.829+0000] {logging_mixin.py:188} INFO - [2024-04-29T17:42:23.829+0000] {dag.py:3834} INFO - Setting next_dagrun for example_subdag_operator.section-1 to None, run_after=None
[2024-04-29T17:42:23.829+0000] {logging_mixin.py:188} INFO - [2024-04-29T17:42:23.829+0000] {dag.py:3834} INFO - Setting next_dagrun for example_subdag_operator.section-2 to None, run_after=None
[2024-04-29T17:42:23.844+0000] {processor.py:183} INFO - Processing /home/airflow/.local/lib/python3.8/site-packages/airflow/example_dags/example_subdag_operator.py took 0.095 seconds
[2024-04-29T17:42:54.058+0000] {processor.py:161} INFO - Started process (PID=6669) to work on /home/airflow/.local/lib/python3.8/site-packages/airflow/example_dags/example_subdag_operator.py
[2024-04-29T17:42:54.059+0000] {processor.py:830} INFO - Processing file /home/airflow/.local/lib/python3.8/site-packages/airflow/example_dags/example_subdag_operator.py for tasks to queue
[2024-04-29T17:42:54.060+0000] {logging_mixin.py:188} INFO - [2024-04-29T17:42:54.060+0000] {dagbag.py:540} INFO - Filling up the DagBag from /home/airflow/.local/lib/python3.8/site-packages/airflow/example_dags/example_subdag_operator.py
[2024-04-29T17:42:54.088+0000] {processor.py:840} INFO - DAG(s) 'example_subdag_operator.section-1', 'example_subdag_operator.section-2', 'example_subdag_operator' retrieved from /home/airflow/.local/lib/python3.8/site-packages/airflow/example_dags/example_subdag_operator.py
[2024-04-29T17:42:54.106+0000] {logging_mixin.py:188} INFO - [2024-04-29T17:42:54.106+0000] {dag.py:3047} INFO - Sync 3 DAGs
[2024-04-29T17:42:54.132+0000] {logging_mixin.py:188} INFO - [2024-04-29T17:42:54.132+0000] {dag.py:3834} INFO - Setting next_dagrun for example_subdag_operator to 2022-01-01 00:00:00+00:00, run_after=2022-01-01 00:00:00+00:00
[2024-04-29T17:42:54.137+0000] {logging_mixin.py:188} INFO - [2024-04-29T17:42:54.136+0000] {dag.py:3834} INFO - Setting next_dagrun for example_subdag_operator.section-1 to None, run_after=None
[2024-04-29T17:42:54.138+0000] {logging_mixin.py:188} INFO - [2024-04-29T17:42:54.138+0000] {dag.py:3834} INFO - Setting next_dagrun for example_subdag_operator.section-2 to None, run_after=None
[2024-04-29T17:42:54.145+0000] {logging_mixin.py:188} INFO - [2024-04-29T17:42:54.145+0000] {dag.py:3047} INFO - Sync 2 DAGs
[2024-04-29T17:42:54.152+0000] {logging_mixin.py:188} INFO - [2024-04-29T17:42:54.151+0000] {dag.py:3834} INFO - Setting next_dagrun for example_subdag_operator.section-1 to None, run_after=None
[2024-04-29T17:42:54.153+0000] {logging_mixin.py:188} INFO - [2024-04-29T17:42:54.152+0000] {dag.py:3834} INFO - Setting next_dagrun for example_subdag_operator.section-2 to None, run_after=None
[2024-04-29T17:42:54.177+0000] {processor.py:183} INFO - Processing /home/airflow/.local/lib/python3.8/site-packages/airflow/example_dags/example_subdag_operator.py took 0.123 seconds
[2024-04-29T17:43:24.331+0000] {processor.py:161} INFO - Started process (PID=6915) to work on /home/airflow/.local/lib/python3.8/site-packages/airflow/example_dags/example_subdag_operator.py
[2024-04-29T17:43:24.336+0000] {processor.py:830} INFO - Processing file /home/airflow/.local/lib/python3.8/site-packages/airflow/example_dags/example_subdag_operator.py for tasks to queue
[2024-04-29T17:43:24.337+0000] {logging_mixin.py:188} INFO - [2024-04-29T17:43:24.337+0000] {dagbag.py:540} INFO - Filling up the DagBag from /home/airflow/.local/lib/python3.8/site-packages/airflow/example_dags/example_subdag_operator.py
[2024-04-29T17:43:24.398+0000] {processor.py:840} INFO - DAG(s) 'example_subdag_operator.section-1', 'example_subdag_operator.section-2', 'example_subdag_operator' retrieved from /home/airflow/.local/lib/python3.8/site-packages/airflow/example_dags/example_subdag_operator.py
[2024-04-29T17:43:24.461+0000] {logging_mixin.py:188} INFO - [2024-04-29T17:43:24.461+0000] {dag.py:3047} INFO - Sync 3 DAGs
[2024-04-29T17:43:24.528+0000] {logging_mixin.py:188} INFO - [2024-04-29T17:43:24.527+0000] {dag.py:3834} INFO - Setting next_dagrun for example_subdag_operator to 2022-01-01 00:00:00+00:00, run_after=2022-01-01 00:00:00+00:00
[2024-04-29T17:43:24.532+0000] {logging_mixin.py:188} INFO - [2024-04-29T17:43:24.531+0000] {dag.py:3834} INFO - Setting next_dagrun for example_subdag_operator.section-1 to None, run_after=None
[2024-04-29T17:43:24.535+0000] {logging_mixin.py:188} INFO - [2024-04-29T17:43:24.535+0000] {dag.py:3834} INFO - Setting next_dagrun for example_subdag_operator.section-2 to None, run_after=None
[2024-04-29T17:43:24.544+0000] {logging_mixin.py:188} INFO - [2024-04-29T17:43:24.544+0000] {dag.py:3047} INFO - Sync 2 DAGs
[2024-04-29T17:43:24.550+0000] {logging_mixin.py:188} INFO - [2024-04-29T17:43:24.550+0000] {dag.py:3834} INFO - Setting next_dagrun for example_subdag_operator.section-1 to None, run_after=None
[2024-04-29T17:43:24.551+0000] {logging_mixin.py:188} INFO - [2024-04-29T17:43:24.551+0000] {dag.py:3834} INFO - Setting next_dagrun for example_subdag_operator.section-2 to None, run_after=None
[2024-04-29T17:43:24.580+0000] {processor.py:183} INFO - Processing /home/airflow/.local/lib/python3.8/site-packages/airflow/example_dags/example_subdag_operator.py took 0.252 seconds
[2024-04-29T17:43:55.402+0000] {processor.py:161} INFO - Started process (PID=7163) to work on /home/airflow/.local/lib/python3.8/site-packages/airflow/example_dags/example_subdag_operator.py
[2024-04-29T17:43:55.404+0000] {processor.py:830} INFO - Processing file /home/airflow/.local/lib/python3.8/site-packages/airflow/example_dags/example_subdag_operator.py for tasks to queue
[2024-04-29T17:43:55.405+0000] {logging_mixin.py:188} INFO - [2024-04-29T17:43:55.404+0000] {dagbag.py:540} INFO - Filling up the DagBag from /home/airflow/.local/lib/python3.8/site-packages/airflow/example_dags/example_subdag_operator.py
[2024-04-29T17:43:55.430+0000] {processor.py:840} INFO - DAG(s) 'example_subdag_operator.section-1', 'example_subdag_operator.section-2', 'example_subdag_operator' retrieved from /home/airflow/.local/lib/python3.8/site-packages/airflow/example_dags/example_subdag_operator.py
[2024-04-29T17:43:55.449+0000] {logging_mixin.py:188} INFO - [2024-04-29T17:43:55.449+0000] {dag.py:3047} INFO - Sync 3 DAGs
[2024-04-29T17:43:55.482+0000] {logging_mixin.py:188} INFO - [2024-04-29T17:43:55.481+0000] {dag.py:3834} INFO - Setting next_dagrun for example_subdag_operator to 2022-01-01 00:00:00+00:00, run_after=2022-01-01 00:00:00+00:00
[2024-04-29T17:43:55.486+0000] {logging_mixin.py:188} INFO - [2024-04-29T17:43:55.486+0000] {dag.py:3834} INFO - Setting next_dagrun for example_subdag_operator.section-1 to None, run_after=None
[2024-04-29T17:43:55.487+0000] {logging_mixin.py:188} INFO - [2024-04-29T17:43:55.487+0000] {dag.py:3834} INFO - Setting next_dagrun for example_subdag_operator.section-2 to None, run_after=None
[2024-04-29T17:43:55.495+0000] {logging_mixin.py:188} INFO - [2024-04-29T17:43:55.495+0000] {dag.py:3047} INFO - Sync 2 DAGs
[2024-04-29T17:43:55.501+0000] {logging_mixin.py:188} INFO - [2024-04-29T17:43:55.501+0000] {dag.py:3834} INFO - Setting next_dagrun for example_subdag_operator.section-1 to None, run_after=None
[2024-04-29T17:43:55.502+0000] {logging_mixin.py:188} INFO - [2024-04-29T17:43:55.502+0000] {dag.py:3834} INFO - Setting next_dagrun for example_subdag_operator.section-2 to None, run_after=None
[2024-04-29T17:43:55.519+0000] {processor.py:183} INFO - Processing /home/airflow/.local/lib/python3.8/site-packages/airflow/example_dags/example_subdag_operator.py took 0.121 seconds
[2024-04-29T17:44:25.979+0000] {processor.py:161} INFO - Started process (PID=7410) to work on /home/airflow/.local/lib/python3.8/site-packages/airflow/example_dags/example_subdag_operator.py
[2024-04-29T17:44:25.980+0000] {processor.py:830} INFO - Processing file /home/airflow/.local/lib/python3.8/site-packages/airflow/example_dags/example_subdag_operator.py for tasks to queue
[2024-04-29T17:44:25.982+0000] {logging_mixin.py:188} INFO - [2024-04-29T17:44:25.982+0000] {dagbag.py:540} INFO - Filling up the DagBag from /home/airflow/.local/lib/python3.8/site-packages/airflow/example_dags/example_subdag_operator.py
[2024-04-29T17:44:26.008+0000] {processor.py:840} INFO - DAG(s) 'example_subdag_operator.section-1', 'example_subdag_operator.section-2', 'example_subdag_operator' retrieved from /home/airflow/.local/lib/python3.8/site-packages/airflow/example_dags/example_subdag_operator.py
[2024-04-29T17:44:26.027+0000] {logging_mixin.py:188} INFO - [2024-04-29T17:44:26.027+0000] {dag.py:3047} INFO - Sync 3 DAGs
[2024-04-29T17:44:26.053+0000] {logging_mixin.py:188} INFO - [2024-04-29T17:44:26.053+0000] {dag.py:3834} INFO - Setting next_dagrun for example_subdag_operator to 2022-01-01 00:00:00+00:00, run_after=2022-01-01 00:00:00+00:00
[2024-04-29T17:44:26.057+0000] {logging_mixin.py:188} INFO - [2024-04-29T17:44:26.057+0000] {dag.py:3834} INFO - Setting next_dagrun for example_subdag_operator.section-1 to None, run_after=None
[2024-04-29T17:44:26.058+0000] {logging_mixin.py:188} INFO - [2024-04-29T17:44:26.058+0000] {dag.py:3834} INFO - Setting next_dagrun for example_subdag_operator.section-2 to None, run_after=None
[2024-04-29T17:44:26.069+0000] {logging_mixin.py:188} INFO - [2024-04-29T17:44:26.069+0000] {dag.py:3047} INFO - Sync 2 DAGs
[2024-04-29T17:44:26.081+0000] {logging_mixin.py:188} INFO - [2024-04-29T17:44:26.081+0000] {dag.py:3834} INFO - Setting next_dagrun for example_subdag_operator.section-1 to None, run_after=None
[2024-04-29T17:44:26.082+0000] {logging_mixin.py:188} INFO - [2024-04-29T17:44:26.082+0000] {dag.py:3834} INFO - Setting next_dagrun for example_subdag_operator.section-2 to None, run_after=None
[2024-04-29T17:44:26.105+0000] {processor.py:183} INFO - Processing /home/airflow/.local/lib/python3.8/site-packages/airflow/example_dags/example_subdag_operator.py took 0.129 seconds
[2024-04-29T17:44:56.487+0000] {processor.py:161} INFO - Started process (PID=7657) to work on /home/airflow/.local/lib/python3.8/site-packages/airflow/example_dags/example_subdag_operator.py
[2024-04-29T17:44:56.492+0000] {processor.py:830} INFO - Processing file /home/airflow/.local/lib/python3.8/site-packages/airflow/example_dags/example_subdag_operator.py for tasks to queue
[2024-04-29T17:44:56.495+0000] {logging_mixin.py:188} INFO - [2024-04-29T17:44:56.495+0000] {dagbag.py:540} INFO - Filling up the DagBag from /home/airflow/.local/lib/python3.8/site-packages/airflow/example_dags/example_subdag_operator.py
[2024-04-29T17:44:56.521+0000] {processor.py:840} INFO - DAG(s) 'example_subdag_operator.section-1', 'example_subdag_operator.section-2', 'example_subdag_operator' retrieved from /home/airflow/.local/lib/python3.8/site-packages/airflow/example_dags/example_subdag_operator.py
[2024-04-29T17:44:56.540+0000] {logging_mixin.py:188} INFO - [2024-04-29T17:44:56.539+0000] {dag.py:3047} INFO - Sync 3 DAGs
[2024-04-29T17:44:56.566+0000] {logging_mixin.py:188} INFO - [2024-04-29T17:44:56.565+0000] {dag.py:3834} INFO - Setting next_dagrun for example_subdag_operator to 2022-01-01 00:00:00+00:00, run_after=2022-01-01 00:00:00+00:00
[2024-04-29T17:44:56.570+0000] {logging_mixin.py:188} INFO - [2024-04-29T17:44:56.570+0000] {dag.py:3834} INFO - Setting next_dagrun for example_subdag_operator.section-1 to None, run_after=None
[2024-04-29T17:44:56.571+0000] {logging_mixin.py:188} INFO - [2024-04-29T17:44:56.571+0000] {dag.py:3834} INFO - Setting next_dagrun for example_subdag_operator.section-2 to None, run_after=None
[2024-04-29T17:44:56.579+0000] {logging_mixin.py:188} INFO - [2024-04-29T17:44:56.578+0000] {dag.py:3047} INFO - Sync 2 DAGs
[2024-04-29T17:44:56.585+0000] {logging_mixin.py:188} INFO - [2024-04-29T17:44:56.585+0000] {dag.py:3834} INFO - Setting next_dagrun for example_subdag_operator.section-1 to None, run_after=None
[2024-04-29T17:44:56.586+0000] {logging_mixin.py:188} INFO - [2024-04-29T17:44:56.586+0000] {dag.py:3834} INFO - Setting next_dagrun for example_subdag_operator.section-2 to None, run_after=None
[2024-04-29T17:44:56.602+0000] {processor.py:183} INFO - Processing /home/airflow/.local/lib/python3.8/site-packages/airflow/example_dags/example_subdag_operator.py took 0.118 seconds
[2024-04-29T17:45:26.906+0000] {processor.py:161} INFO - Started process (PID=7905) to work on /home/airflow/.local/lib/python3.8/site-packages/airflow/example_dags/example_subdag_operator.py
[2024-04-29T17:45:26.907+0000] {processor.py:830} INFO - Processing file /home/airflow/.local/lib/python3.8/site-packages/airflow/example_dags/example_subdag_operator.py for tasks to queue
[2024-04-29T17:45:26.907+0000] {logging_mixin.py:188} INFO - [2024-04-29T17:45:26.907+0000] {dagbag.py:540} INFO - Filling up the DagBag from /home/airflow/.local/lib/python3.8/site-packages/airflow/example_dags/example_subdag_operator.py
[2024-04-29T17:45:26.934+0000] {processor.py:840} INFO - DAG(s) 'example_subdag_operator.section-1', 'example_subdag_operator.section-2', 'example_subdag_operator' retrieved from /home/airflow/.local/lib/python3.8/site-packages/airflow/example_dags/example_subdag_operator.py
[2024-04-29T17:45:26.953+0000] {logging_mixin.py:188} INFO - [2024-04-29T17:45:26.953+0000] {dag.py:3047} INFO - Sync 3 DAGs
[2024-04-29T17:45:26.979+0000] {logging_mixin.py:188} INFO - [2024-04-29T17:45:26.979+0000] {dag.py:3834} INFO - Setting next_dagrun for example_subdag_operator to 2022-01-01 00:00:00+00:00, run_after=2022-01-01 00:00:00+00:00
[2024-04-29T17:45:26.983+0000] {logging_mixin.py:188} INFO - [2024-04-29T17:45:26.983+0000] {dag.py:3834} INFO - Setting next_dagrun for example_subdag_operator.section-1 to None, run_after=None
[2024-04-29T17:45:26.985+0000] {logging_mixin.py:188} INFO - [2024-04-29T17:45:26.985+0000] {dag.py:3834} INFO - Setting next_dagrun for example_subdag_operator.section-2 to None, run_after=None
[2024-04-29T17:45:26.992+0000] {logging_mixin.py:188} INFO - [2024-04-29T17:45:26.992+0000] {dag.py:3047} INFO - Sync 2 DAGs
[2024-04-29T17:45:26.998+0000] {logging_mixin.py:188} INFO - [2024-04-29T17:45:26.998+0000] {dag.py:3834} INFO - Setting next_dagrun for example_subdag_operator.section-1 to None, run_after=None
[2024-04-29T17:45:26.999+0000] {logging_mixin.py:188} INFO - [2024-04-29T17:45:26.999+0000] {dag.py:3834} INFO - Setting next_dagrun for example_subdag_operator.section-2 to None, run_after=None
[2024-04-29T17:45:27.023+0000] {processor.py:183} INFO - Processing /home/airflow/.local/lib/python3.8/site-packages/airflow/example_dags/example_subdag_operator.py took 0.121 seconds
[2024-04-29T17:45:57.240+0000] {processor.py:161} INFO - Started process (PID=8153) to work on /home/airflow/.local/lib/python3.8/site-packages/airflow/example_dags/example_subdag_operator.py
[2024-04-29T17:45:57.240+0000] {processor.py:830} INFO - Processing file /home/airflow/.local/lib/python3.8/site-packages/airflow/example_dags/example_subdag_operator.py for tasks to queue
[2024-04-29T17:45:57.241+0000] {logging_mixin.py:188} INFO - [2024-04-29T17:45:57.241+0000] {dagbag.py:540} INFO - Filling up the DagBag from /home/airflow/.local/lib/python3.8/site-packages/airflow/example_dags/example_subdag_operator.py
[2024-04-29T17:45:57.267+0000] {processor.py:840} INFO - DAG(s) 'example_subdag_operator.section-1', 'example_subdag_operator.section-2', 'example_subdag_operator' retrieved from /home/airflow/.local/lib/python3.8/site-packages/airflow/example_dags/example_subdag_operator.py
[2024-04-29T17:45:57.285+0000] {logging_mixin.py:188} INFO - [2024-04-29T17:45:57.285+0000] {dag.py:3047} INFO - Sync 3 DAGs
[2024-04-29T17:45:57.315+0000] {logging_mixin.py:188} INFO - [2024-04-29T17:45:57.315+0000] {dag.py:3834} INFO - Setting next_dagrun for example_subdag_operator to 2022-01-01 00:00:00+00:00, run_after=2022-01-01 00:00:00+00:00
[2024-04-29T17:45:57.319+0000] {logging_mixin.py:188} INFO - [2024-04-29T17:45:57.319+0000] {dag.py:3834} INFO - Setting next_dagrun for example_subdag_operator.section-1 to None, run_after=None
[2024-04-29T17:45:57.321+0000] {logging_mixin.py:188} INFO - [2024-04-29T17:45:57.321+0000] {dag.py:3834} INFO - Setting next_dagrun for example_subdag_operator.section-2 to None, run_after=None
[2024-04-29T17:45:57.328+0000] {logging_mixin.py:188} INFO - [2024-04-29T17:45:57.328+0000] {dag.py:3047} INFO - Sync 2 DAGs
[2024-04-29T17:45:57.333+0000] {logging_mixin.py:188} INFO - [2024-04-29T17:45:57.333+0000] {dag.py:3834} INFO - Setting next_dagrun for example_subdag_operator.section-1 to None, run_after=None
[2024-04-29T17:45:57.334+0000] {logging_mixin.py:188} INFO - [2024-04-29T17:45:57.334+0000] {dag.py:3834} INFO - Setting next_dagrun for example_subdag_operator.section-2 to None, run_after=None
[2024-04-29T17:45:57.350+0000] {processor.py:183} INFO - Processing /home/airflow/.local/lib/python3.8/site-packages/airflow/example_dags/example_subdag_operator.py took 0.114 seconds
[2024-04-29T17:46:27.471+0000] {processor.py:161} INFO - Started process (PID=8401) to work on /home/airflow/.local/lib/python3.8/site-packages/airflow/example_dags/example_subdag_operator.py
[2024-04-29T17:46:27.476+0000] {processor.py:830} INFO - Processing file /home/airflow/.local/lib/python3.8/site-packages/airflow/example_dags/example_subdag_operator.py for tasks to queue
[2024-04-29T17:46:27.477+0000] {logging_mixin.py:188} INFO - [2024-04-29T17:46:27.477+0000] {dagbag.py:540} INFO - Filling up the DagBag from /home/airflow/.local/lib/python3.8/site-packages/airflow/example_dags/example_subdag_operator.py
[2024-04-29T17:46:27.545+0000] {processor.py:840} INFO - DAG(s) 'example_subdag_operator.section-1', 'example_subdag_operator.section-2', 'example_subdag_operator' retrieved from /home/airflow/.local/lib/python3.8/site-packages/airflow/example_dags/example_subdag_operator.py
[2024-04-29T17:46:27.589+0000] {logging_mixin.py:188} INFO - [2024-04-29T17:46:27.589+0000] {dag.py:3047} INFO - Sync 3 DAGs
[2024-04-29T17:46:27.639+0000] {logging_mixin.py:188} INFO - [2024-04-29T17:46:27.639+0000] {dag.py:3834} INFO - Setting next_dagrun for example_subdag_operator to 2022-01-01 00:00:00+00:00, run_after=2022-01-01 00:00:00+00:00
[2024-04-29T17:46:27.643+0000] {logging_mixin.py:188} INFO - [2024-04-29T17:46:27.643+0000] {dag.py:3834} INFO - Setting next_dagrun for example_subdag_operator.section-1 to None, run_after=None
[2024-04-29T17:46:27.645+0000] {logging_mixin.py:188} INFO - [2024-04-29T17:46:27.645+0000] {dag.py:3834} INFO - Setting next_dagrun for example_subdag_operator.section-2 to None, run_after=None
[2024-04-29T17:46:27.654+0000] {logging_mixin.py:188} INFO - [2024-04-29T17:46:27.653+0000] {dag.py:3047} INFO - Sync 2 DAGs
[2024-04-29T17:46:27.660+0000] {logging_mixin.py:188} INFO - [2024-04-29T17:46:27.659+0000] {dag.py:3834} INFO - Setting next_dagrun for example_subdag_operator.section-1 to None, run_after=None
[2024-04-29T17:46:27.660+0000] {logging_mixin.py:188} INFO - [2024-04-29T17:46:27.660+0000] {dag.py:3834} INFO - Setting next_dagrun for example_subdag_operator.section-2 to None, run_after=None
[2024-04-29T17:46:27.677+0000] {processor.py:183} INFO - Processing /home/airflow/.local/lib/python3.8/site-packages/airflow/example_dags/example_subdag_operator.py took 0.211 seconds
[2024-04-29T17:46:57.990+0000] {processor.py:161} INFO - Started process (PID=8648) to work on /home/airflow/.local/lib/python3.8/site-packages/airflow/example_dags/example_subdag_operator.py
[2024-04-29T17:46:57.991+0000] {processor.py:830} INFO - Processing file /home/airflow/.local/lib/python3.8/site-packages/airflow/example_dags/example_subdag_operator.py for tasks to queue
[2024-04-29T17:46:57.993+0000] {logging_mixin.py:188} INFO - [2024-04-29T17:46:57.992+0000] {dagbag.py:540} INFO - Filling up the DagBag from /home/airflow/.local/lib/python3.8/site-packages/airflow/example_dags/example_subdag_operator.py
[2024-04-29T17:46:58.021+0000] {processor.py:840} INFO - DAG(s) 'example_subdag_operator.section-1', 'example_subdag_operator.section-2', 'example_subdag_operator' retrieved from /home/airflow/.local/lib/python3.8/site-packages/airflow/example_dags/example_subdag_operator.py
[2024-04-29T17:46:58.067+0000] {logging_mixin.py:188} INFO - [2024-04-29T17:46:58.066+0000] {dag.py:3047} INFO - Sync 3 DAGs
[2024-04-29T17:46:58.122+0000] {logging_mixin.py:188} INFO - [2024-04-29T17:46:58.120+0000] {dag.py:3834} INFO - Setting next_dagrun for example_subdag_operator to 2022-01-01 00:00:00+00:00, run_after=2022-01-01 00:00:00+00:00
[2024-04-29T17:46:58.137+0000] {logging_mixin.py:188} INFO - [2024-04-29T17:46:58.136+0000] {dag.py:3834} INFO - Setting next_dagrun for example_subdag_operator.section-1 to None, run_after=None
[2024-04-29T17:46:58.146+0000] {logging_mixin.py:188} INFO - [2024-04-29T17:46:58.146+0000] {dag.py:3834} INFO - Setting next_dagrun for example_subdag_operator.section-2 to None, run_after=None
[2024-04-29T17:46:58.169+0000] {logging_mixin.py:188} INFO - [2024-04-29T17:46:58.169+0000] {dag.py:3047} INFO - Sync 2 DAGs
[2024-04-29T17:46:58.192+0000] {logging_mixin.py:188} INFO - [2024-04-29T17:46:58.192+0000] {dag.py:3834} INFO - Setting next_dagrun for example_subdag_operator.section-1 to None, run_after=None
[2024-04-29T17:46:58.193+0000] {logging_mixin.py:188} INFO - [2024-04-29T17:46:58.192+0000] {dag.py:3834} INFO - Setting next_dagrun for example_subdag_operator.section-2 to None, run_after=None
[2024-04-29T17:46:58.231+0000] {processor.py:183} INFO - Processing /home/airflow/.local/lib/python3.8/site-packages/airflow/example_dags/example_subdag_operator.py took 0.249 seconds
[2024-04-29T17:47:28.565+0000] {processor.py:161} INFO - Started process (PID=8896) to work on /home/airflow/.local/lib/python3.8/site-packages/airflow/example_dags/example_subdag_operator.py
[2024-04-29T17:47:28.566+0000] {processor.py:830} INFO - Processing file /home/airflow/.local/lib/python3.8/site-packages/airflow/example_dags/example_subdag_operator.py for tasks to queue
[2024-04-29T17:47:28.567+0000] {logging_mixin.py:188} INFO - [2024-04-29T17:47:28.566+0000] {dagbag.py:540} INFO - Filling up the DagBag from /home/airflow/.local/lib/python3.8/site-packages/airflow/example_dags/example_subdag_operator.py
[2024-04-29T17:47:28.594+0000] {processor.py:840} INFO - DAG(s) 'example_subdag_operator.section-1', 'example_subdag_operator.section-2', 'example_subdag_operator' retrieved from /home/airflow/.local/lib/python3.8/site-packages/airflow/example_dags/example_subdag_operator.py
[2024-04-29T17:47:28.613+0000] {logging_mixin.py:188} INFO - [2024-04-29T17:47:28.612+0000] {dag.py:3047} INFO - Sync 3 DAGs
[2024-04-29T17:47:28.640+0000] {logging_mixin.py:188} INFO - [2024-04-29T17:47:28.639+0000] {dag.py:3834} INFO - Setting next_dagrun for example_subdag_operator to 2022-01-01 00:00:00+00:00, run_after=2022-01-01 00:00:00+00:00
[2024-04-29T17:47:28.644+0000] {logging_mixin.py:188} INFO - [2024-04-29T17:47:28.644+0000] {dag.py:3834} INFO - Setting next_dagrun for example_subdag_operator.section-1 to None, run_after=None
[2024-04-29T17:47:28.645+0000] {logging_mixin.py:188} INFO - [2024-04-29T17:47:28.645+0000] {dag.py:3834} INFO - Setting next_dagrun for example_subdag_operator.section-2 to None, run_after=None
[2024-04-29T17:47:28.653+0000] {logging_mixin.py:188} INFO - [2024-04-29T17:47:28.653+0000] {dag.py:3047} INFO - Sync 2 DAGs
[2024-04-29T17:47:28.659+0000] {logging_mixin.py:188} INFO - [2024-04-29T17:47:28.659+0000] {dag.py:3834} INFO - Setting next_dagrun for example_subdag_operator.section-1 to None, run_after=None
[2024-04-29T17:47:28.660+0000] {logging_mixin.py:188} INFO - [2024-04-29T17:47:28.659+0000] {dag.py:3834} INFO - Setting next_dagrun for example_subdag_operator.section-2 to None, run_after=None
[2024-04-29T17:47:28.685+0000] {processor.py:183} INFO - Processing /home/airflow/.local/lib/python3.8/site-packages/airflow/example_dags/example_subdag_operator.py took 0.123 seconds
[2024-04-29T17:47:58.823+0000] {processor.py:161} INFO - Started process (PID=9144) to work on /home/airflow/.local/lib/python3.8/site-packages/airflow/example_dags/example_subdag_operator.py
[2024-04-29T17:47:58.824+0000] {processor.py:830} INFO - Processing file /home/airflow/.local/lib/python3.8/site-packages/airflow/example_dags/example_subdag_operator.py for tasks to queue
[2024-04-29T17:47:58.824+0000] {logging_mixin.py:188} INFO - [2024-04-29T17:47:58.824+0000] {dagbag.py:540} INFO - Filling up the DagBag from /home/airflow/.local/lib/python3.8/site-packages/airflow/example_dags/example_subdag_operator.py
[2024-04-29T17:47:58.918+0000] {processor.py:840} INFO - DAG(s) 'example_subdag_operator.section-1', 'example_subdag_operator.section-2', 'example_subdag_operator' retrieved from /home/airflow/.local/lib/python3.8/site-packages/airflow/example_dags/example_subdag_operator.py
[2024-04-29T17:47:58.987+0000] {logging_mixin.py:188} INFO - [2024-04-29T17:47:58.986+0000] {dag.py:3047} INFO - Sync 3 DAGs
[2024-04-29T17:47:59.057+0000] {logging_mixin.py:188} INFO - [2024-04-29T17:47:59.057+0000] {dag.py:3834} INFO - Setting next_dagrun for example_subdag_operator to 2022-01-01 00:00:00+00:00, run_after=2022-01-01 00:00:00+00:00
[2024-04-29T17:47:59.063+0000] {logging_mixin.py:188} INFO - [2024-04-29T17:47:59.063+0000] {dag.py:3834} INFO - Setting next_dagrun for example_subdag_operator.section-1 to None, run_after=None
[2024-04-29T17:47:59.065+0000] {logging_mixin.py:188} INFO - [2024-04-29T17:47:59.065+0000] {dag.py:3834} INFO - Setting next_dagrun for example_subdag_operator.section-2 to None, run_after=None
[2024-04-29T17:47:59.085+0000] {logging_mixin.py:188} INFO - [2024-04-29T17:47:59.085+0000] {dag.py:3047} INFO - Sync 2 DAGs
[2024-04-29T17:47:59.092+0000] {logging_mixin.py:188} INFO - [2024-04-29T17:47:59.092+0000] {dag.py:3834} INFO - Setting next_dagrun for example_subdag_operator.section-1 to None, run_after=None
[2024-04-29T17:47:59.093+0000] {logging_mixin.py:188} INFO - [2024-04-29T17:47:59.093+0000] {dag.py:3834} INFO - Setting next_dagrun for example_subdag_operator.section-2 to None, run_after=None
[2024-04-29T17:47:59.120+0000] {processor.py:183} INFO - Processing /home/airflow/.local/lib/python3.8/site-packages/airflow/example_dags/example_subdag_operator.py took 0.301 seconds
