[2024-04-29T17:30:08.643+0000] {processor.py:161} INFO - Started process (PID=371) to work on /home/airflow/.local/lib/python3.8/site-packages/airflow/example_dags/example_sensors.py
[2024-04-29T17:30:08.645+0000] {processor.py:830} INFO - Processing file /home/airflow/.local/lib/python3.8/site-packages/airflow/example_dags/example_sensors.py for tasks to queue
[2024-04-29T17:30:08.646+0000] {logging_mixin.py:188} INFO - [2024-04-29T17:30:08.646+0000] {dagbag.py:540} INFO - Filling up the DagBag from /home/airflow/.local/lib/python3.8/site-packages/airflow/example_dags/example_sensors.py
[2024-04-29T17:30:08.665+0000] {processor.py:840} INFO - DAG(s) 'example_sensors' retrieved from /home/airflow/.local/lib/python3.8/site-packages/airflow/example_dags/example_sensors.py
[2024-04-29T17:30:08.959+0000] {logging_mixin.py:188} INFO - [2024-04-29T17:30:08.958+0000] {override.py:1769} INFO - Created Permission View: can edit on DAG:example_sensors
[2024-04-29T17:30:08.984+0000] {logging_mixin.py:188} INFO - [2024-04-29T17:30:08.983+0000] {override.py:1769} INFO - Created Permission View: can delete on DAG:example_sensors
[2024-04-29T17:30:08.996+0000] {logging_mixin.py:188} INFO - [2024-04-29T17:30:08.996+0000] {override.py:1769} INFO - Created Permission View: can read on DAG:example_sensors
[2024-04-29T17:30:08.997+0000] {logging_mixin.py:188} INFO - [2024-04-29T17:30:08.997+0000] {dag.py:3047} INFO - Sync 1 DAGs
[2024-04-29T17:30:09.019+0000] {logging_mixin.py:188} INFO - [2024-04-29T17:30:09.019+0000] {dag.py:3069} INFO - Creating ORM DAG for example_sensors
[2024-04-29T17:30:09.026+0000] {logging_mixin.py:188} INFO - [2024-04-29T17:30:09.026+0000] {dag.py:3834} INFO - Setting next_dagrun for example_sensors to None, run_after=None
[2024-04-29T17:30:09.087+0000] {processor.py:183} INFO - Processing /home/airflow/.local/lib/python3.8/site-packages/airflow/example_dags/example_sensors.py took 0.448 seconds
[2024-04-29T17:30:39.526+0000] {processor.py:161} INFO - Started process (PID=618) to work on /home/airflow/.local/lib/python3.8/site-packages/airflow/example_dags/example_sensors.py
[2024-04-29T17:30:39.527+0000] {processor.py:830} INFO - Processing file /home/airflow/.local/lib/python3.8/site-packages/airflow/example_dags/example_sensors.py for tasks to queue
[2024-04-29T17:30:39.528+0000] {logging_mixin.py:188} INFO - [2024-04-29T17:30:39.527+0000] {dagbag.py:540} INFO - Filling up the DagBag from /home/airflow/.local/lib/python3.8/site-packages/airflow/example_dags/example_sensors.py
[2024-04-29T17:30:39.539+0000] {processor.py:840} INFO - DAG(s) 'example_sensors' retrieved from /home/airflow/.local/lib/python3.8/site-packages/airflow/example_dags/example_sensors.py
[2024-04-29T17:30:39.567+0000] {logging_mixin.py:188} INFO - [2024-04-29T17:30:39.566+0000] {dag.py:3047} INFO - Sync 1 DAGs
[2024-04-29T17:30:39.581+0000] {logging_mixin.py:188} INFO - [2024-04-29T17:30:39.581+0000] {dag.py:3834} INFO - Setting next_dagrun for example_sensors to None, run_after=None
[2024-04-29T17:30:39.607+0000] {processor.py:183} INFO - Processing /home/airflow/.local/lib/python3.8/site-packages/airflow/example_dags/example_sensors.py took 0.084 seconds
[2024-04-29T17:31:09.985+0000] {processor.py:161} INFO - Started process (PID=865) to work on /home/airflow/.local/lib/python3.8/site-packages/airflow/example_dags/example_sensors.py
[2024-04-29T17:31:09.986+0000] {processor.py:830} INFO - Processing file /home/airflow/.local/lib/python3.8/site-packages/airflow/example_dags/example_sensors.py for tasks to queue
[2024-04-29T17:31:09.987+0000] {logging_mixin.py:188} INFO - [2024-04-29T17:31:09.987+0000] {dagbag.py:540} INFO - Filling up the DagBag from /home/airflow/.local/lib/python3.8/site-packages/airflow/example_dags/example_sensors.py
[2024-04-29T17:31:09.998+0000] {processor.py:840} INFO - DAG(s) 'example_sensors' retrieved from /home/airflow/.local/lib/python3.8/site-packages/airflow/example_dags/example_sensors.py
[2024-04-29T17:31:10.027+0000] {logging_mixin.py:188} INFO - [2024-04-29T17:31:10.027+0000] {dag.py:3047} INFO - Sync 1 DAGs
[2024-04-29T17:31:10.040+0000] {logging_mixin.py:188} INFO - [2024-04-29T17:31:10.040+0000] {dag.py:3834} INFO - Setting next_dagrun for example_sensors to None, run_after=None
[2024-04-29T17:31:10.065+0000] {processor.py:183} INFO - Processing /home/airflow/.local/lib/python3.8/site-packages/airflow/example_dags/example_sensors.py took 0.083 seconds
[2024-04-29T17:31:40.529+0000] {processor.py:161} INFO - Started process (PID=1112) to work on /home/airflow/.local/lib/python3.8/site-packages/airflow/example_dags/example_sensors.py
[2024-04-29T17:31:40.530+0000] {processor.py:830} INFO - Processing file /home/airflow/.local/lib/python3.8/site-packages/airflow/example_dags/example_sensors.py for tasks to queue
[2024-04-29T17:31:40.531+0000] {logging_mixin.py:188} INFO - [2024-04-29T17:31:40.531+0000] {dagbag.py:540} INFO - Filling up the DagBag from /home/airflow/.local/lib/python3.8/site-packages/airflow/example_dags/example_sensors.py
[2024-04-29T17:31:40.542+0000] {processor.py:840} INFO - DAG(s) 'example_sensors' retrieved from /home/airflow/.local/lib/python3.8/site-packages/airflow/example_dags/example_sensors.py
[2024-04-29T17:31:40.570+0000] {logging_mixin.py:188} INFO - [2024-04-29T17:31:40.570+0000] {dag.py:3047} INFO - Sync 1 DAGs
[2024-04-29T17:31:40.585+0000] {logging_mixin.py:188} INFO - [2024-04-29T17:31:40.584+0000] {dag.py:3834} INFO - Setting next_dagrun for example_sensors to None, run_after=None
[2024-04-29T17:31:40.609+0000] {processor.py:183} INFO - Processing /home/airflow/.local/lib/python3.8/site-packages/airflow/example_dags/example_sensors.py took 0.084 seconds
[2024-04-29T17:32:10.738+0000] {processor.py:161} INFO - Started process (PID=1360) to work on /home/airflow/.local/lib/python3.8/site-packages/airflow/example_dags/example_sensors.py
[2024-04-29T17:32:10.739+0000] {processor.py:830} INFO - Processing file /home/airflow/.local/lib/python3.8/site-packages/airflow/example_dags/example_sensors.py for tasks to queue
[2024-04-29T17:32:10.740+0000] {logging_mixin.py:188} INFO - [2024-04-29T17:32:10.739+0000] {dagbag.py:540} INFO - Filling up the DagBag from /home/airflow/.local/lib/python3.8/site-packages/airflow/example_dags/example_sensors.py
[2024-04-29T17:32:10.751+0000] {processor.py:840} INFO - DAG(s) 'example_sensors' retrieved from /home/airflow/.local/lib/python3.8/site-packages/airflow/example_dags/example_sensors.py
[2024-04-29T17:32:10.777+0000] {logging_mixin.py:188} INFO - [2024-04-29T17:32:10.777+0000] {dag.py:3047} INFO - Sync 1 DAGs
[2024-04-29T17:32:10.791+0000] {logging_mixin.py:188} INFO - [2024-04-29T17:32:10.791+0000] {dag.py:3834} INFO - Setting next_dagrun for example_sensors to None, run_after=None
[2024-04-29T17:32:10.816+0000] {processor.py:183} INFO - Processing /home/airflow/.local/lib/python3.8/site-packages/airflow/example_dags/example_sensors.py took 0.082 seconds
[2024-04-29T17:32:41.385+0000] {processor.py:161} INFO - Started process (PID=1608) to work on /home/airflow/.local/lib/python3.8/site-packages/airflow/example_dags/example_sensors.py
[2024-04-29T17:32:41.386+0000] {processor.py:830} INFO - Processing file /home/airflow/.local/lib/python3.8/site-packages/airflow/example_dags/example_sensors.py for tasks to queue
[2024-04-29T17:32:41.387+0000] {logging_mixin.py:188} INFO - [2024-04-29T17:32:41.386+0000] {dagbag.py:540} INFO - Filling up the DagBag from /home/airflow/.local/lib/python3.8/site-packages/airflow/example_dags/example_sensors.py
[2024-04-29T17:32:41.398+0000] {processor.py:840} INFO - DAG(s) 'example_sensors' retrieved from /home/airflow/.local/lib/python3.8/site-packages/airflow/example_dags/example_sensors.py
[2024-04-29T17:32:41.438+0000] {logging_mixin.py:188} INFO - [2024-04-29T17:32:41.437+0000] {dag.py:3047} INFO - Sync 1 DAGs
[2024-04-29T17:32:41.451+0000] {logging_mixin.py:188} INFO - [2024-04-29T17:32:41.451+0000] {dag.py:3834} INFO - Setting next_dagrun for example_sensors to None, run_after=None
[2024-04-29T17:32:41.479+0000] {processor.py:183} INFO - Processing /home/airflow/.local/lib/python3.8/site-packages/airflow/example_dags/example_sensors.py took 0.098 seconds
[2024-04-29T17:33:12.029+0000] {processor.py:161} INFO - Started process (PID=1856) to work on /home/airflow/.local/lib/python3.8/site-packages/airflow/example_dags/example_sensors.py
[2024-04-29T17:33:12.032+0000] {processor.py:830} INFO - Processing file /home/airflow/.local/lib/python3.8/site-packages/airflow/example_dags/example_sensors.py for tasks to queue
[2024-04-29T17:33:12.033+0000] {logging_mixin.py:188} INFO - [2024-04-29T17:33:12.033+0000] {dagbag.py:540} INFO - Filling up the DagBag from /home/airflow/.local/lib/python3.8/site-packages/airflow/example_dags/example_sensors.py
[2024-04-29T17:33:12.061+0000] {processor.py:840} INFO - DAG(s) 'example_sensors' retrieved from /home/airflow/.local/lib/python3.8/site-packages/airflow/example_dags/example_sensors.py
[2024-04-29T17:33:12.147+0000] {logging_mixin.py:188} INFO - [2024-04-29T17:33:12.147+0000] {dag.py:3047} INFO - Sync 1 DAGs
[2024-04-29T17:33:12.175+0000] {logging_mixin.py:188} INFO - [2024-04-29T17:33:12.175+0000] {dag.py:3834} INFO - Setting next_dagrun for example_sensors to None, run_after=None
[2024-04-29T17:33:12.230+0000] {processor.py:183} INFO - Processing /home/airflow/.local/lib/python3.8/site-packages/airflow/example_dags/example_sensors.py took 0.208 seconds
[2024-04-29T17:33:42.470+0000] {processor.py:161} INFO - Started process (PID=2108) to work on /home/airflow/.local/lib/python3.8/site-packages/airflow/example_dags/example_sensors.py
[2024-04-29T17:33:42.471+0000] {processor.py:830} INFO - Processing file /home/airflow/.local/lib/python3.8/site-packages/airflow/example_dags/example_sensors.py for tasks to queue
[2024-04-29T17:33:42.471+0000] {logging_mixin.py:188} INFO - [2024-04-29T17:33:42.471+0000] {dagbag.py:540} INFO - Filling up the DagBag from /home/airflow/.local/lib/python3.8/site-packages/airflow/example_dags/example_sensors.py
[2024-04-29T17:33:42.483+0000] {processor.py:840} INFO - DAG(s) 'example_sensors' retrieved from /home/airflow/.local/lib/python3.8/site-packages/airflow/example_dags/example_sensors.py
[2024-04-29T17:33:42.510+0000] {logging_mixin.py:188} INFO - [2024-04-29T17:33:42.510+0000] {dag.py:3047} INFO - Sync 1 DAGs
[2024-04-29T17:33:42.524+0000] {logging_mixin.py:188} INFO - [2024-04-29T17:33:42.524+0000] {dag.py:3834} INFO - Setting next_dagrun for example_sensors to None, run_after=None
[2024-04-29T17:33:42.558+0000] {processor.py:183} INFO - Processing /home/airflow/.local/lib/python3.8/site-packages/airflow/example_dags/example_sensors.py took 0.092 seconds
[2024-04-29T17:34:13.051+0000] {processor.py:161} INFO - Started process (PID=2355) to work on /home/airflow/.local/lib/python3.8/site-packages/airflow/example_dags/example_sensors.py
[2024-04-29T17:34:13.052+0000] {processor.py:830} INFO - Processing file /home/airflow/.local/lib/python3.8/site-packages/airflow/example_dags/example_sensors.py for tasks to queue
[2024-04-29T17:34:13.053+0000] {logging_mixin.py:188} INFO - [2024-04-29T17:34:13.053+0000] {dagbag.py:540} INFO - Filling up the DagBag from /home/airflow/.local/lib/python3.8/site-packages/airflow/example_dags/example_sensors.py
[2024-04-29T17:34:13.073+0000] {processor.py:840} INFO - DAG(s) 'example_sensors' retrieved from /home/airflow/.local/lib/python3.8/site-packages/airflow/example_dags/example_sensors.py
[2024-04-29T17:34:13.115+0000] {logging_mixin.py:188} INFO - [2024-04-29T17:34:13.115+0000] {dag.py:3047} INFO - Sync 1 DAGs
[2024-04-29T17:34:13.134+0000] {logging_mixin.py:188} INFO - [2024-04-29T17:34:13.133+0000] {dag.py:3834} INFO - Setting next_dagrun for example_sensors to None, run_after=None
[2024-04-29T17:34:13.172+0000] {processor.py:183} INFO - Processing /home/airflow/.local/lib/python3.8/site-packages/airflow/example_dags/example_sensors.py took 0.124 seconds
[2024-04-29T17:34:43.574+0000] {processor.py:161} INFO - Started process (PID=2602) to work on /home/airflow/.local/lib/python3.8/site-packages/airflow/example_dags/example_sensors.py
[2024-04-29T17:34:43.575+0000] {processor.py:830} INFO - Processing file /home/airflow/.local/lib/python3.8/site-packages/airflow/example_dags/example_sensors.py for tasks to queue
[2024-04-29T17:34:43.577+0000] {logging_mixin.py:188} INFO - [2024-04-29T17:34:43.576+0000] {dagbag.py:540} INFO - Filling up the DagBag from /home/airflow/.local/lib/python3.8/site-packages/airflow/example_dags/example_sensors.py
[2024-04-29T17:34:43.588+0000] {processor.py:840} INFO - DAG(s) 'example_sensors' retrieved from /home/airflow/.local/lib/python3.8/site-packages/airflow/example_dags/example_sensors.py
[2024-04-29T17:34:43.643+0000] {logging_mixin.py:188} INFO - [2024-04-29T17:34:43.643+0000] {dag.py:3047} INFO - Sync 1 DAGs
[2024-04-29T17:34:43.657+0000] {logging_mixin.py:188} INFO - [2024-04-29T17:34:43.657+0000] {dag.py:3834} INFO - Setting next_dagrun for example_sensors to None, run_after=None
[2024-04-29T17:34:43.693+0000] {processor.py:183} INFO - Processing /home/airflow/.local/lib/python3.8/site-packages/airflow/example_dags/example_sensors.py took 0.122 seconds
[2024-04-29T17:35:14.511+0000] {processor.py:161} INFO - Started process (PID=2849) to work on /home/airflow/.local/lib/python3.8/site-packages/airflow/example_dags/example_sensors.py
[2024-04-29T17:35:14.512+0000] {processor.py:830} INFO - Processing file /home/airflow/.local/lib/python3.8/site-packages/airflow/example_dags/example_sensors.py for tasks to queue
[2024-04-29T17:35:14.513+0000] {logging_mixin.py:188} INFO - [2024-04-29T17:35:14.512+0000] {dagbag.py:540} INFO - Filling up the DagBag from /home/airflow/.local/lib/python3.8/site-packages/airflow/example_dags/example_sensors.py
[2024-04-29T17:35:14.523+0000] {processor.py:840} INFO - DAG(s) 'example_sensors' retrieved from /home/airflow/.local/lib/python3.8/site-packages/airflow/example_dags/example_sensors.py
[2024-04-29T17:35:14.552+0000] {logging_mixin.py:188} INFO - [2024-04-29T17:35:14.552+0000] {dag.py:3047} INFO - Sync 1 DAGs
[2024-04-29T17:35:14.567+0000] {logging_mixin.py:188} INFO - [2024-04-29T17:35:14.566+0000] {dag.py:3834} INFO - Setting next_dagrun for example_sensors to None, run_after=None
[2024-04-29T17:35:14.592+0000] {processor.py:183} INFO - Processing /home/airflow/.local/lib/python3.8/site-packages/airflow/example_dags/example_sensors.py took 0.084 seconds
[2024-04-29T17:35:45.045+0000] {processor.py:161} INFO - Started process (PID=3098) to work on /home/airflow/.local/lib/python3.8/site-packages/airflow/example_dags/example_sensors.py
[2024-04-29T17:35:45.046+0000] {processor.py:830} INFO - Processing file /home/airflow/.local/lib/python3.8/site-packages/airflow/example_dags/example_sensors.py for tasks to queue
[2024-04-29T17:35:45.047+0000] {logging_mixin.py:188} INFO - [2024-04-29T17:35:45.046+0000] {dagbag.py:540} INFO - Filling up the DagBag from /home/airflow/.local/lib/python3.8/site-packages/airflow/example_dags/example_sensors.py
[2024-04-29T17:35:45.058+0000] {processor.py:840} INFO - DAG(s) 'example_sensors' retrieved from /home/airflow/.local/lib/python3.8/site-packages/airflow/example_dags/example_sensors.py
[2024-04-29T17:35:45.094+0000] {logging_mixin.py:188} INFO - [2024-04-29T17:35:45.094+0000] {dag.py:3047} INFO - Sync 1 DAGs
[2024-04-29T17:35:45.107+0000] {logging_mixin.py:188} INFO - [2024-04-29T17:35:45.107+0000] {dag.py:3834} INFO - Setting next_dagrun for example_sensors to None, run_after=None
[2024-04-29T17:35:45.133+0000] {processor.py:183} INFO - Processing /home/airflow/.local/lib/python3.8/site-packages/airflow/example_dags/example_sensors.py took 0.092 seconds
[2024-04-29T17:36:15.539+0000] {processor.py:161} INFO - Started process (PID=3346) to work on /home/airflow/.local/lib/python3.8/site-packages/airflow/example_dags/example_sensors.py
[2024-04-29T17:36:15.540+0000] {processor.py:830} INFO - Processing file /home/airflow/.local/lib/python3.8/site-packages/airflow/example_dags/example_sensors.py for tasks to queue
[2024-04-29T17:36:15.541+0000] {logging_mixin.py:188} INFO - [2024-04-29T17:36:15.541+0000] {dagbag.py:540} INFO - Filling up the DagBag from /home/airflow/.local/lib/python3.8/site-packages/airflow/example_dags/example_sensors.py
[2024-04-29T17:36:15.593+0000] {processor.py:840} INFO - DAG(s) 'example_sensors' retrieved from /home/airflow/.local/lib/python3.8/site-packages/airflow/example_dags/example_sensors.py
[2024-04-29T17:36:15.622+0000] {logging_mixin.py:188} INFO - [2024-04-29T17:36:15.622+0000] {dag.py:3047} INFO - Sync 1 DAGs
[2024-04-29T17:36:15.637+0000] {logging_mixin.py:188} INFO - [2024-04-29T17:36:15.636+0000] {dag.py:3834} INFO - Setting next_dagrun for example_sensors to None, run_after=None
[2024-04-29T17:36:15.661+0000] {processor.py:183} INFO - Processing /home/airflow/.local/lib/python3.8/site-packages/airflow/example_dags/example_sensors.py took 0.126 seconds
[2024-04-29T17:36:46.121+0000] {processor.py:161} INFO - Started process (PID=3593) to work on /home/airflow/.local/lib/python3.8/site-packages/airflow/example_dags/example_sensors.py
[2024-04-29T17:36:46.122+0000] {processor.py:830} INFO - Processing file /home/airflow/.local/lib/python3.8/site-packages/airflow/example_dags/example_sensors.py for tasks to queue
[2024-04-29T17:36:46.124+0000] {logging_mixin.py:188} INFO - [2024-04-29T17:36:46.123+0000] {dagbag.py:540} INFO - Filling up the DagBag from /home/airflow/.local/lib/python3.8/site-packages/airflow/example_dags/example_sensors.py
[2024-04-29T17:36:46.135+0000] {processor.py:840} INFO - DAG(s) 'example_sensors' retrieved from /home/airflow/.local/lib/python3.8/site-packages/airflow/example_dags/example_sensors.py
[2024-04-29T17:36:46.163+0000] {logging_mixin.py:188} INFO - [2024-04-29T17:36:46.163+0000] {dag.py:3047} INFO - Sync 1 DAGs
[2024-04-29T17:36:46.178+0000] {logging_mixin.py:188} INFO - [2024-04-29T17:36:46.178+0000] {dag.py:3834} INFO - Setting next_dagrun for example_sensors to None, run_after=None
[2024-04-29T17:36:46.205+0000] {processor.py:183} INFO - Processing /home/airflow/.local/lib/python3.8/site-packages/airflow/example_dags/example_sensors.py took 0.087 seconds
[2024-04-29T17:37:20.910+0000] {processor.py:161} INFO - Started process (PID=3904) to work on /home/airflow/.local/lib/python3.8/site-packages/airflow/example_dags/example_sensors.py
[2024-04-29T17:37:20.942+0000] {processor.py:830} INFO - Processing file /home/airflow/.local/lib/python3.8/site-packages/airflow/example_dags/example_sensors.py for tasks to queue
[2024-04-29T17:37:20.943+0000] {logging_mixin.py:188} INFO - [2024-04-29T17:37:20.943+0000] {dagbag.py:540} INFO - Filling up the DagBag from /home/airflow/.local/lib/python3.8/site-packages/airflow/example_dags/example_sensors.py
[2024-04-29T17:37:21.040+0000] {processor.py:840} INFO - DAG(s) 'example_sensors' retrieved from /home/airflow/.local/lib/python3.8/site-packages/airflow/example_dags/example_sensors.py
[2024-04-29T17:37:21.139+0000] {logging_mixin.py:188} INFO - [2024-04-29T17:37:21.139+0000] {dag.py:3047} INFO - Sync 1 DAGs
[2024-04-29T17:37:21.180+0000] {logging_mixin.py:188} INFO - [2024-04-29T17:37:21.180+0000] {dag.py:3834} INFO - Setting next_dagrun for example_sensors to None, run_after=None
[2024-04-29T17:37:21.354+0000] {processor.py:183} INFO - Processing /home/airflow/.local/lib/python3.8/site-packages/airflow/example_dags/example_sensors.py took 0.454 seconds
[2024-04-29T17:37:51.824+0000] {processor.py:161} INFO - Started process (PID=4236) to work on /home/airflow/.local/lib/python3.8/site-packages/airflow/example_dags/example_sensors.py
[2024-04-29T17:37:51.824+0000] {processor.py:830} INFO - Processing file /home/airflow/.local/lib/python3.8/site-packages/airflow/example_dags/example_sensors.py for tasks to queue
[2024-04-29T17:37:51.825+0000] {logging_mixin.py:188} INFO - [2024-04-29T17:37:51.825+0000] {dagbag.py:540} INFO - Filling up the DagBag from /home/airflow/.local/lib/python3.8/site-packages/airflow/example_dags/example_sensors.py
[2024-04-29T17:37:51.835+0000] {processor.py:840} INFO - DAG(s) 'example_sensors' retrieved from /home/airflow/.local/lib/python3.8/site-packages/airflow/example_dags/example_sensors.py
[2024-04-29T17:37:51.866+0000] {logging_mixin.py:188} INFO - [2024-04-29T17:37:51.865+0000] {dag.py:3047} INFO - Sync 1 DAGs
[2024-04-29T17:37:51.879+0000] {logging_mixin.py:188} INFO - [2024-04-29T17:37:51.878+0000] {dag.py:3834} INFO - Setting next_dagrun for example_sensors to None, run_after=None
[2024-04-29T17:37:51.900+0000] {processor.py:183} INFO - Processing /home/airflow/.local/lib/python3.8/site-packages/airflow/example_dags/example_sensors.py took 0.079 seconds
[2024-04-29T17:38:22.147+0000] {processor.py:161} INFO - Started process (PID=4482) to work on /home/airflow/.local/lib/python3.8/site-packages/airflow/example_dags/example_sensors.py
[2024-04-29T17:38:22.153+0000] {processor.py:830} INFO - Processing file /home/airflow/.local/lib/python3.8/site-packages/airflow/example_dags/example_sensors.py for tasks to queue
[2024-04-29T17:38:22.154+0000] {logging_mixin.py:188} INFO - [2024-04-29T17:38:22.154+0000] {dagbag.py:540} INFO - Filling up the DagBag from /home/airflow/.local/lib/python3.8/site-packages/airflow/example_dags/example_sensors.py
[2024-04-29T17:38:22.165+0000] {processor.py:840} INFO - DAG(s) 'example_sensors' retrieved from /home/airflow/.local/lib/python3.8/site-packages/airflow/example_dags/example_sensors.py
[2024-04-29T17:38:22.196+0000] {logging_mixin.py:188} INFO - [2024-04-29T17:38:22.196+0000] {dag.py:3047} INFO - Sync 1 DAGs
[2024-04-29T17:38:22.209+0000] {logging_mixin.py:188} INFO - [2024-04-29T17:38:22.209+0000] {dag.py:3834} INFO - Setting next_dagrun for example_sensors to None, run_after=None
[2024-04-29T17:38:22.233+0000] {processor.py:183} INFO - Processing /home/airflow/.local/lib/python3.8/site-packages/airflow/example_dags/example_sensors.py took 0.089 seconds
[2024-04-29T17:38:52.399+0000] {processor.py:161} INFO - Started process (PID=4731) to work on /home/airflow/.local/lib/python3.8/site-packages/airflow/example_dags/example_sensors.py
[2024-04-29T17:38:52.400+0000] {processor.py:830} INFO - Processing file /home/airflow/.local/lib/python3.8/site-packages/airflow/example_dags/example_sensors.py for tasks to queue
[2024-04-29T17:38:52.401+0000] {logging_mixin.py:188} INFO - [2024-04-29T17:38:52.400+0000] {dagbag.py:540} INFO - Filling up the DagBag from /home/airflow/.local/lib/python3.8/site-packages/airflow/example_dags/example_sensors.py
[2024-04-29T17:38:52.408+0000] {processor.py:840} INFO - DAG(s) 'example_sensors' retrieved from /home/airflow/.local/lib/python3.8/site-packages/airflow/example_dags/example_sensors.py
[2024-04-29T17:38:52.429+0000] {logging_mixin.py:188} INFO - [2024-04-29T17:38:52.429+0000] {dag.py:3047} INFO - Sync 1 DAGs
[2024-04-29T17:38:52.439+0000] {logging_mixin.py:188} INFO - [2024-04-29T17:38:52.439+0000] {dag.py:3834} INFO - Setting next_dagrun for example_sensors to None, run_after=None
[2024-04-29T17:38:52.464+0000] {processor.py:183} INFO - Processing /home/airflow/.local/lib/python3.8/site-packages/airflow/example_dags/example_sensors.py took 0.067 seconds
[2024-04-29T17:39:22.935+0000] {processor.py:161} INFO - Started process (PID=4978) to work on /home/airflow/.local/lib/python3.8/site-packages/airflow/example_dags/example_sensors.py
[2024-04-29T17:39:22.936+0000] {processor.py:830} INFO - Processing file /home/airflow/.local/lib/python3.8/site-packages/airflow/example_dags/example_sensors.py for tasks to queue
[2024-04-29T17:39:22.937+0000] {logging_mixin.py:188} INFO - [2024-04-29T17:39:22.936+0000] {dagbag.py:540} INFO - Filling up the DagBag from /home/airflow/.local/lib/python3.8/site-packages/airflow/example_dags/example_sensors.py
[2024-04-29T17:39:22.945+0000] {processor.py:840} INFO - DAG(s) 'example_sensors' retrieved from /home/airflow/.local/lib/python3.8/site-packages/airflow/example_dags/example_sensors.py
[2024-04-29T17:39:22.967+0000] {logging_mixin.py:188} INFO - [2024-04-29T17:39:22.967+0000] {dag.py:3047} INFO - Sync 1 DAGs
[2024-04-29T17:39:22.982+0000] {logging_mixin.py:188} INFO - [2024-04-29T17:39:22.982+0000] {dag.py:3834} INFO - Setting next_dagrun for example_sensors to None, run_after=None
[2024-04-29T17:39:23.011+0000] {processor.py:183} INFO - Processing /home/airflow/.local/lib/python3.8/site-packages/airflow/example_dags/example_sensors.py took 0.078 seconds
[2024-04-29T17:39:53.764+0000] {processor.py:161} INFO - Started process (PID=5224) to work on /home/airflow/.local/lib/python3.8/site-packages/airflow/example_dags/example_sensors.py
[2024-04-29T17:39:53.765+0000] {processor.py:830} INFO - Processing file /home/airflow/.local/lib/python3.8/site-packages/airflow/example_dags/example_sensors.py for tasks to queue
[2024-04-29T17:39:53.765+0000] {logging_mixin.py:188} INFO - [2024-04-29T17:39:53.765+0000] {dagbag.py:540} INFO - Filling up the DagBag from /home/airflow/.local/lib/python3.8/site-packages/airflow/example_dags/example_sensors.py
[2024-04-29T17:39:53.773+0000] {processor.py:840} INFO - DAG(s) 'example_sensors' retrieved from /home/airflow/.local/lib/python3.8/site-packages/airflow/example_dags/example_sensors.py
[2024-04-29T17:39:53.801+0000] {logging_mixin.py:188} INFO - [2024-04-29T17:39:53.801+0000] {dag.py:3047} INFO - Sync 1 DAGs
[2024-04-29T17:39:53.812+0000] {logging_mixin.py:188} INFO - [2024-04-29T17:39:53.812+0000] {dag.py:3834} INFO - Setting next_dagrun for example_sensors to None, run_after=None
[2024-04-29T17:39:53.832+0000] {processor.py:183} INFO - Processing /home/airflow/.local/lib/python3.8/site-packages/airflow/example_dags/example_sensors.py took 0.071 seconds
[2024-04-29T17:40:24.280+0000] {processor.py:161} INFO - Started process (PID=5471) to work on /home/airflow/.local/lib/python3.8/site-packages/airflow/example_dags/example_sensors.py
[2024-04-29T17:40:24.280+0000] {processor.py:830} INFO - Processing file /home/airflow/.local/lib/python3.8/site-packages/airflow/example_dags/example_sensors.py for tasks to queue
[2024-04-29T17:40:24.281+0000] {logging_mixin.py:188} INFO - [2024-04-29T17:40:24.281+0000] {dagbag.py:540} INFO - Filling up the DagBag from /home/airflow/.local/lib/python3.8/site-packages/airflow/example_dags/example_sensors.py
[2024-04-29T17:40:24.289+0000] {processor.py:840} INFO - DAG(s) 'example_sensors' retrieved from /home/airflow/.local/lib/python3.8/site-packages/airflow/example_dags/example_sensors.py
[2024-04-29T17:40:24.309+0000] {logging_mixin.py:188} INFO - [2024-04-29T17:40:24.309+0000] {dag.py:3047} INFO - Sync 1 DAGs
[2024-04-29T17:40:24.319+0000] {logging_mixin.py:188} INFO - [2024-04-29T17:40:24.319+0000] {dag.py:3834} INFO - Setting next_dagrun for example_sensors to None, run_after=None
[2024-04-29T17:40:24.343+0000] {processor.py:183} INFO - Processing /home/airflow/.local/lib/python3.8/site-packages/airflow/example_dags/example_sensors.py took 0.066 seconds
[2024-04-29T17:40:54.482+0000] {processor.py:161} INFO - Started process (PID=5718) to work on /home/airflow/.local/lib/python3.8/site-packages/airflow/example_dags/example_sensors.py
[2024-04-29T17:40:54.483+0000] {processor.py:830} INFO - Processing file /home/airflow/.local/lib/python3.8/site-packages/airflow/example_dags/example_sensors.py for tasks to queue
[2024-04-29T17:40:54.483+0000] {logging_mixin.py:188} INFO - [2024-04-29T17:40:54.483+0000] {dagbag.py:540} INFO - Filling up the DagBag from /home/airflow/.local/lib/python3.8/site-packages/airflow/example_dags/example_sensors.py
[2024-04-29T17:40:54.491+0000] {processor.py:840} INFO - DAG(s) 'example_sensors' retrieved from /home/airflow/.local/lib/python3.8/site-packages/airflow/example_dags/example_sensors.py
[2024-04-29T17:40:54.512+0000] {logging_mixin.py:188} INFO - [2024-04-29T17:40:54.511+0000] {dag.py:3047} INFO - Sync 1 DAGs
[2024-04-29T17:40:54.521+0000] {logging_mixin.py:188} INFO - [2024-04-29T17:40:54.521+0000] {dag.py:3834} INFO - Setting next_dagrun for example_sensors to None, run_after=None
[2024-04-29T17:40:54.541+0000] {processor.py:183} INFO - Processing /home/airflow/.local/lib/python3.8/site-packages/airflow/example_dags/example_sensors.py took 0.062 seconds
[2024-04-29T17:41:24.786+0000] {processor.py:161} INFO - Started process (PID=5965) to work on /home/airflow/.local/lib/python3.8/site-packages/airflow/example_dags/example_sensors.py
[2024-04-29T17:41:24.787+0000] {processor.py:830} INFO - Processing file /home/airflow/.local/lib/python3.8/site-packages/airflow/example_dags/example_sensors.py for tasks to queue
[2024-04-29T17:41:24.788+0000] {logging_mixin.py:188} INFO - [2024-04-29T17:41:24.788+0000] {dagbag.py:540} INFO - Filling up the DagBag from /home/airflow/.local/lib/python3.8/site-packages/airflow/example_dags/example_sensors.py
[2024-04-29T17:41:24.798+0000] {processor.py:840} INFO - DAG(s) 'example_sensors' retrieved from /home/airflow/.local/lib/python3.8/site-packages/airflow/example_dags/example_sensors.py
[2024-04-29T17:41:24.829+0000] {logging_mixin.py:188} INFO - [2024-04-29T17:41:24.828+0000] {dag.py:3047} INFO - Sync 1 DAGs
[2024-04-29T17:41:24.857+0000] {logging_mixin.py:188} INFO - [2024-04-29T17:41:24.856+0000] {dag.py:3834} INFO - Setting next_dagrun for example_sensors to None, run_after=None
[2024-04-29T17:41:24.882+0000] {processor.py:183} INFO - Processing /home/airflow/.local/lib/python3.8/site-packages/airflow/example_dags/example_sensors.py took 0.099 seconds
[2024-04-29T17:41:55.058+0000] {processor.py:161} INFO - Started process (PID=6212) to work on /home/airflow/.local/lib/python3.8/site-packages/airflow/example_dags/example_sensors.py
[2024-04-29T17:41:55.058+0000] {processor.py:830} INFO - Processing file /home/airflow/.local/lib/python3.8/site-packages/airflow/example_dags/example_sensors.py for tasks to queue
[2024-04-29T17:41:55.059+0000] {logging_mixin.py:188} INFO - [2024-04-29T17:41:55.059+0000] {dagbag.py:540} INFO - Filling up the DagBag from /home/airflow/.local/lib/python3.8/site-packages/airflow/example_dags/example_sensors.py
[2024-04-29T17:41:55.069+0000] {processor.py:840} INFO - DAG(s) 'example_sensors' retrieved from /home/airflow/.local/lib/python3.8/site-packages/airflow/example_dags/example_sensors.py
[2024-04-29T17:41:55.100+0000] {logging_mixin.py:188} INFO - [2024-04-29T17:41:55.099+0000] {dag.py:3047} INFO - Sync 1 DAGs
[2024-04-29T17:41:55.114+0000] {logging_mixin.py:188} INFO - [2024-04-29T17:41:55.114+0000] {dag.py:3834} INFO - Setting next_dagrun for example_sensors to None, run_after=None
[2024-04-29T17:41:55.141+0000] {processor.py:183} INFO - Processing /home/airflow/.local/lib/python3.8/site-packages/airflow/example_dags/example_sensors.py took 0.087 seconds
[2024-04-29T17:42:25.553+0000] {processor.py:161} INFO - Started process (PID=6457) to work on /home/airflow/.local/lib/python3.8/site-packages/airflow/example_dags/example_sensors.py
[2024-04-29T17:42:25.562+0000] {processor.py:830} INFO - Processing file /home/airflow/.local/lib/python3.8/site-packages/airflow/example_dags/example_sensors.py for tasks to queue
[2024-04-29T17:42:25.566+0000] {logging_mixin.py:188} INFO - [2024-04-29T17:42:25.563+0000] {dagbag.py:540} INFO - Filling up the DagBag from /home/airflow/.local/lib/python3.8/site-packages/airflow/example_dags/example_sensors.py
[2024-04-29T17:42:25.576+0000] {processor.py:840} INFO - DAG(s) 'example_sensors' retrieved from /home/airflow/.local/lib/python3.8/site-packages/airflow/example_dags/example_sensors.py
[2024-04-29T17:42:25.610+0000] {logging_mixin.py:188} INFO - [2024-04-29T17:42:25.609+0000] {dag.py:3047} INFO - Sync 1 DAGs
[2024-04-29T17:42:25.625+0000] {logging_mixin.py:188} INFO - [2024-04-29T17:42:25.625+0000] {dag.py:3834} INFO - Setting next_dagrun for example_sensors to None, run_after=None
[2024-04-29T17:42:25.650+0000] {processor.py:183} INFO - Processing /home/airflow/.local/lib/python3.8/site-packages/airflow/example_dags/example_sensors.py took 0.101 seconds
[2024-04-29T17:42:55.730+0000] {processor.py:161} INFO - Started process (PID=6704) to work on /home/airflow/.local/lib/python3.8/site-packages/airflow/example_dags/example_sensors.py
[2024-04-29T17:42:55.731+0000] {processor.py:830} INFO - Processing file /home/airflow/.local/lib/python3.8/site-packages/airflow/example_dags/example_sensors.py for tasks to queue
[2024-04-29T17:42:55.732+0000] {logging_mixin.py:188} INFO - [2024-04-29T17:42:55.732+0000] {dagbag.py:540} INFO - Filling up the DagBag from /home/airflow/.local/lib/python3.8/site-packages/airflow/example_dags/example_sensors.py
[2024-04-29T17:42:55.744+0000] {processor.py:840} INFO - DAG(s) 'example_sensors' retrieved from /home/airflow/.local/lib/python3.8/site-packages/airflow/example_dags/example_sensors.py
[2024-04-29T17:42:55.772+0000] {logging_mixin.py:188} INFO - [2024-04-29T17:42:55.772+0000] {dag.py:3047} INFO - Sync 1 DAGs
[2024-04-29T17:42:55.786+0000] {logging_mixin.py:188} INFO - [2024-04-29T17:42:55.786+0000] {dag.py:3834} INFO - Setting next_dagrun for example_sensors to None, run_after=None
[2024-04-29T17:42:55.812+0000] {processor.py:183} INFO - Processing /home/airflow/.local/lib/python3.8/site-packages/airflow/example_dags/example_sensors.py took 0.086 seconds
[2024-04-29T17:43:26.055+0000] {processor.py:161} INFO - Started process (PID=6951) to work on /home/airflow/.local/lib/python3.8/site-packages/airflow/example_dags/example_sensors.py
[2024-04-29T17:43:26.056+0000] {processor.py:830} INFO - Processing file /home/airflow/.local/lib/python3.8/site-packages/airflow/example_dags/example_sensors.py for tasks to queue
[2024-04-29T17:43:26.057+0000] {logging_mixin.py:188} INFO - [2024-04-29T17:43:26.057+0000] {dagbag.py:540} INFO - Filling up the DagBag from /home/airflow/.local/lib/python3.8/site-packages/airflow/example_dags/example_sensors.py
[2024-04-29T17:43:26.069+0000] {processor.py:840} INFO - DAG(s) 'example_sensors' retrieved from /home/airflow/.local/lib/python3.8/site-packages/airflow/example_dags/example_sensors.py
[2024-04-29T17:43:26.096+0000] {logging_mixin.py:188} INFO - [2024-04-29T17:43:26.096+0000] {dag.py:3047} INFO - Sync 1 DAGs
[2024-04-29T17:43:26.111+0000] {logging_mixin.py:188} INFO - [2024-04-29T17:43:26.110+0000] {dag.py:3834} INFO - Setting next_dagrun for example_sensors to None, run_after=None
[2024-04-29T17:43:26.138+0000] {processor.py:183} INFO - Processing /home/airflow/.local/lib/python3.8/site-packages/airflow/example_dags/example_sensors.py took 0.087 seconds
[2024-04-29T17:43:57.129+0000] {processor.py:161} INFO - Started process (PID=7198) to work on /home/airflow/.local/lib/python3.8/site-packages/airflow/example_dags/example_sensors.py
[2024-04-29T17:43:57.130+0000] {processor.py:830} INFO - Processing file /home/airflow/.local/lib/python3.8/site-packages/airflow/example_dags/example_sensors.py for tasks to queue
[2024-04-29T17:43:57.131+0000] {logging_mixin.py:188} INFO - [2024-04-29T17:43:57.131+0000] {dagbag.py:540} INFO - Filling up the DagBag from /home/airflow/.local/lib/python3.8/site-packages/airflow/example_dags/example_sensors.py
[2024-04-29T17:43:57.143+0000] {processor.py:840} INFO - DAG(s) 'example_sensors' retrieved from /home/airflow/.local/lib/python3.8/site-packages/airflow/example_dags/example_sensors.py
[2024-04-29T17:43:57.173+0000] {logging_mixin.py:188} INFO - [2024-04-29T17:43:57.173+0000] {dag.py:3047} INFO - Sync 1 DAGs
[2024-04-29T17:43:57.185+0000] {logging_mixin.py:188} INFO - [2024-04-29T17:43:57.185+0000] {dag.py:3834} INFO - Setting next_dagrun for example_sensors to None, run_after=None
[2024-04-29T17:43:57.217+0000] {processor.py:183} INFO - Processing /home/airflow/.local/lib/python3.8/site-packages/airflow/example_dags/example_sensors.py took 0.091 seconds
[2024-04-29T17:44:27.549+0000] {processor.py:161} INFO - Started process (PID=7445) to work on /home/airflow/.local/lib/python3.8/site-packages/airflow/example_dags/example_sensors.py
[2024-04-29T17:44:27.551+0000] {processor.py:830} INFO - Processing file /home/airflow/.local/lib/python3.8/site-packages/airflow/example_dags/example_sensors.py for tasks to queue
[2024-04-29T17:44:27.552+0000] {logging_mixin.py:188} INFO - [2024-04-29T17:44:27.552+0000] {dagbag.py:540} INFO - Filling up the DagBag from /home/airflow/.local/lib/python3.8/site-packages/airflow/example_dags/example_sensors.py
[2024-04-29T17:44:27.562+0000] {processor.py:840} INFO - DAG(s) 'example_sensors' retrieved from /home/airflow/.local/lib/python3.8/site-packages/airflow/example_dags/example_sensors.py
[2024-04-29T17:44:27.590+0000] {logging_mixin.py:188} INFO - [2024-04-29T17:44:27.590+0000] {dag.py:3047} INFO - Sync 1 DAGs
[2024-04-29T17:44:27.605+0000] {logging_mixin.py:188} INFO - [2024-04-29T17:44:27.605+0000] {dag.py:3834} INFO - Setting next_dagrun for example_sensors to None, run_after=None
[2024-04-29T17:44:27.630+0000] {processor.py:183} INFO - Processing /home/airflow/.local/lib/python3.8/site-packages/airflow/example_dags/example_sensors.py took 0.085 seconds
[2024-04-29T17:44:58.120+0000] {processor.py:161} INFO - Started process (PID=7694) to work on /home/airflow/.local/lib/python3.8/site-packages/airflow/example_dags/example_sensors.py
[2024-04-29T17:44:58.121+0000] {processor.py:830} INFO - Processing file /home/airflow/.local/lib/python3.8/site-packages/airflow/example_dags/example_sensors.py for tasks to queue
[2024-04-29T17:44:58.121+0000] {logging_mixin.py:188} INFO - [2024-04-29T17:44:58.121+0000] {dagbag.py:540} INFO - Filling up the DagBag from /home/airflow/.local/lib/python3.8/site-packages/airflow/example_dags/example_sensors.py
[2024-04-29T17:44:58.133+0000] {processor.py:840} INFO - DAG(s) 'example_sensors' retrieved from /home/airflow/.local/lib/python3.8/site-packages/airflow/example_dags/example_sensors.py
[2024-04-29T17:44:58.163+0000] {logging_mixin.py:188} INFO - [2024-04-29T17:44:58.163+0000] {dag.py:3047} INFO - Sync 1 DAGs
[2024-04-29T17:44:58.177+0000] {logging_mixin.py:188} INFO - [2024-04-29T17:44:58.177+0000] {dag.py:3834} INFO - Setting next_dagrun for example_sensors to None, run_after=None
[2024-04-29T17:44:58.201+0000] {processor.py:183} INFO - Processing /home/airflow/.local/lib/python3.8/site-packages/airflow/example_dags/example_sensors.py took 0.084 seconds
[2024-04-29T17:45:28.459+0000] {processor.py:161} INFO - Started process (PID=7940) to work on /home/airflow/.local/lib/python3.8/site-packages/airflow/example_dags/example_sensors.py
[2024-04-29T17:45:28.460+0000] {processor.py:830} INFO - Processing file /home/airflow/.local/lib/python3.8/site-packages/airflow/example_dags/example_sensors.py for tasks to queue
[2024-04-29T17:45:28.461+0000] {logging_mixin.py:188} INFO - [2024-04-29T17:45:28.461+0000] {dagbag.py:540} INFO - Filling up the DagBag from /home/airflow/.local/lib/python3.8/site-packages/airflow/example_dags/example_sensors.py
[2024-04-29T17:45:28.472+0000] {processor.py:840} INFO - DAG(s) 'example_sensors' retrieved from /home/airflow/.local/lib/python3.8/site-packages/airflow/example_dags/example_sensors.py
[2024-04-29T17:45:28.500+0000] {logging_mixin.py:188} INFO - [2024-04-29T17:45:28.500+0000] {dag.py:3047} INFO - Sync 1 DAGs
[2024-04-29T17:45:28.514+0000] {logging_mixin.py:188} INFO - [2024-04-29T17:45:28.514+0000] {dag.py:3834} INFO - Setting next_dagrun for example_sensors to None, run_after=None
[2024-04-29T17:45:28.539+0000] {processor.py:183} INFO - Processing /home/airflow/.local/lib/python3.8/site-packages/airflow/example_dags/example_sensors.py took 0.084 seconds
[2024-04-29T17:45:58.832+0000] {processor.py:161} INFO - Started process (PID=8188) to work on /home/airflow/.local/lib/python3.8/site-packages/airflow/example_dags/example_sensors.py
[2024-04-29T17:45:58.833+0000] {processor.py:830} INFO - Processing file /home/airflow/.local/lib/python3.8/site-packages/airflow/example_dags/example_sensors.py for tasks to queue
[2024-04-29T17:45:58.834+0000] {logging_mixin.py:188} INFO - [2024-04-29T17:45:58.833+0000] {dagbag.py:540} INFO - Filling up the DagBag from /home/airflow/.local/lib/python3.8/site-packages/airflow/example_dags/example_sensors.py
[2024-04-29T17:45:58.844+0000] {processor.py:840} INFO - DAG(s) 'example_sensors' retrieved from /home/airflow/.local/lib/python3.8/site-packages/airflow/example_dags/example_sensors.py
[2024-04-29T17:45:58.873+0000] {logging_mixin.py:188} INFO - [2024-04-29T17:45:58.872+0000] {dag.py:3047} INFO - Sync 1 DAGs
[2024-04-29T17:45:58.887+0000] {logging_mixin.py:188} INFO - [2024-04-29T17:45:58.886+0000] {dag.py:3834} INFO - Setting next_dagrun for example_sensors to None, run_after=None
[2024-04-29T17:45:58.910+0000] {processor.py:183} INFO - Processing /home/airflow/.local/lib/python3.8/site-packages/airflow/example_dags/example_sensors.py took 0.082 seconds
[2024-04-29T17:46:29.084+0000] {processor.py:161} INFO - Started process (PID=8436) to work on /home/airflow/.local/lib/python3.8/site-packages/airflow/example_dags/example_sensors.py
[2024-04-29T17:46:29.085+0000] {processor.py:830} INFO - Processing file /home/airflow/.local/lib/python3.8/site-packages/airflow/example_dags/example_sensors.py for tasks to queue
[2024-04-29T17:46:29.087+0000] {logging_mixin.py:188} INFO - [2024-04-29T17:46:29.086+0000] {dagbag.py:540} INFO - Filling up the DagBag from /home/airflow/.local/lib/python3.8/site-packages/airflow/example_dags/example_sensors.py
[2024-04-29T17:46:29.097+0000] {processor.py:840} INFO - DAG(s) 'example_sensors' retrieved from /home/airflow/.local/lib/python3.8/site-packages/airflow/example_dags/example_sensors.py
[2024-04-29T17:46:29.139+0000] {logging_mixin.py:188} INFO - [2024-04-29T17:46:29.139+0000] {dag.py:3047} INFO - Sync 1 DAGs
[2024-04-29T17:46:29.154+0000] {logging_mixin.py:188} INFO - [2024-04-29T17:46:29.154+0000] {dag.py:3834} INFO - Setting next_dagrun for example_sensors to None, run_after=None
[2024-04-29T17:46:29.177+0000] {processor.py:183} INFO - Processing /home/airflow/.local/lib/python3.8/site-packages/airflow/example_dags/example_sensors.py took 0.097 seconds
[2024-04-29T17:46:59.781+0000] {processor.py:161} INFO - Started process (PID=8685) to work on /home/airflow/.local/lib/python3.8/site-packages/airflow/example_dags/example_sensors.py
[2024-04-29T17:46:59.782+0000] {processor.py:830} INFO - Processing file /home/airflow/.local/lib/python3.8/site-packages/airflow/example_dags/example_sensors.py for tasks to queue
[2024-04-29T17:46:59.783+0000] {logging_mixin.py:188} INFO - [2024-04-29T17:46:59.782+0000] {dagbag.py:540} INFO - Filling up the DagBag from /home/airflow/.local/lib/python3.8/site-packages/airflow/example_dags/example_sensors.py
[2024-04-29T17:46:59.790+0000] {processor.py:840} INFO - DAG(s) 'example_sensors' retrieved from /home/airflow/.local/lib/python3.8/site-packages/airflow/example_dags/example_sensors.py
[2024-04-29T17:46:59.811+0000] {logging_mixin.py:188} INFO - [2024-04-29T17:46:59.810+0000] {dag.py:3047} INFO - Sync 1 DAGs
[2024-04-29T17:46:59.821+0000] {logging_mixin.py:188} INFO - [2024-04-29T17:46:59.820+0000] {dag.py:3834} INFO - Setting next_dagrun for example_sensors to None, run_after=None
[2024-04-29T17:46:59.840+0000] {processor.py:183} INFO - Processing /home/airflow/.local/lib/python3.8/site-packages/airflow/example_dags/example_sensors.py took 0.062 seconds
[2024-04-29T17:47:30.159+0000] {processor.py:161} INFO - Started process (PID=8931) to work on /home/airflow/.local/lib/python3.8/site-packages/airflow/example_dags/example_sensors.py
[2024-04-29T17:47:30.160+0000] {processor.py:830} INFO - Processing file /home/airflow/.local/lib/python3.8/site-packages/airflow/example_dags/example_sensors.py for tasks to queue
[2024-04-29T17:47:30.161+0000] {logging_mixin.py:188} INFO - [2024-04-29T17:47:30.161+0000] {dagbag.py:540} INFO - Filling up the DagBag from /home/airflow/.local/lib/python3.8/site-packages/airflow/example_dags/example_sensors.py
[2024-04-29T17:47:30.173+0000] {processor.py:840} INFO - DAG(s) 'example_sensors' retrieved from /home/airflow/.local/lib/python3.8/site-packages/airflow/example_dags/example_sensors.py
[2024-04-29T17:47:30.201+0000] {logging_mixin.py:188} INFO - [2024-04-29T17:47:30.200+0000] {dag.py:3047} INFO - Sync 1 DAGs
[2024-04-29T17:47:30.215+0000] {logging_mixin.py:188} INFO - [2024-04-29T17:47:30.215+0000] {dag.py:3834} INFO - Setting next_dagrun for example_sensors to None, run_after=None
[2024-04-29T17:47:30.244+0000] {processor.py:183} INFO - Processing /home/airflow/.local/lib/python3.8/site-packages/airflow/example_dags/example_sensors.py took 0.087 seconds
[2024-04-29T17:48:00.538+0000] {processor.py:161} INFO - Started process (PID=9179) to work on /home/airflow/.local/lib/python3.8/site-packages/airflow/example_dags/example_sensors.py
[2024-04-29T17:48:00.539+0000] {processor.py:830} INFO - Processing file /home/airflow/.local/lib/python3.8/site-packages/airflow/example_dags/example_sensors.py for tasks to queue
[2024-04-29T17:48:00.541+0000] {logging_mixin.py:188} INFO - [2024-04-29T17:48:00.540+0000] {dagbag.py:540} INFO - Filling up the DagBag from /home/airflow/.local/lib/python3.8/site-packages/airflow/example_dags/example_sensors.py
[2024-04-29T17:48:00.549+0000] {processor.py:840} INFO - DAG(s) 'example_sensors' retrieved from /home/airflow/.local/lib/python3.8/site-packages/airflow/example_dags/example_sensors.py
[2024-04-29T17:48:00.578+0000] {logging_mixin.py:188} INFO - [2024-04-29T17:48:00.577+0000] {dag.py:3047} INFO - Sync 1 DAGs
[2024-04-29T17:48:00.595+0000] {logging_mixin.py:188} INFO - [2024-04-29T17:48:00.595+0000] {dag.py:3834} INFO - Setting next_dagrun for example_sensors to None, run_after=None
[2024-04-29T17:48:00.622+0000] {processor.py:183} INFO - Processing /home/airflow/.local/lib/python3.8/site-packages/airflow/example_dags/example_sensors.py took 0.088 seconds
