[2024-04-29T17:30:01.875+0000] {processor.py:161} INFO - Started process (PID=231) to work on /home/airflow/.local/lib/python3.8/site-packages/airflow/example_dags/example_branch_python_dop_operator_3.py
[2024-04-29T17:30:01.877+0000] {processor.py:830} INFO - Processing file /home/airflow/.local/lib/python3.8/site-packages/airflow/example_dags/example_branch_python_dop_operator_3.py for tasks to queue
[2024-04-29T17:30:01.879+0000] {logging_mixin.py:188} INFO - [2024-04-29T17:30:01.879+0000] {dagbag.py:540} INFO - Filling up the DagBag from /home/airflow/.local/lib/python3.8/site-packages/airflow/example_dags/example_branch_python_dop_operator_3.py
[2024-04-29T17:30:01.904+0000] {processor.py:840} INFO - DAG(s) 'example_branch_dop_operator_v3' retrieved from /home/airflow/.local/lib/python3.8/site-packages/airflow/example_dags/example_branch_python_dop_operator_3.py
[2024-04-29T17:30:02.148+0000] {logging_mixin.py:188} INFO - [2024-04-29T17:30:02.147+0000] {override.py:1769} INFO - Created Permission View: can edit on DAG:example_branch_dop_operator_v3
[2024-04-29T17:30:02.168+0000] {logging_mixin.py:188} INFO - [2024-04-29T17:30:02.168+0000] {override.py:1769} INFO - Created Permission View: can delete on DAG:example_branch_dop_operator_v3
[2024-04-29T17:30:02.189+0000] {logging_mixin.py:188} INFO - [2024-04-29T17:30:02.189+0000] {override.py:1769} INFO - Created Permission View: can read on DAG:example_branch_dop_operator_v3
[2024-04-29T17:30:02.190+0000] {logging_mixin.py:188} INFO - [2024-04-29T17:30:02.190+0000] {dag.py:3047} INFO - Sync 1 DAGs
[2024-04-29T17:30:02.203+0000] {logging_mixin.py:188} INFO - [2024-04-29T17:30:02.203+0000] {dag.py:3069} INFO - Creating ORM DAG for example_branch_dop_operator_v3
[2024-04-29T17:30:02.225+0000] {logging_mixin.py:188} INFO - [2024-04-29T17:30:02.225+0000] {dag.py:3834} INFO - Setting next_dagrun for example_branch_dop_operator_v3 to 2024-04-29 17:29:00+00:00, run_after=2024-04-29 17:30:00+00:00
[2024-04-29T17:30:02.252+0000] {processor.py:183} INFO - Processing /home/airflow/.local/lib/python3.8/site-packages/airflow/example_dags/example_branch_python_dop_operator_3.py took 0.382 seconds
[2024-04-29T17:30:32.475+0000] {processor.py:161} INFO - Started process (PID=480) to work on /home/airflow/.local/lib/python3.8/site-packages/airflow/example_dags/example_branch_python_dop_operator_3.py
[2024-04-29T17:30:32.476+0000] {processor.py:830} INFO - Processing file /home/airflow/.local/lib/python3.8/site-packages/airflow/example_dags/example_branch_python_dop_operator_3.py for tasks to queue
[2024-04-29T17:30:32.477+0000] {logging_mixin.py:188} INFO - [2024-04-29T17:30:32.477+0000] {dagbag.py:540} INFO - Filling up the DagBag from /home/airflow/.local/lib/python3.8/site-packages/airflow/example_dags/example_branch_python_dop_operator_3.py
[2024-04-29T17:30:32.488+0000] {processor.py:840} INFO - DAG(s) 'example_branch_dop_operator_v3' retrieved from /home/airflow/.local/lib/python3.8/site-packages/airflow/example_dags/example_branch_python_dop_operator_3.py
[2024-04-29T17:30:32.512+0000] {logging_mixin.py:188} INFO - [2024-04-29T17:30:32.511+0000] {dag.py:3047} INFO - Sync 1 DAGs
[2024-04-29T17:30:32.544+0000] {logging_mixin.py:188} INFO - [2024-04-29T17:30:32.543+0000] {dag.py:3834} INFO - Setting next_dagrun for example_branch_dop_operator_v3 to 2024-04-29 17:29:00+00:00, run_after=2024-04-29 17:30:00+00:00
[2024-04-29T17:30:32.566+0000] {processor.py:183} INFO - Processing /home/airflow/.local/lib/python3.8/site-packages/airflow/example_dags/example_branch_python_dop_operator_3.py took 0.094 seconds
[2024-04-29T17:31:02.854+0000] {processor.py:161} INFO - Started process (PID=727) to work on /home/airflow/.local/lib/python3.8/site-packages/airflow/example_dags/example_branch_python_dop_operator_3.py
[2024-04-29T17:31:02.855+0000] {processor.py:830} INFO - Processing file /home/airflow/.local/lib/python3.8/site-packages/airflow/example_dags/example_branch_python_dop_operator_3.py for tasks to queue
[2024-04-29T17:31:02.856+0000] {logging_mixin.py:188} INFO - [2024-04-29T17:31:02.855+0000] {dagbag.py:540} INFO - Filling up the DagBag from /home/airflow/.local/lib/python3.8/site-packages/airflow/example_dags/example_branch_python_dop_operator_3.py
[2024-04-29T17:31:02.879+0000] {processor.py:840} INFO - DAG(s) 'example_branch_dop_operator_v3' retrieved from /home/airflow/.local/lib/python3.8/site-packages/airflow/example_dags/example_branch_python_dop_operator_3.py
[2024-04-29T17:31:02.916+0000] {logging_mixin.py:188} INFO - [2024-04-29T17:31:02.916+0000] {dag.py:3047} INFO - Sync 1 DAGs
[2024-04-29T17:31:02.949+0000] {logging_mixin.py:188} INFO - [2024-04-29T17:31:02.949+0000] {dag.py:3834} INFO - Setting next_dagrun for example_branch_dop_operator_v3 to 2024-04-29 17:30:00+00:00, run_after=2024-04-29 17:31:00+00:00
[2024-04-29T17:31:02.979+0000] {processor.py:183} INFO - Processing /home/airflow/.local/lib/python3.8/site-packages/airflow/example_dags/example_branch_python_dop_operator_3.py took 0.129 seconds
[2024-04-29T17:31:33.448+0000] {processor.py:161} INFO - Started process (PID=974) to work on /home/airflow/.local/lib/python3.8/site-packages/airflow/example_dags/example_branch_python_dop_operator_3.py
[2024-04-29T17:31:33.449+0000] {processor.py:830} INFO - Processing file /home/airflow/.local/lib/python3.8/site-packages/airflow/example_dags/example_branch_python_dop_operator_3.py for tasks to queue
[2024-04-29T17:31:33.450+0000] {logging_mixin.py:188} INFO - [2024-04-29T17:31:33.450+0000] {dagbag.py:540} INFO - Filling up the DagBag from /home/airflow/.local/lib/python3.8/site-packages/airflow/example_dags/example_branch_python_dop_operator_3.py
[2024-04-29T17:31:33.462+0000] {processor.py:840} INFO - DAG(s) 'example_branch_dop_operator_v3' retrieved from /home/airflow/.local/lib/python3.8/site-packages/airflow/example_dags/example_branch_python_dop_operator_3.py
[2024-04-29T17:31:33.485+0000] {logging_mixin.py:188} INFO - [2024-04-29T17:31:33.484+0000] {dag.py:3047} INFO - Sync 1 DAGs
[2024-04-29T17:31:33.516+0000] {logging_mixin.py:188} INFO - [2024-04-29T17:31:33.516+0000] {dag.py:3834} INFO - Setting next_dagrun for example_branch_dop_operator_v3 to 2024-04-29 17:30:00+00:00, run_after=2024-04-29 17:31:00+00:00
[2024-04-29T17:31:33.540+0000] {processor.py:183} INFO - Processing /home/airflow/.local/lib/python3.8/site-packages/airflow/example_dags/example_branch_python_dop_operator_3.py took 0.095 seconds
[2024-04-29T17:32:03.885+0000] {processor.py:161} INFO - Started process (PID=1222) to work on /home/airflow/.local/lib/python3.8/site-packages/airflow/example_dags/example_branch_python_dop_operator_3.py
[2024-04-29T17:32:03.885+0000] {processor.py:830} INFO - Processing file /home/airflow/.local/lib/python3.8/site-packages/airflow/example_dags/example_branch_python_dop_operator_3.py for tasks to queue
[2024-04-29T17:32:03.886+0000] {logging_mixin.py:188} INFO - [2024-04-29T17:32:03.886+0000] {dagbag.py:540} INFO - Filling up the DagBag from /home/airflow/.local/lib/python3.8/site-packages/airflow/example_dags/example_branch_python_dop_operator_3.py
[2024-04-29T17:32:03.906+0000] {processor.py:840} INFO - DAG(s) 'example_branch_dop_operator_v3' retrieved from /home/airflow/.local/lib/python3.8/site-packages/airflow/example_dags/example_branch_python_dop_operator_3.py
[2024-04-29T17:32:03.934+0000] {logging_mixin.py:188} INFO - [2024-04-29T17:32:03.933+0000] {dag.py:3047} INFO - Sync 1 DAGs
[2024-04-29T17:32:03.965+0000] {logging_mixin.py:188} INFO - [2024-04-29T17:32:03.965+0000] {dag.py:3834} INFO - Setting next_dagrun for example_branch_dop_operator_v3 to 2024-04-29 17:31:00+00:00, run_after=2024-04-29 17:32:00+00:00
[2024-04-29T17:32:03.989+0000] {processor.py:183} INFO - Processing /home/airflow/.local/lib/python3.8/site-packages/airflow/example_dags/example_branch_python_dop_operator_3.py took 0.108 seconds
[2024-04-29T17:32:34.351+0000] {processor.py:161} INFO - Started process (PID=1470) to work on /home/airflow/.local/lib/python3.8/site-packages/airflow/example_dags/example_branch_python_dop_operator_3.py
[2024-04-29T17:32:34.354+0000] {processor.py:830} INFO - Processing file /home/airflow/.local/lib/python3.8/site-packages/airflow/example_dags/example_branch_python_dop_operator_3.py for tasks to queue
[2024-04-29T17:32:34.355+0000] {logging_mixin.py:188} INFO - [2024-04-29T17:32:34.355+0000] {dagbag.py:540} INFO - Filling up the DagBag from /home/airflow/.local/lib/python3.8/site-packages/airflow/example_dags/example_branch_python_dop_operator_3.py
[2024-04-29T17:32:34.367+0000] {processor.py:840} INFO - DAG(s) 'example_branch_dop_operator_v3' retrieved from /home/airflow/.local/lib/python3.8/site-packages/airflow/example_dags/example_branch_python_dop_operator_3.py
[2024-04-29T17:32:34.391+0000] {logging_mixin.py:188} INFO - [2024-04-29T17:32:34.391+0000] {dag.py:3047} INFO - Sync 1 DAGs
[2024-04-29T17:32:34.424+0000] {logging_mixin.py:188} INFO - [2024-04-29T17:32:34.424+0000] {dag.py:3834} INFO - Setting next_dagrun for example_branch_dop_operator_v3 to 2024-04-29 17:31:00+00:00, run_after=2024-04-29 17:32:00+00:00
[2024-04-29T17:32:34.458+0000] {processor.py:183} INFO - Processing /home/airflow/.local/lib/python3.8/site-packages/airflow/example_dags/example_branch_python_dop_operator_3.py took 0.117 seconds
[2024-04-29T17:33:05.045+0000] {processor.py:161} INFO - Started process (PID=1716) to work on /home/airflow/.local/lib/python3.8/site-packages/airflow/example_dags/example_branch_python_dop_operator_3.py
[2024-04-29T17:33:05.046+0000] {processor.py:830} INFO - Processing file /home/airflow/.local/lib/python3.8/site-packages/airflow/example_dags/example_branch_python_dop_operator_3.py for tasks to queue
[2024-04-29T17:33:05.047+0000] {logging_mixin.py:188} INFO - [2024-04-29T17:33:05.046+0000] {dagbag.py:540} INFO - Filling up the DagBag from /home/airflow/.local/lib/python3.8/site-packages/airflow/example_dags/example_branch_python_dop_operator_3.py
[2024-04-29T17:33:05.057+0000] {processor.py:840} INFO - DAG(s) 'example_branch_dop_operator_v3' retrieved from /home/airflow/.local/lib/python3.8/site-packages/airflow/example_dags/example_branch_python_dop_operator_3.py
[2024-04-29T17:33:05.080+0000] {logging_mixin.py:188} INFO - [2024-04-29T17:33:05.080+0000] {dag.py:3047} INFO - Sync 1 DAGs
[2024-04-29T17:33:05.108+0000] {logging_mixin.py:188} INFO - [2024-04-29T17:33:05.108+0000] {dag.py:3834} INFO - Setting next_dagrun for example_branch_dop_operator_v3 to 2024-04-29 17:32:00+00:00, run_after=2024-04-29 17:33:00+00:00
[2024-04-29T17:33:05.134+0000] {processor.py:183} INFO - Processing /home/airflow/.local/lib/python3.8/site-packages/airflow/example_dags/example_branch_python_dop_operator_3.py took 0.093 seconds
[2024-04-29T17:33:35.536+0000] {processor.py:161} INFO - Started process (PID=1963) to work on /home/airflow/.local/lib/python3.8/site-packages/airflow/example_dags/example_branch_python_dop_operator_3.py
[2024-04-29T17:33:35.538+0000] {processor.py:830} INFO - Processing file /home/airflow/.local/lib/python3.8/site-packages/airflow/example_dags/example_branch_python_dop_operator_3.py for tasks to queue
[2024-04-29T17:33:35.539+0000] {logging_mixin.py:188} INFO - [2024-04-29T17:33:35.538+0000] {dagbag.py:540} INFO - Filling up the DagBag from /home/airflow/.local/lib/python3.8/site-packages/airflow/example_dags/example_branch_python_dop_operator_3.py
[2024-04-29T17:33:35.555+0000] {processor.py:840} INFO - DAG(s) 'example_branch_dop_operator_v3' retrieved from /home/airflow/.local/lib/python3.8/site-packages/airflow/example_dags/example_branch_python_dop_operator_3.py
[2024-04-29T17:33:35.583+0000] {logging_mixin.py:188} INFO - [2024-04-29T17:33:35.582+0000] {dag.py:3047} INFO - Sync 1 DAGs
[2024-04-29T17:33:35.614+0000] {logging_mixin.py:188} INFO - [2024-04-29T17:33:35.613+0000] {dag.py:3834} INFO - Setting next_dagrun for example_branch_dop_operator_v3 to 2024-04-29 17:32:00+00:00, run_after=2024-04-29 17:33:00+00:00
[2024-04-29T17:33:35.639+0000] {processor.py:183} INFO - Processing /home/airflow/.local/lib/python3.8/site-packages/airflow/example_dags/example_branch_python_dop_operator_3.py took 0.106 seconds
[2024-04-29T17:34:05.928+0000] {processor.py:161} INFO - Started process (PID=2211) to work on /home/airflow/.local/lib/python3.8/site-packages/airflow/example_dags/example_branch_python_dop_operator_3.py
[2024-04-29T17:34:05.929+0000] {processor.py:830} INFO - Processing file /home/airflow/.local/lib/python3.8/site-packages/airflow/example_dags/example_branch_python_dop_operator_3.py for tasks to queue
[2024-04-29T17:34:05.930+0000] {logging_mixin.py:188} INFO - [2024-04-29T17:34:05.930+0000] {dagbag.py:540} INFO - Filling up the DagBag from /home/airflow/.local/lib/python3.8/site-packages/airflow/example_dags/example_branch_python_dop_operator_3.py
[2024-04-29T17:34:05.937+0000] {processor.py:840} INFO - DAG(s) 'example_branch_dop_operator_v3' retrieved from /home/airflow/.local/lib/python3.8/site-packages/airflow/example_dags/example_branch_python_dop_operator_3.py
[2024-04-29T17:34:05.954+0000] {logging_mixin.py:188} INFO - [2024-04-29T17:34:05.953+0000] {dag.py:3047} INFO - Sync 1 DAGs
[2024-04-29T17:34:05.983+0000] {logging_mixin.py:188} INFO - [2024-04-29T17:34:05.982+0000] {dag.py:3834} INFO - Setting next_dagrun for example_branch_dop_operator_v3 to 2024-04-29 17:33:00+00:00, run_after=2024-04-29 17:34:00+00:00
[2024-04-29T17:34:06.003+0000] {processor.py:183} INFO - Processing /home/airflow/.local/lib/python3.8/site-packages/airflow/example_dags/example_branch_python_dop_operator_3.py took 0.077 seconds
[2024-04-29T17:34:36.688+0000] {processor.py:161} INFO - Started process (PID=2458) to work on /home/airflow/.local/lib/python3.8/site-packages/airflow/example_dags/example_branch_python_dop_operator_3.py
[2024-04-29T17:34:36.688+0000] {processor.py:830} INFO - Processing file /home/airflow/.local/lib/python3.8/site-packages/airflow/example_dags/example_branch_python_dop_operator_3.py for tasks to queue
[2024-04-29T17:34:36.689+0000] {logging_mixin.py:188} INFO - [2024-04-29T17:34:36.689+0000] {dagbag.py:540} INFO - Filling up the DagBag from /home/airflow/.local/lib/python3.8/site-packages/airflow/example_dags/example_branch_python_dop_operator_3.py
[2024-04-29T17:34:36.701+0000] {processor.py:840} INFO - DAG(s) 'example_branch_dop_operator_v3' retrieved from /home/airflow/.local/lib/python3.8/site-packages/airflow/example_dags/example_branch_python_dop_operator_3.py
[2024-04-29T17:34:36.726+0000] {logging_mixin.py:188} INFO - [2024-04-29T17:34:36.726+0000] {dag.py:3047} INFO - Sync 1 DAGs
[2024-04-29T17:34:36.762+0000] {logging_mixin.py:188} INFO - [2024-04-29T17:34:36.762+0000] {dag.py:3834} INFO - Setting next_dagrun for example_branch_dop_operator_v3 to 2024-04-29 17:33:00+00:00, run_after=2024-04-29 17:34:00+00:00
[2024-04-29T17:34:36.787+0000] {processor.py:183} INFO - Processing /home/airflow/.local/lib/python3.8/site-packages/airflow/example_dags/example_branch_python_dop_operator_3.py took 0.103 seconds
[2024-04-29T17:35:07.109+0000] {processor.py:161} INFO - Started process (PID=2705) to work on /home/airflow/.local/lib/python3.8/site-packages/airflow/example_dags/example_branch_python_dop_operator_3.py
[2024-04-29T17:35:07.110+0000] {processor.py:830} INFO - Processing file /home/airflow/.local/lib/python3.8/site-packages/airflow/example_dags/example_branch_python_dop_operator_3.py for tasks to queue
[2024-04-29T17:35:07.111+0000] {logging_mixin.py:188} INFO - [2024-04-29T17:35:07.111+0000] {dagbag.py:540} INFO - Filling up the DagBag from /home/airflow/.local/lib/python3.8/site-packages/airflow/example_dags/example_branch_python_dop_operator_3.py
[2024-04-29T17:35:07.123+0000] {processor.py:840} INFO - DAG(s) 'example_branch_dop_operator_v3' retrieved from /home/airflow/.local/lib/python3.8/site-packages/airflow/example_dags/example_branch_python_dop_operator_3.py
[2024-04-29T17:35:07.146+0000] {logging_mixin.py:188} INFO - [2024-04-29T17:35:07.146+0000] {dag.py:3047} INFO - Sync 1 DAGs
[2024-04-29T17:35:07.179+0000] {logging_mixin.py:188} INFO - [2024-04-29T17:35:07.179+0000] {dag.py:3834} INFO - Setting next_dagrun for example_branch_dop_operator_v3 to 2024-04-29 17:34:00+00:00, run_after=2024-04-29 17:35:00+00:00
[2024-04-29T17:35:07.204+0000] {processor.py:183} INFO - Processing /home/airflow/.local/lib/python3.8/site-packages/airflow/example_dags/example_branch_python_dop_operator_3.py took 0.098 seconds
[2024-04-29T17:35:38.007+0000] {processor.py:161} INFO - Started process (PID=2950) to work on /home/airflow/.local/lib/python3.8/site-packages/airflow/example_dags/example_branch_python_dop_operator_3.py
[2024-04-29T17:35:38.013+0000] {processor.py:830} INFO - Processing file /home/airflow/.local/lib/python3.8/site-packages/airflow/example_dags/example_branch_python_dop_operator_3.py for tasks to queue
[2024-04-29T17:35:38.015+0000] {logging_mixin.py:188} INFO - [2024-04-29T17:35:38.014+0000] {dagbag.py:540} INFO - Filling up the DagBag from /home/airflow/.local/lib/python3.8/site-packages/airflow/example_dags/example_branch_python_dop_operator_3.py
[2024-04-29T17:35:38.026+0000] {processor.py:840} INFO - DAG(s) 'example_branch_dop_operator_v3' retrieved from /home/airflow/.local/lib/python3.8/site-packages/airflow/example_dags/example_branch_python_dop_operator_3.py
[2024-04-29T17:35:38.049+0000] {logging_mixin.py:188} INFO - [2024-04-29T17:35:38.049+0000] {dag.py:3047} INFO - Sync 1 DAGs
[2024-04-29T17:35:38.081+0000] {logging_mixin.py:188} INFO - [2024-04-29T17:35:38.081+0000] {dag.py:3834} INFO - Setting next_dagrun for example_branch_dop_operator_v3 to 2024-04-29 17:34:00+00:00, run_after=2024-04-29 17:35:00+00:00
[2024-04-29T17:35:38.108+0000] {processor.py:183} INFO - Processing /home/airflow/.local/lib/python3.8/site-packages/airflow/example_dags/example_branch_python_dop_operator_3.py took 0.105 seconds
[2024-04-29T17:36:08.584+0000] {processor.py:161} INFO - Started process (PID=3199) to work on /home/airflow/.local/lib/python3.8/site-packages/airflow/example_dags/example_branch_python_dop_operator_3.py
[2024-04-29T17:36:08.585+0000] {processor.py:830} INFO - Processing file /home/airflow/.local/lib/python3.8/site-packages/airflow/example_dags/example_branch_python_dop_operator_3.py for tasks to queue
[2024-04-29T17:36:08.586+0000] {logging_mixin.py:188} INFO - [2024-04-29T17:36:08.585+0000] {dagbag.py:540} INFO - Filling up the DagBag from /home/airflow/.local/lib/python3.8/site-packages/airflow/example_dags/example_branch_python_dop_operator_3.py
[2024-04-29T17:36:08.597+0000] {processor.py:840} INFO - DAG(s) 'example_branch_dop_operator_v3' retrieved from /home/airflow/.local/lib/python3.8/site-packages/airflow/example_dags/example_branch_python_dop_operator_3.py
[2024-04-29T17:36:08.620+0000] {logging_mixin.py:188} INFO - [2024-04-29T17:36:08.620+0000] {dag.py:3047} INFO - Sync 1 DAGs
[2024-04-29T17:36:08.651+0000] {logging_mixin.py:188} INFO - [2024-04-29T17:36:08.650+0000] {dag.py:3834} INFO - Setting next_dagrun for example_branch_dop_operator_v3 to 2024-04-29 17:35:00+00:00, run_after=2024-04-29 17:36:00+00:00
[2024-04-29T17:36:08.675+0000] {processor.py:183} INFO - Processing /home/airflow/.local/lib/python3.8/site-packages/airflow/example_dags/example_branch_python_dop_operator_3.py took 0.095 seconds
[2024-04-29T17:36:39.029+0000] {processor.py:161} INFO - Started process (PID=3449) to work on /home/airflow/.local/lib/python3.8/site-packages/airflow/example_dags/example_branch_python_dop_operator_3.py
[2024-04-29T17:36:39.031+0000] {processor.py:830} INFO - Processing file /home/airflow/.local/lib/python3.8/site-packages/airflow/example_dags/example_branch_python_dop_operator_3.py for tasks to queue
[2024-04-29T17:36:39.032+0000] {logging_mixin.py:188} INFO - [2024-04-29T17:36:39.031+0000] {dagbag.py:540} INFO - Filling up the DagBag from /home/airflow/.local/lib/python3.8/site-packages/airflow/example_dags/example_branch_python_dop_operator_3.py
[2024-04-29T17:36:39.042+0000] {processor.py:840} INFO - DAG(s) 'example_branch_dop_operator_v3' retrieved from /home/airflow/.local/lib/python3.8/site-packages/airflow/example_dags/example_branch_python_dop_operator_3.py
[2024-04-29T17:36:39.067+0000] {logging_mixin.py:188} INFO - [2024-04-29T17:36:39.066+0000] {dag.py:3047} INFO - Sync 1 DAGs
[2024-04-29T17:36:39.099+0000] {logging_mixin.py:188} INFO - [2024-04-29T17:36:39.099+0000] {dag.py:3834} INFO - Setting next_dagrun for example_branch_dop_operator_v3 to 2024-04-29 17:35:00+00:00, run_after=2024-04-29 17:36:00+00:00
[2024-04-29T17:36:39.123+0000] {processor.py:183} INFO - Processing /home/airflow/.local/lib/python3.8/site-packages/airflow/example_dags/example_branch_python_dop_operator_3.py took 0.096 seconds
[2024-04-29T17:37:10.983+0000] {processor.py:161} INFO - Started process (PID=3732) to work on /home/airflow/.local/lib/python3.8/site-packages/airflow/example_dags/example_branch_python_dop_operator_3.py
[2024-04-29T17:37:10.993+0000] {processor.py:830} INFO - Processing file /home/airflow/.local/lib/python3.8/site-packages/airflow/example_dags/example_branch_python_dop_operator_3.py for tasks to queue
[2024-04-29T17:37:11.001+0000] {logging_mixin.py:188} INFO - [2024-04-29T17:37:11.000+0000] {dagbag.py:540} INFO - Filling up the DagBag from /home/airflow/.local/lib/python3.8/site-packages/airflow/example_dags/example_branch_python_dop_operator_3.py
[2024-04-29T17:37:11.075+0000] {processor.py:840} INFO - DAG(s) 'example_branch_dop_operator_v3' retrieved from /home/airflow/.local/lib/python3.8/site-packages/airflow/example_dags/example_branch_python_dop_operator_3.py
[2024-04-29T17:37:11.214+0000] {logging_mixin.py:188} INFO - [2024-04-29T17:37:11.210+0000] {dag.py:3047} INFO - Sync 1 DAGs
[2024-04-29T17:37:11.359+0000] {logging_mixin.py:188} INFO - [2024-04-29T17:37:11.359+0000] {dag.py:3834} INFO - Setting next_dagrun for example_branch_dop_operator_v3 to 2024-04-29 17:36:00+00:00, run_after=2024-04-29 17:37:00+00:00
[2024-04-29T17:37:11.478+0000] {processor.py:183} INFO - Processing /home/airflow/.local/lib/python3.8/site-packages/airflow/example_dags/example_branch_python_dop_operator_3.py took 0.498 seconds
[2024-04-29T17:37:41.678+0000] {processor.py:161} INFO - Started process (PID=4079) to work on /home/airflow/.local/lib/python3.8/site-packages/airflow/example_dags/example_branch_python_dop_operator_3.py
[2024-04-29T17:37:41.678+0000] {processor.py:830} INFO - Processing file /home/airflow/.local/lib/python3.8/site-packages/airflow/example_dags/example_branch_python_dop_operator_3.py for tasks to queue
[2024-04-29T17:37:41.679+0000] {logging_mixin.py:188} INFO - [2024-04-29T17:37:41.679+0000] {dagbag.py:540} INFO - Filling up the DagBag from /home/airflow/.local/lib/python3.8/site-packages/airflow/example_dags/example_branch_python_dop_operator_3.py
[2024-04-29T17:37:41.700+0000] {processor.py:840} INFO - DAG(s) 'example_branch_dop_operator_v3' retrieved from /home/airflow/.local/lib/python3.8/site-packages/airflow/example_dags/example_branch_python_dop_operator_3.py
[2024-04-29T17:37:41.740+0000] {logging_mixin.py:188} INFO - [2024-04-29T17:37:41.733+0000] {dag.py:3047} INFO - Sync 1 DAGs
[2024-04-29T17:37:41.775+0000] {logging_mixin.py:188} INFO - [2024-04-29T17:37:41.775+0000] {dag.py:3834} INFO - Setting next_dagrun for example_branch_dop_operator_v3 to 2024-04-29 17:36:00+00:00, run_after=2024-04-29 17:37:00+00:00
[2024-04-29T17:37:41.801+0000] {processor.py:183} INFO - Processing /home/airflow/.local/lib/python3.8/site-packages/airflow/example_dags/example_branch_python_dop_operator_3.py took 0.129 seconds
[2024-04-29T17:38:12.791+0000] {processor.py:161} INFO - Started process (PID=4335) to work on /home/airflow/.local/lib/python3.8/site-packages/airflow/example_dags/example_branch_python_dop_operator_3.py
[2024-04-29T17:38:12.792+0000] {processor.py:830} INFO - Processing file /home/airflow/.local/lib/python3.8/site-packages/airflow/example_dags/example_branch_python_dop_operator_3.py for tasks to queue
[2024-04-29T17:38:12.793+0000] {logging_mixin.py:188} INFO - [2024-04-29T17:38:12.793+0000] {dagbag.py:540} INFO - Filling up the DagBag from /home/airflow/.local/lib/python3.8/site-packages/airflow/example_dags/example_branch_python_dop_operator_3.py
[2024-04-29T17:38:12.806+0000] {processor.py:840} INFO - DAG(s) 'example_branch_dop_operator_v3' retrieved from /home/airflow/.local/lib/python3.8/site-packages/airflow/example_dags/example_branch_python_dop_operator_3.py
[2024-04-29T17:38:12.829+0000] {logging_mixin.py:188} INFO - [2024-04-29T17:38:12.829+0000] {dag.py:3047} INFO - Sync 1 DAGs
[2024-04-29T17:38:12.862+0000] {logging_mixin.py:188} INFO - [2024-04-29T17:38:12.862+0000] {dag.py:3834} INFO - Setting next_dagrun for example_branch_dop_operator_v3 to 2024-04-29 17:37:00+00:00, run_after=2024-04-29 17:38:00+00:00
[2024-04-29T17:38:12.885+0000] {processor.py:183} INFO - Processing /home/airflow/.local/lib/python3.8/site-packages/airflow/example_dags/example_branch_python_dop_operator_3.py took 0.097 seconds
[2024-04-29T17:38:43.235+0000] {processor.py:161} INFO - Started process (PID=4583) to work on /home/airflow/.local/lib/python3.8/site-packages/airflow/example_dags/example_branch_python_dop_operator_3.py
[2024-04-29T17:38:43.236+0000] {processor.py:830} INFO - Processing file /home/airflow/.local/lib/python3.8/site-packages/airflow/example_dags/example_branch_python_dop_operator_3.py for tasks to queue
[2024-04-29T17:38:43.237+0000] {logging_mixin.py:188} INFO - [2024-04-29T17:38:43.236+0000] {dagbag.py:540} INFO - Filling up the DagBag from /home/airflow/.local/lib/python3.8/site-packages/airflow/example_dags/example_branch_python_dop_operator_3.py
[2024-04-29T17:38:43.248+0000] {processor.py:840} INFO - DAG(s) 'example_branch_dop_operator_v3' retrieved from /home/airflow/.local/lib/python3.8/site-packages/airflow/example_dags/example_branch_python_dop_operator_3.py
[2024-04-29T17:38:43.270+0000] {logging_mixin.py:188} INFO - [2024-04-29T17:38:43.270+0000] {dag.py:3047} INFO - Sync 1 DAGs
[2024-04-29T17:38:43.300+0000] {logging_mixin.py:188} INFO - [2024-04-29T17:38:43.300+0000] {dag.py:3834} INFO - Setting next_dagrun for example_branch_dop_operator_v3 to 2024-04-29 17:37:00+00:00, run_after=2024-04-29 17:38:00+00:00
[2024-04-29T17:38:43.323+0000] {processor.py:183} INFO - Processing /home/airflow/.local/lib/python3.8/site-packages/airflow/example_dags/example_branch_python_dop_operator_3.py took 0.091 seconds
[2024-04-29T17:39:13.830+0000] {processor.py:161} INFO - Started process (PID=4829) to work on /home/airflow/.local/lib/python3.8/site-packages/airflow/example_dags/example_branch_python_dop_operator_3.py
[2024-04-29T17:39:13.831+0000] {processor.py:830} INFO - Processing file /home/airflow/.local/lib/python3.8/site-packages/airflow/example_dags/example_branch_python_dop_operator_3.py for tasks to queue
[2024-04-29T17:39:13.832+0000] {logging_mixin.py:188} INFO - [2024-04-29T17:39:13.832+0000] {dagbag.py:540} INFO - Filling up the DagBag from /home/airflow/.local/lib/python3.8/site-packages/airflow/example_dags/example_branch_python_dop_operator_3.py
[2024-04-29T17:39:13.845+0000] {processor.py:840} INFO - DAG(s) 'example_branch_dop_operator_v3' retrieved from /home/airflow/.local/lib/python3.8/site-packages/airflow/example_dags/example_branch_python_dop_operator_3.py
[2024-04-29T17:39:13.869+0000] {logging_mixin.py:188} INFO - [2024-04-29T17:39:13.868+0000] {dag.py:3047} INFO - Sync 1 DAGs
[2024-04-29T17:39:13.900+0000] {logging_mixin.py:188} INFO - [2024-04-29T17:39:13.900+0000] {dag.py:3834} INFO - Setting next_dagrun for example_branch_dop_operator_v3 to 2024-04-29 17:38:00+00:00, run_after=2024-04-29 17:39:00+00:00
[2024-04-29T17:39:13.928+0000] {processor.py:183} INFO - Processing /home/airflow/.local/lib/python3.8/site-packages/airflow/example_dags/example_branch_python_dop_operator_3.py took 0.105 seconds
[2024-04-29T17:39:44.287+0000] {processor.py:161} INFO - Started process (PID=5077) to work on /home/airflow/.local/lib/python3.8/site-packages/airflow/example_dags/example_branch_python_dop_operator_3.py
[2024-04-29T17:39:44.288+0000] {processor.py:830} INFO - Processing file /home/airflow/.local/lib/python3.8/site-packages/airflow/example_dags/example_branch_python_dop_operator_3.py for tasks to queue
[2024-04-29T17:39:44.291+0000] {logging_mixin.py:188} INFO - [2024-04-29T17:39:44.288+0000] {dagbag.py:540} INFO - Filling up the DagBag from /home/airflow/.local/lib/python3.8/site-packages/airflow/example_dags/example_branch_python_dop_operator_3.py
[2024-04-29T17:39:44.317+0000] {processor.py:840} INFO - DAG(s) 'example_branch_dop_operator_v3' retrieved from /home/airflow/.local/lib/python3.8/site-packages/airflow/example_dags/example_branch_python_dop_operator_3.py
[2024-04-29T17:39:44.353+0000] {logging_mixin.py:188} INFO - [2024-04-29T17:39:44.352+0000] {dag.py:3047} INFO - Sync 1 DAGs
[2024-04-29T17:39:44.400+0000] {logging_mixin.py:188} INFO - [2024-04-29T17:39:44.400+0000] {dag.py:3834} INFO - Setting next_dagrun for example_branch_dop_operator_v3 to 2024-04-29 17:38:00+00:00, run_after=2024-04-29 17:39:00+00:00
[2024-04-29T17:39:44.429+0000] {processor.py:183} INFO - Processing /home/airflow/.local/lib/python3.8/site-packages/airflow/example_dags/example_branch_python_dop_operator_3.py took 0.149 seconds
[2024-04-29T17:40:15.178+0000] {processor.py:161} INFO - Started process (PID=5328) to work on /home/airflow/.local/lib/python3.8/site-packages/airflow/example_dags/example_branch_python_dop_operator_3.py
[2024-04-29T17:40:15.179+0000] {processor.py:830} INFO - Processing file /home/airflow/.local/lib/python3.8/site-packages/airflow/example_dags/example_branch_python_dop_operator_3.py for tasks to queue
[2024-04-29T17:40:15.180+0000] {logging_mixin.py:188} INFO - [2024-04-29T17:40:15.179+0000] {dagbag.py:540} INFO - Filling up the DagBag from /home/airflow/.local/lib/python3.8/site-packages/airflow/example_dags/example_branch_python_dop_operator_3.py
[2024-04-29T17:40:15.190+0000] {processor.py:840} INFO - DAG(s) 'example_branch_dop_operator_v3' retrieved from /home/airflow/.local/lib/python3.8/site-packages/airflow/example_dags/example_branch_python_dop_operator_3.py
[2024-04-29T17:40:15.212+0000] {logging_mixin.py:188} INFO - [2024-04-29T17:40:15.212+0000] {dag.py:3047} INFO - Sync 1 DAGs
[2024-04-29T17:40:15.243+0000] {logging_mixin.py:188} INFO - [2024-04-29T17:40:15.243+0000] {dag.py:3834} INFO - Setting next_dagrun for example_branch_dop_operator_v3 to 2024-04-29 17:39:00+00:00, run_after=2024-04-29 17:40:00+00:00
[2024-04-29T17:40:15.267+0000] {processor.py:183} INFO - Processing /home/airflow/.local/lib/python3.8/site-packages/airflow/example_dags/example_branch_python_dop_operator_3.py took 0.092 seconds
[2024-04-29T17:40:45.522+0000] {processor.py:161} INFO - Started process (PID=5576) to work on /home/airflow/.local/lib/python3.8/site-packages/airflow/example_dags/example_branch_python_dop_operator_3.py
[2024-04-29T17:40:45.523+0000] {processor.py:830} INFO - Processing file /home/airflow/.local/lib/python3.8/site-packages/airflow/example_dags/example_branch_python_dop_operator_3.py for tasks to queue
[2024-04-29T17:40:45.524+0000] {logging_mixin.py:188} INFO - [2024-04-29T17:40:45.523+0000] {dagbag.py:540} INFO - Filling up the DagBag from /home/airflow/.local/lib/python3.8/site-packages/airflow/example_dags/example_branch_python_dop_operator_3.py
[2024-04-29T17:40:45.534+0000] {processor.py:840} INFO - DAG(s) 'example_branch_dop_operator_v3' retrieved from /home/airflow/.local/lib/python3.8/site-packages/airflow/example_dags/example_branch_python_dop_operator_3.py
[2024-04-29T17:40:45.561+0000] {logging_mixin.py:188} INFO - [2024-04-29T17:40:45.561+0000] {dag.py:3047} INFO - Sync 1 DAGs
[2024-04-29T17:40:45.594+0000] {logging_mixin.py:188} INFO - [2024-04-29T17:40:45.594+0000] {dag.py:3834} INFO - Setting next_dagrun for example_branch_dop_operator_v3 to 2024-04-29 17:39:00+00:00, run_after=2024-04-29 17:40:00+00:00
[2024-04-29T17:40:45.616+0000] {processor.py:183} INFO - Processing /home/airflow/.local/lib/python3.8/site-packages/airflow/example_dags/example_branch_python_dop_operator_3.py took 0.098 seconds
[2024-04-29T17:41:15.736+0000] {processor.py:161} INFO - Started process (PID=5823) to work on /home/airflow/.local/lib/python3.8/site-packages/airflow/example_dags/example_branch_python_dop_operator_3.py
[2024-04-29T17:41:15.737+0000] {processor.py:830} INFO - Processing file /home/airflow/.local/lib/python3.8/site-packages/airflow/example_dags/example_branch_python_dop_operator_3.py for tasks to queue
[2024-04-29T17:41:15.738+0000] {logging_mixin.py:188} INFO - [2024-04-29T17:41:15.738+0000] {dagbag.py:540} INFO - Filling up the DagBag from /home/airflow/.local/lib/python3.8/site-packages/airflow/example_dags/example_branch_python_dop_operator_3.py
[2024-04-29T17:41:15.749+0000] {processor.py:840} INFO - DAG(s) 'example_branch_dop_operator_v3' retrieved from /home/airflow/.local/lib/python3.8/site-packages/airflow/example_dags/example_branch_python_dop_operator_3.py
[2024-04-29T17:41:15.772+0000] {logging_mixin.py:188} INFO - [2024-04-29T17:41:15.772+0000] {dag.py:3047} INFO - Sync 1 DAGs
[2024-04-29T17:41:15.804+0000] {logging_mixin.py:188} INFO - [2024-04-29T17:41:15.804+0000] {dag.py:3834} INFO - Setting next_dagrun for example_branch_dop_operator_v3 to 2024-04-29 17:40:00+00:00, run_after=2024-04-29 17:41:00+00:00
[2024-04-29T17:41:15.828+0000] {processor.py:183} INFO - Processing /home/airflow/.local/lib/python3.8/site-packages/airflow/example_dags/example_branch_python_dop_operator_3.py took 0.096 seconds
[2024-04-29T17:41:45.996+0000] {processor.py:161} INFO - Started process (PID=6070) to work on /home/airflow/.local/lib/python3.8/site-packages/airflow/example_dags/example_branch_python_dop_operator_3.py
[2024-04-29T17:41:45.997+0000] {processor.py:830} INFO - Processing file /home/airflow/.local/lib/python3.8/site-packages/airflow/example_dags/example_branch_python_dop_operator_3.py for tasks to queue
[2024-04-29T17:41:45.998+0000] {logging_mixin.py:188} INFO - [2024-04-29T17:41:45.998+0000] {dagbag.py:540} INFO - Filling up the DagBag from /home/airflow/.local/lib/python3.8/site-packages/airflow/example_dags/example_branch_python_dop_operator_3.py
[2024-04-29T17:41:46.009+0000] {processor.py:840} INFO - DAG(s) 'example_branch_dop_operator_v3' retrieved from /home/airflow/.local/lib/python3.8/site-packages/airflow/example_dags/example_branch_python_dop_operator_3.py
[2024-04-29T17:41:46.035+0000] {logging_mixin.py:188} INFO - [2024-04-29T17:41:46.035+0000] {dag.py:3047} INFO - Sync 1 DAGs
[2024-04-29T17:41:46.066+0000] {logging_mixin.py:188} INFO - [2024-04-29T17:41:46.066+0000] {dag.py:3834} INFO - Setting next_dagrun for example_branch_dop_operator_v3 to 2024-04-29 17:40:00+00:00, run_after=2024-04-29 17:41:00+00:00
[2024-04-29T17:41:46.088+0000] {processor.py:183} INFO - Processing /home/airflow/.local/lib/python3.8/site-packages/airflow/example_dags/example_branch_python_dop_operator_3.py took 0.096 seconds
[2024-04-29T17:42:16.340+0000] {processor.py:161} INFO - Started process (PID=6315) to work on /home/airflow/.local/lib/python3.8/site-packages/airflow/example_dags/example_branch_python_dop_operator_3.py
[2024-04-29T17:42:16.341+0000] {processor.py:830} INFO - Processing file /home/airflow/.local/lib/python3.8/site-packages/airflow/example_dags/example_branch_python_dop_operator_3.py for tasks to queue
[2024-04-29T17:42:16.342+0000] {logging_mixin.py:188} INFO - [2024-04-29T17:42:16.341+0000] {dagbag.py:540} INFO - Filling up the DagBag from /home/airflow/.local/lib/python3.8/site-packages/airflow/example_dags/example_branch_python_dop_operator_3.py
[2024-04-29T17:42:16.352+0000] {processor.py:840} INFO - DAG(s) 'example_branch_dop_operator_v3' retrieved from /home/airflow/.local/lib/python3.8/site-packages/airflow/example_dags/example_branch_python_dop_operator_3.py
[2024-04-29T17:42:16.374+0000] {logging_mixin.py:188} INFO - [2024-04-29T17:42:16.374+0000] {dag.py:3047} INFO - Sync 1 DAGs
[2024-04-29T17:42:16.407+0000] {logging_mixin.py:188} INFO - [2024-04-29T17:42:16.407+0000] {dag.py:3834} INFO - Setting next_dagrun for example_branch_dop_operator_v3 to 2024-04-29 17:41:00+00:00, run_after=2024-04-29 17:42:00+00:00
[2024-04-29T17:42:16.431+0000] {processor.py:183} INFO - Processing /home/airflow/.local/lib/python3.8/site-packages/airflow/example_dags/example_branch_python_dop_operator_3.py took 0.094 seconds
[2024-04-29T17:42:46.834+0000] {processor.py:161} INFO - Started process (PID=6564) to work on /home/airflow/.local/lib/python3.8/site-packages/airflow/example_dags/example_branch_python_dop_operator_3.py
[2024-04-29T17:42:46.835+0000] {processor.py:830} INFO - Processing file /home/airflow/.local/lib/python3.8/site-packages/airflow/example_dags/example_branch_python_dop_operator_3.py for tasks to queue
[2024-04-29T17:42:46.836+0000] {logging_mixin.py:188} INFO - [2024-04-29T17:42:46.836+0000] {dagbag.py:540} INFO - Filling up the DagBag from /home/airflow/.local/lib/python3.8/site-packages/airflow/example_dags/example_branch_python_dop_operator_3.py
[2024-04-29T17:42:46.847+0000] {processor.py:840} INFO - DAG(s) 'example_branch_dop_operator_v3' retrieved from /home/airflow/.local/lib/python3.8/site-packages/airflow/example_dags/example_branch_python_dop_operator_3.py
[2024-04-29T17:42:46.897+0000] {logging_mixin.py:188} INFO - [2024-04-29T17:42:46.897+0000] {dag.py:3047} INFO - Sync 1 DAGs
[2024-04-29T17:42:46.928+0000] {logging_mixin.py:188} INFO - [2024-04-29T17:42:46.928+0000] {dag.py:3834} INFO - Setting next_dagrun for example_branch_dop_operator_v3 to 2024-04-29 17:41:00+00:00, run_after=2024-04-29 17:42:00+00:00
[2024-04-29T17:42:46.952+0000] {processor.py:183} INFO - Processing /home/airflow/.local/lib/python3.8/site-packages/airflow/example_dags/example_branch_python_dop_operator_3.py took 0.121 seconds
[2024-04-29T17:43:16.989+0000] {processor.py:161} INFO - Started process (PID=6811) to work on /home/airflow/.local/lib/python3.8/site-packages/airflow/example_dags/example_branch_python_dop_operator_3.py
[2024-04-29T17:43:16.990+0000] {processor.py:830} INFO - Processing file /home/airflow/.local/lib/python3.8/site-packages/airflow/example_dags/example_branch_python_dop_operator_3.py for tasks to queue
[2024-04-29T17:43:16.991+0000] {logging_mixin.py:188} INFO - [2024-04-29T17:43:16.991+0000] {dagbag.py:540} INFO - Filling up the DagBag from /home/airflow/.local/lib/python3.8/site-packages/airflow/example_dags/example_branch_python_dop_operator_3.py
[2024-04-29T17:43:17.002+0000] {processor.py:840} INFO - DAG(s) 'example_branch_dop_operator_v3' retrieved from /home/airflow/.local/lib/python3.8/site-packages/airflow/example_dags/example_branch_python_dop_operator_3.py
[2024-04-29T17:43:17.026+0000] {logging_mixin.py:188} INFO - [2024-04-29T17:43:17.026+0000] {dag.py:3047} INFO - Sync 1 DAGs
[2024-04-29T17:43:17.055+0000] {logging_mixin.py:188} INFO - [2024-04-29T17:43:17.055+0000] {dag.py:3834} INFO - Setting next_dagrun for example_branch_dop_operator_v3 to 2024-04-29 17:42:00+00:00, run_after=2024-04-29 17:43:00+00:00
[2024-04-29T17:43:17.079+0000] {processor.py:183} INFO - Processing /home/airflow/.local/lib/python3.8/site-packages/airflow/example_dags/example_branch_python_dop_operator_3.py took 0.093 seconds
[2024-04-29T17:43:47.300+0000] {processor.py:161} INFO - Started process (PID=7058) to work on /home/airflow/.local/lib/python3.8/site-packages/airflow/example_dags/example_branch_python_dop_operator_3.py
[2024-04-29T17:43:47.302+0000] {processor.py:830} INFO - Processing file /home/airflow/.local/lib/python3.8/site-packages/airflow/example_dags/example_branch_python_dop_operator_3.py for tasks to queue
[2024-04-29T17:43:47.303+0000] {logging_mixin.py:188} INFO - [2024-04-29T17:43:47.303+0000] {dagbag.py:540} INFO - Filling up the DagBag from /home/airflow/.local/lib/python3.8/site-packages/airflow/example_dags/example_branch_python_dop_operator_3.py
[2024-04-29T17:43:47.314+0000] {processor.py:840} INFO - DAG(s) 'example_branch_dop_operator_v3' retrieved from /home/airflow/.local/lib/python3.8/site-packages/airflow/example_dags/example_branch_python_dop_operator_3.py
[2024-04-29T17:43:47.338+0000] {logging_mixin.py:188} INFO - [2024-04-29T17:43:47.337+0000] {dag.py:3047} INFO - Sync 1 DAGs
[2024-04-29T17:43:47.367+0000] {logging_mixin.py:188} INFO - [2024-04-29T17:43:47.367+0000] {dag.py:3834} INFO - Setting next_dagrun for example_branch_dop_operator_v3 to 2024-04-29 17:42:00+00:00, run_after=2024-04-29 17:43:00+00:00
[2024-04-29T17:43:47.391+0000] {processor.py:183} INFO - Processing /home/airflow/.local/lib/python3.8/site-packages/airflow/example_dags/example_branch_python_dop_operator_3.py took 0.094 seconds
[2024-04-29T17:44:17.557+0000] {processor.py:161} INFO - Started process (PID=7305) to work on /home/airflow/.local/lib/python3.8/site-packages/airflow/example_dags/example_branch_python_dop_operator_3.py
[2024-04-29T17:44:17.558+0000] {processor.py:830} INFO - Processing file /home/airflow/.local/lib/python3.8/site-packages/airflow/example_dags/example_branch_python_dop_operator_3.py for tasks to queue
[2024-04-29T17:44:17.560+0000] {logging_mixin.py:188} INFO - [2024-04-29T17:44:17.559+0000] {dagbag.py:540} INFO - Filling up the DagBag from /home/airflow/.local/lib/python3.8/site-packages/airflow/example_dags/example_branch_python_dop_operator_3.py
[2024-04-29T17:44:17.572+0000] {processor.py:840} INFO - DAG(s) 'example_branch_dop_operator_v3' retrieved from /home/airflow/.local/lib/python3.8/site-packages/airflow/example_dags/example_branch_python_dop_operator_3.py
[2024-04-29T17:44:17.605+0000] {logging_mixin.py:188} INFO - [2024-04-29T17:44:17.605+0000] {dag.py:3047} INFO - Sync 1 DAGs
[2024-04-29T17:44:17.637+0000] {logging_mixin.py:188} INFO - [2024-04-29T17:44:17.637+0000] {dag.py:3834} INFO - Setting next_dagrun for example_branch_dop_operator_v3 to 2024-04-29 17:43:00+00:00, run_after=2024-04-29 17:44:00+00:00
[2024-04-29T17:44:17.659+0000] {processor.py:183} INFO - Processing /home/airflow/.local/lib/python3.8/site-packages/airflow/example_dags/example_branch_python_dop_operator_3.py took 0.105 seconds
[2024-04-29T17:44:47.940+0000] {processor.py:161} INFO - Started process (PID=7552) to work on /home/airflow/.local/lib/python3.8/site-packages/airflow/example_dags/example_branch_python_dop_operator_3.py
[2024-04-29T17:44:47.941+0000] {processor.py:830} INFO - Processing file /home/airflow/.local/lib/python3.8/site-packages/airflow/example_dags/example_branch_python_dop_operator_3.py for tasks to queue
[2024-04-29T17:44:47.942+0000] {logging_mixin.py:188} INFO - [2024-04-29T17:44:47.942+0000] {dagbag.py:540} INFO - Filling up the DagBag from /home/airflow/.local/lib/python3.8/site-packages/airflow/example_dags/example_branch_python_dop_operator_3.py
[2024-04-29T17:44:47.953+0000] {processor.py:840} INFO - DAG(s) 'example_branch_dop_operator_v3' retrieved from /home/airflow/.local/lib/python3.8/site-packages/airflow/example_dags/example_branch_python_dop_operator_3.py
[2024-04-29T17:44:47.977+0000] {logging_mixin.py:188} INFO - [2024-04-29T17:44:47.976+0000] {dag.py:3047} INFO - Sync 1 DAGs
[2024-04-29T17:44:48.009+0000] {logging_mixin.py:188} INFO - [2024-04-29T17:44:48.008+0000] {dag.py:3834} INFO - Setting next_dagrun for example_branch_dop_operator_v3 to 2024-04-29 17:43:00+00:00, run_after=2024-04-29 17:44:00+00:00
[2024-04-29T17:44:48.033+0000] {processor.py:183} INFO - Processing /home/airflow/.local/lib/python3.8/site-packages/airflow/example_dags/example_branch_python_dop_operator_3.py took 0.096 seconds
[2024-04-29T17:45:18.409+0000] {processor.py:161} INFO - Started process (PID=7800) to work on /home/airflow/.local/lib/python3.8/site-packages/airflow/example_dags/example_branch_python_dop_operator_3.py
[2024-04-29T17:45:18.410+0000] {processor.py:830} INFO - Processing file /home/airflow/.local/lib/python3.8/site-packages/airflow/example_dags/example_branch_python_dop_operator_3.py for tasks to queue
[2024-04-29T17:45:18.411+0000] {logging_mixin.py:188} INFO - [2024-04-29T17:45:18.410+0000] {dagbag.py:540} INFO - Filling up the DagBag from /home/airflow/.local/lib/python3.8/site-packages/airflow/example_dags/example_branch_python_dop_operator_3.py
[2024-04-29T17:45:18.421+0000] {processor.py:840} INFO - DAG(s) 'example_branch_dop_operator_v3' retrieved from /home/airflow/.local/lib/python3.8/site-packages/airflow/example_dags/example_branch_python_dop_operator_3.py
[2024-04-29T17:45:18.442+0000] {logging_mixin.py:188} INFO - [2024-04-29T17:45:18.442+0000] {dag.py:3047} INFO - Sync 1 DAGs
[2024-04-29T17:45:18.529+0000] {logging_mixin.py:188} INFO - [2024-04-29T17:45:18.528+0000] {dag.py:3834} INFO - Setting next_dagrun for example_branch_dop_operator_v3 to 2024-04-29 17:44:00+00:00, run_after=2024-04-29 17:45:00+00:00
[2024-04-29T17:45:18.568+0000] {processor.py:183} INFO - Processing /home/airflow/.local/lib/python3.8/site-packages/airflow/example_dags/example_branch_python_dop_operator_3.py took 0.164 seconds
[2024-04-29T17:45:48.895+0000] {processor.py:161} INFO - Started process (PID=8046) to work on /home/airflow/.local/lib/python3.8/site-packages/airflow/example_dags/example_branch_python_dop_operator_3.py
[2024-04-29T17:45:48.895+0000] {processor.py:830} INFO - Processing file /home/airflow/.local/lib/python3.8/site-packages/airflow/example_dags/example_branch_python_dop_operator_3.py for tasks to queue
[2024-04-29T17:45:48.904+0000] {logging_mixin.py:188} INFO - [2024-04-29T17:45:48.903+0000] {dagbag.py:540} INFO - Filling up the DagBag from /home/airflow/.local/lib/python3.8/site-packages/airflow/example_dags/example_branch_python_dop_operator_3.py
[2024-04-29T17:45:48.945+0000] {processor.py:840} INFO - DAG(s) 'example_branch_dop_operator_v3' retrieved from /home/airflow/.local/lib/python3.8/site-packages/airflow/example_dags/example_branch_python_dop_operator_3.py
[2024-04-29T17:45:48.977+0000] {logging_mixin.py:188} INFO - [2024-04-29T17:45:48.976+0000] {dag.py:3047} INFO - Sync 1 DAGs
[2024-04-29T17:45:49.014+0000] {logging_mixin.py:188} INFO - [2024-04-29T17:45:49.014+0000] {dag.py:3834} INFO - Setting next_dagrun for example_branch_dop_operator_v3 to 2024-04-29 17:44:00+00:00, run_after=2024-04-29 17:45:00+00:00
[2024-04-29T17:45:49.044+0000] {processor.py:183} INFO - Processing /home/airflow/.local/lib/python3.8/site-packages/airflow/example_dags/example_branch_python_dop_operator_3.py took 0.159 seconds
[2024-04-29T17:46:19.153+0000] {processor.py:161} INFO - Started process (PID=8298) to work on /home/airflow/.local/lib/python3.8/site-packages/airflow/example_dags/example_branch_python_dop_operator_3.py
[2024-04-29T17:46:19.154+0000] {processor.py:830} INFO - Processing file /home/airflow/.local/lib/python3.8/site-packages/airflow/example_dags/example_branch_python_dop_operator_3.py for tasks to queue
[2024-04-29T17:46:19.155+0000] {logging_mixin.py:188} INFO - [2024-04-29T17:46:19.155+0000] {dagbag.py:540} INFO - Filling up the DagBag from /home/airflow/.local/lib/python3.8/site-packages/airflow/example_dags/example_branch_python_dop_operator_3.py
[2024-04-29T17:46:19.167+0000] {processor.py:840} INFO - DAG(s) 'example_branch_dop_operator_v3' retrieved from /home/airflow/.local/lib/python3.8/site-packages/airflow/example_dags/example_branch_python_dop_operator_3.py
[2024-04-29T17:46:19.193+0000] {logging_mixin.py:188} INFO - [2024-04-29T17:46:19.193+0000] {dag.py:3047} INFO - Sync 1 DAGs
[2024-04-29T17:46:19.227+0000] {logging_mixin.py:188} INFO - [2024-04-29T17:46:19.227+0000] {dag.py:3834} INFO - Setting next_dagrun for example_branch_dop_operator_v3 to 2024-04-29 17:45:00+00:00, run_after=2024-04-29 17:46:00+00:00
[2024-04-29T17:46:19.253+0000] {processor.py:183} INFO - Processing /home/airflow/.local/lib/python3.8/site-packages/airflow/example_dags/example_branch_python_dop_operator_3.py took 0.104 seconds
[2024-04-29T17:46:49.509+0000] {processor.py:161} INFO - Started process (PID=8543) to work on /home/airflow/.local/lib/python3.8/site-packages/airflow/example_dags/example_branch_python_dop_operator_3.py
[2024-04-29T17:46:49.510+0000] {processor.py:830} INFO - Processing file /home/airflow/.local/lib/python3.8/site-packages/airflow/example_dags/example_branch_python_dop_operator_3.py for tasks to queue
[2024-04-29T17:46:49.511+0000] {logging_mixin.py:188} INFO - [2024-04-29T17:46:49.510+0000] {dagbag.py:540} INFO - Filling up the DagBag from /home/airflow/.local/lib/python3.8/site-packages/airflow/example_dags/example_branch_python_dop_operator_3.py
[2024-04-29T17:46:49.523+0000] {processor.py:840} INFO - DAG(s) 'example_branch_dop_operator_v3' retrieved from /home/airflow/.local/lib/python3.8/site-packages/airflow/example_dags/example_branch_python_dop_operator_3.py
[2024-04-29T17:46:49.545+0000] {logging_mixin.py:188} INFO - [2024-04-29T17:46:49.545+0000] {dag.py:3047} INFO - Sync 1 DAGs
[2024-04-29T17:46:49.578+0000] {logging_mixin.py:188} INFO - [2024-04-29T17:46:49.577+0000] {dag.py:3834} INFO - Setting next_dagrun for example_branch_dop_operator_v3 to 2024-04-29 17:45:00+00:00, run_after=2024-04-29 17:46:00+00:00
[2024-04-29T17:46:49.603+0000] {processor.py:183} INFO - Processing /home/airflow/.local/lib/python3.8/site-packages/airflow/example_dags/example_branch_python_dop_operator_3.py took 0.098 seconds
[2024-04-29T17:47:20.058+0000] {processor.py:161} INFO - Started process (PID=8791) to work on /home/airflow/.local/lib/python3.8/site-packages/airflow/example_dags/example_branch_python_dop_operator_3.py
[2024-04-29T17:47:20.059+0000] {processor.py:830} INFO - Processing file /home/airflow/.local/lib/python3.8/site-packages/airflow/example_dags/example_branch_python_dop_operator_3.py for tasks to queue
[2024-04-29T17:47:20.061+0000] {logging_mixin.py:188} INFO - [2024-04-29T17:47:20.060+0000] {dagbag.py:540} INFO - Filling up the DagBag from /home/airflow/.local/lib/python3.8/site-packages/airflow/example_dags/example_branch_python_dop_operator_3.py
[2024-04-29T17:47:20.081+0000] {processor.py:840} INFO - DAG(s) 'example_branch_dop_operator_v3' retrieved from /home/airflow/.local/lib/python3.8/site-packages/airflow/example_dags/example_branch_python_dop_operator_3.py
[2024-04-29T17:47:20.106+0000] {logging_mixin.py:188} INFO - [2024-04-29T17:47:20.105+0000] {dag.py:3047} INFO - Sync 1 DAGs
[2024-04-29T17:47:20.145+0000] {logging_mixin.py:188} INFO - [2024-04-29T17:47:20.145+0000] {dag.py:3834} INFO - Setting next_dagrun for example_branch_dop_operator_v3 to 2024-04-29 17:46:00+00:00, run_after=2024-04-29 17:47:00+00:00
[2024-04-29T17:47:20.173+0000] {processor.py:183} INFO - Processing /home/airflow/.local/lib/python3.8/site-packages/airflow/example_dags/example_branch_python_dop_operator_3.py took 0.118 seconds
[2024-04-29T17:47:50.441+0000] {processor.py:161} INFO - Started process (PID=9039) to work on /home/airflow/.local/lib/python3.8/site-packages/airflow/example_dags/example_branch_python_dop_operator_3.py
[2024-04-29T17:47:50.442+0000] {processor.py:830} INFO - Processing file /home/airflow/.local/lib/python3.8/site-packages/airflow/example_dags/example_branch_python_dop_operator_3.py for tasks to queue
[2024-04-29T17:47:50.443+0000] {logging_mixin.py:188} INFO - [2024-04-29T17:47:50.443+0000] {dagbag.py:540} INFO - Filling up the DagBag from /home/airflow/.local/lib/python3.8/site-packages/airflow/example_dags/example_branch_python_dop_operator_3.py
[2024-04-29T17:47:50.469+0000] {processor.py:840} INFO - DAG(s) 'example_branch_dop_operator_v3' retrieved from /home/airflow/.local/lib/python3.8/site-packages/airflow/example_dags/example_branch_python_dop_operator_3.py
[2024-04-29T17:47:50.493+0000] {logging_mixin.py:188} INFO - [2024-04-29T17:47:50.493+0000] {dag.py:3047} INFO - Sync 1 DAGs
[2024-04-29T17:47:50.526+0000] {logging_mixin.py:188} INFO - [2024-04-29T17:47:50.526+0000] {dag.py:3834} INFO - Setting next_dagrun for example_branch_dop_operator_v3 to 2024-04-29 17:46:00+00:00, run_after=2024-04-29 17:47:00+00:00
[2024-04-29T17:47:50.548+0000] {processor.py:183} INFO - Processing /home/airflow/.local/lib/python3.8/site-packages/airflow/example_dags/example_branch_python_dop_operator_3.py took 0.110 seconds
[2024-04-29T17:48:20.782+0000] {processor.py:161} INFO - Started process (PID=9286) to work on /home/airflow/.local/lib/python3.8/site-packages/airflow/example_dags/example_branch_python_dop_operator_3.py
[2024-04-29T17:48:20.783+0000] {processor.py:830} INFO - Processing file /home/airflow/.local/lib/python3.8/site-packages/airflow/example_dags/example_branch_python_dop_operator_3.py for tasks to queue
[2024-04-29T17:48:20.784+0000] {logging_mixin.py:188} INFO - [2024-04-29T17:48:20.784+0000] {dagbag.py:540} INFO - Filling up the DagBag from /home/airflow/.local/lib/python3.8/site-packages/airflow/example_dags/example_branch_python_dop_operator_3.py
[2024-04-29T17:48:20.795+0000] {processor.py:840} INFO - DAG(s) 'example_branch_dop_operator_v3' retrieved from /home/airflow/.local/lib/python3.8/site-packages/airflow/example_dags/example_branch_python_dop_operator_3.py
[2024-04-29T17:48:20.820+0000] {logging_mixin.py:188} INFO - [2024-04-29T17:48:20.820+0000] {dag.py:3047} INFO - Sync 1 DAGs
[2024-04-29T17:48:20.869+0000] {logging_mixin.py:188} INFO - [2024-04-29T17:48:20.868+0000] {dag.py:3834} INFO - Setting next_dagrun for example_branch_dop_operator_v3 to 2024-04-29 17:47:00+00:00, run_after=2024-04-29 17:48:00+00:00
[2024-04-29T17:48:20.940+0000] {processor.py:183} INFO - Processing /home/airflow/.local/lib/python3.8/site-packages/airflow/example_dags/example_branch_python_dop_operator_3.py took 0.162 seconds
[2024-04-29T17:48:51.230+0000] {processor.py:161} INFO - Started process (PID=9534) to work on /home/airflow/.local/lib/python3.8/site-packages/airflow/example_dags/example_branch_python_dop_operator_3.py
[2024-04-29T17:48:51.232+0000] {processor.py:830} INFO - Processing file /home/airflow/.local/lib/python3.8/site-packages/airflow/example_dags/example_branch_python_dop_operator_3.py for tasks to queue
[2024-04-29T17:48:51.233+0000] {logging_mixin.py:188} INFO - [2024-04-29T17:48:51.232+0000] {dagbag.py:540} INFO - Filling up the DagBag from /home/airflow/.local/lib/python3.8/site-packages/airflow/example_dags/example_branch_python_dop_operator_3.py
[2024-04-29T17:48:51.244+0000] {processor.py:840} INFO - DAG(s) 'example_branch_dop_operator_v3' retrieved from /home/airflow/.local/lib/python3.8/site-packages/airflow/example_dags/example_branch_python_dop_operator_3.py
[2024-04-29T17:48:51.267+0000] {logging_mixin.py:188} INFO - [2024-04-29T17:48:51.267+0000] {dag.py:3047} INFO - Sync 1 DAGs
[2024-04-29T17:48:51.295+0000] {logging_mixin.py:188} INFO - [2024-04-29T17:48:51.295+0000] {dag.py:3834} INFO - Setting next_dagrun for example_branch_dop_operator_v3 to 2024-04-29 17:47:00+00:00, run_after=2024-04-29 17:48:00+00:00
[2024-04-29T17:48:51.320+0000] {processor.py:183} INFO - Processing /home/airflow/.local/lib/python3.8/site-packages/airflow/example_dags/example_branch_python_dop_operator_3.py took 0.093 seconds
[2024-04-29T17:49:21.515+0000] {processor.py:161} INFO - Started process (PID=9782) to work on /home/airflow/.local/lib/python3.8/site-packages/airflow/example_dags/example_branch_python_dop_operator_3.py
[2024-04-29T17:49:21.517+0000] {processor.py:830} INFO - Processing file /home/airflow/.local/lib/python3.8/site-packages/airflow/example_dags/example_branch_python_dop_operator_3.py for tasks to queue
[2024-04-29T17:49:21.518+0000] {logging_mixin.py:188} INFO - [2024-04-29T17:49:21.517+0000] {dagbag.py:540} INFO - Filling up the DagBag from /home/airflow/.local/lib/python3.8/site-packages/airflow/example_dags/example_branch_python_dop_operator_3.py
[2024-04-29T17:49:21.529+0000] {processor.py:840} INFO - DAG(s) 'example_branch_dop_operator_v3' retrieved from /home/airflow/.local/lib/python3.8/site-packages/airflow/example_dags/example_branch_python_dop_operator_3.py
[2024-04-29T17:49:21.551+0000] {logging_mixin.py:188} INFO - [2024-04-29T17:49:21.550+0000] {dag.py:3047} INFO - Sync 1 DAGs
[2024-04-29T17:49:21.581+0000] {logging_mixin.py:188} INFO - [2024-04-29T17:49:21.580+0000] {dag.py:3834} INFO - Setting next_dagrun for example_branch_dop_operator_v3 to 2024-04-29 17:48:00+00:00, run_after=2024-04-29 17:49:00+00:00
[2024-04-29T17:49:21.603+0000] {processor.py:183} INFO - Processing /home/airflow/.local/lib/python3.8/site-packages/airflow/example_dags/example_branch_python_dop_operator_3.py took 0.091 seconds
[2024-04-29T17:49:51.704+0000] {processor.py:161} INFO - Started process (PID=10030) to work on /home/airflow/.local/lib/python3.8/site-packages/airflow/example_dags/example_branch_python_dop_operator_3.py
[2024-04-29T17:49:51.705+0000] {processor.py:830} INFO - Processing file /home/airflow/.local/lib/python3.8/site-packages/airflow/example_dags/example_branch_python_dop_operator_3.py for tasks to queue
[2024-04-29T17:49:51.706+0000] {logging_mixin.py:188} INFO - [2024-04-29T17:49:51.706+0000] {dagbag.py:540} INFO - Filling up the DagBag from /home/airflow/.local/lib/python3.8/site-packages/airflow/example_dags/example_branch_python_dop_operator_3.py
[2024-04-29T17:49:51.718+0000] {processor.py:840} INFO - DAG(s) 'example_branch_dop_operator_v3' retrieved from /home/airflow/.local/lib/python3.8/site-packages/airflow/example_dags/example_branch_python_dop_operator_3.py
[2024-04-29T17:49:51.765+0000] {logging_mixin.py:188} INFO - [2024-04-29T17:49:51.764+0000] {dag.py:3047} INFO - Sync 1 DAGs
[2024-04-29T17:49:51.796+0000] {logging_mixin.py:188} INFO - [2024-04-29T17:49:51.796+0000] {dag.py:3834} INFO - Setting next_dagrun for example_branch_dop_operator_v3 to 2024-04-29 17:48:00+00:00, run_after=2024-04-29 17:49:00+00:00
[2024-04-29T17:49:51.823+0000] {processor.py:183} INFO - Processing /home/airflow/.local/lib/python3.8/site-packages/airflow/example_dags/example_branch_python_dop_operator_3.py took 0.122 seconds
[2024-04-29T17:50:21.958+0000] {processor.py:161} INFO - Started process (PID=10312) to work on /home/airflow/.local/lib/python3.8/site-packages/airflow/example_dags/example_branch_python_dop_operator_3.py
[2024-04-29T17:50:21.959+0000] {processor.py:830} INFO - Processing file /home/airflow/.local/lib/python3.8/site-packages/airflow/example_dags/example_branch_python_dop_operator_3.py for tasks to queue
[2024-04-29T17:50:21.960+0000] {logging_mixin.py:188} INFO - [2024-04-29T17:50:21.960+0000] {dagbag.py:540} INFO - Filling up the DagBag from /home/airflow/.local/lib/python3.8/site-packages/airflow/example_dags/example_branch_python_dop_operator_3.py
[2024-04-29T17:50:21.971+0000] {processor.py:840} INFO - DAG(s) 'example_branch_dop_operator_v3' retrieved from /home/airflow/.local/lib/python3.8/site-packages/airflow/example_dags/example_branch_python_dop_operator_3.py
[2024-04-29T17:50:21.993+0000] {logging_mixin.py:188} INFO - [2024-04-29T17:50:21.993+0000] {dag.py:3047} INFO - Sync 1 DAGs
[2024-04-29T17:50:22.032+0000] {logging_mixin.py:188} INFO - [2024-04-29T17:50:22.031+0000] {dag.py:3834} INFO - Setting next_dagrun for example_branch_dop_operator_v3 to 2024-04-29 17:49:00+00:00, run_after=2024-04-29 17:50:00+00:00
[2024-04-29T17:50:22.071+0000] {processor.py:183} INFO - Processing /home/airflow/.local/lib/python3.8/site-packages/airflow/example_dags/example_branch_python_dop_operator_3.py took 0.116 seconds
[2024-04-29T17:50:52.795+0000] {processor.py:161} INFO - Started process (PID=10593) to work on /home/airflow/.local/lib/python3.8/site-packages/airflow/example_dags/example_branch_python_dop_operator_3.py
[2024-04-29T17:50:52.802+0000] {processor.py:830} INFO - Processing file /home/airflow/.local/lib/python3.8/site-packages/airflow/example_dags/example_branch_python_dop_operator_3.py for tasks to queue
[2024-04-29T17:50:52.804+0000] {logging_mixin.py:188} INFO - [2024-04-29T17:50:52.803+0000] {dagbag.py:540} INFO - Filling up the DagBag from /home/airflow/.local/lib/python3.8/site-packages/airflow/example_dags/example_branch_python_dop_operator_3.py
[2024-04-29T17:50:52.821+0000] {processor.py:840} INFO - DAG(s) 'example_branch_dop_operator_v3' retrieved from /home/airflow/.local/lib/python3.8/site-packages/airflow/example_dags/example_branch_python_dop_operator_3.py
[2024-04-29T17:50:52.906+0000] {logging_mixin.py:188} INFO - [2024-04-29T17:50:52.906+0000] {dag.py:3047} INFO - Sync 1 DAGs
[2024-04-29T17:50:52.952+0000] {logging_mixin.py:188} INFO - [2024-04-29T17:50:52.951+0000] {dag.py:3834} INFO - Setting next_dagrun for example_branch_dop_operator_v3 to 2024-04-29 17:49:00+00:00, run_after=2024-04-29 17:50:00+00:00
[2024-04-29T17:50:52.988+0000] {processor.py:183} INFO - Processing /home/airflow/.local/lib/python3.8/site-packages/airflow/example_dags/example_branch_python_dop_operator_3.py took 0.201 seconds
[2024-04-29T17:51:23.792+0000] {processor.py:161} INFO - Started process (PID=10872) to work on /home/airflow/.local/lib/python3.8/site-packages/airflow/example_dags/example_branch_python_dop_operator_3.py
[2024-04-29T17:51:23.793+0000] {processor.py:830} INFO - Processing file /home/airflow/.local/lib/python3.8/site-packages/airflow/example_dags/example_branch_python_dop_operator_3.py for tasks to queue
[2024-04-29T17:51:23.794+0000] {logging_mixin.py:188} INFO - [2024-04-29T17:51:23.794+0000] {dagbag.py:540} INFO - Filling up the DagBag from /home/airflow/.local/lib/python3.8/site-packages/airflow/example_dags/example_branch_python_dop_operator_3.py
[2024-04-29T17:51:23.806+0000] {processor.py:840} INFO - DAG(s) 'example_branch_dop_operator_v3' retrieved from /home/airflow/.local/lib/python3.8/site-packages/airflow/example_dags/example_branch_python_dop_operator_3.py
[2024-04-29T17:51:23.828+0000] {logging_mixin.py:188} INFO - [2024-04-29T17:51:23.828+0000] {dag.py:3047} INFO - Sync 1 DAGs
[2024-04-29T17:51:23.859+0000] {logging_mixin.py:188} INFO - [2024-04-29T17:51:23.859+0000] {dag.py:3834} INFO - Setting next_dagrun for example_branch_dop_operator_v3 to 2024-04-29 17:50:00+00:00, run_after=2024-04-29 17:51:00+00:00
[2024-04-29T17:51:23.885+0000] {processor.py:183} INFO - Processing /home/airflow/.local/lib/python3.8/site-packages/airflow/example_dags/example_branch_python_dop_operator_3.py took 0.096 seconds
[2024-04-29T17:51:54.587+0000] {processor.py:161} INFO - Started process (PID=11148) to work on /home/airflow/.local/lib/python3.8/site-packages/airflow/example_dags/example_branch_python_dop_operator_3.py
[2024-04-29T17:51:54.588+0000] {processor.py:830} INFO - Processing file /home/airflow/.local/lib/python3.8/site-packages/airflow/example_dags/example_branch_python_dop_operator_3.py for tasks to queue
[2024-04-29T17:51:54.589+0000] {logging_mixin.py:188} INFO - [2024-04-29T17:51:54.589+0000] {dagbag.py:540} INFO - Filling up the DagBag from /home/airflow/.local/lib/python3.8/site-packages/airflow/example_dags/example_branch_python_dop_operator_3.py
[2024-04-29T17:51:54.600+0000] {processor.py:840} INFO - DAG(s) 'example_branch_dop_operator_v3' retrieved from /home/airflow/.local/lib/python3.8/site-packages/airflow/example_dags/example_branch_python_dop_operator_3.py
[2024-04-29T17:51:54.624+0000] {logging_mixin.py:188} INFO - [2024-04-29T17:51:54.624+0000] {dag.py:3047} INFO - Sync 1 DAGs
[2024-04-29T17:51:54.655+0000] {logging_mixin.py:188} INFO - [2024-04-29T17:51:54.655+0000] {dag.py:3834} INFO - Setting next_dagrun for example_branch_dop_operator_v3 to 2024-04-29 17:50:00+00:00, run_after=2024-04-29 17:51:00+00:00
[2024-04-29T17:51:54.681+0000] {processor.py:183} INFO - Processing /home/airflow/.local/lib/python3.8/site-packages/airflow/example_dags/example_branch_python_dop_operator_3.py took 0.098 seconds
[2024-04-29T17:52:25.189+0000] {processor.py:161} INFO - Started process (PID=11425) to work on /home/airflow/.local/lib/python3.8/site-packages/airflow/example_dags/example_branch_python_dop_operator_3.py
[2024-04-29T17:52:25.189+0000] {processor.py:830} INFO - Processing file /home/airflow/.local/lib/python3.8/site-packages/airflow/example_dags/example_branch_python_dop_operator_3.py for tasks to queue
[2024-04-29T17:52:25.190+0000] {logging_mixin.py:188} INFO - [2024-04-29T17:52:25.190+0000] {dagbag.py:540} INFO - Filling up the DagBag from /home/airflow/.local/lib/python3.8/site-packages/airflow/example_dags/example_branch_python_dop_operator_3.py
[2024-04-29T17:52:25.201+0000] {processor.py:840} INFO - DAG(s) 'example_branch_dop_operator_v3' retrieved from /home/airflow/.local/lib/python3.8/site-packages/airflow/example_dags/example_branch_python_dop_operator_3.py
[2024-04-29T17:52:25.226+0000] {logging_mixin.py:188} INFO - [2024-04-29T17:52:25.225+0000] {dag.py:3047} INFO - Sync 1 DAGs
[2024-04-29T17:52:25.259+0000] {logging_mixin.py:188} INFO - [2024-04-29T17:52:25.259+0000] {dag.py:3834} INFO - Setting next_dagrun for example_branch_dop_operator_v3 to 2024-04-29 17:51:00+00:00, run_after=2024-04-29 17:52:00+00:00
[2024-04-29T17:52:25.309+0000] {processor.py:183} INFO - Processing /home/airflow/.local/lib/python3.8/site-packages/airflow/example_dags/example_branch_python_dop_operator_3.py took 0.125 seconds
[2024-04-29T17:52:55.437+0000] {processor.py:161} INFO - Started process (PID=11704) to work on /home/airflow/.local/lib/python3.8/site-packages/airflow/example_dags/example_branch_python_dop_operator_3.py
[2024-04-29T17:52:55.438+0000] {processor.py:830} INFO - Processing file /home/airflow/.local/lib/python3.8/site-packages/airflow/example_dags/example_branch_python_dop_operator_3.py for tasks to queue
[2024-04-29T17:52:55.439+0000] {logging_mixin.py:188} INFO - [2024-04-29T17:52:55.439+0000] {dagbag.py:540} INFO - Filling up the DagBag from /home/airflow/.local/lib/python3.8/site-packages/airflow/example_dags/example_branch_python_dop_operator_3.py
[2024-04-29T17:52:55.446+0000] {processor.py:840} INFO - DAG(s) 'example_branch_dop_operator_v3' retrieved from /home/airflow/.local/lib/python3.8/site-packages/airflow/example_dags/example_branch_python_dop_operator_3.py
[2024-04-29T17:52:55.464+0000] {logging_mixin.py:188} INFO - [2024-04-29T17:52:55.464+0000] {dag.py:3047} INFO - Sync 1 DAGs
[2024-04-29T17:52:55.487+0000] {logging_mixin.py:188} INFO - [2024-04-29T17:52:55.487+0000] {dag.py:3834} INFO - Setting next_dagrun for example_branch_dop_operator_v3 to 2024-04-29 17:51:00+00:00, run_after=2024-04-29 17:52:00+00:00
[2024-04-29T17:52:55.508+0000] {processor.py:183} INFO - Processing /home/airflow/.local/lib/python3.8/site-packages/airflow/example_dags/example_branch_python_dop_operator_3.py took 0.073 seconds
[2024-04-29T17:53:25.982+0000] {processor.py:161} INFO - Started process (PID=11969) to work on /home/airflow/.local/lib/python3.8/site-packages/airflow/example_dags/example_branch_python_dop_operator_3.py
[2024-04-29T17:53:25.983+0000] {processor.py:830} INFO - Processing file /home/airflow/.local/lib/python3.8/site-packages/airflow/example_dags/example_branch_python_dop_operator_3.py for tasks to queue
[2024-04-29T17:53:25.984+0000] {logging_mixin.py:188} INFO - [2024-04-29T17:53:25.984+0000] {dagbag.py:540} INFO - Filling up the DagBag from /home/airflow/.local/lib/python3.8/site-packages/airflow/example_dags/example_branch_python_dop_operator_3.py
[2024-04-29T17:53:25.997+0000] {processor.py:840} INFO - DAG(s) 'example_branch_dop_operator_v3' retrieved from /home/airflow/.local/lib/python3.8/site-packages/airflow/example_dags/example_branch_python_dop_operator_3.py
[2024-04-29T17:53:26.018+0000] {logging_mixin.py:188} INFO - [2024-04-29T17:53:26.018+0000] {dag.py:3047} INFO - Sync 1 DAGs
[2024-04-29T17:53:26.065+0000] {logging_mixin.py:188} INFO - [2024-04-29T17:53:26.064+0000] {dag.py:3834} INFO - Setting next_dagrun for example_branch_dop_operator_v3 to 2024-04-29 17:52:00+00:00, run_after=2024-04-29 17:53:00+00:00
[2024-04-29T17:53:26.124+0000] {processor.py:183} INFO - Processing /home/airflow/.local/lib/python3.8/site-packages/airflow/example_dags/example_branch_python_dop_operator_3.py took 0.150 seconds
[2024-04-29T17:53:56.797+0000] {processor.py:161} INFO - Started process (PID=12231) to work on /home/airflow/.local/lib/python3.8/site-packages/airflow/example_dags/example_branch_python_dop_operator_3.py
[2024-04-29T17:53:56.798+0000] {processor.py:830} INFO - Processing file /home/airflow/.local/lib/python3.8/site-packages/airflow/example_dags/example_branch_python_dop_operator_3.py for tasks to queue
[2024-04-29T17:53:56.799+0000] {logging_mixin.py:188} INFO - [2024-04-29T17:53:56.799+0000] {dagbag.py:540} INFO - Filling up the DagBag from /home/airflow/.local/lib/python3.8/site-packages/airflow/example_dags/example_branch_python_dop_operator_3.py
[2024-04-29T17:53:56.810+0000] {processor.py:840} INFO - DAG(s) 'example_branch_dop_operator_v3' retrieved from /home/airflow/.local/lib/python3.8/site-packages/airflow/example_dags/example_branch_python_dop_operator_3.py
[2024-04-29T17:53:56.831+0000] {logging_mixin.py:188} INFO - [2024-04-29T17:53:56.831+0000] {dag.py:3047} INFO - Sync 1 DAGs
[2024-04-29T17:53:56.863+0000] {logging_mixin.py:188} INFO - [2024-04-29T17:53:56.862+0000] {dag.py:3834} INFO - Setting next_dagrun for example_branch_dop_operator_v3 to 2024-04-29 17:52:00+00:00, run_after=2024-04-29 17:53:00+00:00
[2024-04-29T17:53:56.887+0000] {processor.py:183} INFO - Processing /home/airflow/.local/lib/python3.8/site-packages/airflow/example_dags/example_branch_python_dop_operator_3.py took 0.093 seconds
[2024-04-29T17:54:27.442+0000] {processor.py:161} INFO - Started process (PID=12508) to work on /home/airflow/.local/lib/python3.8/site-packages/airflow/example_dags/example_branch_python_dop_operator_3.py
[2024-04-29T17:54:27.443+0000] {processor.py:830} INFO - Processing file /home/airflow/.local/lib/python3.8/site-packages/airflow/example_dags/example_branch_python_dop_operator_3.py for tasks to queue
[2024-04-29T17:54:27.445+0000] {logging_mixin.py:188} INFO - [2024-04-29T17:54:27.444+0000] {dagbag.py:540} INFO - Filling up the DagBag from /home/airflow/.local/lib/python3.8/site-packages/airflow/example_dags/example_branch_python_dop_operator_3.py
[2024-04-29T17:54:27.462+0000] {processor.py:840} INFO - DAG(s) 'example_branch_dop_operator_v3' retrieved from /home/airflow/.local/lib/python3.8/site-packages/airflow/example_dags/example_branch_python_dop_operator_3.py
[2024-04-29T17:54:27.484+0000] {logging_mixin.py:188} INFO - [2024-04-29T17:54:27.484+0000] {dag.py:3047} INFO - Sync 1 DAGs
[2024-04-29T17:54:27.512+0000] {logging_mixin.py:188} INFO - [2024-04-29T17:54:27.512+0000] {dag.py:3834} INFO - Setting next_dagrun for example_branch_dop_operator_v3 to 2024-04-29 17:53:00+00:00, run_after=2024-04-29 17:54:00+00:00
[2024-04-29T17:54:27.535+0000] {processor.py:183} INFO - Processing /home/airflow/.local/lib/python3.8/site-packages/airflow/example_dags/example_branch_python_dop_operator_3.py took 0.097 seconds
[2024-04-29T17:54:58.088+0000] {processor.py:161} INFO - Started process (PID=12760) to work on /home/airflow/.local/lib/python3.8/site-packages/airflow/example_dags/example_branch_python_dop_operator_3.py
[2024-04-29T17:54:58.089+0000] {processor.py:830} INFO - Processing file /home/airflow/.local/lib/python3.8/site-packages/airflow/example_dags/example_branch_python_dop_operator_3.py for tasks to queue
[2024-04-29T17:54:58.090+0000] {logging_mixin.py:188} INFO - [2024-04-29T17:54:58.090+0000] {dagbag.py:540} INFO - Filling up the DagBag from /home/airflow/.local/lib/python3.8/site-packages/airflow/example_dags/example_branch_python_dop_operator_3.py
[2024-04-29T17:54:58.101+0000] {processor.py:840} INFO - DAG(s) 'example_branch_dop_operator_v3' retrieved from /home/airflow/.local/lib/python3.8/site-packages/airflow/example_dags/example_branch_python_dop_operator_3.py
[2024-04-29T17:54:58.123+0000] {logging_mixin.py:188} INFO - [2024-04-29T17:54:58.123+0000] {dag.py:3047} INFO - Sync 1 DAGs
[2024-04-29T17:54:58.155+0000] {logging_mixin.py:188} INFO - [2024-04-29T17:54:58.155+0000] {dag.py:3834} INFO - Setting next_dagrun for example_branch_dop_operator_v3 to 2024-04-29 17:53:00+00:00, run_after=2024-04-29 17:54:00+00:00
[2024-04-29T17:54:58.177+0000] {processor.py:183} INFO - Processing /home/airflow/.local/lib/python3.8/site-packages/airflow/example_dags/example_branch_python_dop_operator_3.py took 0.092 seconds
[2024-04-29T17:55:28.771+0000] {processor.py:161} INFO - Started process (PID=13017) to work on /home/airflow/.local/lib/python3.8/site-packages/airflow/example_dags/example_branch_python_dop_operator_3.py
[2024-04-29T17:55:28.772+0000] {processor.py:830} INFO - Processing file /home/airflow/.local/lib/python3.8/site-packages/airflow/example_dags/example_branch_python_dop_operator_3.py for tasks to queue
[2024-04-29T17:55:28.772+0000] {logging_mixin.py:188} INFO - [2024-04-29T17:55:28.772+0000] {dagbag.py:540} INFO - Filling up the DagBag from /home/airflow/.local/lib/python3.8/site-packages/airflow/example_dags/example_branch_python_dop_operator_3.py
[2024-04-29T17:55:28.783+0000] {processor.py:840} INFO - DAG(s) 'example_branch_dop_operator_v3' retrieved from /home/airflow/.local/lib/python3.8/site-packages/airflow/example_dags/example_branch_python_dop_operator_3.py
[2024-04-29T17:55:28.804+0000] {logging_mixin.py:188} INFO - [2024-04-29T17:55:28.803+0000] {dag.py:3047} INFO - Sync 1 DAGs
[2024-04-29T17:55:28.836+0000] {logging_mixin.py:188} INFO - [2024-04-29T17:55:28.836+0000] {dag.py:3834} INFO - Setting next_dagrun for example_branch_dop_operator_v3 to 2024-04-29 17:54:00+00:00, run_after=2024-04-29 17:55:00+00:00
[2024-04-29T17:55:28.858+0000] {processor.py:183} INFO - Processing /home/airflow/.local/lib/python3.8/site-packages/airflow/example_dags/example_branch_python_dop_operator_3.py took 0.091 seconds
[2024-04-29T17:55:59.043+0000] {processor.py:161} INFO - Started process (PID=13279) to work on /home/airflow/.local/lib/python3.8/site-packages/airflow/example_dags/example_branch_python_dop_operator_3.py
[2024-04-29T17:55:59.044+0000] {processor.py:830} INFO - Processing file /home/airflow/.local/lib/python3.8/site-packages/airflow/example_dags/example_branch_python_dop_operator_3.py for tasks to queue
[2024-04-29T17:55:59.045+0000] {logging_mixin.py:188} INFO - [2024-04-29T17:55:59.044+0000] {dagbag.py:540} INFO - Filling up the DagBag from /home/airflow/.local/lib/python3.8/site-packages/airflow/example_dags/example_branch_python_dop_operator_3.py
[2024-04-29T17:55:59.056+0000] {processor.py:840} INFO - DAG(s) 'example_branch_dop_operator_v3' retrieved from /home/airflow/.local/lib/python3.8/site-packages/airflow/example_dags/example_branch_python_dop_operator_3.py
[2024-04-29T17:55:59.079+0000] {logging_mixin.py:188} INFO - [2024-04-29T17:55:59.078+0000] {dag.py:3047} INFO - Sync 1 DAGs
[2024-04-29T17:55:59.108+0000] {logging_mixin.py:188} INFO - [2024-04-29T17:55:59.107+0000] {dag.py:3834} INFO - Setting next_dagrun for example_branch_dop_operator_v3 to 2024-04-29 17:54:00+00:00, run_after=2024-04-29 17:55:00+00:00
[2024-04-29T17:55:59.132+0000] {processor.py:183} INFO - Processing /home/airflow/.local/lib/python3.8/site-packages/airflow/example_dags/example_branch_python_dop_operator_3.py took 0.093 seconds
[2024-04-29T17:56:29.476+0000] {processor.py:161} INFO - Started process (PID=13536) to work on /home/airflow/.local/lib/python3.8/site-packages/airflow/example_dags/example_branch_python_dop_operator_3.py
[2024-04-29T17:56:29.477+0000] {processor.py:830} INFO - Processing file /home/airflow/.local/lib/python3.8/site-packages/airflow/example_dags/example_branch_python_dop_operator_3.py for tasks to queue
[2024-04-29T17:56:29.479+0000] {logging_mixin.py:188} INFO - [2024-04-29T17:56:29.478+0000] {dagbag.py:540} INFO - Filling up the DagBag from /home/airflow/.local/lib/python3.8/site-packages/airflow/example_dags/example_branch_python_dop_operator_3.py
[2024-04-29T17:56:29.489+0000] {processor.py:840} INFO - DAG(s) 'example_branch_dop_operator_v3' retrieved from /home/airflow/.local/lib/python3.8/site-packages/airflow/example_dags/example_branch_python_dop_operator_3.py
[2024-04-29T17:56:29.512+0000] {logging_mixin.py:188} INFO - [2024-04-29T17:56:29.512+0000] {dag.py:3047} INFO - Sync 1 DAGs
[2024-04-29T17:56:29.543+0000] {logging_mixin.py:188} INFO - [2024-04-29T17:56:29.543+0000] {dag.py:3834} INFO - Setting next_dagrun for example_branch_dop_operator_v3 to 2024-04-29 17:55:00+00:00, run_after=2024-04-29 17:56:00+00:00
[2024-04-29T17:56:29.572+0000] {processor.py:183} INFO - Processing /home/airflow/.local/lib/python3.8/site-packages/airflow/example_dags/example_branch_python_dop_operator_3.py took 0.099 seconds
[2024-04-29T17:56:59.831+0000] {processor.py:161} INFO - Started process (PID=13809) to work on /home/airflow/.local/lib/python3.8/site-packages/airflow/example_dags/example_branch_python_dop_operator_3.py
[2024-04-29T17:56:59.832+0000] {processor.py:830} INFO - Processing file /home/airflow/.local/lib/python3.8/site-packages/airflow/example_dags/example_branch_python_dop_operator_3.py for tasks to queue
[2024-04-29T17:56:59.833+0000] {logging_mixin.py:188} INFO - [2024-04-29T17:56:59.833+0000] {dagbag.py:540} INFO - Filling up the DagBag from /home/airflow/.local/lib/python3.8/site-packages/airflow/example_dags/example_branch_python_dop_operator_3.py
[2024-04-29T17:56:59.844+0000] {processor.py:840} INFO - DAG(s) 'example_branch_dop_operator_v3' retrieved from /home/airflow/.local/lib/python3.8/site-packages/airflow/example_dags/example_branch_python_dop_operator_3.py
[2024-04-29T17:56:59.868+0000] {logging_mixin.py:188} INFO - [2024-04-29T17:56:59.867+0000] {dag.py:3047} INFO - Sync 1 DAGs
[2024-04-29T17:56:59.899+0000] {logging_mixin.py:188} INFO - [2024-04-29T17:56:59.899+0000] {dag.py:3834} INFO - Setting next_dagrun for example_branch_dop_operator_v3 to 2024-04-29 17:55:00+00:00, run_after=2024-04-29 17:56:00+00:00
[2024-04-29T17:56:59.922+0000] {processor.py:183} INFO - Processing /home/airflow/.local/lib/python3.8/site-packages/airflow/example_dags/example_branch_python_dop_operator_3.py took 0.094 seconds
[2024-04-29T17:57:30.123+0000] {processor.py:161} INFO - Started process (PID=14071) to work on /home/airflow/.local/lib/python3.8/site-packages/airflow/example_dags/example_branch_python_dop_operator_3.py
[2024-04-29T17:57:30.124+0000] {processor.py:830} INFO - Processing file /home/airflow/.local/lib/python3.8/site-packages/airflow/example_dags/example_branch_python_dop_operator_3.py for tasks to queue
[2024-04-29T17:57:30.125+0000] {logging_mixin.py:188} INFO - [2024-04-29T17:57:30.125+0000] {dagbag.py:540} INFO - Filling up the DagBag from /home/airflow/.local/lib/python3.8/site-packages/airflow/example_dags/example_branch_python_dop_operator_3.py
[2024-04-29T17:57:30.137+0000] {processor.py:840} INFO - DAG(s) 'example_branch_dop_operator_v3' retrieved from /home/airflow/.local/lib/python3.8/site-packages/airflow/example_dags/example_branch_python_dop_operator_3.py
[2024-04-29T17:57:30.193+0000] {logging_mixin.py:188} INFO - [2024-04-29T17:57:30.193+0000] {dag.py:3047} INFO - Sync 1 DAGs
[2024-04-29T17:57:30.233+0000] {logging_mixin.py:188} INFO - [2024-04-29T17:57:30.233+0000] {dag.py:3834} INFO - Setting next_dagrun for example_branch_dop_operator_v3 to 2024-04-29 17:56:00+00:00, run_after=2024-04-29 17:57:00+00:00
[2024-04-29T17:57:30.269+0000] {processor.py:183} INFO - Processing /home/airflow/.local/lib/python3.8/site-packages/airflow/example_dags/example_branch_python_dop_operator_3.py took 0.149 seconds
[2024-04-29T17:58:00.756+0000] {processor.py:161} INFO - Started process (PID=14329) to work on /home/airflow/.local/lib/python3.8/site-packages/airflow/example_dags/example_branch_python_dop_operator_3.py
[2024-04-29T17:58:00.757+0000] {processor.py:830} INFO - Processing file /home/airflow/.local/lib/python3.8/site-packages/airflow/example_dags/example_branch_python_dop_operator_3.py for tasks to queue
[2024-04-29T17:58:00.759+0000] {logging_mixin.py:188} INFO - [2024-04-29T17:58:00.758+0000] {dagbag.py:540} INFO - Filling up the DagBag from /home/airflow/.local/lib/python3.8/site-packages/airflow/example_dags/example_branch_python_dop_operator_3.py
[2024-04-29T17:58:00.772+0000] {processor.py:840} INFO - DAG(s) 'example_branch_dop_operator_v3' retrieved from /home/airflow/.local/lib/python3.8/site-packages/airflow/example_dags/example_branch_python_dop_operator_3.py
[2024-04-29T17:58:00.795+0000] {logging_mixin.py:188} INFO - [2024-04-29T17:58:00.795+0000] {dag.py:3047} INFO - Sync 1 DAGs
[2024-04-29T17:58:00.828+0000] {logging_mixin.py:188} INFO - [2024-04-29T17:58:00.828+0000] {dag.py:3834} INFO - Setting next_dagrun for example_branch_dop_operator_v3 to 2024-04-29 17:57:00+00:00, run_after=2024-04-29 17:58:00+00:00
[2024-04-29T17:58:00.866+0000] {processor.py:183} INFO - Processing /home/airflow/.local/lib/python3.8/site-packages/airflow/example_dags/example_branch_python_dop_operator_3.py took 0.113 seconds
[2024-04-29T17:58:31.355+0000] {processor.py:161} INFO - Started process (PID=14597) to work on /home/airflow/.local/lib/python3.8/site-packages/airflow/example_dags/example_branch_python_dop_operator_3.py
[2024-04-29T17:58:31.356+0000] {processor.py:830} INFO - Processing file /home/airflow/.local/lib/python3.8/site-packages/airflow/example_dags/example_branch_python_dop_operator_3.py for tasks to queue
[2024-04-29T17:58:31.357+0000] {logging_mixin.py:188} INFO - [2024-04-29T17:58:31.357+0000] {dagbag.py:540} INFO - Filling up the DagBag from /home/airflow/.local/lib/python3.8/site-packages/airflow/example_dags/example_branch_python_dop_operator_3.py
[2024-04-29T17:58:31.369+0000] {processor.py:840} INFO - DAG(s) 'example_branch_dop_operator_v3' retrieved from /home/airflow/.local/lib/python3.8/site-packages/airflow/example_dags/example_branch_python_dop_operator_3.py
[2024-04-29T17:58:31.390+0000] {logging_mixin.py:188} INFO - [2024-04-29T17:58:31.389+0000] {dag.py:3047} INFO - Sync 1 DAGs
[2024-04-29T17:58:31.423+0000] {logging_mixin.py:188} INFO - [2024-04-29T17:58:31.422+0000] {dag.py:3834} INFO - Setting next_dagrun for example_branch_dop_operator_v3 to 2024-04-29 17:57:00+00:00, run_after=2024-04-29 17:58:00+00:00
[2024-04-29T17:58:31.455+0000] {processor.py:183} INFO - Processing /home/airflow/.local/lib/python3.8/site-packages/airflow/example_dags/example_branch_python_dop_operator_3.py took 0.104 seconds
[2024-04-29T17:59:01.862+0000] {processor.py:161} INFO - Started process (PID=14847) to work on /home/airflow/.local/lib/python3.8/site-packages/airflow/example_dags/example_branch_python_dop_operator_3.py
[2024-04-29T17:59:01.863+0000] {processor.py:830} INFO - Processing file /home/airflow/.local/lib/python3.8/site-packages/airflow/example_dags/example_branch_python_dop_operator_3.py for tasks to queue
[2024-04-29T17:59:01.864+0000] {logging_mixin.py:188} INFO - [2024-04-29T17:59:01.864+0000] {dagbag.py:540} INFO - Filling up the DagBag from /home/airflow/.local/lib/python3.8/site-packages/airflow/example_dags/example_branch_python_dop_operator_3.py
[2024-04-29T17:59:01.876+0000] {processor.py:840} INFO - DAG(s) 'example_branch_dop_operator_v3' retrieved from /home/airflow/.local/lib/python3.8/site-packages/airflow/example_dags/example_branch_python_dop_operator_3.py
[2024-04-29T17:59:01.898+0000] {logging_mixin.py:188} INFO - [2024-04-29T17:59:01.897+0000] {dag.py:3047} INFO - Sync 1 DAGs
[2024-04-29T17:59:01.932+0000] {logging_mixin.py:188} INFO - [2024-04-29T17:59:01.932+0000] {dag.py:3834} INFO - Setting next_dagrun for example_branch_dop_operator_v3 to 2024-04-29 17:58:00+00:00, run_after=2024-04-29 17:59:00+00:00
[2024-04-29T17:59:01.957+0000] {processor.py:183} INFO - Processing /home/airflow/.local/lib/python3.8/site-packages/airflow/example_dags/example_branch_python_dop_operator_3.py took 0.099 seconds
[2024-04-29T17:59:32.905+0000] {processor.py:161} INFO - Started process (PID=15132) to work on /home/airflow/.local/lib/python3.8/site-packages/airflow/example_dags/example_branch_python_dop_operator_3.py
[2024-04-29T17:59:32.913+0000] {processor.py:830} INFO - Processing file /home/airflow/.local/lib/python3.8/site-packages/airflow/example_dags/example_branch_python_dop_operator_3.py for tasks to queue
[2024-04-29T17:59:32.914+0000] {logging_mixin.py:188} INFO - [2024-04-29T17:59:32.914+0000] {dagbag.py:540} INFO - Filling up the DagBag from /home/airflow/.local/lib/python3.8/site-packages/airflow/example_dags/example_branch_python_dop_operator_3.py
[2024-04-29T17:59:32.930+0000] {processor.py:840} INFO - DAG(s) 'example_branch_dop_operator_v3' retrieved from /home/airflow/.local/lib/python3.8/site-packages/airflow/example_dags/example_branch_python_dop_operator_3.py
[2024-04-29T17:59:32.960+0000] {logging_mixin.py:188} INFO - [2024-04-29T17:59:32.960+0000] {dag.py:3047} INFO - Sync 1 DAGs
[2024-04-29T17:59:33.013+0000] {logging_mixin.py:188} INFO - [2024-04-29T17:59:33.013+0000] {dag.py:3834} INFO - Setting next_dagrun for example_branch_dop_operator_v3 to 2024-04-29 17:58:00+00:00, run_after=2024-04-29 17:59:00+00:00
[2024-04-29T17:59:33.049+0000] {processor.py:183} INFO - Processing /home/airflow/.local/lib/python3.8/site-packages/airflow/example_dags/example_branch_python_dop_operator_3.py took 0.153 seconds
[2024-04-29T18:00:03.889+0000] {processor.py:161} INFO - Started process (PID=15384) to work on /home/airflow/.local/lib/python3.8/site-packages/airflow/example_dags/example_branch_python_dop_operator_3.py
[2024-04-29T18:00:03.890+0000] {processor.py:830} INFO - Processing file /home/airflow/.local/lib/python3.8/site-packages/airflow/example_dags/example_branch_python_dop_operator_3.py for tasks to queue
[2024-04-29T18:00:03.891+0000] {logging_mixin.py:188} INFO - [2024-04-29T18:00:03.890+0000] {dagbag.py:540} INFO - Filling up the DagBag from /home/airflow/.local/lib/python3.8/site-packages/airflow/example_dags/example_branch_python_dop_operator_3.py
[2024-04-29T18:00:03.904+0000] {processor.py:840} INFO - DAG(s) 'example_branch_dop_operator_v3' retrieved from /home/airflow/.local/lib/python3.8/site-packages/airflow/example_dags/example_branch_python_dop_operator_3.py
[2024-04-29T18:00:03.926+0000] {logging_mixin.py:188} INFO - [2024-04-29T18:00:03.926+0000] {dag.py:3047} INFO - Sync 1 DAGs
[2024-04-29T18:00:03.956+0000] {logging_mixin.py:188} INFO - [2024-04-29T18:00:03.956+0000] {dag.py:3834} INFO - Setting next_dagrun for example_branch_dop_operator_v3 to 2024-04-29 17:59:00+00:00, run_after=2024-04-29 18:00:00+00:00
[2024-04-29T18:00:03.978+0000] {processor.py:183} INFO - Processing /home/airflow/.local/lib/python3.8/site-packages/airflow/example_dags/example_branch_python_dop_operator_3.py took 0.093 seconds
[2024-04-29T18:00:34.238+0000] {processor.py:161} INFO - Started process (PID=15656) to work on /home/airflow/.local/lib/python3.8/site-packages/airflow/example_dags/example_branch_python_dop_operator_3.py
[2024-04-29T18:00:34.239+0000] {processor.py:830} INFO - Processing file /home/airflow/.local/lib/python3.8/site-packages/airflow/example_dags/example_branch_python_dop_operator_3.py for tasks to queue
[2024-04-29T18:00:34.240+0000] {logging_mixin.py:188} INFO - [2024-04-29T18:00:34.240+0000] {dagbag.py:540} INFO - Filling up the DagBag from /home/airflow/.local/lib/python3.8/site-packages/airflow/example_dags/example_branch_python_dop_operator_3.py
[2024-04-29T18:00:34.251+0000] {processor.py:840} INFO - DAG(s) 'example_branch_dop_operator_v3' retrieved from /home/airflow/.local/lib/python3.8/site-packages/airflow/example_dags/example_branch_python_dop_operator_3.py
[2024-04-29T18:00:34.273+0000] {logging_mixin.py:188} INFO - [2024-04-29T18:00:34.273+0000] {dag.py:3047} INFO - Sync 1 DAGs
[2024-04-29T18:00:34.306+0000] {logging_mixin.py:188} INFO - [2024-04-29T18:00:34.306+0000] {dag.py:3834} INFO - Setting next_dagrun for example_branch_dop_operator_v3 to 2024-04-29 17:59:00+00:00, run_after=2024-04-29 18:00:00+00:00
[2024-04-29T18:00:34.329+0000] {processor.py:183} INFO - Processing /home/airflow/.local/lib/python3.8/site-packages/airflow/example_dags/example_branch_python_dop_operator_3.py took 0.094 seconds
[2024-04-29T18:01:05.181+0000] {processor.py:161} INFO - Started process (PID=15928) to work on /home/airflow/.local/lib/python3.8/site-packages/airflow/example_dags/example_branch_python_dop_operator_3.py
[2024-04-29T18:01:05.182+0000] {processor.py:830} INFO - Processing file /home/airflow/.local/lib/python3.8/site-packages/airflow/example_dags/example_branch_python_dop_operator_3.py for tasks to queue
[2024-04-29T18:01:05.183+0000] {logging_mixin.py:188} INFO - [2024-04-29T18:01:05.183+0000] {dagbag.py:540} INFO - Filling up the DagBag from /home/airflow/.local/lib/python3.8/site-packages/airflow/example_dags/example_branch_python_dop_operator_3.py
[2024-04-29T18:01:05.199+0000] {processor.py:840} INFO - DAG(s) 'example_branch_dop_operator_v3' retrieved from /home/airflow/.local/lib/python3.8/site-packages/airflow/example_dags/example_branch_python_dop_operator_3.py
[2024-04-29T18:01:05.241+0000] {logging_mixin.py:188} INFO - [2024-04-29T18:01:05.241+0000] {dag.py:3047} INFO - Sync 1 DAGs
[2024-04-29T18:01:05.275+0000] {logging_mixin.py:188} INFO - [2024-04-29T18:01:05.274+0000] {dag.py:3834} INFO - Setting next_dagrun for example_branch_dop_operator_v3 to 2024-04-29 18:00:00+00:00, run_after=2024-04-29 18:01:00+00:00
[2024-04-29T18:01:05.299+0000] {processor.py:183} INFO - Processing /home/airflow/.local/lib/python3.8/site-packages/airflow/example_dags/example_branch_python_dop_operator_3.py took 0.122 seconds
[2024-04-29T18:01:35.402+0000] {processor.py:161} INFO - Started process (PID=16205) to work on /home/airflow/.local/lib/python3.8/site-packages/airflow/example_dags/example_branch_python_dop_operator_3.py
[2024-04-29T18:01:35.403+0000] {processor.py:830} INFO - Processing file /home/airflow/.local/lib/python3.8/site-packages/airflow/example_dags/example_branch_python_dop_operator_3.py for tasks to queue
[2024-04-29T18:01:35.404+0000] {logging_mixin.py:188} INFO - [2024-04-29T18:01:35.404+0000] {dagbag.py:540} INFO - Filling up the DagBag from /home/airflow/.local/lib/python3.8/site-packages/airflow/example_dags/example_branch_python_dop_operator_3.py
[2024-04-29T18:01:35.416+0000] {processor.py:840} INFO - DAG(s) 'example_branch_dop_operator_v3' retrieved from /home/airflow/.local/lib/python3.8/site-packages/airflow/example_dags/example_branch_python_dop_operator_3.py
[2024-04-29T18:01:35.449+0000] {logging_mixin.py:188} INFO - [2024-04-29T18:01:35.449+0000] {dag.py:3047} INFO - Sync 1 DAGs
[2024-04-29T18:01:35.487+0000] {logging_mixin.py:188} INFO - [2024-04-29T18:01:35.487+0000] {dag.py:3834} INFO - Setting next_dagrun for example_branch_dop_operator_v3 to 2024-04-29 18:00:00+00:00, run_after=2024-04-29 18:01:00+00:00
[2024-04-29T18:01:35.531+0000] {processor.py:183} INFO - Processing /home/airflow/.local/lib/python3.8/site-packages/airflow/example_dags/example_branch_python_dop_operator_3.py took 0.132 seconds
[2024-04-29T18:02:05.790+0000] {processor.py:161} INFO - Started process (PID=16457) to work on /home/airflow/.local/lib/python3.8/site-packages/airflow/example_dags/example_branch_python_dop_operator_3.py
[2024-04-29T18:02:05.792+0000] {processor.py:830} INFO - Processing file /home/airflow/.local/lib/python3.8/site-packages/airflow/example_dags/example_branch_python_dop_operator_3.py for tasks to queue
[2024-04-29T18:02:05.799+0000] {logging_mixin.py:188} INFO - [2024-04-29T18:02:05.792+0000] {dagbag.py:540} INFO - Filling up the DagBag from /home/airflow/.local/lib/python3.8/site-packages/airflow/example_dags/example_branch_python_dop_operator_3.py
[2024-04-29T18:02:05.824+0000] {processor.py:840} INFO - DAG(s) 'example_branch_dop_operator_v3' retrieved from /home/airflow/.local/lib/python3.8/site-packages/airflow/example_dags/example_branch_python_dop_operator_3.py
[2024-04-29T18:02:05.873+0000] {logging_mixin.py:188} INFO - [2024-04-29T18:02:05.873+0000] {dag.py:3047} INFO - Sync 1 DAGs
[2024-04-29T18:02:05.939+0000] {logging_mixin.py:188} INFO - [2024-04-29T18:02:05.938+0000] {dag.py:3834} INFO - Setting next_dagrun for example_branch_dop_operator_v3 to 2024-04-29 18:01:00+00:00, run_after=2024-04-29 18:02:00+00:00
[2024-04-29T18:02:05.977+0000] {processor.py:183} INFO - Processing /home/airflow/.local/lib/python3.8/site-packages/airflow/example_dags/example_branch_python_dop_operator_3.py took 0.190 seconds
[2024-04-29T18:02:36.883+0000] {processor.py:161} INFO - Started process (PID=16709) to work on /home/airflow/.local/lib/python3.8/site-packages/airflow/example_dags/example_branch_python_dop_operator_3.py
[2024-04-29T18:02:36.885+0000] {processor.py:830} INFO - Processing file /home/airflow/.local/lib/python3.8/site-packages/airflow/example_dags/example_branch_python_dop_operator_3.py for tasks to queue
[2024-04-29T18:02:36.886+0000] {logging_mixin.py:188} INFO - [2024-04-29T18:02:36.886+0000] {dagbag.py:540} INFO - Filling up the DagBag from /home/airflow/.local/lib/python3.8/site-packages/airflow/example_dags/example_branch_python_dop_operator_3.py
[2024-04-29T18:02:36.898+0000] {processor.py:840} INFO - DAG(s) 'example_branch_dop_operator_v3' retrieved from /home/airflow/.local/lib/python3.8/site-packages/airflow/example_dags/example_branch_python_dop_operator_3.py
[2024-04-29T18:02:36.922+0000] {logging_mixin.py:188} INFO - [2024-04-29T18:02:36.921+0000] {dag.py:3047} INFO - Sync 1 DAGs
[2024-04-29T18:02:36.955+0000] {logging_mixin.py:188} INFO - [2024-04-29T18:02:36.954+0000] {dag.py:3834} INFO - Setting next_dagrun for example_branch_dop_operator_v3 to 2024-04-29 18:01:00+00:00, run_after=2024-04-29 18:02:00+00:00
[2024-04-29T18:02:36.988+0000] {processor.py:183} INFO - Processing /home/airflow/.local/lib/python3.8/site-packages/airflow/example_dags/example_branch_python_dop_operator_3.py took 0.108 seconds
[2024-04-29T18:03:07.212+0000] {processor.py:161} INFO - Started process (PID=16972) to work on /home/airflow/.local/lib/python3.8/site-packages/airflow/example_dags/example_branch_python_dop_operator_3.py
[2024-04-29T18:03:07.214+0000] {processor.py:830} INFO - Processing file /home/airflow/.local/lib/python3.8/site-packages/airflow/example_dags/example_branch_python_dop_operator_3.py for tasks to queue
[2024-04-29T18:03:07.215+0000] {logging_mixin.py:188} INFO - [2024-04-29T18:03:07.215+0000] {dagbag.py:540} INFO - Filling up the DagBag from /home/airflow/.local/lib/python3.8/site-packages/airflow/example_dags/example_branch_python_dop_operator_3.py
[2024-04-29T18:03:07.228+0000] {processor.py:840} INFO - DAG(s) 'example_branch_dop_operator_v3' retrieved from /home/airflow/.local/lib/python3.8/site-packages/airflow/example_dags/example_branch_python_dop_operator_3.py
[2024-04-29T18:03:07.254+0000] {logging_mixin.py:188} INFO - [2024-04-29T18:03:07.253+0000] {dag.py:3047} INFO - Sync 1 DAGs
[2024-04-29T18:03:07.284+0000] {logging_mixin.py:188} INFO - [2024-04-29T18:03:07.284+0000] {dag.py:3834} INFO - Setting next_dagrun for example_branch_dop_operator_v3 to 2024-04-29 18:02:00+00:00, run_after=2024-04-29 18:03:00+00:00
[2024-04-29T18:03:07.310+0000] {processor.py:183} INFO - Processing /home/airflow/.local/lib/python3.8/site-packages/airflow/example_dags/example_branch_python_dop_operator_3.py took 0.101 seconds
