[2024-04-29T17:30:07.884+0000] {processor.py:161} INFO - Started process (PID=351) to work on /home/airflow/.local/lib/python3.8/site-packages/airflow/example_dags/example_latest_only_with_trigger.py
[2024-04-29T17:30:07.885+0000] {processor.py:830} INFO - Processing file /home/airflow/.local/lib/python3.8/site-packages/airflow/example_dags/example_latest_only_with_trigger.py for tasks to queue
[2024-04-29T17:30:07.886+0000] {logging_mixin.py:188} INFO - [2024-04-29T17:30:07.885+0000] {dagbag.py:540} INFO - Filling up the DagBag from /home/airflow/.local/lib/python3.8/site-packages/airflow/example_dags/example_latest_only_with_trigger.py
[2024-04-29T17:30:07.894+0000] {processor.py:840} INFO - DAG(s) 'latest_only_with_trigger' retrieved from /home/airflow/.local/lib/python3.8/site-packages/airflow/example_dags/example_latest_only_with_trigger.py
[2024-04-29T17:30:08.056+0000] {logging_mixin.py:188} INFO - [2024-04-29T17:30:08.056+0000] {override.py:1769} INFO - Created Permission View: can edit on DAG:latest_only_with_trigger
[2024-04-29T17:30:08.079+0000] {logging_mixin.py:188} INFO - [2024-04-29T17:30:08.079+0000] {override.py:1769} INFO - Created Permission View: can delete on DAG:latest_only_with_trigger
[2024-04-29T17:30:08.094+0000] {logging_mixin.py:188} INFO - [2024-04-29T17:30:08.094+0000] {override.py:1769} INFO - Created Permission View: can read on DAG:latest_only_with_trigger
[2024-04-29T17:30:08.095+0000] {logging_mixin.py:188} INFO - [2024-04-29T17:30:08.095+0000] {dag.py:3047} INFO - Sync 1 DAGs
[2024-04-29T17:30:08.115+0000] {logging_mixin.py:188} INFO - [2024-04-29T17:30:08.114+0000] {dag.py:3069} INFO - Creating ORM DAG for latest_only_with_trigger
[2024-04-29T17:30:08.137+0000] {logging_mixin.py:188} INFO - [2024-04-29T17:30:08.137+0000] {dag.py:3834} INFO - Setting next_dagrun for latest_only_with_trigger to 2024-04-29 12:00:00+00:00, run_after=2024-04-29 16:00:00+00:00
[2024-04-29T17:30:08.168+0000] {processor.py:183} INFO - Processing /home/airflow/.local/lib/python3.8/site-packages/airflow/example_dags/example_latest_only_with_trigger.py took 0.288 seconds
[2024-04-29T17:30:38.226+0000] {processor.py:161} INFO - Started process (PID=600) to work on /home/airflow/.local/lib/python3.8/site-packages/airflow/example_dags/example_latest_only_with_trigger.py
[2024-04-29T17:30:38.227+0000] {processor.py:830} INFO - Processing file /home/airflow/.local/lib/python3.8/site-packages/airflow/example_dags/example_latest_only_with_trigger.py for tasks to queue
[2024-04-29T17:30:38.228+0000] {logging_mixin.py:188} INFO - [2024-04-29T17:30:38.227+0000] {dagbag.py:540} INFO - Filling up the DagBag from /home/airflow/.local/lib/python3.8/site-packages/airflow/example_dags/example_latest_only_with_trigger.py
[2024-04-29T17:30:38.233+0000] {processor.py:840} INFO - DAG(s) 'latest_only_with_trigger' retrieved from /home/airflow/.local/lib/python3.8/site-packages/airflow/example_dags/example_latest_only_with_trigger.py
[2024-04-29T17:30:38.249+0000] {logging_mixin.py:188} INFO - [2024-04-29T17:30:38.249+0000] {dag.py:3047} INFO - Sync 1 DAGs
[2024-04-29T17:30:38.268+0000] {logging_mixin.py:188} INFO - [2024-04-29T17:30:38.268+0000] {dag.py:3834} INFO - Setting next_dagrun for latest_only_with_trigger to 2024-04-29 12:00:00+00:00, run_after=2024-04-29 16:00:00+00:00
[2024-04-29T17:30:38.288+0000] {processor.py:183} INFO - Processing /home/airflow/.local/lib/python3.8/site-packages/airflow/example_dags/example_latest_only_with_trigger.py took 0.065 seconds
[2024-04-29T17:31:08.707+0000] {processor.py:161} INFO - Started process (PID=845) to work on /home/airflow/.local/lib/python3.8/site-packages/airflow/example_dags/example_latest_only_with_trigger.py
[2024-04-29T17:31:08.708+0000] {processor.py:830} INFO - Processing file /home/airflow/.local/lib/python3.8/site-packages/airflow/example_dags/example_latest_only_with_trigger.py for tasks to queue
[2024-04-29T17:31:08.709+0000] {logging_mixin.py:188} INFO - [2024-04-29T17:31:08.709+0000] {dagbag.py:540} INFO - Filling up the DagBag from /home/airflow/.local/lib/python3.8/site-packages/airflow/example_dags/example_latest_only_with_trigger.py
[2024-04-29T17:31:08.716+0000] {processor.py:840} INFO - DAG(s) 'latest_only_with_trigger' retrieved from /home/airflow/.local/lib/python3.8/site-packages/airflow/example_dags/example_latest_only_with_trigger.py
[2024-04-29T17:31:08.739+0000] {logging_mixin.py:188} INFO - [2024-04-29T17:31:08.739+0000] {dag.py:3047} INFO - Sync 1 DAGs
[2024-04-29T17:31:08.765+0000] {logging_mixin.py:188} INFO - [2024-04-29T17:31:08.765+0000] {dag.py:3834} INFO - Setting next_dagrun for latest_only_with_trigger to 2024-04-29 12:00:00+00:00, run_after=2024-04-29 16:00:00+00:00
[2024-04-29T17:31:08.790+0000] {processor.py:183} INFO - Processing /home/airflow/.local/lib/python3.8/site-packages/airflow/example_dags/example_latest_only_with_trigger.py took 0.087 seconds
[2024-04-29T17:31:39.159+0000] {processor.py:161} INFO - Started process (PID=1092) to work on /home/airflow/.local/lib/python3.8/site-packages/airflow/example_dags/example_latest_only_with_trigger.py
[2024-04-29T17:31:39.160+0000] {processor.py:830} INFO - Processing file /home/airflow/.local/lib/python3.8/site-packages/airflow/example_dags/example_latest_only_with_trigger.py for tasks to queue
[2024-04-29T17:31:39.160+0000] {logging_mixin.py:188} INFO - [2024-04-29T17:31:39.160+0000] {dagbag.py:540} INFO - Filling up the DagBag from /home/airflow/.local/lib/python3.8/site-packages/airflow/example_dags/example_latest_only_with_trigger.py
[2024-04-29T17:31:39.168+0000] {processor.py:840} INFO - DAG(s) 'latest_only_with_trigger' retrieved from /home/airflow/.local/lib/python3.8/site-packages/airflow/example_dags/example_latest_only_with_trigger.py
[2024-04-29T17:31:39.207+0000] {logging_mixin.py:188} INFO - [2024-04-29T17:31:39.207+0000] {dag.py:3047} INFO - Sync 1 DAGs
[2024-04-29T17:31:39.233+0000] {logging_mixin.py:188} INFO - [2024-04-29T17:31:39.233+0000] {dag.py:3834} INFO - Setting next_dagrun for latest_only_with_trigger to 2024-04-29 12:00:00+00:00, run_after=2024-04-29 16:00:00+00:00
[2024-04-29T17:31:39.270+0000] {processor.py:183} INFO - Processing /home/airflow/.local/lib/python3.8/site-packages/airflow/example_dags/example_latest_only_with_trigger.py took 0.118 seconds
[2024-04-29T17:32:09.457+0000] {processor.py:161} INFO - Started process (PID=1340) to work on /home/airflow/.local/lib/python3.8/site-packages/airflow/example_dags/example_latest_only_with_trigger.py
[2024-04-29T17:32:09.458+0000] {processor.py:830} INFO - Processing file /home/airflow/.local/lib/python3.8/site-packages/airflow/example_dags/example_latest_only_with_trigger.py for tasks to queue
[2024-04-29T17:32:09.459+0000] {logging_mixin.py:188} INFO - [2024-04-29T17:32:09.459+0000] {dagbag.py:540} INFO - Filling up the DagBag from /home/airflow/.local/lib/python3.8/site-packages/airflow/example_dags/example_latest_only_with_trigger.py
[2024-04-29T17:32:09.466+0000] {processor.py:840} INFO - DAG(s) 'latest_only_with_trigger' retrieved from /home/airflow/.local/lib/python3.8/site-packages/airflow/example_dags/example_latest_only_with_trigger.py
[2024-04-29T17:32:09.489+0000] {logging_mixin.py:188} INFO - [2024-04-29T17:32:09.488+0000] {dag.py:3047} INFO - Sync 1 DAGs
[2024-04-29T17:32:09.515+0000] {logging_mixin.py:188} INFO - [2024-04-29T17:32:09.515+0000] {dag.py:3834} INFO - Setting next_dagrun for latest_only_with_trigger to 2024-04-29 12:00:00+00:00, run_after=2024-04-29 16:00:00+00:00
[2024-04-29T17:32:09.539+0000] {processor.py:183} INFO - Processing /home/airflow/.local/lib/python3.8/site-packages/airflow/example_dags/example_latest_only_with_trigger.py took 0.085 seconds
[2024-04-29T17:32:40.070+0000] {processor.py:161} INFO - Started process (PID=1588) to work on /home/airflow/.local/lib/python3.8/site-packages/airflow/example_dags/example_latest_only_with_trigger.py
[2024-04-29T17:32:40.075+0000] {processor.py:830} INFO - Processing file /home/airflow/.local/lib/python3.8/site-packages/airflow/example_dags/example_latest_only_with_trigger.py for tasks to queue
[2024-04-29T17:32:40.076+0000] {logging_mixin.py:188} INFO - [2024-04-29T17:32:40.075+0000] {dagbag.py:540} INFO - Filling up the DagBag from /home/airflow/.local/lib/python3.8/site-packages/airflow/example_dags/example_latest_only_with_trigger.py
[2024-04-29T17:32:40.083+0000] {processor.py:840} INFO - DAG(s) 'latest_only_with_trigger' retrieved from /home/airflow/.local/lib/python3.8/site-packages/airflow/example_dags/example_latest_only_with_trigger.py
[2024-04-29T17:32:40.133+0000] {logging_mixin.py:188} INFO - [2024-04-29T17:32:40.133+0000] {dag.py:3047} INFO - Sync 1 DAGs
[2024-04-29T17:32:40.164+0000] {logging_mixin.py:188} INFO - [2024-04-29T17:32:40.164+0000] {dag.py:3834} INFO - Setting next_dagrun for latest_only_with_trigger to 2024-04-29 12:00:00+00:00, run_after=2024-04-29 16:00:00+00:00
[2024-04-29T17:32:40.187+0000] {processor.py:183} INFO - Processing /home/airflow/.local/lib/python3.8/site-packages/airflow/example_dags/example_latest_only_with_trigger.py took 0.121 seconds
[2024-04-29T17:33:10.760+0000] {processor.py:161} INFO - Started process (PID=1836) to work on /home/airflow/.local/lib/python3.8/site-packages/airflow/example_dags/example_latest_only_with_trigger.py
[2024-04-29T17:33:10.762+0000] {processor.py:830} INFO - Processing file /home/airflow/.local/lib/python3.8/site-packages/airflow/example_dags/example_latest_only_with_trigger.py for tasks to queue
[2024-04-29T17:33:10.763+0000] {logging_mixin.py:188} INFO - [2024-04-29T17:33:10.762+0000] {dagbag.py:540} INFO - Filling up the DagBag from /home/airflow/.local/lib/python3.8/site-packages/airflow/example_dags/example_latest_only_with_trigger.py
[2024-04-29T17:33:10.770+0000] {processor.py:840} INFO - DAG(s) 'latest_only_with_trigger' retrieved from /home/airflow/.local/lib/python3.8/site-packages/airflow/example_dags/example_latest_only_with_trigger.py
[2024-04-29T17:33:10.793+0000] {logging_mixin.py:188} INFO - [2024-04-29T17:33:10.793+0000] {dag.py:3047} INFO - Sync 1 DAGs
[2024-04-29T17:33:10.819+0000] {logging_mixin.py:188} INFO - [2024-04-29T17:33:10.819+0000] {dag.py:3834} INFO - Setting next_dagrun for latest_only_with_trigger to 2024-04-29 12:00:00+00:00, run_after=2024-04-29 16:00:00+00:00
[2024-04-29T17:33:10.843+0000] {processor.py:183} INFO - Processing /home/airflow/.local/lib/python3.8/site-packages/airflow/example_dags/example_latest_only_with_trigger.py took 0.086 seconds
[2024-04-29T17:33:41.200+0000] {processor.py:161} INFO - Started process (PID=2085) to work on /home/airflow/.local/lib/python3.8/site-packages/airflow/example_dags/example_latest_only_with_trigger.py
[2024-04-29T17:33:41.201+0000] {processor.py:830} INFO - Processing file /home/airflow/.local/lib/python3.8/site-packages/airflow/example_dags/example_latest_only_with_trigger.py for tasks to queue
[2024-04-29T17:33:41.202+0000] {logging_mixin.py:188} INFO - [2024-04-29T17:33:41.202+0000] {dagbag.py:540} INFO - Filling up the DagBag from /home/airflow/.local/lib/python3.8/site-packages/airflow/example_dags/example_latest_only_with_trigger.py
[2024-04-29T17:33:41.207+0000] {processor.py:840} INFO - DAG(s) 'latest_only_with_trigger' retrieved from /home/airflow/.local/lib/python3.8/site-packages/airflow/example_dags/example_latest_only_with_trigger.py
[2024-04-29T17:33:41.225+0000] {logging_mixin.py:188} INFO - [2024-04-29T17:33:41.225+0000] {dag.py:3047} INFO - Sync 1 DAGs
[2024-04-29T17:33:41.242+0000] {logging_mixin.py:188} INFO - [2024-04-29T17:33:41.242+0000] {dag.py:3834} INFO - Setting next_dagrun for latest_only_with_trigger to 2024-04-29 12:00:00+00:00, run_after=2024-04-29 16:00:00+00:00
[2024-04-29T17:33:41.264+0000] {processor.py:183} INFO - Processing /home/airflow/.local/lib/python3.8/site-packages/airflow/example_dags/example_latest_only_with_trigger.py took 0.066 seconds
[2024-04-29T17:34:11.714+0000] {processor.py:161} INFO - Started process (PID=2329) to work on /home/airflow/.local/lib/python3.8/site-packages/airflow/example_dags/example_latest_only_with_trigger.py
[2024-04-29T17:34:11.715+0000] {processor.py:830} INFO - Processing file /home/airflow/.local/lib/python3.8/site-packages/airflow/example_dags/example_latest_only_with_trigger.py for tasks to queue
[2024-04-29T17:34:11.717+0000] {logging_mixin.py:188} INFO - [2024-04-29T17:34:11.716+0000] {dagbag.py:540} INFO - Filling up the DagBag from /home/airflow/.local/lib/python3.8/site-packages/airflow/example_dags/example_latest_only_with_trigger.py
[2024-04-29T17:34:11.727+0000] {processor.py:840} INFO - DAG(s) 'latest_only_with_trigger' retrieved from /home/airflow/.local/lib/python3.8/site-packages/airflow/example_dags/example_latest_only_with_trigger.py
[2024-04-29T17:34:11.773+0000] {logging_mixin.py:188} INFO - [2024-04-29T17:34:11.773+0000] {dag.py:3047} INFO - Sync 1 DAGs
[2024-04-29T17:34:11.833+0000] {logging_mixin.py:188} INFO - [2024-04-29T17:34:11.833+0000] {dag.py:3834} INFO - Setting next_dagrun for latest_only_with_trigger to 2024-04-29 12:00:00+00:00, run_after=2024-04-29 16:00:00+00:00
[2024-04-29T17:34:11.858+0000] {processor.py:183} INFO - Processing /home/airflow/.local/lib/python3.8/site-packages/airflow/example_dags/example_latest_only_with_trigger.py took 0.148 seconds
[2024-04-29T17:34:42.416+0000] {processor.py:161} INFO - Started process (PID=2578) to work on /home/airflow/.local/lib/python3.8/site-packages/airflow/example_dags/example_latest_only_with_trigger.py
[2024-04-29T17:34:42.417+0000] {processor.py:830} INFO - Processing file /home/airflow/.local/lib/python3.8/site-packages/airflow/example_dags/example_latest_only_with_trigger.py for tasks to queue
[2024-04-29T17:34:42.418+0000] {logging_mixin.py:188} INFO - [2024-04-29T17:34:42.417+0000] {dagbag.py:540} INFO - Filling up the DagBag from /home/airflow/.local/lib/python3.8/site-packages/airflow/example_dags/example_latest_only_with_trigger.py
[2024-04-29T17:34:42.423+0000] {processor.py:840} INFO - DAG(s) 'latest_only_with_trigger' retrieved from /home/airflow/.local/lib/python3.8/site-packages/airflow/example_dags/example_latest_only_with_trigger.py
[2024-04-29T17:34:42.440+0000] {logging_mixin.py:188} INFO - [2024-04-29T17:34:42.440+0000] {dag.py:3047} INFO - Sync 1 DAGs
[2024-04-29T17:34:42.457+0000] {logging_mixin.py:188} INFO - [2024-04-29T17:34:42.457+0000] {dag.py:3834} INFO - Setting next_dagrun for latest_only_with_trigger to 2024-04-29 12:00:00+00:00, run_after=2024-04-29 16:00:00+00:00
[2024-04-29T17:34:42.476+0000] {processor.py:183} INFO - Processing /home/airflow/.local/lib/python3.8/site-packages/airflow/example_dags/example_latest_only_with_trigger.py took 0.063 seconds
[2024-04-29T17:35:12.932+0000] {processor.py:161} INFO - Started process (PID=2829) to work on /home/airflow/.local/lib/python3.8/site-packages/airflow/example_dags/example_latest_only_with_trigger.py
[2024-04-29T17:35:12.932+0000] {processor.py:830} INFO - Processing file /home/airflow/.local/lib/python3.8/site-packages/airflow/example_dags/example_latest_only_with_trigger.py for tasks to queue
[2024-04-29T17:35:12.933+0000] {logging_mixin.py:188} INFO - [2024-04-29T17:35:12.933+0000] {dagbag.py:540} INFO - Filling up the DagBag from /home/airflow/.local/lib/python3.8/site-packages/airflow/example_dags/example_latest_only_with_trigger.py
[2024-04-29T17:35:12.940+0000] {processor.py:840} INFO - DAG(s) 'latest_only_with_trigger' retrieved from /home/airflow/.local/lib/python3.8/site-packages/airflow/example_dags/example_latest_only_with_trigger.py
[2024-04-29T17:35:12.963+0000] {logging_mixin.py:188} INFO - [2024-04-29T17:35:12.963+0000] {dag.py:3047} INFO - Sync 1 DAGs
[2024-04-29T17:35:12.988+0000] {logging_mixin.py:188} INFO - [2024-04-29T17:35:12.988+0000] {dag.py:3834} INFO - Setting next_dagrun for latest_only_with_trigger to 2024-04-29 12:00:00+00:00, run_after=2024-04-29 16:00:00+00:00
[2024-04-29T17:35:13.012+0000] {processor.py:183} INFO - Processing /home/airflow/.local/lib/python3.8/site-packages/airflow/example_dags/example_latest_only_with_trigger.py took 0.084 seconds
[2024-04-29T17:35:43.764+0000] {processor.py:161} INFO - Started process (PID=3078) to work on /home/airflow/.local/lib/python3.8/site-packages/airflow/example_dags/example_latest_only_with_trigger.py
[2024-04-29T17:35:43.765+0000] {processor.py:830} INFO - Processing file /home/airflow/.local/lib/python3.8/site-packages/airflow/example_dags/example_latest_only_with_trigger.py for tasks to queue
[2024-04-29T17:35:43.766+0000] {logging_mixin.py:188} INFO - [2024-04-29T17:35:43.766+0000] {dagbag.py:540} INFO - Filling up the DagBag from /home/airflow/.local/lib/python3.8/site-packages/airflow/example_dags/example_latest_only_with_trigger.py
[2024-04-29T17:35:43.773+0000] {processor.py:840} INFO - DAG(s) 'latest_only_with_trigger' retrieved from /home/airflow/.local/lib/python3.8/site-packages/airflow/example_dags/example_latest_only_with_trigger.py
[2024-04-29T17:35:43.798+0000] {logging_mixin.py:188} INFO - [2024-04-29T17:35:43.798+0000] {dag.py:3047} INFO - Sync 1 DAGs
[2024-04-29T17:35:43.834+0000] {logging_mixin.py:188} INFO - [2024-04-29T17:35:43.834+0000] {dag.py:3834} INFO - Setting next_dagrun for latest_only_with_trigger to 2024-04-29 12:00:00+00:00, run_after=2024-04-29 16:00:00+00:00
[2024-04-29T17:35:43.865+0000] {processor.py:183} INFO - Processing /home/airflow/.local/lib/python3.8/site-packages/airflow/example_dags/example_latest_only_with_trigger.py took 0.105 seconds
[2024-04-29T17:36:14.372+0000] {processor.py:161} INFO - Started process (PID=3328) to work on /home/airflow/.local/lib/python3.8/site-packages/airflow/example_dags/example_latest_only_with_trigger.py
[2024-04-29T17:36:14.373+0000] {processor.py:830} INFO - Processing file /home/airflow/.local/lib/python3.8/site-packages/airflow/example_dags/example_latest_only_with_trigger.py for tasks to queue
[2024-04-29T17:36:14.374+0000] {logging_mixin.py:188} INFO - [2024-04-29T17:36:14.374+0000] {dagbag.py:540} INFO - Filling up the DagBag from /home/airflow/.local/lib/python3.8/site-packages/airflow/example_dags/example_latest_only_with_trigger.py
[2024-04-29T17:36:14.381+0000] {processor.py:840} INFO - DAG(s) 'latest_only_with_trigger' retrieved from /home/airflow/.local/lib/python3.8/site-packages/airflow/example_dags/example_latest_only_with_trigger.py
[2024-04-29T17:36:14.403+0000] {logging_mixin.py:188} INFO - [2024-04-29T17:36:14.403+0000] {dag.py:3047} INFO - Sync 1 DAGs
[2024-04-29T17:36:14.430+0000] {logging_mixin.py:188} INFO - [2024-04-29T17:36:14.430+0000] {dag.py:3834} INFO - Setting next_dagrun for latest_only_with_trigger to 2024-04-29 12:00:00+00:00, run_after=2024-04-29 16:00:00+00:00
[2024-04-29T17:36:14.493+0000] {processor.py:183} INFO - Processing /home/airflow/.local/lib/python3.8/site-packages/airflow/example_dags/example_latest_only_with_trigger.py took 0.123 seconds
[2024-04-29T17:36:44.843+0000] {processor.py:161} INFO - Started process (PID=3573) to work on /home/airflow/.local/lib/python3.8/site-packages/airflow/example_dags/example_latest_only_with_trigger.py
[2024-04-29T17:36:44.844+0000] {processor.py:830} INFO - Processing file /home/airflow/.local/lib/python3.8/site-packages/airflow/example_dags/example_latest_only_with_trigger.py for tasks to queue
[2024-04-29T17:36:44.845+0000] {logging_mixin.py:188} INFO - [2024-04-29T17:36:44.844+0000] {dagbag.py:540} INFO - Filling up the DagBag from /home/airflow/.local/lib/python3.8/site-packages/airflow/example_dags/example_latest_only_with_trigger.py
[2024-04-29T17:36:44.853+0000] {processor.py:840} INFO - DAG(s) 'latest_only_with_trigger' retrieved from /home/airflow/.local/lib/python3.8/site-packages/airflow/example_dags/example_latest_only_with_trigger.py
[2024-04-29T17:36:44.876+0000] {logging_mixin.py:188} INFO - [2024-04-29T17:36:44.876+0000] {dag.py:3047} INFO - Sync 1 DAGs
[2024-04-29T17:36:44.909+0000] {logging_mixin.py:188} INFO - [2024-04-29T17:36:44.908+0000] {dag.py:3834} INFO - Setting next_dagrun for latest_only_with_trigger to 2024-04-29 12:00:00+00:00, run_after=2024-04-29 16:00:00+00:00
[2024-04-29T17:36:44.936+0000] {processor.py:183} INFO - Processing /home/airflow/.local/lib/python3.8/site-packages/airflow/example_dags/example_latest_only_with_trigger.py took 0.097 seconds
[2024-04-29T17:37:19.589+0000] {processor.py:161} INFO - Started process (PID=3883) to work on /home/airflow/.local/lib/python3.8/site-packages/airflow/example_dags/example_latest_only_with_trigger.py
[2024-04-29T17:37:19.599+0000] {processor.py:830} INFO - Processing file /home/airflow/.local/lib/python3.8/site-packages/airflow/example_dags/example_latest_only_with_trigger.py for tasks to queue
[2024-04-29T17:37:19.602+0000] {logging_mixin.py:188} INFO - [2024-04-29T17:37:19.602+0000] {dagbag.py:540} INFO - Filling up the DagBag from /home/airflow/.local/lib/python3.8/site-packages/airflow/example_dags/example_latest_only_with_trigger.py
[2024-04-29T17:37:19.631+0000] {processor.py:840} INFO - DAG(s) 'latest_only_with_trigger' retrieved from /home/airflow/.local/lib/python3.8/site-packages/airflow/example_dags/example_latest_only_with_trigger.py
[2024-04-29T17:37:19.702+0000] {logging_mixin.py:188} INFO - [2024-04-29T17:37:19.702+0000] {dag.py:3047} INFO - Sync 1 DAGs
[2024-04-29T17:37:19.775+0000] {logging_mixin.py:188} INFO - [2024-04-29T17:37:19.775+0000] {dag.py:3834} INFO - Setting next_dagrun for latest_only_with_trigger to 2024-04-29 12:00:00+00:00, run_after=2024-04-29 16:00:00+00:00
[2024-04-29T17:37:19.898+0000] {processor.py:183} INFO - Processing /home/airflow/.local/lib/python3.8/site-packages/airflow/example_dags/example_latest_only_with_trigger.py took 0.326 seconds
[2024-04-29T17:37:50.557+0000] {processor.py:161} INFO - Started process (PID=4214) to work on /home/airflow/.local/lib/python3.8/site-packages/airflow/example_dags/example_latest_only_with_trigger.py
[2024-04-29T17:37:50.562+0000] {processor.py:830} INFO - Processing file /home/airflow/.local/lib/python3.8/site-packages/airflow/example_dags/example_latest_only_with_trigger.py for tasks to queue
[2024-04-29T17:37:50.563+0000] {logging_mixin.py:188} INFO - [2024-04-29T17:37:50.563+0000] {dagbag.py:540} INFO - Filling up the DagBag from /home/airflow/.local/lib/python3.8/site-packages/airflow/example_dags/example_latest_only_with_trigger.py
[2024-04-29T17:37:50.570+0000] {processor.py:840} INFO - DAG(s) 'latest_only_with_trigger' retrieved from /home/airflow/.local/lib/python3.8/site-packages/airflow/example_dags/example_latest_only_with_trigger.py
[2024-04-29T17:37:50.607+0000] {logging_mixin.py:188} INFO - [2024-04-29T17:37:50.605+0000] {dag.py:3047} INFO - Sync 1 DAGs
[2024-04-29T17:37:50.637+0000] {logging_mixin.py:188} INFO - [2024-04-29T17:37:50.636+0000] {dag.py:3834} INFO - Setting next_dagrun for latest_only_with_trigger to 2024-04-29 12:00:00+00:00, run_after=2024-04-29 16:00:00+00:00
[2024-04-29T17:37:50.662+0000] {processor.py:183} INFO - Processing /home/airflow/.local/lib/python3.8/site-packages/airflow/example_dags/example_latest_only_with_trigger.py took 0.109 seconds
[2024-04-29T17:38:20.869+0000] {processor.py:161} INFO - Started process (PID=4464) to work on /home/airflow/.local/lib/python3.8/site-packages/airflow/example_dags/example_latest_only_with_trigger.py
[2024-04-29T17:38:20.869+0000] {processor.py:830} INFO - Processing file /home/airflow/.local/lib/python3.8/site-packages/airflow/example_dags/example_latest_only_with_trigger.py for tasks to queue
[2024-04-29T17:38:20.870+0000] {logging_mixin.py:188} INFO - [2024-04-29T17:38:20.870+0000] {dagbag.py:540} INFO - Filling up the DagBag from /home/airflow/.local/lib/python3.8/site-packages/airflow/example_dags/example_latest_only_with_trigger.py
[2024-04-29T17:38:20.875+0000] {processor.py:840} INFO - DAG(s) 'latest_only_with_trigger' retrieved from /home/airflow/.local/lib/python3.8/site-packages/airflow/example_dags/example_latest_only_with_trigger.py
[2024-04-29T17:38:20.892+0000] {logging_mixin.py:188} INFO - [2024-04-29T17:38:20.892+0000] {dag.py:3047} INFO - Sync 1 DAGs
[2024-04-29T17:38:20.910+0000] {logging_mixin.py:188} INFO - [2024-04-29T17:38:20.910+0000] {dag.py:3834} INFO - Setting next_dagrun for latest_only_with_trigger to 2024-04-29 12:00:00+00:00, run_after=2024-04-29 16:00:00+00:00
[2024-04-29T17:38:20.930+0000] {processor.py:183} INFO - Processing /home/airflow/.local/lib/python3.8/site-packages/airflow/example_dags/example_latest_only_with_trigger.py took 0.064 seconds
[2024-04-29T17:38:51.091+0000] {processor.py:161} INFO - Started process (PID=4710) to work on /home/airflow/.local/lib/python3.8/site-packages/airflow/example_dags/example_latest_only_with_trigger.py
[2024-04-29T17:38:51.092+0000] {processor.py:830} INFO - Processing file /home/airflow/.local/lib/python3.8/site-packages/airflow/example_dags/example_latest_only_with_trigger.py for tasks to queue
[2024-04-29T17:38:51.093+0000] {logging_mixin.py:188} INFO - [2024-04-29T17:38:51.093+0000] {dagbag.py:540} INFO - Filling up the DagBag from /home/airflow/.local/lib/python3.8/site-packages/airflow/example_dags/example_latest_only_with_trigger.py
[2024-04-29T17:38:51.105+0000] {processor.py:840} INFO - DAG(s) 'latest_only_with_trigger' retrieved from /home/airflow/.local/lib/python3.8/site-packages/airflow/example_dags/example_latest_only_with_trigger.py
[2024-04-29T17:38:51.159+0000] {logging_mixin.py:188} INFO - [2024-04-29T17:38:51.158+0000] {dag.py:3047} INFO - Sync 1 DAGs
[2024-04-29T17:38:51.202+0000] {logging_mixin.py:188} INFO - [2024-04-29T17:38:51.202+0000] {dag.py:3834} INFO - Setting next_dagrun for latest_only_with_trigger to 2024-04-29 12:00:00+00:00, run_after=2024-04-29 16:00:00+00:00
[2024-04-29T17:38:51.235+0000] {processor.py:183} INFO - Processing /home/airflow/.local/lib/python3.8/site-packages/airflow/example_dags/example_latest_only_with_trigger.py took 0.147 seconds
[2024-04-29T17:39:21.644+0000] {processor.py:161} INFO - Started process (PID=4958) to work on /home/airflow/.local/lib/python3.8/site-packages/airflow/example_dags/example_latest_only_with_trigger.py
[2024-04-29T17:39:21.645+0000] {processor.py:830} INFO - Processing file /home/airflow/.local/lib/python3.8/site-packages/airflow/example_dags/example_latest_only_with_trigger.py for tasks to queue
[2024-04-29T17:39:21.646+0000] {logging_mixin.py:188} INFO - [2024-04-29T17:39:21.646+0000] {dagbag.py:540} INFO - Filling up the DagBag from /home/airflow/.local/lib/python3.8/site-packages/airflow/example_dags/example_latest_only_with_trigger.py
[2024-04-29T17:39:21.653+0000] {processor.py:840} INFO - DAG(s) 'latest_only_with_trigger' retrieved from /home/airflow/.local/lib/python3.8/site-packages/airflow/example_dags/example_latest_only_with_trigger.py
[2024-04-29T17:39:21.677+0000] {logging_mixin.py:188} INFO - [2024-04-29T17:39:21.677+0000] {dag.py:3047} INFO - Sync 1 DAGs
[2024-04-29T17:39:21.705+0000] {logging_mixin.py:188} INFO - [2024-04-29T17:39:21.704+0000] {dag.py:3834} INFO - Setting next_dagrun for latest_only_with_trigger to 2024-04-29 12:00:00+00:00, run_after=2024-04-29 16:00:00+00:00
[2024-04-29T17:39:21.732+0000] {processor.py:183} INFO - Processing /home/airflow/.local/lib/python3.8/site-packages/airflow/example_dags/example_latest_only_with_trigger.py took 0.091 seconds
[2024-04-29T17:39:52.518+0000] {processor.py:161} INFO - Started process (PID=5202) to work on /home/airflow/.local/lib/python3.8/site-packages/airflow/example_dags/example_latest_only_with_trigger.py
[2024-04-29T17:39:52.519+0000] {processor.py:830} INFO - Processing file /home/airflow/.local/lib/python3.8/site-packages/airflow/example_dags/example_latest_only_with_trigger.py for tasks to queue
[2024-04-29T17:39:52.520+0000] {logging_mixin.py:188} INFO - [2024-04-29T17:39:52.520+0000] {dagbag.py:540} INFO - Filling up the DagBag from /home/airflow/.local/lib/python3.8/site-packages/airflow/example_dags/example_latest_only_with_trigger.py
[2024-04-29T17:39:52.530+0000] {processor.py:840} INFO - DAG(s) 'latest_only_with_trigger' retrieved from /home/airflow/.local/lib/python3.8/site-packages/airflow/example_dags/example_latest_only_with_trigger.py
[2024-04-29T17:39:52.555+0000] {logging_mixin.py:188} INFO - [2024-04-29T17:39:52.555+0000] {dag.py:3047} INFO - Sync 1 DAGs
[2024-04-29T17:39:52.581+0000] {logging_mixin.py:188} INFO - [2024-04-29T17:39:52.581+0000] {dag.py:3834} INFO - Setting next_dagrun for latest_only_with_trigger to 2024-04-29 12:00:00+00:00, run_after=2024-04-29 16:00:00+00:00
[2024-04-29T17:39:52.606+0000] {processor.py:183} INFO - Processing /home/airflow/.local/lib/python3.8/site-packages/airflow/example_dags/example_latest_only_with_trigger.py took 0.091 seconds
[2024-04-29T17:40:22.956+0000] {processor.py:161} INFO - Started process (PID=5449) to work on /home/airflow/.local/lib/python3.8/site-packages/airflow/example_dags/example_latest_only_with_trigger.py
[2024-04-29T17:40:22.956+0000] {processor.py:830} INFO - Processing file /home/airflow/.local/lib/python3.8/site-packages/airflow/example_dags/example_latest_only_with_trigger.py for tasks to queue
[2024-04-29T17:40:22.957+0000] {logging_mixin.py:188} INFO - [2024-04-29T17:40:22.957+0000] {dagbag.py:540} INFO - Filling up the DagBag from /home/airflow/.local/lib/python3.8/site-packages/airflow/example_dags/example_latest_only_with_trigger.py
[2024-04-29T17:40:22.964+0000] {processor.py:840} INFO - DAG(s) 'latest_only_with_trigger' retrieved from /home/airflow/.local/lib/python3.8/site-packages/airflow/example_dags/example_latest_only_with_trigger.py
[2024-04-29T17:40:22.996+0000] {logging_mixin.py:188} INFO - [2024-04-29T17:40:22.996+0000] {dag.py:3047} INFO - Sync 1 DAGs
[2024-04-29T17:40:23.036+0000] {logging_mixin.py:188} INFO - [2024-04-29T17:40:23.036+0000] {dag.py:3834} INFO - Setting next_dagrun for latest_only_with_trigger to 2024-04-29 12:00:00+00:00, run_after=2024-04-29 16:00:00+00:00
[2024-04-29T17:40:23.085+0000] {processor.py:183} INFO - Processing /home/airflow/.local/lib/python3.8/site-packages/airflow/example_dags/example_latest_only_with_trigger.py took 0.133 seconds
[2024-04-29T17:40:53.238+0000] {processor.py:161} INFO - Started process (PID=5698) to work on /home/airflow/.local/lib/python3.8/site-packages/airflow/example_dags/example_latest_only_with_trigger.py
[2024-04-29T17:40:53.239+0000] {processor.py:830} INFO - Processing file /home/airflow/.local/lib/python3.8/site-packages/airflow/example_dags/example_latest_only_with_trigger.py for tasks to queue
[2024-04-29T17:40:53.240+0000] {logging_mixin.py:188} INFO - [2024-04-29T17:40:53.239+0000] {dagbag.py:540} INFO - Filling up the DagBag from /home/airflow/.local/lib/python3.8/site-packages/airflow/example_dags/example_latest_only_with_trigger.py
[2024-04-29T17:40:53.246+0000] {processor.py:840} INFO - DAG(s) 'latest_only_with_trigger' retrieved from /home/airflow/.local/lib/python3.8/site-packages/airflow/example_dags/example_latest_only_with_trigger.py
[2024-04-29T17:40:53.271+0000] {logging_mixin.py:188} INFO - [2024-04-29T17:40:53.270+0000] {dag.py:3047} INFO - Sync 1 DAGs
[2024-04-29T17:40:53.297+0000] {logging_mixin.py:188} INFO - [2024-04-29T17:40:53.296+0000] {dag.py:3834} INFO - Setting next_dagrun for latest_only_with_trigger to 2024-04-29 12:00:00+00:00, run_after=2024-04-29 16:00:00+00:00
[2024-04-29T17:40:53.323+0000] {processor.py:183} INFO - Processing /home/airflow/.local/lib/python3.8/site-packages/airflow/example_dags/example_latest_only_with_trigger.py took 0.089 seconds
[2024-04-29T17:41:23.481+0000] {processor.py:161} INFO - Started process (PID=5943) to work on /home/airflow/.local/lib/python3.8/site-packages/airflow/example_dags/example_latest_only_with_trigger.py
[2024-04-29T17:41:23.482+0000] {processor.py:830} INFO - Processing file /home/airflow/.local/lib/python3.8/site-packages/airflow/example_dags/example_latest_only_with_trigger.py for tasks to queue
[2024-04-29T17:41:23.483+0000] {logging_mixin.py:188} INFO - [2024-04-29T17:41:23.482+0000] {dagbag.py:540} INFO - Filling up the DagBag from /home/airflow/.local/lib/python3.8/site-packages/airflow/example_dags/example_latest_only_with_trigger.py
[2024-04-29T17:41:23.489+0000] {processor.py:840} INFO - DAG(s) 'latest_only_with_trigger' retrieved from /home/airflow/.local/lib/python3.8/site-packages/airflow/example_dags/example_latest_only_with_trigger.py
[2024-04-29T17:41:23.541+0000] {logging_mixin.py:188} INFO - [2024-04-29T17:41:23.540+0000] {dag.py:3047} INFO - Sync 1 DAGs
[2024-04-29T17:41:23.603+0000] {logging_mixin.py:188} INFO - [2024-04-29T17:41:23.602+0000] {dag.py:3834} INFO - Setting next_dagrun for latest_only_with_trigger to 2024-04-29 12:00:00+00:00, run_after=2024-04-29 16:00:00+00:00
[2024-04-29T17:41:23.627+0000] {processor.py:183} INFO - Processing /home/airflow/.local/lib/python3.8/site-packages/airflow/example_dags/example_latest_only_with_trigger.py took 0.150 seconds
[2024-04-29T17:41:53.780+0000] {processor.py:161} INFO - Started process (PID=6190) to work on /home/airflow/.local/lib/python3.8/site-packages/airflow/example_dags/example_latest_only_with_trigger.py
[2024-04-29T17:41:53.781+0000] {processor.py:830} INFO - Processing file /home/airflow/.local/lib/python3.8/site-packages/airflow/example_dags/example_latest_only_with_trigger.py for tasks to queue
[2024-04-29T17:41:53.782+0000] {logging_mixin.py:188} INFO - [2024-04-29T17:41:53.781+0000] {dagbag.py:540} INFO - Filling up the DagBag from /home/airflow/.local/lib/python3.8/site-packages/airflow/example_dags/example_latest_only_with_trigger.py
[2024-04-29T17:41:53.789+0000] {processor.py:840} INFO - DAG(s) 'latest_only_with_trigger' retrieved from /home/airflow/.local/lib/python3.8/site-packages/airflow/example_dags/example_latest_only_with_trigger.py
[2024-04-29T17:41:53.812+0000] {logging_mixin.py:188} INFO - [2024-04-29T17:41:53.812+0000] {dag.py:3047} INFO - Sync 1 DAGs
[2024-04-29T17:41:53.838+0000] {logging_mixin.py:188} INFO - [2024-04-29T17:41:53.838+0000] {dag.py:3834} INFO - Setting next_dagrun for latest_only_with_trigger to 2024-04-29 12:00:00+00:00, run_after=2024-04-29 16:00:00+00:00
[2024-04-29T17:41:53.862+0000] {processor.py:183} INFO - Processing /home/airflow/.local/lib/python3.8/site-packages/airflow/example_dags/example_latest_only_with_trigger.py took 0.086 seconds
[2024-04-29T17:42:24.275+0000] {processor.py:161} INFO - Started process (PID=6437) to work on /home/airflow/.local/lib/python3.8/site-packages/airflow/example_dags/example_latest_only_with_trigger.py
[2024-04-29T17:42:24.276+0000] {processor.py:830} INFO - Processing file /home/airflow/.local/lib/python3.8/site-packages/airflow/example_dags/example_latest_only_with_trigger.py for tasks to queue
[2024-04-29T17:42:24.277+0000] {logging_mixin.py:188} INFO - [2024-04-29T17:42:24.277+0000] {dagbag.py:540} INFO - Filling up the DagBag from /home/airflow/.local/lib/python3.8/site-packages/airflow/example_dags/example_latest_only_with_trigger.py
[2024-04-29T17:42:24.292+0000] {processor.py:840} INFO - DAG(s) 'latest_only_with_trigger' retrieved from /home/airflow/.local/lib/python3.8/site-packages/airflow/example_dags/example_latest_only_with_trigger.py
[2024-04-29T17:42:24.328+0000] {logging_mixin.py:188} INFO - [2024-04-29T17:42:24.328+0000] {dag.py:3047} INFO - Sync 1 DAGs
[2024-04-29T17:42:24.354+0000] {logging_mixin.py:188} INFO - [2024-04-29T17:42:24.354+0000] {dag.py:3834} INFO - Setting next_dagrun for latest_only_with_trigger to 2024-04-29 12:00:00+00:00, run_after=2024-04-29 16:00:00+00:00
[2024-04-29T17:42:24.377+0000] {processor.py:183} INFO - Processing /home/airflow/.local/lib/python3.8/site-packages/airflow/example_dags/example_latest_only_with_trigger.py took 0.105 seconds
[2024-04-29T17:42:55.415+0000] {processor.py:161} INFO - Started process (PID=6684) to work on /home/airflow/.local/lib/python3.8/site-packages/airflow/example_dags/example_latest_only_with_trigger.py
[2024-04-29T17:42:55.416+0000] {processor.py:830} INFO - Processing file /home/airflow/.local/lib/python3.8/site-packages/airflow/example_dags/example_latest_only_with_trigger.py for tasks to queue
[2024-04-29T17:42:55.417+0000] {logging_mixin.py:188} INFO - [2024-04-29T17:42:55.417+0000] {dagbag.py:540} INFO - Filling up the DagBag from /home/airflow/.local/lib/python3.8/site-packages/airflow/example_dags/example_latest_only_with_trigger.py
[2024-04-29T17:42:55.424+0000] {processor.py:840} INFO - DAG(s) 'latest_only_with_trigger' retrieved from /home/airflow/.local/lib/python3.8/site-packages/airflow/example_dags/example_latest_only_with_trigger.py
[2024-04-29T17:42:55.448+0000] {logging_mixin.py:188} INFO - [2024-04-29T17:42:55.448+0000] {dag.py:3047} INFO - Sync 1 DAGs
[2024-04-29T17:42:55.477+0000] {logging_mixin.py:188} INFO - [2024-04-29T17:42:55.476+0000] {dag.py:3834} INFO - Setting next_dagrun for latest_only_with_trigger to 2024-04-29 12:00:00+00:00, run_after=2024-04-29 16:00:00+00:00
[2024-04-29T17:42:55.502+0000] {processor.py:183} INFO - Processing /home/airflow/.local/lib/python3.8/site-packages/airflow/example_dags/example_latest_only_with_trigger.py took 0.090 seconds
[2024-04-29T17:43:25.798+0000] {processor.py:161} INFO - Started process (PID=6931) to work on /home/airflow/.local/lib/python3.8/site-packages/airflow/example_dags/example_latest_only_with_trigger.py
[2024-04-29T17:43:25.799+0000] {processor.py:830} INFO - Processing file /home/airflow/.local/lib/python3.8/site-packages/airflow/example_dags/example_latest_only_with_trigger.py for tasks to queue
[2024-04-29T17:43:25.800+0000] {logging_mixin.py:188} INFO - [2024-04-29T17:43:25.800+0000] {dagbag.py:540} INFO - Filling up the DagBag from /home/airflow/.local/lib/python3.8/site-packages/airflow/example_dags/example_latest_only_with_trigger.py
[2024-04-29T17:43:25.808+0000] {processor.py:840} INFO - DAG(s) 'latest_only_with_trigger' retrieved from /home/airflow/.local/lib/python3.8/site-packages/airflow/example_dags/example_latest_only_with_trigger.py
[2024-04-29T17:43:25.833+0000] {logging_mixin.py:188} INFO - [2024-04-29T17:43:25.832+0000] {dag.py:3047} INFO - Sync 1 DAGs
[2024-04-29T17:43:25.857+0000] {logging_mixin.py:188} INFO - [2024-04-29T17:43:25.857+0000] {dag.py:3834} INFO - Setting next_dagrun for latest_only_with_trigger to 2024-04-29 12:00:00+00:00, run_after=2024-04-29 16:00:00+00:00
[2024-04-29T17:43:25.883+0000] {processor.py:183} INFO - Processing /home/airflow/.local/lib/python3.8/site-packages/airflow/example_dags/example_latest_only_with_trigger.py took 0.089 seconds
[2024-04-29T17:43:56.746+0000] {processor.py:161} INFO - Started process (PID=7178) to work on /home/airflow/.local/lib/python3.8/site-packages/airflow/example_dags/example_latest_only_with_trigger.py
[2024-04-29T17:43:56.749+0000] {processor.py:830} INFO - Processing file /home/airflow/.local/lib/python3.8/site-packages/airflow/example_dags/example_latest_only_with_trigger.py for tasks to queue
[2024-04-29T17:43:56.750+0000] {logging_mixin.py:188} INFO - [2024-04-29T17:43:56.750+0000] {dagbag.py:540} INFO - Filling up the DagBag from /home/airflow/.local/lib/python3.8/site-packages/airflow/example_dags/example_latest_only_with_trigger.py
[2024-04-29T17:43:56.760+0000] {processor.py:840} INFO - DAG(s) 'latest_only_with_trigger' retrieved from /home/airflow/.local/lib/python3.8/site-packages/airflow/example_dags/example_latest_only_with_trigger.py
[2024-04-29T17:43:56.786+0000] {logging_mixin.py:188} INFO - [2024-04-29T17:43:56.785+0000] {dag.py:3047} INFO - Sync 1 DAGs
[2024-04-29T17:43:56.831+0000] {logging_mixin.py:188} INFO - [2024-04-29T17:43:56.830+0000] {dag.py:3834} INFO - Setting next_dagrun for latest_only_with_trigger to 2024-04-29 12:00:00+00:00, run_after=2024-04-29 16:00:00+00:00
[2024-04-29T17:43:56.865+0000] {processor.py:183} INFO - Processing /home/airflow/.local/lib/python3.8/site-packages/airflow/example_dags/example_latest_only_with_trigger.py took 0.128 seconds
[2024-04-29T17:44:27.298+0000] {processor.py:161} INFO - Started process (PID=7425) to work on /home/airflow/.local/lib/python3.8/site-packages/airflow/example_dags/example_latest_only_with_trigger.py
[2024-04-29T17:44:27.300+0000] {processor.py:830} INFO - Processing file /home/airflow/.local/lib/python3.8/site-packages/airflow/example_dags/example_latest_only_with_trigger.py for tasks to queue
[2024-04-29T17:44:27.301+0000] {logging_mixin.py:188} INFO - [2024-04-29T17:44:27.301+0000] {dagbag.py:540} INFO - Filling up the DagBag from /home/airflow/.local/lib/python3.8/site-packages/airflow/example_dags/example_latest_only_with_trigger.py
[2024-04-29T17:44:27.308+0000] {processor.py:840} INFO - DAG(s) 'latest_only_with_trigger' retrieved from /home/airflow/.local/lib/python3.8/site-packages/airflow/example_dags/example_latest_only_with_trigger.py
[2024-04-29T17:44:27.330+0000] {logging_mixin.py:188} INFO - [2024-04-29T17:44:27.329+0000] {dag.py:3047} INFO - Sync 1 DAGs
[2024-04-29T17:44:27.355+0000] {logging_mixin.py:188} INFO - [2024-04-29T17:44:27.355+0000] {dag.py:3834} INFO - Setting next_dagrun for latest_only_with_trigger to 2024-04-29 12:00:00+00:00, run_after=2024-04-29 16:00:00+00:00
[2024-04-29T17:44:27.379+0000] {processor.py:183} INFO - Processing /home/airflow/.local/lib/python3.8/site-packages/airflow/example_dags/example_latest_only_with_trigger.py took 0.084 seconds
[2024-04-29T17:44:57.793+0000] {processor.py:161} INFO - Started process (PID=7672) to work on /home/airflow/.local/lib/python3.8/site-packages/airflow/example_dags/example_latest_only_with_trigger.py
[2024-04-29T17:44:57.794+0000] {processor.py:830} INFO - Processing file /home/airflow/.local/lib/python3.8/site-packages/airflow/example_dags/example_latest_only_with_trigger.py for tasks to queue
[2024-04-29T17:44:57.795+0000] {logging_mixin.py:188} INFO - [2024-04-29T17:44:57.795+0000] {dagbag.py:540} INFO - Filling up the DagBag from /home/airflow/.local/lib/python3.8/site-packages/airflow/example_dags/example_latest_only_with_trigger.py
[2024-04-29T17:44:57.802+0000] {processor.py:840} INFO - DAG(s) 'latest_only_with_trigger' retrieved from /home/airflow/.local/lib/python3.8/site-packages/airflow/example_dags/example_latest_only_with_trigger.py
[2024-04-29T17:44:57.827+0000] {logging_mixin.py:188} INFO - [2024-04-29T17:44:57.826+0000] {dag.py:3047} INFO - Sync 1 DAGs
[2024-04-29T17:44:57.849+0000] {logging_mixin.py:188} INFO - [2024-04-29T17:44:57.849+0000] {dag.py:3834} INFO - Setting next_dagrun for latest_only_with_trigger to 2024-04-29 12:00:00+00:00, run_after=2024-04-29 16:00:00+00:00
[2024-04-29T17:44:57.876+0000] {processor.py:183} INFO - Processing /home/airflow/.local/lib/python3.8/site-packages/airflow/example_dags/example_latest_only_with_trigger.py took 0.086 seconds
[2024-04-29T17:45:28.211+0000] {processor.py:161} INFO - Started process (PID=7920) to work on /home/airflow/.local/lib/python3.8/site-packages/airflow/example_dags/example_latest_only_with_trigger.py
[2024-04-29T17:45:28.212+0000] {processor.py:830} INFO - Processing file /home/airflow/.local/lib/python3.8/site-packages/airflow/example_dags/example_latest_only_with_trigger.py for tasks to queue
[2024-04-29T17:45:28.213+0000] {logging_mixin.py:188} INFO - [2024-04-29T17:45:28.212+0000] {dagbag.py:540} INFO - Filling up the DagBag from /home/airflow/.local/lib/python3.8/site-packages/airflow/example_dags/example_latest_only_with_trigger.py
[2024-04-29T17:45:28.220+0000] {processor.py:840} INFO - DAG(s) 'latest_only_with_trigger' retrieved from /home/airflow/.local/lib/python3.8/site-packages/airflow/example_dags/example_latest_only_with_trigger.py
[2024-04-29T17:45:28.241+0000] {logging_mixin.py:188} INFO - [2024-04-29T17:45:28.241+0000] {dag.py:3047} INFO - Sync 1 DAGs
[2024-04-29T17:45:28.267+0000] {logging_mixin.py:188} INFO - [2024-04-29T17:45:28.267+0000] {dag.py:3834} INFO - Setting next_dagrun for latest_only_with_trigger to 2024-04-29 12:00:00+00:00, run_after=2024-04-29 16:00:00+00:00
[2024-04-29T17:45:28.292+0000] {processor.py:183} INFO - Processing /home/airflow/.local/lib/python3.8/site-packages/airflow/example_dags/example_latest_only_with_trigger.py took 0.085 seconds
[2024-04-29T17:45:58.582+0000] {processor.py:161} INFO - Started process (PID=8168) to work on /home/airflow/.local/lib/python3.8/site-packages/airflow/example_dags/example_latest_only_with_trigger.py
[2024-04-29T17:45:58.583+0000] {processor.py:830} INFO - Processing file /home/airflow/.local/lib/python3.8/site-packages/airflow/example_dags/example_latest_only_with_trigger.py for tasks to queue
[2024-04-29T17:45:58.584+0000] {logging_mixin.py:188} INFO - [2024-04-29T17:45:58.584+0000] {dagbag.py:540} INFO - Filling up the DagBag from /home/airflow/.local/lib/python3.8/site-packages/airflow/example_dags/example_latest_only_with_trigger.py
[2024-04-29T17:45:58.590+0000] {processor.py:840} INFO - DAG(s) 'latest_only_with_trigger' retrieved from /home/airflow/.local/lib/python3.8/site-packages/airflow/example_dags/example_latest_only_with_trigger.py
[2024-04-29T17:45:58.616+0000] {logging_mixin.py:188} INFO - [2024-04-29T17:45:58.616+0000] {dag.py:3047} INFO - Sync 1 DAGs
[2024-04-29T17:45:58.641+0000] {logging_mixin.py:188} INFO - [2024-04-29T17:45:58.641+0000] {dag.py:3834} INFO - Setting next_dagrun for latest_only_with_trigger to 2024-04-29 12:00:00+00:00, run_after=2024-04-29 16:00:00+00:00
[2024-04-29T17:45:58.664+0000] {processor.py:183} INFO - Processing /home/airflow/.local/lib/python3.8/site-packages/airflow/example_dags/example_latest_only_with_trigger.py took 0.085 seconds
[2024-04-29T17:46:28.820+0000] {processor.py:161} INFO - Started process (PID=8416) to work on /home/airflow/.local/lib/python3.8/site-packages/airflow/example_dags/example_latest_only_with_trigger.py
[2024-04-29T17:46:28.821+0000] {processor.py:830} INFO - Processing file /home/airflow/.local/lib/python3.8/site-packages/airflow/example_dags/example_latest_only_with_trigger.py for tasks to queue
[2024-04-29T17:46:28.823+0000] {logging_mixin.py:188} INFO - [2024-04-29T17:46:28.822+0000] {dagbag.py:540} INFO - Filling up the DagBag from /home/airflow/.local/lib/python3.8/site-packages/airflow/example_dags/example_latest_only_with_trigger.py
[2024-04-29T17:46:28.830+0000] {processor.py:840} INFO - DAG(s) 'latest_only_with_trigger' retrieved from /home/airflow/.local/lib/python3.8/site-packages/airflow/example_dags/example_latest_only_with_trigger.py
[2024-04-29T17:46:28.854+0000] {logging_mixin.py:188} INFO - [2024-04-29T17:46:28.854+0000] {dag.py:3047} INFO - Sync 1 DAGs
[2024-04-29T17:46:28.878+0000] {logging_mixin.py:188} INFO - [2024-04-29T17:46:28.878+0000] {dag.py:3834} INFO - Setting next_dagrun for latest_only_with_trigger to 2024-04-29 12:00:00+00:00, run_after=2024-04-29 16:00:00+00:00
[2024-04-29T17:46:28.902+0000] {processor.py:183} INFO - Processing /home/airflow/.local/lib/python3.8/site-packages/airflow/example_dags/example_latest_only_with_trigger.py took 0.085 seconds
[2024-04-29T17:46:59.522+0000] {processor.py:161} INFO - Started process (PID=8665) to work on /home/airflow/.local/lib/python3.8/site-packages/airflow/example_dags/example_latest_only_with_trigger.py
[2024-04-29T17:46:59.525+0000] {processor.py:830} INFO - Processing file /home/airflow/.local/lib/python3.8/site-packages/airflow/example_dags/example_latest_only_with_trigger.py for tasks to queue
[2024-04-29T17:46:59.527+0000] {logging_mixin.py:188} INFO - [2024-04-29T17:46:59.526+0000] {dagbag.py:540} INFO - Filling up the DagBag from /home/airflow/.local/lib/python3.8/site-packages/airflow/example_dags/example_latest_only_with_trigger.py
[2024-04-29T17:46:59.535+0000] {processor.py:840} INFO - DAG(s) 'latest_only_with_trigger' retrieved from /home/airflow/.local/lib/python3.8/site-packages/airflow/example_dags/example_latest_only_with_trigger.py
[2024-04-29T17:46:59.568+0000] {logging_mixin.py:188} INFO - [2024-04-29T17:46:59.568+0000] {dag.py:3047} INFO - Sync 1 DAGs
[2024-04-29T17:46:59.594+0000] {logging_mixin.py:188} INFO - [2024-04-29T17:46:59.593+0000] {dag.py:3834} INFO - Setting next_dagrun for latest_only_with_trigger to 2024-04-29 12:00:00+00:00, run_after=2024-04-29 16:00:00+00:00
[2024-04-29T17:46:59.619+0000] {processor.py:183} INFO - Processing /home/airflow/.local/lib/python3.8/site-packages/airflow/example_dags/example_latest_only_with_trigger.py took 0.100 seconds
[2024-04-29T17:47:29.902+0000] {processor.py:161} INFO - Started process (PID=8911) to work on /home/airflow/.local/lib/python3.8/site-packages/airflow/example_dags/example_latest_only_with_trigger.py
[2024-04-29T17:47:29.903+0000] {processor.py:830} INFO - Processing file /home/airflow/.local/lib/python3.8/site-packages/airflow/example_dags/example_latest_only_with_trigger.py for tasks to queue
[2024-04-29T17:47:29.904+0000] {logging_mixin.py:188} INFO - [2024-04-29T17:47:29.904+0000] {dagbag.py:540} INFO - Filling up the DagBag from /home/airflow/.local/lib/python3.8/site-packages/airflow/example_dags/example_latest_only_with_trigger.py
[2024-04-29T17:47:29.911+0000] {processor.py:840} INFO - DAG(s) 'latest_only_with_trigger' retrieved from /home/airflow/.local/lib/python3.8/site-packages/airflow/example_dags/example_latest_only_with_trigger.py
[2024-04-29T17:47:29.937+0000] {logging_mixin.py:188} INFO - [2024-04-29T17:47:29.936+0000] {dag.py:3047} INFO - Sync 1 DAGs
[2024-04-29T17:47:29.963+0000] {logging_mixin.py:188} INFO - [2024-04-29T17:47:29.963+0000] {dag.py:3834} INFO - Setting next_dagrun for latest_only_with_trigger to 2024-04-29 12:00:00+00:00, run_after=2024-04-29 16:00:00+00:00
[2024-04-29T17:47:29.989+0000] {processor.py:183} INFO - Processing /home/airflow/.local/lib/python3.8/site-packages/airflow/example_dags/example_latest_only_with_trigger.py took 0.090 seconds
[2024-04-29T17:48:00.283+0000] {processor.py:161} INFO - Started process (PID=9159) to work on /home/airflow/.local/lib/python3.8/site-packages/airflow/example_dags/example_latest_only_with_trigger.py
[2024-04-29T17:48:00.285+0000] {processor.py:830} INFO - Processing file /home/airflow/.local/lib/python3.8/site-packages/airflow/example_dags/example_latest_only_with_trigger.py for tasks to queue
[2024-04-29T17:48:00.286+0000] {logging_mixin.py:188} INFO - [2024-04-29T17:48:00.286+0000] {dagbag.py:540} INFO - Filling up the DagBag from /home/airflow/.local/lib/python3.8/site-packages/airflow/example_dags/example_latest_only_with_trigger.py
[2024-04-29T17:48:00.293+0000] {processor.py:840} INFO - DAG(s) 'latest_only_with_trigger' retrieved from /home/airflow/.local/lib/python3.8/site-packages/airflow/example_dags/example_latest_only_with_trigger.py
[2024-04-29T17:48:00.315+0000] {logging_mixin.py:188} INFO - [2024-04-29T17:48:00.315+0000] {dag.py:3047} INFO - Sync 1 DAGs
[2024-04-29T17:48:00.339+0000] {logging_mixin.py:188} INFO - [2024-04-29T17:48:00.339+0000] {dag.py:3834} INFO - Setting next_dagrun for latest_only_with_trigger to 2024-04-29 12:00:00+00:00, run_after=2024-04-29 16:00:00+00:00
[2024-04-29T17:48:00.363+0000] {processor.py:183} INFO - Processing /home/airflow/.local/lib/python3.8/site-packages/airflow/example_dags/example_latest_only_with_trigger.py took 0.084 seconds
