[2024-04-29T17:30:04.855+0000] {processor.py:161} INFO - Started process (PID=301) to work on /home/airflow/.local/lib/python3.8/site-packages/airflow/example_dags/example_python_decorator.py
[2024-04-29T17:30:04.856+0000] {processor.py:830} INFO - Processing file /home/airflow/.local/lib/python3.8/site-packages/airflow/example_dags/example_python_decorator.py for tasks to queue
[2024-04-29T17:30:04.857+0000] {logging_mixin.py:188} INFO - [2024-04-29T17:30:04.857+0000] {dagbag.py:540} INFO - Filling up the DagBag from /home/airflow/.local/lib/python3.8/site-packages/airflow/example_dags/example_python_decorator.py
[2024-04-29T17:30:04.892+0000] {processor.py:840} INFO - DAG(s) 'example_python_decorator' retrieved from /home/airflow/.local/lib/python3.8/site-packages/airflow/example_dags/example_python_decorator.py
[2024-04-29T17:30:05.171+0000] {logging_mixin.py:188} INFO - [2024-04-29T17:30:05.169+0000] {override.py:1769} INFO - Created Permission View: can edit on DAG:example_python_decorator
[2024-04-29T17:30:05.214+0000] {logging_mixin.py:188} INFO - [2024-04-29T17:30:05.214+0000] {override.py:1769} INFO - Created Permission View: can delete on DAG:example_python_decorator
[2024-04-29T17:30:05.248+0000] {logging_mixin.py:188} INFO - [2024-04-29T17:30:05.248+0000] {override.py:1769} INFO - Created Permission View: can read on DAG:example_python_decorator
[2024-04-29T17:30:05.249+0000] {logging_mixin.py:188} INFO - [2024-04-29T17:30:05.249+0000] {dag.py:3047} INFO - Sync 1 DAGs
[2024-04-29T17:30:05.270+0000] {logging_mixin.py:188} INFO - [2024-04-29T17:30:05.269+0000] {dag.py:3069} INFO - Creating ORM DAG for example_python_decorator
[2024-04-29T17:30:05.274+0000] {logging_mixin.py:188} INFO - [2024-04-29T17:30:05.274+0000] {dag.py:3834} INFO - Setting next_dagrun for example_python_decorator to None, run_after=None
[2024-04-29T17:30:05.321+0000] {processor.py:183} INFO - Processing /home/airflow/.local/lib/python3.8/site-packages/airflow/example_dags/example_python_decorator.py took 0.473 seconds
[2024-04-29T17:30:35.366+0000] {processor.py:161} INFO - Started process (PID=550) to work on /home/airflow/.local/lib/python3.8/site-packages/airflow/example_dags/example_python_decorator.py
[2024-04-29T17:30:35.367+0000] {processor.py:830} INFO - Processing file /home/airflow/.local/lib/python3.8/site-packages/airflow/example_dags/example_python_decorator.py for tasks to queue
[2024-04-29T17:30:35.367+0000] {logging_mixin.py:188} INFO - [2024-04-29T17:30:35.367+0000] {dagbag.py:540} INFO - Filling up the DagBag from /home/airflow/.local/lib/python3.8/site-packages/airflow/example_dags/example_python_decorator.py
[2024-04-29T17:30:35.378+0000] {processor.py:840} INFO - DAG(s) 'example_python_decorator' retrieved from /home/airflow/.local/lib/python3.8/site-packages/airflow/example_dags/example_python_decorator.py
[2024-04-29T17:30:35.396+0000] {logging_mixin.py:188} INFO - [2024-04-29T17:30:35.396+0000] {dag.py:3047} INFO - Sync 1 DAGs
[2024-04-29T17:30:35.406+0000] {logging_mixin.py:188} INFO - [2024-04-29T17:30:35.406+0000] {dag.py:3834} INFO - Setting next_dagrun for example_python_decorator to None, run_after=None
[2024-04-29T17:30:35.426+0000] {processor.py:183} INFO - Processing /home/airflow/.local/lib/python3.8/site-packages/airflow/example_dags/example_python_decorator.py took 0.062 seconds
[2024-04-29T17:31:05.819+0000] {processor.py:161} INFO - Started process (PID=797) to work on /home/airflow/.local/lib/python3.8/site-packages/airflow/example_dags/example_python_decorator.py
[2024-04-29T17:31:05.820+0000] {processor.py:830} INFO - Processing file /home/airflow/.local/lib/python3.8/site-packages/airflow/example_dags/example_python_decorator.py for tasks to queue
[2024-04-29T17:31:05.821+0000] {logging_mixin.py:188} INFO - [2024-04-29T17:31:05.821+0000] {dagbag.py:540} INFO - Filling up the DagBag from /home/airflow/.local/lib/python3.8/site-packages/airflow/example_dags/example_python_decorator.py
[2024-04-29T17:31:05.831+0000] {processor.py:840} INFO - DAG(s) 'example_python_decorator' retrieved from /home/airflow/.local/lib/python3.8/site-packages/airflow/example_dags/example_python_decorator.py
[2024-04-29T17:31:05.849+0000] {logging_mixin.py:188} INFO - [2024-04-29T17:31:05.849+0000] {dag.py:3047} INFO - Sync 1 DAGs
[2024-04-29T17:31:05.858+0000] {logging_mixin.py:188} INFO - [2024-04-29T17:31:05.858+0000] {dag.py:3834} INFO - Setting next_dagrun for example_python_decorator to None, run_after=None
[2024-04-29T17:31:05.879+0000] {processor.py:183} INFO - Processing /home/airflow/.local/lib/python3.8/site-packages/airflow/example_dags/example_python_decorator.py took 0.062 seconds
[2024-04-29T17:31:36.436+0000] {processor.py:161} INFO - Started process (PID=1044) to work on /home/airflow/.local/lib/python3.8/site-packages/airflow/example_dags/example_python_decorator.py
[2024-04-29T17:31:36.437+0000] {processor.py:830} INFO - Processing file /home/airflow/.local/lib/python3.8/site-packages/airflow/example_dags/example_python_decorator.py for tasks to queue
[2024-04-29T17:31:36.438+0000] {logging_mixin.py:188} INFO - [2024-04-29T17:31:36.437+0000] {dagbag.py:540} INFO - Filling up the DagBag from /home/airflow/.local/lib/python3.8/site-packages/airflow/example_dags/example_python_decorator.py
[2024-04-29T17:31:36.451+0000] {processor.py:840} INFO - DAG(s) 'example_python_decorator' retrieved from /home/airflow/.local/lib/python3.8/site-packages/airflow/example_dags/example_python_decorator.py
[2024-04-29T17:31:36.470+0000] {logging_mixin.py:188} INFO - [2024-04-29T17:31:36.470+0000] {dag.py:3047} INFO - Sync 1 DAGs
[2024-04-29T17:31:36.480+0000] {logging_mixin.py:188} INFO - [2024-04-29T17:31:36.480+0000] {dag.py:3834} INFO - Setting next_dagrun for example_python_decorator to None, run_after=None
[2024-04-29T17:31:36.500+0000] {processor.py:183} INFO - Processing /home/airflow/.local/lib/python3.8/site-packages/airflow/example_dags/example_python_decorator.py took 0.067 seconds
[2024-04-29T17:32:06.676+0000] {processor.py:161} INFO - Started process (PID=1290) to work on /home/airflow/.local/lib/python3.8/site-packages/airflow/example_dags/example_python_decorator.py
[2024-04-29T17:32:06.676+0000] {processor.py:830} INFO - Processing file /home/airflow/.local/lib/python3.8/site-packages/airflow/example_dags/example_python_decorator.py for tasks to queue
[2024-04-29T17:32:06.677+0000] {logging_mixin.py:188} INFO - [2024-04-29T17:32:06.677+0000] {dagbag.py:540} INFO - Filling up the DagBag from /home/airflow/.local/lib/python3.8/site-packages/airflow/example_dags/example_python_decorator.py
[2024-04-29T17:32:06.693+0000] {processor.py:840} INFO - DAG(s) 'example_python_decorator' retrieved from /home/airflow/.local/lib/python3.8/site-packages/airflow/example_dags/example_python_decorator.py
[2024-04-29T17:32:06.722+0000] {logging_mixin.py:188} INFO - [2024-04-29T17:32:06.722+0000] {dag.py:3047} INFO - Sync 1 DAGs
[2024-04-29T17:32:06.739+0000] {logging_mixin.py:188} INFO - [2024-04-29T17:32:06.739+0000] {dag.py:3834} INFO - Setting next_dagrun for example_python_decorator to None, run_after=None
[2024-04-29T17:32:06.771+0000] {processor.py:183} INFO - Processing /home/airflow/.local/lib/python3.8/site-packages/airflow/example_dags/example_python_decorator.py took 0.099 seconds
[2024-04-29T17:32:37.429+0000] {processor.py:161} INFO - Started process (PID=1540) to work on /home/airflow/.local/lib/python3.8/site-packages/airflow/example_dags/example_python_decorator.py
[2024-04-29T17:32:37.430+0000] {processor.py:830} INFO - Processing file /home/airflow/.local/lib/python3.8/site-packages/airflow/example_dags/example_python_decorator.py for tasks to queue
[2024-04-29T17:32:37.431+0000] {logging_mixin.py:188} INFO - [2024-04-29T17:32:37.431+0000] {dagbag.py:540} INFO - Filling up the DagBag from /home/airflow/.local/lib/python3.8/site-packages/airflow/example_dags/example_python_decorator.py
[2024-04-29T17:32:37.441+0000] {processor.py:840} INFO - DAG(s) 'example_python_decorator' retrieved from /home/airflow/.local/lib/python3.8/site-packages/airflow/example_dags/example_python_decorator.py
[2024-04-29T17:32:37.459+0000] {logging_mixin.py:188} INFO - [2024-04-29T17:32:37.459+0000] {dag.py:3047} INFO - Sync 1 DAGs
[2024-04-29T17:32:37.469+0000] {logging_mixin.py:188} INFO - [2024-04-29T17:32:37.469+0000] {dag.py:3834} INFO - Setting next_dagrun for example_python_decorator to None, run_after=None
[2024-04-29T17:32:37.489+0000] {processor.py:183} INFO - Processing /home/airflow/.local/lib/python3.8/site-packages/airflow/example_dags/example_python_decorator.py took 0.062 seconds
[2024-04-29T17:33:08.082+0000] {processor.py:161} INFO - Started process (PID=1788) to work on /home/airflow/.local/lib/python3.8/site-packages/airflow/example_dags/example_python_decorator.py
[2024-04-29T17:33:08.083+0000] {processor.py:830} INFO - Processing file /home/airflow/.local/lib/python3.8/site-packages/airflow/example_dags/example_python_decorator.py for tasks to queue
[2024-04-29T17:33:08.083+0000] {logging_mixin.py:188} INFO - [2024-04-29T17:33:08.083+0000] {dagbag.py:540} INFO - Filling up the DagBag from /home/airflow/.local/lib/python3.8/site-packages/airflow/example_dags/example_python_decorator.py
[2024-04-29T17:33:08.094+0000] {processor.py:840} INFO - DAG(s) 'example_python_decorator' retrieved from /home/airflow/.local/lib/python3.8/site-packages/airflow/example_dags/example_python_decorator.py
[2024-04-29T17:33:08.112+0000] {logging_mixin.py:188} INFO - [2024-04-29T17:33:08.112+0000] {dag.py:3047} INFO - Sync 1 DAGs
[2024-04-29T17:33:08.122+0000] {logging_mixin.py:188} INFO - [2024-04-29T17:33:08.122+0000] {dag.py:3834} INFO - Setting next_dagrun for example_python_decorator to None, run_after=None
[2024-04-29T17:33:08.142+0000] {processor.py:183} INFO - Processing /home/airflow/.local/lib/python3.8/site-packages/airflow/example_dags/example_python_decorator.py took 0.063 seconds
[2024-04-29T17:33:38.410+0000] {processor.py:161} INFO - Started process (PID=2033) to work on /home/airflow/.local/lib/python3.8/site-packages/airflow/example_dags/example_python_decorator.py
[2024-04-29T17:33:38.411+0000] {processor.py:830} INFO - Processing file /home/airflow/.local/lib/python3.8/site-packages/airflow/example_dags/example_python_decorator.py for tasks to queue
[2024-04-29T17:33:38.412+0000] {logging_mixin.py:188} INFO - [2024-04-29T17:33:38.412+0000] {dagbag.py:540} INFO - Filling up the DagBag from /home/airflow/.local/lib/python3.8/site-packages/airflow/example_dags/example_python_decorator.py
[2024-04-29T17:33:38.428+0000] {processor.py:840} INFO - DAG(s) 'example_python_decorator' retrieved from /home/airflow/.local/lib/python3.8/site-packages/airflow/example_dags/example_python_decorator.py
[2024-04-29T17:33:38.455+0000] {logging_mixin.py:188} INFO - [2024-04-29T17:33:38.455+0000] {dag.py:3047} INFO - Sync 1 DAGs
[2024-04-29T17:33:38.469+0000] {logging_mixin.py:188} INFO - [2024-04-29T17:33:38.469+0000] {dag.py:3834} INFO - Setting next_dagrun for example_python_decorator to None, run_after=None
[2024-04-29T17:33:38.495+0000] {processor.py:183} INFO - Processing /home/airflow/.local/lib/python3.8/site-packages/airflow/example_dags/example_python_decorator.py took 0.089 seconds
[2024-04-29T17:34:08.976+0000] {processor.py:161} INFO - Started process (PID=2281) to work on /home/airflow/.local/lib/python3.8/site-packages/airflow/example_dags/example_python_decorator.py
[2024-04-29T17:34:08.977+0000] {processor.py:830} INFO - Processing file /home/airflow/.local/lib/python3.8/site-packages/airflow/example_dags/example_python_decorator.py for tasks to queue
[2024-04-29T17:34:08.978+0000] {logging_mixin.py:188} INFO - [2024-04-29T17:34:08.977+0000] {dagbag.py:540} INFO - Filling up the DagBag from /home/airflow/.local/lib/python3.8/site-packages/airflow/example_dags/example_python_decorator.py
[2024-04-29T17:34:08.988+0000] {processor.py:840} INFO - DAG(s) 'example_python_decorator' retrieved from /home/airflow/.local/lib/python3.8/site-packages/airflow/example_dags/example_python_decorator.py
[2024-04-29T17:34:09.007+0000] {logging_mixin.py:188} INFO - [2024-04-29T17:34:09.007+0000] {dag.py:3047} INFO - Sync 1 DAGs
[2024-04-29T17:34:09.018+0000] {logging_mixin.py:188} INFO - [2024-04-29T17:34:09.017+0000] {dag.py:3834} INFO - Setting next_dagrun for example_python_decorator to None, run_after=None
[2024-04-29T17:34:09.037+0000] {processor.py:183} INFO - Processing /home/airflow/.local/lib/python3.8/site-packages/airflow/example_dags/example_python_decorator.py took 0.064 seconds
[2024-04-29T17:34:39.604+0000] {processor.py:161} INFO - Started process (PID=2528) to work on /home/airflow/.local/lib/python3.8/site-packages/airflow/example_dags/example_python_decorator.py
[2024-04-29T17:34:39.605+0000] {processor.py:830} INFO - Processing file /home/airflow/.local/lib/python3.8/site-packages/airflow/example_dags/example_python_decorator.py for tasks to queue
[2024-04-29T17:34:39.606+0000] {logging_mixin.py:188} INFO - [2024-04-29T17:34:39.605+0000] {dagbag.py:540} INFO - Filling up the DagBag from /home/airflow/.local/lib/python3.8/site-packages/airflow/example_dags/example_python_decorator.py
[2024-04-29T17:34:39.616+0000] {processor.py:840} INFO - DAG(s) 'example_python_decorator' retrieved from /home/airflow/.local/lib/python3.8/site-packages/airflow/example_dags/example_python_decorator.py
[2024-04-29T17:34:39.635+0000] {logging_mixin.py:188} INFO - [2024-04-29T17:34:39.634+0000] {dag.py:3047} INFO - Sync 1 DAGs
[2024-04-29T17:34:39.644+0000] {logging_mixin.py:188} INFO - [2024-04-29T17:34:39.644+0000] {dag.py:3834} INFO - Setting next_dagrun for example_python_decorator to None, run_after=None
[2024-04-29T17:34:39.664+0000] {processor.py:183} INFO - Processing /home/airflow/.local/lib/python3.8/site-packages/airflow/example_dags/example_python_decorator.py took 0.063 seconds
[2024-04-29T17:35:10.196+0000] {processor.py:161} INFO - Started process (PID=2775) to work on /home/airflow/.local/lib/python3.8/site-packages/airflow/example_dags/example_python_decorator.py
[2024-04-29T17:35:10.196+0000] {processor.py:830} INFO - Processing file /home/airflow/.local/lib/python3.8/site-packages/airflow/example_dags/example_python_decorator.py for tasks to queue
[2024-04-29T17:35:10.197+0000] {logging_mixin.py:188} INFO - [2024-04-29T17:35:10.197+0000] {dagbag.py:540} INFO - Filling up the DagBag from /home/airflow/.local/lib/python3.8/site-packages/airflow/example_dags/example_python_decorator.py
[2024-04-29T17:35:10.208+0000] {processor.py:840} INFO - DAG(s) 'example_python_decorator' retrieved from /home/airflow/.local/lib/python3.8/site-packages/airflow/example_dags/example_python_decorator.py
[2024-04-29T17:35:10.226+0000] {logging_mixin.py:188} INFO - [2024-04-29T17:35:10.226+0000] {dag.py:3047} INFO - Sync 1 DAGs
[2024-04-29T17:35:10.236+0000] {logging_mixin.py:188} INFO - [2024-04-29T17:35:10.235+0000] {dag.py:3834} INFO - Setting next_dagrun for example_python_decorator to None, run_after=None
[2024-04-29T17:35:10.256+0000] {processor.py:183} INFO - Processing /home/airflow/.local/lib/python3.8/site-packages/airflow/example_dags/example_python_decorator.py took 0.063 seconds
[2024-04-29T17:35:40.868+0000] {processor.py:161} INFO - Started process (PID=3020) to work on /home/airflow/.local/lib/python3.8/site-packages/airflow/example_dags/example_python_decorator.py
[2024-04-29T17:35:40.869+0000] {processor.py:830} INFO - Processing file /home/airflow/.local/lib/python3.8/site-packages/airflow/example_dags/example_python_decorator.py for tasks to queue
[2024-04-29T17:35:40.872+0000] {logging_mixin.py:188} INFO - [2024-04-29T17:35:40.871+0000] {dagbag.py:540} INFO - Filling up the DagBag from /home/airflow/.local/lib/python3.8/site-packages/airflow/example_dags/example_python_decorator.py
[2024-04-29T17:35:40.888+0000] {processor.py:840} INFO - DAG(s) 'example_python_decorator' retrieved from /home/airflow/.local/lib/python3.8/site-packages/airflow/example_dags/example_python_decorator.py
[2024-04-29T17:35:40.915+0000] {logging_mixin.py:188} INFO - [2024-04-29T17:35:40.915+0000] {dag.py:3047} INFO - Sync 1 DAGs
[2024-04-29T17:35:40.929+0000] {logging_mixin.py:188} INFO - [2024-04-29T17:35:40.929+0000] {dag.py:3834} INFO - Setting next_dagrun for example_python_decorator to None, run_after=None
[2024-04-29T17:35:40.983+0000] {processor.py:183} INFO - Processing /home/airflow/.local/lib/python3.8/site-packages/airflow/example_dags/example_python_decorator.py took 0.119 seconds
[2024-04-29T17:36:11.497+0000] {processor.py:161} INFO - Started process (PID=3269) to work on /home/airflow/.local/lib/python3.8/site-packages/airflow/example_dags/example_python_decorator.py
[2024-04-29T17:36:11.498+0000] {processor.py:830} INFO - Processing file /home/airflow/.local/lib/python3.8/site-packages/airflow/example_dags/example_python_decorator.py for tasks to queue
[2024-04-29T17:36:11.499+0000] {logging_mixin.py:188} INFO - [2024-04-29T17:36:11.499+0000] {dagbag.py:540} INFO - Filling up the DagBag from /home/airflow/.local/lib/python3.8/site-packages/airflow/example_dags/example_python_decorator.py
[2024-04-29T17:36:11.515+0000] {processor.py:840} INFO - DAG(s) 'example_python_decorator' retrieved from /home/airflow/.local/lib/python3.8/site-packages/airflow/example_dags/example_python_decorator.py
[2024-04-29T17:36:11.552+0000] {logging_mixin.py:188} INFO - [2024-04-29T17:36:11.551+0000] {dag.py:3047} INFO - Sync 1 DAGs
[2024-04-29T17:36:11.566+0000] {logging_mixin.py:188} INFO - [2024-04-29T17:36:11.566+0000] {dag.py:3834} INFO - Setting next_dagrun for example_python_decorator to None, run_after=None
[2024-04-29T17:36:11.603+0000] {processor.py:183} INFO - Processing /home/airflow/.local/lib/python3.8/site-packages/airflow/example_dags/example_python_decorator.py took 0.110 seconds
[2024-04-29T17:36:42.060+0000] {processor.py:161} INFO - Started process (PID=3517) to work on /home/airflow/.local/lib/python3.8/site-packages/airflow/example_dags/example_python_decorator.py
[2024-04-29T17:36:42.066+0000] {processor.py:830} INFO - Processing file /home/airflow/.local/lib/python3.8/site-packages/airflow/example_dags/example_python_decorator.py for tasks to queue
[2024-04-29T17:36:42.068+0000] {logging_mixin.py:188} INFO - [2024-04-29T17:36:42.067+0000] {dagbag.py:540} INFO - Filling up the DagBag from /home/airflow/.local/lib/python3.8/site-packages/airflow/example_dags/example_python_decorator.py
[2024-04-29T17:36:42.082+0000] {processor.py:840} INFO - DAG(s) 'example_python_decorator' retrieved from /home/airflow/.local/lib/python3.8/site-packages/airflow/example_dags/example_python_decorator.py
[2024-04-29T17:36:42.100+0000] {logging_mixin.py:188} INFO - [2024-04-29T17:36:42.100+0000] {dag.py:3047} INFO - Sync 1 DAGs
[2024-04-29T17:36:42.110+0000] {logging_mixin.py:188} INFO - [2024-04-29T17:36:42.110+0000] {dag.py:3834} INFO - Setting next_dagrun for example_python_decorator to None, run_after=None
[2024-04-29T17:36:42.130+0000] {processor.py:183} INFO - Processing /home/airflow/.local/lib/python3.8/site-packages/airflow/example_dags/example_python_decorator.py took 0.083 seconds
[2024-04-29T17:37:15.979+0000] {processor.py:161} INFO - Started process (PID=3825) to work on /home/airflow/.local/lib/python3.8/site-packages/airflow/example_dags/example_python_decorator.py
[2024-04-29T17:37:15.982+0000] {processor.py:830} INFO - Processing file /home/airflow/.local/lib/python3.8/site-packages/airflow/example_dags/example_python_decorator.py for tasks to queue
[2024-04-29T17:37:15.988+0000] {logging_mixin.py:188} INFO - [2024-04-29T17:37:15.988+0000] {dagbag.py:540} INFO - Filling up the DagBag from /home/airflow/.local/lib/python3.8/site-packages/airflow/example_dags/example_python_decorator.py
[2024-04-29T17:37:16.129+0000] {processor.py:840} INFO - DAG(s) 'example_python_decorator' retrieved from /home/airflow/.local/lib/python3.8/site-packages/airflow/example_dags/example_python_decorator.py
[2024-04-29T17:37:16.357+0000] {logging_mixin.py:188} INFO - [2024-04-29T17:37:16.356+0000] {dag.py:3047} INFO - Sync 1 DAGs
[2024-04-29T17:37:16.456+0000] {logging_mixin.py:188} INFO - [2024-04-29T17:37:16.455+0000] {dag.py:3834} INFO - Setting next_dagrun for example_python_decorator to None, run_after=None
[2024-04-29T17:37:16.582+0000] {processor.py:183} INFO - Processing /home/airflow/.local/lib/python3.8/site-packages/airflow/example_dags/example_python_decorator.py took 0.639 seconds
[2024-04-29T17:37:46.780+0000] {processor.py:161} INFO - Started process (PID=4164) to work on /home/airflow/.local/lib/python3.8/site-packages/airflow/example_dags/example_python_decorator.py
[2024-04-29T17:37:46.781+0000] {processor.py:830} INFO - Processing file /home/airflow/.local/lib/python3.8/site-packages/airflow/example_dags/example_python_decorator.py for tasks to queue
[2024-04-29T17:37:46.782+0000] {logging_mixin.py:188} INFO - [2024-04-29T17:37:46.782+0000] {dagbag.py:540} INFO - Filling up the DagBag from /home/airflow/.local/lib/python3.8/site-packages/airflow/example_dags/example_python_decorator.py
[2024-04-29T17:37:46.796+0000] {processor.py:840} INFO - DAG(s) 'example_python_decorator' retrieved from /home/airflow/.local/lib/python3.8/site-packages/airflow/example_dags/example_python_decorator.py
[2024-04-29T17:37:46.825+0000] {logging_mixin.py:188} INFO - [2024-04-29T17:37:46.824+0000] {dag.py:3047} INFO - Sync 1 DAGs
[2024-04-29T17:37:46.835+0000] {logging_mixin.py:188} INFO - [2024-04-29T17:37:46.835+0000] {dag.py:3834} INFO - Setting next_dagrun for example_python_decorator to None, run_after=None
[2024-04-29T17:37:46.858+0000] {processor.py:183} INFO - Processing /home/airflow/.local/lib/python3.8/site-packages/airflow/example_dags/example_python_decorator.py took 0.081 seconds
[2024-04-29T17:38:16.895+0000] {processor.py:161} INFO - Started process (PID=4412) to work on /home/airflow/.local/lib/python3.8/site-packages/airflow/example_dags/example_python_decorator.py
[2024-04-29T17:38:16.896+0000] {processor.py:830} INFO - Processing file /home/airflow/.local/lib/python3.8/site-packages/airflow/example_dags/example_python_decorator.py for tasks to queue
[2024-04-29T17:38:16.897+0000] {logging_mixin.py:188} INFO - [2024-04-29T17:38:16.897+0000] {dagbag.py:540} INFO - Filling up the DagBag from /home/airflow/.local/lib/python3.8/site-packages/airflow/example_dags/example_python_decorator.py
[2024-04-29T17:38:16.916+0000] {processor.py:840} INFO - DAG(s) 'example_python_decorator' retrieved from /home/airflow/.local/lib/python3.8/site-packages/airflow/example_dags/example_python_decorator.py
[2024-04-29T17:38:16.999+0000] {logging_mixin.py:188} INFO - [2024-04-29T17:38:16.998+0000] {dag.py:3047} INFO - Sync 1 DAGs
[2024-04-29T17:38:17.026+0000] {logging_mixin.py:188} INFO - [2024-04-29T17:38:17.025+0000] {dag.py:3834} INFO - Setting next_dagrun for example_python_decorator to None, run_after=None
[2024-04-29T17:38:17.056+0000] {processor.py:183} INFO - Processing /home/airflow/.local/lib/python3.8/site-packages/airflow/example_dags/example_python_decorator.py took 0.165 seconds
[2024-04-29T17:38:47.128+0000] {processor.py:161} INFO - Started process (PID=4659) to work on /home/airflow/.local/lib/python3.8/site-packages/airflow/example_dags/example_python_decorator.py
[2024-04-29T17:38:47.129+0000] {processor.py:830} INFO - Processing file /home/airflow/.local/lib/python3.8/site-packages/airflow/example_dags/example_python_decorator.py for tasks to queue
[2024-04-29T17:38:47.130+0000] {logging_mixin.py:188} INFO - [2024-04-29T17:38:47.130+0000] {dagbag.py:540} INFO - Filling up the DagBag from /home/airflow/.local/lib/python3.8/site-packages/airflow/example_dags/example_python_decorator.py
[2024-04-29T17:38:47.146+0000] {processor.py:840} INFO - DAG(s) 'example_python_decorator' retrieved from /home/airflow/.local/lib/python3.8/site-packages/airflow/example_dags/example_python_decorator.py
[2024-04-29T17:38:47.173+0000] {logging_mixin.py:188} INFO - [2024-04-29T17:38:47.172+0000] {dag.py:3047} INFO - Sync 1 DAGs
[2024-04-29T17:38:47.188+0000] {logging_mixin.py:188} INFO - [2024-04-29T17:38:47.187+0000] {dag.py:3834} INFO - Setting next_dagrun for example_python_decorator to None, run_after=None
[2024-04-29T17:38:47.213+0000] {processor.py:183} INFO - Processing /home/airflow/.local/lib/python3.8/site-packages/airflow/example_dags/example_python_decorator.py took 0.088 seconds
[2024-04-29T17:39:17.933+0000] {processor.py:161} INFO - Started process (PID=4906) to work on /home/airflow/.local/lib/python3.8/site-packages/airflow/example_dags/example_python_decorator.py
[2024-04-29T17:39:17.933+0000] {processor.py:830} INFO - Processing file /home/airflow/.local/lib/python3.8/site-packages/airflow/example_dags/example_python_decorator.py for tasks to queue
[2024-04-29T17:39:17.934+0000] {logging_mixin.py:188} INFO - [2024-04-29T17:39:17.934+0000] {dagbag.py:540} INFO - Filling up the DagBag from /home/airflow/.local/lib/python3.8/site-packages/airflow/example_dags/example_python_decorator.py
[2024-04-29T17:39:17.948+0000] {processor.py:840} INFO - DAG(s) 'example_python_decorator' retrieved from /home/airflow/.local/lib/python3.8/site-packages/airflow/example_dags/example_python_decorator.py
[2024-04-29T17:39:17.970+0000] {logging_mixin.py:188} INFO - [2024-04-29T17:39:17.970+0000] {dag.py:3047} INFO - Sync 1 DAGs
[2024-04-29T17:39:17.981+0000] {logging_mixin.py:188} INFO - [2024-04-29T17:39:17.981+0000] {dag.py:3834} INFO - Setting next_dagrun for example_python_decorator to None, run_after=None
[2024-04-29T17:39:18.002+0000] {processor.py:183} INFO - Processing /home/airflow/.local/lib/python3.8/site-packages/airflow/example_dags/example_python_decorator.py took 0.073 seconds
[2024-04-29T17:39:48.548+0000] {processor.py:161} INFO - Started process (PID=5152) to work on /home/airflow/.local/lib/python3.8/site-packages/airflow/example_dags/example_python_decorator.py
[2024-04-29T17:39:48.549+0000] {processor.py:830} INFO - Processing file /home/airflow/.local/lib/python3.8/site-packages/airflow/example_dags/example_python_decorator.py for tasks to queue
[2024-04-29T17:39:48.550+0000] {logging_mixin.py:188} INFO - [2024-04-29T17:39:48.549+0000] {dagbag.py:540} INFO - Filling up the DagBag from /home/airflow/.local/lib/python3.8/site-packages/airflow/example_dags/example_python_decorator.py
[2024-04-29T17:39:48.585+0000] {processor.py:840} INFO - DAG(s) 'example_python_decorator' retrieved from /home/airflow/.local/lib/python3.8/site-packages/airflow/example_dags/example_python_decorator.py
[2024-04-29T17:39:48.610+0000] {logging_mixin.py:188} INFO - [2024-04-29T17:39:48.610+0000] {dag.py:3047} INFO - Sync 1 DAGs
[2024-04-29T17:39:48.625+0000] {logging_mixin.py:188} INFO - [2024-04-29T17:39:48.625+0000] {dag.py:3834} INFO - Setting next_dagrun for example_python_decorator to None, run_after=None
[2024-04-29T17:39:48.646+0000] {processor.py:183} INFO - Processing /home/airflow/.local/lib/python3.8/site-packages/airflow/example_dags/example_python_decorator.py took 0.102 seconds
[2024-04-29T17:40:19.130+0000] {processor.py:161} INFO - Started process (PID=5399) to work on /home/airflow/.local/lib/python3.8/site-packages/airflow/example_dags/example_python_decorator.py
[2024-04-29T17:40:19.131+0000] {processor.py:830} INFO - Processing file /home/airflow/.local/lib/python3.8/site-packages/airflow/example_dags/example_python_decorator.py for tasks to queue
[2024-04-29T17:40:19.132+0000] {logging_mixin.py:188} INFO - [2024-04-29T17:40:19.132+0000] {dagbag.py:540} INFO - Filling up the DagBag from /home/airflow/.local/lib/python3.8/site-packages/airflow/example_dags/example_python_decorator.py
[2024-04-29T17:40:19.144+0000] {processor.py:840} INFO - DAG(s) 'example_python_decorator' retrieved from /home/airflow/.local/lib/python3.8/site-packages/airflow/example_dags/example_python_decorator.py
[2024-04-29T17:40:19.161+0000] {logging_mixin.py:188} INFO - [2024-04-29T17:40:19.161+0000] {dag.py:3047} INFO - Sync 1 DAGs
[2024-04-29T17:40:19.171+0000] {logging_mixin.py:188} INFO - [2024-04-29T17:40:19.171+0000] {dag.py:3834} INFO - Setting next_dagrun for example_python_decorator to None, run_after=None
[2024-04-29T17:40:19.190+0000] {processor.py:183} INFO - Processing /home/airflow/.local/lib/python3.8/site-packages/airflow/example_dags/example_python_decorator.py took 0.063 seconds
[2024-04-29T17:40:49.427+0000] {processor.py:161} INFO - Started process (PID=5648) to work on /home/airflow/.local/lib/python3.8/site-packages/airflow/example_dags/example_python_decorator.py
[2024-04-29T17:40:49.428+0000] {processor.py:830} INFO - Processing file /home/airflow/.local/lib/python3.8/site-packages/airflow/example_dags/example_python_decorator.py for tasks to queue
[2024-04-29T17:40:49.429+0000] {logging_mixin.py:188} INFO - [2024-04-29T17:40:49.429+0000] {dagbag.py:540} INFO - Filling up the DagBag from /home/airflow/.local/lib/python3.8/site-packages/airflow/example_dags/example_python_decorator.py
[2024-04-29T17:40:49.440+0000] {processor.py:840} INFO - DAG(s) 'example_python_decorator' retrieved from /home/airflow/.local/lib/python3.8/site-packages/airflow/example_dags/example_python_decorator.py
[2024-04-29T17:40:49.458+0000] {logging_mixin.py:188} INFO - [2024-04-29T17:40:49.458+0000] {dag.py:3047} INFO - Sync 1 DAGs
[2024-04-29T17:40:49.467+0000] {logging_mixin.py:188} INFO - [2024-04-29T17:40:49.467+0000] {dag.py:3834} INFO - Setting next_dagrun for example_python_decorator to None, run_after=None
[2024-04-29T17:40:49.488+0000] {processor.py:183} INFO - Processing /home/airflow/.local/lib/python3.8/site-packages/airflow/example_dags/example_python_decorator.py took 0.064 seconds
[2024-04-29T17:41:19.629+0000] {processor.py:161} INFO - Started process (PID=5892) to work on /home/airflow/.local/lib/python3.8/site-packages/airflow/example_dags/example_python_decorator.py
[2024-04-29T17:41:19.638+0000] {processor.py:830} INFO - Processing file /home/airflow/.local/lib/python3.8/site-packages/airflow/example_dags/example_python_decorator.py for tasks to queue
[2024-04-29T17:41:19.639+0000] {logging_mixin.py:188} INFO - [2024-04-29T17:41:19.638+0000] {dagbag.py:540} INFO - Filling up the DagBag from /home/airflow/.local/lib/python3.8/site-packages/airflow/example_dags/example_python_decorator.py
[2024-04-29T17:41:19.661+0000] {processor.py:840} INFO - DAG(s) 'example_python_decorator' retrieved from /home/airflow/.local/lib/python3.8/site-packages/airflow/example_dags/example_python_decorator.py
[2024-04-29T17:41:19.725+0000] {logging_mixin.py:188} INFO - [2024-04-29T17:41:19.724+0000] {dag.py:3047} INFO - Sync 1 DAGs
[2024-04-29T17:41:19.746+0000] {logging_mixin.py:188} INFO - [2024-04-29T17:41:19.746+0000] {dag.py:3834} INFO - Setting next_dagrun for example_python_decorator to None, run_after=None
[2024-04-29T17:41:19.775+0000] {processor.py:183} INFO - Processing /home/airflow/.local/lib/python3.8/site-packages/airflow/example_dags/example_python_decorator.py took 0.150 seconds
[2024-04-29T17:41:50.025+0000] {processor.py:161} INFO - Started process (PID=6140) to work on /home/airflow/.local/lib/python3.8/site-packages/airflow/example_dags/example_python_decorator.py
[2024-04-29T17:41:50.026+0000] {processor.py:830} INFO - Processing file /home/airflow/.local/lib/python3.8/site-packages/airflow/example_dags/example_python_decorator.py for tasks to queue
[2024-04-29T17:41:50.027+0000] {logging_mixin.py:188} INFO - [2024-04-29T17:41:50.027+0000] {dagbag.py:540} INFO - Filling up the DagBag from /home/airflow/.local/lib/python3.8/site-packages/airflow/example_dags/example_python_decorator.py
[2024-04-29T17:41:50.040+0000] {processor.py:840} INFO - DAG(s) 'example_python_decorator' retrieved from /home/airflow/.local/lib/python3.8/site-packages/airflow/example_dags/example_python_decorator.py
[2024-04-29T17:41:50.057+0000] {logging_mixin.py:188} INFO - [2024-04-29T17:41:50.057+0000] {dag.py:3047} INFO - Sync 1 DAGs
[2024-04-29T17:41:50.067+0000] {logging_mixin.py:188} INFO - [2024-04-29T17:41:50.066+0000] {dag.py:3834} INFO - Setting next_dagrun for example_python_decorator to None, run_after=None
[2024-04-29T17:41:50.087+0000] {processor.py:183} INFO - Processing /home/airflow/.local/lib/python3.8/site-packages/airflow/example_dags/example_python_decorator.py took 0.066 seconds
[2024-04-29T17:42:20.318+0000] {processor.py:161} INFO - Started process (PID=6389) to work on /home/airflow/.local/lib/python3.8/site-packages/airflow/example_dags/example_python_decorator.py
[2024-04-29T17:42:20.319+0000] {processor.py:830} INFO - Processing file /home/airflow/.local/lib/python3.8/site-packages/airflow/example_dags/example_python_decorator.py for tasks to queue
[2024-04-29T17:42:20.320+0000] {logging_mixin.py:188} INFO - [2024-04-29T17:42:20.320+0000] {dagbag.py:540} INFO - Filling up the DagBag from /home/airflow/.local/lib/python3.8/site-packages/airflow/example_dags/example_python_decorator.py
[2024-04-29T17:42:20.330+0000] {processor.py:840} INFO - DAG(s) 'example_python_decorator' retrieved from /home/airflow/.local/lib/python3.8/site-packages/airflow/example_dags/example_python_decorator.py
[2024-04-29T17:42:20.348+0000] {logging_mixin.py:188} INFO - [2024-04-29T17:42:20.348+0000] {dag.py:3047} INFO - Sync 1 DAGs
[2024-04-29T17:42:20.358+0000] {logging_mixin.py:188} INFO - [2024-04-29T17:42:20.357+0000] {dag.py:3834} INFO - Setting next_dagrun for example_python_decorator to None, run_after=None
[2024-04-29T17:42:20.378+0000] {processor.py:183} INFO - Processing /home/airflow/.local/lib/python3.8/site-packages/airflow/example_dags/example_python_decorator.py took 0.063 seconds
[2024-04-29T17:42:50.757+0000] {processor.py:161} INFO - Started process (PID=6634) to work on /home/airflow/.local/lib/python3.8/site-packages/airflow/example_dags/example_python_decorator.py
[2024-04-29T17:42:50.758+0000] {processor.py:830} INFO - Processing file /home/airflow/.local/lib/python3.8/site-packages/airflow/example_dags/example_python_decorator.py for tasks to queue
[2024-04-29T17:42:50.760+0000] {logging_mixin.py:188} INFO - [2024-04-29T17:42:50.760+0000] {dagbag.py:540} INFO - Filling up the DagBag from /home/airflow/.local/lib/python3.8/site-packages/airflow/example_dags/example_python_decorator.py
[2024-04-29T17:42:50.774+0000] {processor.py:840} INFO - DAG(s) 'example_python_decorator' retrieved from /home/airflow/.local/lib/python3.8/site-packages/airflow/example_dags/example_python_decorator.py
[2024-04-29T17:42:50.795+0000] {logging_mixin.py:188} INFO - [2024-04-29T17:42:50.795+0000] {dag.py:3047} INFO - Sync 1 DAGs
[2024-04-29T17:42:50.809+0000] {logging_mixin.py:188} INFO - [2024-04-29T17:42:50.809+0000] {dag.py:3834} INFO - Setting next_dagrun for example_python_decorator to None, run_after=None
[2024-04-29T17:42:50.833+0000] {processor.py:183} INFO - Processing /home/airflow/.local/lib/python3.8/site-packages/airflow/example_dags/example_python_decorator.py took 0.082 seconds
[2024-04-29T17:43:20.956+0000] {processor.py:161} INFO - Started process (PID=6883) to work on /home/airflow/.local/lib/python3.8/site-packages/airflow/example_dags/example_python_decorator.py
[2024-04-29T17:43:20.956+0000] {processor.py:830} INFO - Processing file /home/airflow/.local/lib/python3.8/site-packages/airflow/example_dags/example_python_decorator.py for tasks to queue
[2024-04-29T17:43:20.957+0000] {logging_mixin.py:188} INFO - [2024-04-29T17:43:20.957+0000] {dagbag.py:540} INFO - Filling up the DagBag from /home/airflow/.local/lib/python3.8/site-packages/airflow/example_dags/example_python_decorator.py
[2024-04-29T17:43:20.968+0000] {processor.py:840} INFO - DAG(s) 'example_python_decorator' retrieved from /home/airflow/.local/lib/python3.8/site-packages/airflow/example_dags/example_python_decorator.py
[2024-04-29T17:43:20.986+0000] {logging_mixin.py:188} INFO - [2024-04-29T17:43:20.985+0000] {dag.py:3047} INFO - Sync 1 DAGs
[2024-04-29T17:43:20.995+0000] {logging_mixin.py:188} INFO - [2024-04-29T17:43:20.995+0000] {dag.py:3834} INFO - Setting next_dagrun for example_python_decorator to None, run_after=None
[2024-04-29T17:43:21.017+0000] {processor.py:183} INFO - Processing /home/airflow/.local/lib/python3.8/site-packages/airflow/example_dags/example_python_decorator.py took 0.064 seconds
[2024-04-29T17:43:51.159+0000] {processor.py:161} INFO - Started process (PID=7128) to work on /home/airflow/.local/lib/python3.8/site-packages/airflow/example_dags/example_python_decorator.py
[2024-04-29T17:43:51.160+0000] {processor.py:830} INFO - Processing file /home/airflow/.local/lib/python3.8/site-packages/airflow/example_dags/example_python_decorator.py for tasks to queue
[2024-04-29T17:43:51.161+0000] {logging_mixin.py:188} INFO - [2024-04-29T17:43:51.161+0000] {dagbag.py:540} INFO - Filling up the DagBag from /home/airflow/.local/lib/python3.8/site-packages/airflow/example_dags/example_python_decorator.py
[2024-04-29T17:43:51.177+0000] {processor.py:840} INFO - DAG(s) 'example_python_decorator' retrieved from /home/airflow/.local/lib/python3.8/site-packages/airflow/example_dags/example_python_decorator.py
[2024-04-29T17:43:51.229+0000] {logging_mixin.py:188} INFO - [2024-04-29T17:43:51.228+0000] {dag.py:3047} INFO - Sync 1 DAGs
[2024-04-29T17:43:51.247+0000] {logging_mixin.py:188} INFO - [2024-04-29T17:43:51.246+0000] {dag.py:3834} INFO - Setting next_dagrun for example_python_decorator to None, run_after=None
[2024-04-29T17:43:51.304+0000] {processor.py:183} INFO - Processing /home/airflow/.local/lib/python3.8/site-packages/airflow/example_dags/example_python_decorator.py took 0.149 seconds
[2024-04-29T17:44:21.588+0000] {processor.py:161} INFO - Started process (PID=7375) to work on /home/airflow/.local/lib/python3.8/site-packages/airflow/example_dags/example_python_decorator.py
[2024-04-29T17:44:21.589+0000] {processor.py:830} INFO - Processing file /home/airflow/.local/lib/python3.8/site-packages/airflow/example_dags/example_python_decorator.py for tasks to queue
[2024-04-29T17:44:21.590+0000] {logging_mixin.py:188} INFO - [2024-04-29T17:44:21.590+0000] {dagbag.py:540} INFO - Filling up the DagBag from /home/airflow/.local/lib/python3.8/site-packages/airflow/example_dags/example_python_decorator.py
[2024-04-29T17:44:21.611+0000] {processor.py:840} INFO - DAG(s) 'example_python_decorator' retrieved from /home/airflow/.local/lib/python3.8/site-packages/airflow/example_dags/example_python_decorator.py
[2024-04-29T17:44:21.637+0000] {logging_mixin.py:188} INFO - [2024-04-29T17:44:21.637+0000] {dag.py:3047} INFO - Sync 1 DAGs
[2024-04-29T17:44:21.652+0000] {logging_mixin.py:188} INFO - [2024-04-29T17:44:21.652+0000] {dag.py:3834} INFO - Setting next_dagrun for example_python_decorator to None, run_after=None
[2024-04-29T17:44:21.678+0000] {processor.py:183} INFO - Processing /home/airflow/.local/lib/python3.8/site-packages/airflow/example_dags/example_python_decorator.py took 0.093 seconds
[2024-04-29T17:44:52.057+0000] {processor.py:161} INFO - Started process (PID=7621) to work on /home/airflow/.local/lib/python3.8/site-packages/airflow/example_dags/example_python_decorator.py
[2024-04-29T17:44:52.059+0000] {processor.py:830} INFO - Processing file /home/airflow/.local/lib/python3.8/site-packages/airflow/example_dags/example_python_decorator.py for tasks to queue
[2024-04-29T17:44:52.060+0000] {logging_mixin.py:188} INFO - [2024-04-29T17:44:52.060+0000] {dagbag.py:540} INFO - Filling up the DagBag from /home/airflow/.local/lib/python3.8/site-packages/airflow/example_dags/example_python_decorator.py
[2024-04-29T17:44:52.079+0000] {processor.py:840} INFO - DAG(s) 'example_python_decorator' retrieved from /home/airflow/.local/lib/python3.8/site-packages/airflow/example_dags/example_python_decorator.py
[2024-04-29T17:44:52.113+0000] {logging_mixin.py:188} INFO - [2024-04-29T17:44:52.113+0000] {dag.py:3047} INFO - Sync 1 DAGs
[2024-04-29T17:44:52.128+0000] {logging_mixin.py:188} INFO - [2024-04-29T17:44:52.127+0000] {dag.py:3834} INFO - Setting next_dagrun for example_python_decorator to None, run_after=None
[2024-04-29T17:44:52.154+0000] {processor.py:183} INFO - Processing /home/airflow/.local/lib/python3.8/site-packages/airflow/example_dags/example_python_decorator.py took 0.101 seconds
[2024-04-29T17:45:22.433+0000] {processor.py:161} INFO - Started process (PID=7870) to work on /home/airflow/.local/lib/python3.8/site-packages/airflow/example_dags/example_python_decorator.py
[2024-04-29T17:45:22.434+0000] {processor.py:830} INFO - Processing file /home/airflow/.local/lib/python3.8/site-packages/airflow/example_dags/example_python_decorator.py for tasks to queue
[2024-04-29T17:45:22.435+0000] {logging_mixin.py:188} INFO - [2024-04-29T17:45:22.435+0000] {dagbag.py:540} INFO - Filling up the DagBag from /home/airflow/.local/lib/python3.8/site-packages/airflow/example_dags/example_python_decorator.py
[2024-04-29T17:45:22.464+0000] {processor.py:840} INFO - DAG(s) 'example_python_decorator' retrieved from /home/airflow/.local/lib/python3.8/site-packages/airflow/example_dags/example_python_decorator.py
[2024-04-29T17:45:22.526+0000] {logging_mixin.py:188} INFO - [2024-04-29T17:45:22.526+0000] {dag.py:3047} INFO - Sync 1 DAGs
[2024-04-29T17:45:22.541+0000] {logging_mixin.py:188} INFO - [2024-04-29T17:45:22.541+0000] {dag.py:3834} INFO - Setting next_dagrun for example_python_decorator to None, run_after=None
[2024-04-29T17:45:22.565+0000] {processor.py:183} INFO - Processing /home/airflow/.local/lib/python3.8/site-packages/airflow/example_dags/example_python_decorator.py took 0.136 seconds
[2024-04-29T17:45:52.832+0000] {processor.py:161} INFO - Started process (PID=8118) to work on /home/airflow/.local/lib/python3.8/site-packages/airflow/example_dags/example_python_decorator.py
[2024-04-29T17:45:52.833+0000] {processor.py:830} INFO - Processing file /home/airflow/.local/lib/python3.8/site-packages/airflow/example_dags/example_python_decorator.py for tasks to queue
[2024-04-29T17:45:52.834+0000] {logging_mixin.py:188} INFO - [2024-04-29T17:45:52.834+0000] {dagbag.py:540} INFO - Filling up the DagBag from /home/airflow/.local/lib/python3.8/site-packages/airflow/example_dags/example_python_decorator.py
[2024-04-29T17:45:52.849+0000] {processor.py:840} INFO - DAG(s) 'example_python_decorator' retrieved from /home/airflow/.local/lib/python3.8/site-packages/airflow/example_dags/example_python_decorator.py
[2024-04-29T17:45:52.902+0000] {logging_mixin.py:188} INFO - [2024-04-29T17:45:52.901+0000] {dag.py:3047} INFO - Sync 1 DAGs
[2024-04-29T17:45:52.931+0000] {logging_mixin.py:188} INFO - [2024-04-29T17:45:52.931+0000] {dag.py:3834} INFO - Setting next_dagrun for example_python_decorator to None, run_after=None
[2024-04-29T17:45:52.961+0000] {processor.py:183} INFO - Processing /home/airflow/.local/lib/python3.8/site-packages/airflow/example_dags/example_python_decorator.py took 0.133 seconds
[2024-04-29T17:46:23.113+0000] {processor.py:161} INFO - Started process (PID=8366) to work on /home/airflow/.local/lib/python3.8/site-packages/airflow/example_dags/example_python_decorator.py
[2024-04-29T17:46:23.114+0000] {processor.py:830} INFO - Processing file /home/airflow/.local/lib/python3.8/site-packages/airflow/example_dags/example_python_decorator.py for tasks to queue
[2024-04-29T17:46:23.115+0000] {logging_mixin.py:188} INFO - [2024-04-29T17:46:23.115+0000] {dagbag.py:540} INFO - Filling up the DagBag from /home/airflow/.local/lib/python3.8/site-packages/airflow/example_dags/example_python_decorator.py
[2024-04-29T17:46:23.130+0000] {processor.py:840} INFO - DAG(s) 'example_python_decorator' retrieved from /home/airflow/.local/lib/python3.8/site-packages/airflow/example_dags/example_python_decorator.py
[2024-04-29T17:46:23.149+0000] {logging_mixin.py:188} INFO - [2024-04-29T17:46:23.149+0000] {dag.py:3047} INFO - Sync 1 DAGs
[2024-04-29T17:46:23.159+0000] {logging_mixin.py:188} INFO - [2024-04-29T17:46:23.159+0000] {dag.py:3834} INFO - Setting next_dagrun for example_python_decorator to None, run_after=None
[2024-04-29T17:46:23.179+0000] {processor.py:183} INFO - Processing /home/airflow/.local/lib/python3.8/site-packages/airflow/example_dags/example_python_decorator.py took 0.070 seconds
[2024-04-29T17:46:53.465+0000] {processor.py:161} INFO - Started process (PID=8613) to work on /home/airflow/.local/lib/python3.8/site-packages/airflow/example_dags/example_python_decorator.py
[2024-04-29T17:46:53.466+0000] {processor.py:830} INFO - Processing file /home/airflow/.local/lib/python3.8/site-packages/airflow/example_dags/example_python_decorator.py for tasks to queue
[2024-04-29T17:46:53.467+0000] {logging_mixin.py:188} INFO - [2024-04-29T17:46:53.466+0000] {dagbag.py:540} INFO - Filling up the DagBag from /home/airflow/.local/lib/python3.8/site-packages/airflow/example_dags/example_python_decorator.py
[2024-04-29T17:46:53.483+0000] {processor.py:840} INFO - DAG(s) 'example_python_decorator' retrieved from /home/airflow/.local/lib/python3.8/site-packages/airflow/example_dags/example_python_decorator.py
[2024-04-29T17:46:53.509+0000] {logging_mixin.py:188} INFO - [2024-04-29T17:46:53.509+0000] {dag.py:3047} INFO - Sync 1 DAGs
[2024-04-29T17:46:53.539+0000] {logging_mixin.py:188} INFO - [2024-04-29T17:46:53.538+0000] {dag.py:3834} INFO - Setting next_dagrun for example_python_decorator to None, run_after=None
[2024-04-29T17:46:53.581+0000] {processor.py:183} INFO - Processing /home/airflow/.local/lib/python3.8/site-packages/airflow/example_dags/example_python_decorator.py took 0.119 seconds
[2024-04-29T17:47:24.227+0000] {processor.py:161} INFO - Started process (PID=8861) to work on /home/airflow/.local/lib/python3.8/site-packages/airflow/example_dags/example_python_decorator.py
[2024-04-29T17:47:24.228+0000] {processor.py:830} INFO - Processing file /home/airflow/.local/lib/python3.8/site-packages/airflow/example_dags/example_python_decorator.py for tasks to queue
[2024-04-29T17:47:24.237+0000] {logging_mixin.py:188} INFO - [2024-04-29T17:47:24.236+0000] {dagbag.py:540} INFO - Filling up the DagBag from /home/airflow/.local/lib/python3.8/site-packages/airflow/example_dags/example_python_decorator.py
[2024-04-29T17:47:24.256+0000] {processor.py:840} INFO - DAG(s) 'example_python_decorator' retrieved from /home/airflow/.local/lib/python3.8/site-packages/airflow/example_dags/example_python_decorator.py
[2024-04-29T17:47:24.280+0000] {logging_mixin.py:188} INFO - [2024-04-29T17:47:24.280+0000] {dag.py:3047} INFO - Sync 1 DAGs
[2024-04-29T17:47:24.290+0000] {logging_mixin.py:188} INFO - [2024-04-29T17:47:24.290+0000] {dag.py:3834} INFO - Setting next_dagrun for example_python_decorator to None, run_after=None
[2024-04-29T17:47:24.316+0000] {processor.py:183} INFO - Processing /home/airflow/.local/lib/python3.8/site-packages/airflow/example_dags/example_python_decorator.py took 0.092 seconds
[2024-04-29T17:47:54.397+0000] {processor.py:161} INFO - Started process (PID=9109) to work on /home/airflow/.local/lib/python3.8/site-packages/airflow/example_dags/example_python_decorator.py
[2024-04-29T17:47:54.399+0000] {processor.py:830} INFO - Processing file /home/airflow/.local/lib/python3.8/site-packages/airflow/example_dags/example_python_decorator.py for tasks to queue
[2024-04-29T17:47:54.400+0000] {logging_mixin.py:188} INFO - [2024-04-29T17:47:54.399+0000] {dagbag.py:540} INFO - Filling up the DagBag from /home/airflow/.local/lib/python3.8/site-packages/airflow/example_dags/example_python_decorator.py
[2024-04-29T17:47:54.413+0000] {processor.py:840} INFO - DAG(s) 'example_python_decorator' retrieved from /home/airflow/.local/lib/python3.8/site-packages/airflow/example_dags/example_python_decorator.py
[2024-04-29T17:47:54.432+0000] {logging_mixin.py:188} INFO - [2024-04-29T17:47:54.431+0000] {dag.py:3047} INFO - Sync 1 DAGs
[2024-04-29T17:47:54.451+0000] {logging_mixin.py:188} INFO - [2024-04-29T17:47:54.450+0000] {dag.py:3834} INFO - Setting next_dagrun for example_python_decorator to None, run_after=None
[2024-04-29T17:47:54.475+0000] {processor.py:183} INFO - Processing /home/airflow/.local/lib/python3.8/site-packages/airflow/example_dags/example_python_decorator.py took 0.081 seconds
