[2024-04-29T17:29:59.175+0000] {processor.py:161} INFO - Started process (PID=186) to work on /home/airflow/.local/lib/python3.8/site-packages/airflow/example_dags/example_python_operator.py
[2024-04-29T17:29:59.176+0000] {processor.py:830} INFO - Processing file /home/airflow/.local/lib/python3.8/site-packages/airflow/example_dags/example_python_operator.py for tasks to queue
[2024-04-29T17:29:59.177+0000] {logging_mixin.py:188} INFO - [2024-04-29T17:29:59.177+0000] {dagbag.py:540} INFO - Filling up the DagBag from /home/airflow/.local/lib/python3.8/site-packages/airflow/example_dags/example_python_operator.py
[2024-04-29T17:29:59.192+0000] {processor.py:840} INFO - DAG(s) 'example_python_operator' retrieved from /home/airflow/.local/lib/python3.8/site-packages/airflow/example_dags/example_python_operator.py
[2024-04-29T17:29:59.362+0000] {logging_mixin.py:188} INFO - [2024-04-29T17:29:59.362+0000] {override.py:1769} INFO - Created Permission View: can edit on DAG:example_python_operator
[2024-04-29T17:29:59.396+0000] {logging_mixin.py:188} INFO - [2024-04-29T17:29:59.395+0000] {override.py:1769} INFO - Created Permission View: can delete on DAG:example_python_operator
[2024-04-29T17:29:59.410+0000] {logging_mixin.py:188} INFO - [2024-04-29T17:29:59.410+0000] {override.py:1769} INFO - Created Permission View: can read on DAG:example_python_operator
[2024-04-29T17:29:59.411+0000] {logging_mixin.py:188} INFO - [2024-04-29T17:29:59.411+0000] {dag.py:3047} INFO - Sync 1 DAGs
[2024-04-29T17:29:59.436+0000] {logging_mixin.py:188} INFO - [2024-04-29T17:29:59.435+0000] {dag.py:3069} INFO - Creating ORM DAG for example_python_operator
[2024-04-29T17:29:59.438+0000] {logging_mixin.py:188} INFO - [2024-04-29T17:29:59.437+0000] {dag.py:3834} INFO - Setting next_dagrun for example_python_operator to None, run_after=None
[2024-04-29T17:29:59.470+0000] {processor.py:183} INFO - Processing /home/airflow/.local/lib/python3.8/site-packages/airflow/example_dags/example_python_operator.py took 0.299 seconds
[2024-04-29T17:30:29.881+0000] {processor.py:161} INFO - Started process (PID=433) to work on /home/airflow/.local/lib/python3.8/site-packages/airflow/example_dags/example_python_operator.py
[2024-04-29T17:30:29.882+0000] {processor.py:830} INFO - Processing file /home/airflow/.local/lib/python3.8/site-packages/airflow/example_dags/example_python_operator.py for tasks to queue
[2024-04-29T17:30:29.883+0000] {logging_mixin.py:188} INFO - [2024-04-29T17:30:29.883+0000] {dagbag.py:540} INFO - Filling up the DagBag from /home/airflow/.local/lib/python3.8/site-packages/airflow/example_dags/example_python_operator.py
[2024-04-29T17:30:29.896+0000] {processor.py:840} INFO - DAG(s) 'example_python_operator' retrieved from /home/airflow/.local/lib/python3.8/site-packages/airflow/example_dags/example_python_operator.py
[2024-04-29T17:30:29.920+0000] {logging_mixin.py:188} INFO - [2024-04-29T17:30:29.920+0000] {dag.py:3047} INFO - Sync 1 DAGs
[2024-04-29T17:30:29.936+0000] {logging_mixin.py:188} INFO - [2024-04-29T17:30:29.936+0000] {dag.py:3834} INFO - Setting next_dagrun for example_python_operator to None, run_after=None
[2024-04-29T17:30:29.957+0000] {processor.py:183} INFO - Processing /home/airflow/.local/lib/python3.8/site-packages/airflow/example_dags/example_python_operator.py took 0.079 seconds
[2024-04-29T17:31:00.195+0000] {processor.py:161} INFO - Started process (PID=680) to work on /home/airflow/.local/lib/python3.8/site-packages/airflow/example_dags/example_python_operator.py
[2024-04-29T17:31:00.196+0000] {processor.py:830} INFO - Processing file /home/airflow/.local/lib/python3.8/site-packages/airflow/example_dags/example_python_operator.py for tasks to queue
[2024-04-29T17:31:00.197+0000] {logging_mixin.py:188} INFO - [2024-04-29T17:31:00.197+0000] {dagbag.py:540} INFO - Filling up the DagBag from /home/airflow/.local/lib/python3.8/site-packages/airflow/example_dags/example_python_operator.py
[2024-04-29T17:31:00.210+0000] {processor.py:840} INFO - DAG(s) 'example_python_operator' retrieved from /home/airflow/.local/lib/python3.8/site-packages/airflow/example_dags/example_python_operator.py
[2024-04-29T17:31:00.232+0000] {logging_mixin.py:188} INFO - [2024-04-29T17:31:00.232+0000] {dag.py:3047} INFO - Sync 1 DAGs
[2024-04-29T17:31:00.248+0000] {logging_mixin.py:188} INFO - [2024-04-29T17:31:00.248+0000] {dag.py:3834} INFO - Setting next_dagrun for example_python_operator to None, run_after=None
[2024-04-29T17:31:00.270+0000] {processor.py:183} INFO - Processing /home/airflow/.local/lib/python3.8/site-packages/airflow/example_dags/example_python_operator.py took 0.079 seconds
[2024-04-29T17:31:30.836+0000] {processor.py:161} INFO - Started process (PID=927) to work on /home/airflow/.local/lib/python3.8/site-packages/airflow/example_dags/example_python_operator.py
[2024-04-29T17:31:30.837+0000] {processor.py:830} INFO - Processing file /home/airflow/.local/lib/python3.8/site-packages/airflow/example_dags/example_python_operator.py for tasks to queue
[2024-04-29T17:31:30.842+0000] {logging_mixin.py:188} INFO - [2024-04-29T17:31:30.842+0000] {dagbag.py:540} INFO - Filling up the DagBag from /home/airflow/.local/lib/python3.8/site-packages/airflow/example_dags/example_python_operator.py
[2024-04-29T17:31:30.865+0000] {processor.py:840} INFO - DAG(s) 'example_python_operator' retrieved from /home/airflow/.local/lib/python3.8/site-packages/airflow/example_dags/example_python_operator.py
[2024-04-29T17:31:30.904+0000] {logging_mixin.py:188} INFO - [2024-04-29T17:31:30.903+0000] {dag.py:3047} INFO - Sync 1 DAGs
[2024-04-29T17:31:30.916+0000] {logging_mixin.py:188} INFO - [2024-04-29T17:31:30.915+0000] {dag.py:3834} INFO - Setting next_dagrun for example_python_operator to None, run_after=None
[2024-04-29T17:31:30.935+0000] {processor.py:183} INFO - Processing /home/airflow/.local/lib/python3.8/site-packages/airflow/example_dags/example_python_operator.py took 0.103 seconds
[2024-04-29T17:32:01.238+0000] {processor.py:161} INFO - Started process (PID=1175) to work on /home/airflow/.local/lib/python3.8/site-packages/airflow/example_dags/example_python_operator.py
[2024-04-29T17:32:01.239+0000] {processor.py:830} INFO - Processing file /home/airflow/.local/lib/python3.8/site-packages/airflow/example_dags/example_python_operator.py for tasks to queue
[2024-04-29T17:32:01.240+0000] {logging_mixin.py:188} INFO - [2024-04-29T17:32:01.240+0000] {dagbag.py:540} INFO - Filling up the DagBag from /home/airflow/.local/lib/python3.8/site-packages/airflow/example_dags/example_python_operator.py
[2024-04-29T17:32:01.252+0000] {processor.py:840} INFO - DAG(s) 'example_python_operator' retrieved from /home/airflow/.local/lib/python3.8/site-packages/airflow/example_dags/example_python_operator.py
[2024-04-29T17:32:01.278+0000] {logging_mixin.py:188} INFO - [2024-04-29T17:32:01.278+0000] {dag.py:3047} INFO - Sync 1 DAGs
[2024-04-29T17:32:01.292+0000] {logging_mixin.py:188} INFO - [2024-04-29T17:32:01.291+0000] {dag.py:3834} INFO - Setting next_dagrun for example_python_operator to None, run_after=None
[2024-04-29T17:32:01.316+0000] {processor.py:183} INFO - Processing /home/airflow/.local/lib/python3.8/site-packages/airflow/example_dags/example_python_operator.py took 0.082 seconds
[2024-04-29T17:32:31.545+0000] {processor.py:161} INFO - Started process (PID=1423) to work on /home/airflow/.local/lib/python3.8/site-packages/airflow/example_dags/example_python_operator.py
[2024-04-29T17:32:31.546+0000] {processor.py:830} INFO - Processing file /home/airflow/.local/lib/python3.8/site-packages/airflow/example_dags/example_python_operator.py for tasks to queue
[2024-04-29T17:32:31.547+0000] {logging_mixin.py:188} INFO - [2024-04-29T17:32:31.547+0000] {dagbag.py:540} INFO - Filling up the DagBag from /home/airflow/.local/lib/python3.8/site-packages/airflow/example_dags/example_python_operator.py
[2024-04-29T17:32:31.559+0000] {processor.py:840} INFO - DAG(s) 'example_python_operator' retrieved from /home/airflow/.local/lib/python3.8/site-packages/airflow/example_dags/example_python_operator.py
[2024-04-29T17:32:31.585+0000] {logging_mixin.py:188} INFO - [2024-04-29T17:32:31.584+0000] {dag.py:3047} INFO - Sync 1 DAGs
[2024-04-29T17:32:31.600+0000] {logging_mixin.py:188} INFO - [2024-04-29T17:32:31.600+0000] {dag.py:3834} INFO - Setting next_dagrun for example_python_operator to None, run_after=None
[2024-04-29T17:32:31.623+0000] {processor.py:183} INFO - Processing /home/airflow/.local/lib/python3.8/site-packages/airflow/example_dags/example_python_operator.py took 0.082 seconds
[2024-04-29T17:33:02.336+0000] {processor.py:161} INFO - Started process (PID=1671) to work on /home/airflow/.local/lib/python3.8/site-packages/airflow/example_dags/example_python_operator.py
[2024-04-29T17:33:02.337+0000] {processor.py:830} INFO - Processing file /home/airflow/.local/lib/python3.8/site-packages/airflow/example_dags/example_python_operator.py for tasks to queue
[2024-04-29T17:33:02.338+0000] {logging_mixin.py:188} INFO - [2024-04-29T17:33:02.338+0000] {dagbag.py:540} INFO - Filling up the DagBag from /home/airflow/.local/lib/python3.8/site-packages/airflow/example_dags/example_python_operator.py
[2024-04-29T17:33:02.352+0000] {processor.py:840} INFO - DAG(s) 'example_python_operator' retrieved from /home/airflow/.local/lib/python3.8/site-packages/airflow/example_dags/example_python_operator.py
[2024-04-29T17:33:02.383+0000] {logging_mixin.py:188} INFO - [2024-04-29T17:33:02.383+0000] {dag.py:3047} INFO - Sync 1 DAGs
[2024-04-29T17:33:02.400+0000] {logging_mixin.py:188} INFO - [2024-04-29T17:33:02.400+0000] {dag.py:3834} INFO - Setting next_dagrun for example_python_operator to None, run_after=None
[2024-04-29T17:33:02.444+0000] {processor.py:183} INFO - Processing /home/airflow/.local/lib/python3.8/site-packages/airflow/example_dags/example_python_operator.py took 0.112 seconds
[2024-04-29T17:33:32.894+0000] {processor.py:161} INFO - Started process (PID=1918) to work on /home/airflow/.local/lib/python3.8/site-packages/airflow/example_dags/example_python_operator.py
[2024-04-29T17:33:32.895+0000] {processor.py:830} INFO - Processing file /home/airflow/.local/lib/python3.8/site-packages/airflow/example_dags/example_python_operator.py for tasks to queue
[2024-04-29T17:33:32.896+0000] {logging_mixin.py:188} INFO - [2024-04-29T17:33:32.896+0000] {dagbag.py:540} INFO - Filling up the DagBag from /home/airflow/.local/lib/python3.8/site-packages/airflow/example_dags/example_python_operator.py
[2024-04-29T17:33:32.909+0000] {processor.py:840} INFO - DAG(s) 'example_python_operator' retrieved from /home/airflow/.local/lib/python3.8/site-packages/airflow/example_dags/example_python_operator.py
[2024-04-29T17:33:32.942+0000] {logging_mixin.py:188} INFO - [2024-04-29T17:33:32.942+0000] {dag.py:3047} INFO - Sync 1 DAGs
[2024-04-29T17:33:32.970+0000] {logging_mixin.py:188} INFO - [2024-04-29T17:33:32.970+0000] {dag.py:3834} INFO - Setting next_dagrun for example_python_operator to None, run_after=None
[2024-04-29T17:33:33.016+0000] {processor.py:183} INFO - Processing /home/airflow/.local/lib/python3.8/site-packages/airflow/example_dags/example_python_operator.py took 0.125 seconds
[2024-04-29T17:34:03.303+0000] {processor.py:161} INFO - Started process (PID=2164) to work on /home/airflow/.local/lib/python3.8/site-packages/airflow/example_dags/example_python_operator.py
[2024-04-29T17:34:03.304+0000] {processor.py:830} INFO - Processing file /home/airflow/.local/lib/python3.8/site-packages/airflow/example_dags/example_python_operator.py for tasks to queue
[2024-04-29T17:34:03.305+0000] {logging_mixin.py:188} INFO - [2024-04-29T17:34:03.305+0000] {dagbag.py:540} INFO - Filling up the DagBag from /home/airflow/.local/lib/python3.8/site-packages/airflow/example_dags/example_python_operator.py
[2024-04-29T17:34:03.319+0000] {processor.py:840} INFO - DAG(s) 'example_python_operator' retrieved from /home/airflow/.local/lib/python3.8/site-packages/airflow/example_dags/example_python_operator.py
[2024-04-29T17:34:03.346+0000] {logging_mixin.py:188} INFO - [2024-04-29T17:34:03.346+0000] {dag.py:3047} INFO - Sync 1 DAGs
[2024-04-29T17:34:03.357+0000] {logging_mixin.py:188} INFO - [2024-04-29T17:34:03.357+0000] {dag.py:3834} INFO - Setting next_dagrun for example_python_operator to None, run_after=None
[2024-04-29T17:34:03.383+0000] {processor.py:183} INFO - Processing /home/airflow/.local/lib/python3.8/site-packages/airflow/example_dags/example_python_operator.py took 0.083 seconds
[2024-04-29T17:34:33.992+0000] {processor.py:161} INFO - Started process (PID=2411) to work on /home/airflow/.local/lib/python3.8/site-packages/airflow/example_dags/example_python_operator.py
[2024-04-29T17:34:33.993+0000] {processor.py:830} INFO - Processing file /home/airflow/.local/lib/python3.8/site-packages/airflow/example_dags/example_python_operator.py for tasks to queue
[2024-04-29T17:34:33.994+0000] {logging_mixin.py:188} INFO - [2024-04-29T17:34:33.994+0000] {dagbag.py:540} INFO - Filling up the DagBag from /home/airflow/.local/lib/python3.8/site-packages/airflow/example_dags/example_python_operator.py
[2024-04-29T17:34:34.006+0000] {processor.py:840} INFO - DAG(s) 'example_python_operator' retrieved from /home/airflow/.local/lib/python3.8/site-packages/airflow/example_dags/example_python_operator.py
[2024-04-29T17:34:34.032+0000] {logging_mixin.py:188} INFO - [2024-04-29T17:34:34.032+0000] {dag.py:3047} INFO - Sync 1 DAGs
[2024-04-29T17:34:34.047+0000] {logging_mixin.py:188} INFO - [2024-04-29T17:34:34.046+0000] {dag.py:3834} INFO - Setting next_dagrun for example_python_operator to None, run_after=None
[2024-04-29T17:34:34.070+0000] {processor.py:183} INFO - Processing /home/airflow/.local/lib/python3.8/site-packages/airflow/example_dags/example_python_operator.py took 0.081 seconds
[2024-04-29T17:35:04.406+0000] {processor.py:161} INFO - Started process (PID=2658) to work on /home/airflow/.local/lib/python3.8/site-packages/airflow/example_dags/example_python_operator.py
[2024-04-29T17:35:04.408+0000] {processor.py:830} INFO - Processing file /home/airflow/.local/lib/python3.8/site-packages/airflow/example_dags/example_python_operator.py for tasks to queue
[2024-04-29T17:35:04.409+0000] {logging_mixin.py:188} INFO - [2024-04-29T17:35:04.408+0000] {dagbag.py:540} INFO - Filling up the DagBag from /home/airflow/.local/lib/python3.8/site-packages/airflow/example_dags/example_python_operator.py
[2024-04-29T17:35:04.421+0000] {processor.py:840} INFO - DAG(s) 'example_python_operator' retrieved from /home/airflow/.local/lib/python3.8/site-packages/airflow/example_dags/example_python_operator.py
[2024-04-29T17:35:04.448+0000] {logging_mixin.py:188} INFO - [2024-04-29T17:35:04.447+0000] {dag.py:3047} INFO - Sync 1 DAGs
[2024-04-29T17:35:04.461+0000] {logging_mixin.py:188} INFO - [2024-04-29T17:35:04.461+0000] {dag.py:3834} INFO - Setting next_dagrun for example_python_operator to None, run_after=None
[2024-04-29T17:35:04.483+0000] {processor.py:183} INFO - Processing /home/airflow/.local/lib/python3.8/site-packages/airflow/example_dags/example_python_operator.py took 0.082 seconds
[2024-04-29T17:35:35.280+0000] {processor.py:161} INFO - Started process (PID=2905) to work on /home/airflow/.local/lib/python3.8/site-packages/airflow/example_dags/example_python_operator.py
[2024-04-29T17:35:35.281+0000] {processor.py:830} INFO - Processing file /home/airflow/.local/lib/python3.8/site-packages/airflow/example_dags/example_python_operator.py for tasks to queue
[2024-04-29T17:35:35.282+0000] {logging_mixin.py:188} INFO - [2024-04-29T17:35:35.281+0000] {dagbag.py:540} INFO - Filling up the DagBag from /home/airflow/.local/lib/python3.8/site-packages/airflow/example_dags/example_python_operator.py
[2024-04-29T17:35:35.294+0000] {processor.py:840} INFO - DAG(s) 'example_python_operator' retrieved from /home/airflow/.local/lib/python3.8/site-packages/airflow/example_dags/example_python_operator.py
[2024-04-29T17:35:35.319+0000] {logging_mixin.py:188} INFO - [2024-04-29T17:35:35.319+0000] {dag.py:3047} INFO - Sync 1 DAGs
[2024-04-29T17:35:35.336+0000] {logging_mixin.py:188} INFO - [2024-04-29T17:35:35.336+0000] {dag.py:3834} INFO - Setting next_dagrun for example_python_operator to None, run_after=None
[2024-04-29T17:35:35.358+0000] {processor.py:183} INFO - Processing /home/airflow/.local/lib/python3.8/site-packages/airflow/example_dags/example_python_operator.py took 0.082 seconds
[2024-04-29T17:36:05.816+0000] {processor.py:161} INFO - Started process (PID=3154) to work on /home/airflow/.local/lib/python3.8/site-packages/airflow/example_dags/example_python_operator.py
[2024-04-29T17:36:05.817+0000] {processor.py:830} INFO - Processing file /home/airflow/.local/lib/python3.8/site-packages/airflow/example_dags/example_python_operator.py for tasks to queue
[2024-04-29T17:36:05.819+0000] {logging_mixin.py:188} INFO - [2024-04-29T17:36:05.818+0000] {dagbag.py:540} INFO - Filling up the DagBag from /home/airflow/.local/lib/python3.8/site-packages/airflow/example_dags/example_python_operator.py
[2024-04-29T17:36:05.837+0000] {processor.py:840} INFO - DAG(s) 'example_python_operator' retrieved from /home/airflow/.local/lib/python3.8/site-packages/airflow/example_dags/example_python_operator.py
[2024-04-29T17:36:05.871+0000] {logging_mixin.py:188} INFO - [2024-04-29T17:36:05.871+0000] {dag.py:3047} INFO - Sync 1 DAGs
[2024-04-29T17:36:05.905+0000] {logging_mixin.py:188} INFO - [2024-04-29T17:36:05.905+0000] {dag.py:3834} INFO - Setting next_dagrun for example_python_operator to None, run_after=None
[2024-04-29T17:36:05.937+0000] {processor.py:183} INFO - Processing /home/airflow/.local/lib/python3.8/site-packages/airflow/example_dags/example_python_operator.py took 0.125 seconds
[2024-04-29T17:36:36.341+0000] {processor.py:161} INFO - Started process (PID=3402) to work on /home/airflow/.local/lib/python3.8/site-packages/airflow/example_dags/example_python_operator.py
[2024-04-29T17:36:36.342+0000] {processor.py:830} INFO - Processing file /home/airflow/.local/lib/python3.8/site-packages/airflow/example_dags/example_python_operator.py for tasks to queue
[2024-04-29T17:36:36.343+0000] {logging_mixin.py:188} INFO - [2024-04-29T17:36:36.343+0000] {dagbag.py:540} INFO - Filling up the DagBag from /home/airflow/.local/lib/python3.8/site-packages/airflow/example_dags/example_python_operator.py
[2024-04-29T17:36:36.352+0000] {processor.py:840} INFO - DAG(s) 'example_python_operator' retrieved from /home/airflow/.local/lib/python3.8/site-packages/airflow/example_dags/example_python_operator.py
[2024-04-29T17:36:36.379+0000] {logging_mixin.py:188} INFO - [2024-04-29T17:36:36.378+0000] {dag.py:3047} INFO - Sync 1 DAGs
[2024-04-29T17:36:36.392+0000] {logging_mixin.py:188} INFO - [2024-04-29T17:36:36.392+0000] {dag.py:3834} INFO - Setting next_dagrun for example_python_operator to None, run_after=None
[2024-04-29T17:36:36.452+0000] {processor.py:183} INFO - Processing /home/airflow/.local/lib/python3.8/site-packages/airflow/example_dags/example_python_operator.py took 0.115 seconds
[2024-04-29T17:37:07.916+0000] {processor.py:161} INFO - Started process (PID=3679) to work on /home/airflow/.local/lib/python3.8/site-packages/airflow/example_dags/example_python_operator.py
[2024-04-29T17:37:08.023+0000] {processor.py:830} INFO - Processing file /home/airflow/.local/lib/python3.8/site-packages/airflow/example_dags/example_python_operator.py for tasks to queue
[2024-04-29T17:37:08.025+0000] {logging_mixin.py:188} INFO - [2024-04-29T17:37:08.025+0000] {dagbag.py:540} INFO - Filling up the DagBag from /home/airflow/.local/lib/python3.8/site-packages/airflow/example_dags/example_python_operator.py
[2024-04-29T17:37:08.320+0000] {processor.py:840} INFO - DAG(s) 'example_python_operator' retrieved from /home/airflow/.local/lib/python3.8/site-packages/airflow/example_dags/example_python_operator.py
[2024-04-29T17:37:08.390+0000] {logging_mixin.py:188} INFO - [2024-04-29T17:37:08.389+0000] {dag.py:3047} INFO - Sync 1 DAGs
[2024-04-29T17:37:08.425+0000] {logging_mixin.py:188} INFO - [2024-04-29T17:37:08.424+0000] {dag.py:3834} INFO - Setting next_dagrun for example_python_operator to None, run_after=None
[2024-04-29T17:37:08.609+0000] {processor.py:183} INFO - Processing /home/airflow/.local/lib/python3.8/site-packages/airflow/example_dags/example_python_operator.py took 0.700 seconds
[2024-04-29T17:37:38.889+0000] {processor.py:161} INFO - Started process (PID=4030) to work on /home/airflow/.local/lib/python3.8/site-packages/airflow/example_dags/example_python_operator.py
[2024-04-29T17:37:38.889+0000] {processor.py:830} INFO - Processing file /home/airflow/.local/lib/python3.8/site-packages/airflow/example_dags/example_python_operator.py for tasks to queue
[2024-04-29T17:37:38.890+0000] {logging_mixin.py:188} INFO - [2024-04-29T17:37:38.890+0000] {dagbag.py:540} INFO - Filling up the DagBag from /home/airflow/.local/lib/python3.8/site-packages/airflow/example_dags/example_python_operator.py
[2024-04-29T17:37:38.898+0000] {processor.py:840} INFO - DAG(s) 'example_python_operator' retrieved from /home/airflow/.local/lib/python3.8/site-packages/airflow/example_dags/example_python_operator.py
[2024-04-29T17:37:38.917+0000] {logging_mixin.py:188} INFO - [2024-04-29T17:37:38.917+0000] {dag.py:3047} INFO - Sync 1 DAGs
[2024-04-29T17:37:38.928+0000] {logging_mixin.py:188} INFO - [2024-04-29T17:37:38.928+0000] {dag.py:3834} INFO - Setting next_dagrun for example_python_operator to None, run_after=None
[2024-04-29T17:37:38.951+0000] {processor.py:183} INFO - Processing /home/airflow/.local/lib/python3.8/site-packages/airflow/example_dags/example_python_operator.py took 0.065 seconds
[2024-04-29T17:38:09.386+0000] {processor.py:161} INFO - Started process (PID=4290) to work on /home/airflow/.local/lib/python3.8/site-packages/airflow/example_dags/example_python_operator.py
[2024-04-29T17:38:09.387+0000] {processor.py:830} INFO - Processing file /home/airflow/.local/lib/python3.8/site-packages/airflow/example_dags/example_python_operator.py for tasks to queue
[2024-04-29T17:38:09.388+0000] {logging_mixin.py:188} INFO - [2024-04-29T17:38:09.387+0000] {dagbag.py:540} INFO - Filling up the DagBag from /home/airflow/.local/lib/python3.8/site-packages/airflow/example_dags/example_python_operator.py
[2024-04-29T17:38:09.399+0000] {processor.py:840} INFO - DAG(s) 'example_python_operator' retrieved from /home/airflow/.local/lib/python3.8/site-packages/airflow/example_dags/example_python_operator.py
[2024-04-29T17:38:09.426+0000] {logging_mixin.py:188} INFO - [2024-04-29T17:38:09.426+0000] {dag.py:3047} INFO - Sync 1 DAGs
[2024-04-29T17:38:09.442+0000] {logging_mixin.py:188} INFO - [2024-04-29T17:38:09.441+0000] {dag.py:3834} INFO - Setting next_dagrun for example_python_operator to None, run_after=None
[2024-04-29T17:38:09.468+0000] {processor.py:183} INFO - Processing /home/airflow/.local/lib/python3.8/site-packages/airflow/example_dags/example_python_operator.py took 0.085 seconds
[2024-04-29T17:38:39.724+0000] {processor.py:161} INFO - Started process (PID=4538) to work on /home/airflow/.local/lib/python3.8/site-packages/airflow/example_dags/example_python_operator.py
[2024-04-29T17:38:39.725+0000] {processor.py:830} INFO - Processing file /home/airflow/.local/lib/python3.8/site-packages/airflow/example_dags/example_python_operator.py for tasks to queue
[2024-04-29T17:38:39.726+0000] {logging_mixin.py:188} INFO - [2024-04-29T17:38:39.725+0000] {dagbag.py:540} INFO - Filling up the DagBag from /home/airflow/.local/lib/python3.8/site-packages/airflow/example_dags/example_python_operator.py
[2024-04-29T17:38:39.737+0000] {processor.py:840} INFO - DAG(s) 'example_python_operator' retrieved from /home/airflow/.local/lib/python3.8/site-packages/airflow/example_dags/example_python_operator.py
[2024-04-29T17:38:39.764+0000] {logging_mixin.py:188} INFO - [2024-04-29T17:38:39.764+0000] {dag.py:3047} INFO - Sync 1 DAGs
[2024-04-29T17:38:39.780+0000] {logging_mixin.py:188} INFO - [2024-04-29T17:38:39.779+0000] {dag.py:3834} INFO - Setting next_dagrun for example_python_operator to None, run_after=None
[2024-04-29T17:38:39.805+0000] {processor.py:183} INFO - Processing /home/airflow/.local/lib/python3.8/site-packages/airflow/example_dags/example_python_operator.py took 0.085 seconds
[2024-04-29T17:39:10.169+0000] {processor.py:161} INFO - Started process (PID=4786) to work on /home/airflow/.local/lib/python3.8/site-packages/airflow/example_dags/example_python_operator.py
[2024-04-29T17:39:10.170+0000] {processor.py:830} INFO - Processing file /home/airflow/.local/lib/python3.8/site-packages/airflow/example_dags/example_python_operator.py for tasks to queue
[2024-04-29T17:39:10.171+0000] {logging_mixin.py:188} INFO - [2024-04-29T17:39:10.171+0000] {dagbag.py:540} INFO - Filling up the DagBag from /home/airflow/.local/lib/python3.8/site-packages/airflow/example_dags/example_python_operator.py
[2024-04-29T17:39:10.197+0000] {processor.py:840} INFO - DAG(s) 'example_python_operator' retrieved from /home/airflow/.local/lib/python3.8/site-packages/airflow/example_dags/example_python_operator.py
[2024-04-29T17:39:10.232+0000] {logging_mixin.py:188} INFO - [2024-04-29T17:39:10.232+0000] {dag.py:3047} INFO - Sync 1 DAGs
[2024-04-29T17:39:10.251+0000] {logging_mixin.py:188} INFO - [2024-04-29T17:39:10.251+0000] {dag.py:3834} INFO - Setting next_dagrun for example_python_operator to None, run_after=None
[2024-04-29T17:39:10.299+0000] {processor.py:183} INFO - Processing /home/airflow/.local/lib/python3.8/site-packages/airflow/example_dags/example_python_operator.py took 0.133 seconds
[2024-04-29T17:39:40.704+0000] {processor.py:161} INFO - Started process (PID=5032) to work on /home/airflow/.local/lib/python3.8/site-packages/airflow/example_dags/example_python_operator.py
[2024-04-29T17:39:40.705+0000] {processor.py:830} INFO - Processing file /home/airflow/.local/lib/python3.8/site-packages/airflow/example_dags/example_python_operator.py for tasks to queue
[2024-04-29T17:39:40.706+0000] {logging_mixin.py:188} INFO - [2024-04-29T17:39:40.705+0000] {dagbag.py:540} INFO - Filling up the DagBag from /home/airflow/.local/lib/python3.8/site-packages/airflow/example_dags/example_python_operator.py
[2024-04-29T17:39:40.717+0000] {processor.py:840} INFO - DAG(s) 'example_python_operator' retrieved from /home/airflow/.local/lib/python3.8/site-packages/airflow/example_dags/example_python_operator.py
[2024-04-29T17:39:40.743+0000] {logging_mixin.py:188} INFO - [2024-04-29T17:39:40.743+0000] {dag.py:3047} INFO - Sync 1 DAGs
[2024-04-29T17:39:40.758+0000] {logging_mixin.py:188} INFO - [2024-04-29T17:39:40.757+0000] {dag.py:3834} INFO - Setting next_dagrun for example_python_operator to None, run_after=None
[2024-04-29T17:39:40.784+0000] {processor.py:183} INFO - Processing /home/airflow/.local/lib/python3.8/site-packages/airflow/example_dags/example_python_operator.py took 0.084 seconds
[2024-04-29T17:40:11.451+0000] {processor.py:161} INFO - Started process (PID=5280) to work on /home/airflow/.local/lib/python3.8/site-packages/airflow/example_dags/example_python_operator.py
[2024-04-29T17:40:11.452+0000] {processor.py:830} INFO - Processing file /home/airflow/.local/lib/python3.8/site-packages/airflow/example_dags/example_python_operator.py for tasks to queue
[2024-04-29T17:40:11.453+0000] {logging_mixin.py:188} INFO - [2024-04-29T17:40:11.453+0000] {dagbag.py:540} INFO - Filling up the DagBag from /home/airflow/.local/lib/python3.8/site-packages/airflow/example_dags/example_python_operator.py
[2024-04-29T17:40:11.476+0000] {processor.py:840} INFO - DAG(s) 'example_python_operator' retrieved from /home/airflow/.local/lib/python3.8/site-packages/airflow/example_dags/example_python_operator.py
[2024-04-29T17:40:11.503+0000] {logging_mixin.py:188} INFO - [2024-04-29T17:40:11.502+0000] {dag.py:3047} INFO - Sync 1 DAGs
[2024-04-29T17:40:11.520+0000] {logging_mixin.py:188} INFO - [2024-04-29T17:40:11.520+0000] {dag.py:3834} INFO - Setting next_dagrun for example_python_operator to None, run_after=None
[2024-04-29T17:40:11.548+0000] {processor.py:183} INFO - Processing /home/airflow/.local/lib/python3.8/site-packages/airflow/example_dags/example_python_operator.py took 0.102 seconds
[2024-04-29T17:40:41.911+0000] {processor.py:161} INFO - Started process (PID=5527) to work on /home/airflow/.local/lib/python3.8/site-packages/airflow/example_dags/example_python_operator.py
[2024-04-29T17:40:41.913+0000] {processor.py:830} INFO - Processing file /home/airflow/.local/lib/python3.8/site-packages/airflow/example_dags/example_python_operator.py for tasks to queue
[2024-04-29T17:40:41.914+0000] {logging_mixin.py:188} INFO - [2024-04-29T17:40:41.913+0000] {dagbag.py:540} INFO - Filling up the DagBag from /home/airflow/.local/lib/python3.8/site-packages/airflow/example_dags/example_python_operator.py
[2024-04-29T17:40:41.926+0000] {processor.py:840} INFO - DAG(s) 'example_python_operator' retrieved from /home/airflow/.local/lib/python3.8/site-packages/airflow/example_dags/example_python_operator.py
[2024-04-29T17:40:41.953+0000] {logging_mixin.py:188} INFO - [2024-04-29T17:40:41.953+0000] {dag.py:3047} INFO - Sync 1 DAGs
[2024-04-29T17:40:41.968+0000] {logging_mixin.py:188} INFO - [2024-04-29T17:40:41.968+0000] {dag.py:3834} INFO - Setting next_dagrun for example_python_operator to None, run_after=None
[2024-04-29T17:40:41.996+0000] {processor.py:183} INFO - Processing /home/airflow/.local/lib/python3.8/site-packages/airflow/example_dags/example_python_operator.py took 0.088 seconds
[2024-04-29T17:41:12.103+0000] {processor.py:161} INFO - Started process (PID=5772) to work on /home/airflow/.local/lib/python3.8/site-packages/airflow/example_dags/example_python_operator.py
[2024-04-29T17:41:12.104+0000] {processor.py:830} INFO - Processing file /home/airflow/.local/lib/python3.8/site-packages/airflow/example_dags/example_python_operator.py for tasks to queue
[2024-04-29T17:41:12.105+0000] {logging_mixin.py:188} INFO - [2024-04-29T17:41:12.105+0000] {dagbag.py:540} INFO - Filling up the DagBag from /home/airflow/.local/lib/python3.8/site-packages/airflow/example_dags/example_python_operator.py
[2024-04-29T17:41:12.129+0000] {processor.py:840} INFO - DAG(s) 'example_python_operator' retrieved from /home/airflow/.local/lib/python3.8/site-packages/airflow/example_dags/example_python_operator.py
[2024-04-29T17:41:12.170+0000] {logging_mixin.py:188} INFO - [2024-04-29T17:41:12.165+0000] {dag.py:3047} INFO - Sync 1 DAGs
[2024-04-29T17:41:12.190+0000] {logging_mixin.py:188} INFO - [2024-04-29T17:41:12.189+0000] {dag.py:3834} INFO - Setting next_dagrun for example_python_operator to None, run_after=None
[2024-04-29T17:41:12.217+0000] {processor.py:183} INFO - Processing /home/airflow/.local/lib/python3.8/site-packages/airflow/example_dags/example_python_operator.py took 0.118 seconds
[2024-04-29T17:41:42.450+0000] {processor.py:161} INFO - Started process (PID=6019) to work on /home/airflow/.local/lib/python3.8/site-packages/airflow/example_dags/example_python_operator.py
[2024-04-29T17:41:42.451+0000] {processor.py:830} INFO - Processing file /home/airflow/.local/lib/python3.8/site-packages/airflow/example_dags/example_python_operator.py for tasks to queue
[2024-04-29T17:41:42.452+0000] {logging_mixin.py:188} INFO - [2024-04-29T17:41:42.452+0000] {dagbag.py:540} INFO - Filling up the DagBag from /home/airflow/.local/lib/python3.8/site-packages/airflow/example_dags/example_python_operator.py
[2024-04-29T17:41:42.463+0000] {processor.py:840} INFO - DAG(s) 'example_python_operator' retrieved from /home/airflow/.local/lib/python3.8/site-packages/airflow/example_dags/example_python_operator.py
[2024-04-29T17:41:42.488+0000] {logging_mixin.py:188} INFO - [2024-04-29T17:41:42.487+0000] {dag.py:3047} INFO - Sync 1 DAGs
[2024-04-29T17:41:42.503+0000] {logging_mixin.py:188} INFO - [2024-04-29T17:41:42.503+0000] {dag.py:3834} INFO - Setting next_dagrun for example_python_operator to None, run_after=None
[2024-04-29T17:41:42.528+0000] {processor.py:183} INFO - Processing /home/airflow/.local/lib/python3.8/site-packages/airflow/example_dags/example_python_operator.py took 0.081 seconds
[2024-04-29T17:42:12.787+0000] {processor.py:161} INFO - Started process (PID=6266) to work on /home/airflow/.local/lib/python3.8/site-packages/airflow/example_dags/example_python_operator.py
[2024-04-29T17:42:12.788+0000] {processor.py:830} INFO - Processing file /home/airflow/.local/lib/python3.8/site-packages/airflow/example_dags/example_python_operator.py for tasks to queue
[2024-04-29T17:42:12.789+0000] {logging_mixin.py:188} INFO - [2024-04-29T17:42:12.788+0000] {dagbag.py:540} INFO - Filling up the DagBag from /home/airflow/.local/lib/python3.8/site-packages/airflow/example_dags/example_python_operator.py
[2024-04-29T17:42:12.808+0000] {processor.py:840} INFO - DAG(s) 'example_python_operator' retrieved from /home/airflow/.local/lib/python3.8/site-packages/airflow/example_dags/example_python_operator.py
[2024-04-29T17:42:12.846+0000] {logging_mixin.py:188} INFO - [2024-04-29T17:42:12.846+0000] {dag.py:3047} INFO - Sync 1 DAGs
[2024-04-29T17:42:12.861+0000] {logging_mixin.py:188} INFO - [2024-04-29T17:42:12.861+0000] {dag.py:3834} INFO - Setting next_dagrun for example_python_operator to None, run_after=None
[2024-04-29T17:42:12.885+0000] {processor.py:183} INFO - Processing /home/airflow/.local/lib/python3.8/site-packages/airflow/example_dags/example_python_operator.py took 0.102 seconds
[2024-04-29T17:42:43.098+0000] {processor.py:161} INFO - Started process (PID=6513) to work on /home/airflow/.local/lib/python3.8/site-packages/airflow/example_dags/example_python_operator.py
[2024-04-29T17:42:43.099+0000] {processor.py:830} INFO - Processing file /home/airflow/.local/lib/python3.8/site-packages/airflow/example_dags/example_python_operator.py for tasks to queue
[2024-04-29T17:42:43.100+0000] {logging_mixin.py:188} INFO - [2024-04-29T17:42:43.099+0000] {dagbag.py:540} INFO - Filling up the DagBag from /home/airflow/.local/lib/python3.8/site-packages/airflow/example_dags/example_python_operator.py
[2024-04-29T17:42:43.113+0000] {processor.py:840} INFO - DAG(s) 'example_python_operator' retrieved from /home/airflow/.local/lib/python3.8/site-packages/airflow/example_dags/example_python_operator.py
[2024-04-29T17:42:43.138+0000] {logging_mixin.py:188} INFO - [2024-04-29T17:42:43.137+0000] {dag.py:3047} INFO - Sync 1 DAGs
[2024-04-29T17:42:43.154+0000] {logging_mixin.py:188} INFO - [2024-04-29T17:42:43.154+0000] {dag.py:3834} INFO - Setting next_dagrun for example_python_operator to None, run_after=None
[2024-04-29T17:42:43.179+0000] {processor.py:183} INFO - Processing /home/airflow/.local/lib/python3.8/site-packages/airflow/example_dags/example_python_operator.py took 0.084 seconds
[2024-04-29T17:43:13.440+0000] {processor.py:161} INFO - Started process (PID=6762) to work on /home/airflow/.local/lib/python3.8/site-packages/airflow/example_dags/example_python_operator.py
[2024-04-29T17:43:13.441+0000] {processor.py:830} INFO - Processing file /home/airflow/.local/lib/python3.8/site-packages/airflow/example_dags/example_python_operator.py for tasks to queue
[2024-04-29T17:43:13.442+0000] {logging_mixin.py:188} INFO - [2024-04-29T17:43:13.442+0000] {dagbag.py:540} INFO - Filling up the DagBag from /home/airflow/.local/lib/python3.8/site-packages/airflow/example_dags/example_python_operator.py
[2024-04-29T17:43:13.453+0000] {processor.py:840} INFO - DAG(s) 'example_python_operator' retrieved from /home/airflow/.local/lib/python3.8/site-packages/airflow/example_dags/example_python_operator.py
[2024-04-29T17:43:13.487+0000] {logging_mixin.py:188} INFO - [2024-04-29T17:43:13.487+0000] {dag.py:3047} INFO - Sync 1 DAGs
[2024-04-29T17:43:13.503+0000] {logging_mixin.py:188} INFO - [2024-04-29T17:43:13.503+0000] {dag.py:3834} INFO - Setting next_dagrun for example_python_operator to None, run_after=None
[2024-04-29T17:43:13.534+0000] {processor.py:183} INFO - Processing /home/airflow/.local/lib/python3.8/site-packages/airflow/example_dags/example_python_operator.py took 0.097 seconds
[2024-04-29T17:43:43.641+0000] {processor.py:161} INFO - Started process (PID=7007) to work on /home/airflow/.local/lib/python3.8/site-packages/airflow/example_dags/example_python_operator.py
[2024-04-29T17:43:43.642+0000] {processor.py:830} INFO - Processing file /home/airflow/.local/lib/python3.8/site-packages/airflow/example_dags/example_python_operator.py for tasks to queue
[2024-04-29T17:43:43.643+0000] {logging_mixin.py:188} INFO - [2024-04-29T17:43:43.643+0000] {dagbag.py:540} INFO - Filling up the DagBag from /home/airflow/.local/lib/python3.8/site-packages/airflow/example_dags/example_python_operator.py
[2024-04-29T17:43:43.654+0000] {processor.py:840} INFO - DAG(s) 'example_python_operator' retrieved from /home/airflow/.local/lib/python3.8/site-packages/airflow/example_dags/example_python_operator.py
[2024-04-29T17:43:43.672+0000] {logging_mixin.py:188} INFO - [2024-04-29T17:43:43.672+0000] {dag.py:3047} INFO - Sync 1 DAGs
[2024-04-29T17:43:43.682+0000] {logging_mixin.py:188} INFO - [2024-04-29T17:43:43.682+0000] {dag.py:3834} INFO - Setting next_dagrun for example_python_operator to None, run_after=None
[2024-04-29T17:43:43.705+0000] {processor.py:183} INFO - Processing /home/airflow/.local/lib/python3.8/site-packages/airflow/example_dags/example_python_operator.py took 0.067 seconds
[2024-04-29T17:44:13.935+0000] {processor.py:161} INFO - Started process (PID=7255) to work on /home/airflow/.local/lib/python3.8/site-packages/airflow/example_dags/example_python_operator.py
[2024-04-29T17:44:13.936+0000] {processor.py:830} INFO - Processing file /home/airflow/.local/lib/python3.8/site-packages/airflow/example_dags/example_python_operator.py for tasks to queue
[2024-04-29T17:44:13.937+0000] {logging_mixin.py:188} INFO - [2024-04-29T17:44:13.937+0000] {dagbag.py:540} INFO - Filling up the DagBag from /home/airflow/.local/lib/python3.8/site-packages/airflow/example_dags/example_python_operator.py
[2024-04-29T17:44:13.949+0000] {processor.py:840} INFO - DAG(s) 'example_python_operator' retrieved from /home/airflow/.local/lib/python3.8/site-packages/airflow/example_dags/example_python_operator.py
[2024-04-29T17:44:13.975+0000] {logging_mixin.py:188} INFO - [2024-04-29T17:44:13.975+0000] {dag.py:3047} INFO - Sync 1 DAGs
[2024-04-29T17:44:14.001+0000] {logging_mixin.py:188} INFO - [2024-04-29T17:44:14.001+0000] {dag.py:3834} INFO - Setting next_dagrun for example_python_operator to None, run_after=None
[2024-04-29T17:44:14.067+0000] {processor.py:183} INFO - Processing /home/airflow/.local/lib/python3.8/site-packages/airflow/example_dags/example_python_operator.py took 0.135 seconds
[2024-04-29T17:44:44.258+0000] {processor.py:161} INFO - Started process (PID=7501) to work on /home/airflow/.local/lib/python3.8/site-packages/airflow/example_dags/example_python_operator.py
[2024-04-29T17:44:44.259+0000] {processor.py:830} INFO - Processing file /home/airflow/.local/lib/python3.8/site-packages/airflow/example_dags/example_python_operator.py for tasks to queue
[2024-04-29T17:44:44.260+0000] {logging_mixin.py:188} INFO - [2024-04-29T17:44:44.259+0000] {dagbag.py:540} INFO - Filling up the DagBag from /home/airflow/.local/lib/python3.8/site-packages/airflow/example_dags/example_python_operator.py
[2024-04-29T17:44:44.271+0000] {processor.py:840} INFO - DAG(s) 'example_python_operator' retrieved from /home/airflow/.local/lib/python3.8/site-packages/airflow/example_dags/example_python_operator.py
[2024-04-29T17:44:44.297+0000] {logging_mixin.py:188} INFO - [2024-04-29T17:44:44.297+0000] {dag.py:3047} INFO - Sync 1 DAGs
[2024-04-29T17:44:44.313+0000] {logging_mixin.py:188} INFO - [2024-04-29T17:44:44.312+0000] {dag.py:3834} INFO - Setting next_dagrun for example_python_operator to None, run_after=None
[2024-04-29T17:44:44.338+0000] {processor.py:183} INFO - Processing /home/airflow/.local/lib/python3.8/site-packages/airflow/example_dags/example_python_operator.py took 0.083 seconds
[2024-04-29T17:45:14.783+0000] {processor.py:161} INFO - Started process (PID=7748) to work on /home/airflow/.local/lib/python3.8/site-packages/airflow/example_dags/example_python_operator.py
[2024-04-29T17:45:14.784+0000] {processor.py:830} INFO - Processing file /home/airflow/.local/lib/python3.8/site-packages/airflow/example_dags/example_python_operator.py for tasks to queue
[2024-04-29T17:45:14.785+0000] {logging_mixin.py:188} INFO - [2024-04-29T17:45:14.784+0000] {dagbag.py:540} INFO - Filling up the DagBag from /home/airflow/.local/lib/python3.8/site-packages/airflow/example_dags/example_python_operator.py
[2024-04-29T17:45:14.797+0000] {processor.py:840} INFO - DAG(s) 'example_python_operator' retrieved from /home/airflow/.local/lib/python3.8/site-packages/airflow/example_dags/example_python_operator.py
[2024-04-29T17:45:14.826+0000] {logging_mixin.py:188} INFO - [2024-04-29T17:45:14.825+0000] {dag.py:3047} INFO - Sync 1 DAGs
[2024-04-29T17:45:14.840+0000] {logging_mixin.py:188} INFO - [2024-04-29T17:45:14.840+0000] {dag.py:3834} INFO - Setting next_dagrun for example_python_operator to None, run_after=None
[2024-04-29T17:45:14.863+0000] {processor.py:183} INFO - Processing /home/airflow/.local/lib/python3.8/site-packages/airflow/example_dags/example_python_operator.py took 0.084 seconds
[2024-04-29T17:45:45.088+0000] {processor.py:161} INFO - Started process (PID=7996) to work on /home/airflow/.local/lib/python3.8/site-packages/airflow/example_dags/example_python_operator.py
[2024-04-29T17:45:45.089+0000] {processor.py:830} INFO - Processing file /home/airflow/.local/lib/python3.8/site-packages/airflow/example_dags/example_python_operator.py for tasks to queue
[2024-04-29T17:45:45.090+0000] {logging_mixin.py:188} INFO - [2024-04-29T17:45:45.090+0000] {dagbag.py:540} INFO - Filling up the DagBag from /home/airflow/.local/lib/python3.8/site-packages/airflow/example_dags/example_python_operator.py
[2024-04-29T17:45:45.102+0000] {processor.py:840} INFO - DAG(s) 'example_python_operator' retrieved from /home/airflow/.local/lib/python3.8/site-packages/airflow/example_dags/example_python_operator.py
[2024-04-29T17:45:45.138+0000] {logging_mixin.py:188} INFO - [2024-04-29T17:45:45.138+0000] {dag.py:3047} INFO - Sync 1 DAGs
[2024-04-29T17:45:45.160+0000] {logging_mixin.py:188} INFO - [2024-04-29T17:45:45.160+0000] {dag.py:3834} INFO - Setting next_dagrun for example_python_operator to None, run_after=None
[2024-04-29T17:45:45.212+0000] {processor.py:183} INFO - Processing /home/airflow/.local/lib/python3.8/site-packages/airflow/example_dags/example_python_operator.py took 0.127 seconds
[2024-04-29T17:46:15.541+0000] {processor.py:161} INFO - Started process (PID=8244) to work on /home/airflow/.local/lib/python3.8/site-packages/airflow/example_dags/example_python_operator.py
[2024-04-29T17:46:15.542+0000] {processor.py:830} INFO - Processing file /home/airflow/.local/lib/python3.8/site-packages/airflow/example_dags/example_python_operator.py for tasks to queue
[2024-04-29T17:46:15.543+0000] {logging_mixin.py:188} INFO - [2024-04-29T17:46:15.543+0000] {dagbag.py:540} INFO - Filling up the DagBag from /home/airflow/.local/lib/python3.8/site-packages/airflow/example_dags/example_python_operator.py
[2024-04-29T17:46:15.556+0000] {processor.py:840} INFO - DAG(s) 'example_python_operator' retrieved from /home/airflow/.local/lib/python3.8/site-packages/airflow/example_dags/example_python_operator.py
[2024-04-29T17:46:15.580+0000] {logging_mixin.py:188} INFO - [2024-04-29T17:46:15.580+0000] {dag.py:3047} INFO - Sync 1 DAGs
[2024-04-29T17:46:15.594+0000] {logging_mixin.py:188} INFO - [2024-04-29T17:46:15.594+0000] {dag.py:3834} INFO - Setting next_dagrun for example_python_operator to None, run_after=None
[2024-04-29T17:46:15.619+0000] {processor.py:183} INFO - Processing /home/airflow/.local/lib/python3.8/site-packages/airflow/example_dags/example_python_operator.py took 0.081 seconds
[2024-04-29T17:46:45.733+0000] {processor.py:161} INFO - Started process (PID=8492) to work on /home/airflow/.local/lib/python3.8/site-packages/airflow/example_dags/example_python_operator.py
[2024-04-29T17:46:45.733+0000] {processor.py:830} INFO - Processing file /home/airflow/.local/lib/python3.8/site-packages/airflow/example_dags/example_python_operator.py for tasks to queue
[2024-04-29T17:46:45.734+0000] {logging_mixin.py:188} INFO - [2024-04-29T17:46:45.734+0000] {dagbag.py:540} INFO - Filling up the DagBag from /home/airflow/.local/lib/python3.8/site-packages/airflow/example_dags/example_python_operator.py
[2024-04-29T17:46:45.745+0000] {processor.py:840} INFO - DAG(s) 'example_python_operator' retrieved from /home/airflow/.local/lib/python3.8/site-packages/airflow/example_dags/example_python_operator.py
[2024-04-29T17:46:45.773+0000] {logging_mixin.py:188} INFO - [2024-04-29T17:46:45.773+0000] {dag.py:3047} INFO - Sync 1 DAGs
[2024-04-29T17:46:45.789+0000] {logging_mixin.py:188} INFO - [2024-04-29T17:46:45.788+0000] {dag.py:3834} INFO - Setting next_dagrun for example_python_operator to None, run_after=None
[2024-04-29T17:46:45.822+0000] {processor.py:183} INFO - Processing /home/airflow/.local/lib/python3.8/site-packages/airflow/example_dags/example_python_operator.py took 0.093 seconds
[2024-04-29T17:47:16.462+0000] {processor.py:161} INFO - Started process (PID=8746) to work on /home/airflow/.local/lib/python3.8/site-packages/airflow/example_dags/example_python_operator.py
[2024-04-29T17:47:16.464+0000] {processor.py:830} INFO - Processing file /home/airflow/.local/lib/python3.8/site-packages/airflow/example_dags/example_python_operator.py for tasks to queue
[2024-04-29T17:47:16.465+0000] {logging_mixin.py:188} INFO - [2024-04-29T17:47:16.465+0000] {dagbag.py:540} INFO - Filling up the DagBag from /home/airflow/.local/lib/python3.8/site-packages/airflow/example_dags/example_python_operator.py
[2024-04-29T17:47:16.481+0000] {processor.py:840} INFO - DAG(s) 'example_python_operator' retrieved from /home/airflow/.local/lib/python3.8/site-packages/airflow/example_dags/example_python_operator.py
[2024-04-29T17:47:16.521+0000] {logging_mixin.py:188} INFO - [2024-04-29T17:47:16.521+0000] {dag.py:3047} INFO - Sync 1 DAGs
[2024-04-29T17:47:16.538+0000] {logging_mixin.py:188} INFO - [2024-04-29T17:47:16.537+0000] {dag.py:3834} INFO - Setting next_dagrun for example_python_operator to None, run_after=None
[2024-04-29T17:47:16.568+0000] {processor.py:183} INFO - Processing /home/airflow/.local/lib/python3.8/site-packages/airflow/example_dags/example_python_operator.py took 0.111 seconds
[2024-04-29T17:47:46.845+0000] {processor.py:161} INFO - Started process (PID=8994) to work on /home/airflow/.local/lib/python3.8/site-packages/airflow/example_dags/example_python_operator.py
[2024-04-29T17:47:46.845+0000] {processor.py:830} INFO - Processing file /home/airflow/.local/lib/python3.8/site-packages/airflow/example_dags/example_python_operator.py for tasks to queue
[2024-04-29T17:47:46.847+0000] {logging_mixin.py:188} INFO - [2024-04-29T17:47:46.847+0000] {dagbag.py:540} INFO - Filling up the DagBag from /home/airflow/.local/lib/python3.8/site-packages/airflow/example_dags/example_python_operator.py
[2024-04-29T17:47:46.860+0000] {processor.py:840} INFO - DAG(s) 'example_python_operator' retrieved from /home/airflow/.local/lib/python3.8/site-packages/airflow/example_dags/example_python_operator.py
[2024-04-29T17:47:46.885+0000] {logging_mixin.py:188} INFO - [2024-04-29T17:47:46.885+0000] {dag.py:3047} INFO - Sync 1 DAGs
[2024-04-29T17:47:46.900+0000] {logging_mixin.py:188} INFO - [2024-04-29T17:47:46.900+0000] {dag.py:3834} INFO - Setting next_dagrun for example_python_operator to None, run_after=None
[2024-04-29T17:47:46.927+0000] {processor.py:183} INFO - Processing /home/airflow/.local/lib/python3.8/site-packages/airflow/example_dags/example_python_operator.py took 0.086 seconds
[2024-04-29T17:48:17.243+0000] {processor.py:161} INFO - Started process (PID=9241) to work on /home/airflow/.local/lib/python3.8/site-packages/airflow/example_dags/example_python_operator.py
[2024-04-29T17:48:17.244+0000] {processor.py:830} INFO - Processing file /home/airflow/.local/lib/python3.8/site-packages/airflow/example_dags/example_python_operator.py for tasks to queue
[2024-04-29T17:48:17.245+0000] {logging_mixin.py:188} INFO - [2024-04-29T17:48:17.244+0000] {dagbag.py:540} INFO - Filling up the DagBag from /home/airflow/.local/lib/python3.8/site-packages/airflow/example_dags/example_python_operator.py
[2024-04-29T17:48:17.256+0000] {processor.py:840} INFO - DAG(s) 'example_python_operator' retrieved from /home/airflow/.local/lib/python3.8/site-packages/airflow/example_dags/example_python_operator.py
[2024-04-29T17:48:17.283+0000] {logging_mixin.py:188} INFO - [2024-04-29T17:48:17.283+0000] {dag.py:3047} INFO - Sync 1 DAGs
[2024-04-29T17:48:17.300+0000] {logging_mixin.py:188} INFO - [2024-04-29T17:48:17.300+0000] {dag.py:3834} INFO - Setting next_dagrun for example_python_operator to None, run_after=None
[2024-04-29T17:48:17.326+0000] {processor.py:183} INFO - Processing /home/airflow/.local/lib/python3.8/site-packages/airflow/example_dags/example_python_operator.py took 0.086 seconds
[2024-04-29T17:48:47.696+0000] {processor.py:161} INFO - Started process (PID=9489) to work on /home/airflow/.local/lib/python3.8/site-packages/airflow/example_dags/example_python_operator.py
[2024-04-29T17:48:47.697+0000] {processor.py:830} INFO - Processing file /home/airflow/.local/lib/python3.8/site-packages/airflow/example_dags/example_python_operator.py for tasks to queue
[2024-04-29T17:48:47.698+0000] {logging_mixin.py:188} INFO - [2024-04-29T17:48:47.698+0000] {dagbag.py:540} INFO - Filling up the DagBag from /home/airflow/.local/lib/python3.8/site-packages/airflow/example_dags/example_python_operator.py
[2024-04-29T17:48:47.709+0000] {processor.py:840} INFO - DAG(s) 'example_python_operator' retrieved from /home/airflow/.local/lib/python3.8/site-packages/airflow/example_dags/example_python_operator.py
[2024-04-29T17:48:47.737+0000] {logging_mixin.py:188} INFO - [2024-04-29T17:48:47.737+0000] {dag.py:3047} INFO - Sync 1 DAGs
[2024-04-29T17:48:47.751+0000] {logging_mixin.py:188} INFO - [2024-04-29T17:48:47.751+0000] {dag.py:3834} INFO - Setting next_dagrun for example_python_operator to None, run_after=None
[2024-04-29T17:48:47.777+0000] {processor.py:183} INFO - Processing /home/airflow/.local/lib/python3.8/site-packages/airflow/example_dags/example_python_operator.py took 0.085 seconds
[2024-04-29T17:49:17.987+0000] {processor.py:161} INFO - Started process (PID=9739) to work on /home/airflow/.local/lib/python3.8/site-packages/airflow/example_dags/example_python_operator.py
[2024-04-29T17:49:17.988+0000] {processor.py:830} INFO - Processing file /home/airflow/.local/lib/python3.8/site-packages/airflow/example_dags/example_python_operator.py for tasks to queue
[2024-04-29T17:49:17.989+0000] {logging_mixin.py:188} INFO - [2024-04-29T17:49:17.989+0000] {dagbag.py:540} INFO - Filling up the DagBag from /home/airflow/.local/lib/python3.8/site-packages/airflow/example_dags/example_python_operator.py
[2024-04-29T17:49:18.001+0000] {processor.py:840} INFO - DAG(s) 'example_python_operator' retrieved from /home/airflow/.local/lib/python3.8/site-packages/airflow/example_dags/example_python_operator.py
[2024-04-29T17:49:18.030+0000] {logging_mixin.py:188} INFO - [2024-04-29T17:49:18.030+0000] {dag.py:3047} INFO - Sync 1 DAGs
[2024-04-29T17:49:18.046+0000] {logging_mixin.py:188} INFO - [2024-04-29T17:49:18.046+0000] {dag.py:3834} INFO - Setting next_dagrun for example_python_operator to None, run_after=None
[2024-04-29T17:49:18.074+0000] {processor.py:183} INFO - Processing /home/airflow/.local/lib/python3.8/site-packages/airflow/example_dags/example_python_operator.py took 0.090 seconds
[2024-04-29T17:49:48.177+0000] {processor.py:161} INFO - Started process (PID=9985) to work on /home/airflow/.local/lib/python3.8/site-packages/airflow/example_dags/example_python_operator.py
[2024-04-29T17:49:48.178+0000] {processor.py:830} INFO - Processing file /home/airflow/.local/lib/python3.8/site-packages/airflow/example_dags/example_python_operator.py for tasks to queue
[2024-04-29T17:49:48.179+0000] {logging_mixin.py:188} INFO - [2024-04-29T17:49:48.179+0000] {dagbag.py:540} INFO - Filling up the DagBag from /home/airflow/.local/lib/python3.8/site-packages/airflow/example_dags/example_python_operator.py
[2024-04-29T17:49:48.192+0000] {processor.py:840} INFO - DAG(s) 'example_python_operator' retrieved from /home/airflow/.local/lib/python3.8/site-packages/airflow/example_dags/example_python_operator.py
[2024-04-29T17:49:48.218+0000] {logging_mixin.py:188} INFO - [2024-04-29T17:49:48.218+0000] {dag.py:3047} INFO - Sync 1 DAGs
[2024-04-29T17:49:48.232+0000] {logging_mixin.py:188} INFO - [2024-04-29T17:49:48.232+0000] {dag.py:3834} INFO - Setting next_dagrun for example_python_operator to None, run_after=None
[2024-04-29T17:49:48.256+0000] {processor.py:183} INFO - Processing /home/airflow/.local/lib/python3.8/site-packages/airflow/example_dags/example_python_operator.py took 0.084 seconds
[2024-04-29T17:50:19.293+0000] {processor.py:161} INFO - Started process (PID=10264) to work on /home/airflow/.local/lib/python3.8/site-packages/airflow/example_dags/example_python_operator.py
[2024-04-29T17:50:19.294+0000] {processor.py:830} INFO - Processing file /home/airflow/.local/lib/python3.8/site-packages/airflow/example_dags/example_python_operator.py for tasks to queue
[2024-04-29T17:50:19.295+0000] {logging_mixin.py:188} INFO - [2024-04-29T17:50:19.294+0000] {dagbag.py:540} INFO - Filling up the DagBag from /home/airflow/.local/lib/python3.8/site-packages/airflow/example_dags/example_python_operator.py
[2024-04-29T17:50:19.305+0000] {processor.py:840} INFO - DAG(s) 'example_python_operator' retrieved from /home/airflow/.local/lib/python3.8/site-packages/airflow/example_dags/example_python_operator.py
[2024-04-29T17:50:19.323+0000] {logging_mixin.py:188} INFO - [2024-04-29T17:50:19.323+0000] {dag.py:3047} INFO - Sync 1 DAGs
[2024-04-29T17:50:19.333+0000] {logging_mixin.py:188} INFO - [2024-04-29T17:50:19.333+0000] {dag.py:3834} INFO - Setting next_dagrun for example_python_operator to None, run_after=None
[2024-04-29T17:50:19.354+0000] {processor.py:183} INFO - Processing /home/airflow/.local/lib/python3.8/site-packages/airflow/example_dags/example_python_operator.py took 0.063 seconds
[2024-04-29T17:50:50.028+0000] {processor.py:161} INFO - Started process (PID=10544) to work on /home/airflow/.local/lib/python3.8/site-packages/airflow/example_dags/example_python_operator.py
[2024-04-29T17:50:50.029+0000] {processor.py:830} INFO - Processing file /home/airflow/.local/lib/python3.8/site-packages/airflow/example_dags/example_python_operator.py for tasks to queue
[2024-04-29T17:50:50.030+0000] {logging_mixin.py:188} INFO - [2024-04-29T17:50:50.030+0000] {dagbag.py:540} INFO - Filling up the DagBag from /home/airflow/.local/lib/python3.8/site-packages/airflow/example_dags/example_python_operator.py
[2024-04-29T17:50:50.042+0000] {processor.py:840} INFO - DAG(s) 'example_python_operator' retrieved from /home/airflow/.local/lib/python3.8/site-packages/airflow/example_dags/example_python_operator.py
[2024-04-29T17:50:50.068+0000] {logging_mixin.py:188} INFO - [2024-04-29T17:50:50.067+0000] {dag.py:3047} INFO - Sync 1 DAGs
[2024-04-29T17:50:50.084+0000] {logging_mixin.py:188} INFO - [2024-04-29T17:50:50.083+0000] {dag.py:3834} INFO - Setting next_dagrun for example_python_operator to None, run_after=None
[2024-04-29T17:50:50.115+0000] {processor.py:183} INFO - Processing /home/airflow/.local/lib/python3.8/site-packages/airflow/example_dags/example_python_operator.py took 0.090 seconds
[2024-04-29T17:51:20.288+0000] {processor.py:161} INFO - Started process (PID=10829) to work on /home/airflow/.local/lib/python3.8/site-packages/airflow/example_dags/example_python_operator.py
[2024-04-29T17:51:20.290+0000] {processor.py:830} INFO - Processing file /home/airflow/.local/lib/python3.8/site-packages/airflow/example_dags/example_python_operator.py for tasks to queue
[2024-04-29T17:51:20.291+0000] {logging_mixin.py:188} INFO - [2024-04-29T17:51:20.290+0000] {dagbag.py:540} INFO - Filling up the DagBag from /home/airflow/.local/lib/python3.8/site-packages/airflow/example_dags/example_python_operator.py
[2024-04-29T17:51:20.302+0000] {processor.py:840} INFO - DAG(s) 'example_python_operator' retrieved from /home/airflow/.local/lib/python3.8/site-packages/airflow/example_dags/example_python_operator.py
[2024-04-29T17:51:20.329+0000] {logging_mixin.py:188} INFO - [2024-04-29T17:51:20.329+0000] {dag.py:3047} INFO - Sync 1 DAGs
[2024-04-29T17:51:20.344+0000] {logging_mixin.py:188} INFO - [2024-04-29T17:51:20.343+0000] {dag.py:3834} INFO - Setting next_dagrun for example_python_operator to None, run_after=None
[2024-04-29T17:51:20.391+0000] {processor.py:183} INFO - Processing /home/airflow/.local/lib/python3.8/site-packages/airflow/example_dags/example_python_operator.py took 0.106 seconds
[2024-04-29T17:51:51.108+0000] {processor.py:161} INFO - Started process (PID=11103) to work on /home/airflow/.local/lib/python3.8/site-packages/airflow/example_dags/example_python_operator.py
[2024-04-29T17:51:51.109+0000] {processor.py:830} INFO - Processing file /home/airflow/.local/lib/python3.8/site-packages/airflow/example_dags/example_python_operator.py for tasks to queue
[2024-04-29T17:51:51.111+0000] {logging_mixin.py:188} INFO - [2024-04-29T17:51:51.110+0000] {dagbag.py:540} INFO - Filling up the DagBag from /home/airflow/.local/lib/python3.8/site-packages/airflow/example_dags/example_python_operator.py
[2024-04-29T17:51:51.122+0000] {processor.py:840} INFO - DAG(s) 'example_python_operator' retrieved from /home/airflow/.local/lib/python3.8/site-packages/airflow/example_dags/example_python_operator.py
[2024-04-29T17:51:51.147+0000] {logging_mixin.py:188} INFO - [2024-04-29T17:51:51.147+0000] {dag.py:3047} INFO - Sync 1 DAGs
[2024-04-29T17:51:51.161+0000] {logging_mixin.py:188} INFO - [2024-04-29T17:51:51.161+0000] {dag.py:3834} INFO - Setting next_dagrun for example_python_operator to None, run_after=None
[2024-04-29T17:51:51.186+0000] {processor.py:183} INFO - Processing /home/airflow/.local/lib/python3.8/site-packages/airflow/example_dags/example_python_operator.py took 0.081 seconds
[2024-04-29T17:52:21.284+0000] {processor.py:161} INFO - Started process (PID=11365) to work on /home/airflow/.local/lib/python3.8/site-packages/airflow/example_dags/example_python_operator.py
[2024-04-29T17:52:21.286+0000] {processor.py:830} INFO - Processing file /home/airflow/.local/lib/python3.8/site-packages/airflow/example_dags/example_python_operator.py for tasks to queue
[2024-04-29T17:52:21.287+0000] {logging_mixin.py:188} INFO - [2024-04-29T17:52:21.286+0000] {dagbag.py:540} INFO - Filling up the DagBag from /home/airflow/.local/lib/python3.8/site-packages/airflow/example_dags/example_python_operator.py
[2024-04-29T17:52:21.299+0000] {processor.py:840} INFO - DAG(s) 'example_python_operator' retrieved from /home/airflow/.local/lib/python3.8/site-packages/airflow/example_dags/example_python_operator.py
[2024-04-29T17:52:21.326+0000] {logging_mixin.py:188} INFO - [2024-04-29T17:52:21.325+0000] {dag.py:3047} INFO - Sync 1 DAGs
[2024-04-29T17:52:21.345+0000] {logging_mixin.py:188} INFO - [2024-04-29T17:52:21.344+0000] {dag.py:3834} INFO - Setting next_dagrun for example_python_operator to None, run_after=None
[2024-04-29T17:52:21.434+0000] {processor.py:183} INFO - Processing /home/airflow/.local/lib/python3.8/site-packages/airflow/example_dags/example_python_operator.py took 0.153 seconds
[2024-04-29T17:52:51.669+0000] {processor.py:161} INFO - Started process (PID=11657) to work on /home/airflow/.local/lib/python3.8/site-packages/airflow/example_dags/example_python_operator.py
[2024-04-29T17:52:51.670+0000] {processor.py:830} INFO - Processing file /home/airflow/.local/lib/python3.8/site-packages/airflow/example_dags/example_python_operator.py for tasks to queue
[2024-04-29T17:52:51.671+0000] {logging_mixin.py:188} INFO - [2024-04-29T17:52:51.671+0000] {dagbag.py:540} INFO - Filling up the DagBag from /home/airflow/.local/lib/python3.8/site-packages/airflow/example_dags/example_python_operator.py
[2024-04-29T17:52:51.683+0000] {processor.py:840} INFO - DAG(s) 'example_python_operator' retrieved from /home/airflow/.local/lib/python3.8/site-packages/airflow/example_dags/example_python_operator.py
[2024-04-29T17:52:51.709+0000] {logging_mixin.py:188} INFO - [2024-04-29T17:52:51.709+0000] {dag.py:3047} INFO - Sync 1 DAGs
[2024-04-29T17:52:51.724+0000] {logging_mixin.py:188} INFO - [2024-04-29T17:52:51.724+0000] {dag.py:3834} INFO - Setting next_dagrun for example_python_operator to None, run_after=None
[2024-04-29T17:52:51.750+0000] {processor.py:183} INFO - Processing /home/airflow/.local/lib/python3.8/site-packages/airflow/example_dags/example_python_operator.py took 0.084 seconds
[2024-04-29T17:53:22.370+0000] {processor.py:161} INFO - Started process (PID=11913) to work on /home/airflow/.local/lib/python3.8/site-packages/airflow/example_dags/example_python_operator.py
[2024-04-29T17:53:22.371+0000] {processor.py:830} INFO - Processing file /home/airflow/.local/lib/python3.8/site-packages/airflow/example_dags/example_python_operator.py for tasks to queue
[2024-04-29T17:53:22.372+0000] {logging_mixin.py:188} INFO - [2024-04-29T17:53:22.371+0000] {dagbag.py:540} INFO - Filling up the DagBag from /home/airflow/.local/lib/python3.8/site-packages/airflow/example_dags/example_python_operator.py
[2024-04-29T17:53:22.383+0000] {processor.py:840} INFO - DAG(s) 'example_python_operator' retrieved from /home/airflow/.local/lib/python3.8/site-packages/airflow/example_dags/example_python_operator.py
[2024-04-29T17:53:22.410+0000] {logging_mixin.py:188} INFO - [2024-04-29T17:53:22.410+0000] {dag.py:3047} INFO - Sync 1 DAGs
[2024-04-29T17:53:22.424+0000] {logging_mixin.py:188} INFO - [2024-04-29T17:53:22.424+0000] {dag.py:3834} INFO - Setting next_dagrun for example_python_operator to None, run_after=None
[2024-04-29T17:53:22.449+0000] {processor.py:183} INFO - Processing /home/airflow/.local/lib/python3.8/site-packages/airflow/example_dags/example_python_operator.py took 0.082 seconds
[2024-04-29T17:53:53.140+0000] {processor.py:161} INFO - Started process (PID=12176) to work on /home/airflow/.local/lib/python3.8/site-packages/airflow/example_dags/example_python_operator.py
[2024-04-29T17:53:53.141+0000] {processor.py:830} INFO - Processing file /home/airflow/.local/lib/python3.8/site-packages/airflow/example_dags/example_python_operator.py for tasks to queue
[2024-04-29T17:53:53.142+0000] {logging_mixin.py:188} INFO - [2024-04-29T17:53:53.142+0000] {dagbag.py:540} INFO - Filling up the DagBag from /home/airflow/.local/lib/python3.8/site-packages/airflow/example_dags/example_python_operator.py
[2024-04-29T17:53:53.154+0000] {processor.py:840} INFO - DAG(s) 'example_python_operator' retrieved from /home/airflow/.local/lib/python3.8/site-packages/airflow/example_dags/example_python_operator.py
[2024-04-29T17:53:53.179+0000] {logging_mixin.py:188} INFO - [2024-04-29T17:53:53.179+0000] {dag.py:3047} INFO - Sync 1 DAGs
[2024-04-29T17:53:53.194+0000] {logging_mixin.py:188} INFO - [2024-04-29T17:53:53.193+0000] {dag.py:3834} INFO - Setting next_dagrun for example_python_operator to None, run_after=None
[2024-04-29T17:53:53.218+0000] {processor.py:183} INFO - Processing /home/airflow/.local/lib/python3.8/site-packages/airflow/example_dags/example_python_operator.py took 0.082 seconds
[2024-04-29T17:54:23.739+0000] {processor.py:161} INFO - Started process (PID=12459) to work on /home/airflow/.local/lib/python3.8/site-packages/airflow/example_dags/example_python_operator.py
[2024-04-29T17:54:23.740+0000] {processor.py:830} INFO - Processing file /home/airflow/.local/lib/python3.8/site-packages/airflow/example_dags/example_python_operator.py for tasks to queue
[2024-04-29T17:54:23.741+0000] {logging_mixin.py:188} INFO - [2024-04-29T17:54:23.741+0000] {dagbag.py:540} INFO - Filling up the DagBag from /home/airflow/.local/lib/python3.8/site-packages/airflow/example_dags/example_python_operator.py
[2024-04-29T17:54:23.750+0000] {processor.py:840} INFO - DAG(s) 'example_python_operator' retrieved from /home/airflow/.local/lib/python3.8/site-packages/airflow/example_dags/example_python_operator.py
[2024-04-29T17:54:23.769+0000] {logging_mixin.py:188} INFO - [2024-04-29T17:54:23.769+0000] {dag.py:3047} INFO - Sync 1 DAGs
[2024-04-29T17:54:23.779+0000] {logging_mixin.py:188} INFO - [2024-04-29T17:54:23.778+0000] {dag.py:3834} INFO - Setting next_dagrun for example_python_operator to None, run_after=None
[2024-04-29T17:54:23.799+0000] {processor.py:183} INFO - Processing /home/airflow/.local/lib/python3.8/site-packages/airflow/example_dags/example_python_operator.py took 0.063 seconds
[2024-04-29T17:54:54.336+0000] {processor.py:161} INFO - Started process (PID=12709) to work on /home/airflow/.local/lib/python3.8/site-packages/airflow/example_dags/example_python_operator.py
[2024-04-29T17:54:54.337+0000] {processor.py:830} INFO - Processing file /home/airflow/.local/lib/python3.8/site-packages/airflow/example_dags/example_python_operator.py for tasks to queue
[2024-04-29T17:54:54.339+0000] {logging_mixin.py:188} INFO - [2024-04-29T17:54:54.338+0000] {dagbag.py:540} INFO - Filling up the DagBag from /home/airflow/.local/lib/python3.8/site-packages/airflow/example_dags/example_python_operator.py
[2024-04-29T17:54:54.349+0000] {processor.py:840} INFO - DAG(s) 'example_python_operator' retrieved from /home/airflow/.local/lib/python3.8/site-packages/airflow/example_dags/example_python_operator.py
[2024-04-29T17:54:54.375+0000] {logging_mixin.py:188} INFO - [2024-04-29T17:54:54.375+0000] {dag.py:3047} INFO - Sync 1 DAGs
[2024-04-29T17:54:54.389+0000] {logging_mixin.py:188} INFO - [2024-04-29T17:54:54.389+0000] {dag.py:3834} INFO - Setting next_dagrun for example_python_operator to None, run_after=None
[2024-04-29T17:54:54.415+0000] {processor.py:183} INFO - Processing /home/airflow/.local/lib/python3.8/site-packages/airflow/example_dags/example_python_operator.py took 0.082 seconds
[2024-04-29T17:55:25.126+0000] {processor.py:161} INFO - Started process (PID=12966) to work on /home/airflow/.local/lib/python3.8/site-packages/airflow/example_dags/example_python_operator.py
[2024-04-29T17:55:25.128+0000] {processor.py:830} INFO - Processing file /home/airflow/.local/lib/python3.8/site-packages/airflow/example_dags/example_python_operator.py for tasks to queue
[2024-04-29T17:55:25.129+0000] {logging_mixin.py:188} INFO - [2024-04-29T17:55:25.128+0000] {dagbag.py:540} INFO - Filling up the DagBag from /home/airflow/.local/lib/python3.8/site-packages/airflow/example_dags/example_python_operator.py
[2024-04-29T17:55:25.140+0000] {processor.py:840} INFO - DAG(s) 'example_python_operator' retrieved from /home/airflow/.local/lib/python3.8/site-packages/airflow/example_dags/example_python_operator.py
[2024-04-29T17:55:25.165+0000] {logging_mixin.py:188} INFO - [2024-04-29T17:55:25.165+0000] {dag.py:3047} INFO - Sync 1 DAGs
[2024-04-29T17:55:25.181+0000] {logging_mixin.py:188} INFO - [2024-04-29T17:55:25.180+0000] {dag.py:3834} INFO - Setting next_dagrun for example_python_operator to None, run_after=None
[2024-04-29T17:55:25.206+0000] {processor.py:183} INFO - Processing /home/airflow/.local/lib/python3.8/site-packages/airflow/example_dags/example_python_operator.py took 0.083 seconds
[2024-04-29T17:55:55.512+0000] {processor.py:161} INFO - Started process (PID=13230) to work on /home/airflow/.local/lib/python3.8/site-packages/airflow/example_dags/example_python_operator.py
[2024-04-29T17:55:55.513+0000] {processor.py:830} INFO - Processing file /home/airflow/.local/lib/python3.8/site-packages/airflow/example_dags/example_python_operator.py for tasks to queue
[2024-04-29T17:55:55.514+0000] {logging_mixin.py:188} INFO - [2024-04-29T17:55:55.513+0000] {dagbag.py:540} INFO - Filling up the DagBag from /home/airflow/.local/lib/python3.8/site-packages/airflow/example_dags/example_python_operator.py
[2024-04-29T17:55:55.525+0000] {processor.py:840} INFO - DAG(s) 'example_python_operator' retrieved from /home/airflow/.local/lib/python3.8/site-packages/airflow/example_dags/example_python_operator.py
[2024-04-29T17:55:55.555+0000] {logging_mixin.py:188} INFO - [2024-04-29T17:55:55.555+0000] {dag.py:3047} INFO - Sync 1 DAGs
[2024-04-29T17:55:55.569+0000] {logging_mixin.py:188} INFO - [2024-04-29T17:55:55.569+0000] {dag.py:3834} INFO - Setting next_dagrun for example_python_operator to None, run_after=None
[2024-04-29T17:55:55.615+0000] {processor.py:183} INFO - Processing /home/airflow/.local/lib/python3.8/site-packages/airflow/example_dags/example_python_operator.py took 0.106 seconds
[2024-04-29T17:56:25.847+0000] {processor.py:161} INFO - Started process (PID=13485) to work on /home/airflow/.local/lib/python3.8/site-packages/airflow/example_dags/example_python_operator.py
[2024-04-29T17:56:25.849+0000] {processor.py:830} INFO - Processing file /home/airflow/.local/lib/python3.8/site-packages/airflow/example_dags/example_python_operator.py for tasks to queue
[2024-04-29T17:56:25.850+0000] {logging_mixin.py:188} INFO - [2024-04-29T17:56:25.849+0000] {dagbag.py:540} INFO - Filling up the DagBag from /home/airflow/.local/lib/python3.8/site-packages/airflow/example_dags/example_python_operator.py
[2024-04-29T17:56:25.861+0000] {processor.py:840} INFO - DAG(s) 'example_python_operator' retrieved from /home/airflow/.local/lib/python3.8/site-packages/airflow/example_dags/example_python_operator.py
[2024-04-29T17:56:25.887+0000] {logging_mixin.py:188} INFO - [2024-04-29T17:56:25.887+0000] {dag.py:3047} INFO - Sync 1 DAGs
[2024-04-29T17:56:25.903+0000] {logging_mixin.py:188} INFO - [2024-04-29T17:56:25.903+0000] {dag.py:3834} INFO - Setting next_dagrun for example_python_operator to None, run_after=None
[2024-04-29T17:56:25.927+0000] {processor.py:183} INFO - Processing /home/airflow/.local/lib/python3.8/site-packages/airflow/example_dags/example_python_operator.py took 0.083 seconds
[2024-04-29T17:56:56.166+0000] {processor.py:161} INFO - Started process (PID=13748) to work on /home/airflow/.local/lib/python3.8/site-packages/airflow/example_dags/example_python_operator.py
[2024-04-29T17:56:56.167+0000] {processor.py:830} INFO - Processing file /home/airflow/.local/lib/python3.8/site-packages/airflow/example_dags/example_python_operator.py for tasks to queue
[2024-04-29T17:56:56.169+0000] {logging_mixin.py:188} INFO - [2024-04-29T17:56:56.168+0000] {dagbag.py:540} INFO - Filling up the DagBag from /home/airflow/.local/lib/python3.8/site-packages/airflow/example_dags/example_python_operator.py
[2024-04-29T17:56:56.180+0000] {processor.py:840} INFO - DAG(s) 'example_python_operator' retrieved from /home/airflow/.local/lib/python3.8/site-packages/airflow/example_dags/example_python_operator.py
[2024-04-29T17:56:56.207+0000] {logging_mixin.py:188} INFO - [2024-04-29T17:56:56.207+0000] {dag.py:3047} INFO - Sync 1 DAGs
[2024-04-29T17:56:56.222+0000] {logging_mixin.py:188} INFO - [2024-04-29T17:56:56.222+0000] {dag.py:3834} INFO - Setting next_dagrun for example_python_operator to None, run_after=None
[2024-04-29T17:56:56.247+0000] {processor.py:183} INFO - Processing /home/airflow/.local/lib/python3.8/site-packages/airflow/example_dags/example_python_operator.py took 0.084 seconds
[2024-04-29T17:57:26.615+0000] {processor.py:161} INFO - Started process (PID=14021) to work on /home/airflow/.local/lib/python3.8/site-packages/airflow/example_dags/example_python_operator.py
[2024-04-29T17:57:26.616+0000] {processor.py:830} INFO - Processing file /home/airflow/.local/lib/python3.8/site-packages/airflow/example_dags/example_python_operator.py for tasks to queue
[2024-04-29T17:57:26.617+0000] {logging_mixin.py:188} INFO - [2024-04-29T17:57:26.617+0000] {dagbag.py:540} INFO - Filling up the DagBag from /home/airflow/.local/lib/python3.8/site-packages/airflow/example_dags/example_python_operator.py
[2024-04-29T17:57:26.629+0000] {processor.py:840} INFO - DAG(s) 'example_python_operator' retrieved from /home/airflow/.local/lib/python3.8/site-packages/airflow/example_dags/example_python_operator.py
[2024-04-29T17:57:26.653+0000] {logging_mixin.py:188} INFO - [2024-04-29T17:57:26.653+0000] {dag.py:3047} INFO - Sync 1 DAGs
[2024-04-29T17:57:26.668+0000] {logging_mixin.py:188} INFO - [2024-04-29T17:57:26.668+0000] {dag.py:3834} INFO - Setting next_dagrun for example_python_operator to None, run_after=None
[2024-04-29T17:57:26.694+0000] {processor.py:183} INFO - Processing /home/airflow/.local/lib/python3.8/site-packages/airflow/example_dags/example_python_operator.py took 0.081 seconds
[2024-04-29T17:57:57.162+0000] {processor.py:161} INFO - Started process (PID=14284) to work on /home/airflow/.local/lib/python3.8/site-packages/airflow/example_dags/example_python_operator.py
[2024-04-29T17:57:57.166+0000] {processor.py:830} INFO - Processing file /home/airflow/.local/lib/python3.8/site-packages/airflow/example_dags/example_python_operator.py for tasks to queue
[2024-04-29T17:57:57.167+0000] {logging_mixin.py:188} INFO - [2024-04-29T17:57:57.166+0000] {dagbag.py:540} INFO - Filling up the DagBag from /home/airflow/.local/lib/python3.8/site-packages/airflow/example_dags/example_python_operator.py
[2024-04-29T17:57:57.178+0000] {processor.py:840} INFO - DAG(s) 'example_python_operator' retrieved from /home/airflow/.local/lib/python3.8/site-packages/airflow/example_dags/example_python_operator.py
[2024-04-29T17:57:57.207+0000] {logging_mixin.py:188} INFO - [2024-04-29T17:57:57.207+0000] {dag.py:3047} INFO - Sync 1 DAGs
[2024-04-29T17:57:57.221+0000] {logging_mixin.py:188} INFO - [2024-04-29T17:57:57.221+0000] {dag.py:3834} INFO - Setting next_dagrun for example_python_operator to None, run_after=None
[2024-04-29T17:57:57.246+0000] {processor.py:183} INFO - Processing /home/airflow/.local/lib/python3.8/site-packages/airflow/example_dags/example_python_operator.py took 0.087 seconds
[2024-04-29T17:58:27.850+0000] {processor.py:161} INFO - Started process (PID=14547) to work on /home/airflow/.local/lib/python3.8/site-packages/airflow/example_dags/example_python_operator.py
[2024-04-29T17:58:27.851+0000] {processor.py:830} INFO - Processing file /home/airflow/.local/lib/python3.8/site-packages/airflow/example_dags/example_python_operator.py for tasks to queue
[2024-04-29T17:58:27.852+0000] {logging_mixin.py:188} INFO - [2024-04-29T17:58:27.851+0000] {dagbag.py:540} INFO - Filling up the DagBag from /home/airflow/.local/lib/python3.8/site-packages/airflow/example_dags/example_python_operator.py
[2024-04-29T17:58:27.863+0000] {processor.py:840} INFO - DAG(s) 'example_python_operator' retrieved from /home/airflow/.local/lib/python3.8/site-packages/airflow/example_dags/example_python_operator.py
[2024-04-29T17:58:27.889+0000] {logging_mixin.py:188} INFO - [2024-04-29T17:58:27.889+0000] {dag.py:3047} INFO - Sync 1 DAGs
[2024-04-29T17:58:27.903+0000] {logging_mixin.py:188} INFO - [2024-04-29T17:58:27.903+0000] {dag.py:3834} INFO - Setting next_dagrun for example_python_operator to None, run_after=None
[2024-04-29T17:58:27.928+0000] {processor.py:183} INFO - Processing /home/airflow/.local/lib/python3.8/site-packages/airflow/example_dags/example_python_operator.py took 0.081 seconds
[2024-04-29T17:58:58.295+0000] {processor.py:161} INFO - Started process (PID=14799) to work on /home/airflow/.local/lib/python3.8/site-packages/airflow/example_dags/example_python_operator.py
[2024-04-29T17:58:58.296+0000] {processor.py:830} INFO - Processing file /home/airflow/.local/lib/python3.8/site-packages/airflow/example_dags/example_python_operator.py for tasks to queue
[2024-04-29T17:58:58.297+0000] {logging_mixin.py:188} INFO - [2024-04-29T17:58:58.296+0000] {dagbag.py:540} INFO - Filling up the DagBag from /home/airflow/.local/lib/python3.8/site-packages/airflow/example_dags/example_python_operator.py
[2024-04-29T17:58:58.318+0000] {processor.py:840} INFO - DAG(s) 'example_python_operator' retrieved from /home/airflow/.local/lib/python3.8/site-packages/airflow/example_dags/example_python_operator.py
[2024-04-29T17:58:58.344+0000] {logging_mixin.py:188} INFO - [2024-04-29T17:58:58.344+0000] {dag.py:3047} INFO - Sync 1 DAGs
[2024-04-29T17:58:58.359+0000] {logging_mixin.py:188} INFO - [2024-04-29T17:58:58.359+0000] {dag.py:3834} INFO - Setting next_dagrun for example_python_operator to None, run_after=None
[2024-04-29T17:58:58.386+0000] {processor.py:183} INFO - Processing /home/airflow/.local/lib/python3.8/site-packages/airflow/example_dags/example_python_operator.py took 0.095 seconds
[2024-04-29T17:59:29.184+0000] {processor.py:161} INFO - Started process (PID=15082) to work on /home/airflow/.local/lib/python3.8/site-packages/airflow/example_dags/example_python_operator.py
[2024-04-29T17:59:29.185+0000] {processor.py:830} INFO - Processing file /home/airflow/.local/lib/python3.8/site-packages/airflow/example_dags/example_python_operator.py for tasks to queue
[2024-04-29T17:59:29.187+0000] {logging_mixin.py:188} INFO - [2024-04-29T17:59:29.186+0000] {dagbag.py:540} INFO - Filling up the DagBag from /home/airflow/.local/lib/python3.8/site-packages/airflow/example_dags/example_python_operator.py
[2024-04-29T17:59:29.214+0000] {processor.py:840} INFO - DAG(s) 'example_python_operator' retrieved from /home/airflow/.local/lib/python3.8/site-packages/airflow/example_dags/example_python_operator.py
[2024-04-29T17:59:29.244+0000] {logging_mixin.py:188} INFO - [2024-04-29T17:59:29.243+0000] {dag.py:3047} INFO - Sync 1 DAGs
[2024-04-29T17:59:29.262+0000] {logging_mixin.py:188} INFO - [2024-04-29T17:59:29.262+0000] {dag.py:3834} INFO - Setting next_dagrun for example_python_operator to None, run_after=None
[2024-04-29T17:59:29.288+0000] {processor.py:183} INFO - Processing /home/airflow/.local/lib/python3.8/site-packages/airflow/example_dags/example_python_operator.py took 0.108 seconds
[2024-04-29T17:59:59.396+0000] {processor.py:161} INFO - Started process (PID=15341) to work on /home/airflow/.local/lib/python3.8/site-packages/airflow/example_dags/example_python_operator.py
[2024-04-29T17:59:59.396+0000] {processor.py:830} INFO - Processing file /home/airflow/.local/lib/python3.8/site-packages/airflow/example_dags/example_python_operator.py for tasks to queue
[2024-04-29T17:59:59.397+0000] {logging_mixin.py:188} INFO - [2024-04-29T17:59:59.397+0000] {dagbag.py:540} INFO - Filling up the DagBag from /home/airflow/.local/lib/python3.8/site-packages/airflow/example_dags/example_python_operator.py
[2024-04-29T17:59:59.410+0000] {processor.py:840} INFO - DAG(s) 'example_python_operator' retrieved from /home/airflow/.local/lib/python3.8/site-packages/airflow/example_dags/example_python_operator.py
[2024-04-29T17:59:59.436+0000] {logging_mixin.py:188} INFO - [2024-04-29T17:59:59.436+0000] {dag.py:3047} INFO - Sync 1 DAGs
[2024-04-29T17:59:59.451+0000] {logging_mixin.py:188} INFO - [2024-04-29T17:59:59.451+0000] {dag.py:3834} INFO - Setting next_dagrun for example_python_operator to None, run_after=None
[2024-04-29T17:59:59.476+0000] {processor.py:183} INFO - Processing /home/airflow/.local/lib/python3.8/site-packages/airflow/example_dags/example_python_operator.py took 0.084 seconds
[2024-04-29T18:00:29.581+0000] {processor.py:161} INFO - Started process (PID=15611) to work on /home/airflow/.local/lib/python3.8/site-packages/airflow/example_dags/example_python_operator.py
[2024-04-29T18:00:29.582+0000] {processor.py:830} INFO - Processing file /home/airflow/.local/lib/python3.8/site-packages/airflow/example_dags/example_python_operator.py for tasks to queue
[2024-04-29T18:00:29.583+0000] {logging_mixin.py:188} INFO - [2024-04-29T18:00:29.583+0000] {dagbag.py:540} INFO - Filling up the DagBag from /home/airflow/.local/lib/python3.8/site-packages/airflow/example_dags/example_python_operator.py
[2024-04-29T18:00:29.596+0000] {processor.py:840} INFO - DAG(s) 'example_python_operator' retrieved from /home/airflow/.local/lib/python3.8/site-packages/airflow/example_dags/example_python_operator.py
[2024-04-29T18:00:29.624+0000] {logging_mixin.py:188} INFO - [2024-04-29T18:00:29.624+0000] {dag.py:3047} INFO - Sync 1 DAGs
[2024-04-29T18:00:29.639+0000] {logging_mixin.py:188} INFO - [2024-04-29T18:00:29.638+0000] {dag.py:3834} INFO - Setting next_dagrun for example_python_operator to None, run_after=None
[2024-04-29T18:00:29.673+0000] {processor.py:183} INFO - Processing /home/airflow/.local/lib/python3.8/site-packages/airflow/example_dags/example_python_operator.py took 0.096 seconds
[2024-04-29T18:01:00.617+0000] {processor.py:161} INFO - Started process (PID=15878) to work on /home/airflow/.local/lib/python3.8/site-packages/airflow/example_dags/example_python_operator.py
[2024-04-29T18:01:00.618+0000] {processor.py:830} INFO - Processing file /home/airflow/.local/lib/python3.8/site-packages/airflow/example_dags/example_python_operator.py for tasks to queue
[2024-04-29T18:01:00.619+0000] {logging_mixin.py:188} INFO - [2024-04-29T18:01:00.619+0000] {dagbag.py:540} INFO - Filling up the DagBag from /home/airflow/.local/lib/python3.8/site-packages/airflow/example_dags/example_python_operator.py
[2024-04-29T18:01:00.631+0000] {processor.py:840} INFO - DAG(s) 'example_python_operator' retrieved from /home/airflow/.local/lib/python3.8/site-packages/airflow/example_dags/example_python_operator.py
[2024-04-29T18:01:00.656+0000] {logging_mixin.py:188} INFO - [2024-04-29T18:01:00.656+0000] {dag.py:3047} INFO - Sync 1 DAGs
[2024-04-29T18:01:00.671+0000] {logging_mixin.py:188} INFO - [2024-04-29T18:01:00.671+0000] {dag.py:3834} INFO - Setting next_dagrun for example_python_operator to None, run_after=None
[2024-04-29T18:01:00.696+0000] {processor.py:183} INFO - Processing /home/airflow/.local/lib/python3.8/site-packages/airflow/example_dags/example_python_operator.py took 0.083 seconds
[2024-04-29T18:01:30.827+0000] {processor.py:161} INFO - Started process (PID=16157) to work on /home/airflow/.local/lib/python3.8/site-packages/airflow/example_dags/example_python_operator.py
[2024-04-29T18:01:30.828+0000] {processor.py:830} INFO - Processing file /home/airflow/.local/lib/python3.8/site-packages/airflow/example_dags/example_python_operator.py for tasks to queue
[2024-04-29T18:01:30.828+0000] {logging_mixin.py:188} INFO - [2024-04-29T18:01:30.828+0000] {dagbag.py:540} INFO - Filling up the DagBag from /home/airflow/.local/lib/python3.8/site-packages/airflow/example_dags/example_python_operator.py
[2024-04-29T18:01:30.841+0000] {processor.py:840} INFO - DAG(s) 'example_python_operator' retrieved from /home/airflow/.local/lib/python3.8/site-packages/airflow/example_dags/example_python_operator.py
[2024-04-29T18:01:30.867+0000] {logging_mixin.py:188} INFO - [2024-04-29T18:01:30.867+0000] {dag.py:3047} INFO - Sync 1 DAGs
[2024-04-29T18:01:30.887+0000] {logging_mixin.py:188} INFO - [2024-04-29T18:01:30.887+0000] {dag.py:3834} INFO - Setting next_dagrun for example_python_operator to None, run_after=None
[2024-04-29T18:01:30.927+0000] {processor.py:183} INFO - Processing /home/airflow/.local/lib/python3.8/site-packages/airflow/example_dags/example_python_operator.py took 0.103 seconds
[2024-04-29T18:02:01.253+0000] {processor.py:161} INFO - Started process (PID=16408) to work on /home/airflow/.local/lib/python3.8/site-packages/airflow/example_dags/example_python_operator.py
[2024-04-29T18:02:01.254+0000] {processor.py:830} INFO - Processing file /home/airflow/.local/lib/python3.8/site-packages/airflow/example_dags/example_python_operator.py for tasks to queue
[2024-04-29T18:02:01.255+0000] {logging_mixin.py:188} INFO - [2024-04-29T18:02:01.255+0000] {dagbag.py:540} INFO - Filling up the DagBag from /home/airflow/.local/lib/python3.8/site-packages/airflow/example_dags/example_python_operator.py
[2024-04-29T18:02:01.273+0000] {processor.py:840} INFO - DAG(s) 'example_python_operator' retrieved from /home/airflow/.local/lib/python3.8/site-packages/airflow/example_dags/example_python_operator.py
[2024-04-29T18:02:01.304+0000] {logging_mixin.py:188} INFO - [2024-04-29T18:02:01.304+0000] {dag.py:3047} INFO - Sync 1 DAGs
[2024-04-29T18:02:01.347+0000] {logging_mixin.py:188} INFO - [2024-04-29T18:02:01.346+0000] {dag.py:3834} INFO - Setting next_dagrun for example_python_operator to None, run_after=None
[2024-04-29T18:02:01.375+0000] {processor.py:183} INFO - Processing /home/airflow/.local/lib/python3.8/site-packages/airflow/example_dags/example_python_operator.py took 0.133 seconds
[2024-04-29T18:02:32.241+0000] {processor.py:161} INFO - Started process (PID=16659) to work on /home/airflow/.local/lib/python3.8/site-packages/airflow/example_dags/example_python_operator.py
[2024-04-29T18:02:32.241+0000] {processor.py:830} INFO - Processing file /home/airflow/.local/lib/python3.8/site-packages/airflow/example_dags/example_python_operator.py for tasks to queue
[2024-04-29T18:02:32.242+0000] {logging_mixin.py:188} INFO - [2024-04-29T18:02:32.242+0000] {dagbag.py:540} INFO - Filling up the DagBag from /home/airflow/.local/lib/python3.8/site-packages/airflow/example_dags/example_python_operator.py
[2024-04-29T18:02:32.254+0000] {processor.py:840} INFO - DAG(s) 'example_python_operator' retrieved from /home/airflow/.local/lib/python3.8/site-packages/airflow/example_dags/example_python_operator.py
[2024-04-29T18:02:32.278+0000] {logging_mixin.py:188} INFO - [2024-04-29T18:02:32.277+0000] {dag.py:3047} INFO - Sync 1 DAGs
[2024-04-29T18:02:32.292+0000] {logging_mixin.py:188} INFO - [2024-04-29T18:02:32.292+0000] {dag.py:3834} INFO - Setting next_dagrun for example_python_operator to None, run_after=None
[2024-04-29T18:02:32.319+0000] {processor.py:183} INFO - Processing /home/airflow/.local/lib/python3.8/site-packages/airflow/example_dags/example_python_operator.py took 0.082 seconds
[2024-04-29T18:03:02.602+0000] {processor.py:161} INFO - Started process (PID=16922) to work on /home/airflow/.local/lib/python3.8/site-packages/airflow/example_dags/example_python_operator.py
[2024-04-29T18:03:02.604+0000] {processor.py:830} INFO - Processing file /home/airflow/.local/lib/python3.8/site-packages/airflow/example_dags/example_python_operator.py for tasks to queue
[2024-04-29T18:03:02.605+0000] {logging_mixin.py:188} INFO - [2024-04-29T18:03:02.605+0000] {dagbag.py:540} INFO - Filling up the DagBag from /home/airflow/.local/lib/python3.8/site-packages/airflow/example_dags/example_python_operator.py
[2024-04-29T18:03:02.638+0000] {processor.py:840} INFO - DAG(s) 'example_python_operator' retrieved from /home/airflow/.local/lib/python3.8/site-packages/airflow/example_dags/example_python_operator.py
[2024-04-29T18:03:02.689+0000] {logging_mixin.py:188} INFO - [2024-04-29T18:03:02.689+0000] {dag.py:3047} INFO - Sync 1 DAGs
[2024-04-29T18:03:02.710+0000] {logging_mixin.py:188} INFO - [2024-04-29T18:03:02.709+0000] {dag.py:3834} INFO - Setting next_dagrun for example_python_operator to None, run_after=None
[2024-04-29T18:03:02.741+0000] {processor.py:183} INFO - Processing /home/airflow/.local/lib/python3.8/site-packages/airflow/example_dags/example_python_operator.py took 0.145 seconds
