[2024-04-29T17:30:08.103+0000] {processor.py:161} INFO - Started process (PID=356) to work on /home/airflow/.local/lib/python3.8/site-packages/airflow/example_dags/example_xcom.py
[2024-04-29T17:30:08.105+0000] {processor.py:830} INFO - Processing file /home/airflow/.local/lib/python3.8/site-packages/airflow/example_dags/example_xcom.py for tasks to queue
[2024-04-29T17:30:08.106+0000] {logging_mixin.py:188} INFO - [2024-04-29T17:30:08.106+0000] {dagbag.py:540} INFO - Filling up the DagBag from /home/airflow/.local/lib/python3.8/site-packages/airflow/example_dags/example_xcom.py
[2024-04-29T17:30:08.121+0000] {processor.py:840} INFO - DAG(s) 'example_xcom' retrieved from /home/airflow/.local/lib/python3.8/site-packages/airflow/example_dags/example_xcom.py
[2024-04-29T17:30:08.379+0000] {logging_mixin.py:188} INFO - [2024-04-29T17:30:08.378+0000] {override.py:1769} INFO - Created Permission View: can edit on DAG:example_xcom
[2024-04-29T17:30:08.412+0000] {logging_mixin.py:188} INFO - [2024-04-29T17:30:08.411+0000] {override.py:1769} INFO - Created Permission View: can delete on DAG:example_xcom
[2024-04-29T17:30:08.442+0000] {logging_mixin.py:188} INFO - [2024-04-29T17:30:08.441+0000] {override.py:1769} INFO - Created Permission View: can read on DAG:example_xcom
[2024-04-29T17:30:08.442+0000] {logging_mixin.py:188} INFO - [2024-04-29T17:30:08.442+0000] {dag.py:3047} INFO - Sync 1 DAGs
[2024-04-29T17:30:08.468+0000] {logging_mixin.py:188} INFO - [2024-04-29T17:30:08.468+0000] {dag.py:3069} INFO - Creating ORM DAG for example_xcom
[2024-04-29T17:30:08.498+0000] {logging_mixin.py:188} INFO - [2024-04-29T17:30:08.487+0000] {dag.py:3834} INFO - Setting next_dagrun for example_xcom to 2021-01-01 00:00:00+00:00, run_after=2021-01-01 00:00:00+00:00
[2024-04-29T17:30:08.524+0000] {processor.py:183} INFO - Processing /home/airflow/.local/lib/python3.8/site-packages/airflow/example_dags/example_xcom.py took 0.430 seconds
[2024-04-29T17:30:39.237+0000] {processor.py:161} INFO - Started process (PID=605) to work on /home/airflow/.local/lib/python3.8/site-packages/airflow/example_dags/example_xcom.py
[2024-04-29T17:30:39.237+0000] {processor.py:830} INFO - Processing file /home/airflow/.local/lib/python3.8/site-packages/airflow/example_dags/example_xcom.py for tasks to queue
[2024-04-29T17:30:39.238+0000] {logging_mixin.py:188} INFO - [2024-04-29T17:30:39.238+0000] {dagbag.py:540} INFO - Filling up the DagBag from /home/airflow/.local/lib/python3.8/site-packages/airflow/example_dags/example_xcom.py
[2024-04-29T17:30:39.246+0000] {processor.py:840} INFO - DAG(s) 'example_xcom' retrieved from /home/airflow/.local/lib/python3.8/site-packages/airflow/example_dags/example_xcom.py
[2024-04-29T17:30:39.269+0000] {logging_mixin.py:188} INFO - [2024-04-29T17:30:39.269+0000] {dag.py:3047} INFO - Sync 1 DAGs
[2024-04-29T17:30:39.297+0000] {logging_mixin.py:188} INFO - [2024-04-29T17:30:39.297+0000] {dag.py:3834} INFO - Setting next_dagrun for example_xcom to 2021-01-01 00:00:00+00:00, run_after=2021-01-01 00:00:00+00:00
[2024-04-29T17:30:39.328+0000] {processor.py:183} INFO - Processing /home/airflow/.local/lib/python3.8/site-packages/airflow/example_dags/example_xcom.py took 0.095 seconds
[2024-04-29T17:31:09.819+0000] {processor.py:161} INFO - Started process (PID=852) to work on /home/airflow/.local/lib/python3.8/site-packages/airflow/example_dags/example_xcom.py
[2024-04-29T17:31:09.820+0000] {processor.py:830} INFO - Processing file /home/airflow/.local/lib/python3.8/site-packages/airflow/example_dags/example_xcom.py for tasks to queue
[2024-04-29T17:31:09.821+0000] {logging_mixin.py:188} INFO - [2024-04-29T17:31:09.821+0000] {dagbag.py:540} INFO - Filling up the DagBag from /home/airflow/.local/lib/python3.8/site-packages/airflow/example_dags/example_xcom.py
[2024-04-29T17:31:09.830+0000] {processor.py:840} INFO - DAG(s) 'example_xcom' retrieved from /home/airflow/.local/lib/python3.8/site-packages/airflow/example_dags/example_xcom.py
[2024-04-29T17:31:09.856+0000] {logging_mixin.py:188} INFO - [2024-04-29T17:31:09.855+0000] {dag.py:3047} INFO - Sync 1 DAGs
[2024-04-29T17:31:09.882+0000] {logging_mixin.py:188} INFO - [2024-04-29T17:31:09.882+0000] {dag.py:3834} INFO - Setting next_dagrun for example_xcom to 2021-01-01 00:00:00+00:00, run_after=2021-01-01 00:00:00+00:00
[2024-04-29T17:31:09.908+0000] {processor.py:183} INFO - Processing /home/airflow/.local/lib/python3.8/site-packages/airflow/example_dags/example_xcom.py took 0.092 seconds
[2024-04-29T17:31:40.314+0000] {processor.py:161} INFO - Started process (PID=1099) to work on /home/airflow/.local/lib/python3.8/site-packages/airflow/example_dags/example_xcom.py
[2024-04-29T17:31:40.315+0000] {processor.py:830} INFO - Processing file /home/airflow/.local/lib/python3.8/site-packages/airflow/example_dags/example_xcom.py for tasks to queue
[2024-04-29T17:31:40.316+0000] {logging_mixin.py:188} INFO - [2024-04-29T17:31:40.316+0000] {dagbag.py:540} INFO - Filling up the DagBag from /home/airflow/.local/lib/python3.8/site-packages/airflow/example_dags/example_xcom.py
[2024-04-29T17:31:40.324+0000] {processor.py:840} INFO - DAG(s) 'example_xcom' retrieved from /home/airflow/.local/lib/python3.8/site-packages/airflow/example_dags/example_xcom.py
[2024-04-29T17:31:40.349+0000] {logging_mixin.py:188} INFO - [2024-04-29T17:31:40.348+0000] {dag.py:3047} INFO - Sync 1 DAGs
[2024-04-29T17:31:40.373+0000] {logging_mixin.py:188} INFO - [2024-04-29T17:31:40.372+0000] {dag.py:3834} INFO - Setting next_dagrun for example_xcom to 2021-01-01 00:00:00+00:00, run_after=2021-01-01 00:00:00+00:00
[2024-04-29T17:31:40.419+0000] {processor.py:183} INFO - Processing /home/airflow/.local/lib/python3.8/site-packages/airflow/example_dags/example_xcom.py took 0.108 seconds
[2024-04-29T17:32:10.574+0000] {processor.py:161} INFO - Started process (PID=1347) to work on /home/airflow/.local/lib/python3.8/site-packages/airflow/example_dags/example_xcom.py
[2024-04-29T17:32:10.575+0000] {processor.py:830} INFO - Processing file /home/airflow/.local/lib/python3.8/site-packages/airflow/example_dags/example_xcom.py for tasks to queue
[2024-04-29T17:32:10.576+0000] {logging_mixin.py:188} INFO - [2024-04-29T17:32:10.575+0000] {dagbag.py:540} INFO - Filling up the DagBag from /home/airflow/.local/lib/python3.8/site-packages/airflow/example_dags/example_xcom.py
[2024-04-29T17:32:10.584+0000] {processor.py:840} INFO - DAG(s) 'example_xcom' retrieved from /home/airflow/.local/lib/python3.8/site-packages/airflow/example_dags/example_xcom.py
[2024-04-29T17:32:10.610+0000] {logging_mixin.py:188} INFO - [2024-04-29T17:32:10.609+0000] {dag.py:3047} INFO - Sync 1 DAGs
[2024-04-29T17:32:10.635+0000] {logging_mixin.py:188} INFO - [2024-04-29T17:32:10.635+0000] {dag.py:3834} INFO - Setting next_dagrun for example_xcom to 2021-01-01 00:00:00+00:00, run_after=2021-01-01 00:00:00+00:00
[2024-04-29T17:32:10.660+0000] {processor.py:183} INFO - Processing /home/airflow/.local/lib/python3.8/site-packages/airflow/example_dags/example_xcom.py took 0.089 seconds
[2024-04-29T17:32:41.220+0000] {processor.py:161} INFO - Started process (PID=1595) to work on /home/airflow/.local/lib/python3.8/site-packages/airflow/example_dags/example_xcom.py
[2024-04-29T17:32:41.221+0000] {processor.py:830} INFO - Processing file /home/airflow/.local/lib/python3.8/site-packages/airflow/example_dags/example_xcom.py for tasks to queue
[2024-04-29T17:32:41.222+0000] {logging_mixin.py:188} INFO - [2024-04-29T17:32:41.221+0000] {dagbag.py:540} INFO - Filling up the DagBag from /home/airflow/.local/lib/python3.8/site-packages/airflow/example_dags/example_xcom.py
[2024-04-29T17:32:41.233+0000] {processor.py:840} INFO - DAG(s) 'example_xcom' retrieved from /home/airflow/.local/lib/python3.8/site-packages/airflow/example_dags/example_xcom.py
[2024-04-29T17:32:41.257+0000] {logging_mixin.py:188} INFO - [2024-04-29T17:32:41.257+0000] {dag.py:3047} INFO - Sync 1 DAGs
[2024-04-29T17:32:41.284+0000] {logging_mixin.py:188} INFO - [2024-04-29T17:32:41.284+0000] {dag.py:3834} INFO - Setting next_dagrun for example_xcom to 2021-01-01 00:00:00+00:00, run_after=2021-01-01 00:00:00+00:00
[2024-04-29T17:32:41.311+0000] {processor.py:183} INFO - Processing /home/airflow/.local/lib/python3.8/site-packages/airflow/example_dags/example_xcom.py took 0.094 seconds
[2024-04-29T17:33:11.872+0000] {processor.py:161} INFO - Started process (PID=1843) to work on /home/airflow/.local/lib/python3.8/site-packages/airflow/example_dags/example_xcom.py
[2024-04-29T17:33:11.873+0000] {processor.py:830} INFO - Processing file /home/airflow/.local/lib/python3.8/site-packages/airflow/example_dags/example_xcom.py for tasks to queue
[2024-04-29T17:33:11.874+0000] {logging_mixin.py:188} INFO - [2024-04-29T17:33:11.873+0000] {dagbag.py:540} INFO - Filling up the DagBag from /home/airflow/.local/lib/python3.8/site-packages/airflow/example_dags/example_xcom.py
[2024-04-29T17:33:11.883+0000] {processor.py:840} INFO - DAG(s) 'example_xcom' retrieved from /home/airflow/.local/lib/python3.8/site-packages/airflow/example_dags/example_xcom.py
[2024-04-29T17:33:11.908+0000] {logging_mixin.py:188} INFO - [2024-04-29T17:33:11.907+0000] {dag.py:3047} INFO - Sync 1 DAGs
[2024-04-29T17:33:11.937+0000] {logging_mixin.py:188} INFO - [2024-04-29T17:33:11.936+0000] {dag.py:3834} INFO - Setting next_dagrun for example_xcom to 2021-01-01 00:00:00+00:00, run_after=2021-01-01 00:00:00+00:00
[2024-04-29T17:33:11.963+0000] {processor.py:183} INFO - Processing /home/airflow/.local/lib/python3.8/site-packages/airflow/example_dags/example_xcom.py took 0.095 seconds
[2024-04-29T17:33:42.212+0000] {processor.py:161} INFO - Started process (PID=2090) to work on /home/airflow/.local/lib/python3.8/site-packages/airflow/example_dags/example_xcom.py
[2024-04-29T17:33:42.212+0000] {processor.py:830} INFO - Processing file /home/airflow/.local/lib/python3.8/site-packages/airflow/example_dags/example_xcom.py for tasks to queue
[2024-04-29T17:33:42.213+0000] {logging_mixin.py:188} INFO - [2024-04-29T17:33:42.213+0000] {dagbag.py:540} INFO - Filling up the DagBag from /home/airflow/.local/lib/python3.8/site-packages/airflow/example_dags/example_xcom.py
[2024-04-29T17:33:42.221+0000] {processor.py:840} INFO - DAG(s) 'example_xcom' retrieved from /home/airflow/.local/lib/python3.8/site-packages/airflow/example_dags/example_xcom.py
[2024-04-29T17:33:42.283+0000] {logging_mixin.py:188} INFO - [2024-04-29T17:33:42.283+0000] {dag.py:3047} INFO - Sync 1 DAGs
[2024-04-29T17:33:42.347+0000] {logging_mixin.py:188} INFO - [2024-04-29T17:33:42.346+0000] {dag.py:3834} INFO - Setting next_dagrun for example_xcom to 2021-01-01 00:00:00+00:00, run_after=2021-01-01 00:00:00+00:00
[2024-04-29T17:33:42.385+0000] {processor.py:183} INFO - Processing /home/airflow/.local/lib/python3.8/site-packages/airflow/example_dags/example_xcom.py took 0.177 seconds
[2024-04-29T17:34:12.910+0000] {processor.py:161} INFO - Started process (PID=2342) to work on /home/airflow/.local/lib/python3.8/site-packages/airflow/example_dags/example_xcom.py
[2024-04-29T17:34:12.911+0000] {processor.py:830} INFO - Processing file /home/airflow/.local/lib/python3.8/site-packages/airflow/example_dags/example_xcom.py for tasks to queue
[2024-04-29T17:34:12.912+0000] {logging_mixin.py:188} INFO - [2024-04-29T17:34:12.911+0000] {dagbag.py:540} INFO - Filling up the DagBag from /home/airflow/.local/lib/python3.8/site-packages/airflow/example_dags/example_xcom.py
[2024-04-29T17:34:12.921+0000] {processor.py:840} INFO - DAG(s) 'example_xcom' retrieved from /home/airflow/.local/lib/python3.8/site-packages/airflow/example_dags/example_xcom.py
[2024-04-29T17:34:12.947+0000] {logging_mixin.py:188} INFO - [2024-04-29T17:34:12.946+0000] {dag.py:3047} INFO - Sync 1 DAGs
[2024-04-29T17:34:12.972+0000] {logging_mixin.py:188} INFO - [2024-04-29T17:34:12.971+0000] {dag.py:3834} INFO - Setting next_dagrun for example_xcom to 2021-01-01 00:00:00+00:00, run_after=2021-01-01 00:00:00+00:00
[2024-04-29T17:34:12.998+0000] {processor.py:183} INFO - Processing /home/airflow/.local/lib/python3.8/site-packages/airflow/example_dags/example_xcom.py took 0.092 seconds
[2024-04-29T17:34:43.427+0000] {processor.py:161} INFO - Started process (PID=2589) to work on /home/airflow/.local/lib/python3.8/site-packages/airflow/example_dags/example_xcom.py
[2024-04-29T17:34:43.428+0000] {processor.py:830} INFO - Processing file /home/airflow/.local/lib/python3.8/site-packages/airflow/example_dags/example_xcom.py for tasks to queue
[2024-04-29T17:34:43.429+0000] {logging_mixin.py:188} INFO - [2024-04-29T17:34:43.428+0000] {dagbag.py:540} INFO - Filling up the DagBag from /home/airflow/.local/lib/python3.8/site-packages/airflow/example_dags/example_xcom.py
[2024-04-29T17:34:43.437+0000] {processor.py:840} INFO - DAG(s) 'example_xcom' retrieved from /home/airflow/.local/lib/python3.8/site-packages/airflow/example_dags/example_xcom.py
[2024-04-29T17:34:43.464+0000] {logging_mixin.py:188} INFO - [2024-04-29T17:34:43.464+0000] {dag.py:3047} INFO - Sync 1 DAGs
[2024-04-29T17:34:43.490+0000] {logging_mixin.py:188} INFO - [2024-04-29T17:34:43.490+0000] {dag.py:3834} INFO - Setting next_dagrun for example_xcom to 2021-01-01 00:00:00+00:00, run_after=2021-01-01 00:00:00+00:00
[2024-04-29T17:34:43.515+0000] {processor.py:183} INFO - Processing /home/airflow/.local/lib/python3.8/site-packages/airflow/example_dags/example_xcom.py took 0.092 seconds
[2024-04-29T17:35:14.047+0000] {processor.py:161} INFO - Started process (PID=2836) to work on /home/airflow/.local/lib/python3.8/site-packages/airflow/example_dags/example_xcom.py
[2024-04-29T17:35:14.048+0000] {processor.py:830} INFO - Processing file /home/airflow/.local/lib/python3.8/site-packages/airflow/example_dags/example_xcom.py for tasks to queue
[2024-04-29T17:35:14.049+0000] {logging_mixin.py:188} INFO - [2024-04-29T17:35:14.048+0000] {dagbag.py:540} INFO - Filling up the DagBag from /home/airflow/.local/lib/python3.8/site-packages/airflow/example_dags/example_xcom.py
[2024-04-29T17:35:14.057+0000] {processor.py:840} INFO - DAG(s) 'example_xcom' retrieved from /home/airflow/.local/lib/python3.8/site-packages/airflow/example_dags/example_xcom.py
[2024-04-29T17:35:14.085+0000] {logging_mixin.py:188} INFO - [2024-04-29T17:35:14.085+0000] {dag.py:3047} INFO - Sync 1 DAGs
[2024-04-29T17:35:14.143+0000] {logging_mixin.py:188} INFO - [2024-04-29T17:35:14.142+0000] {dag.py:3834} INFO - Setting next_dagrun for example_xcom to 2021-01-01 00:00:00+00:00, run_after=2021-01-01 00:00:00+00:00
[2024-04-29T17:35:14.203+0000] {processor.py:183} INFO - Processing /home/airflow/.local/lib/python3.8/site-packages/airflow/example_dags/example_xcom.py took 0.159 seconds
[2024-04-29T17:35:44.897+0000] {processor.py:161} INFO - Started process (PID=3085) to work on /home/airflow/.local/lib/python3.8/site-packages/airflow/example_dags/example_xcom.py
[2024-04-29T17:35:44.897+0000] {processor.py:830} INFO - Processing file /home/airflow/.local/lib/python3.8/site-packages/airflow/example_dags/example_xcom.py for tasks to queue
[2024-04-29T17:35:44.898+0000] {logging_mixin.py:188} INFO - [2024-04-29T17:35:44.898+0000] {dagbag.py:540} INFO - Filling up the DagBag from /home/airflow/.local/lib/python3.8/site-packages/airflow/example_dags/example_xcom.py
[2024-04-29T17:35:44.907+0000] {processor.py:840} INFO - DAG(s) 'example_xcom' retrieved from /home/airflow/.local/lib/python3.8/site-packages/airflow/example_dags/example_xcom.py
[2024-04-29T17:35:44.935+0000] {logging_mixin.py:188} INFO - [2024-04-29T17:35:44.934+0000] {dag.py:3047} INFO - Sync 1 DAGs
[2024-04-29T17:35:44.959+0000] {logging_mixin.py:188} INFO - [2024-04-29T17:35:44.959+0000] {dag.py:3834} INFO - Setting next_dagrun for example_xcom to 2021-01-01 00:00:00+00:00, run_after=2021-01-01 00:00:00+00:00
[2024-04-29T17:35:44.990+0000] {processor.py:183} INFO - Processing /home/airflow/.local/lib/python3.8/site-packages/airflow/example_dags/example_xcom.py took 0.097 seconds
[2024-04-29T17:36:15.383+0000] {processor.py:161} INFO - Started process (PID=3333) to work on /home/airflow/.local/lib/python3.8/site-packages/airflow/example_dags/example_xcom.py
[2024-04-29T17:36:15.384+0000] {processor.py:830} INFO - Processing file /home/airflow/.local/lib/python3.8/site-packages/airflow/example_dags/example_xcom.py for tasks to queue
[2024-04-29T17:36:15.385+0000] {logging_mixin.py:188} INFO - [2024-04-29T17:36:15.384+0000] {dagbag.py:540} INFO - Filling up the DagBag from /home/airflow/.local/lib/python3.8/site-packages/airflow/example_dags/example_xcom.py
[2024-04-29T17:36:15.393+0000] {processor.py:840} INFO - DAG(s) 'example_xcom' retrieved from /home/airflow/.local/lib/python3.8/site-packages/airflow/example_dags/example_xcom.py
[2024-04-29T17:36:15.421+0000] {logging_mixin.py:188} INFO - [2024-04-29T17:36:15.421+0000] {dag.py:3047} INFO - Sync 1 DAGs
[2024-04-29T17:36:15.447+0000] {logging_mixin.py:188} INFO - [2024-04-29T17:36:15.447+0000] {dag.py:3834} INFO - Setting next_dagrun for example_xcom to 2021-01-01 00:00:00+00:00, run_after=2021-01-01 00:00:00+00:00
[2024-04-29T17:36:15.473+0000] {processor.py:183} INFO - Processing /home/airflow/.local/lib/python3.8/site-packages/airflow/example_dags/example_xcom.py took 0.093 seconds
[2024-04-29T17:36:45.970+0000] {processor.py:161} INFO - Started process (PID=3580) to work on /home/airflow/.local/lib/python3.8/site-packages/airflow/example_dags/example_xcom.py
[2024-04-29T17:36:45.970+0000] {processor.py:830} INFO - Processing file /home/airflow/.local/lib/python3.8/site-packages/airflow/example_dags/example_xcom.py for tasks to queue
[2024-04-29T17:36:45.971+0000] {logging_mixin.py:188} INFO - [2024-04-29T17:36:45.971+0000] {dagbag.py:540} INFO - Filling up the DagBag from /home/airflow/.local/lib/python3.8/site-packages/airflow/example_dags/example_xcom.py
[2024-04-29T17:36:45.979+0000] {processor.py:840} INFO - DAG(s) 'example_xcom' retrieved from /home/airflow/.local/lib/python3.8/site-packages/airflow/example_dags/example_xcom.py
[2024-04-29T17:36:46.005+0000] {logging_mixin.py:188} INFO - [2024-04-29T17:36:46.003+0000] {dag.py:3047} INFO - Sync 1 DAGs
[2024-04-29T17:36:46.031+0000] {logging_mixin.py:188} INFO - [2024-04-29T17:36:46.030+0000] {dag.py:3834} INFO - Setting next_dagrun for example_xcom to 2021-01-01 00:00:00+00:00, run_after=2021-01-01 00:00:00+00:00
[2024-04-29T17:36:46.058+0000] {processor.py:183} INFO - Processing /home/airflow/.local/lib/python3.8/site-packages/airflow/example_dags/example_xcom.py took 0.092 seconds
[2024-04-29T17:37:19.652+0000] {processor.py:161} INFO - Started process (PID=3887) to work on /home/airflow/.local/lib/python3.8/site-packages/airflow/example_dags/example_xcom.py
[2024-04-29T17:37:19.674+0000] {processor.py:830} INFO - Processing file /home/airflow/.local/lib/python3.8/site-packages/airflow/example_dags/example_xcom.py for tasks to queue
[2024-04-29T17:37:19.675+0000] {logging_mixin.py:188} INFO - [2024-04-29T17:37:19.675+0000] {dagbag.py:540} INFO - Filling up the DagBag from /home/airflow/.local/lib/python3.8/site-packages/airflow/example_dags/example_xcom.py
[2024-04-29T17:37:19.717+0000] {processor.py:840} INFO - DAG(s) 'example_xcom' retrieved from /home/airflow/.local/lib/python3.8/site-packages/airflow/example_dags/example_xcom.py
[2024-04-29T17:37:19.850+0000] {logging_mixin.py:188} INFO - [2024-04-29T17:37:19.850+0000] {dag.py:3047} INFO - Sync 1 DAGs
[2024-04-29T17:37:19.944+0000] {logging_mixin.py:188} INFO - [2024-04-29T17:37:19.944+0000] {dag.py:3834} INFO - Setting next_dagrun for example_xcom to 2021-01-01 00:00:00+00:00, run_after=2021-01-01 00:00:00+00:00
[2024-04-29T17:37:20.041+0000] {processor.py:183} INFO - Processing /home/airflow/.local/lib/python3.8/site-packages/airflow/example_dags/example_xcom.py took 0.396 seconds
[2024-04-29T17:37:50.681+0000] {processor.py:161} INFO - Started process (PID=4221) to work on /home/airflow/.local/lib/python3.8/site-packages/airflow/example_dags/example_xcom.py
[2024-04-29T17:37:50.681+0000] {processor.py:830} INFO - Processing file /home/airflow/.local/lib/python3.8/site-packages/airflow/example_dags/example_xcom.py for tasks to queue
[2024-04-29T17:37:50.682+0000] {logging_mixin.py:188} INFO - [2024-04-29T17:37:50.682+0000] {dagbag.py:540} INFO - Filling up the DagBag from /home/airflow/.local/lib/python3.8/site-packages/airflow/example_dags/example_xcom.py
[2024-04-29T17:37:50.688+0000] {processor.py:840} INFO - DAG(s) 'example_xcom' retrieved from /home/airflow/.local/lib/python3.8/site-packages/airflow/example_dags/example_xcom.py
[2024-04-29T17:37:50.706+0000] {logging_mixin.py:188} INFO - [2024-04-29T17:37:50.706+0000] {dag.py:3047} INFO - Sync 1 DAGs
[2024-04-29T17:37:50.724+0000] {logging_mixin.py:188} INFO - [2024-04-29T17:37:50.724+0000] {dag.py:3834} INFO - Setting next_dagrun for example_xcom to 2021-01-01 00:00:00+00:00, run_after=2021-01-01 00:00:00+00:00
[2024-04-29T17:37:50.746+0000] {processor.py:183} INFO - Processing /home/airflow/.local/lib/python3.8/site-packages/airflow/example_dags/example_xcom.py took 0.068 seconds
[2024-04-29T17:38:20.954+0000] {processor.py:161} INFO - Started process (PID=4469) to work on /home/airflow/.local/lib/python3.8/site-packages/airflow/example_dags/example_xcom.py
[2024-04-29T17:38:20.955+0000] {processor.py:830} INFO - Processing file /home/airflow/.local/lib/python3.8/site-packages/airflow/example_dags/example_xcom.py for tasks to queue
[2024-04-29T17:38:20.955+0000] {logging_mixin.py:188} INFO - [2024-04-29T17:38:20.955+0000] {dagbag.py:540} INFO - Filling up the DagBag from /home/airflow/.local/lib/python3.8/site-packages/airflow/example_dags/example_xcom.py
[2024-04-29T17:38:20.962+0000] {processor.py:840} INFO - DAG(s) 'example_xcom' retrieved from /home/airflow/.local/lib/python3.8/site-packages/airflow/example_dags/example_xcom.py
[2024-04-29T17:38:20.983+0000] {logging_mixin.py:188} INFO - [2024-04-29T17:38:20.982+0000] {dag.py:3047} INFO - Sync 1 DAGs
[2024-04-29T17:38:21.010+0000] {logging_mixin.py:188} INFO - [2024-04-29T17:38:21.010+0000] {dag.py:3834} INFO - Setting next_dagrun for example_xcom to 2021-01-01 00:00:00+00:00, run_after=2021-01-01 00:00:00+00:00
[2024-04-29T17:38:21.032+0000] {processor.py:183} INFO - Processing /home/airflow/.local/lib/python3.8/site-packages/airflow/example_dags/example_xcom.py took 0.080 seconds
[2024-04-29T17:38:51.122+0000] {processor.py:161} INFO - Started process (PID=4714) to work on /home/airflow/.local/lib/python3.8/site-packages/airflow/example_dags/example_xcom.py
[2024-04-29T17:38:51.123+0000] {processor.py:830} INFO - Processing file /home/airflow/.local/lib/python3.8/site-packages/airflow/example_dags/example_xcom.py for tasks to queue
[2024-04-29T17:38:51.127+0000] {logging_mixin.py:188} INFO - [2024-04-29T17:38:51.124+0000] {dagbag.py:540} INFO - Filling up the DagBag from /home/airflow/.local/lib/python3.8/site-packages/airflow/example_dags/example_xcom.py
[2024-04-29T17:38:51.169+0000] {processor.py:840} INFO - DAG(s) 'example_xcom' retrieved from /home/airflow/.local/lib/python3.8/site-packages/airflow/example_dags/example_xcom.py
[2024-04-29T17:38:51.206+0000] {logging_mixin.py:188} INFO - [2024-04-29T17:38:51.205+0000] {dag.py:3047} INFO - Sync 1 DAGs
[2024-04-29T17:38:51.226+0000] {logging_mixin.py:188} INFO - [2024-04-29T17:38:51.226+0000] {dag.py:3834} INFO - Setting next_dagrun for example_xcom to 2021-01-01 00:00:00+00:00, run_after=2021-01-01 00:00:00+00:00
[2024-04-29T17:38:51.251+0000] {processor.py:183} INFO - Processing /home/airflow/.local/lib/python3.8/site-packages/airflow/example_dags/example_xcom.py took 0.134 seconds
[2024-04-29T17:39:21.670+0000] {processor.py:161} INFO - Started process (PID=4961) to work on /home/airflow/.local/lib/python3.8/site-packages/airflow/example_dags/example_xcom.py
[2024-04-29T17:39:21.671+0000] {processor.py:830} INFO - Processing file /home/airflow/.local/lib/python3.8/site-packages/airflow/example_dags/example_xcom.py for tasks to queue
[2024-04-29T17:39:21.672+0000] {logging_mixin.py:188} INFO - [2024-04-29T17:39:21.672+0000] {dagbag.py:540} INFO - Filling up the DagBag from /home/airflow/.local/lib/python3.8/site-packages/airflow/example_dags/example_xcom.py
[2024-04-29T17:39:21.681+0000] {processor.py:840} INFO - DAG(s) 'example_xcom' retrieved from /home/airflow/.local/lib/python3.8/site-packages/airflow/example_dags/example_xcom.py
[2024-04-29T17:39:21.706+0000] {logging_mixin.py:188} INFO - [2024-04-29T17:39:21.706+0000] {dag.py:3047} INFO - Sync 1 DAGs
[2024-04-29T17:39:21.729+0000] {logging_mixin.py:188} INFO - [2024-04-29T17:39:21.728+0000] {dag.py:3834} INFO - Setting next_dagrun for example_xcom to 2021-01-01 00:00:00+00:00, run_after=2021-01-01 00:00:00+00:00
[2024-04-29T17:39:21.753+0000] {processor.py:183} INFO - Processing /home/airflow/.local/lib/python3.8/site-packages/airflow/example_dags/example_xcom.py took 0.086 seconds
[2024-04-29T17:39:52.542+0000] {processor.py:161} INFO - Started process (PID=5207) to work on /home/airflow/.local/lib/python3.8/site-packages/airflow/example_dags/example_xcom.py
[2024-04-29T17:39:52.543+0000] {processor.py:830} INFO - Processing file /home/airflow/.local/lib/python3.8/site-packages/airflow/example_dags/example_xcom.py for tasks to queue
[2024-04-29T17:39:52.544+0000] {logging_mixin.py:188} INFO - [2024-04-29T17:39:52.544+0000] {dagbag.py:540} INFO - Filling up the DagBag from /home/airflow/.local/lib/python3.8/site-packages/airflow/example_dags/example_xcom.py
[2024-04-29T17:39:52.553+0000] {processor.py:840} INFO - DAG(s) 'example_xcom' retrieved from /home/airflow/.local/lib/python3.8/site-packages/airflow/example_dags/example_xcom.py
[2024-04-29T17:39:52.576+0000] {logging_mixin.py:188} INFO - [2024-04-29T17:39:52.576+0000] {dag.py:3047} INFO - Sync 1 DAGs
[2024-04-29T17:39:52.598+0000] {logging_mixin.py:188} INFO - [2024-04-29T17:39:52.598+0000] {dag.py:3834} INFO - Setting next_dagrun for example_xcom to 2021-01-01 00:00:00+00:00, run_after=2021-01-01 00:00:00+00:00
[2024-04-29T17:39:52.624+0000] {processor.py:183} INFO - Processing /home/airflow/.local/lib/python3.8/site-packages/airflow/example_dags/example_xcom.py took 0.085 seconds
[2024-04-29T17:40:23.036+0000] {processor.py:161} INFO - Started process (PID=5454) to work on /home/airflow/.local/lib/python3.8/site-packages/airflow/example_dags/example_xcom.py
[2024-04-29T17:40:23.042+0000] {processor.py:830} INFO - Processing file /home/airflow/.local/lib/python3.8/site-packages/airflow/example_dags/example_xcom.py for tasks to queue
[2024-04-29T17:40:23.043+0000] {logging_mixin.py:188} INFO - [2024-04-29T17:40:23.043+0000] {dagbag.py:540} INFO - Filling up the DagBag from /home/airflow/.local/lib/python3.8/site-packages/airflow/example_dags/example_xcom.py
[2024-04-29T17:40:23.055+0000] {processor.py:840} INFO - DAG(s) 'example_xcom' retrieved from /home/airflow/.local/lib/python3.8/site-packages/airflow/example_dags/example_xcom.py
[2024-04-29T17:40:23.111+0000] {logging_mixin.py:188} INFO - [2024-04-29T17:40:23.111+0000] {dag.py:3047} INFO - Sync 1 DAGs
[2024-04-29T17:40:23.141+0000] {logging_mixin.py:188} INFO - [2024-04-29T17:40:23.141+0000] {dag.py:3834} INFO - Setting next_dagrun for example_xcom to 2021-01-01 00:00:00+00:00, run_after=2021-01-01 00:00:00+00:00
[2024-04-29T17:40:23.166+0000] {processor.py:183} INFO - Processing /home/airflow/.local/lib/python3.8/site-packages/airflow/example_dags/example_xcom.py took 0.146 seconds
[2024-04-29T17:40:53.254+0000] {processor.py:161} INFO - Started process (PID=5701) to work on /home/airflow/.local/lib/python3.8/site-packages/airflow/example_dags/example_xcom.py
[2024-04-29T17:40:53.255+0000] {processor.py:830} INFO - Processing file /home/airflow/.local/lib/python3.8/site-packages/airflow/example_dags/example_xcom.py for tasks to queue
[2024-04-29T17:40:53.256+0000] {logging_mixin.py:188} INFO - [2024-04-29T17:40:53.256+0000] {dagbag.py:540} INFO - Filling up the DagBag from /home/airflow/.local/lib/python3.8/site-packages/airflow/example_dags/example_xcom.py
[2024-04-29T17:40:53.264+0000] {processor.py:840} INFO - DAG(s) 'example_xcom' retrieved from /home/airflow/.local/lib/python3.8/site-packages/airflow/example_dags/example_xcom.py
[2024-04-29T17:40:53.289+0000] {logging_mixin.py:188} INFO - [2024-04-29T17:40:53.289+0000] {dag.py:3047} INFO - Sync 1 DAGs
[2024-04-29T17:40:53.313+0000] {logging_mixin.py:188} INFO - [2024-04-29T17:40:53.313+0000] {dag.py:3834} INFO - Setting next_dagrun for example_xcom to 2021-01-01 00:00:00+00:00, run_after=2021-01-01 00:00:00+00:00
[2024-04-29T17:40:53.336+0000] {processor.py:183} INFO - Processing /home/airflow/.local/lib/python3.8/site-packages/airflow/example_dags/example_xcom.py took 0.086 seconds
[2024-04-29T17:41:23.648+0000] {processor.py:161} INFO - Started process (PID=5950) to work on /home/airflow/.local/lib/python3.8/site-packages/airflow/example_dags/example_xcom.py
[2024-04-29T17:41:23.649+0000] {processor.py:830} INFO - Processing file /home/airflow/.local/lib/python3.8/site-packages/airflow/example_dags/example_xcom.py for tasks to queue
[2024-04-29T17:41:23.650+0000] {logging_mixin.py:188} INFO - [2024-04-29T17:41:23.649+0000] {dagbag.py:540} INFO - Filling up the DagBag from /home/airflow/.local/lib/python3.8/site-packages/airflow/example_dags/example_xcom.py
[2024-04-29T17:41:23.656+0000] {processor.py:840} INFO - DAG(s) 'example_xcom' retrieved from /home/airflow/.local/lib/python3.8/site-packages/airflow/example_dags/example_xcom.py
[2024-04-29T17:41:23.673+0000] {logging_mixin.py:188} INFO - [2024-04-29T17:41:23.673+0000] {dag.py:3047} INFO - Sync 1 DAGs
[2024-04-29T17:41:23.690+0000] {logging_mixin.py:188} INFO - [2024-04-29T17:41:23.690+0000] {dag.py:3834} INFO - Setting next_dagrun for example_xcom to 2021-01-01 00:00:00+00:00, run_after=2021-01-01 00:00:00+00:00
[2024-04-29T17:41:23.709+0000] {processor.py:183} INFO - Processing /home/airflow/.local/lib/python3.8/site-packages/airflow/example_dags/example_xcom.py took 0.063 seconds
[2024-04-29T17:41:53.890+0000] {processor.py:161} INFO - Started process (PID=6195) to work on /home/airflow/.local/lib/python3.8/site-packages/airflow/example_dags/example_xcom.py
[2024-04-29T17:41:53.891+0000] {processor.py:830} INFO - Processing file /home/airflow/.local/lib/python3.8/site-packages/airflow/example_dags/example_xcom.py for tasks to queue
[2024-04-29T17:41:53.892+0000] {logging_mixin.py:188} INFO - [2024-04-29T17:41:53.892+0000] {dagbag.py:540} INFO - Filling up the DagBag from /home/airflow/.local/lib/python3.8/site-packages/airflow/example_dags/example_xcom.py
[2024-04-29T17:41:53.899+0000] {processor.py:840} INFO - DAG(s) 'example_xcom' retrieved from /home/airflow/.local/lib/python3.8/site-packages/airflow/example_dags/example_xcom.py
[2024-04-29T17:41:53.934+0000] {logging_mixin.py:188} INFO - [2024-04-29T17:41:53.934+0000] {dag.py:3047} INFO - Sync 1 DAGs
[2024-04-29T17:41:53.953+0000] {logging_mixin.py:188} INFO - [2024-04-29T17:41:53.953+0000] {dag.py:3834} INFO - Setting next_dagrun for example_xcom to 2021-01-01 00:00:00+00:00, run_after=2021-01-01 00:00:00+00:00
[2024-04-29T17:41:53.972+0000] {processor.py:183} INFO - Processing /home/airflow/.local/lib/python3.8/site-packages/airflow/example_dags/example_xcom.py took 0.085 seconds
[2024-04-29T17:42:24.409+0000] {processor.py:161} INFO - Started process (PID=6444) to work on /home/airflow/.local/lib/python3.8/site-packages/airflow/example_dags/example_xcom.py
[2024-04-29T17:42:24.410+0000] {processor.py:830} INFO - Processing file /home/airflow/.local/lib/python3.8/site-packages/airflow/example_dags/example_xcom.py for tasks to queue
[2024-04-29T17:42:24.411+0000] {logging_mixin.py:188} INFO - [2024-04-29T17:42:24.411+0000] {dagbag.py:540} INFO - Filling up the DagBag from /home/airflow/.local/lib/python3.8/site-packages/airflow/example_dags/example_xcom.py
[2024-04-29T17:42:24.417+0000] {processor.py:840} INFO - DAG(s) 'example_xcom' retrieved from /home/airflow/.local/lib/python3.8/site-packages/airflow/example_dags/example_xcom.py
[2024-04-29T17:42:24.434+0000] {logging_mixin.py:188} INFO - [2024-04-29T17:42:24.434+0000] {dag.py:3047} INFO - Sync 1 DAGs
[2024-04-29T17:42:24.451+0000] {logging_mixin.py:188} INFO - [2024-04-29T17:42:24.451+0000] {dag.py:3834} INFO - Setting next_dagrun for example_xcom to 2021-01-01 00:00:00+00:00, run_after=2021-01-01 00:00:00+00:00
[2024-04-29T17:42:24.475+0000] {processor.py:183} INFO - Processing /home/airflow/.local/lib/python3.8/site-packages/airflow/example_dags/example_xcom.py took 0.069 seconds
[2024-04-29T17:42:55.537+0000] {processor.py:161} INFO - Started process (PID=6689) to work on /home/airflow/.local/lib/python3.8/site-packages/airflow/example_dags/example_xcom.py
[2024-04-29T17:42:55.539+0000] {processor.py:830} INFO - Processing file /home/airflow/.local/lib/python3.8/site-packages/airflow/example_dags/example_xcom.py for tasks to queue
[2024-04-29T17:42:55.540+0000] {logging_mixin.py:188} INFO - [2024-04-29T17:42:55.539+0000] {dagbag.py:540} INFO - Filling up the DagBag from /home/airflow/.local/lib/python3.8/site-packages/airflow/example_dags/example_xcom.py
[2024-04-29T17:42:55.549+0000] {processor.py:840} INFO - DAG(s) 'example_xcom' retrieved from /home/airflow/.local/lib/python3.8/site-packages/airflow/example_dags/example_xcom.py
[2024-04-29T17:42:55.572+0000] {logging_mixin.py:188} INFO - [2024-04-29T17:42:55.572+0000] {dag.py:3047} INFO - Sync 1 DAGs
[2024-04-29T17:42:55.597+0000] {logging_mixin.py:188} INFO - [2024-04-29T17:42:55.596+0000] {dag.py:3834} INFO - Setting next_dagrun for example_xcom to 2021-01-01 00:00:00+00:00, run_after=2021-01-01 00:00:00+00:00
[2024-04-29T17:42:55.621+0000] {processor.py:183} INFO - Processing /home/airflow/.local/lib/python3.8/site-packages/airflow/example_dags/example_xcom.py took 0.088 seconds
[2024-04-29T17:43:25.896+0000] {processor.py:161} INFO - Started process (PID=6936) to work on /home/airflow/.local/lib/python3.8/site-packages/airflow/example_dags/example_xcom.py
[2024-04-29T17:43:25.897+0000] {processor.py:830} INFO - Processing file /home/airflow/.local/lib/python3.8/site-packages/airflow/example_dags/example_xcom.py for tasks to queue
[2024-04-29T17:43:25.898+0000] {logging_mixin.py:188} INFO - [2024-04-29T17:43:25.897+0000] {dagbag.py:540} INFO - Filling up the DagBag from /home/airflow/.local/lib/python3.8/site-packages/airflow/example_dags/example_xcom.py
[2024-04-29T17:43:25.906+0000] {processor.py:840} INFO - DAG(s) 'example_xcom' retrieved from /home/airflow/.local/lib/python3.8/site-packages/airflow/example_dags/example_xcom.py
[2024-04-29T17:43:25.931+0000] {logging_mixin.py:188} INFO - [2024-04-29T17:43:25.931+0000] {dag.py:3047} INFO - Sync 1 DAGs
[2024-04-29T17:43:25.957+0000] {logging_mixin.py:188} INFO - [2024-04-29T17:43:25.957+0000] {dag.py:3834} INFO - Setting next_dagrun for example_xcom to 2021-01-01 00:00:00+00:00, run_after=2021-01-01 00:00:00+00:00
[2024-04-29T17:43:25.983+0000] {processor.py:183} INFO - Processing /home/airflow/.local/lib/python3.8/site-packages/airflow/example_dags/example_xcom.py took 0.091 seconds
[2024-04-29T17:43:56.912+0000] {processor.py:161} INFO - Started process (PID=7184) to work on /home/airflow/.local/lib/python3.8/site-packages/airflow/example_dags/example_xcom.py
[2024-04-29T17:43:56.913+0000] {processor.py:830} INFO - Processing file /home/airflow/.local/lib/python3.8/site-packages/airflow/example_dags/example_xcom.py for tasks to queue
[2024-04-29T17:43:56.914+0000] {logging_mixin.py:188} INFO - [2024-04-29T17:43:56.914+0000] {dagbag.py:540} INFO - Filling up the DagBag from /home/airflow/.local/lib/python3.8/site-packages/airflow/example_dags/example_xcom.py
[2024-04-29T17:43:56.930+0000] {processor.py:840} INFO - DAG(s) 'example_xcom' retrieved from /home/airflow/.local/lib/python3.8/site-packages/airflow/example_dags/example_xcom.py
[2024-04-29T17:43:56.986+0000] {logging_mixin.py:188} INFO - [2024-04-29T17:43:56.986+0000] {dag.py:3047} INFO - Sync 1 DAGs
[2024-04-29T17:43:57.011+0000] {logging_mixin.py:188} INFO - [2024-04-29T17:43:57.011+0000] {dag.py:3834} INFO - Setting next_dagrun for example_xcom to 2021-01-01 00:00:00+00:00, run_after=2021-01-01 00:00:00+00:00
[2024-04-29T17:43:57.035+0000] {processor.py:183} INFO - Processing /home/airflow/.local/lib/python3.8/site-packages/airflow/example_dags/example_xcom.py took 0.128 seconds
[2024-04-29T17:44:27.370+0000] {processor.py:161} INFO - Started process (PID=7430) to work on /home/airflow/.local/lib/python3.8/site-packages/airflow/example_dags/example_xcom.py
[2024-04-29T17:44:27.371+0000] {processor.py:830} INFO - Processing file /home/airflow/.local/lib/python3.8/site-packages/airflow/example_dags/example_xcom.py for tasks to queue
[2024-04-29T17:44:27.373+0000] {logging_mixin.py:188} INFO - [2024-04-29T17:44:27.372+0000] {dagbag.py:540} INFO - Filling up the DagBag from /home/airflow/.local/lib/python3.8/site-packages/airflow/example_dags/example_xcom.py
[2024-04-29T17:44:27.382+0000] {processor.py:840} INFO - DAG(s) 'example_xcom' retrieved from /home/airflow/.local/lib/python3.8/site-packages/airflow/example_dags/example_xcom.py
[2024-04-29T17:44:27.406+0000] {logging_mixin.py:188} INFO - [2024-04-29T17:44:27.405+0000] {dag.py:3047} INFO - Sync 1 DAGs
[2024-04-29T17:44:27.431+0000] {logging_mixin.py:188} INFO - [2024-04-29T17:44:27.431+0000] {dag.py:3834} INFO - Setting next_dagrun for example_xcom to 2021-01-01 00:00:00+00:00, run_after=2021-01-01 00:00:00+00:00
[2024-04-29T17:44:27.456+0000] {processor.py:183} INFO - Processing /home/airflow/.local/lib/python3.8/site-packages/airflow/example_dags/example_xcom.py took 0.090 seconds
[2024-04-29T17:44:57.888+0000] {processor.py:161} INFO - Started process (PID=7677) to work on /home/airflow/.local/lib/python3.8/site-packages/airflow/example_dags/example_xcom.py
[2024-04-29T17:44:57.890+0000] {processor.py:830} INFO - Processing file /home/airflow/.local/lib/python3.8/site-packages/airflow/example_dags/example_xcom.py for tasks to queue
[2024-04-29T17:44:57.890+0000] {logging_mixin.py:188} INFO - [2024-04-29T17:44:57.890+0000] {dagbag.py:540} INFO - Filling up the DagBag from /home/airflow/.local/lib/python3.8/site-packages/airflow/example_dags/example_xcom.py
[2024-04-29T17:44:57.899+0000] {processor.py:840} INFO - DAG(s) 'example_xcom' retrieved from /home/airflow/.local/lib/python3.8/site-packages/airflow/example_dags/example_xcom.py
[2024-04-29T17:44:57.924+0000] {logging_mixin.py:188} INFO - [2024-04-29T17:44:57.924+0000] {dag.py:3047} INFO - Sync 1 DAGs
[2024-04-29T17:44:57.949+0000] {logging_mixin.py:188} INFO - [2024-04-29T17:44:57.948+0000] {dag.py:3834} INFO - Setting next_dagrun for example_xcom to 2021-01-01 00:00:00+00:00, run_after=2021-01-01 00:00:00+00:00
[2024-04-29T17:44:57.974+0000] {processor.py:183} INFO - Processing /home/airflow/.local/lib/python3.8/site-packages/airflow/example_dags/example_xcom.py took 0.089 seconds
[2024-04-29T17:45:28.289+0000] {processor.py:161} INFO - Started process (PID=7925) to work on /home/airflow/.local/lib/python3.8/site-packages/airflow/example_dags/example_xcom.py
[2024-04-29T17:45:28.290+0000] {processor.py:830} INFO - Processing file /home/airflow/.local/lib/python3.8/site-packages/airflow/example_dags/example_xcom.py for tasks to queue
[2024-04-29T17:45:28.291+0000] {logging_mixin.py:188} INFO - [2024-04-29T17:45:28.291+0000] {dagbag.py:540} INFO - Filling up the DagBag from /home/airflow/.local/lib/python3.8/site-packages/airflow/example_dags/example_xcom.py
[2024-04-29T17:45:28.300+0000] {processor.py:840} INFO - DAG(s) 'example_xcom' retrieved from /home/airflow/.local/lib/python3.8/site-packages/airflow/example_dags/example_xcom.py
[2024-04-29T17:45:28.323+0000] {logging_mixin.py:188} INFO - [2024-04-29T17:45:28.323+0000] {dag.py:3047} INFO - Sync 1 DAGs
[2024-04-29T17:45:28.349+0000] {logging_mixin.py:188} INFO - [2024-04-29T17:45:28.348+0000] {dag.py:3834} INFO - Setting next_dagrun for example_xcom to 2021-01-01 00:00:00+00:00, run_after=2021-01-01 00:00:00+00:00
[2024-04-29T17:45:28.374+0000] {processor.py:183} INFO - Processing /home/airflow/.local/lib/python3.8/site-packages/airflow/example_dags/example_xcom.py took 0.089 seconds
[2024-04-29T17:45:58.632+0000] {processor.py:161} INFO - Started process (PID=8173) to work on /home/airflow/.local/lib/python3.8/site-packages/airflow/example_dags/example_xcom.py
[2024-04-29T17:45:58.633+0000] {processor.py:830} INFO - Processing file /home/airflow/.local/lib/python3.8/site-packages/airflow/example_dags/example_xcom.py for tasks to queue
[2024-04-29T17:45:58.634+0000] {logging_mixin.py:188} INFO - [2024-04-29T17:45:58.634+0000] {dagbag.py:540} INFO - Filling up the DagBag from /home/airflow/.local/lib/python3.8/site-packages/airflow/example_dags/example_xcom.py
[2024-04-29T17:45:58.643+0000] {processor.py:840} INFO - DAG(s) 'example_xcom' retrieved from /home/airflow/.local/lib/python3.8/site-packages/airflow/example_dags/example_xcom.py
[2024-04-29T17:45:58.668+0000] {logging_mixin.py:188} INFO - [2024-04-29T17:45:58.667+0000] {dag.py:3047} INFO - Sync 1 DAGs
[2024-04-29T17:45:58.690+0000] {logging_mixin.py:188} INFO - [2024-04-29T17:45:58.690+0000] {dag.py:3834} INFO - Setting next_dagrun for example_xcom to 2021-01-01 00:00:00+00:00, run_after=2021-01-01 00:00:00+00:00
[2024-04-29T17:45:58.715+0000] {processor.py:183} INFO - Processing /home/airflow/.local/lib/python3.8/site-packages/airflow/example_dags/example_xcom.py took 0.086 seconds
[2024-04-29T17:46:28.902+0000] {processor.py:161} INFO - Started process (PID=8421) to work on /home/airflow/.local/lib/python3.8/site-packages/airflow/example_dags/example_xcom.py
[2024-04-29T17:46:28.903+0000] {processor.py:830} INFO - Processing file /home/airflow/.local/lib/python3.8/site-packages/airflow/example_dags/example_xcom.py for tasks to queue
[2024-04-29T17:46:28.904+0000] {logging_mixin.py:188} INFO - [2024-04-29T17:46:28.904+0000] {dagbag.py:540} INFO - Filling up the DagBag from /home/airflow/.local/lib/python3.8/site-packages/airflow/example_dags/example_xcom.py
[2024-04-29T17:46:28.912+0000] {processor.py:840} INFO - DAG(s) 'example_xcom' retrieved from /home/airflow/.local/lib/python3.8/site-packages/airflow/example_dags/example_xcom.py
[2024-04-29T17:46:28.935+0000] {logging_mixin.py:188} INFO - [2024-04-29T17:46:28.935+0000] {dag.py:3047} INFO - Sync 1 DAGs
[2024-04-29T17:46:28.960+0000] {logging_mixin.py:188} INFO - [2024-04-29T17:46:28.959+0000] {dag.py:3834} INFO - Setting next_dagrun for example_xcom to 2021-01-01 00:00:00+00:00, run_after=2021-01-01 00:00:00+00:00
[2024-04-29T17:46:28.984+0000] {processor.py:183} INFO - Processing /home/airflow/.local/lib/python3.8/site-packages/airflow/example_dags/example_xcom.py took 0.085 seconds
[2024-04-29T17:46:59.542+0000] {processor.py:161} INFO - Started process (PID=8668) to work on /home/airflow/.local/lib/python3.8/site-packages/airflow/example_dags/example_xcom.py
[2024-04-29T17:46:59.545+0000] {processor.py:830} INFO - Processing file /home/airflow/.local/lib/python3.8/site-packages/airflow/example_dags/example_xcom.py for tasks to queue
[2024-04-29T17:46:59.547+0000] {logging_mixin.py:188} INFO - [2024-04-29T17:46:59.546+0000] {dagbag.py:540} INFO - Filling up the DagBag from /home/airflow/.local/lib/python3.8/site-packages/airflow/example_dags/example_xcom.py
[2024-04-29T17:46:59.557+0000] {processor.py:840} INFO - DAG(s) 'example_xcom' retrieved from /home/airflow/.local/lib/python3.8/site-packages/airflow/example_dags/example_xcom.py
[2024-04-29T17:46:59.581+0000] {logging_mixin.py:188} INFO - [2024-04-29T17:46:59.581+0000] {dag.py:3047} INFO - Sync 1 DAGs
[2024-04-29T17:46:59.606+0000] {logging_mixin.py:188} INFO - [2024-04-29T17:46:59.606+0000] {dag.py:3834} INFO - Setting next_dagrun for example_xcom to 2021-01-01 00:00:00+00:00, run_after=2021-01-01 00:00:00+00:00
[2024-04-29T17:46:59.631+0000] {processor.py:183} INFO - Processing /home/airflow/.local/lib/python3.8/site-packages/airflow/example_dags/example_xcom.py took 0.092 seconds
[2024-04-29T17:47:29.950+0000] {processor.py:161} INFO - Started process (PID=8916) to work on /home/airflow/.local/lib/python3.8/site-packages/airflow/example_dags/example_xcom.py
[2024-04-29T17:47:29.951+0000] {processor.py:830} INFO - Processing file /home/airflow/.local/lib/python3.8/site-packages/airflow/example_dags/example_xcom.py for tasks to queue
[2024-04-29T17:47:29.952+0000] {logging_mixin.py:188} INFO - [2024-04-29T17:47:29.951+0000] {dagbag.py:540} INFO - Filling up the DagBag from /home/airflow/.local/lib/python3.8/site-packages/airflow/example_dags/example_xcom.py
[2024-04-29T17:47:29.960+0000] {processor.py:840} INFO - DAG(s) 'example_xcom' retrieved from /home/airflow/.local/lib/python3.8/site-packages/airflow/example_dags/example_xcom.py
[2024-04-29T17:47:29.981+0000] {logging_mixin.py:188} INFO - [2024-04-29T17:47:29.981+0000] {dag.py:3047} INFO - Sync 1 DAGs
[2024-04-29T17:47:30.007+0000] {logging_mixin.py:188} INFO - [2024-04-29T17:47:30.007+0000] {dag.py:3834} INFO - Setting next_dagrun for example_xcom to 2021-01-01 00:00:00+00:00, run_after=2021-01-01 00:00:00+00:00
[2024-04-29T17:47:30.032+0000] {processor.py:183} INFO - Processing /home/airflow/.local/lib/python3.8/site-packages/airflow/example_dags/example_xcom.py took 0.085 seconds
[2024-04-29T17:48:00.359+0000] {processor.py:161} INFO - Started process (PID=9164) to work on /home/airflow/.local/lib/python3.8/site-packages/airflow/example_dags/example_xcom.py
[2024-04-29T17:48:00.360+0000] {processor.py:830} INFO - Processing file /home/airflow/.local/lib/python3.8/site-packages/airflow/example_dags/example_xcom.py for tasks to queue
[2024-04-29T17:48:00.361+0000] {logging_mixin.py:188} INFO - [2024-04-29T17:48:00.361+0000] {dagbag.py:540} INFO - Filling up the DagBag from /home/airflow/.local/lib/python3.8/site-packages/airflow/example_dags/example_xcom.py
[2024-04-29T17:48:00.371+0000] {processor.py:840} INFO - DAG(s) 'example_xcom' retrieved from /home/airflow/.local/lib/python3.8/site-packages/airflow/example_dags/example_xcom.py
[2024-04-29T17:48:00.395+0000] {logging_mixin.py:188} INFO - [2024-04-29T17:48:00.395+0000] {dag.py:3047} INFO - Sync 1 DAGs
[2024-04-29T17:48:00.420+0000] {logging_mixin.py:188} INFO - [2024-04-29T17:48:00.420+0000] {dag.py:3834} INFO - Setting next_dagrun for example_xcom to 2021-01-01 00:00:00+00:00, run_after=2021-01-01 00:00:00+00:00
[2024-04-29T17:48:00.445+0000] {processor.py:183} INFO - Processing /home/airflow/.local/lib/python3.8/site-packages/airflow/example_dags/example_xcom.py took 0.090 seconds
[2024-04-29T17:48:30.772+0000] {processor.py:161} INFO - Started process (PID=9411) to work on /home/airflow/.local/lib/python3.8/site-packages/airflow/example_dags/example_xcom.py
[2024-04-29T17:48:30.773+0000] {processor.py:830} INFO - Processing file /home/airflow/.local/lib/python3.8/site-packages/airflow/example_dags/example_xcom.py for tasks to queue
[2024-04-29T17:48:30.774+0000] {logging_mixin.py:188} INFO - [2024-04-29T17:48:30.774+0000] {dagbag.py:540} INFO - Filling up the DagBag from /home/airflow/.local/lib/python3.8/site-packages/airflow/example_dags/example_xcom.py
[2024-04-29T17:48:30.787+0000] {processor.py:840} INFO - DAG(s) 'example_xcom' retrieved from /home/airflow/.local/lib/python3.8/site-packages/airflow/example_dags/example_xcom.py
[2024-04-29T17:48:30.818+0000] {logging_mixin.py:188} INFO - [2024-04-29T17:48:30.818+0000] {dag.py:3047} INFO - Sync 1 DAGs
[2024-04-29T17:48:30.844+0000] {logging_mixin.py:188} INFO - [2024-04-29T17:48:30.844+0000] {dag.py:3834} INFO - Setting next_dagrun for example_xcom to 2021-01-01 00:00:00+00:00, run_after=2021-01-01 00:00:00+00:00
[2024-04-29T17:48:30.873+0000] {processor.py:183} INFO - Processing /home/airflow/.local/lib/python3.8/site-packages/airflow/example_dags/example_xcom.py took 0.105 seconds
[2024-04-29T17:49:01.150+0000] {processor.py:161} INFO - Started process (PID=9659) to work on /home/airflow/.local/lib/python3.8/site-packages/airflow/example_dags/example_xcom.py
[2024-04-29T17:49:01.151+0000] {processor.py:830} INFO - Processing file /home/airflow/.local/lib/python3.8/site-packages/airflow/example_dags/example_xcom.py for tasks to queue
[2024-04-29T17:49:01.152+0000] {logging_mixin.py:188} INFO - [2024-04-29T17:49:01.152+0000] {dagbag.py:540} INFO - Filling up the DagBag from /home/airflow/.local/lib/python3.8/site-packages/airflow/example_dags/example_xcom.py
[2024-04-29T17:49:01.161+0000] {processor.py:840} INFO - DAG(s) 'example_xcom' retrieved from /home/airflow/.local/lib/python3.8/site-packages/airflow/example_dags/example_xcom.py
[2024-04-29T17:49:01.185+0000] {logging_mixin.py:188} INFO - [2024-04-29T17:49:01.185+0000] {dag.py:3047} INFO - Sync 1 DAGs
[2024-04-29T17:49:01.208+0000] {logging_mixin.py:188} INFO - [2024-04-29T17:49:01.208+0000] {dag.py:3834} INFO - Setting next_dagrun for example_xcom to 2021-01-01 00:00:00+00:00, run_after=2021-01-01 00:00:00+00:00
[2024-04-29T17:49:01.235+0000] {processor.py:183} INFO - Processing /home/airflow/.local/lib/python3.8/site-packages/airflow/example_dags/example_xcom.py took 0.089 seconds
[2024-04-29T17:49:32.332+0000] {processor.py:161} INFO - Started process (PID=9907) to work on /home/airflow/.local/lib/python3.8/site-packages/airflow/example_dags/example_xcom.py
[2024-04-29T17:49:32.333+0000] {processor.py:830} INFO - Processing file /home/airflow/.local/lib/python3.8/site-packages/airflow/example_dags/example_xcom.py for tasks to queue
[2024-04-29T17:49:32.334+0000] {logging_mixin.py:188} INFO - [2024-04-29T17:49:32.334+0000] {dagbag.py:540} INFO - Filling up the DagBag from /home/airflow/.local/lib/python3.8/site-packages/airflow/example_dags/example_xcom.py
[2024-04-29T17:49:32.341+0000] {processor.py:840} INFO - DAG(s) 'example_xcom' retrieved from /home/airflow/.local/lib/python3.8/site-packages/airflow/example_dags/example_xcom.py
[2024-04-29T17:49:32.363+0000] {logging_mixin.py:188} INFO - [2024-04-29T17:49:32.363+0000] {dag.py:3047} INFO - Sync 1 DAGs
[2024-04-29T17:49:32.412+0000] {logging_mixin.py:188} INFO - [2024-04-29T17:49:32.412+0000] {dag.py:3834} INFO - Setting next_dagrun for example_xcom to 2021-01-01 00:00:00+00:00, run_after=2021-01-01 00:00:00+00:00
[2024-04-29T17:49:32.437+0000] {processor.py:183} INFO - Processing /home/airflow/.local/lib/python3.8/site-packages/airflow/example_dags/example_xcom.py took 0.109 seconds
[2024-04-29T17:50:02.872+0000] {processor.py:161} INFO - Started process (PID=10170) to work on /home/airflow/.local/lib/python3.8/site-packages/airflow/example_dags/example_xcom.py
[2024-04-29T17:50:02.873+0000] {processor.py:830} INFO - Processing file /home/airflow/.local/lib/python3.8/site-packages/airflow/example_dags/example_xcom.py for tasks to queue
[2024-04-29T17:50:02.874+0000] {logging_mixin.py:188} INFO - [2024-04-29T17:50:02.873+0000] {dagbag.py:540} INFO - Filling up the DagBag from /home/airflow/.local/lib/python3.8/site-packages/airflow/example_dags/example_xcom.py
[2024-04-29T17:50:02.882+0000] {processor.py:840} INFO - DAG(s) 'example_xcom' retrieved from /home/airflow/.local/lib/python3.8/site-packages/airflow/example_dags/example_xcom.py
[2024-04-29T17:50:02.905+0000] {logging_mixin.py:188} INFO - [2024-04-29T17:50:02.905+0000] {dag.py:3047} INFO - Sync 1 DAGs
[2024-04-29T17:50:02.930+0000] {logging_mixin.py:188} INFO - [2024-04-29T17:50:02.930+0000] {dag.py:3834} INFO - Setting next_dagrun for example_xcom to 2021-01-01 00:00:00+00:00, run_after=2021-01-01 00:00:00+00:00
[2024-04-29T17:50:02.969+0000] {processor.py:183} INFO - Processing /home/airflow/.local/lib/python3.8/site-packages/airflow/example_dags/example_xcom.py took 0.100 seconds
[2024-04-29T17:50:33.965+0000] {processor.py:161} INFO - Started process (PID=10452) to work on /home/airflow/.local/lib/python3.8/site-packages/airflow/example_dags/example_xcom.py
[2024-04-29T17:50:33.966+0000] {processor.py:830} INFO - Processing file /home/airflow/.local/lib/python3.8/site-packages/airflow/example_dags/example_xcom.py for tasks to queue
[2024-04-29T17:50:33.967+0000] {logging_mixin.py:188} INFO - [2024-04-29T17:50:33.966+0000] {dagbag.py:540} INFO - Filling up the DagBag from /home/airflow/.local/lib/python3.8/site-packages/airflow/example_dags/example_xcom.py
[2024-04-29T17:50:33.976+0000] {processor.py:840} INFO - DAG(s) 'example_xcom' retrieved from /home/airflow/.local/lib/python3.8/site-packages/airflow/example_dags/example_xcom.py
[2024-04-29T17:50:34.000+0000] {logging_mixin.py:188} INFO - [2024-04-29T17:50:33.999+0000] {dag.py:3047} INFO - Sync 1 DAGs
[2024-04-29T17:50:34.024+0000] {logging_mixin.py:188} INFO - [2024-04-29T17:50:34.024+0000] {dag.py:3834} INFO - Setting next_dagrun for example_xcom to 2021-01-01 00:00:00+00:00, run_after=2021-01-01 00:00:00+00:00
[2024-04-29T17:50:34.049+0000] {processor.py:183} INFO - Processing /home/airflow/.local/lib/python3.8/site-packages/airflow/example_dags/example_xcom.py took 0.088 seconds
[2024-04-29T17:51:04.877+0000] {processor.py:161} INFO - Started process (PID=10734) to work on /home/airflow/.local/lib/python3.8/site-packages/airflow/example_dags/example_xcom.py
[2024-04-29T17:51:04.877+0000] {processor.py:830} INFO - Processing file /home/airflow/.local/lib/python3.8/site-packages/airflow/example_dags/example_xcom.py for tasks to queue
[2024-04-29T17:51:04.878+0000] {logging_mixin.py:188} INFO - [2024-04-29T17:51:04.878+0000] {dagbag.py:540} INFO - Filling up the DagBag from /home/airflow/.local/lib/python3.8/site-packages/airflow/example_dags/example_xcom.py
[2024-04-29T17:51:04.888+0000] {processor.py:840} INFO - DAG(s) 'example_xcom' retrieved from /home/airflow/.local/lib/python3.8/site-packages/airflow/example_dags/example_xcom.py
[2024-04-29T17:51:04.949+0000] {logging_mixin.py:188} INFO - [2024-04-29T17:51:04.948+0000] {dag.py:3047} INFO - Sync 1 DAGs
[2024-04-29T17:51:04.983+0000] {logging_mixin.py:188} INFO - [2024-04-29T17:51:04.983+0000] {dag.py:3834} INFO - Setting next_dagrun for example_xcom to 2021-01-01 00:00:00+00:00, run_after=2021-01-01 00:00:00+00:00
[2024-04-29T17:51:05.010+0000] {processor.py:183} INFO - Processing /home/airflow/.local/lib/python3.8/site-packages/airflow/example_dags/example_xcom.py took 0.136 seconds
[2024-04-29T17:51:35.536+0000] {processor.py:161} INFO - Started process (PID=11012) to work on /home/airflow/.local/lib/python3.8/site-packages/airflow/example_dags/example_xcom.py
[2024-04-29T17:51:35.538+0000] {processor.py:830} INFO - Processing file /home/airflow/.local/lib/python3.8/site-packages/airflow/example_dags/example_xcom.py for tasks to queue
[2024-04-29T17:51:35.539+0000] {logging_mixin.py:188} INFO - [2024-04-29T17:51:35.538+0000] {dagbag.py:540} INFO - Filling up the DagBag from /home/airflow/.local/lib/python3.8/site-packages/airflow/example_dags/example_xcom.py
[2024-04-29T17:51:35.545+0000] {processor.py:840} INFO - DAG(s) 'example_xcom' retrieved from /home/airflow/.local/lib/python3.8/site-packages/airflow/example_dags/example_xcom.py
[2024-04-29T17:51:35.568+0000] {logging_mixin.py:188} INFO - [2024-04-29T17:51:35.568+0000] {dag.py:3047} INFO - Sync 1 DAGs
[2024-04-29T17:51:35.592+0000] {logging_mixin.py:188} INFO - [2024-04-29T17:51:35.592+0000] {dag.py:3834} INFO - Setting next_dagrun for example_xcom to 2021-01-01 00:00:00+00:00, run_after=2021-01-01 00:00:00+00:00
[2024-04-29T17:51:35.618+0000] {processor.py:183} INFO - Processing /home/airflow/.local/lib/python3.8/site-packages/airflow/example_dags/example_xcom.py took 0.085 seconds
[2024-04-29T17:52:06.321+0000] {processor.py:161} INFO - Started process (PID=11283) to work on /home/airflow/.local/lib/python3.8/site-packages/airflow/example_dags/example_xcom.py
[2024-04-29T17:52:06.322+0000] {processor.py:830} INFO - Processing file /home/airflow/.local/lib/python3.8/site-packages/airflow/example_dags/example_xcom.py for tasks to queue
[2024-04-29T17:52:06.323+0000] {logging_mixin.py:188} INFO - [2024-04-29T17:52:06.323+0000] {dagbag.py:540} INFO - Filling up the DagBag from /home/airflow/.local/lib/python3.8/site-packages/airflow/example_dags/example_xcom.py
[2024-04-29T17:52:06.331+0000] {processor.py:840} INFO - DAG(s) 'example_xcom' retrieved from /home/airflow/.local/lib/python3.8/site-packages/airflow/example_dags/example_xcom.py
[2024-04-29T17:52:06.355+0000] {logging_mixin.py:188} INFO - [2024-04-29T17:52:06.355+0000] {dag.py:3047} INFO - Sync 1 DAGs
[2024-04-29T17:52:06.382+0000] {logging_mixin.py:188} INFO - [2024-04-29T17:52:06.382+0000] {dag.py:3834} INFO - Setting next_dagrun for example_xcom to 2021-01-01 00:00:00+00:00, run_after=2021-01-01 00:00:00+00:00
[2024-04-29T17:52:06.414+0000] {processor.py:183} INFO - Processing /home/airflow/.local/lib/python3.8/site-packages/airflow/example_dags/example_xcom.py took 0.096 seconds
[2024-04-29T17:52:37.090+0000] {processor.py:161} INFO - Started process (PID=11561) to work on /home/airflow/.local/lib/python3.8/site-packages/airflow/example_dags/example_xcom.py
[2024-04-29T17:52:37.091+0000] {processor.py:830} INFO - Processing file /home/airflow/.local/lib/python3.8/site-packages/airflow/example_dags/example_xcom.py for tasks to queue
[2024-04-29T17:52:37.092+0000] {logging_mixin.py:188} INFO - [2024-04-29T17:52:37.091+0000] {dagbag.py:540} INFO - Filling up the DagBag from /home/airflow/.local/lib/python3.8/site-packages/airflow/example_dags/example_xcom.py
[2024-04-29T17:52:37.101+0000] {processor.py:840} INFO - DAG(s) 'example_xcom' retrieved from /home/airflow/.local/lib/python3.8/site-packages/airflow/example_dags/example_xcom.py
[2024-04-29T17:52:37.125+0000] {logging_mixin.py:188} INFO - [2024-04-29T17:52:37.125+0000] {dag.py:3047} INFO - Sync 1 DAGs
[2024-04-29T17:52:37.151+0000] {logging_mixin.py:188} INFO - [2024-04-29T17:52:37.151+0000] {dag.py:3834} INFO - Setting next_dagrun for example_xcom to 2021-01-01 00:00:00+00:00, run_after=2021-01-01 00:00:00+00:00
[2024-04-29T17:52:37.177+0000] {processor.py:183} INFO - Processing /home/airflow/.local/lib/python3.8/site-packages/airflow/example_dags/example_xcom.py took 0.091 seconds
[2024-04-29T17:53:07.267+0000] {processor.py:161} INFO - Started process (PID=11832) to work on /home/airflow/.local/lib/python3.8/site-packages/airflow/example_dags/example_xcom.py
[2024-04-29T17:53:07.268+0000] {processor.py:830} INFO - Processing file /home/airflow/.local/lib/python3.8/site-packages/airflow/example_dags/example_xcom.py for tasks to queue
[2024-04-29T17:53:07.269+0000] {logging_mixin.py:188} INFO - [2024-04-29T17:53:07.269+0000] {dagbag.py:540} INFO - Filling up the DagBag from /home/airflow/.local/lib/python3.8/site-packages/airflow/example_dags/example_xcom.py
[2024-04-29T17:53:07.278+0000] {processor.py:840} INFO - DAG(s) 'example_xcom' retrieved from /home/airflow/.local/lib/python3.8/site-packages/airflow/example_dags/example_xcom.py
[2024-04-29T17:53:07.302+0000] {logging_mixin.py:188} INFO - [2024-04-29T17:53:07.302+0000] {dag.py:3047} INFO - Sync 1 DAGs
[2024-04-29T17:53:07.329+0000] {logging_mixin.py:188} INFO - [2024-04-29T17:53:07.329+0000] {dag.py:3834} INFO - Setting next_dagrun for example_xcom to 2021-01-01 00:00:00+00:00, run_after=2021-01-01 00:00:00+00:00
[2024-04-29T17:53:07.363+0000] {processor.py:183} INFO - Processing /home/airflow/.local/lib/python3.8/site-packages/airflow/example_dags/example_xcom.py took 0.100 seconds
[2024-04-29T17:53:38.035+0000] {processor.py:161} INFO - Started process (PID=12101) to work on /home/airflow/.local/lib/python3.8/site-packages/airflow/example_dags/example_xcom.py
[2024-04-29T17:53:38.037+0000] {processor.py:830} INFO - Processing file /home/airflow/.local/lib/python3.8/site-packages/airflow/example_dags/example_xcom.py for tasks to queue
[2024-04-29T17:53:38.038+0000] {logging_mixin.py:188} INFO - [2024-04-29T17:53:38.038+0000] {dagbag.py:540} INFO - Filling up the DagBag from /home/airflow/.local/lib/python3.8/site-packages/airflow/example_dags/example_xcom.py
[2024-04-29T17:53:38.046+0000] {processor.py:840} INFO - DAG(s) 'example_xcom' retrieved from /home/airflow/.local/lib/python3.8/site-packages/airflow/example_dags/example_xcom.py
[2024-04-29T17:53:38.064+0000] {logging_mixin.py:188} INFO - [2024-04-29T17:53:38.064+0000] {dag.py:3047} INFO - Sync 1 DAGs
[2024-04-29T17:53:38.082+0000] {logging_mixin.py:188} INFO - [2024-04-29T17:53:38.082+0000] {dag.py:3834} INFO - Setting next_dagrun for example_xcom to 2021-01-01 00:00:00+00:00, run_after=2021-01-01 00:00:00+00:00
[2024-04-29T17:53:38.104+0000] {processor.py:183} INFO - Processing /home/airflow/.local/lib/python3.8/site-packages/airflow/example_dags/example_xcom.py took 0.073 seconds
[2024-04-29T17:54:08.635+0000] {processor.py:161} INFO - Started process (PID=12368) to work on /home/airflow/.local/lib/python3.8/site-packages/airflow/example_dags/example_xcom.py
[2024-04-29T17:54:08.636+0000] {processor.py:830} INFO - Processing file /home/airflow/.local/lib/python3.8/site-packages/airflow/example_dags/example_xcom.py for tasks to queue
[2024-04-29T17:54:08.637+0000] {logging_mixin.py:188} INFO - [2024-04-29T17:54:08.637+0000] {dagbag.py:540} INFO - Filling up the DagBag from /home/airflow/.local/lib/python3.8/site-packages/airflow/example_dags/example_xcom.py
[2024-04-29T17:54:08.643+0000] {processor.py:840} INFO - DAG(s) 'example_xcom' retrieved from /home/airflow/.local/lib/python3.8/site-packages/airflow/example_dags/example_xcom.py
[2024-04-29T17:54:08.660+0000] {logging_mixin.py:188} INFO - [2024-04-29T17:54:08.660+0000] {dag.py:3047} INFO - Sync 1 DAGs
[2024-04-29T17:54:08.677+0000] {logging_mixin.py:188} INFO - [2024-04-29T17:54:08.677+0000] {dag.py:3834} INFO - Setting next_dagrun for example_xcom to 2021-01-01 00:00:00+00:00, run_after=2021-01-01 00:00:00+00:00
[2024-04-29T17:54:08.702+0000] {processor.py:183} INFO - Processing /home/airflow/.local/lib/python3.8/site-packages/airflow/example_dags/example_xcom.py took 0.070 seconds
[2024-04-29T17:54:39.411+0000] {processor.py:161} INFO - Started process (PID=12633) to work on /home/airflow/.local/lib/python3.8/site-packages/airflow/example_dags/example_xcom.py
[2024-04-29T17:54:39.412+0000] {processor.py:830} INFO - Processing file /home/airflow/.local/lib/python3.8/site-packages/airflow/example_dags/example_xcom.py for tasks to queue
[2024-04-29T17:54:39.413+0000] {logging_mixin.py:188} INFO - [2024-04-29T17:54:39.413+0000] {dagbag.py:540} INFO - Filling up the DagBag from /home/airflow/.local/lib/python3.8/site-packages/airflow/example_dags/example_xcom.py
[2024-04-29T17:54:39.422+0000] {processor.py:840} INFO - DAG(s) 'example_xcom' retrieved from /home/airflow/.local/lib/python3.8/site-packages/airflow/example_dags/example_xcom.py
[2024-04-29T17:54:39.448+0000] {logging_mixin.py:188} INFO - [2024-04-29T17:54:39.448+0000] {dag.py:3047} INFO - Sync 1 DAGs
[2024-04-29T17:54:39.470+0000] {logging_mixin.py:188} INFO - [2024-04-29T17:54:39.470+0000] {dag.py:3834} INFO - Setting next_dagrun for example_xcom to 2021-01-01 00:00:00+00:00, run_after=2021-01-01 00:00:00+00:00
[2024-04-29T17:54:39.494+0000] {processor.py:183} INFO - Processing /home/airflow/.local/lib/python3.8/site-packages/airflow/example_dags/example_xcom.py took 0.087 seconds
[2024-04-29T17:55:10.130+0000] {processor.py:161} INFO - Started process (PID=12885) to work on /home/airflow/.local/lib/python3.8/site-packages/airflow/example_dags/example_xcom.py
[2024-04-29T17:55:10.131+0000] {processor.py:830} INFO - Processing file /home/airflow/.local/lib/python3.8/site-packages/airflow/example_dags/example_xcom.py for tasks to queue
[2024-04-29T17:55:10.132+0000] {logging_mixin.py:188} INFO - [2024-04-29T17:55:10.132+0000] {dagbag.py:540} INFO - Filling up the DagBag from /home/airflow/.local/lib/python3.8/site-packages/airflow/example_dags/example_xcom.py
[2024-04-29T17:55:10.141+0000] {processor.py:840} INFO - DAG(s) 'example_xcom' retrieved from /home/airflow/.local/lib/python3.8/site-packages/airflow/example_dags/example_xcom.py
[2024-04-29T17:55:10.165+0000] {logging_mixin.py:188} INFO - [2024-04-29T17:55:10.165+0000] {dag.py:3047} INFO - Sync 1 DAGs
[2024-04-29T17:55:10.189+0000] {logging_mixin.py:188} INFO - [2024-04-29T17:55:10.189+0000] {dag.py:3834} INFO - Setting next_dagrun for example_xcom to 2021-01-01 00:00:00+00:00, run_after=2021-01-01 00:00:00+00:00
[2024-04-29T17:55:10.214+0000] {processor.py:183} INFO - Processing /home/airflow/.local/lib/python3.8/site-packages/airflow/example_dags/example_xcom.py took 0.087 seconds
[2024-04-29T17:55:40.628+0000] {processor.py:161} INFO - Started process (PID=13147) to work on /home/airflow/.local/lib/python3.8/site-packages/airflow/example_dags/example_xcom.py
[2024-04-29T17:55:40.629+0000] {processor.py:830} INFO - Processing file /home/airflow/.local/lib/python3.8/site-packages/airflow/example_dags/example_xcom.py for tasks to queue
[2024-04-29T17:55:40.630+0000] {logging_mixin.py:188} INFO - [2024-04-29T17:55:40.630+0000] {dagbag.py:540} INFO - Filling up the DagBag from /home/airflow/.local/lib/python3.8/site-packages/airflow/example_dags/example_xcom.py
[2024-04-29T17:55:40.640+0000] {processor.py:840} INFO - DAG(s) 'example_xcom' retrieved from /home/airflow/.local/lib/python3.8/site-packages/airflow/example_dags/example_xcom.py
[2024-04-29T17:55:40.665+0000] {logging_mixin.py:188} INFO - [2024-04-29T17:55:40.665+0000] {dag.py:3047} INFO - Sync 1 DAGs
[2024-04-29T17:55:40.690+0000] {logging_mixin.py:188} INFO - [2024-04-29T17:55:40.690+0000] {dag.py:3834} INFO - Setting next_dagrun for example_xcom to 2021-01-01 00:00:00+00:00, run_after=2021-01-01 00:00:00+00:00
[2024-04-29T17:55:40.715+0000] {processor.py:183} INFO - Processing /home/airflow/.local/lib/python3.8/site-packages/airflow/example_dags/example_xcom.py took 0.091 seconds
[2024-04-29T17:56:10.866+0000] {processor.py:161} INFO - Started process (PID=13409) to work on /home/airflow/.local/lib/python3.8/site-packages/airflow/example_dags/example_xcom.py
[2024-04-29T17:56:10.867+0000] {processor.py:830} INFO - Processing file /home/airflow/.local/lib/python3.8/site-packages/airflow/example_dags/example_xcom.py for tasks to queue
[2024-04-29T17:56:10.868+0000] {logging_mixin.py:188} INFO - [2024-04-29T17:56:10.868+0000] {dagbag.py:540} INFO - Filling up the DagBag from /home/airflow/.local/lib/python3.8/site-packages/airflow/example_dags/example_xcom.py
[2024-04-29T17:56:10.877+0000] {processor.py:840} INFO - DAG(s) 'example_xcom' retrieved from /home/airflow/.local/lib/python3.8/site-packages/airflow/example_dags/example_xcom.py
[2024-04-29T17:56:10.901+0000] {logging_mixin.py:188} INFO - [2024-04-29T17:56:10.901+0000] {dag.py:3047} INFO - Sync 1 DAGs
[2024-04-29T17:56:10.927+0000] {logging_mixin.py:188} INFO - [2024-04-29T17:56:10.927+0000] {dag.py:3834} INFO - Setting next_dagrun for example_xcom to 2021-01-01 00:00:00+00:00, run_after=2021-01-01 00:00:00+00:00
[2024-04-29T17:56:10.953+0000] {processor.py:183} INFO - Processing /home/airflow/.local/lib/python3.8/site-packages/airflow/example_dags/example_xcom.py took 0.090 seconds
[2024-04-29T17:56:41.041+0000] {processor.py:161} INFO - Started process (PID=13656) to work on /home/airflow/.local/lib/python3.8/site-packages/airflow/example_dags/example_xcom.py
[2024-04-29T17:56:41.042+0000] {processor.py:830} INFO - Processing file /home/airflow/.local/lib/python3.8/site-packages/airflow/example_dags/example_xcom.py for tasks to queue
[2024-04-29T17:56:41.043+0000] {logging_mixin.py:188} INFO - [2024-04-29T17:56:41.043+0000] {dagbag.py:540} INFO - Filling up the DagBag from /home/airflow/.local/lib/python3.8/site-packages/airflow/example_dags/example_xcom.py
[2024-04-29T17:56:41.053+0000] {processor.py:840} INFO - DAG(s) 'example_xcom' retrieved from /home/airflow/.local/lib/python3.8/site-packages/airflow/example_dags/example_xcom.py
[2024-04-29T17:56:41.107+0000] {logging_mixin.py:188} INFO - [2024-04-29T17:56:41.105+0000] {dag.py:3047} INFO - Sync 1 DAGs
[2024-04-29T17:56:41.158+0000] {logging_mixin.py:188} INFO - [2024-04-29T17:56:41.158+0000] {dag.py:3834} INFO - Setting next_dagrun for example_xcom to 2021-01-01 00:00:00+00:00, run_after=2021-01-01 00:00:00+00:00
[2024-04-29T17:56:41.202+0000] {processor.py:183} INFO - Processing /home/airflow/.local/lib/python3.8/site-packages/airflow/example_dags/example_xcom.py took 0.165 seconds
[2024-04-29T17:57:11.546+0000] {processor.py:161} INFO - Started process (PID=13936) to work on /home/airflow/.local/lib/python3.8/site-packages/airflow/example_dags/example_xcom.py
[2024-04-29T17:57:11.547+0000] {processor.py:830} INFO - Processing file /home/airflow/.local/lib/python3.8/site-packages/airflow/example_dags/example_xcom.py for tasks to queue
[2024-04-29T17:57:11.548+0000] {logging_mixin.py:188} INFO - [2024-04-29T17:57:11.548+0000] {dagbag.py:540} INFO - Filling up the DagBag from /home/airflow/.local/lib/python3.8/site-packages/airflow/example_dags/example_xcom.py
[2024-04-29T17:57:11.556+0000] {processor.py:840} INFO - DAG(s) 'example_xcom' retrieved from /home/airflow/.local/lib/python3.8/site-packages/airflow/example_dags/example_xcom.py
[2024-04-29T17:57:11.579+0000] {logging_mixin.py:188} INFO - [2024-04-29T17:57:11.579+0000] {dag.py:3047} INFO - Sync 1 DAGs
[2024-04-29T17:57:11.609+0000] {logging_mixin.py:188} INFO - [2024-04-29T17:57:11.609+0000] {dag.py:3834} INFO - Setting next_dagrun for example_xcom to 2021-01-01 00:00:00+00:00, run_after=2021-01-01 00:00:00+00:00
[2024-04-29T17:57:11.635+0000] {processor.py:183} INFO - Processing /home/airflow/.local/lib/python3.8/site-packages/airflow/example_dags/example_xcom.py took 0.093 seconds
[2024-04-29T17:57:42.137+0000] {processor.py:161} INFO - Started process (PID=14204) to work on /home/airflow/.local/lib/python3.8/site-packages/airflow/example_dags/example_xcom.py
[2024-04-29T17:57:42.138+0000] {processor.py:830} INFO - Processing file /home/airflow/.local/lib/python3.8/site-packages/airflow/example_dags/example_xcom.py for tasks to queue
[2024-04-29T17:57:42.139+0000] {logging_mixin.py:188} INFO - [2024-04-29T17:57:42.138+0000] {dagbag.py:540} INFO - Filling up the DagBag from /home/airflow/.local/lib/python3.8/site-packages/airflow/example_dags/example_xcom.py
[2024-04-29T17:57:42.147+0000] {processor.py:840} INFO - DAG(s) 'example_xcom' retrieved from /home/airflow/.local/lib/python3.8/site-packages/airflow/example_dags/example_xcom.py
[2024-04-29T17:57:42.174+0000] {logging_mixin.py:188} INFO - [2024-04-29T17:57:42.174+0000] {dag.py:3047} INFO - Sync 1 DAGs
[2024-04-29T17:57:42.200+0000] {logging_mixin.py:188} INFO - [2024-04-29T17:57:42.199+0000] {dag.py:3834} INFO - Setting next_dagrun for example_xcom to 2021-01-01 00:00:00+00:00, run_after=2021-01-01 00:00:00+00:00
[2024-04-29T17:57:42.226+0000] {processor.py:183} INFO - Processing /home/airflow/.local/lib/python3.8/site-packages/airflow/example_dags/example_xcom.py took 0.092 seconds
[2024-04-29T17:58:12.734+0000] {processor.py:161} INFO - Started process (PID=14460) to work on /home/airflow/.local/lib/python3.8/site-packages/airflow/example_dags/example_xcom.py
[2024-04-29T17:58:12.735+0000] {processor.py:830} INFO - Processing file /home/airflow/.local/lib/python3.8/site-packages/airflow/example_dags/example_xcom.py for tasks to queue
[2024-04-29T17:58:12.737+0000] {logging_mixin.py:188} INFO - [2024-04-29T17:58:12.736+0000] {dagbag.py:540} INFO - Filling up the DagBag from /home/airflow/.local/lib/python3.8/site-packages/airflow/example_dags/example_xcom.py
[2024-04-29T17:58:12.745+0000] {processor.py:840} INFO - DAG(s) 'example_xcom' retrieved from /home/airflow/.local/lib/python3.8/site-packages/airflow/example_dags/example_xcom.py
[2024-04-29T17:58:12.780+0000] {logging_mixin.py:188} INFO - [2024-04-29T17:58:12.779+0000] {dag.py:3047} INFO - Sync 1 DAGs
[2024-04-29T17:58:12.807+0000] {logging_mixin.py:188} INFO - [2024-04-29T17:58:12.806+0000] {dag.py:3834} INFO - Setting next_dagrun for example_xcom to 2021-01-01 00:00:00+00:00, run_after=2021-01-01 00:00:00+00:00
[2024-04-29T17:58:12.843+0000] {processor.py:183} INFO - Processing /home/airflow/.local/lib/python3.8/site-packages/airflow/example_dags/example_xcom.py took 0.112 seconds
[2024-04-29T17:58:43.087+0000] {processor.py:161} INFO - Started process (PID=14725) to work on /home/airflow/.local/lib/python3.8/site-packages/airflow/example_dags/example_xcom.py
[2024-04-29T17:58:43.087+0000] {processor.py:830} INFO - Processing file /home/airflow/.local/lib/python3.8/site-packages/airflow/example_dags/example_xcom.py for tasks to queue
[2024-04-29T17:58:43.088+0000] {logging_mixin.py:188} INFO - [2024-04-29T17:58:43.088+0000] {dagbag.py:540} INFO - Filling up the DagBag from /home/airflow/.local/lib/python3.8/site-packages/airflow/example_dags/example_xcom.py
[2024-04-29T17:58:43.094+0000] {processor.py:840} INFO - DAG(s) 'example_xcom' retrieved from /home/airflow/.local/lib/python3.8/site-packages/airflow/example_dags/example_xcom.py
[2024-04-29T17:58:43.111+0000] {logging_mixin.py:188} INFO - [2024-04-29T17:58:43.111+0000] {dag.py:3047} INFO - Sync 1 DAGs
[2024-04-29T17:58:43.128+0000] {logging_mixin.py:188} INFO - [2024-04-29T17:58:43.128+0000] {dag.py:3834} INFO - Setting next_dagrun for example_xcom to 2021-01-01 00:00:00+00:00, run_after=2021-01-01 00:00:00+00:00
[2024-04-29T17:58:43.148+0000] {processor.py:183} INFO - Processing /home/airflow/.local/lib/python3.8/site-packages/airflow/example_dags/example_xcom.py took 0.064 seconds
[2024-04-29T17:59:14.015+0000] {processor.py:161} INFO - Started process (PID=14992) to work on /home/airflow/.local/lib/python3.8/site-packages/airflow/example_dags/example_xcom.py
[2024-04-29T17:59:14.016+0000] {processor.py:830} INFO - Processing file /home/airflow/.local/lib/python3.8/site-packages/airflow/example_dags/example_xcom.py for tasks to queue
[2024-04-29T17:59:14.017+0000] {logging_mixin.py:188} INFO - [2024-04-29T17:59:14.016+0000] {dagbag.py:540} INFO - Filling up the DagBag from /home/airflow/.local/lib/python3.8/site-packages/airflow/example_dags/example_xcom.py
[2024-04-29T17:59:14.024+0000] {processor.py:840} INFO - DAG(s) 'example_xcom' retrieved from /home/airflow/.local/lib/python3.8/site-packages/airflow/example_dags/example_xcom.py
[2024-04-29T17:59:14.047+0000] {logging_mixin.py:188} INFO - [2024-04-29T17:59:14.047+0000] {dag.py:3047} INFO - Sync 1 DAGs
[2024-04-29T17:59:14.073+0000] {logging_mixin.py:188} INFO - [2024-04-29T17:59:14.073+0000] {dag.py:3834} INFO - Setting next_dagrun for example_xcom to 2021-01-01 00:00:00+00:00, run_after=2021-01-01 00:00:00+00:00
[2024-04-29T17:59:14.114+0000] {processor.py:183} INFO - Processing /home/airflow/.local/lib/python3.8/site-packages/airflow/example_dags/example_xcom.py took 0.102 seconds
[2024-04-29T17:59:44.231+0000] {processor.py:161} INFO - Started process (PID=15265) to work on /home/airflow/.local/lib/python3.8/site-packages/airflow/example_dags/example_xcom.py
[2024-04-29T17:59:44.232+0000] {processor.py:830} INFO - Processing file /home/airflow/.local/lib/python3.8/site-packages/airflow/example_dags/example_xcom.py for tasks to queue
[2024-04-29T17:59:44.232+0000] {logging_mixin.py:188} INFO - [2024-04-29T17:59:44.232+0000] {dagbag.py:540} INFO - Filling up the DagBag from /home/airflow/.local/lib/python3.8/site-packages/airflow/example_dags/example_xcom.py
[2024-04-29T17:59:44.238+0000] {processor.py:840} INFO - DAG(s) 'example_xcom' retrieved from /home/airflow/.local/lib/python3.8/site-packages/airflow/example_dags/example_xcom.py
[2024-04-29T17:59:44.257+0000] {logging_mixin.py:188} INFO - [2024-04-29T17:59:44.257+0000] {dag.py:3047} INFO - Sync 1 DAGs
[2024-04-29T17:59:44.273+0000] {logging_mixin.py:188} INFO - [2024-04-29T17:59:44.273+0000] {dag.py:3834} INFO - Setting next_dagrun for example_xcom to 2021-01-01 00:00:00+00:00, run_after=2021-01-01 00:00:00+00:00
[2024-04-29T17:59:44.293+0000] {processor.py:183} INFO - Processing /home/airflow/.local/lib/python3.8/site-packages/airflow/example_dags/example_xcom.py took 0.064 seconds
[2024-04-29T18:00:14.594+0000] {processor.py:161} INFO - Started process (PID=15522) to work on /home/airflow/.local/lib/python3.8/site-packages/airflow/example_dags/example_xcom.py
[2024-04-29T18:00:14.595+0000] {processor.py:830} INFO - Processing file /home/airflow/.local/lib/python3.8/site-packages/airflow/example_dags/example_xcom.py for tasks to queue
[2024-04-29T18:00:14.596+0000] {logging_mixin.py:188} INFO - [2024-04-29T18:00:14.595+0000] {dagbag.py:540} INFO - Filling up the DagBag from /home/airflow/.local/lib/python3.8/site-packages/airflow/example_dags/example_xcom.py
[2024-04-29T18:00:14.602+0000] {processor.py:840} INFO - DAG(s) 'example_xcom' retrieved from /home/airflow/.local/lib/python3.8/site-packages/airflow/example_dags/example_xcom.py
[2024-04-29T18:00:14.619+0000] {logging_mixin.py:188} INFO - [2024-04-29T18:00:14.619+0000] {dag.py:3047} INFO - Sync 1 DAGs
[2024-04-29T18:00:14.636+0000] {logging_mixin.py:188} INFO - [2024-04-29T18:00:14.635+0000] {dag.py:3834} INFO - Setting next_dagrun for example_xcom to 2021-01-01 00:00:00+00:00, run_after=2021-01-01 00:00:00+00:00
[2024-04-29T18:00:14.656+0000] {processor.py:183} INFO - Processing /home/airflow/.local/lib/python3.8/site-packages/airflow/example_dags/example_xcom.py took 0.064 seconds
[2024-04-29T18:00:45.339+0000] {processor.py:161} INFO - Started process (PID=15792) to work on /home/airflow/.local/lib/python3.8/site-packages/airflow/example_dags/example_xcom.py
[2024-04-29T18:00:45.341+0000] {processor.py:830} INFO - Processing file /home/airflow/.local/lib/python3.8/site-packages/airflow/example_dags/example_xcom.py for tasks to queue
[2024-04-29T18:00:45.342+0000] {logging_mixin.py:188} INFO - [2024-04-29T18:00:45.341+0000] {dagbag.py:540} INFO - Filling up the DagBag from /home/airflow/.local/lib/python3.8/site-packages/airflow/example_dags/example_xcom.py
[2024-04-29T18:00:45.352+0000] {processor.py:840} INFO - DAG(s) 'example_xcom' retrieved from /home/airflow/.local/lib/python3.8/site-packages/airflow/example_dags/example_xcom.py
[2024-04-29T18:00:45.418+0000] {logging_mixin.py:188} INFO - [2024-04-29T18:00:45.418+0000] {dag.py:3047} INFO - Sync 1 DAGs
[2024-04-29T18:00:45.457+0000] {logging_mixin.py:188} INFO - [2024-04-29T18:00:45.456+0000] {dag.py:3834} INFO - Setting next_dagrun for example_xcom to 2021-01-01 00:00:00+00:00, run_after=2021-01-01 00:00:00+00:00
[2024-04-29T18:00:45.486+0000] {processor.py:183} INFO - Processing /home/airflow/.local/lib/python3.8/site-packages/airflow/example_dags/example_xcom.py took 0.150 seconds
[2024-04-29T18:01:16.366+0000] {processor.py:161} INFO - Started process (PID=16064) to work on /home/airflow/.local/lib/python3.8/site-packages/airflow/example_dags/example_xcom.py
[2024-04-29T18:01:16.367+0000] {processor.py:830} INFO - Processing file /home/airflow/.local/lib/python3.8/site-packages/airflow/example_dags/example_xcom.py for tasks to queue
[2024-04-29T18:01:16.368+0000] {logging_mixin.py:188} INFO - [2024-04-29T18:01:16.368+0000] {dagbag.py:540} INFO - Filling up the DagBag from /home/airflow/.local/lib/python3.8/site-packages/airflow/example_dags/example_xcom.py
[2024-04-29T18:01:16.377+0000] {processor.py:840} INFO - DAG(s) 'example_xcom' retrieved from /home/airflow/.local/lib/python3.8/site-packages/airflow/example_dags/example_xcom.py
[2024-04-29T18:01:16.405+0000] {logging_mixin.py:188} INFO - [2024-04-29T18:01:16.404+0000] {dag.py:3047} INFO - Sync 1 DAGs
[2024-04-29T18:01:16.431+0000] {logging_mixin.py:188} INFO - [2024-04-29T18:01:16.431+0000] {dag.py:3834} INFO - Setting next_dagrun for example_xcom to 2021-01-01 00:00:00+00:00, run_after=2021-01-01 00:00:00+00:00
[2024-04-29T18:01:16.467+0000] {processor.py:183} INFO - Processing /home/airflow/.local/lib/python3.8/site-packages/airflow/example_dags/example_xcom.py took 0.104 seconds
[2024-04-29T18:01:46.907+0000] {processor.py:161} INFO - Started process (PID=16331) to work on /home/airflow/.local/lib/python3.8/site-packages/airflow/example_dags/example_xcom.py
[2024-04-29T18:01:46.908+0000] {processor.py:830} INFO - Processing file /home/airflow/.local/lib/python3.8/site-packages/airflow/example_dags/example_xcom.py for tasks to queue
[2024-04-29T18:01:46.909+0000] {logging_mixin.py:188} INFO - [2024-04-29T18:01:46.909+0000] {dagbag.py:540} INFO - Filling up the DagBag from /home/airflow/.local/lib/python3.8/site-packages/airflow/example_dags/example_xcom.py
[2024-04-29T18:01:46.919+0000] {processor.py:840} INFO - DAG(s) 'example_xcom' retrieved from /home/airflow/.local/lib/python3.8/site-packages/airflow/example_dags/example_xcom.py
[2024-04-29T18:01:46.942+0000] {logging_mixin.py:188} INFO - [2024-04-29T18:01:46.942+0000] {dag.py:3047} INFO - Sync 1 DAGs
[2024-04-29T18:01:46.968+0000] {logging_mixin.py:188} INFO - [2024-04-29T18:01:46.968+0000] {dag.py:3834} INFO - Setting next_dagrun for example_xcom to 2021-01-01 00:00:00+00:00, run_after=2021-01-01 00:00:00+00:00
[2024-04-29T18:01:46.994+0000] {processor.py:183} INFO - Processing /home/airflow/.local/lib/python3.8/site-packages/airflow/example_dags/example_xcom.py took 0.089 seconds
[2024-04-29T18:02:17.450+0000] {processor.py:161} INFO - Started process (PID=16585) to work on /home/airflow/.local/lib/python3.8/site-packages/airflow/example_dags/example_xcom.py
[2024-04-29T18:02:17.451+0000] {processor.py:830} INFO - Processing file /home/airflow/.local/lib/python3.8/site-packages/airflow/example_dags/example_xcom.py for tasks to queue
[2024-04-29T18:02:17.452+0000] {logging_mixin.py:188} INFO - [2024-04-29T18:02:17.451+0000] {dagbag.py:540} INFO - Filling up the DagBag from /home/airflow/.local/lib/python3.8/site-packages/airflow/example_dags/example_xcom.py
[2024-04-29T18:02:17.460+0000] {processor.py:840} INFO - DAG(s) 'example_xcom' retrieved from /home/airflow/.local/lib/python3.8/site-packages/airflow/example_dags/example_xcom.py
[2024-04-29T18:02:17.486+0000] {logging_mixin.py:188} INFO - [2024-04-29T18:02:17.486+0000] {dag.py:3047} INFO - Sync 1 DAGs
[2024-04-29T18:02:17.510+0000] {logging_mixin.py:188} INFO - [2024-04-29T18:02:17.510+0000] {dag.py:3834} INFO - Setting next_dagrun for example_xcom to 2021-01-01 00:00:00+00:00, run_after=2021-01-01 00:00:00+00:00
[2024-04-29T18:02:17.537+0000] {processor.py:183} INFO - Processing /home/airflow/.local/lib/python3.8/site-packages/airflow/example_dags/example_xcom.py took 0.090 seconds
[2024-04-29T18:02:48.186+0000] {processor.py:161} INFO - Started process (PID=16837) to work on /home/airflow/.local/lib/python3.8/site-packages/airflow/example_dags/example_xcom.py
[2024-04-29T18:02:48.187+0000] {processor.py:830} INFO - Processing file /home/airflow/.local/lib/python3.8/site-packages/airflow/example_dags/example_xcom.py for tasks to queue
[2024-04-29T18:02:48.188+0000] {logging_mixin.py:188} INFO - [2024-04-29T18:02:48.188+0000] {dagbag.py:540} INFO - Filling up the DagBag from /home/airflow/.local/lib/python3.8/site-packages/airflow/example_dags/example_xcom.py
[2024-04-29T18:02:48.200+0000] {processor.py:840} INFO - DAG(s) 'example_xcom' retrieved from /home/airflow/.local/lib/python3.8/site-packages/airflow/example_dags/example_xcom.py
[2024-04-29T18:02:48.226+0000] {logging_mixin.py:188} INFO - [2024-04-29T18:02:48.225+0000] {dag.py:3047} INFO - Sync 1 DAGs
[2024-04-29T18:02:48.251+0000] {logging_mixin.py:188} INFO - [2024-04-29T18:02:48.251+0000] {dag.py:3834} INFO - Setting next_dagrun for example_xcom to 2021-01-01 00:00:00+00:00, run_after=2021-01-01 00:00:00+00:00
[2024-04-29T18:02:48.276+0000] {processor.py:183} INFO - Processing /home/airflow/.local/lib/python3.8/site-packages/airflow/example_dags/example_xcom.py took 0.094 seconds
[2024-04-29T18:03:18.483+0000] {processor.py:161} INFO - Started process (PID=17100) to work on /home/airflow/.local/lib/python3.8/site-packages/airflow/example_dags/example_xcom.py
[2024-04-29T18:03:18.484+0000] {processor.py:830} INFO - Processing file /home/airflow/.local/lib/python3.8/site-packages/airflow/example_dags/example_xcom.py for tasks to queue
[2024-04-29T18:03:18.485+0000] {logging_mixin.py:188} INFO - [2024-04-29T18:03:18.485+0000] {dagbag.py:540} INFO - Filling up the DagBag from /home/airflow/.local/lib/python3.8/site-packages/airflow/example_dags/example_xcom.py
[2024-04-29T18:03:18.491+0000] {processor.py:840} INFO - DAG(s) 'example_xcom' retrieved from /home/airflow/.local/lib/python3.8/site-packages/airflow/example_dags/example_xcom.py
[2024-04-29T18:03:18.508+0000] {logging_mixin.py:188} INFO - [2024-04-29T18:03:18.508+0000] {dag.py:3047} INFO - Sync 1 DAGs
[2024-04-29T18:03:18.525+0000] {logging_mixin.py:188} INFO - [2024-04-29T18:03:18.525+0000] {dag.py:3834} INFO - Setting next_dagrun for example_xcom to 2021-01-01 00:00:00+00:00, run_after=2021-01-01 00:00:00+00:00
[2024-04-29T18:03:18.546+0000] {processor.py:183} INFO - Processing /home/airflow/.local/lib/python3.8/site-packages/airflow/example_dags/example_xcom.py took 0.065 seconds
