[2024-04-29T17:30:07.618+0000] {processor.py:161} INFO - Started process (PID=346) to work on /home/airflow/.local/lib/python3.8/site-packages/airflow/example_dags/example_bash_operator.py
[2024-04-29T17:30:07.619+0000] {processor.py:830} INFO - Processing file /home/airflow/.local/lib/python3.8/site-packages/airflow/example_dags/example_bash_operator.py for tasks to queue
[2024-04-29T17:30:07.620+0000] {logging_mixin.py:188} INFO - [2024-04-29T17:30:07.620+0000] {dagbag.py:540} INFO - Filling up the DagBag from /home/airflow/.local/lib/python3.8/site-packages/airflow/example_dags/example_bash_operator.py
[2024-04-29T17:30:07.645+0000] {processor.py:840} INFO - DAG(s) 'example_bash_operator' retrieved from /home/airflow/.local/lib/python3.8/site-packages/airflow/example_dags/example_bash_operator.py
[2024-04-29T17:30:07.893+0000] {logging_mixin.py:188} INFO - [2024-04-29T17:30:07.892+0000] {override.py:1769} INFO - Created Permission View: can edit on DAG:example_bash_operator
[2024-04-29T17:30:07.922+0000] {logging_mixin.py:188} INFO - [2024-04-29T17:30:07.922+0000] {override.py:1769} INFO - Created Permission View: can delete on DAG:example_bash_operator
[2024-04-29T17:30:07.939+0000] {logging_mixin.py:188} INFO - [2024-04-29T17:30:07.939+0000] {override.py:1769} INFO - Created Permission View: can read on DAG:example_bash_operator
[2024-04-29T17:30:07.940+0000] {logging_mixin.py:188} INFO - [2024-04-29T17:30:07.940+0000] {dag.py:3047} INFO - Sync 1 DAGs
[2024-04-29T17:30:07.975+0000] {logging_mixin.py:188} INFO - [2024-04-29T17:30:07.975+0000] {dag.py:3069} INFO - Creating ORM DAG for example_bash_operator
[2024-04-29T17:30:07.999+0000] {logging_mixin.py:188} INFO - [2024-04-29T17:30:07.998+0000] {dag.py:3834} INFO - Setting next_dagrun for example_bash_operator to 2024-04-28 00:00:00+00:00, run_after=2024-04-29 00:00:00+00:00
[2024-04-29T17:30:08.045+0000] {processor.py:183} INFO - Processing /home/airflow/.local/lib/python3.8/site-packages/airflow/example_dags/example_bash_operator.py took 0.433 seconds
[2024-04-29T17:30:38.124+0000] {processor.py:161} INFO - Started process (PID=595) to work on /home/airflow/.local/lib/python3.8/site-packages/airflow/example_dags/example_bash_operator.py
[2024-04-29T17:30:38.125+0000] {processor.py:830} INFO - Processing file /home/airflow/.local/lib/python3.8/site-packages/airflow/example_dags/example_bash_operator.py for tasks to queue
[2024-04-29T17:30:38.125+0000] {logging_mixin.py:188} INFO - [2024-04-29T17:30:38.125+0000] {dagbag.py:540} INFO - Filling up the DagBag from /home/airflow/.local/lib/python3.8/site-packages/airflow/example_dags/example_bash_operator.py
[2024-04-29T17:30:38.135+0000] {processor.py:840} INFO - DAG(s) 'example_bash_operator' retrieved from /home/airflow/.local/lib/python3.8/site-packages/airflow/example_dags/example_bash_operator.py
[2024-04-29T17:30:38.162+0000] {logging_mixin.py:188} INFO - [2024-04-29T17:30:38.161+0000] {dag.py:3047} INFO - Sync 1 DAGs
[2024-04-29T17:30:38.180+0000] {logging_mixin.py:188} INFO - [2024-04-29T17:30:38.180+0000] {dag.py:3834} INFO - Setting next_dagrun for example_bash_operator to 2024-04-28 00:00:00+00:00, run_after=2024-04-29 00:00:00+00:00
[2024-04-29T17:30:38.201+0000] {processor.py:183} INFO - Processing /home/airflow/.local/lib/python3.8/site-packages/airflow/example_dags/example_bash_operator.py took 0.079 seconds
[2024-04-29T17:31:08.678+0000] {processor.py:161} INFO - Started process (PID=840) to work on /home/airflow/.local/lib/python3.8/site-packages/airflow/example_dags/example_bash_operator.py
[2024-04-29T17:31:08.679+0000] {processor.py:830} INFO - Processing file /home/airflow/.local/lib/python3.8/site-packages/airflow/example_dags/example_bash_operator.py for tasks to queue
[2024-04-29T17:31:08.680+0000] {logging_mixin.py:188} INFO - [2024-04-29T17:31:08.679+0000] {dagbag.py:540} INFO - Filling up the DagBag from /home/airflow/.local/lib/python3.8/site-packages/airflow/example_dags/example_bash_operator.py
[2024-04-29T17:31:08.693+0000] {processor.py:840} INFO - DAG(s) 'example_bash_operator' retrieved from /home/airflow/.local/lib/python3.8/site-packages/airflow/example_dags/example_bash_operator.py
[2024-04-29T17:31:08.732+0000] {logging_mixin.py:188} INFO - [2024-04-29T17:31:08.732+0000] {dag.py:3047} INFO - Sync 1 DAGs
[2024-04-29T17:31:08.760+0000] {logging_mixin.py:188} INFO - [2024-04-29T17:31:08.760+0000] {dag.py:3834} INFO - Setting next_dagrun for example_bash_operator to 2024-04-28 00:00:00+00:00, run_after=2024-04-29 00:00:00+00:00
[2024-04-29T17:31:08.783+0000] {processor.py:183} INFO - Processing /home/airflow/.local/lib/python3.8/site-packages/airflow/example_dags/example_bash_operator.py took 0.109 seconds
[2024-04-29T17:31:39.100+0000] {processor.py:161} INFO - Started process (PID=1087) to work on /home/airflow/.local/lib/python3.8/site-packages/airflow/example_dags/example_bash_operator.py
[2024-04-29T17:31:39.101+0000] {processor.py:830} INFO - Processing file /home/airflow/.local/lib/python3.8/site-packages/airflow/example_dags/example_bash_operator.py for tasks to queue
[2024-04-29T17:31:39.102+0000] {logging_mixin.py:188} INFO - [2024-04-29T17:31:39.102+0000] {dagbag.py:540} INFO - Filling up the DagBag from /home/airflow/.local/lib/python3.8/site-packages/airflow/example_dags/example_bash_operator.py
[2024-04-29T17:31:39.123+0000] {processor.py:840} INFO - DAG(s) 'example_bash_operator' retrieved from /home/airflow/.local/lib/python3.8/site-packages/airflow/example_dags/example_bash_operator.py
[2024-04-29T17:31:39.203+0000] {logging_mixin.py:188} INFO - [2024-04-29T17:31:39.202+0000] {dag.py:3047} INFO - Sync 1 DAGs
[2024-04-29T17:31:39.253+0000] {logging_mixin.py:188} INFO - [2024-04-29T17:31:39.253+0000] {dag.py:3834} INFO - Setting next_dagrun for example_bash_operator to 2024-04-28 00:00:00+00:00, run_after=2024-04-29 00:00:00+00:00
[2024-04-29T17:31:39.299+0000] {processor.py:183} INFO - Processing /home/airflow/.local/lib/python3.8/site-packages/airflow/example_dags/example_bash_operator.py took 0.203 seconds
[2024-04-29T17:32:09.442+0000] {processor.py:161} INFO - Started process (PID=1337) to work on /home/airflow/.local/lib/python3.8/site-packages/airflow/example_dags/example_bash_operator.py
[2024-04-29T17:32:09.443+0000] {processor.py:830} INFO - Processing file /home/airflow/.local/lib/python3.8/site-packages/airflow/example_dags/example_bash_operator.py for tasks to queue
[2024-04-29T17:32:09.444+0000] {logging_mixin.py:188} INFO - [2024-04-29T17:32:09.443+0000] {dagbag.py:540} INFO - Filling up the DagBag from /home/airflow/.local/lib/python3.8/site-packages/airflow/example_dags/example_bash_operator.py
[2024-04-29T17:32:09.460+0000] {processor.py:840} INFO - DAG(s) 'example_bash_operator' retrieved from /home/airflow/.local/lib/python3.8/site-packages/airflow/example_dags/example_bash_operator.py
[2024-04-29T17:32:09.498+0000] {logging_mixin.py:188} INFO - [2024-04-29T17:32:09.498+0000] {dag.py:3047} INFO - Sync 1 DAGs
[2024-04-29T17:32:09.525+0000] {logging_mixin.py:188} INFO - [2024-04-29T17:32:09.525+0000] {dag.py:3834} INFO - Setting next_dagrun for example_bash_operator to 2024-04-28 00:00:00+00:00, run_after=2024-04-29 00:00:00+00:00
[2024-04-29T17:32:09.546+0000] {processor.py:183} INFO - Processing /home/airflow/.local/lib/python3.8/site-packages/airflow/example_dags/example_bash_operator.py took 0.107 seconds
[2024-04-29T17:32:40.054+0000] {processor.py:161} INFO - Started process (PID=1585) to work on /home/airflow/.local/lib/python3.8/site-packages/airflow/example_dags/example_bash_operator.py
[2024-04-29T17:32:40.055+0000] {processor.py:830} INFO - Processing file /home/airflow/.local/lib/python3.8/site-packages/airflow/example_dags/example_bash_operator.py for tasks to queue
[2024-04-29T17:32:40.056+0000] {logging_mixin.py:188} INFO - [2024-04-29T17:32:40.056+0000] {dagbag.py:540} INFO - Filling up the DagBag from /home/airflow/.local/lib/python3.8/site-packages/airflow/example_dags/example_bash_operator.py
[2024-04-29T17:32:40.070+0000] {processor.py:840} INFO - DAG(s) 'example_bash_operator' retrieved from /home/airflow/.local/lib/python3.8/site-packages/airflow/example_dags/example_bash_operator.py
[2024-04-29T17:32:40.138+0000] {logging_mixin.py:188} INFO - [2024-04-29T17:32:40.137+0000] {dag.py:3047} INFO - Sync 1 DAGs
[2024-04-29T17:32:40.175+0000] {logging_mixin.py:188} INFO - [2024-04-29T17:32:40.175+0000] {dag.py:3834} INFO - Setting next_dagrun for example_bash_operator to 2024-04-28 00:00:00+00:00, run_after=2024-04-29 00:00:00+00:00
[2024-04-29T17:32:40.198+0000] {processor.py:183} INFO - Processing /home/airflow/.local/lib/python3.8/site-packages/airflow/example_dags/example_bash_operator.py took 0.148 seconds
[2024-04-29T17:33:10.725+0000] {processor.py:161} INFO - Started process (PID=1831) to work on /home/airflow/.local/lib/python3.8/site-packages/airflow/example_dags/example_bash_operator.py
[2024-04-29T17:33:10.726+0000] {processor.py:830} INFO - Processing file /home/airflow/.local/lib/python3.8/site-packages/airflow/example_dags/example_bash_operator.py for tasks to queue
[2024-04-29T17:33:10.727+0000] {logging_mixin.py:188} INFO - [2024-04-29T17:33:10.727+0000] {dagbag.py:540} INFO - Filling up the DagBag from /home/airflow/.local/lib/python3.8/site-packages/airflow/example_dags/example_bash_operator.py
[2024-04-29T17:33:10.745+0000] {processor.py:840} INFO - DAG(s) 'example_bash_operator' retrieved from /home/airflow/.local/lib/python3.8/site-packages/airflow/example_dags/example_bash_operator.py
[2024-04-29T17:33:10.783+0000] {logging_mixin.py:188} INFO - [2024-04-29T17:33:10.783+0000] {dag.py:3047} INFO - Sync 1 DAGs
[2024-04-29T17:33:10.812+0000] {logging_mixin.py:188} INFO - [2024-04-29T17:33:10.812+0000] {dag.py:3834} INFO - Setting next_dagrun for example_bash_operator to 2024-04-28 00:00:00+00:00, run_after=2024-04-29 00:00:00+00:00
[2024-04-29T17:33:10.835+0000] {processor.py:183} INFO - Processing /home/airflow/.local/lib/python3.8/site-packages/airflow/example_dags/example_bash_operator.py took 0.113 seconds
[2024-04-29T17:33:41.099+0000] {processor.py:161} INFO - Started process (PID=2080) to work on /home/airflow/.local/lib/python3.8/site-packages/airflow/example_dags/example_bash_operator.py
[2024-04-29T17:33:41.100+0000] {processor.py:830} INFO - Processing file /home/airflow/.local/lib/python3.8/site-packages/airflow/example_dags/example_bash_operator.py for tasks to queue
[2024-04-29T17:33:41.101+0000] {logging_mixin.py:188} INFO - [2024-04-29T17:33:41.100+0000] {dagbag.py:540} INFO - Filling up the DagBag from /home/airflow/.local/lib/python3.8/site-packages/airflow/example_dags/example_bash_operator.py
[2024-04-29T17:33:41.110+0000] {processor.py:840} INFO - DAG(s) 'example_bash_operator' retrieved from /home/airflow/.local/lib/python3.8/site-packages/airflow/example_dags/example_bash_operator.py
[2024-04-29T17:33:41.135+0000] {logging_mixin.py:188} INFO - [2024-04-29T17:33:41.135+0000] {dag.py:3047} INFO - Sync 1 DAGs
[2024-04-29T17:33:41.155+0000] {logging_mixin.py:188} INFO - [2024-04-29T17:33:41.155+0000] {dag.py:3834} INFO - Setting next_dagrun for example_bash_operator to 2024-04-28 00:00:00+00:00, run_after=2024-04-29 00:00:00+00:00
[2024-04-29T17:33:41.176+0000] {processor.py:183} INFO - Processing /home/airflow/.local/lib/python3.8/site-packages/airflow/example_dags/example_bash_operator.py took 0.080 seconds
[2024-04-29T17:34:11.733+0000] {processor.py:161} INFO - Started process (PID=2325) to work on /home/airflow/.local/lib/python3.8/site-packages/airflow/example_dags/example_bash_operator.py
[2024-04-29T17:34:11.736+0000] {processor.py:830} INFO - Processing file /home/airflow/.local/lib/python3.8/site-packages/airflow/example_dags/example_bash_operator.py for tasks to queue
[2024-04-29T17:34:11.739+0000] {logging_mixin.py:188} INFO - [2024-04-29T17:34:11.739+0000] {dagbag.py:540} INFO - Filling up the DagBag from /home/airflow/.local/lib/python3.8/site-packages/airflow/example_dags/example_bash_operator.py
[2024-04-29T17:34:11.769+0000] {processor.py:840} INFO - DAG(s) 'example_bash_operator' retrieved from /home/airflow/.local/lib/python3.8/site-packages/airflow/example_dags/example_bash_operator.py
[2024-04-29T17:34:11.838+0000] {logging_mixin.py:188} INFO - [2024-04-29T17:34:11.838+0000] {dag.py:3047} INFO - Sync 1 DAGs
[2024-04-29T17:34:11.864+0000] {logging_mixin.py:188} INFO - [2024-04-29T17:34:11.863+0000] {dag.py:3834} INFO - Setting next_dagrun for example_bash_operator to 2024-04-28 00:00:00+00:00, run_after=2024-04-29 00:00:00+00:00
[2024-04-29T17:34:11.884+0000] {processor.py:183} INFO - Processing /home/airflow/.local/lib/python3.8/site-packages/airflow/example_dags/example_bash_operator.py took 0.165 seconds
[2024-04-29T17:34:42.296+0000] {processor.py:161} INFO - Started process (PID=2573) to work on /home/airflow/.local/lib/python3.8/site-packages/airflow/example_dags/example_bash_operator.py
[2024-04-29T17:34:42.296+0000] {processor.py:830} INFO - Processing file /home/airflow/.local/lib/python3.8/site-packages/airflow/example_dags/example_bash_operator.py for tasks to queue
[2024-04-29T17:34:42.297+0000] {logging_mixin.py:188} INFO - [2024-04-29T17:34:42.297+0000] {dagbag.py:540} INFO - Filling up the DagBag from /home/airflow/.local/lib/python3.8/site-packages/airflow/example_dags/example_bash_operator.py
[2024-04-29T17:34:42.307+0000] {processor.py:840} INFO - DAG(s) 'example_bash_operator' retrieved from /home/airflow/.local/lib/python3.8/site-packages/airflow/example_dags/example_bash_operator.py
[2024-04-29T17:34:42.340+0000] {logging_mixin.py:188} INFO - [2024-04-29T17:34:42.340+0000] {dag.py:3047} INFO - Sync 1 DAGs
[2024-04-29T17:34:42.368+0000] {logging_mixin.py:188} INFO - [2024-04-29T17:34:42.368+0000] {dag.py:3834} INFO - Setting next_dagrun for example_bash_operator to 2024-04-28 00:00:00+00:00, run_after=2024-04-29 00:00:00+00:00
[2024-04-29T17:34:42.391+0000] {processor.py:183} INFO - Processing /home/airflow/.local/lib/python3.8/site-packages/airflow/example_dags/example_bash_operator.py took 0.098 seconds
[2024-04-29T17:35:12.918+0000] {processor.py:161} INFO - Started process (PID=2826) to work on /home/airflow/.local/lib/python3.8/site-packages/airflow/example_dags/example_bash_operator.py
[2024-04-29T17:35:12.919+0000] {processor.py:830} INFO - Processing file /home/airflow/.local/lib/python3.8/site-packages/airflow/example_dags/example_bash_operator.py for tasks to queue
[2024-04-29T17:35:12.920+0000] {logging_mixin.py:188} INFO - [2024-04-29T17:35:12.919+0000] {dagbag.py:540} INFO - Filling up the DagBag from /home/airflow/.local/lib/python3.8/site-packages/airflow/example_dags/example_bash_operator.py
[2024-04-29T17:35:12.934+0000] {processor.py:840} INFO - DAG(s) 'example_bash_operator' retrieved from /home/airflow/.local/lib/python3.8/site-packages/airflow/example_dags/example_bash_operator.py
[2024-04-29T17:35:12.973+0000] {logging_mixin.py:188} INFO - [2024-04-29T17:35:12.972+0000] {dag.py:3047} INFO - Sync 1 DAGs
[2024-04-29T17:35:12.998+0000] {logging_mixin.py:188} INFO - [2024-04-29T17:35:12.998+0000] {dag.py:3834} INFO - Setting next_dagrun for example_bash_operator to 2024-04-28 00:00:00+00:00, run_after=2024-04-29 00:00:00+00:00
[2024-04-29T17:35:13.020+0000] {processor.py:183} INFO - Processing /home/airflow/.local/lib/python3.8/site-packages/airflow/example_dags/example_bash_operator.py took 0.105 seconds
[2024-04-29T17:35:43.742+0000] {processor.py:161} INFO - Started process (PID=3074) to work on /home/airflow/.local/lib/python3.8/site-packages/airflow/example_dags/example_bash_operator.py
[2024-04-29T17:35:43.743+0000] {processor.py:830} INFO - Processing file /home/airflow/.local/lib/python3.8/site-packages/airflow/example_dags/example_bash_operator.py for tasks to queue
[2024-04-29T17:35:43.743+0000] {logging_mixin.py:188} INFO - [2024-04-29T17:35:43.743+0000] {dagbag.py:540} INFO - Filling up the DagBag from /home/airflow/.local/lib/python3.8/site-packages/airflow/example_dags/example_bash_operator.py
[2024-04-29T17:35:43.756+0000] {processor.py:840} INFO - DAG(s) 'example_bash_operator' retrieved from /home/airflow/.local/lib/python3.8/site-packages/airflow/example_dags/example_bash_operator.py
[2024-04-29T17:35:43.793+0000] {logging_mixin.py:188} INFO - [2024-04-29T17:35:43.792+0000] {dag.py:3047} INFO - Sync 1 DAGs
[2024-04-29T17:35:43.820+0000] {logging_mixin.py:188} INFO - [2024-04-29T17:35:43.820+0000] {dag.py:3834} INFO - Setting next_dagrun for example_bash_operator to 2024-04-28 00:00:00+00:00, run_after=2024-04-29 00:00:00+00:00
[2024-04-29T17:35:43.858+0000] {processor.py:183} INFO - Processing /home/airflow/.local/lib/python3.8/site-packages/airflow/example_dags/example_bash_operator.py took 0.119 seconds
[2024-04-29T17:36:14.274+0000] {processor.py:161} INFO - Started process (PID=3323) to work on /home/airflow/.local/lib/python3.8/site-packages/airflow/example_dags/example_bash_operator.py
[2024-04-29T17:36:14.275+0000] {processor.py:830} INFO - Processing file /home/airflow/.local/lib/python3.8/site-packages/airflow/example_dags/example_bash_operator.py for tasks to queue
[2024-04-29T17:36:14.276+0000] {logging_mixin.py:188} INFO - [2024-04-29T17:36:14.275+0000] {dagbag.py:540} INFO - Filling up the DagBag from /home/airflow/.local/lib/python3.8/site-packages/airflow/example_dags/example_bash_operator.py
[2024-04-29T17:36:14.285+0000] {processor.py:840} INFO - DAG(s) 'example_bash_operator' retrieved from /home/airflow/.local/lib/python3.8/site-packages/airflow/example_dags/example_bash_operator.py
[2024-04-29T17:36:14.311+0000] {logging_mixin.py:188} INFO - [2024-04-29T17:36:14.310+0000] {dag.py:3047} INFO - Sync 1 DAGs
[2024-04-29T17:36:14.329+0000] {logging_mixin.py:188} INFO - [2024-04-29T17:36:14.329+0000] {dag.py:3834} INFO - Setting next_dagrun for example_bash_operator to 2024-04-28 00:00:00+00:00, run_after=2024-04-29 00:00:00+00:00
[2024-04-29T17:36:14.348+0000] {processor.py:183} INFO - Processing /home/airflow/.local/lib/python3.8/site-packages/airflow/example_dags/example_bash_operator.py took 0.077 seconds
[2024-04-29T17:36:44.826+0000] {processor.py:161} INFO - Started process (PID=3570) to work on /home/airflow/.local/lib/python3.8/site-packages/airflow/example_dags/example_bash_operator.py
[2024-04-29T17:36:44.827+0000] {processor.py:830} INFO - Processing file /home/airflow/.local/lib/python3.8/site-packages/airflow/example_dags/example_bash_operator.py for tasks to queue
[2024-04-29T17:36:44.828+0000] {logging_mixin.py:188} INFO - [2024-04-29T17:36:44.827+0000] {dagbag.py:540} INFO - Filling up the DagBag from /home/airflow/.local/lib/python3.8/site-packages/airflow/example_dags/example_bash_operator.py
[2024-04-29T17:36:44.841+0000] {processor.py:840} INFO - DAG(s) 'example_bash_operator' retrieved from /home/airflow/.local/lib/python3.8/site-packages/airflow/example_dags/example_bash_operator.py
[2024-04-29T17:36:44.882+0000] {logging_mixin.py:188} INFO - [2024-04-29T17:36:44.882+0000] {dag.py:3047} INFO - Sync 1 DAGs
[2024-04-29T17:36:44.932+0000] {logging_mixin.py:188} INFO - [2024-04-29T17:36:44.932+0000] {dag.py:3834} INFO - Setting next_dagrun for example_bash_operator to 2024-04-28 00:00:00+00:00, run_after=2024-04-29 00:00:00+00:00
[2024-04-29T17:36:44.958+0000] {processor.py:183} INFO - Processing /home/airflow/.local/lib/python3.8/site-packages/airflow/example_dags/example_bash_operator.py took 0.135 seconds
[2024-04-29T17:37:19.063+0000] {processor.py:161} INFO - Started process (PID=3877) to work on /home/airflow/.local/lib/python3.8/site-packages/airflow/example_dags/example_bash_operator.py
[2024-04-29T17:37:19.071+0000] {processor.py:830} INFO - Processing file /home/airflow/.local/lib/python3.8/site-packages/airflow/example_dags/example_bash_operator.py for tasks to queue
[2024-04-29T17:37:19.072+0000] {logging_mixin.py:188} INFO - [2024-04-29T17:37:19.072+0000] {dagbag.py:540} INFO - Filling up the DagBag from /home/airflow/.local/lib/python3.8/site-packages/airflow/example_dags/example_bash_operator.py
[2024-04-29T17:37:19.109+0000] {processor.py:840} INFO - DAG(s) 'example_bash_operator' retrieved from /home/airflow/.local/lib/python3.8/site-packages/airflow/example_dags/example_bash_operator.py
[2024-04-29T17:37:19.238+0000] {logging_mixin.py:188} INFO - [2024-04-29T17:37:19.238+0000] {dag.py:3047} INFO - Sync 1 DAGs
[2024-04-29T17:37:19.361+0000] {logging_mixin.py:188} INFO - [2024-04-29T17:37:19.361+0000] {dag.py:3834} INFO - Setting next_dagrun for example_bash_operator to 2024-04-28 00:00:00+00:00, run_after=2024-04-29 00:00:00+00:00
[2024-04-29T17:37:19.499+0000] {processor.py:183} INFO - Processing /home/airflow/.local/lib/python3.8/site-packages/airflow/example_dags/example_bash_operator.py took 0.439 seconds
[2024-04-29T17:37:50.389+0000] {processor.py:161} INFO - Started process (PID=4209) to work on /home/airflow/.local/lib/python3.8/site-packages/airflow/example_dags/example_bash_operator.py
[2024-04-29T17:37:50.393+0000] {processor.py:830} INFO - Processing file /home/airflow/.local/lib/python3.8/site-packages/airflow/example_dags/example_bash_operator.py for tasks to queue
[2024-04-29T17:37:50.394+0000] {logging_mixin.py:188} INFO - [2024-04-29T17:37:50.393+0000] {dagbag.py:540} INFO - Filling up the DagBag from /home/airflow/.local/lib/python3.8/site-packages/airflow/example_dags/example_bash_operator.py
[2024-04-29T17:37:50.458+0000] {processor.py:840} INFO - DAG(s) 'example_bash_operator' retrieved from /home/airflow/.local/lib/python3.8/site-packages/airflow/example_dags/example_bash_operator.py
[2024-04-29T17:37:50.522+0000] {logging_mixin.py:188} INFO - [2024-04-29T17:37:50.522+0000] {dag.py:3047} INFO - Sync 1 DAGs
[2024-04-29T17:37:50.561+0000] {logging_mixin.py:188} INFO - [2024-04-29T17:37:50.561+0000] {dag.py:3834} INFO - Setting next_dagrun for example_bash_operator to 2024-04-28 00:00:00+00:00, run_after=2024-04-29 00:00:00+00:00
[2024-04-29T17:37:50.628+0000] {processor.py:183} INFO - Processing /home/airflow/.local/lib/python3.8/site-packages/airflow/example_dags/example_bash_operator.py took 0.250 seconds
[2024-04-29T17:38:20.733+0000] {processor.py:161} INFO - Started process (PID=4455) to work on /home/airflow/.local/lib/python3.8/site-packages/airflow/example_dags/example_bash_operator.py
[2024-04-29T17:38:20.735+0000] {processor.py:830} INFO - Processing file /home/airflow/.local/lib/python3.8/site-packages/airflow/example_dags/example_bash_operator.py for tasks to queue
[2024-04-29T17:38:20.736+0000] {logging_mixin.py:188} INFO - [2024-04-29T17:38:20.735+0000] {dagbag.py:540} INFO - Filling up the DagBag from /home/airflow/.local/lib/python3.8/site-packages/airflow/example_dags/example_bash_operator.py
[2024-04-29T17:38:20.751+0000] {processor.py:840} INFO - DAG(s) 'example_bash_operator' retrieved from /home/airflow/.local/lib/python3.8/site-packages/airflow/example_dags/example_bash_operator.py
[2024-04-29T17:38:20.788+0000] {logging_mixin.py:188} INFO - [2024-04-29T17:38:20.788+0000] {dag.py:3047} INFO - Sync 1 DAGs
[2024-04-29T17:38:20.820+0000] {logging_mixin.py:188} INFO - [2024-04-29T17:38:20.820+0000] {dag.py:3834} INFO - Setting next_dagrun for example_bash_operator to 2024-04-28 00:00:00+00:00, run_after=2024-04-29 00:00:00+00:00
[2024-04-29T17:38:20.848+0000] {processor.py:183} INFO - Processing /home/airflow/.local/lib/python3.8/site-packages/airflow/example_dags/example_bash_operator.py took 0.124 seconds
[2024-04-29T17:38:50.914+0000] {processor.py:161} INFO - Started process (PID=4704) to work on /home/airflow/.local/lib/python3.8/site-packages/airflow/example_dags/example_bash_operator.py
[2024-04-29T17:38:50.915+0000] {processor.py:830} INFO - Processing file /home/airflow/.local/lib/python3.8/site-packages/airflow/example_dags/example_bash_operator.py for tasks to queue
[2024-04-29T17:38:50.916+0000] {logging_mixin.py:188} INFO - [2024-04-29T17:38:50.916+0000] {dagbag.py:540} INFO - Filling up the DagBag from /home/airflow/.local/lib/python3.8/site-packages/airflow/example_dags/example_bash_operator.py
[2024-04-29T17:38:50.931+0000] {processor.py:840} INFO - DAG(s) 'example_bash_operator' retrieved from /home/airflow/.local/lib/python3.8/site-packages/airflow/example_dags/example_bash_operator.py
[2024-04-29T17:38:50.974+0000] {logging_mixin.py:188} INFO - [2024-04-29T17:38:50.973+0000] {dag.py:3047} INFO - Sync 1 DAGs
[2024-04-29T17:38:51.008+0000] {logging_mixin.py:188} INFO - [2024-04-29T17:38:51.008+0000] {dag.py:3834} INFO - Setting next_dagrun for example_bash_operator to 2024-04-28 00:00:00+00:00, run_after=2024-04-29 00:00:00+00:00
[2024-04-29T17:38:51.058+0000] {processor.py:183} INFO - Processing /home/airflow/.local/lib/python3.8/site-packages/airflow/example_dags/example_bash_operator.py took 0.149 seconds
[2024-04-29T17:39:21.513+0000] {processor.py:161} INFO - Started process (PID=4951) to work on /home/airflow/.local/lib/python3.8/site-packages/airflow/example_dags/example_bash_operator.py
[2024-04-29T17:39:21.514+0000] {processor.py:830} INFO - Processing file /home/airflow/.local/lib/python3.8/site-packages/airflow/example_dags/example_bash_operator.py for tasks to queue
[2024-04-29T17:39:21.516+0000] {logging_mixin.py:188} INFO - [2024-04-29T17:39:21.515+0000] {dagbag.py:540} INFO - Filling up the DagBag from /home/airflow/.local/lib/python3.8/site-packages/airflow/example_dags/example_bash_operator.py
[2024-04-29T17:39:21.530+0000] {processor.py:840} INFO - DAG(s) 'example_bash_operator' retrieved from /home/airflow/.local/lib/python3.8/site-packages/airflow/example_dags/example_bash_operator.py
[2024-04-29T17:39:21.575+0000] {logging_mixin.py:188} INFO - [2024-04-29T17:39:21.575+0000] {dag.py:3047} INFO - Sync 1 DAGs
[2024-04-29T17:39:21.605+0000] {logging_mixin.py:188} INFO - [2024-04-29T17:39:21.604+0000] {dag.py:3834} INFO - Setting next_dagrun for example_bash_operator to 2024-04-28 00:00:00+00:00, run_after=2024-04-29 00:00:00+00:00
[2024-04-29T17:39:21.629+0000] {processor.py:183} INFO - Processing /home/airflow/.local/lib/python3.8/site-packages/airflow/example_dags/example_bash_operator.py took 0.121 seconds
[2024-04-29T17:39:52.301+0000] {processor.py:161} INFO - Started process (PID=5197) to work on /home/airflow/.local/lib/python3.8/site-packages/airflow/example_dags/example_bash_operator.py
[2024-04-29T17:39:52.302+0000] {processor.py:830} INFO - Processing file /home/airflow/.local/lib/python3.8/site-packages/airflow/example_dags/example_bash_operator.py for tasks to queue
[2024-04-29T17:39:52.304+0000] {logging_mixin.py:188} INFO - [2024-04-29T17:39:52.304+0000] {dagbag.py:540} INFO - Filling up the DagBag from /home/airflow/.local/lib/python3.8/site-packages/airflow/example_dags/example_bash_operator.py
[2024-04-29T17:39:52.320+0000] {processor.py:840} INFO - DAG(s) 'example_bash_operator' retrieved from /home/airflow/.local/lib/python3.8/site-packages/airflow/example_dags/example_bash_operator.py
[2024-04-29T17:39:52.397+0000] {logging_mixin.py:188} INFO - [2024-04-29T17:39:52.397+0000] {dag.py:3047} INFO - Sync 1 DAGs
[2024-04-29T17:39:52.470+0000] {logging_mixin.py:188} INFO - [2024-04-29T17:39:52.470+0000] {dag.py:3834} INFO - Setting next_dagrun for example_bash_operator to 2024-04-28 00:00:00+00:00, run_after=2024-04-29 00:00:00+00:00
[2024-04-29T17:39:52.505+0000] {processor.py:183} INFO - Processing /home/airflow/.local/lib/python3.8/site-packages/airflow/example_dags/example_bash_operator.py took 0.208 seconds
[2024-04-29T17:40:22.797+0000] {processor.py:161} INFO - Started process (PID=5442) to work on /home/airflow/.local/lib/python3.8/site-packages/airflow/example_dags/example_bash_operator.py
[2024-04-29T17:40:22.799+0000] {processor.py:830} INFO - Processing file /home/airflow/.local/lib/python3.8/site-packages/airflow/example_dags/example_bash_operator.py for tasks to queue
[2024-04-29T17:40:22.801+0000] {logging_mixin.py:188} INFO - [2024-04-29T17:40:22.801+0000] {dagbag.py:540} INFO - Filling up the DagBag from /home/airflow/.local/lib/python3.8/site-packages/airflow/example_dags/example_bash_operator.py
[2024-04-29T17:40:22.827+0000] {processor.py:840} INFO - DAG(s) 'example_bash_operator' retrieved from /home/airflow/.local/lib/python3.8/site-packages/airflow/example_dags/example_bash_operator.py
[2024-04-29T17:40:22.870+0000] {logging_mixin.py:188} INFO - [2024-04-29T17:40:22.869+0000] {dag.py:3047} INFO - Sync 1 DAGs
[2024-04-29T17:40:22.898+0000] {logging_mixin.py:188} INFO - [2024-04-29T17:40:22.898+0000] {dag.py:3834} INFO - Setting next_dagrun for example_bash_operator to 2024-04-28 00:00:00+00:00, run_after=2024-04-29 00:00:00+00:00
[2024-04-29T17:40:22.922+0000] {processor.py:183} INFO - Processing /home/airflow/.local/lib/python3.8/site-packages/airflow/example_dags/example_bash_operator.py took 0.131 seconds
[2024-04-29T17:40:53.107+0000] {processor.py:161} INFO - Started process (PID=5691) to work on /home/airflow/.local/lib/python3.8/site-packages/airflow/example_dags/example_bash_operator.py
[2024-04-29T17:40:53.108+0000] {processor.py:830} INFO - Processing file /home/airflow/.local/lib/python3.8/site-packages/airflow/example_dags/example_bash_operator.py for tasks to queue
[2024-04-29T17:40:53.109+0000] {logging_mixin.py:188} INFO - [2024-04-29T17:40:53.109+0000] {dagbag.py:540} INFO - Filling up the DagBag from /home/airflow/.local/lib/python3.8/site-packages/airflow/example_dags/example_bash_operator.py
[2024-04-29T17:40:53.124+0000] {processor.py:840} INFO - DAG(s) 'example_bash_operator' retrieved from /home/airflow/.local/lib/python3.8/site-packages/airflow/example_dags/example_bash_operator.py
[2024-04-29T17:40:53.161+0000] {logging_mixin.py:188} INFO - [2024-04-29T17:40:53.161+0000] {dag.py:3047} INFO - Sync 1 DAGs
[2024-04-29T17:40:53.197+0000] {logging_mixin.py:188} INFO - [2024-04-29T17:40:53.197+0000] {dag.py:3834} INFO - Setting next_dagrun for example_bash_operator to 2024-04-28 00:00:00+00:00, run_after=2024-04-29 00:00:00+00:00
[2024-04-29T17:40:53.219+0000] {processor.py:183} INFO - Processing /home/airflow/.local/lib/python3.8/site-packages/airflow/example_dags/example_bash_operator.py took 0.117 seconds
[2024-04-29T17:41:23.457+0000] {processor.py:161} INFO - Started process (PID=5940) to work on /home/airflow/.local/lib/python3.8/site-packages/airflow/example_dags/example_bash_operator.py
[2024-04-29T17:41:23.458+0000] {processor.py:830} INFO - Processing file /home/airflow/.local/lib/python3.8/site-packages/airflow/example_dags/example_bash_operator.py for tasks to queue
[2024-04-29T17:41:23.459+0000] {logging_mixin.py:188} INFO - [2024-04-29T17:41:23.459+0000] {dagbag.py:540} INFO - Filling up the DagBag from /home/airflow/.local/lib/python3.8/site-packages/airflow/example_dags/example_bash_operator.py
[2024-04-29T17:41:23.472+0000] {processor.py:840} INFO - DAG(s) 'example_bash_operator' retrieved from /home/airflow/.local/lib/python3.8/site-packages/airflow/example_dags/example_bash_operator.py
[2024-04-29T17:41:23.516+0000] {logging_mixin.py:188} INFO - [2024-04-29T17:41:23.516+0000] {dag.py:3047} INFO - Sync 1 DAGs
[2024-04-29T17:41:23.586+0000] {logging_mixin.py:188} INFO - [2024-04-29T17:41:23.581+0000] {dag.py:3834} INFO - Setting next_dagrun for example_bash_operator to 2024-04-28 00:00:00+00:00, run_after=2024-04-29 00:00:00+00:00
[2024-04-29T17:41:23.618+0000] {processor.py:183} INFO - Processing /home/airflow/.local/lib/python3.8/site-packages/airflow/example_dags/example_bash_operator.py took 0.164 seconds
[2024-04-29T17:41:53.770+0000] {processor.py:161} INFO - Started process (PID=6187) to work on /home/airflow/.local/lib/python3.8/site-packages/airflow/example_dags/example_bash_operator.py
[2024-04-29T17:41:53.771+0000] {processor.py:830} INFO - Processing file /home/airflow/.local/lib/python3.8/site-packages/airflow/example_dags/example_bash_operator.py for tasks to queue
[2024-04-29T17:41:53.772+0000] {logging_mixin.py:188} INFO - [2024-04-29T17:41:53.772+0000] {dagbag.py:540} INFO - Filling up the DagBag from /home/airflow/.local/lib/python3.8/site-packages/airflow/example_dags/example_bash_operator.py
[2024-04-29T17:41:53.786+0000] {processor.py:840} INFO - DAG(s) 'example_bash_operator' retrieved from /home/airflow/.local/lib/python3.8/site-packages/airflow/example_dags/example_bash_operator.py
[2024-04-29T17:41:53.826+0000] {logging_mixin.py:188} INFO - [2024-04-29T17:41:53.825+0000] {dag.py:3047} INFO - Sync 1 DAGs
[2024-04-29T17:41:53.852+0000] {logging_mixin.py:188} INFO - [2024-04-29T17:41:53.852+0000] {dag.py:3834} INFO - Setting next_dagrun for example_bash_operator to 2024-04-28 00:00:00+00:00, run_after=2024-04-29 00:00:00+00:00
[2024-04-29T17:41:53.878+0000] {processor.py:183} INFO - Processing /home/airflow/.local/lib/python3.8/site-packages/airflow/example_dags/example_bash_operator.py took 0.112 seconds
[2024-04-29T17:42:24.252+0000] {processor.py:161} INFO - Started process (PID=6434) to work on /home/airflow/.local/lib/python3.8/site-packages/airflow/example_dags/example_bash_operator.py
[2024-04-29T17:42:24.254+0000] {processor.py:830} INFO - Processing file /home/airflow/.local/lib/python3.8/site-packages/airflow/example_dags/example_bash_operator.py for tasks to queue
[2024-04-29T17:42:24.255+0000] {logging_mixin.py:188} INFO - [2024-04-29T17:42:24.255+0000] {dagbag.py:540} INFO - Filling up the DagBag from /home/airflow/.local/lib/python3.8/site-packages/airflow/example_dags/example_bash_operator.py
[2024-04-29T17:42:24.269+0000] {processor.py:840} INFO - DAG(s) 'example_bash_operator' retrieved from /home/airflow/.local/lib/python3.8/site-packages/airflow/example_dags/example_bash_operator.py
[2024-04-29T17:42:24.324+0000] {logging_mixin.py:188} INFO - [2024-04-29T17:42:24.324+0000] {dag.py:3047} INFO - Sync 1 DAGs
[2024-04-29T17:42:24.353+0000] {logging_mixin.py:188} INFO - [2024-04-29T17:42:24.352+0000] {dag.py:3834} INFO - Setting next_dagrun for example_bash_operator to 2024-04-28 00:00:00+00:00, run_after=2024-04-29 00:00:00+00:00
[2024-04-29T17:42:24.385+0000] {processor.py:183} INFO - Processing /home/airflow/.local/lib/python3.8/site-packages/airflow/example_dags/example_bash_operator.py took 0.137 seconds
[2024-04-29T17:42:55.247+0000] {processor.py:161} INFO - Started process (PID=6679) to work on /home/airflow/.local/lib/python3.8/site-packages/airflow/example_dags/example_bash_operator.py
[2024-04-29T17:42:55.248+0000] {processor.py:830} INFO - Processing file /home/airflow/.local/lib/python3.8/site-packages/airflow/example_dags/example_bash_operator.py for tasks to queue
[2024-04-29T17:42:55.249+0000] {logging_mixin.py:188} INFO - [2024-04-29T17:42:55.248+0000] {dagbag.py:540} INFO - Filling up the DagBag from /home/airflow/.local/lib/python3.8/site-packages/airflow/example_dags/example_bash_operator.py
[2024-04-29T17:42:55.262+0000] {processor.py:840} INFO - DAG(s) 'example_bash_operator' retrieved from /home/airflow/.local/lib/python3.8/site-packages/airflow/example_dags/example_bash_operator.py
[2024-04-29T17:42:55.300+0000] {logging_mixin.py:188} INFO - [2024-04-29T17:42:55.299+0000] {dag.py:3047} INFO - Sync 1 DAGs
[2024-04-29T17:42:55.341+0000] {logging_mixin.py:188} INFO - [2024-04-29T17:42:55.340+0000] {dag.py:3834} INFO - Setting next_dagrun for example_bash_operator to 2024-04-28 00:00:00+00:00, run_after=2024-04-29 00:00:00+00:00
[2024-04-29T17:42:55.373+0000] {processor.py:183} INFO - Processing /home/airflow/.local/lib/python3.8/site-packages/airflow/example_dags/example_bash_operator.py took 0.130 seconds
[2024-04-29T17:43:25.595+0000] {processor.py:161} INFO - Started process (PID=6926) to work on /home/airflow/.local/lib/python3.8/site-packages/airflow/example_dags/example_bash_operator.py
[2024-04-29T17:43:25.597+0000] {processor.py:830} INFO - Processing file /home/airflow/.local/lib/python3.8/site-packages/airflow/example_dags/example_bash_operator.py for tasks to queue
[2024-04-29T17:43:25.598+0000] {logging_mixin.py:188} INFO - [2024-04-29T17:43:25.598+0000] {dagbag.py:540} INFO - Filling up the DagBag from /home/airflow/.local/lib/python3.8/site-packages/airflow/example_dags/example_bash_operator.py
[2024-04-29T17:43:25.622+0000] {processor.py:840} INFO - DAG(s) 'example_bash_operator' retrieved from /home/airflow/.local/lib/python3.8/site-packages/airflow/example_dags/example_bash_operator.py
[2024-04-29T17:43:25.693+0000] {logging_mixin.py:188} INFO - [2024-04-29T17:43:25.692+0000] {dag.py:3047} INFO - Sync 1 DAGs
[2024-04-29T17:43:25.729+0000] {logging_mixin.py:188} INFO - [2024-04-29T17:43:25.729+0000] {dag.py:3834} INFO - Setting next_dagrun for example_bash_operator to 2024-04-28 00:00:00+00:00, run_after=2024-04-29 00:00:00+00:00
[2024-04-29T17:43:25.764+0000] {processor.py:183} INFO - Processing /home/airflow/.local/lib/python3.8/site-packages/airflow/example_dags/example_bash_operator.py took 0.172 seconds
[2024-04-29T17:43:56.563+0000] {processor.py:161} INFO - Started process (PID=7173) to work on /home/airflow/.local/lib/python3.8/site-packages/airflow/example_dags/example_bash_operator.py
[2024-04-29T17:43:56.565+0000] {processor.py:830} INFO - Processing file /home/airflow/.local/lib/python3.8/site-packages/airflow/example_dags/example_bash_operator.py for tasks to queue
[2024-04-29T17:43:56.566+0000] {logging_mixin.py:188} INFO - [2024-04-29T17:43:56.565+0000] {dagbag.py:540} INFO - Filling up the DagBag from /home/airflow/.local/lib/python3.8/site-packages/airflow/example_dags/example_bash_operator.py
[2024-04-29T17:43:56.579+0000] {processor.py:840} INFO - DAG(s) 'example_bash_operator' retrieved from /home/airflow/.local/lib/python3.8/site-packages/airflow/example_dags/example_bash_operator.py
[2024-04-29T17:43:56.613+0000] {logging_mixin.py:188} INFO - [2024-04-29T17:43:56.613+0000] {dag.py:3047} INFO - Sync 1 DAGs
[2024-04-29T17:43:56.644+0000] {logging_mixin.py:188} INFO - [2024-04-29T17:43:56.643+0000] {dag.py:3834} INFO - Setting next_dagrun for example_bash_operator to 2024-04-28 00:00:00+00:00, run_after=2024-04-29 00:00:00+00:00
[2024-04-29T17:43:56.678+0000] {processor.py:183} INFO - Processing /home/airflow/.local/lib/python3.8/site-packages/airflow/example_dags/example_bash_operator.py took 0.118 seconds
[2024-04-29T17:44:27.156+0000] {processor.py:161} INFO - Started process (PID=7420) to work on /home/airflow/.local/lib/python3.8/site-packages/airflow/example_dags/example_bash_operator.py
[2024-04-29T17:44:27.157+0000] {processor.py:830} INFO - Processing file /home/airflow/.local/lib/python3.8/site-packages/airflow/example_dags/example_bash_operator.py for tasks to queue
[2024-04-29T17:44:27.158+0000] {logging_mixin.py:188} INFO - [2024-04-29T17:44:27.158+0000] {dagbag.py:540} INFO - Filling up the DagBag from /home/airflow/.local/lib/python3.8/site-packages/airflow/example_dags/example_bash_operator.py
[2024-04-29T17:44:27.172+0000] {processor.py:840} INFO - DAG(s) 'example_bash_operator' retrieved from /home/airflow/.local/lib/python3.8/site-packages/airflow/example_dags/example_bash_operator.py
[2024-04-29T17:44:27.209+0000] {logging_mixin.py:188} INFO - [2024-04-29T17:44:27.209+0000] {dag.py:3047} INFO - Sync 1 DAGs
[2024-04-29T17:44:27.238+0000] {logging_mixin.py:188} INFO - [2024-04-29T17:44:27.238+0000] {dag.py:3834} INFO - Setting next_dagrun for example_bash_operator to 2024-04-28 00:00:00+00:00, run_after=2024-04-29 00:00:00+00:00
[2024-04-29T17:44:27.263+0000] {processor.py:183} INFO - Processing /home/airflow/.local/lib/python3.8/site-packages/airflow/example_dags/example_bash_operator.py took 0.111 seconds
[2024-04-29T17:44:57.650+0000] {processor.py:161} INFO - Started process (PID=7667) to work on /home/airflow/.local/lib/python3.8/site-packages/airflow/example_dags/example_bash_operator.py
[2024-04-29T17:44:57.651+0000] {processor.py:830} INFO - Processing file /home/airflow/.local/lib/python3.8/site-packages/airflow/example_dags/example_bash_operator.py for tasks to queue
[2024-04-29T17:44:57.652+0000] {logging_mixin.py:188} INFO - [2024-04-29T17:44:57.652+0000] {dagbag.py:540} INFO - Filling up the DagBag from /home/airflow/.local/lib/python3.8/site-packages/airflow/example_dags/example_bash_operator.py
[2024-04-29T17:44:57.666+0000] {processor.py:840} INFO - DAG(s) 'example_bash_operator' retrieved from /home/airflow/.local/lib/python3.8/site-packages/airflow/example_dags/example_bash_operator.py
[2024-04-29T17:44:57.706+0000] {logging_mixin.py:188} INFO - [2024-04-29T17:44:57.706+0000] {dag.py:3047} INFO - Sync 1 DAGs
[2024-04-29T17:44:57.732+0000] {logging_mixin.py:188} INFO - [2024-04-29T17:44:57.732+0000] {dag.py:3834} INFO - Setting next_dagrun for example_bash_operator to 2024-04-28 00:00:00+00:00, run_after=2024-04-29 00:00:00+00:00
[2024-04-29T17:44:57.757+0000] {processor.py:183} INFO - Processing /home/airflow/.local/lib/python3.8/site-packages/airflow/example_dags/example_bash_operator.py took 0.110 seconds
[2024-04-29T17:45:28.072+0000] {processor.py:161} INFO - Started process (PID=7915) to work on /home/airflow/.local/lib/python3.8/site-packages/airflow/example_dags/example_bash_operator.py
[2024-04-29T17:45:28.073+0000] {processor.py:830} INFO - Processing file /home/airflow/.local/lib/python3.8/site-packages/airflow/example_dags/example_bash_operator.py for tasks to queue
[2024-04-29T17:45:28.074+0000] {logging_mixin.py:188} INFO - [2024-04-29T17:45:28.073+0000] {dagbag.py:540} INFO - Filling up the DagBag from /home/airflow/.local/lib/python3.8/site-packages/airflow/example_dags/example_bash_operator.py
[2024-04-29T17:45:28.087+0000] {processor.py:840} INFO - DAG(s) 'example_bash_operator' retrieved from /home/airflow/.local/lib/python3.8/site-packages/airflow/example_dags/example_bash_operator.py
[2024-04-29T17:45:28.123+0000] {logging_mixin.py:188} INFO - [2024-04-29T17:45:28.123+0000] {dag.py:3047} INFO - Sync 1 DAGs
[2024-04-29T17:45:28.151+0000] {logging_mixin.py:188} INFO - [2024-04-29T17:45:28.151+0000] {dag.py:3834} INFO - Setting next_dagrun for example_bash_operator to 2024-04-28 00:00:00+00:00, run_after=2024-04-29 00:00:00+00:00
[2024-04-29T17:45:28.176+0000] {processor.py:183} INFO - Processing /home/airflow/.local/lib/python3.8/site-packages/airflow/example_dags/example_bash_operator.py took 0.107 seconds
[2024-04-29T17:45:58.419+0000] {processor.py:161} INFO - Started process (PID=8163) to work on /home/airflow/.local/lib/python3.8/site-packages/airflow/example_dags/example_bash_operator.py
[2024-04-29T17:45:58.420+0000] {processor.py:830} INFO - Processing file /home/airflow/.local/lib/python3.8/site-packages/airflow/example_dags/example_bash_operator.py for tasks to queue
[2024-04-29T17:45:58.421+0000] {logging_mixin.py:188} INFO - [2024-04-29T17:45:58.421+0000] {dagbag.py:540} INFO - Filling up the DagBag from /home/airflow/.local/lib/python3.8/site-packages/airflow/example_dags/example_bash_operator.py
[2024-04-29T17:45:58.458+0000] {processor.py:840} INFO - DAG(s) 'example_bash_operator' retrieved from /home/airflow/.local/lib/python3.8/site-packages/airflow/example_dags/example_bash_operator.py
[2024-04-29T17:45:58.496+0000] {logging_mixin.py:188} INFO - [2024-04-29T17:45:58.496+0000] {dag.py:3047} INFO - Sync 1 DAGs
[2024-04-29T17:45:58.523+0000] {logging_mixin.py:188} INFO - [2024-04-29T17:45:58.523+0000] {dag.py:3834} INFO - Setting next_dagrun for example_bash_operator to 2024-04-28 00:00:00+00:00, run_after=2024-04-29 00:00:00+00:00
[2024-04-29T17:45:58.548+0000] {processor.py:183} INFO - Processing /home/airflow/.local/lib/python3.8/site-packages/airflow/example_dags/example_bash_operator.py took 0.135 seconds
[2024-04-29T17:46:28.679+0000] {processor.py:161} INFO - Started process (PID=8411) to work on /home/airflow/.local/lib/python3.8/site-packages/airflow/example_dags/example_bash_operator.py
[2024-04-29T17:46:28.681+0000] {processor.py:830} INFO - Processing file /home/airflow/.local/lib/python3.8/site-packages/airflow/example_dags/example_bash_operator.py for tasks to queue
[2024-04-29T17:46:28.682+0000] {logging_mixin.py:188} INFO - [2024-04-29T17:46:28.681+0000] {dagbag.py:540} INFO - Filling up the DagBag from /home/airflow/.local/lib/python3.8/site-packages/airflow/example_dags/example_bash_operator.py
[2024-04-29T17:46:28.696+0000] {processor.py:840} INFO - DAG(s) 'example_bash_operator' retrieved from /home/airflow/.local/lib/python3.8/site-packages/airflow/example_dags/example_bash_operator.py
[2024-04-29T17:46:28.734+0000] {logging_mixin.py:188} INFO - [2024-04-29T17:46:28.733+0000] {dag.py:3047} INFO - Sync 1 DAGs
[2024-04-29T17:46:28.759+0000] {logging_mixin.py:188} INFO - [2024-04-29T17:46:28.759+0000] {dag.py:3834} INFO - Setting next_dagrun for example_bash_operator to 2024-04-28 00:00:00+00:00, run_after=2024-04-29 00:00:00+00:00
[2024-04-29T17:46:28.783+0000] {processor.py:183} INFO - Processing /home/airflow/.local/lib/python3.8/site-packages/airflow/example_dags/example_bash_operator.py took 0.107 seconds
[2024-04-29T17:46:59.319+0000] {processor.py:161} INFO - Started process (PID=8658) to work on /home/airflow/.local/lib/python3.8/site-packages/airflow/example_dags/example_bash_operator.py
[2024-04-29T17:46:59.320+0000] {processor.py:830} INFO - Processing file /home/airflow/.local/lib/python3.8/site-packages/airflow/example_dags/example_bash_operator.py for tasks to queue
[2024-04-29T17:46:59.321+0000] {logging_mixin.py:188} INFO - [2024-04-29T17:46:59.320+0000] {dagbag.py:540} INFO - Filling up the DagBag from /home/airflow/.local/lib/python3.8/site-packages/airflow/example_dags/example_bash_operator.py
[2024-04-29T17:46:59.335+0000] {processor.py:840} INFO - DAG(s) 'example_bash_operator' retrieved from /home/airflow/.local/lib/python3.8/site-packages/airflow/example_dags/example_bash_operator.py
[2024-04-29T17:46:59.371+0000] {logging_mixin.py:188} INFO - [2024-04-29T17:46:59.370+0000] {dag.py:3047} INFO - Sync 1 DAGs
[2024-04-29T17:46:59.400+0000] {logging_mixin.py:188} INFO - [2024-04-29T17:46:59.400+0000] {dag.py:3834} INFO - Setting next_dagrun for example_bash_operator to 2024-04-28 00:00:00+00:00, run_after=2024-04-29 00:00:00+00:00
[2024-04-29T17:46:59.425+0000] {processor.py:183} INFO - Processing /home/airflow/.local/lib/python3.8/site-packages/airflow/example_dags/example_bash_operator.py took 0.109 seconds
[2024-04-29T17:47:29.755+0000] {processor.py:161} INFO - Started process (PID=8906) to work on /home/airflow/.local/lib/python3.8/site-packages/airflow/example_dags/example_bash_operator.py
[2024-04-29T17:47:29.756+0000] {processor.py:830} INFO - Processing file /home/airflow/.local/lib/python3.8/site-packages/airflow/example_dags/example_bash_operator.py for tasks to queue
[2024-04-29T17:47:29.757+0000] {logging_mixin.py:188} INFO - [2024-04-29T17:47:29.757+0000] {dagbag.py:540} INFO - Filling up the DagBag from /home/airflow/.local/lib/python3.8/site-packages/airflow/example_dags/example_bash_operator.py
[2024-04-29T17:47:29.771+0000] {processor.py:840} INFO - DAG(s) 'example_bash_operator' retrieved from /home/airflow/.local/lib/python3.8/site-packages/airflow/example_dags/example_bash_operator.py
[2024-04-29T17:47:29.810+0000] {logging_mixin.py:188} INFO - [2024-04-29T17:47:29.810+0000] {dag.py:3047} INFO - Sync 1 DAGs
[2024-04-29T17:47:29.837+0000] {logging_mixin.py:188} INFO - [2024-04-29T17:47:29.837+0000] {dag.py:3834} INFO - Setting next_dagrun for example_bash_operator to 2024-04-28 00:00:00+00:00, run_after=2024-04-29 00:00:00+00:00
[2024-04-29T17:47:29.867+0000] {processor.py:183} INFO - Processing /home/airflow/.local/lib/python3.8/site-packages/airflow/example_dags/example_bash_operator.py took 0.116 seconds
[2024-04-29T17:48:00.138+0000] {processor.py:161} INFO - Started process (PID=9154) to work on /home/airflow/.local/lib/python3.8/site-packages/airflow/example_dags/example_bash_operator.py
[2024-04-29T17:48:00.139+0000] {processor.py:830} INFO - Processing file /home/airflow/.local/lib/python3.8/site-packages/airflow/example_dags/example_bash_operator.py for tasks to queue
[2024-04-29T17:48:00.140+0000] {logging_mixin.py:188} INFO - [2024-04-29T17:48:00.140+0000] {dagbag.py:540} INFO - Filling up the DagBag from /home/airflow/.local/lib/python3.8/site-packages/airflow/example_dags/example_bash_operator.py
[2024-04-29T17:48:00.154+0000] {processor.py:840} INFO - DAG(s) 'example_bash_operator' retrieved from /home/airflow/.local/lib/python3.8/site-packages/airflow/example_dags/example_bash_operator.py
[2024-04-29T17:48:00.190+0000] {logging_mixin.py:188} INFO - [2024-04-29T17:48:00.190+0000] {dag.py:3047} INFO - Sync 1 DAGs
[2024-04-29T17:48:00.218+0000] {logging_mixin.py:188} INFO - [2024-04-29T17:48:00.218+0000] {dag.py:3834} INFO - Setting next_dagrun for example_bash_operator to 2024-04-28 00:00:00+00:00, run_after=2024-04-29 00:00:00+00:00
[2024-04-29T17:48:00.244+0000] {processor.py:183} INFO - Processing /home/airflow/.local/lib/python3.8/site-packages/airflow/example_dags/example_bash_operator.py took 0.110 seconds
