[2024-04-29T17:30:06.841+0000] {processor.py:161} INFO - Started process (PID=336) to work on /home/airflow/.local/lib/python3.8/site-packages/airflow/example_dags/example_params_ui_tutorial.py
[2024-04-29T17:30:06.859+0000] {processor.py:830} INFO - Processing file /home/airflow/.local/lib/python3.8/site-packages/airflow/example_dags/example_params_ui_tutorial.py for tasks to queue
[2024-04-29T17:30:06.861+0000] {logging_mixin.py:188} INFO - [2024-04-29T17:30:06.861+0000] {dagbag.py:540} INFO - Filling up the DagBag from /home/airflow/.local/lib/python3.8/site-packages/airflow/example_dags/example_params_ui_tutorial.py
[2024-04-29T17:30:06.965+0000] {processor.py:840} INFO - DAG(s) 'example_params_ui_tutorial' retrieved from /home/airflow/.local/lib/python3.8/site-packages/airflow/example_dags/example_params_ui_tutorial.py
[2024-04-29T17:30:07.397+0000] {logging_mixin.py:188} INFO - [2024-04-29T17:30:07.397+0000] {override.py:1769} INFO - Created Permission View: can edit on DAG:example_params_ui_tutorial
[2024-04-29T17:30:07.416+0000] {logging_mixin.py:188} INFO - [2024-04-29T17:30:07.416+0000] {override.py:1769} INFO - Created Permission View: can delete on DAG:example_params_ui_tutorial
[2024-04-29T17:30:07.438+0000] {logging_mixin.py:188} INFO - [2024-04-29T17:30:07.438+0000] {override.py:1769} INFO - Created Permission View: can read on DAG:example_params_ui_tutorial
[2024-04-29T17:30:07.439+0000] {logging_mixin.py:188} INFO - [2024-04-29T17:30:07.439+0000] {dag.py:3047} INFO - Sync 1 DAGs
[2024-04-29T17:30:07.478+0000] {logging_mixin.py:188} INFO - [2024-04-29T17:30:07.477+0000] {dag.py:3069} INFO - Creating ORM DAG for example_params_ui_tutorial
[2024-04-29T17:30:07.482+0000] {logging_mixin.py:188} INFO - [2024-04-29T17:30:07.482+0000] {dag.py:3834} INFO - Setting next_dagrun for example_params_ui_tutorial to None, run_after=None
[2024-04-29T17:30:07.544+0000] {processor.py:183} INFO - Processing /home/airflow/.local/lib/python3.8/site-packages/airflow/example_dags/example_params_ui_tutorial.py took 0.710 seconds
[2024-04-29T17:30:37.926+0000] {processor.py:161} INFO - Started process (PID=583) to work on /home/airflow/.local/lib/python3.8/site-packages/airflow/example_dags/example_params_ui_tutorial.py
[2024-04-29T17:30:37.927+0000] {processor.py:830} INFO - Processing file /home/airflow/.local/lib/python3.8/site-packages/airflow/example_dags/example_params_ui_tutorial.py for tasks to queue
[2024-04-29T17:30:37.928+0000] {logging_mixin.py:188} INFO - [2024-04-29T17:30:37.928+0000] {dagbag.py:540} INFO - Filling up the DagBag from /home/airflow/.local/lib/python3.8/site-packages/airflow/example_dags/example_params_ui_tutorial.py
[2024-04-29T17:30:37.942+0000] {processor.py:840} INFO - DAG(s) 'example_params_ui_tutorial' retrieved from /home/airflow/.local/lib/python3.8/site-packages/airflow/example_dags/example_params_ui_tutorial.py
[2024-04-29T17:30:38.050+0000] {logging_mixin.py:188} INFO - [2024-04-29T17:30:38.050+0000] {dag.py:3047} INFO - Sync 1 DAGs
[2024-04-29T17:30:38.067+0000] {logging_mixin.py:188} INFO - [2024-04-29T17:30:38.066+0000] {dag.py:3834} INFO - Setting next_dagrun for example_params_ui_tutorial to None, run_after=None
[2024-04-29T17:30:38.093+0000] {processor.py:183} INFO - Processing /home/airflow/.local/lib/python3.8/site-packages/airflow/example_dags/example_params_ui_tutorial.py took 0.170 seconds
[2024-04-29T17:31:08.443+0000] {processor.py:161} INFO - Started process (PID=832) to work on /home/airflow/.local/lib/python3.8/site-packages/airflow/example_dags/example_params_ui_tutorial.py
[2024-04-29T17:31:08.444+0000] {processor.py:830} INFO - Processing file /home/airflow/.local/lib/python3.8/site-packages/airflow/example_dags/example_params_ui_tutorial.py for tasks to queue
[2024-04-29T17:31:08.446+0000] {logging_mixin.py:188} INFO - [2024-04-29T17:31:08.446+0000] {dagbag.py:540} INFO - Filling up the DagBag from /home/airflow/.local/lib/python3.8/site-packages/airflow/example_dags/example_params_ui_tutorial.py
[2024-04-29T17:31:08.461+0000] {processor.py:840} INFO - DAG(s) 'example_params_ui_tutorial' retrieved from /home/airflow/.local/lib/python3.8/site-packages/airflow/example_dags/example_params_ui_tutorial.py
[2024-04-29T17:31:08.625+0000] {logging_mixin.py:188} INFO - [2024-04-29T17:31:08.625+0000] {dag.py:3047} INFO - Sync 1 DAGs
[2024-04-29T17:31:08.644+0000] {logging_mixin.py:188} INFO - [2024-04-29T17:31:08.644+0000] {dag.py:3834} INFO - Setting next_dagrun for example_params_ui_tutorial to None, run_after=None
[2024-04-29T17:31:08.672+0000] {processor.py:183} INFO - Processing /home/airflow/.local/lib/python3.8/site-packages/airflow/example_dags/example_params_ui_tutorial.py took 0.233 seconds
[2024-04-29T17:31:38.896+0000] {processor.py:161} INFO - Started process (PID=1077) to work on /home/airflow/.local/lib/python3.8/site-packages/airflow/example_dags/example_params_ui_tutorial.py
[2024-04-29T17:31:38.896+0000] {processor.py:830} INFO - Processing file /home/airflow/.local/lib/python3.8/site-packages/airflow/example_dags/example_params_ui_tutorial.py for tasks to queue
[2024-04-29T17:31:38.897+0000] {logging_mixin.py:188} INFO - [2024-04-29T17:31:38.897+0000] {dagbag.py:540} INFO - Filling up the DagBag from /home/airflow/.local/lib/python3.8/site-packages/airflow/example_dags/example_params_ui_tutorial.py
[2024-04-29T17:31:38.910+0000] {processor.py:840} INFO - DAG(s) 'example_params_ui_tutorial' retrieved from /home/airflow/.local/lib/python3.8/site-packages/airflow/example_dags/example_params_ui_tutorial.py
[2024-04-29T17:31:39.036+0000] {logging_mixin.py:188} INFO - [2024-04-29T17:31:39.036+0000] {dag.py:3047} INFO - Sync 1 DAGs
[2024-04-29T17:31:39.050+0000] {logging_mixin.py:188} INFO - [2024-04-29T17:31:39.050+0000] {dag.py:3834} INFO - Setting next_dagrun for example_params_ui_tutorial to None, run_after=None
[2024-04-29T17:31:39.086+0000] {processor.py:183} INFO - Processing /home/airflow/.local/lib/python3.8/site-packages/airflow/example_dags/example_params_ui_tutorial.py took 0.193 seconds
[2024-04-29T17:32:09.244+0000] {processor.py:161} INFO - Started process (PID=1326) to work on /home/airflow/.local/lib/python3.8/site-packages/airflow/example_dags/example_params_ui_tutorial.py
[2024-04-29T17:32:09.245+0000] {processor.py:830} INFO - Processing file /home/airflow/.local/lib/python3.8/site-packages/airflow/example_dags/example_params_ui_tutorial.py for tasks to queue
[2024-04-29T17:32:09.246+0000] {logging_mixin.py:188} INFO - [2024-04-29T17:32:09.246+0000] {dagbag.py:540} INFO - Filling up the DagBag from /home/airflow/.local/lib/python3.8/site-packages/airflow/example_dags/example_params_ui_tutorial.py
[2024-04-29T17:32:09.263+0000] {processor.py:840} INFO - DAG(s) 'example_params_ui_tutorial' retrieved from /home/airflow/.local/lib/python3.8/site-packages/airflow/example_dags/example_params_ui_tutorial.py
[2024-04-29T17:32:09.373+0000] {logging_mixin.py:188} INFO - [2024-04-29T17:32:09.372+0000] {dag.py:3047} INFO - Sync 1 DAGs
[2024-04-29T17:32:09.387+0000] {logging_mixin.py:188} INFO - [2024-04-29T17:32:09.387+0000] {dag.py:3834} INFO - Setting next_dagrun for example_params_ui_tutorial to None, run_after=None
[2024-04-29T17:32:09.411+0000] {processor.py:183} INFO - Processing /home/airflow/.local/lib/python3.8/site-packages/airflow/example_dags/example_params_ui_tutorial.py took 0.170 seconds
[2024-04-29T17:32:39.881+0000] {processor.py:161} INFO - Started process (PID=1573) to work on /home/airflow/.local/lib/python3.8/site-packages/airflow/example_dags/example_params_ui_tutorial.py
[2024-04-29T17:32:39.882+0000] {processor.py:830} INFO - Processing file /home/airflow/.local/lib/python3.8/site-packages/airflow/example_dags/example_params_ui_tutorial.py for tasks to queue
[2024-04-29T17:32:39.883+0000] {logging_mixin.py:188} INFO - [2024-04-29T17:32:39.883+0000] {dagbag.py:540} INFO - Filling up the DagBag from /home/airflow/.local/lib/python3.8/site-packages/airflow/example_dags/example_params_ui_tutorial.py
[2024-04-29T17:32:39.896+0000] {processor.py:840} INFO - DAG(s) 'example_params_ui_tutorial' retrieved from /home/airflow/.local/lib/python3.8/site-packages/airflow/example_dags/example_params_ui_tutorial.py
[2024-04-29T17:32:39.982+0000] {logging_mixin.py:188} INFO - [2024-04-29T17:32:39.982+0000] {dag.py:3047} INFO - Sync 1 DAGs
[2024-04-29T17:32:39.997+0000] {logging_mixin.py:188} INFO - [2024-04-29T17:32:39.996+0000] {dag.py:3834} INFO - Setting next_dagrun for example_params_ui_tutorial to None, run_after=None
[2024-04-29T17:32:40.022+0000] {processor.py:183} INFO - Processing /home/airflow/.local/lib/python3.8/site-packages/airflow/example_dags/example_params_ui_tutorial.py took 0.145 seconds
[2024-04-29T17:33:10.551+0000] {processor.py:161} INFO - Started process (PID=1821) to work on /home/airflow/.local/lib/python3.8/site-packages/airflow/example_dags/example_params_ui_tutorial.py
[2024-04-29T17:33:10.551+0000] {processor.py:830} INFO - Processing file /home/airflow/.local/lib/python3.8/site-packages/airflow/example_dags/example_params_ui_tutorial.py for tasks to queue
[2024-04-29T17:33:10.552+0000] {logging_mixin.py:188} INFO - [2024-04-29T17:33:10.552+0000] {dagbag.py:540} INFO - Filling up the DagBag from /home/airflow/.local/lib/python3.8/site-packages/airflow/example_dags/example_params_ui_tutorial.py
[2024-04-29T17:33:10.565+0000] {processor.py:840} INFO - DAG(s) 'example_params_ui_tutorial' retrieved from /home/airflow/.local/lib/python3.8/site-packages/airflow/example_dags/example_params_ui_tutorial.py
[2024-04-29T17:33:10.649+0000] {logging_mixin.py:188} INFO - [2024-04-29T17:33:10.648+0000] {dag.py:3047} INFO - Sync 1 DAGs
[2024-04-29T17:33:10.663+0000] {logging_mixin.py:188} INFO - [2024-04-29T17:33:10.663+0000] {dag.py:3834} INFO - Setting next_dagrun for example_params_ui_tutorial to None, run_after=None
[2024-04-29T17:33:10.692+0000] {processor.py:183} INFO - Processing /home/airflow/.local/lib/python3.8/site-packages/airflow/example_dags/example_params_ui_tutorial.py took 0.145 seconds
[2024-04-29T17:33:40.923+0000] {processor.py:161} INFO - Started process (PID=2068) to work on /home/airflow/.local/lib/python3.8/site-packages/airflow/example_dags/example_params_ui_tutorial.py
[2024-04-29T17:33:40.924+0000] {processor.py:830} INFO - Processing file /home/airflow/.local/lib/python3.8/site-packages/airflow/example_dags/example_params_ui_tutorial.py for tasks to queue
[2024-04-29T17:33:40.925+0000] {logging_mixin.py:188} INFO - [2024-04-29T17:33:40.924+0000] {dagbag.py:540} INFO - Filling up the DagBag from /home/airflow/.local/lib/python3.8/site-packages/airflow/example_dags/example_params_ui_tutorial.py
[2024-04-29T17:33:40.937+0000] {processor.py:840} INFO - DAG(s) 'example_params_ui_tutorial' retrieved from /home/airflow/.local/lib/python3.8/site-packages/airflow/example_dags/example_params_ui_tutorial.py
[2024-04-29T17:33:41.028+0000] {logging_mixin.py:188} INFO - [2024-04-29T17:33:41.027+0000] {dag.py:3047} INFO - Sync 1 DAGs
[2024-04-29T17:33:41.043+0000] {logging_mixin.py:188} INFO - [2024-04-29T17:33:41.043+0000] {dag.py:3834} INFO - Setting next_dagrun for example_params_ui_tutorial to None, run_after=None
[2024-04-29T17:33:41.070+0000] {processor.py:183} INFO - Processing /home/airflow/.local/lib/python3.8/site-packages/airflow/example_dags/example_params_ui_tutorial.py took 0.151 seconds
[2024-04-29T17:34:11.465+0000] {processor.py:161} INFO - Started process (PID=2314) to work on /home/airflow/.local/lib/python3.8/site-packages/airflow/example_dags/example_params_ui_tutorial.py
[2024-04-29T17:34:11.467+0000] {processor.py:830} INFO - Processing file /home/airflow/.local/lib/python3.8/site-packages/airflow/example_dags/example_params_ui_tutorial.py for tasks to queue
[2024-04-29T17:34:11.468+0000] {logging_mixin.py:188} INFO - [2024-04-29T17:34:11.467+0000] {dagbag.py:540} INFO - Filling up the DagBag from /home/airflow/.local/lib/python3.8/site-packages/airflow/example_dags/example_params_ui_tutorial.py
[2024-04-29T17:34:11.481+0000] {processor.py:840} INFO - DAG(s) 'example_params_ui_tutorial' retrieved from /home/airflow/.local/lib/python3.8/site-packages/airflow/example_dags/example_params_ui_tutorial.py
[2024-04-29T17:34:11.564+0000] {logging_mixin.py:188} INFO - [2024-04-29T17:34:11.564+0000] {dag.py:3047} INFO - Sync 1 DAGs
[2024-04-29T17:34:11.579+0000] {logging_mixin.py:188} INFO - [2024-04-29T17:34:11.579+0000] {dag.py:3834} INFO - Setting next_dagrun for example_params_ui_tutorial to None, run_after=None
[2024-04-29T17:34:11.663+0000] {processor.py:183} INFO - Processing /home/airflow/.local/lib/python3.8/site-packages/airflow/example_dags/example_params_ui_tutorial.py took 0.202 seconds
[2024-04-29T17:34:42.124+0000] {processor.py:161} INFO - Started process (PID=2561) to work on /home/airflow/.local/lib/python3.8/site-packages/airflow/example_dags/example_params_ui_tutorial.py
[2024-04-29T17:34:42.125+0000] {processor.py:830} INFO - Processing file /home/airflow/.local/lib/python3.8/site-packages/airflow/example_dags/example_params_ui_tutorial.py for tasks to queue
[2024-04-29T17:34:42.126+0000] {logging_mixin.py:188} INFO - [2024-04-29T17:34:42.125+0000] {dagbag.py:540} INFO - Filling up the DagBag from /home/airflow/.local/lib/python3.8/site-packages/airflow/example_dags/example_params_ui_tutorial.py
[2024-04-29T17:34:42.140+0000] {processor.py:840} INFO - DAG(s) 'example_params_ui_tutorial' retrieved from /home/airflow/.local/lib/python3.8/site-packages/airflow/example_dags/example_params_ui_tutorial.py
[2024-04-29T17:34:42.226+0000] {logging_mixin.py:188} INFO - [2024-04-29T17:34:42.226+0000] {dag.py:3047} INFO - Sync 1 DAGs
[2024-04-29T17:34:42.241+0000] {logging_mixin.py:188} INFO - [2024-04-29T17:34:42.241+0000] {dag.py:3834} INFO - Setting next_dagrun for example_params_ui_tutorial to None, run_after=None
[2024-04-29T17:34:42.264+0000] {processor.py:183} INFO - Processing /home/airflow/.local/lib/python3.8/site-packages/airflow/example_dags/example_params_ui_tutorial.py took 0.143 seconds
[2024-04-29T17:35:12.721+0000] {processor.py:161} INFO - Started process (PID=2814) to work on /home/airflow/.local/lib/python3.8/site-packages/airflow/example_dags/example_params_ui_tutorial.py
[2024-04-29T17:35:12.724+0000] {processor.py:830} INFO - Processing file /home/airflow/.local/lib/python3.8/site-packages/airflow/example_dags/example_params_ui_tutorial.py for tasks to queue
[2024-04-29T17:35:12.727+0000] {logging_mixin.py:188} INFO - [2024-04-29T17:35:12.727+0000] {dagbag.py:540} INFO - Filling up the DagBag from /home/airflow/.local/lib/python3.8/site-packages/airflow/example_dags/example_params_ui_tutorial.py
[2024-04-29T17:35:12.741+0000] {processor.py:840} INFO - DAG(s) 'example_params_ui_tutorial' retrieved from /home/airflow/.local/lib/python3.8/site-packages/airflow/example_dags/example_params_ui_tutorial.py
[2024-04-29T17:35:12.849+0000] {logging_mixin.py:188} INFO - [2024-04-29T17:35:12.848+0000] {dag.py:3047} INFO - Sync 1 DAGs
[2024-04-29T17:35:12.864+0000] {logging_mixin.py:188} INFO - [2024-04-29T17:35:12.863+0000] {dag.py:3834} INFO - Setting next_dagrun for example_params_ui_tutorial to None, run_after=None
[2024-04-29T17:35:12.888+0000] {processor.py:183} INFO - Processing /home/airflow/.local/lib/python3.8/site-packages/airflow/example_dags/example_params_ui_tutorial.py took 0.181 seconds
[2024-04-29T17:35:43.575+0000] {processor.py:161} INFO - Started process (PID=3063) to work on /home/airflow/.local/lib/python3.8/site-packages/airflow/example_dags/example_params_ui_tutorial.py
[2024-04-29T17:35:43.576+0000] {processor.py:830} INFO - Processing file /home/airflow/.local/lib/python3.8/site-packages/airflow/example_dags/example_params_ui_tutorial.py for tasks to queue
[2024-04-29T17:35:43.577+0000] {logging_mixin.py:188} INFO - [2024-04-29T17:35:43.576+0000] {dagbag.py:540} INFO - Filling up the DagBag from /home/airflow/.local/lib/python3.8/site-packages/airflow/example_dags/example_params_ui_tutorial.py
[2024-04-29T17:35:43.589+0000] {processor.py:840} INFO - DAG(s) 'example_params_ui_tutorial' retrieved from /home/airflow/.local/lib/python3.8/site-packages/airflow/example_dags/example_params_ui_tutorial.py
[2024-04-29T17:35:43.672+0000] {logging_mixin.py:188} INFO - [2024-04-29T17:35:43.671+0000] {dag.py:3047} INFO - Sync 1 DAGs
[2024-04-29T17:35:43.685+0000] {logging_mixin.py:188} INFO - [2024-04-29T17:35:43.685+0000] {dag.py:3834} INFO - Setting next_dagrun for example_params_ui_tutorial to None, run_after=None
[2024-04-29T17:35:43.709+0000] {processor.py:183} INFO - Processing /home/airflow/.local/lib/python3.8/site-packages/airflow/example_dags/example_params_ui_tutorial.py took 0.138 seconds
[2024-04-29T17:36:14.067+0000] {processor.py:161} INFO - Started process (PID=3311) to work on /home/airflow/.local/lib/python3.8/site-packages/airflow/example_dags/example_params_ui_tutorial.py
[2024-04-29T17:36:14.068+0000] {processor.py:830} INFO - Processing file /home/airflow/.local/lib/python3.8/site-packages/airflow/example_dags/example_params_ui_tutorial.py for tasks to queue
[2024-04-29T17:36:14.069+0000] {logging_mixin.py:188} INFO - [2024-04-29T17:36:14.069+0000] {dagbag.py:540} INFO - Filling up the DagBag from /home/airflow/.local/lib/python3.8/site-packages/airflow/example_dags/example_params_ui_tutorial.py
[2024-04-29T17:36:14.084+0000] {processor.py:840} INFO - DAG(s) 'example_params_ui_tutorial' retrieved from /home/airflow/.local/lib/python3.8/site-packages/airflow/example_dags/example_params_ui_tutorial.py
[2024-04-29T17:36:14.169+0000] {logging_mixin.py:188} INFO - [2024-04-29T17:36:14.169+0000] {dag.py:3047} INFO - Sync 1 DAGs
[2024-04-29T17:36:14.184+0000] {logging_mixin.py:188} INFO - [2024-04-29T17:36:14.184+0000] {dag.py:3834} INFO - Setting next_dagrun for example_params_ui_tutorial to None, run_after=None
[2024-04-29T17:36:14.227+0000] {processor.py:183} INFO - Processing /home/airflow/.local/lib/python3.8/site-packages/airflow/example_dags/example_params_ui_tutorial.py took 0.165 seconds
[2024-04-29T17:36:44.603+0000] {processor.py:161} INFO - Started process (PID=3558) to work on /home/airflow/.local/lib/python3.8/site-packages/airflow/example_dags/example_params_ui_tutorial.py
[2024-04-29T17:36:44.604+0000] {processor.py:830} INFO - Processing file /home/airflow/.local/lib/python3.8/site-packages/airflow/example_dags/example_params_ui_tutorial.py for tasks to queue
[2024-04-29T17:36:44.605+0000] {logging_mixin.py:188} INFO - [2024-04-29T17:36:44.605+0000] {dagbag.py:540} INFO - Filling up the DagBag from /home/airflow/.local/lib/python3.8/site-packages/airflow/example_dags/example_params_ui_tutorial.py
[2024-04-29T17:36:44.617+0000] {processor.py:840} INFO - DAG(s) 'example_params_ui_tutorial' retrieved from /home/airflow/.local/lib/python3.8/site-packages/airflow/example_dags/example_params_ui_tutorial.py
[2024-04-29T17:36:44.742+0000] {logging_mixin.py:188} INFO - [2024-04-29T17:36:44.742+0000] {dag.py:3047} INFO - Sync 1 DAGs
[2024-04-29T17:36:44.757+0000] {logging_mixin.py:188} INFO - [2024-04-29T17:36:44.756+0000] {dag.py:3834} INFO - Setting next_dagrun for example_params_ui_tutorial to None, run_after=None
[2024-04-29T17:36:44.806+0000] {processor.py:183} INFO - Processing /home/airflow/.local/lib/python3.8/site-packages/airflow/example_dags/example_params_ui_tutorial.py took 0.207 seconds
[2024-04-29T17:37:18.215+0000] {processor.py:161} INFO - Started process (PID=3865) to work on /home/airflow/.local/lib/python3.8/site-packages/airflow/example_dags/example_params_ui_tutorial.py
[2024-04-29T17:37:18.253+0000] {processor.py:830} INFO - Processing file /home/airflow/.local/lib/python3.8/site-packages/airflow/example_dags/example_params_ui_tutorial.py for tasks to queue
[2024-04-29T17:37:18.259+0000] {logging_mixin.py:188} INFO - [2024-04-29T17:37:18.259+0000] {dagbag.py:540} INFO - Filling up the DagBag from /home/airflow/.local/lib/python3.8/site-packages/airflow/example_dags/example_params_ui_tutorial.py
[2024-04-29T17:37:18.343+0000] {processor.py:840} INFO - DAG(s) 'example_params_ui_tutorial' retrieved from /home/airflow/.local/lib/python3.8/site-packages/airflow/example_dags/example_params_ui_tutorial.py
[2024-04-29T17:37:18.724+0000] {logging_mixin.py:188} INFO - [2024-04-29T17:37:18.724+0000] {dag.py:3047} INFO - Sync 1 DAGs
[2024-04-29T17:37:18.776+0000] {logging_mixin.py:188} INFO - [2024-04-29T17:37:18.776+0000] {dag.py:3834} INFO - Setting next_dagrun for example_params_ui_tutorial to None, run_after=None
[2024-04-29T17:37:18.939+0000] {processor.py:183} INFO - Processing /home/airflow/.local/lib/python3.8/site-packages/airflow/example_dags/example_params_ui_tutorial.py took 0.731 seconds
[2024-04-29T17:37:49.222+0000] {processor.py:161} INFO - Started process (PID=4199) to work on /home/airflow/.local/lib/python3.8/site-packages/airflow/example_dags/example_params_ui_tutorial.py
[2024-04-29T17:37:49.223+0000] {processor.py:830} INFO - Processing file /home/airflow/.local/lib/python3.8/site-packages/airflow/example_dags/example_params_ui_tutorial.py for tasks to queue
[2024-04-29T17:37:49.224+0000] {logging_mixin.py:188} INFO - [2024-04-29T17:37:49.224+0000] {dagbag.py:540} INFO - Filling up the DagBag from /home/airflow/.local/lib/python3.8/site-packages/airflow/example_dags/example_params_ui_tutorial.py
[2024-04-29T17:37:49.239+0000] {processor.py:840} INFO - DAG(s) 'example_params_ui_tutorial' retrieved from /home/airflow/.local/lib/python3.8/site-packages/airflow/example_dags/example_params_ui_tutorial.py
[2024-04-29T17:37:49.321+0000] {logging_mixin.py:188} INFO - [2024-04-29T17:37:49.321+0000] {dag.py:3047} INFO - Sync 1 DAGs
[2024-04-29T17:37:49.334+0000] {logging_mixin.py:188} INFO - [2024-04-29T17:37:49.334+0000] {dag.py:3834} INFO - Setting next_dagrun for example_params_ui_tutorial to None, run_after=None
[2024-04-29T17:37:49.363+0000] {processor.py:183} INFO - Processing /home/airflow/.local/lib/python3.8/site-packages/airflow/example_dags/example_params_ui_tutorial.py took 0.145 seconds
[2024-04-29T17:38:19.556+0000] {processor.py:161} INFO - Started process (PID=4447) to work on /home/airflow/.local/lib/python3.8/site-packages/airflow/example_dags/example_params_ui_tutorial.py
[2024-04-29T17:38:19.557+0000] {processor.py:830} INFO - Processing file /home/airflow/.local/lib/python3.8/site-packages/airflow/example_dags/example_params_ui_tutorial.py for tasks to queue
[2024-04-29T17:38:19.558+0000] {logging_mixin.py:188} INFO - [2024-04-29T17:38:19.557+0000] {dagbag.py:540} INFO - Filling up the DagBag from /home/airflow/.local/lib/python3.8/site-packages/airflow/example_dags/example_params_ui_tutorial.py
[2024-04-29T17:38:19.571+0000] {processor.py:840} INFO - DAG(s) 'example_params_ui_tutorial' retrieved from /home/airflow/.local/lib/python3.8/site-packages/airflow/example_dags/example_params_ui_tutorial.py
[2024-04-29T17:38:19.686+0000] {logging_mixin.py:188} INFO - [2024-04-29T17:38:19.686+0000] {dag.py:3047} INFO - Sync 1 DAGs
[2024-04-29T17:38:19.696+0000] {logging_mixin.py:188} INFO - [2024-04-29T17:38:19.696+0000] {dag.py:3834} INFO - Setting next_dagrun for example_params_ui_tutorial to None, run_after=None
[2024-04-29T17:38:19.716+0000] {processor.py:183} INFO - Processing /home/airflow/.local/lib/python3.8/site-packages/airflow/example_dags/example_params_ui_tutorial.py took 0.164 seconds
[2024-04-29T17:38:49.781+0000] {processor.py:161} INFO - Started process (PID=4694) to work on /home/airflow/.local/lib/python3.8/site-packages/airflow/example_dags/example_params_ui_tutorial.py
[2024-04-29T17:38:49.782+0000] {processor.py:830} INFO - Processing file /home/airflow/.local/lib/python3.8/site-packages/airflow/example_dags/example_params_ui_tutorial.py for tasks to queue
[2024-04-29T17:38:49.783+0000] {logging_mixin.py:188} INFO - [2024-04-29T17:38:49.783+0000] {dagbag.py:540} INFO - Filling up the DagBag from /home/airflow/.local/lib/python3.8/site-packages/airflow/example_dags/example_params_ui_tutorial.py
[2024-04-29T17:38:49.798+0000] {processor.py:840} INFO - DAG(s) 'example_params_ui_tutorial' retrieved from /home/airflow/.local/lib/python3.8/site-packages/airflow/example_dags/example_params_ui_tutorial.py
[2024-04-29T17:38:49.880+0000] {logging_mixin.py:188} INFO - [2024-04-29T17:38:49.880+0000] {dag.py:3047} INFO - Sync 1 DAGs
[2024-04-29T17:38:49.891+0000] {logging_mixin.py:188} INFO - [2024-04-29T17:38:49.891+0000] {dag.py:3834} INFO - Setting next_dagrun for example_params_ui_tutorial to None, run_after=None
[2024-04-29T17:38:49.916+0000] {processor.py:183} INFO - Processing /home/airflow/.local/lib/python3.8/site-packages/airflow/example_dags/example_params_ui_tutorial.py took 0.139 seconds
[2024-04-29T17:39:20.428+0000] {processor.py:161} INFO - Started process (PID=4941) to work on /home/airflow/.local/lib/python3.8/site-packages/airflow/example_dags/example_params_ui_tutorial.py
[2024-04-29T17:39:20.429+0000] {processor.py:830} INFO - Processing file /home/airflow/.local/lib/python3.8/site-packages/airflow/example_dags/example_params_ui_tutorial.py for tasks to queue
[2024-04-29T17:39:20.430+0000] {logging_mixin.py:188} INFO - [2024-04-29T17:39:20.430+0000] {dagbag.py:540} INFO - Filling up the DagBag from /home/airflow/.local/lib/python3.8/site-packages/airflow/example_dags/example_params_ui_tutorial.py
[2024-04-29T17:39:20.443+0000] {processor.py:840} INFO - DAG(s) 'example_params_ui_tutorial' retrieved from /home/airflow/.local/lib/python3.8/site-packages/airflow/example_dags/example_params_ui_tutorial.py
[2024-04-29T17:39:20.508+0000] {logging_mixin.py:188} INFO - [2024-04-29T17:39:20.508+0000] {dag.py:3047} INFO - Sync 1 DAGs
[2024-04-29T17:39:20.518+0000] {logging_mixin.py:188} INFO - [2024-04-29T17:39:20.518+0000] {dag.py:3834} INFO - Setting next_dagrun for example_params_ui_tutorial to None, run_after=None
[2024-04-29T17:39:20.538+0000] {processor.py:183} INFO - Processing /home/airflow/.local/lib/python3.8/site-packages/airflow/example_dags/example_params_ui_tutorial.py took 0.115 seconds
[2024-04-29T17:39:51.216+0000] {processor.py:161} INFO - Started process (PID=5187) to work on /home/airflow/.local/lib/python3.8/site-packages/airflow/example_dags/example_params_ui_tutorial.py
[2024-04-29T17:39:51.219+0000] {processor.py:830} INFO - Processing file /home/airflow/.local/lib/python3.8/site-packages/airflow/example_dags/example_params_ui_tutorial.py for tasks to queue
[2024-04-29T17:39:51.220+0000] {logging_mixin.py:188} INFO - [2024-04-29T17:39:51.219+0000] {dagbag.py:540} INFO - Filling up the DagBag from /home/airflow/.local/lib/python3.8/site-packages/airflow/example_dags/example_params_ui_tutorial.py
[2024-04-29T17:39:51.251+0000] {processor.py:840} INFO - DAG(s) 'example_params_ui_tutorial' retrieved from /home/airflow/.local/lib/python3.8/site-packages/airflow/example_dags/example_params_ui_tutorial.py
[2024-04-29T17:39:51.341+0000] {logging_mixin.py:188} INFO - [2024-04-29T17:39:51.341+0000] {dag.py:3047} INFO - Sync 1 DAGs
[2024-04-29T17:39:51.355+0000] {logging_mixin.py:188} INFO - [2024-04-29T17:39:51.355+0000] {dag.py:3834} INFO - Setting next_dagrun for example_params_ui_tutorial to None, run_after=None
[2024-04-29T17:39:51.388+0000] {processor.py:183} INFO - Processing /home/airflow/.local/lib/python3.8/site-packages/airflow/example_dags/example_params_ui_tutorial.py took 0.174 seconds
[2024-04-29T17:40:21.705+0000] {processor.py:161} INFO - Started process (PID=5434) to work on /home/airflow/.local/lib/python3.8/site-packages/airflow/example_dags/example_params_ui_tutorial.py
[2024-04-29T17:40:21.706+0000] {processor.py:830} INFO - Processing file /home/airflow/.local/lib/python3.8/site-packages/airflow/example_dags/example_params_ui_tutorial.py for tasks to queue
[2024-04-29T17:40:21.707+0000] {logging_mixin.py:188} INFO - [2024-04-29T17:40:21.707+0000] {dagbag.py:540} INFO - Filling up the DagBag from /home/airflow/.local/lib/python3.8/site-packages/airflow/example_dags/example_params_ui_tutorial.py
[2024-04-29T17:40:21.731+0000] {processor.py:840} INFO - DAG(s) 'example_params_ui_tutorial' retrieved from /home/airflow/.local/lib/python3.8/site-packages/airflow/example_dags/example_params_ui_tutorial.py
[2024-04-29T17:40:21.793+0000] {logging_mixin.py:188} INFO - [2024-04-29T17:40:21.792+0000] {dag.py:3047} INFO - Sync 1 DAGs
[2024-04-29T17:40:21.802+0000] {logging_mixin.py:188} INFO - [2024-04-29T17:40:21.802+0000] {dag.py:3834} INFO - Setting next_dagrun for example_params_ui_tutorial to None, run_after=None
[2024-04-29T17:40:21.822+0000] {processor.py:183} INFO - Processing /home/airflow/.local/lib/python3.8/site-packages/airflow/example_dags/example_params_ui_tutorial.py took 0.121 seconds
[2024-04-29T17:40:51.909+0000] {processor.py:161} INFO - Started process (PID=5679) to work on /home/airflow/.local/lib/python3.8/site-packages/airflow/example_dags/example_params_ui_tutorial.py
[2024-04-29T17:40:51.917+0000] {processor.py:830} INFO - Processing file /home/airflow/.local/lib/python3.8/site-packages/airflow/example_dags/example_params_ui_tutorial.py for tasks to queue
[2024-04-29T17:40:51.918+0000] {logging_mixin.py:188} INFO - [2024-04-29T17:40:51.917+0000] {dagbag.py:540} INFO - Filling up the DagBag from /home/airflow/.local/lib/python3.8/site-packages/airflow/example_dags/example_params_ui_tutorial.py
[2024-04-29T17:40:51.932+0000] {processor.py:840} INFO - DAG(s) 'example_params_ui_tutorial' retrieved from /home/airflow/.local/lib/python3.8/site-packages/airflow/example_dags/example_params_ui_tutorial.py
[2024-04-29T17:40:52.016+0000] {logging_mixin.py:188} INFO - [2024-04-29T17:40:52.015+0000] {dag.py:3047} INFO - Sync 1 DAGs
[2024-04-29T17:40:52.030+0000] {logging_mixin.py:188} INFO - [2024-04-29T17:40:52.030+0000] {dag.py:3834} INFO - Setting next_dagrun for example_params_ui_tutorial to None, run_after=None
[2024-04-29T17:40:52.056+0000] {processor.py:183} INFO - Processing /home/airflow/.local/lib/python3.8/site-packages/airflow/example_dags/example_params_ui_tutorial.py took 0.152 seconds
[2024-04-29T17:41:23.084+0000] {processor.py:161} INFO - Started process (PID=5928) to work on /home/airflow/.local/lib/python3.8/site-packages/airflow/example_dags/example_params_ui_tutorial.py
[2024-04-29T17:41:23.086+0000] {processor.py:830} INFO - Processing file /home/airflow/.local/lib/python3.8/site-packages/airflow/example_dags/example_params_ui_tutorial.py for tasks to queue
[2024-04-29T17:41:23.087+0000] {logging_mixin.py:188} INFO - [2024-04-29T17:41:23.086+0000] {dagbag.py:540} INFO - Filling up the DagBag from /home/airflow/.local/lib/python3.8/site-packages/airflow/example_dags/example_params_ui_tutorial.py
[2024-04-29T17:41:23.101+0000] {processor.py:840} INFO - DAG(s) 'example_params_ui_tutorial' retrieved from /home/airflow/.local/lib/python3.8/site-packages/airflow/example_dags/example_params_ui_tutorial.py
[2024-04-29T17:41:23.188+0000] {logging_mixin.py:188} INFO - [2024-04-29T17:41:23.188+0000] {dag.py:3047} INFO - Sync 1 DAGs
[2024-04-29T17:41:23.203+0000] {logging_mixin.py:188} INFO - [2024-04-29T17:41:23.202+0000] {dag.py:3834} INFO - Setting next_dagrun for example_params_ui_tutorial to None, run_after=None
[2024-04-29T17:41:23.229+0000] {processor.py:183} INFO - Processing /home/airflow/.local/lib/python3.8/site-packages/airflow/example_dags/example_params_ui_tutorial.py took 0.148 seconds
[2024-04-29T17:41:53.360+0000] {processor.py:161} INFO - Started process (PID=6172) to work on /home/airflow/.local/lib/python3.8/site-packages/airflow/example_dags/example_params_ui_tutorial.py
[2024-04-29T17:41:53.360+0000] {processor.py:830} INFO - Processing file /home/airflow/.local/lib/python3.8/site-packages/airflow/example_dags/example_params_ui_tutorial.py for tasks to queue
[2024-04-29T17:41:53.361+0000] {logging_mixin.py:188} INFO - [2024-04-29T17:41:53.361+0000] {dagbag.py:540} INFO - Filling up the DagBag from /home/airflow/.local/lib/python3.8/site-packages/airflow/example_dags/example_params_ui_tutorial.py
[2024-04-29T17:41:53.371+0000] {processor.py:840} INFO - DAG(s) 'example_params_ui_tutorial' retrieved from /home/airflow/.local/lib/python3.8/site-packages/airflow/example_dags/example_params_ui_tutorial.py
[2024-04-29T17:41:53.426+0000] {logging_mixin.py:188} INFO - [2024-04-29T17:41:53.426+0000] {dag.py:3047} INFO - Sync 1 DAGs
[2024-04-29T17:41:53.436+0000] {logging_mixin.py:188} INFO - [2024-04-29T17:41:53.436+0000] {dag.py:3834} INFO - Setting next_dagrun for example_params_ui_tutorial to None, run_after=None
[2024-04-29T17:41:53.457+0000] {processor.py:183} INFO - Processing /home/airflow/.local/lib/python3.8/site-packages/airflow/example_dags/example_params_ui_tutorial.py took 0.100 seconds
[2024-04-29T17:42:23.605+0000] {processor.py:161} INFO - Started process (PID=6419) to work on /home/airflow/.local/lib/python3.8/site-packages/airflow/example_dags/example_params_ui_tutorial.py
[2024-04-29T17:42:23.607+0000] {processor.py:830} INFO - Processing file /home/airflow/.local/lib/python3.8/site-packages/airflow/example_dags/example_params_ui_tutorial.py for tasks to queue
[2024-04-29T17:42:23.607+0000] {logging_mixin.py:188} INFO - [2024-04-29T17:42:23.607+0000] {dagbag.py:540} INFO - Filling up the DagBag from /home/airflow/.local/lib/python3.8/site-packages/airflow/example_dags/example_params_ui_tutorial.py
[2024-04-29T17:42:23.618+0000] {processor.py:840} INFO - DAG(s) 'example_params_ui_tutorial' retrieved from /home/airflow/.local/lib/python3.8/site-packages/airflow/example_dags/example_params_ui_tutorial.py
[2024-04-29T17:42:23.690+0000] {logging_mixin.py:188} INFO - [2024-04-29T17:42:23.689+0000] {dag.py:3047} INFO - Sync 1 DAGs
[2024-04-29T17:42:23.704+0000] {logging_mixin.py:188} INFO - [2024-04-29T17:42:23.704+0000] {dag.py:3834} INFO - Setting next_dagrun for example_params_ui_tutorial to None, run_after=None
[2024-04-29T17:42:23.729+0000] {processor.py:183} INFO - Processing /home/airflow/.local/lib/python3.8/site-packages/airflow/example_dags/example_params_ui_tutorial.py took 0.126 seconds
[2024-04-29T17:42:54.047+0000] {processor.py:161} INFO - Started process (PID=6666) to work on /home/airflow/.local/lib/python3.8/site-packages/airflow/example_dags/example_params_ui_tutorial.py
[2024-04-29T17:42:54.048+0000] {processor.py:830} INFO - Processing file /home/airflow/.local/lib/python3.8/site-packages/airflow/example_dags/example_params_ui_tutorial.py for tasks to queue
[2024-04-29T17:42:54.049+0000] {logging_mixin.py:188} INFO - [2024-04-29T17:42:54.049+0000] {dagbag.py:540} INFO - Filling up the DagBag from /home/airflow/.local/lib/python3.8/site-packages/airflow/example_dags/example_params_ui_tutorial.py
[2024-04-29T17:42:54.063+0000] {processor.py:840} INFO - DAG(s) 'example_params_ui_tutorial' retrieved from /home/airflow/.local/lib/python3.8/site-packages/airflow/example_dags/example_params_ui_tutorial.py
[2024-04-29T17:42:54.158+0000] {logging_mixin.py:188} INFO - [2024-04-29T17:42:54.158+0000] {dag.py:3047} INFO - Sync 1 DAGs
[2024-04-29T17:42:54.182+0000] {logging_mixin.py:188} INFO - [2024-04-29T17:42:54.182+0000] {dag.py:3834} INFO - Setting next_dagrun for example_params_ui_tutorial to None, run_after=None
[2024-04-29T17:42:54.204+0000] {processor.py:183} INFO - Processing /home/airflow/.local/lib/python3.8/site-packages/airflow/example_dags/example_params_ui_tutorial.py took 0.160 seconds
[2024-04-29T17:43:24.317+0000] {processor.py:161} INFO - Started process (PID=6913) to work on /home/airflow/.local/lib/python3.8/site-packages/airflow/example_dags/example_params_ui_tutorial.py
[2024-04-29T17:43:24.320+0000] {processor.py:830} INFO - Processing file /home/airflow/.local/lib/python3.8/site-packages/airflow/example_dags/example_params_ui_tutorial.py for tasks to queue
[2024-04-29T17:43:24.321+0000] {logging_mixin.py:188} INFO - [2024-04-29T17:43:24.320+0000] {dagbag.py:540} INFO - Filling up the DagBag from /home/airflow/.local/lib/python3.8/site-packages/airflow/example_dags/example_params_ui_tutorial.py
[2024-04-29T17:43:24.348+0000] {processor.py:840} INFO - DAG(s) 'example_params_ui_tutorial' retrieved from /home/airflow/.local/lib/python3.8/site-packages/airflow/example_dags/example_params_ui_tutorial.py
[2024-04-29T17:43:24.467+0000] {logging_mixin.py:188} INFO - [2024-04-29T17:43:24.467+0000] {dag.py:3047} INFO - Sync 1 DAGs
[2024-04-29T17:43:24.484+0000] {logging_mixin.py:188} INFO - [2024-04-29T17:43:24.483+0000] {dag.py:3834} INFO - Setting next_dagrun for example_params_ui_tutorial to None, run_after=None
[2024-04-29T17:43:24.514+0000] {processor.py:183} INFO - Processing /home/airflow/.local/lib/python3.8/site-packages/airflow/example_dags/example_params_ui_tutorial.py took 0.201 seconds
[2024-04-29T17:43:55.392+0000] {processor.py:161} INFO - Started process (PID=7160) to work on /home/airflow/.local/lib/python3.8/site-packages/airflow/example_dags/example_params_ui_tutorial.py
[2024-04-29T17:43:55.393+0000] {processor.py:830} INFO - Processing file /home/airflow/.local/lib/python3.8/site-packages/airflow/example_dags/example_params_ui_tutorial.py for tasks to queue
[2024-04-29T17:43:55.394+0000] {logging_mixin.py:188} INFO - [2024-04-29T17:43:55.394+0000] {dagbag.py:540} INFO - Filling up the DagBag from /home/airflow/.local/lib/python3.8/site-packages/airflow/example_dags/example_params_ui_tutorial.py
[2024-04-29T17:43:55.408+0000] {processor.py:840} INFO - DAG(s) 'example_params_ui_tutorial' retrieved from /home/airflow/.local/lib/python3.8/site-packages/airflow/example_dags/example_params_ui_tutorial.py
[2024-04-29T17:43:55.497+0000] {logging_mixin.py:188} INFO - [2024-04-29T17:43:55.496+0000] {dag.py:3047} INFO - Sync 1 DAGs
[2024-04-29T17:43:55.509+0000] {logging_mixin.py:188} INFO - [2024-04-29T17:43:55.509+0000] {dag.py:3834} INFO - Setting next_dagrun for example_params_ui_tutorial to None, run_after=None
[2024-04-29T17:43:55.533+0000] {processor.py:183} INFO - Processing /home/airflow/.local/lib/python3.8/site-packages/airflow/example_dags/example_params_ui_tutorial.py took 0.144 seconds
[2024-04-29T17:44:25.963+0000] {processor.py:161} INFO - Started process (PID=7407) to work on /home/airflow/.local/lib/python3.8/site-packages/airflow/example_dags/example_params_ui_tutorial.py
[2024-04-29T17:44:25.963+0000] {processor.py:830} INFO - Processing file /home/airflow/.local/lib/python3.8/site-packages/airflow/example_dags/example_params_ui_tutorial.py for tasks to queue
[2024-04-29T17:44:25.964+0000] {logging_mixin.py:188} INFO - [2024-04-29T17:44:25.964+0000] {dagbag.py:540} INFO - Filling up the DagBag from /home/airflow/.local/lib/python3.8/site-packages/airflow/example_dags/example_params_ui_tutorial.py
[2024-04-29T17:44:25.977+0000] {processor.py:840} INFO - DAG(s) 'example_params_ui_tutorial' retrieved from /home/airflow/.local/lib/python3.8/site-packages/airflow/example_dags/example_params_ui_tutorial.py
[2024-04-29T17:44:26.067+0000] {logging_mixin.py:188} INFO - [2024-04-29T17:44:26.067+0000] {dag.py:3047} INFO - Sync 1 DAGs
[2024-04-29T17:44:26.090+0000] {logging_mixin.py:188} INFO - [2024-04-29T17:44:26.090+0000] {dag.py:3834} INFO - Setting next_dagrun for example_params_ui_tutorial to None, run_after=None
[2024-04-29T17:44:26.115+0000] {processor.py:183} INFO - Processing /home/airflow/.local/lib/python3.8/site-packages/airflow/example_dags/example_params_ui_tutorial.py took 0.156 seconds
[2024-04-29T17:44:56.477+0000] {processor.py:161} INFO - Started process (PID=7654) to work on /home/airflow/.local/lib/python3.8/site-packages/airflow/example_dags/example_params_ui_tutorial.py
[2024-04-29T17:44:56.478+0000] {processor.py:830} INFO - Processing file /home/airflow/.local/lib/python3.8/site-packages/airflow/example_dags/example_params_ui_tutorial.py for tasks to queue
[2024-04-29T17:44:56.479+0000] {logging_mixin.py:188} INFO - [2024-04-29T17:44:56.479+0000] {dagbag.py:540} INFO - Filling up the DagBag from /home/airflow/.local/lib/python3.8/site-packages/airflow/example_dags/example_params_ui_tutorial.py
[2024-04-29T17:44:56.493+0000] {processor.py:840} INFO - DAG(s) 'example_params_ui_tutorial' retrieved from /home/airflow/.local/lib/python3.8/site-packages/airflow/example_dags/example_params_ui_tutorial.py
[2024-04-29T17:44:56.585+0000] {logging_mixin.py:188} INFO - [2024-04-29T17:44:56.584+0000] {dag.py:3047} INFO - Sync 1 DAGs
[2024-04-29T17:44:56.596+0000] {logging_mixin.py:188} INFO - [2024-04-29T17:44:56.596+0000] {dag.py:3834} INFO - Setting next_dagrun for example_params_ui_tutorial to None, run_after=None
[2024-04-29T17:44:56.621+0000] {processor.py:183} INFO - Processing /home/airflow/.local/lib/python3.8/site-packages/airflow/example_dags/example_params_ui_tutorial.py took 0.146 seconds
[2024-04-29T17:45:26.894+0000] {processor.py:161} INFO - Started process (PID=7902) to work on /home/airflow/.local/lib/python3.8/site-packages/airflow/example_dags/example_params_ui_tutorial.py
[2024-04-29T17:45:26.895+0000] {processor.py:830} INFO - Processing file /home/airflow/.local/lib/python3.8/site-packages/airflow/example_dags/example_params_ui_tutorial.py for tasks to queue
[2024-04-29T17:45:26.896+0000] {logging_mixin.py:188} INFO - [2024-04-29T17:45:26.896+0000] {dagbag.py:540} INFO - Filling up the DagBag from /home/airflow/.local/lib/python3.8/site-packages/airflow/example_dags/example_params_ui_tutorial.py
[2024-04-29T17:45:26.910+0000] {processor.py:840} INFO - DAG(s) 'example_params_ui_tutorial' retrieved from /home/airflow/.local/lib/python3.8/site-packages/airflow/example_dags/example_params_ui_tutorial.py
[2024-04-29T17:45:27.001+0000] {logging_mixin.py:188} INFO - [2024-04-29T17:45:27.001+0000] {dag.py:3047} INFO - Sync 1 DAGs
[2024-04-29T17:45:27.012+0000] {logging_mixin.py:188} INFO - [2024-04-29T17:45:27.011+0000] {dag.py:3834} INFO - Setting next_dagrun for example_params_ui_tutorial to None, run_after=None
[2024-04-29T17:45:27.035+0000] {processor.py:183} INFO - Processing /home/airflow/.local/lib/python3.8/site-packages/airflow/example_dags/example_params_ui_tutorial.py took 0.144 seconds
[2024-04-29T17:45:57.224+0000] {processor.py:161} INFO - Started process (PID=8150) to work on /home/airflow/.local/lib/python3.8/site-packages/airflow/example_dags/example_params_ui_tutorial.py
[2024-04-29T17:45:57.225+0000] {processor.py:830} INFO - Processing file /home/airflow/.local/lib/python3.8/site-packages/airflow/example_dags/example_params_ui_tutorial.py for tasks to queue
[2024-04-29T17:45:57.226+0000] {logging_mixin.py:188} INFO - [2024-04-29T17:45:57.226+0000] {dagbag.py:540} INFO - Filling up the DagBag from /home/airflow/.local/lib/python3.8/site-packages/airflow/example_dags/example_params_ui_tutorial.py
[2024-04-29T17:45:57.241+0000] {processor.py:840} INFO - DAG(s) 'example_params_ui_tutorial' retrieved from /home/airflow/.local/lib/python3.8/site-packages/airflow/example_dags/example_params_ui_tutorial.py
[2024-04-29T17:45:57.332+0000] {logging_mixin.py:188} INFO - [2024-04-29T17:45:57.331+0000] {dag.py:3047} INFO - Sync 1 DAGs
[2024-04-29T17:45:57.344+0000] {logging_mixin.py:188} INFO - [2024-04-29T17:45:57.343+0000] {dag.py:3834} INFO - Setting next_dagrun for example_params_ui_tutorial to None, run_after=None
[2024-04-29T17:45:57.381+0000] {processor.py:183} INFO - Processing /home/airflow/.local/lib/python3.8/site-packages/airflow/example_dags/example_params_ui_tutorial.py took 0.160 seconds
[2024-04-29T17:46:27.445+0000] {processor.py:161} INFO - Started process (PID=8398) to work on /home/airflow/.local/lib/python3.8/site-packages/airflow/example_dags/example_params_ui_tutorial.py
[2024-04-29T17:46:27.446+0000] {processor.py:830} INFO - Processing file /home/airflow/.local/lib/python3.8/site-packages/airflow/example_dags/example_params_ui_tutorial.py for tasks to queue
[2024-04-29T17:46:27.448+0000] {logging_mixin.py:188} INFO - [2024-04-29T17:46:27.447+0000] {dagbag.py:540} INFO - Filling up the DagBag from /home/airflow/.local/lib/python3.8/site-packages/airflow/example_dags/example_params_ui_tutorial.py
[2024-04-29T17:46:27.466+0000] {processor.py:840} INFO - DAG(s) 'example_params_ui_tutorial' retrieved from /home/airflow/.local/lib/python3.8/site-packages/airflow/example_dags/example_params_ui_tutorial.py
[2024-04-29T17:46:27.575+0000] {logging_mixin.py:188} INFO - [2024-04-29T17:46:27.575+0000] {dag.py:3047} INFO - Sync 1 DAGs
[2024-04-29T17:46:27.595+0000] {logging_mixin.py:188} INFO - [2024-04-29T17:46:27.595+0000] {dag.py:3834} INFO - Setting next_dagrun for example_params_ui_tutorial to None, run_after=None
[2024-04-29T17:46:27.635+0000] {processor.py:183} INFO - Processing /home/airflow/.local/lib/python3.8/site-packages/airflow/example_dags/example_params_ui_tutorial.py took 0.196 seconds
[2024-04-29T17:46:57.967+0000] {processor.py:161} INFO - Started process (PID=8645) to work on /home/airflow/.local/lib/python3.8/site-packages/airflow/example_dags/example_params_ui_tutorial.py
[2024-04-29T17:46:57.968+0000] {processor.py:830} INFO - Processing file /home/airflow/.local/lib/python3.8/site-packages/airflow/example_dags/example_params_ui_tutorial.py for tasks to queue
[2024-04-29T17:46:57.969+0000] {logging_mixin.py:188} INFO - [2024-04-29T17:46:57.969+0000] {dagbag.py:540} INFO - Filling up the DagBag from /home/airflow/.local/lib/python3.8/site-packages/airflow/example_dags/example_params_ui_tutorial.py
[2024-04-29T17:46:57.989+0000] {processor.py:840} INFO - DAG(s) 'example_params_ui_tutorial' retrieved from /home/airflow/.local/lib/python3.8/site-packages/airflow/example_dags/example_params_ui_tutorial.py
[2024-04-29T17:46:58.305+0000] {logging_mixin.py:188} INFO - [2024-04-29T17:46:58.305+0000] {dag.py:3047} INFO - Sync 1 DAGs
[2024-04-29T17:46:58.321+0000] {logging_mixin.py:188} INFO - [2024-04-29T17:46:58.320+0000] {dag.py:3834} INFO - Setting next_dagrun for example_params_ui_tutorial to None, run_after=None
[2024-04-29T17:46:58.379+0000] {processor.py:183} INFO - Processing /home/airflow/.local/lib/python3.8/site-packages/airflow/example_dags/example_params_ui_tutorial.py took 0.415 seconds
[2024-04-29T17:47:28.552+0000] {processor.py:161} INFO - Started process (PID=8893) to work on /home/airflow/.local/lib/python3.8/site-packages/airflow/example_dags/example_params_ui_tutorial.py
[2024-04-29T17:47:28.553+0000] {processor.py:830} INFO - Processing file /home/airflow/.local/lib/python3.8/site-packages/airflow/example_dags/example_params_ui_tutorial.py for tasks to queue
[2024-04-29T17:47:28.555+0000] {logging_mixin.py:188} INFO - [2024-04-29T17:47:28.554+0000] {dagbag.py:540} INFO - Filling up the DagBag from /home/airflow/.local/lib/python3.8/site-packages/airflow/example_dags/example_params_ui_tutorial.py
[2024-04-29T17:47:28.568+0000] {processor.py:840} INFO - DAG(s) 'example_params_ui_tutorial' retrieved from /home/airflow/.local/lib/python3.8/site-packages/airflow/example_dags/example_params_ui_tutorial.py
[2024-04-29T17:47:28.654+0000] {logging_mixin.py:188} INFO - [2024-04-29T17:47:28.653+0000] {dag.py:3047} INFO - Sync 1 DAGs
[2024-04-29T17:47:28.668+0000] {logging_mixin.py:188} INFO - [2024-04-29T17:47:28.668+0000] {dag.py:3834} INFO - Setting next_dagrun for example_params_ui_tutorial to None, run_after=None
[2024-04-29T17:47:28.705+0000] {processor.py:183} INFO - Processing /home/airflow/.local/lib/python3.8/site-packages/airflow/example_dags/example_params_ui_tutorial.py took 0.156 seconds
[2024-04-29T17:47:58.800+0000] {processor.py:161} INFO - Started process (PID=9141) to work on /home/airflow/.local/lib/python3.8/site-packages/airflow/example_dags/example_params_ui_tutorial.py
[2024-04-29T17:47:58.801+0000] {processor.py:830} INFO - Processing file /home/airflow/.local/lib/python3.8/site-packages/airflow/example_dags/example_params_ui_tutorial.py for tasks to queue
[2024-04-29T17:47:58.802+0000] {logging_mixin.py:188} INFO - [2024-04-29T17:47:58.801+0000] {dagbag.py:540} INFO - Filling up the DagBag from /home/airflow/.local/lib/python3.8/site-packages/airflow/example_dags/example_params_ui_tutorial.py
[2024-04-29T17:47:58.817+0000] {processor.py:840} INFO - DAG(s) 'example_params_ui_tutorial' retrieved from /home/airflow/.local/lib/python3.8/site-packages/airflow/example_dags/example_params_ui_tutorial.py
[2024-04-29T17:47:58.995+0000] {logging_mixin.py:188} INFO - [2024-04-29T17:47:58.994+0000] {dag.py:3047} INFO - Sync 1 DAGs
[2024-04-29T17:47:59.030+0000] {logging_mixin.py:188} INFO - [2024-04-29T17:47:59.030+0000] {dag.py:3834} INFO - Setting next_dagrun for example_params_ui_tutorial to None, run_after=None
[2024-04-29T17:47:59.076+0000] {processor.py:183} INFO - Processing /home/airflow/.local/lib/python3.8/site-packages/airflow/example_dags/example_params_ui_tutorial.py took 0.279 seconds
