[2024-04-29T17:30:01.575+0000] {processor.py:161} INFO - Started process (PID=226) to work on /home/airflow/.local/lib/python3.8/site-packages/airflow/example_dags/example_setup_teardown_taskflow.py
[2024-04-29T17:30:01.576+0000] {processor.py:830} INFO - Processing file /home/airflow/.local/lib/python3.8/site-packages/airflow/example_dags/example_setup_teardown_taskflow.py for tasks to queue
[2024-04-29T17:30:01.578+0000] {logging_mixin.py:188} INFO - [2024-04-29T17:30:01.577+0000] {dagbag.py:540} INFO - Filling up the DagBag from /home/airflow/.local/lib/python3.8/site-packages/airflow/example_dags/example_setup_teardown_taskflow.py
[2024-04-29T17:30:01.603+0000] {processor.py:840} INFO - DAG(s) 'example_setup_teardown_taskflow' retrieved from /home/airflow/.local/lib/python3.8/site-packages/airflow/example_dags/example_setup_teardown_taskflow.py
[2024-04-29T17:30:01.788+0000] {logging_mixin.py:188} INFO - [2024-04-29T17:30:01.788+0000] {override.py:1769} INFO - Created Permission View: can edit on DAG:example_setup_teardown_taskflow
[2024-04-29T17:30:01.806+0000] {logging_mixin.py:188} INFO - [2024-04-29T17:30:01.805+0000] {override.py:1769} INFO - Created Permission View: can delete on DAG:example_setup_teardown_taskflow
[2024-04-29T17:30:01.823+0000] {logging_mixin.py:188} INFO - [2024-04-29T17:30:01.823+0000] {override.py:1769} INFO - Created Permission View: can read on DAG:example_setup_teardown_taskflow
[2024-04-29T17:30:01.824+0000] {logging_mixin.py:188} INFO - [2024-04-29T17:30:01.824+0000] {dag.py:3047} INFO - Sync 1 DAGs
[2024-04-29T17:30:01.844+0000] {logging_mixin.py:188} INFO - [2024-04-29T17:30:01.843+0000] {dag.py:3069} INFO - Creating ORM DAG for example_setup_teardown_taskflow
[2024-04-29T17:30:01.859+0000] {logging_mixin.py:188} INFO - [2024-04-29T17:30:01.858+0000] {dag.py:3834} INFO - Setting next_dagrun for example_setup_teardown_taskflow to 2024-04-28 00:00:00+00:00, run_after=2024-04-29 00:00:00+00:00
[2024-04-29T17:30:01.895+0000] {processor.py:183} INFO - Processing /home/airflow/.local/lib/python3.8/site-packages/airflow/example_dags/example_setup_teardown_taskflow.py took 0.323 seconds
[2024-04-29T17:30:32.387+0000] {processor.py:161} INFO - Started process (PID=475) to work on /home/airflow/.local/lib/python3.8/site-packages/airflow/example_dags/example_setup_teardown_taskflow.py
[2024-04-29T17:30:32.387+0000] {processor.py:830} INFO - Processing file /home/airflow/.local/lib/python3.8/site-packages/airflow/example_dags/example_setup_teardown_taskflow.py for tasks to queue
[2024-04-29T17:30:32.388+0000] {logging_mixin.py:188} INFO - [2024-04-29T17:30:32.388+0000] {dagbag.py:540} INFO - Filling up the DagBag from /home/airflow/.local/lib/python3.8/site-packages/airflow/example_dags/example_setup_teardown_taskflow.py
[2024-04-29T17:30:32.396+0000] {processor.py:840} INFO - DAG(s) 'example_setup_teardown_taskflow' retrieved from /home/airflow/.local/lib/python3.8/site-packages/airflow/example_dags/example_setup_teardown_taskflow.py
[2024-04-29T17:30:32.414+0000] {logging_mixin.py:188} INFO - [2024-04-29T17:30:32.413+0000] {dag.py:3047} INFO - Sync 1 DAGs
[2024-04-29T17:30:32.431+0000] {logging_mixin.py:188} INFO - [2024-04-29T17:30:32.431+0000] {dag.py:3834} INFO - Setting next_dagrun for example_setup_teardown_taskflow to 2024-04-28 00:00:00+00:00, run_after=2024-04-29 00:00:00+00:00
[2024-04-29T17:30:32.450+0000] {processor.py:183} INFO - Processing /home/airflow/.local/lib/python3.8/site-packages/airflow/example_dags/example_setup_teardown_taskflow.py took 0.066 seconds
[2024-04-29T17:31:02.723+0000] {processor.py:161} INFO - Started process (PID=722) to work on /home/airflow/.local/lib/python3.8/site-packages/airflow/example_dags/example_setup_teardown_taskflow.py
[2024-04-29T17:31:02.724+0000] {processor.py:830} INFO - Processing file /home/airflow/.local/lib/python3.8/site-packages/airflow/example_dags/example_setup_teardown_taskflow.py for tasks to queue
[2024-04-29T17:31:02.725+0000] {logging_mixin.py:188} INFO - [2024-04-29T17:31:02.725+0000] {dagbag.py:540} INFO - Filling up the DagBag from /home/airflow/.local/lib/python3.8/site-packages/airflow/example_dags/example_setup_teardown_taskflow.py
[2024-04-29T17:31:02.737+0000] {processor.py:840} INFO - DAG(s) 'example_setup_teardown_taskflow' retrieved from /home/airflow/.local/lib/python3.8/site-packages/airflow/example_dags/example_setup_teardown_taskflow.py
[2024-04-29T17:31:02.759+0000] {logging_mixin.py:188} INFO - [2024-04-29T17:31:02.758+0000] {dag.py:3047} INFO - Sync 1 DAGs
[2024-04-29T17:31:02.782+0000] {logging_mixin.py:188} INFO - [2024-04-29T17:31:02.781+0000] {dag.py:3834} INFO - Setting next_dagrun for example_setup_teardown_taskflow to 2024-04-28 00:00:00+00:00, run_after=2024-04-29 00:00:00+00:00
[2024-04-29T17:31:02.807+0000] {processor.py:183} INFO - Processing /home/airflow/.local/lib/python3.8/site-packages/airflow/example_dags/example_setup_teardown_taskflow.py took 0.087 seconds
[2024-04-29T17:31:33.358+0000] {processor.py:161} INFO - Started process (PID=969) to work on /home/airflow/.local/lib/python3.8/site-packages/airflow/example_dags/example_setup_teardown_taskflow.py
[2024-04-29T17:31:33.359+0000] {processor.py:830} INFO - Processing file /home/airflow/.local/lib/python3.8/site-packages/airflow/example_dags/example_setup_teardown_taskflow.py for tasks to queue
[2024-04-29T17:31:33.360+0000] {logging_mixin.py:188} INFO - [2024-04-29T17:31:33.360+0000] {dagbag.py:540} INFO - Filling up the DagBag from /home/airflow/.local/lib/python3.8/site-packages/airflow/example_dags/example_setup_teardown_taskflow.py
[2024-04-29T17:31:33.368+0000] {processor.py:840} INFO - DAG(s) 'example_setup_teardown_taskflow' retrieved from /home/airflow/.local/lib/python3.8/site-packages/airflow/example_dags/example_setup_teardown_taskflow.py
[2024-04-29T17:31:33.386+0000] {logging_mixin.py:188} INFO - [2024-04-29T17:31:33.386+0000] {dag.py:3047} INFO - Sync 1 DAGs
[2024-04-29T17:31:33.404+0000] {logging_mixin.py:188} INFO - [2024-04-29T17:31:33.404+0000] {dag.py:3834} INFO - Setting next_dagrun for example_setup_teardown_taskflow to 2024-04-28 00:00:00+00:00, run_after=2024-04-29 00:00:00+00:00
[2024-04-29T17:31:33.424+0000] {processor.py:183} INFO - Processing /home/airflow/.local/lib/python3.8/site-packages/airflow/example_dags/example_setup_teardown_taskflow.py took 0.069 seconds
[2024-04-29T17:32:03.771+0000] {processor.py:161} INFO - Started process (PID=1217) to work on /home/airflow/.local/lib/python3.8/site-packages/airflow/example_dags/example_setup_teardown_taskflow.py
[2024-04-29T17:32:03.773+0000] {processor.py:830} INFO - Processing file /home/airflow/.local/lib/python3.8/site-packages/airflow/example_dags/example_setup_teardown_taskflow.py for tasks to queue
[2024-04-29T17:32:03.774+0000] {logging_mixin.py:188} INFO - [2024-04-29T17:32:03.773+0000] {dagbag.py:540} INFO - Filling up the DagBag from /home/airflow/.local/lib/python3.8/site-packages/airflow/example_dags/example_setup_teardown_taskflow.py
[2024-04-29T17:32:03.786+0000] {processor.py:840} INFO - DAG(s) 'example_setup_teardown_taskflow' retrieved from /home/airflow/.local/lib/python3.8/site-packages/airflow/example_dags/example_setup_teardown_taskflow.py
[2024-04-29T17:32:03.806+0000] {logging_mixin.py:188} INFO - [2024-04-29T17:32:03.806+0000] {dag.py:3047} INFO - Sync 1 DAGs
[2024-04-29T17:32:03.824+0000] {logging_mixin.py:188} INFO - [2024-04-29T17:32:03.824+0000] {dag.py:3834} INFO - Setting next_dagrun for example_setup_teardown_taskflow to 2024-04-28 00:00:00+00:00, run_after=2024-04-29 00:00:00+00:00
[2024-04-29T17:32:03.845+0000] {processor.py:183} INFO - Processing /home/airflow/.local/lib/python3.8/site-packages/airflow/example_dags/example_setup_teardown_taskflow.py took 0.078 seconds
[2024-04-29T17:32:34.252+0000] {processor.py:161} INFO - Started process (PID=1465) to work on /home/airflow/.local/lib/python3.8/site-packages/airflow/example_dags/example_setup_teardown_taskflow.py
[2024-04-29T17:32:34.253+0000] {processor.py:830} INFO - Processing file /home/airflow/.local/lib/python3.8/site-packages/airflow/example_dags/example_setup_teardown_taskflow.py for tasks to queue
[2024-04-29T17:32:34.253+0000] {logging_mixin.py:188} INFO - [2024-04-29T17:32:34.253+0000] {dagbag.py:540} INFO - Filling up the DagBag from /home/airflow/.local/lib/python3.8/site-packages/airflow/example_dags/example_setup_teardown_taskflow.py
[2024-04-29T17:32:34.262+0000] {processor.py:840} INFO - DAG(s) 'example_setup_teardown_taskflow' retrieved from /home/airflow/.local/lib/python3.8/site-packages/airflow/example_dags/example_setup_teardown_taskflow.py
[2024-04-29T17:32:34.280+0000] {logging_mixin.py:188} INFO - [2024-04-29T17:32:34.280+0000] {dag.py:3047} INFO - Sync 1 DAGs
[2024-04-29T17:32:34.297+0000] {logging_mixin.py:188} INFO - [2024-04-29T17:32:34.297+0000] {dag.py:3834} INFO - Setting next_dagrun for example_setup_teardown_taskflow to 2024-04-28 00:00:00+00:00, run_after=2024-04-29 00:00:00+00:00
[2024-04-29T17:32:34.320+0000] {processor.py:183} INFO - Processing /home/airflow/.local/lib/python3.8/site-packages/airflow/example_dags/example_setup_teardown_taskflow.py took 0.071 seconds
[2024-04-29T17:33:05.026+0000] {processor.py:161} INFO - Started process (PID=1713) to work on /home/airflow/.local/lib/python3.8/site-packages/airflow/example_dags/example_setup_teardown_taskflow.py
[2024-04-29T17:33:05.026+0000] {processor.py:830} INFO - Processing file /home/airflow/.local/lib/python3.8/site-packages/airflow/example_dags/example_setup_teardown_taskflow.py for tasks to queue
[2024-04-29T17:33:05.027+0000] {logging_mixin.py:188} INFO - [2024-04-29T17:33:05.027+0000] {dagbag.py:540} INFO - Filling up the DagBag from /home/airflow/.local/lib/python3.8/site-packages/airflow/example_dags/example_setup_teardown_taskflow.py
[2024-04-29T17:33:05.038+0000] {processor.py:840} INFO - DAG(s) 'example_setup_teardown_taskflow' retrieved from /home/airflow/.local/lib/python3.8/site-packages/airflow/example_dags/example_setup_teardown_taskflow.py
[2024-04-29T17:33:05.064+0000] {logging_mixin.py:188} INFO - [2024-04-29T17:33:05.064+0000] {dag.py:3047} INFO - Sync 1 DAGs
[2024-04-29T17:33:05.090+0000] {logging_mixin.py:188} INFO - [2024-04-29T17:33:05.090+0000] {dag.py:3834} INFO - Setting next_dagrun for example_setup_teardown_taskflow to 2024-04-28 00:00:00+00:00, run_after=2024-04-29 00:00:00+00:00
[2024-04-29T17:33:05.117+0000] {processor.py:183} INFO - Processing /home/airflow/.local/lib/python3.8/site-packages/airflow/example_dags/example_setup_teardown_taskflow.py took 0.094 seconds
[2024-04-29T17:33:35.506+0000] {processor.py:161} INFO - Started process (PID=1960) to work on /home/airflow/.local/lib/python3.8/site-packages/airflow/example_dags/example_setup_teardown_taskflow.py
[2024-04-29T17:33:35.507+0000] {processor.py:830} INFO - Processing file /home/airflow/.local/lib/python3.8/site-packages/airflow/example_dags/example_setup_teardown_taskflow.py for tasks to queue
[2024-04-29T17:33:35.508+0000] {logging_mixin.py:188} INFO - [2024-04-29T17:33:35.508+0000] {dagbag.py:540} INFO - Filling up the DagBag from /home/airflow/.local/lib/python3.8/site-packages/airflow/example_dags/example_setup_teardown_taskflow.py
[2024-04-29T17:33:35.519+0000] {processor.py:840} INFO - DAG(s) 'example_setup_teardown_taskflow' retrieved from /home/airflow/.local/lib/python3.8/site-packages/airflow/example_dags/example_setup_teardown_taskflow.py
[2024-04-29T17:33:35.544+0000] {logging_mixin.py:188} INFO - [2024-04-29T17:33:35.544+0000] {dag.py:3047} INFO - Sync 1 DAGs
[2024-04-29T17:33:35.572+0000] {logging_mixin.py:188} INFO - [2024-04-29T17:33:35.572+0000] {dag.py:3834} INFO - Setting next_dagrun for example_setup_teardown_taskflow to 2024-04-28 00:00:00+00:00, run_after=2024-04-29 00:00:00+00:00
[2024-04-29T17:33:35.599+0000] {processor.py:183} INFO - Processing /home/airflow/.local/lib/python3.8/site-packages/airflow/example_dags/example_setup_teardown_taskflow.py took 0.096 seconds
[2024-04-29T17:34:05.840+0000] {processor.py:161} INFO - Started process (PID=2206) to work on /home/airflow/.local/lib/python3.8/site-packages/airflow/example_dags/example_setup_teardown_taskflow.py
[2024-04-29T17:34:05.840+0000] {processor.py:830} INFO - Processing file /home/airflow/.local/lib/python3.8/site-packages/airflow/example_dags/example_setup_teardown_taskflow.py for tasks to queue
[2024-04-29T17:34:05.841+0000] {logging_mixin.py:188} INFO - [2024-04-29T17:34:05.841+0000] {dagbag.py:540} INFO - Filling up the DagBag from /home/airflow/.local/lib/python3.8/site-packages/airflow/example_dags/example_setup_teardown_taskflow.py
[2024-04-29T17:34:05.850+0000] {processor.py:840} INFO - DAG(s) 'example_setup_teardown_taskflow' retrieved from /home/airflow/.local/lib/python3.8/site-packages/airflow/example_dags/example_setup_teardown_taskflow.py
[2024-04-29T17:34:05.867+0000] {logging_mixin.py:188} INFO - [2024-04-29T17:34:05.867+0000] {dag.py:3047} INFO - Sync 1 DAGs
[2024-04-29T17:34:05.885+0000] {logging_mixin.py:188} INFO - [2024-04-29T17:34:05.885+0000] {dag.py:3834} INFO - Setting next_dagrun for example_setup_teardown_taskflow to 2024-04-28 00:00:00+00:00, run_after=2024-04-29 00:00:00+00:00
[2024-04-29T17:34:05.905+0000] {processor.py:183} INFO - Processing /home/airflow/.local/lib/python3.8/site-packages/airflow/example_dags/example_setup_teardown_taskflow.py took 0.067 seconds
[2024-04-29T17:34:36.598+0000] {processor.py:161} INFO - Started process (PID=2453) to work on /home/airflow/.local/lib/python3.8/site-packages/airflow/example_dags/example_setup_teardown_taskflow.py
[2024-04-29T17:34:36.599+0000] {processor.py:830} INFO - Processing file /home/airflow/.local/lib/python3.8/site-packages/airflow/example_dags/example_setup_teardown_taskflow.py for tasks to queue
[2024-04-29T17:34:36.600+0000] {logging_mixin.py:188} INFO - [2024-04-29T17:34:36.599+0000] {dagbag.py:540} INFO - Filling up the DagBag from /home/airflow/.local/lib/python3.8/site-packages/airflow/example_dags/example_setup_teardown_taskflow.py
[2024-04-29T17:34:36.608+0000] {processor.py:840} INFO - DAG(s) 'example_setup_teardown_taskflow' retrieved from /home/airflow/.local/lib/python3.8/site-packages/airflow/example_dags/example_setup_teardown_taskflow.py
[2024-04-29T17:34:36.626+0000] {logging_mixin.py:188} INFO - [2024-04-29T17:34:36.625+0000] {dag.py:3047} INFO - Sync 1 DAGs
[2024-04-29T17:34:36.643+0000] {logging_mixin.py:188} INFO - [2024-04-29T17:34:36.643+0000] {dag.py:3834} INFO - Setting next_dagrun for example_setup_teardown_taskflow to 2024-04-28 00:00:00+00:00, run_after=2024-04-29 00:00:00+00:00
[2024-04-29T17:34:36.663+0000] {processor.py:183} INFO - Processing /home/airflow/.local/lib/python3.8/site-packages/airflow/example_dags/example_setup_teardown_taskflow.py took 0.068 seconds
[2024-04-29T17:35:07.016+0000] {processor.py:161} INFO - Started process (PID=2700) to work on /home/airflow/.local/lib/python3.8/site-packages/airflow/example_dags/example_setup_teardown_taskflow.py
[2024-04-29T17:35:07.017+0000] {processor.py:830} INFO - Processing file /home/airflow/.local/lib/python3.8/site-packages/airflow/example_dags/example_setup_teardown_taskflow.py for tasks to queue
[2024-04-29T17:35:07.017+0000] {logging_mixin.py:188} INFO - [2024-04-29T17:35:07.017+0000] {dagbag.py:540} INFO - Filling up the DagBag from /home/airflow/.local/lib/python3.8/site-packages/airflow/example_dags/example_setup_teardown_taskflow.py
[2024-04-29T17:35:07.025+0000] {processor.py:840} INFO - DAG(s) 'example_setup_teardown_taskflow' retrieved from /home/airflow/.local/lib/python3.8/site-packages/airflow/example_dags/example_setup_teardown_taskflow.py
[2024-04-29T17:35:07.043+0000] {logging_mixin.py:188} INFO - [2024-04-29T17:35:07.042+0000] {dag.py:3047} INFO - Sync 1 DAGs
[2024-04-29T17:35:07.061+0000] {logging_mixin.py:188} INFO - [2024-04-29T17:35:07.061+0000] {dag.py:3834} INFO - Setting next_dagrun for example_setup_teardown_taskflow to 2024-04-28 00:00:00+00:00, run_after=2024-04-29 00:00:00+00:00
[2024-04-29T17:35:07.083+0000] {processor.py:183} INFO - Processing /home/airflow/.local/lib/python3.8/site-packages/airflow/example_dags/example_setup_teardown_taskflow.py took 0.070 seconds
[2024-04-29T17:35:37.934+0000] {processor.py:161} INFO - Started process (PID=2945) to work on /home/airflow/.local/lib/python3.8/site-packages/airflow/example_dags/example_setup_teardown_taskflow.py
[2024-04-29T17:35:37.939+0000] {processor.py:830} INFO - Processing file /home/airflow/.local/lib/python3.8/site-packages/airflow/example_dags/example_setup_teardown_taskflow.py for tasks to queue
[2024-04-29T17:35:37.940+0000] {logging_mixin.py:188} INFO - [2024-04-29T17:35:37.940+0000] {dagbag.py:540} INFO - Filling up the DagBag from /home/airflow/.local/lib/python3.8/site-packages/airflow/example_dags/example_setup_teardown_taskflow.py
[2024-04-29T17:35:37.952+0000] {processor.py:840} INFO - DAG(s) 'example_setup_teardown_taskflow' retrieved from /home/airflow/.local/lib/python3.8/site-packages/airflow/example_dags/example_setup_teardown_taskflow.py
[2024-04-29T17:35:37.984+0000] {logging_mixin.py:188} INFO - [2024-04-29T17:35:37.984+0000] {dag.py:3047} INFO - Sync 1 DAGs
[2024-04-29T17:35:38.023+0000] {logging_mixin.py:188} INFO - [2024-04-29T17:35:38.023+0000] {dag.py:3834} INFO - Setting next_dagrun for example_setup_teardown_taskflow to 2024-04-28 00:00:00+00:00, run_after=2024-04-29 00:00:00+00:00
[2024-04-29T17:35:38.049+0000] {processor.py:183} INFO - Processing /home/airflow/.local/lib/python3.8/site-packages/airflow/example_dags/example_setup_teardown_taskflow.py took 0.126 seconds
[2024-04-29T17:36:08.570+0000] {processor.py:161} INFO - Started process (PID=3196) to work on /home/airflow/.local/lib/python3.8/site-packages/airflow/example_dags/example_setup_teardown_taskflow.py
[2024-04-29T17:36:08.570+0000] {processor.py:830} INFO - Processing file /home/airflow/.local/lib/python3.8/site-packages/airflow/example_dags/example_setup_teardown_taskflow.py for tasks to queue
[2024-04-29T17:36:08.571+0000] {logging_mixin.py:188} INFO - [2024-04-29T17:36:08.571+0000] {dagbag.py:540} INFO - Filling up the DagBag from /home/airflow/.local/lib/python3.8/site-packages/airflow/example_dags/example_setup_teardown_taskflow.py
[2024-04-29T17:36:08.582+0000] {processor.py:840} INFO - DAG(s) 'example_setup_teardown_taskflow' retrieved from /home/airflow/.local/lib/python3.8/site-packages/airflow/example_dags/example_setup_teardown_taskflow.py
[2024-04-29T17:36:08.610+0000] {logging_mixin.py:188} INFO - [2024-04-29T17:36:08.609+0000] {dag.py:3047} INFO - Sync 1 DAGs
[2024-04-29T17:36:08.637+0000] {logging_mixin.py:188} INFO - [2024-04-29T17:36:08.636+0000] {dag.py:3834} INFO - Setting next_dagrun for example_setup_teardown_taskflow to 2024-04-28 00:00:00+00:00, run_after=2024-04-29 00:00:00+00:00
[2024-04-29T17:36:08.661+0000] {processor.py:183} INFO - Processing /home/airflow/.local/lib/python3.8/site-packages/airflow/example_dags/example_setup_teardown_taskflow.py took 0.095 seconds
[2024-04-29T17:36:38.937+0000] {processor.py:161} INFO - Started process (PID=3444) to work on /home/airflow/.local/lib/python3.8/site-packages/airflow/example_dags/example_setup_teardown_taskflow.py
[2024-04-29T17:36:38.938+0000] {processor.py:830} INFO - Processing file /home/airflow/.local/lib/python3.8/site-packages/airflow/example_dags/example_setup_teardown_taskflow.py for tasks to queue
[2024-04-29T17:36:38.939+0000] {logging_mixin.py:188} INFO - [2024-04-29T17:36:38.938+0000] {dagbag.py:540} INFO - Filling up the DagBag from /home/airflow/.local/lib/python3.8/site-packages/airflow/example_dags/example_setup_teardown_taskflow.py
[2024-04-29T17:36:38.947+0000] {processor.py:840} INFO - DAG(s) 'example_setup_teardown_taskflow' retrieved from /home/airflow/.local/lib/python3.8/site-packages/airflow/example_dags/example_setup_teardown_taskflow.py
[2024-04-29T17:36:38.966+0000] {logging_mixin.py:188} INFO - [2024-04-29T17:36:38.966+0000] {dag.py:3047} INFO - Sync 1 DAGs
[2024-04-29T17:36:38.984+0000] {logging_mixin.py:188} INFO - [2024-04-29T17:36:38.984+0000] {dag.py:3834} INFO - Setting next_dagrun for example_setup_teardown_taskflow to 2024-04-28 00:00:00+00:00, run_after=2024-04-29 00:00:00+00:00
[2024-04-29T17:36:39.005+0000] {processor.py:183} INFO - Processing /home/airflow/.local/lib/python3.8/site-packages/airflow/example_dags/example_setup_teardown_taskflow.py took 0.071 seconds
[2024-04-29T17:37:10.624+0000] {processor.py:161} INFO - Started process (PID=3727) to work on /home/airflow/.local/lib/python3.8/site-packages/airflow/example_dags/example_setup_teardown_taskflow.py
[2024-04-29T17:37:10.639+0000] {processor.py:830} INFO - Processing file /home/airflow/.local/lib/python3.8/site-packages/airflow/example_dags/example_setup_teardown_taskflow.py for tasks to queue
[2024-04-29T17:37:10.644+0000] {logging_mixin.py:188} INFO - [2024-04-29T17:37:10.641+0000] {dagbag.py:540} INFO - Filling up the DagBag from /home/airflow/.local/lib/python3.8/site-packages/airflow/example_dags/example_setup_teardown_taskflow.py
[2024-04-29T17:37:10.702+0000] {processor.py:840} INFO - DAG(s) 'example_setup_teardown_taskflow' retrieved from /home/airflow/.local/lib/python3.8/site-packages/airflow/example_dags/example_setup_teardown_taskflow.py
[2024-04-29T17:37:10.769+0000] {logging_mixin.py:188} INFO - [2024-04-29T17:37:10.768+0000] {dag.py:3047} INFO - Sync 1 DAGs
[2024-04-29T17:37:10.850+0000] {logging_mixin.py:188} INFO - [2024-04-29T17:37:10.831+0000] {dag.py:3834} INFO - Setting next_dagrun for example_setup_teardown_taskflow to 2024-04-28 00:00:00+00:00, run_after=2024-04-29 00:00:00+00:00
[2024-04-29T17:37:10.915+0000] {processor.py:183} INFO - Processing /home/airflow/.local/lib/python3.8/site-packages/airflow/example_dags/example_setup_teardown_taskflow.py took 0.323 seconds
[2024-04-29T17:37:41.623+0000] {processor.py:161} INFO - Started process (PID=4074) to work on /home/airflow/.local/lib/python3.8/site-packages/airflow/example_dags/example_setup_teardown_taskflow.py
[2024-04-29T17:37:41.624+0000] {processor.py:830} INFO - Processing file /home/airflow/.local/lib/python3.8/site-packages/airflow/example_dags/example_setup_teardown_taskflow.py for tasks to queue
[2024-04-29T17:37:41.625+0000] {logging_mixin.py:188} INFO - [2024-04-29T17:37:41.625+0000] {dagbag.py:540} INFO - Filling up the DagBag from /home/airflow/.local/lib/python3.8/site-packages/airflow/example_dags/example_setup_teardown_taskflow.py
[2024-04-29T17:37:41.650+0000] {processor.py:840} INFO - DAG(s) 'example_setup_teardown_taskflow' retrieved from /home/airflow/.local/lib/python3.8/site-packages/airflow/example_dags/example_setup_teardown_taskflow.py
[2024-04-29T17:37:41.677+0000] {logging_mixin.py:188} INFO - [2024-04-29T17:37:41.677+0000] {dag.py:3047} INFO - Sync 1 DAGs
[2024-04-29T17:37:41.711+0000] {logging_mixin.py:188} INFO - [2024-04-29T17:37:41.711+0000] {dag.py:3834} INFO - Setting next_dagrun for example_setup_teardown_taskflow to 2024-04-28 00:00:00+00:00, run_after=2024-04-29 00:00:00+00:00
[2024-04-29T17:37:41.746+0000] {processor.py:183} INFO - Processing /home/airflow/.local/lib/python3.8/site-packages/airflow/example_dags/example_setup_teardown_taskflow.py took 0.127 seconds
[2024-04-29T17:38:12.775+0000] {processor.py:161} INFO - Started process (PID=4332) to work on /home/airflow/.local/lib/python3.8/site-packages/airflow/example_dags/example_setup_teardown_taskflow.py
[2024-04-29T17:38:12.776+0000] {processor.py:830} INFO - Processing file /home/airflow/.local/lib/python3.8/site-packages/airflow/example_dags/example_setup_teardown_taskflow.py for tasks to queue
[2024-04-29T17:38:12.777+0000] {logging_mixin.py:188} INFO - [2024-04-29T17:38:12.777+0000] {dagbag.py:540} INFO - Filling up the DagBag from /home/airflow/.local/lib/python3.8/site-packages/airflow/example_dags/example_setup_teardown_taskflow.py
[2024-04-29T17:38:12.789+0000] {processor.py:840} INFO - DAG(s) 'example_setup_teardown_taskflow' retrieved from /home/airflow/.local/lib/python3.8/site-packages/airflow/example_dags/example_setup_teardown_taskflow.py
[2024-04-29T17:38:12.840+0000] {logging_mixin.py:188} INFO - [2024-04-29T17:38:12.840+0000] {dag.py:3047} INFO - Sync 1 DAGs
[2024-04-29T17:38:12.867+0000] {logging_mixin.py:188} INFO - [2024-04-29T17:38:12.866+0000] {dag.py:3834} INFO - Setting next_dagrun for example_setup_teardown_taskflow to 2024-04-28 00:00:00+00:00, run_after=2024-04-29 00:00:00+00:00
[2024-04-29T17:38:12.897+0000] {processor.py:183} INFO - Processing /home/airflow/.local/lib/python3.8/site-packages/airflow/example_dags/example_setup_teardown_taskflow.py took 0.125 seconds
[2024-04-29T17:38:43.220+0000] {processor.py:161} INFO - Started process (PID=4580) to work on /home/airflow/.local/lib/python3.8/site-packages/airflow/example_dags/example_setup_teardown_taskflow.py
[2024-04-29T17:38:43.221+0000] {processor.py:830} INFO - Processing file /home/airflow/.local/lib/python3.8/site-packages/airflow/example_dags/example_setup_teardown_taskflow.py for tasks to queue
[2024-04-29T17:38:43.222+0000] {logging_mixin.py:188} INFO - [2024-04-29T17:38:43.222+0000] {dagbag.py:540} INFO - Filling up the DagBag from /home/airflow/.local/lib/python3.8/site-packages/airflow/example_dags/example_setup_teardown_taskflow.py
[2024-04-29T17:38:43.234+0000] {processor.py:840} INFO - DAG(s) 'example_setup_teardown_taskflow' retrieved from /home/airflow/.local/lib/python3.8/site-packages/airflow/example_dags/example_setup_teardown_taskflow.py
[2024-04-29T17:38:43.260+0000] {logging_mixin.py:188} INFO - [2024-04-29T17:38:43.260+0000] {dag.py:3047} INFO - Sync 1 DAGs
[2024-04-29T17:38:43.286+0000] {logging_mixin.py:188} INFO - [2024-04-29T17:38:43.286+0000] {dag.py:3834} INFO - Setting next_dagrun for example_setup_teardown_taskflow to 2024-04-28 00:00:00+00:00, run_after=2024-04-29 00:00:00+00:00
[2024-04-29T17:38:43.311+0000] {processor.py:183} INFO - Processing /home/airflow/.local/lib/python3.8/site-packages/airflow/example_dags/example_setup_teardown_taskflow.py took 0.094 seconds
[2024-04-29T17:39:13.825+0000] {processor.py:161} INFO - Started process (PID=4827) to work on /home/airflow/.local/lib/python3.8/site-packages/airflow/example_dags/example_setup_teardown_taskflow.py
[2024-04-29T17:39:13.829+0000] {processor.py:830} INFO - Processing file /home/airflow/.local/lib/python3.8/site-packages/airflow/example_dags/example_setup_teardown_taskflow.py for tasks to queue
[2024-04-29T17:39:13.831+0000] {logging_mixin.py:188} INFO - [2024-04-29T17:39:13.830+0000] {dagbag.py:540} INFO - Filling up the DagBag from /home/airflow/.local/lib/python3.8/site-packages/airflow/example_dags/example_setup_teardown_taskflow.py
[2024-04-29T17:39:13.845+0000] {processor.py:840} INFO - DAG(s) 'example_setup_teardown_taskflow' retrieved from /home/airflow/.local/lib/python3.8/site-packages/airflow/example_dags/example_setup_teardown_taskflow.py
[2024-04-29T17:39:13.869+0000] {logging_mixin.py:188} INFO - [2024-04-29T17:39:13.869+0000] {dag.py:3047} INFO - Sync 1 DAGs
[2024-04-29T17:39:13.893+0000] {logging_mixin.py:188} INFO - [2024-04-29T17:39:13.893+0000] {dag.py:3834} INFO - Setting next_dagrun for example_setup_teardown_taskflow to 2024-04-28 00:00:00+00:00, run_after=2024-04-29 00:00:00+00:00
[2024-04-29T17:39:13.917+0000] {processor.py:183} INFO - Processing /home/airflow/.local/lib/python3.8/site-packages/airflow/example_dags/example_setup_teardown_taskflow.py took 0.100 seconds
[2024-04-29T17:39:44.200+0000] {processor.py:161} INFO - Started process (PID=5074) to work on /home/airflow/.local/lib/python3.8/site-packages/airflow/example_dags/example_setup_teardown_taskflow.py
[2024-04-29T17:39:44.201+0000] {processor.py:830} INFO - Processing file /home/airflow/.local/lib/python3.8/site-packages/airflow/example_dags/example_setup_teardown_taskflow.py for tasks to queue
[2024-04-29T17:39:44.202+0000] {logging_mixin.py:188} INFO - [2024-04-29T17:39:44.202+0000] {dagbag.py:540} INFO - Filling up the DagBag from /home/airflow/.local/lib/python3.8/site-packages/airflow/example_dags/example_setup_teardown_taskflow.py
[2024-04-29T17:39:44.218+0000] {processor.py:840} INFO - DAG(s) 'example_setup_teardown_taskflow' retrieved from /home/airflow/.local/lib/python3.8/site-packages/airflow/example_dags/example_setup_teardown_taskflow.py
[2024-04-29T17:39:44.263+0000] {logging_mixin.py:188} INFO - [2024-04-29T17:39:44.263+0000] {dag.py:3047} INFO - Sync 1 DAGs
[2024-04-29T17:39:44.315+0000] {logging_mixin.py:188} INFO - [2024-04-29T17:39:44.315+0000] {dag.py:3834} INFO - Setting next_dagrun for example_setup_teardown_taskflow to 2024-04-28 00:00:00+00:00, run_after=2024-04-29 00:00:00+00:00
[2024-04-29T17:39:44.347+0000] {processor.py:183} INFO - Processing /home/airflow/.local/lib/python3.8/site-packages/airflow/example_dags/example_setup_teardown_taskflow.py took 0.152 seconds
[2024-04-29T17:40:15.172+0000] {processor.py:161} INFO - Started process (PID=5326) to work on /home/airflow/.local/lib/python3.8/site-packages/airflow/example_dags/example_setup_teardown_taskflow.py
[2024-04-29T17:40:15.174+0000] {processor.py:830} INFO - Processing file /home/airflow/.local/lib/python3.8/site-packages/airflow/example_dags/example_setup_teardown_taskflow.py for tasks to queue
[2024-04-29T17:40:15.175+0000] {logging_mixin.py:188} INFO - [2024-04-29T17:40:15.174+0000] {dagbag.py:540} INFO - Filling up the DagBag from /home/airflow/.local/lib/python3.8/site-packages/airflow/example_dags/example_setup_teardown_taskflow.py
[2024-04-29T17:40:15.187+0000] {processor.py:840} INFO - DAG(s) 'example_setup_teardown_taskflow' retrieved from /home/airflow/.local/lib/python3.8/site-packages/airflow/example_dags/example_setup_teardown_taskflow.py
[2024-04-29T17:40:15.212+0000] {logging_mixin.py:188} INFO - [2024-04-29T17:40:15.212+0000] {dag.py:3047} INFO - Sync 1 DAGs
[2024-04-29T17:40:15.236+0000] {logging_mixin.py:188} INFO - [2024-04-29T17:40:15.236+0000] {dag.py:3834} INFO - Setting next_dagrun for example_setup_teardown_taskflow to 2024-04-28 00:00:00+00:00, run_after=2024-04-29 00:00:00+00:00
[2024-04-29T17:40:15.259+0000] {processor.py:183} INFO - Processing /home/airflow/.local/lib/python3.8/site-packages/airflow/example_dags/example_setup_teardown_taskflow.py took 0.091 seconds
[2024-04-29T17:40:45.505+0000] {processor.py:161} INFO - Started process (PID=5573) to work on /home/airflow/.local/lib/python3.8/site-packages/airflow/example_dags/example_setup_teardown_taskflow.py
[2024-04-29T17:40:45.506+0000] {processor.py:830} INFO - Processing file /home/airflow/.local/lib/python3.8/site-packages/airflow/example_dags/example_setup_teardown_taskflow.py for tasks to queue
[2024-04-29T17:40:45.507+0000] {logging_mixin.py:188} INFO - [2024-04-29T17:40:45.507+0000] {dagbag.py:540} INFO - Filling up the DagBag from /home/airflow/.local/lib/python3.8/site-packages/airflow/example_dags/example_setup_teardown_taskflow.py
[2024-04-29T17:40:45.520+0000] {processor.py:840} INFO - DAG(s) 'example_setup_teardown_taskflow' retrieved from /home/airflow/.local/lib/python3.8/site-packages/airflow/example_dags/example_setup_teardown_taskflow.py
[2024-04-29T17:40:45.548+0000] {logging_mixin.py:188} INFO - [2024-04-29T17:40:45.548+0000] {dag.py:3047} INFO - Sync 1 DAGs
[2024-04-29T17:40:45.576+0000] {logging_mixin.py:188} INFO - [2024-04-29T17:40:45.576+0000] {dag.py:3834} INFO - Setting next_dagrun for example_setup_teardown_taskflow to 2024-04-28 00:00:00+00:00, run_after=2024-04-29 00:00:00+00:00
[2024-04-29T17:40:45.606+0000] {processor.py:183} INFO - Processing /home/airflow/.local/lib/python3.8/site-packages/airflow/example_dags/example_setup_teardown_taskflow.py took 0.104 seconds
[2024-04-29T17:41:15.719+0000] {processor.py:161} INFO - Started process (PID=5820) to work on /home/airflow/.local/lib/python3.8/site-packages/airflow/example_dags/example_setup_teardown_taskflow.py
[2024-04-29T17:41:15.720+0000] {processor.py:830} INFO - Processing file /home/airflow/.local/lib/python3.8/site-packages/airflow/example_dags/example_setup_teardown_taskflow.py for tasks to queue
[2024-04-29T17:41:15.722+0000] {logging_mixin.py:188} INFO - [2024-04-29T17:41:15.721+0000] {dagbag.py:540} INFO - Filling up the DagBag from /home/airflow/.local/lib/python3.8/site-packages/airflow/example_dags/example_setup_teardown_taskflow.py
[2024-04-29T17:41:15.735+0000] {processor.py:840} INFO - DAG(s) 'example_setup_teardown_taskflow' retrieved from /home/airflow/.local/lib/python3.8/site-packages/airflow/example_dags/example_setup_teardown_taskflow.py
[2024-04-29T17:41:15.761+0000] {logging_mixin.py:188} INFO - [2024-04-29T17:41:15.761+0000] {dag.py:3047} INFO - Sync 1 DAGs
[2024-04-29T17:41:15.788+0000] {logging_mixin.py:188} INFO - [2024-04-29T17:41:15.788+0000] {dag.py:3834} INFO - Setting next_dagrun for example_setup_teardown_taskflow to 2024-04-28 00:00:00+00:00, run_after=2024-04-29 00:00:00+00:00
[2024-04-29T17:41:15.816+0000] {processor.py:183} INFO - Processing /home/airflow/.local/lib/python3.8/site-packages/airflow/example_dags/example_setup_teardown_taskflow.py took 0.100 seconds
[2024-04-29T17:41:45.986+0000] {processor.py:161} INFO - Started process (PID=6067) to work on /home/airflow/.local/lib/python3.8/site-packages/airflow/example_dags/example_setup_teardown_taskflow.py
[2024-04-29T17:41:45.987+0000] {processor.py:830} INFO - Processing file /home/airflow/.local/lib/python3.8/site-packages/airflow/example_dags/example_setup_teardown_taskflow.py for tasks to queue
[2024-04-29T17:41:45.989+0000] {logging_mixin.py:188} INFO - [2024-04-29T17:41:45.988+0000] {dagbag.py:540} INFO - Filling up the DagBag from /home/airflow/.local/lib/python3.8/site-packages/airflow/example_dags/example_setup_teardown_taskflow.py
[2024-04-29T17:41:46.000+0000] {processor.py:840} INFO - DAG(s) 'example_setup_teardown_taskflow' retrieved from /home/airflow/.local/lib/python3.8/site-packages/airflow/example_dags/example_setup_teardown_taskflow.py
[2024-04-29T17:41:46.028+0000] {logging_mixin.py:188} INFO - [2024-04-29T17:41:46.028+0000] {dag.py:3047} INFO - Sync 1 DAGs
[2024-04-29T17:41:46.053+0000] {logging_mixin.py:188} INFO - [2024-04-29T17:41:46.052+0000] {dag.py:3834} INFO - Setting next_dagrun for example_setup_teardown_taskflow to 2024-04-28 00:00:00+00:00, run_after=2024-04-29 00:00:00+00:00
[2024-04-29T17:41:46.077+0000] {processor.py:183} INFO - Processing /home/airflow/.local/lib/python3.8/site-packages/airflow/example_dags/example_setup_teardown_taskflow.py took 0.094 seconds
[2024-04-29T17:42:16.336+0000] {processor.py:161} INFO - Started process (PID=6314) to work on /home/airflow/.local/lib/python3.8/site-packages/airflow/example_dags/example_setup_teardown_taskflow.py
[2024-04-29T17:42:16.337+0000] {processor.py:830} INFO - Processing file /home/airflow/.local/lib/python3.8/site-packages/airflow/example_dags/example_setup_teardown_taskflow.py for tasks to queue
[2024-04-29T17:42:16.338+0000] {logging_mixin.py:188} INFO - [2024-04-29T17:42:16.338+0000] {dagbag.py:540} INFO - Filling up the DagBag from /home/airflow/.local/lib/python3.8/site-packages/airflow/example_dags/example_setup_teardown_taskflow.py
[2024-04-29T17:42:16.351+0000] {processor.py:840} INFO - DAG(s) 'example_setup_teardown_taskflow' retrieved from /home/airflow/.local/lib/python3.8/site-packages/airflow/example_dags/example_setup_teardown_taskflow.py
[2024-04-29T17:42:16.376+0000] {logging_mixin.py:188} INFO - [2024-04-29T17:42:16.376+0000] {dag.py:3047} INFO - Sync 1 DAGs
[2024-04-29T17:42:16.400+0000] {logging_mixin.py:188} INFO - [2024-04-29T17:42:16.399+0000] {dag.py:3834} INFO - Setting next_dagrun for example_setup_teardown_taskflow to 2024-04-28 00:00:00+00:00, run_after=2024-04-29 00:00:00+00:00
[2024-04-29T17:42:16.424+0000] {processor.py:183} INFO - Processing /home/airflow/.local/lib/python3.8/site-packages/airflow/example_dags/example_setup_teardown_taskflow.py took 0.092 seconds
[2024-04-29T17:42:46.824+0000] {processor.py:161} INFO - Started process (PID=6561) to work on /home/airflow/.local/lib/python3.8/site-packages/airflow/example_dags/example_setup_teardown_taskflow.py
[2024-04-29T17:42:46.824+0000] {processor.py:830} INFO - Processing file /home/airflow/.local/lib/python3.8/site-packages/airflow/example_dags/example_setup_teardown_taskflow.py for tasks to queue
[2024-04-29T17:42:46.825+0000] {logging_mixin.py:188} INFO - [2024-04-29T17:42:46.825+0000] {dagbag.py:540} INFO - Filling up the DagBag from /home/airflow/.local/lib/python3.8/site-packages/airflow/example_dags/example_setup_teardown_taskflow.py
[2024-04-29T17:42:46.837+0000] {processor.py:840} INFO - DAG(s) 'example_setup_teardown_taskflow' retrieved from /home/airflow/.local/lib/python3.8/site-packages/airflow/example_dags/example_setup_teardown_taskflow.py
[2024-04-29T17:42:46.863+0000] {logging_mixin.py:188} INFO - [2024-04-29T17:42:46.863+0000] {dag.py:3047} INFO - Sync 1 DAGs
[2024-04-29T17:42:46.890+0000] {logging_mixin.py:188} INFO - [2024-04-29T17:42:46.890+0000] {dag.py:3834} INFO - Setting next_dagrun for example_setup_teardown_taskflow to 2024-04-28 00:00:00+00:00, run_after=2024-04-29 00:00:00+00:00
[2024-04-29T17:42:46.916+0000] {processor.py:183} INFO - Processing /home/airflow/.local/lib/python3.8/site-packages/airflow/example_dags/example_setup_teardown_taskflow.py took 0.095 seconds
[2024-04-29T17:43:16.965+0000] {processor.py:161} INFO - Started process (PID=6808) to work on /home/airflow/.local/lib/python3.8/site-packages/airflow/example_dags/example_setup_teardown_taskflow.py
[2024-04-29T17:43:16.966+0000] {processor.py:830} INFO - Processing file /home/airflow/.local/lib/python3.8/site-packages/airflow/example_dags/example_setup_teardown_taskflow.py for tasks to queue
[2024-04-29T17:43:16.967+0000] {logging_mixin.py:188} INFO - [2024-04-29T17:43:16.967+0000] {dagbag.py:540} INFO - Filling up the DagBag from /home/airflow/.local/lib/python3.8/site-packages/airflow/example_dags/example_setup_teardown_taskflow.py
[2024-04-29T17:43:16.977+0000] {processor.py:840} INFO - DAG(s) 'example_setup_teardown_taskflow' retrieved from /home/airflow/.local/lib/python3.8/site-packages/airflow/example_dags/example_setup_teardown_taskflow.py
[2024-04-29T17:43:17.004+0000] {logging_mixin.py:188} INFO - [2024-04-29T17:43:17.003+0000] {dag.py:3047} INFO - Sync 1 DAGs
[2024-04-29T17:43:17.030+0000] {logging_mixin.py:188} INFO - [2024-04-29T17:43:17.030+0000] {dag.py:3834} INFO - Setting next_dagrun for example_setup_teardown_taskflow to 2024-04-28 00:00:00+00:00, run_after=2024-04-29 00:00:00+00:00
[2024-04-29T17:43:17.055+0000] {processor.py:183} INFO - Processing /home/airflow/.local/lib/python3.8/site-packages/airflow/example_dags/example_setup_teardown_taskflow.py took 0.093 seconds
[2024-04-29T17:43:47.284+0000] {processor.py:161} INFO - Started process (PID=7055) to work on /home/airflow/.local/lib/python3.8/site-packages/airflow/example_dags/example_setup_teardown_taskflow.py
[2024-04-29T17:43:47.285+0000] {processor.py:830} INFO - Processing file /home/airflow/.local/lib/python3.8/site-packages/airflow/example_dags/example_setup_teardown_taskflow.py for tasks to queue
[2024-04-29T17:43:47.286+0000] {logging_mixin.py:188} INFO - [2024-04-29T17:43:47.285+0000] {dagbag.py:540} INFO - Filling up the DagBag from /home/airflow/.local/lib/python3.8/site-packages/airflow/example_dags/example_setup_teardown_taskflow.py
[2024-04-29T17:43:47.297+0000] {processor.py:840} INFO - DAG(s) 'example_setup_teardown_taskflow' retrieved from /home/airflow/.local/lib/python3.8/site-packages/airflow/example_dags/example_setup_teardown_taskflow.py
[2024-04-29T17:43:47.325+0000] {logging_mixin.py:188} INFO - [2024-04-29T17:43:47.324+0000] {dag.py:3047} INFO - Sync 1 DAGs
[2024-04-29T17:43:47.350+0000] {logging_mixin.py:188} INFO - [2024-04-29T17:43:47.350+0000] {dag.py:3834} INFO - Setting next_dagrun for example_setup_teardown_taskflow to 2024-04-28 00:00:00+00:00, run_after=2024-04-29 00:00:00+00:00
[2024-04-29T17:43:47.374+0000] {processor.py:183} INFO - Processing /home/airflow/.local/lib/python3.8/site-packages/airflow/example_dags/example_setup_teardown_taskflow.py took 0.094 seconds
[2024-04-29T17:44:17.541+0000] {processor.py:161} INFO - Started process (PID=7302) to work on /home/airflow/.local/lib/python3.8/site-packages/airflow/example_dags/example_setup_teardown_taskflow.py
[2024-04-29T17:44:17.542+0000] {processor.py:830} INFO - Processing file /home/airflow/.local/lib/python3.8/site-packages/airflow/example_dags/example_setup_teardown_taskflow.py for tasks to queue
[2024-04-29T17:44:17.543+0000] {logging_mixin.py:188} INFO - [2024-04-29T17:44:17.543+0000] {dagbag.py:540} INFO - Filling up the DagBag from /home/airflow/.local/lib/python3.8/site-packages/airflow/example_dags/example_setup_teardown_taskflow.py
[2024-04-29T17:44:17.555+0000] {processor.py:840} INFO - DAG(s) 'example_setup_teardown_taskflow' retrieved from /home/airflow/.local/lib/python3.8/site-packages/airflow/example_dags/example_setup_teardown_taskflow.py
[2024-04-29T17:44:17.596+0000] {logging_mixin.py:188} INFO - [2024-04-29T17:44:17.595+0000] {dag.py:3047} INFO - Sync 1 DAGs
[2024-04-29T17:44:17.624+0000] {logging_mixin.py:188} INFO - [2024-04-29T17:44:17.624+0000] {dag.py:3834} INFO - Setting next_dagrun for example_setup_teardown_taskflow to 2024-04-28 00:00:00+00:00, run_after=2024-04-29 00:00:00+00:00
[2024-04-29T17:44:17.652+0000] {processor.py:183} INFO - Processing /home/airflow/.local/lib/python3.8/site-packages/airflow/example_dags/example_setup_teardown_taskflow.py took 0.114 seconds
[2024-04-29T17:44:47.923+0000] {processor.py:161} INFO - Started process (PID=7549) to work on /home/airflow/.local/lib/python3.8/site-packages/airflow/example_dags/example_setup_teardown_taskflow.py
[2024-04-29T17:44:47.924+0000] {processor.py:830} INFO - Processing file /home/airflow/.local/lib/python3.8/site-packages/airflow/example_dags/example_setup_teardown_taskflow.py for tasks to queue
[2024-04-29T17:44:47.925+0000] {logging_mixin.py:188} INFO - [2024-04-29T17:44:47.925+0000] {dagbag.py:540} INFO - Filling up the DagBag from /home/airflow/.local/lib/python3.8/site-packages/airflow/example_dags/example_setup_teardown_taskflow.py
[2024-04-29T17:44:47.937+0000] {processor.py:840} INFO - DAG(s) 'example_setup_teardown_taskflow' retrieved from /home/airflow/.local/lib/python3.8/site-packages/airflow/example_dags/example_setup_teardown_taskflow.py
[2024-04-29T17:44:47.963+0000] {logging_mixin.py:188} INFO - [2024-04-29T17:44:47.962+0000] {dag.py:3047} INFO - Sync 1 DAGs
[2024-04-29T17:44:47.989+0000] {logging_mixin.py:188} INFO - [2024-04-29T17:44:47.989+0000] {dag.py:3834} INFO - Setting next_dagrun for example_setup_teardown_taskflow to 2024-04-28 00:00:00+00:00, run_after=2024-04-29 00:00:00+00:00
[2024-04-29T17:44:48.015+0000] {processor.py:183} INFO - Processing /home/airflow/.local/lib/python3.8/site-packages/airflow/example_dags/example_setup_teardown_taskflow.py took 0.095 seconds
[2024-04-29T17:45:18.397+0000] {processor.py:161} INFO - Started process (PID=7797) to work on /home/airflow/.local/lib/python3.8/site-packages/airflow/example_dags/example_setup_teardown_taskflow.py
[2024-04-29T17:45:18.398+0000] {processor.py:830} INFO - Processing file /home/airflow/.local/lib/python3.8/site-packages/airflow/example_dags/example_setup_teardown_taskflow.py for tasks to queue
[2024-04-29T17:45:18.399+0000] {logging_mixin.py:188} INFO - [2024-04-29T17:45:18.398+0000] {dagbag.py:540} INFO - Filling up the DagBag from /home/airflow/.local/lib/python3.8/site-packages/airflow/example_dags/example_setup_teardown_taskflow.py
[2024-04-29T17:45:18.411+0000] {processor.py:840} INFO - DAG(s) 'example_setup_teardown_taskflow' retrieved from /home/airflow/.local/lib/python3.8/site-packages/airflow/example_dags/example_setup_teardown_taskflow.py
[2024-04-29T17:45:18.442+0000] {logging_mixin.py:188} INFO - [2024-04-29T17:45:18.441+0000] {dag.py:3047} INFO - Sync 1 DAGs
[2024-04-29T17:45:18.493+0000] {logging_mixin.py:188} INFO - [2024-04-29T17:45:18.493+0000] {dag.py:3834} INFO - Setting next_dagrun for example_setup_teardown_taskflow to 2024-04-28 00:00:00+00:00, run_after=2024-04-29 00:00:00+00:00
[2024-04-29T17:45:18.532+0000] {processor.py:183} INFO - Processing /home/airflow/.local/lib/python3.8/site-packages/airflow/example_dags/example_setup_teardown_taskflow.py took 0.138 seconds
[2024-04-29T17:45:48.872+0000] {processor.py:161} INFO - Started process (PID=8045) to work on /home/airflow/.local/lib/python3.8/site-packages/airflow/example_dags/example_setup_teardown_taskflow.py
[2024-04-29T17:45:48.873+0000] {processor.py:830} INFO - Processing file /home/airflow/.local/lib/python3.8/site-packages/airflow/example_dags/example_setup_teardown_taskflow.py for tasks to queue
[2024-04-29T17:45:48.874+0000] {logging_mixin.py:188} INFO - [2024-04-29T17:45:48.874+0000] {dagbag.py:540} INFO - Filling up the DagBag from /home/airflow/.local/lib/python3.8/site-packages/airflow/example_dags/example_setup_teardown_taskflow.py
[2024-04-29T17:45:48.887+0000] {processor.py:840} INFO - DAG(s) 'example_setup_teardown_taskflow' retrieved from /home/airflow/.local/lib/python3.8/site-packages/airflow/example_dags/example_setup_teardown_taskflow.py
[2024-04-29T17:45:48.916+0000] {logging_mixin.py:188} INFO - [2024-04-29T17:45:48.916+0000] {dag.py:3047} INFO - Sync 1 DAGs
[2024-04-29T17:45:48.943+0000] {logging_mixin.py:188} INFO - [2024-04-29T17:45:48.943+0000] {dag.py:3834} INFO - Setting next_dagrun for example_setup_teardown_taskflow to 2024-04-28 00:00:00+00:00, run_after=2024-04-29 00:00:00+00:00
[2024-04-29T17:45:49.008+0000] {processor.py:183} INFO - Processing /home/airflow/.local/lib/python3.8/site-packages/airflow/example_dags/example_setup_teardown_taskflow.py took 0.140 seconds
[2024-04-29T17:46:19.047+0000] {processor.py:161} INFO - Started process (PID=8293) to work on /home/airflow/.local/lib/python3.8/site-packages/airflow/example_dags/example_setup_teardown_taskflow.py
[2024-04-29T17:46:19.048+0000] {processor.py:830} INFO - Processing file /home/airflow/.local/lib/python3.8/site-packages/airflow/example_dags/example_setup_teardown_taskflow.py for tasks to queue
[2024-04-29T17:46:19.049+0000] {logging_mixin.py:188} INFO - [2024-04-29T17:46:19.049+0000] {dagbag.py:540} INFO - Filling up the DagBag from /home/airflow/.local/lib/python3.8/site-packages/airflow/example_dags/example_setup_teardown_taskflow.py
[2024-04-29T17:46:19.057+0000] {processor.py:840} INFO - DAG(s) 'example_setup_teardown_taskflow' retrieved from /home/airflow/.local/lib/python3.8/site-packages/airflow/example_dags/example_setup_teardown_taskflow.py
[2024-04-29T17:46:19.074+0000] {logging_mixin.py:188} INFO - [2024-04-29T17:46:19.074+0000] {dag.py:3047} INFO - Sync 1 DAGs
[2024-04-29T17:46:19.091+0000] {logging_mixin.py:188} INFO - [2024-04-29T17:46:19.091+0000] {dag.py:3834} INFO - Setting next_dagrun for example_setup_teardown_taskflow to 2024-04-28 00:00:00+00:00, run_after=2024-04-29 00:00:00+00:00
[2024-04-29T17:46:19.117+0000] {processor.py:183} INFO - Processing /home/airflow/.local/lib/python3.8/site-packages/airflow/example_dags/example_setup_teardown_taskflow.py took 0.072 seconds
[2024-04-29T17:46:49.494+0000] {processor.py:161} INFO - Started process (PID=8540) to work on /home/airflow/.local/lib/python3.8/site-packages/airflow/example_dags/example_setup_teardown_taskflow.py
[2024-04-29T17:46:49.495+0000] {processor.py:830} INFO - Processing file /home/airflow/.local/lib/python3.8/site-packages/airflow/example_dags/example_setup_teardown_taskflow.py for tasks to queue
[2024-04-29T17:46:49.496+0000] {logging_mixin.py:188} INFO - [2024-04-29T17:46:49.496+0000] {dagbag.py:540} INFO - Filling up the DagBag from /home/airflow/.local/lib/python3.8/site-packages/airflow/example_dags/example_setup_teardown_taskflow.py
[2024-04-29T17:46:49.509+0000] {processor.py:840} INFO - DAG(s) 'example_setup_teardown_taskflow' retrieved from /home/airflow/.local/lib/python3.8/site-packages/airflow/example_dags/example_setup_teardown_taskflow.py
[2024-04-29T17:46:49.537+0000] {logging_mixin.py:188} INFO - [2024-04-29T17:46:49.536+0000] {dag.py:3047} INFO - Sync 1 DAGs
[2024-04-29T17:46:49.564+0000] {logging_mixin.py:188} INFO - [2024-04-29T17:46:49.564+0000] {dag.py:3834} INFO - Setting next_dagrun for example_setup_teardown_taskflow to 2024-04-28 00:00:00+00:00, run_after=2024-04-29 00:00:00+00:00
[2024-04-29T17:46:49.590+0000] {processor.py:183} INFO - Processing /home/airflow/.local/lib/python3.8/site-packages/airflow/example_dags/example_setup_teardown_taskflow.py took 0.100 seconds
[2024-04-29T17:47:20.044+0000] {processor.py:161} INFO - Started process (PID=8788) to work on /home/airflow/.local/lib/python3.8/site-packages/airflow/example_dags/example_setup_teardown_taskflow.py
[2024-04-29T17:47:20.045+0000] {processor.py:830} INFO - Processing file /home/airflow/.local/lib/python3.8/site-packages/airflow/example_dags/example_setup_teardown_taskflow.py for tasks to queue
[2024-04-29T17:47:20.047+0000] {logging_mixin.py:188} INFO - [2024-04-29T17:47:20.046+0000] {dagbag.py:540} INFO - Filling up the DagBag from /home/airflow/.local/lib/python3.8/site-packages/airflow/example_dags/example_setup_teardown_taskflow.py
[2024-04-29T17:47:20.068+0000] {processor.py:840} INFO - DAG(s) 'example_setup_teardown_taskflow' retrieved from /home/airflow/.local/lib/python3.8/site-packages/airflow/example_dags/example_setup_teardown_taskflow.py
[2024-04-29T17:47:20.148+0000] {logging_mixin.py:188} INFO - [2024-04-29T17:47:20.148+0000] {dag.py:3047} INFO - Sync 1 DAGs
[2024-04-29T17:47:20.180+0000] {logging_mixin.py:188} INFO - [2024-04-29T17:47:20.179+0000] {dag.py:3834} INFO - Setting next_dagrun for example_setup_teardown_taskflow to 2024-04-28 00:00:00+00:00, run_after=2024-04-29 00:00:00+00:00
[2024-04-29T17:47:20.206+0000] {processor.py:183} INFO - Processing /home/airflow/.local/lib/python3.8/site-packages/airflow/example_dags/example_setup_teardown_taskflow.py took 0.165 seconds
[2024-04-29T17:47:50.433+0000] {processor.py:161} INFO - Started process (PID=9036) to work on /home/airflow/.local/lib/python3.8/site-packages/airflow/example_dags/example_setup_teardown_taskflow.py
[2024-04-29T17:47:50.434+0000] {processor.py:830} INFO - Processing file /home/airflow/.local/lib/python3.8/site-packages/airflow/example_dags/example_setup_teardown_taskflow.py for tasks to queue
[2024-04-29T17:47:50.436+0000] {logging_mixin.py:188} INFO - [2024-04-29T17:47:50.435+0000] {dagbag.py:540} INFO - Filling up the DagBag from /home/airflow/.local/lib/python3.8/site-packages/airflow/example_dags/example_setup_teardown_taskflow.py
[2024-04-29T17:47:50.448+0000] {processor.py:840} INFO - DAG(s) 'example_setup_teardown_taskflow' retrieved from /home/airflow/.local/lib/python3.8/site-packages/airflow/example_dags/example_setup_teardown_taskflow.py
[2024-04-29T17:47:50.487+0000] {logging_mixin.py:188} INFO - [2024-04-29T17:47:50.487+0000] {dag.py:3047} INFO - Sync 1 DAGs
[2024-04-29T17:47:50.515+0000] {logging_mixin.py:188} INFO - [2024-04-29T17:47:50.515+0000] {dag.py:3834} INFO - Setting next_dagrun for example_setup_teardown_taskflow to 2024-04-28 00:00:00+00:00, run_after=2024-04-29 00:00:00+00:00
[2024-04-29T17:47:50.539+0000] {processor.py:183} INFO - Processing /home/airflow/.local/lib/python3.8/site-packages/airflow/example_dags/example_setup_teardown_taskflow.py took 0.111 seconds
[2024-04-29T17:48:20.761+0000] {processor.py:161} INFO - Started process (PID=9283) to work on /home/airflow/.local/lib/python3.8/site-packages/airflow/example_dags/example_setup_teardown_taskflow.py
[2024-04-29T17:48:20.762+0000] {processor.py:830} INFO - Processing file /home/airflow/.local/lib/python3.8/site-packages/airflow/example_dags/example_setup_teardown_taskflow.py for tasks to queue
[2024-04-29T17:48:20.763+0000] {logging_mixin.py:188} INFO - [2024-04-29T17:48:20.763+0000] {dagbag.py:540} INFO - Filling up the DagBag from /home/airflow/.local/lib/python3.8/site-packages/airflow/example_dags/example_setup_teardown_taskflow.py
[2024-04-29T17:48:20.776+0000] {processor.py:840} INFO - DAG(s) 'example_setup_teardown_taskflow' retrieved from /home/airflow/.local/lib/python3.8/site-packages/airflow/example_dags/example_setup_teardown_taskflow.py
[2024-04-29T17:48:20.807+0000] {logging_mixin.py:188} INFO - [2024-04-29T17:48:20.807+0000] {dag.py:3047} INFO - Sync 1 DAGs
[2024-04-29T17:48:20.866+0000] {logging_mixin.py:188} INFO - [2024-04-29T17:48:20.866+0000] {dag.py:3834} INFO - Setting next_dagrun for example_setup_teardown_taskflow to 2024-04-28 00:00:00+00:00, run_after=2024-04-29 00:00:00+00:00
[2024-04-29T17:48:20.930+0000] {processor.py:183} INFO - Processing /home/airflow/.local/lib/python3.8/site-packages/airflow/example_dags/example_setup_teardown_taskflow.py took 0.172 seconds
[2024-04-29T17:48:51.213+0000] {processor.py:161} INFO - Started process (PID=9531) to work on /home/airflow/.local/lib/python3.8/site-packages/airflow/example_dags/example_setup_teardown_taskflow.py
[2024-04-29T17:48:51.214+0000] {processor.py:830} INFO - Processing file /home/airflow/.local/lib/python3.8/site-packages/airflow/example_dags/example_setup_teardown_taskflow.py for tasks to queue
[2024-04-29T17:48:51.215+0000] {logging_mixin.py:188} INFO - [2024-04-29T17:48:51.215+0000] {dagbag.py:540} INFO - Filling up the DagBag from /home/airflow/.local/lib/python3.8/site-packages/airflow/example_dags/example_setup_teardown_taskflow.py
[2024-04-29T17:48:51.226+0000] {processor.py:840} INFO - DAG(s) 'example_setup_teardown_taskflow' retrieved from /home/airflow/.local/lib/python3.8/site-packages/airflow/example_dags/example_setup_teardown_taskflow.py
[2024-04-29T17:48:51.252+0000] {logging_mixin.py:188} INFO - [2024-04-29T17:48:51.251+0000] {dag.py:3047} INFO - Sync 1 DAGs
[2024-04-29T17:48:51.277+0000] {logging_mixin.py:188} INFO - [2024-04-29T17:48:51.276+0000] {dag.py:3834} INFO - Setting next_dagrun for example_setup_teardown_taskflow to 2024-04-28 00:00:00+00:00, run_after=2024-04-29 00:00:00+00:00
[2024-04-29T17:48:51.303+0000] {processor.py:183} INFO - Processing /home/airflow/.local/lib/python3.8/site-packages/airflow/example_dags/example_setup_teardown_taskflow.py took 0.093 seconds
[2024-04-29T17:49:21.500+0000] {processor.py:161} INFO - Started process (PID=9779) to work on /home/airflow/.local/lib/python3.8/site-packages/airflow/example_dags/example_setup_teardown_taskflow.py
[2024-04-29T17:49:21.501+0000] {processor.py:830} INFO - Processing file /home/airflow/.local/lib/python3.8/site-packages/airflow/example_dags/example_setup_teardown_taskflow.py for tasks to queue
[2024-04-29T17:49:21.501+0000] {logging_mixin.py:188} INFO - [2024-04-29T17:49:21.501+0000] {dagbag.py:540} INFO - Filling up the DagBag from /home/airflow/.local/lib/python3.8/site-packages/airflow/example_dags/example_setup_teardown_taskflow.py
[2024-04-29T17:49:21.516+0000] {processor.py:840} INFO - DAG(s) 'example_setup_teardown_taskflow' retrieved from /home/airflow/.local/lib/python3.8/site-packages/airflow/example_dags/example_setup_teardown_taskflow.py
[2024-04-29T17:49:21.540+0000] {logging_mixin.py:188} INFO - [2024-04-29T17:49:21.540+0000] {dag.py:3047} INFO - Sync 1 DAGs
[2024-04-29T17:49:21.565+0000] {logging_mixin.py:188} INFO - [2024-04-29T17:49:21.565+0000] {dag.py:3834} INFO - Setting next_dagrun for example_setup_teardown_taskflow to 2024-04-28 00:00:00+00:00, run_after=2024-04-29 00:00:00+00:00
[2024-04-29T17:49:21.591+0000] {processor.py:183} INFO - Processing /home/airflow/.local/lib/python3.8/site-packages/airflow/example_dags/example_setup_teardown_taskflow.py took 0.094 seconds
[2024-04-29T17:49:51.694+0000] {processor.py:161} INFO - Started process (PID=10027) to work on /home/airflow/.local/lib/python3.8/site-packages/airflow/example_dags/example_setup_teardown_taskflow.py
[2024-04-29T17:49:51.695+0000] {processor.py:830} INFO - Processing file /home/airflow/.local/lib/python3.8/site-packages/airflow/example_dags/example_setup_teardown_taskflow.py for tasks to queue
[2024-04-29T17:49:51.696+0000] {logging_mixin.py:188} INFO - [2024-04-29T17:49:51.696+0000] {dagbag.py:540} INFO - Filling up the DagBag from /home/airflow/.local/lib/python3.8/site-packages/airflow/example_dags/example_setup_teardown_taskflow.py
[2024-04-29T17:49:51.715+0000] {processor.py:840} INFO - DAG(s) 'example_setup_teardown_taskflow' retrieved from /home/airflow/.local/lib/python3.8/site-packages/airflow/example_dags/example_setup_teardown_taskflow.py
[2024-04-29T17:49:51.742+0000] {logging_mixin.py:188} INFO - [2024-04-29T17:49:51.742+0000] {dag.py:3047} INFO - Sync 1 DAGs
[2024-04-29T17:49:51.771+0000] {logging_mixin.py:188} INFO - [2024-04-29T17:49:51.771+0000] {dag.py:3834} INFO - Setting next_dagrun for example_setup_teardown_taskflow to 2024-04-28 00:00:00+00:00, run_after=2024-04-29 00:00:00+00:00
[2024-04-29T17:49:51.796+0000] {processor.py:183} INFO - Processing /home/airflow/.local/lib/python3.8/site-packages/airflow/example_dags/example_setup_teardown_taskflow.py took 0.106 seconds
[2024-04-29T17:50:21.943+0000] {processor.py:161} INFO - Started process (PID=10309) to work on /home/airflow/.local/lib/python3.8/site-packages/airflow/example_dags/example_setup_teardown_taskflow.py
[2024-04-29T17:50:21.944+0000] {processor.py:830} INFO - Processing file /home/airflow/.local/lib/python3.8/site-packages/airflow/example_dags/example_setup_teardown_taskflow.py for tasks to queue
[2024-04-29T17:50:21.945+0000] {logging_mixin.py:188} INFO - [2024-04-29T17:50:21.945+0000] {dagbag.py:540} INFO - Filling up the DagBag from /home/airflow/.local/lib/python3.8/site-packages/airflow/example_dags/example_setup_teardown_taskflow.py
[2024-04-29T17:50:21.957+0000] {processor.py:840} INFO - DAG(s) 'example_setup_teardown_taskflow' retrieved from /home/airflow/.local/lib/python3.8/site-packages/airflow/example_dags/example_setup_teardown_taskflow.py
[2024-04-29T17:50:21.983+0000] {logging_mixin.py:188} INFO - [2024-04-29T17:50:21.983+0000] {dag.py:3047} INFO - Sync 1 DAGs
[2024-04-29T17:50:22.008+0000] {logging_mixin.py:188} INFO - [2024-04-29T17:50:22.008+0000] {dag.py:3834} INFO - Setting next_dagrun for example_setup_teardown_taskflow to 2024-04-28 00:00:00+00:00, run_after=2024-04-29 00:00:00+00:00
[2024-04-29T17:50:22.050+0000] {processor.py:183} INFO - Processing /home/airflow/.local/lib/python3.8/site-packages/airflow/example_dags/example_setup_teardown_taskflow.py took 0.110 seconds
[2024-04-29T17:50:52.816+0000] {processor.py:161} INFO - Started process (PID=10591) to work on /home/airflow/.local/lib/python3.8/site-packages/airflow/example_dags/example_setup_teardown_taskflow.py
[2024-04-29T17:50:52.817+0000] {processor.py:830} INFO - Processing file /home/airflow/.local/lib/python3.8/site-packages/airflow/example_dags/example_setup_teardown_taskflow.py for tasks to queue
[2024-04-29T17:50:52.828+0000] {logging_mixin.py:188} INFO - [2024-04-29T17:50:52.825+0000] {dagbag.py:540} INFO - Filling up the DagBag from /home/airflow/.local/lib/python3.8/site-packages/airflow/example_dags/example_setup_teardown_taskflow.py
[2024-04-29T17:50:52.858+0000] {processor.py:840} INFO - DAG(s) 'example_setup_teardown_taskflow' retrieved from /home/airflow/.local/lib/python3.8/site-packages/airflow/example_dags/example_setup_teardown_taskflow.py
[2024-04-29T17:50:52.931+0000] {logging_mixin.py:188} INFO - [2024-04-29T17:50:52.931+0000] {dag.py:3047} INFO - Sync 1 DAGs
[2024-04-29T17:50:52.976+0000] {logging_mixin.py:188} INFO - [2024-04-29T17:50:52.975+0000] {dag.py:3834} INFO - Setting next_dagrun for example_setup_teardown_taskflow to 2024-04-28 00:00:00+00:00, run_after=2024-04-29 00:00:00+00:00
[2024-04-29T17:50:53.009+0000] {processor.py:183} INFO - Processing /home/airflow/.local/lib/python3.8/site-packages/airflow/example_dags/example_setup_teardown_taskflow.py took 0.196 seconds
[2024-04-29T17:51:23.775+0000] {processor.py:161} INFO - Started process (PID=10869) to work on /home/airflow/.local/lib/python3.8/site-packages/airflow/example_dags/example_setup_teardown_taskflow.py
[2024-04-29T17:51:23.776+0000] {processor.py:830} INFO - Processing file /home/airflow/.local/lib/python3.8/site-packages/airflow/example_dags/example_setup_teardown_taskflow.py for tasks to queue
[2024-04-29T17:51:23.777+0000] {logging_mixin.py:188} INFO - [2024-04-29T17:51:23.777+0000] {dagbag.py:540} INFO - Filling up the DagBag from /home/airflow/.local/lib/python3.8/site-packages/airflow/example_dags/example_setup_teardown_taskflow.py
[2024-04-29T17:51:23.789+0000] {processor.py:840} INFO - DAG(s) 'example_setup_teardown_taskflow' retrieved from /home/airflow/.local/lib/python3.8/site-packages/airflow/example_dags/example_setup_teardown_taskflow.py
[2024-04-29T17:51:23.815+0000] {logging_mixin.py:188} INFO - [2024-04-29T17:51:23.814+0000] {dag.py:3047} INFO - Sync 1 DAGs
[2024-04-29T17:51:23.840+0000] {logging_mixin.py:188} INFO - [2024-04-29T17:51:23.840+0000] {dag.py:3834} INFO - Setting next_dagrun for example_setup_teardown_taskflow to 2024-04-28 00:00:00+00:00, run_after=2024-04-29 00:00:00+00:00
[2024-04-29T17:51:23.868+0000] {processor.py:183} INFO - Processing /home/airflow/.local/lib/python3.8/site-packages/airflow/example_dags/example_setup_teardown_taskflow.py took 0.096 seconds
[2024-04-29T17:51:54.572+0000] {processor.py:161} INFO - Started process (PID=11145) to work on /home/airflow/.local/lib/python3.8/site-packages/airflow/example_dags/example_setup_teardown_taskflow.py
[2024-04-29T17:51:54.573+0000] {processor.py:830} INFO - Processing file /home/airflow/.local/lib/python3.8/site-packages/airflow/example_dags/example_setup_teardown_taskflow.py for tasks to queue
[2024-04-29T17:51:54.574+0000] {logging_mixin.py:188} INFO - [2024-04-29T17:51:54.574+0000] {dagbag.py:540} INFO - Filling up the DagBag from /home/airflow/.local/lib/python3.8/site-packages/airflow/example_dags/example_setup_teardown_taskflow.py
[2024-04-29T17:51:54.586+0000] {processor.py:840} INFO - DAG(s) 'example_setup_teardown_taskflow' retrieved from /home/airflow/.local/lib/python3.8/site-packages/airflow/example_dags/example_setup_teardown_taskflow.py
[2024-04-29T17:51:54.613+0000] {logging_mixin.py:188} INFO - [2024-04-29T17:51:54.613+0000] {dag.py:3047} INFO - Sync 1 DAGs
[2024-04-29T17:51:54.639+0000] {logging_mixin.py:188} INFO - [2024-04-29T17:51:54.639+0000] {dag.py:3834} INFO - Setting next_dagrun for example_setup_teardown_taskflow to 2024-04-28 00:00:00+00:00, run_after=2024-04-29 00:00:00+00:00
[2024-04-29T17:51:54.666+0000] {processor.py:183} INFO - Processing /home/airflow/.local/lib/python3.8/site-packages/airflow/example_dags/example_setup_teardown_taskflow.py took 0.097 seconds
[2024-04-29T17:52:25.132+0000] {processor.py:161} INFO - Started process (PID=11420) to work on /home/airflow/.local/lib/python3.8/site-packages/airflow/example_dags/example_setup_teardown_taskflow.py
[2024-04-29T17:52:25.133+0000] {processor.py:830} INFO - Processing file /home/airflow/.local/lib/python3.8/site-packages/airflow/example_dags/example_setup_teardown_taskflow.py for tasks to queue
[2024-04-29T17:52:25.135+0000] {logging_mixin.py:188} INFO - [2024-04-29T17:52:25.134+0000] {dagbag.py:540} INFO - Filling up the DagBag from /home/airflow/.local/lib/python3.8/site-packages/airflow/example_dags/example_setup_teardown_taskflow.py
[2024-04-29T17:52:25.149+0000] {processor.py:840} INFO - DAG(s) 'example_setup_teardown_taskflow' retrieved from /home/airflow/.local/lib/python3.8/site-packages/airflow/example_dags/example_setup_teardown_taskflow.py
[2024-04-29T17:52:25.176+0000] {logging_mixin.py:188} INFO - [2024-04-29T17:52:25.175+0000] {dag.py:3047} INFO - Sync 1 DAGs
[2024-04-29T17:52:25.204+0000] {logging_mixin.py:188} INFO - [2024-04-29T17:52:25.203+0000] {dag.py:3834} INFO - Setting next_dagrun for example_setup_teardown_taskflow to 2024-04-28 00:00:00+00:00, run_after=2024-04-29 00:00:00+00:00
[2024-04-29T17:52:25.268+0000] {processor.py:183} INFO - Processing /home/airflow/.local/lib/python3.8/site-packages/airflow/example_dags/example_setup_teardown_taskflow.py took 0.140 seconds
[2024-04-29T17:52:55.340+0000] {processor.py:161} INFO - Started process (PID=11699) to work on /home/airflow/.local/lib/python3.8/site-packages/airflow/example_dags/example_setup_teardown_taskflow.py
[2024-04-29T17:52:55.341+0000] {processor.py:830} INFO - Processing file /home/airflow/.local/lib/python3.8/site-packages/airflow/example_dags/example_setup_teardown_taskflow.py for tasks to queue
[2024-04-29T17:52:55.341+0000] {logging_mixin.py:188} INFO - [2024-04-29T17:52:55.341+0000] {dagbag.py:540} INFO - Filling up the DagBag from /home/airflow/.local/lib/python3.8/site-packages/airflow/example_dags/example_setup_teardown_taskflow.py
[2024-04-29T17:52:55.349+0000] {processor.py:840} INFO - DAG(s) 'example_setup_teardown_taskflow' retrieved from /home/airflow/.local/lib/python3.8/site-packages/airflow/example_dags/example_setup_teardown_taskflow.py
[2024-04-29T17:52:55.366+0000] {logging_mixin.py:188} INFO - [2024-04-29T17:52:55.366+0000] {dag.py:3047} INFO - Sync 1 DAGs
[2024-04-29T17:52:55.384+0000] {logging_mixin.py:188} INFO - [2024-04-29T17:52:55.384+0000] {dag.py:3834} INFO - Setting next_dagrun for example_setup_teardown_taskflow to 2024-04-28 00:00:00+00:00, run_after=2024-04-29 00:00:00+00:00
[2024-04-29T17:52:55.411+0000] {processor.py:183} INFO - Processing /home/airflow/.local/lib/python3.8/site-packages/airflow/example_dags/example_setup_teardown_taskflow.py took 0.074 seconds
[2024-04-29T17:53:25.926+0000] {processor.py:161} INFO - Started process (PID=11964) to work on /home/airflow/.local/lib/python3.8/site-packages/airflow/example_dags/example_setup_teardown_taskflow.py
[2024-04-29T17:53:25.927+0000] {processor.py:830} INFO - Processing file /home/airflow/.local/lib/python3.8/site-packages/airflow/example_dags/example_setup_teardown_taskflow.py for tasks to queue
[2024-04-29T17:53:25.928+0000] {logging_mixin.py:188} INFO - [2024-04-29T17:53:25.928+0000] {dagbag.py:540} INFO - Filling up the DagBag from /home/airflow/.local/lib/python3.8/site-packages/airflow/example_dags/example_setup_teardown_taskflow.py
[2024-04-29T17:53:25.939+0000] {processor.py:840} INFO - DAG(s) 'example_setup_teardown_taskflow' retrieved from /home/airflow/.local/lib/python3.8/site-packages/airflow/example_dags/example_setup_teardown_taskflow.py
[2024-04-29T17:53:25.961+0000] {logging_mixin.py:188} INFO - [2024-04-29T17:53:25.961+0000] {dag.py:3047} INFO - Sync 1 DAGs
[2024-04-29T17:53:25.986+0000] {logging_mixin.py:188} INFO - [2024-04-29T17:53:25.986+0000] {dag.py:3834} INFO - Setting next_dagrun for example_setup_teardown_taskflow to 2024-04-28 00:00:00+00:00, run_after=2024-04-29 00:00:00+00:00
[2024-04-29T17:53:26.012+0000] {processor.py:183} INFO - Processing /home/airflow/.local/lib/python3.8/site-packages/airflow/example_dags/example_setup_teardown_taskflow.py took 0.090 seconds
[2024-04-29T17:53:56.747+0000] {processor.py:161} INFO - Started process (PID=12226) to work on /home/airflow/.local/lib/python3.8/site-packages/airflow/example_dags/example_setup_teardown_taskflow.py
[2024-04-29T17:53:56.748+0000] {processor.py:830} INFO - Processing file /home/airflow/.local/lib/python3.8/site-packages/airflow/example_dags/example_setup_teardown_taskflow.py for tasks to queue
[2024-04-29T17:53:56.749+0000] {logging_mixin.py:188} INFO - [2024-04-29T17:53:56.749+0000] {dagbag.py:540} INFO - Filling up the DagBag from /home/airflow/.local/lib/python3.8/site-packages/airflow/example_dags/example_setup_teardown_taskflow.py
[2024-04-29T17:53:56.760+0000] {processor.py:840} INFO - DAG(s) 'example_setup_teardown_taskflow' retrieved from /home/airflow/.local/lib/python3.8/site-packages/airflow/example_dags/example_setup_teardown_taskflow.py
[2024-04-29T17:53:56.787+0000] {logging_mixin.py:188} INFO - [2024-04-29T17:53:56.787+0000] {dag.py:3047} INFO - Sync 1 DAGs
[2024-04-29T17:53:56.815+0000] {logging_mixin.py:188} INFO - [2024-04-29T17:53:56.815+0000] {dag.py:3834} INFO - Setting next_dagrun for example_setup_teardown_taskflow to 2024-04-28 00:00:00+00:00, run_after=2024-04-29 00:00:00+00:00
[2024-04-29T17:53:56.840+0000] {processor.py:183} INFO - Processing /home/airflow/.local/lib/python3.8/site-packages/airflow/example_dags/example_setup_teardown_taskflow.py took 0.096 seconds
[2024-04-29T17:54:27.413+0000] {processor.py:161} INFO - Started process (PID=12505) to work on /home/airflow/.local/lib/python3.8/site-packages/airflow/example_dags/example_setup_teardown_taskflow.py
[2024-04-29T17:54:27.414+0000] {processor.py:830} INFO - Processing file /home/airflow/.local/lib/python3.8/site-packages/airflow/example_dags/example_setup_teardown_taskflow.py for tasks to queue
[2024-04-29T17:54:27.415+0000] {logging_mixin.py:188} INFO - [2024-04-29T17:54:27.415+0000] {dagbag.py:540} INFO - Filling up the DagBag from /home/airflow/.local/lib/python3.8/site-packages/airflow/example_dags/example_setup_teardown_taskflow.py
[2024-04-29T17:54:27.434+0000] {processor.py:840} INFO - DAG(s) 'example_setup_teardown_taskflow' retrieved from /home/airflow/.local/lib/python3.8/site-packages/airflow/example_dags/example_setup_teardown_taskflow.py
[2024-04-29T17:54:27.468+0000] {logging_mixin.py:188} INFO - [2024-04-29T17:54:27.468+0000] {dag.py:3047} INFO - Sync 1 DAGs
[2024-04-29T17:54:27.494+0000] {logging_mixin.py:188} INFO - [2024-04-29T17:54:27.493+0000] {dag.py:3834} INFO - Setting next_dagrun for example_setup_teardown_taskflow to 2024-04-28 00:00:00+00:00, run_after=2024-04-29 00:00:00+00:00
[2024-04-29T17:54:27.528+0000] {processor.py:183} INFO - Processing /home/airflow/.local/lib/python3.8/site-packages/airflow/example_dags/example_setup_teardown_taskflow.py took 0.118 seconds
[2024-04-29T17:54:58.073+0000] {processor.py:161} INFO - Started process (PID=12757) to work on /home/airflow/.local/lib/python3.8/site-packages/airflow/example_dags/example_setup_teardown_taskflow.py
[2024-04-29T17:54:58.075+0000] {processor.py:830} INFO - Processing file /home/airflow/.local/lib/python3.8/site-packages/airflow/example_dags/example_setup_teardown_taskflow.py for tasks to queue
[2024-04-29T17:54:58.076+0000] {logging_mixin.py:188} INFO - [2024-04-29T17:54:58.076+0000] {dagbag.py:540} INFO - Filling up the DagBag from /home/airflow/.local/lib/python3.8/site-packages/airflow/example_dags/example_setup_teardown_taskflow.py
[2024-04-29T17:54:58.088+0000] {processor.py:840} INFO - DAG(s) 'example_setup_teardown_taskflow' retrieved from /home/airflow/.local/lib/python3.8/site-packages/airflow/example_dags/example_setup_teardown_taskflow.py
[2024-04-29T17:54:58.117+0000] {logging_mixin.py:188} INFO - [2024-04-29T17:54:58.117+0000] {dag.py:3047} INFO - Sync 1 DAGs
[2024-04-29T17:54:58.143+0000] {logging_mixin.py:188} INFO - [2024-04-29T17:54:58.142+0000] {dag.py:3834} INFO - Setting next_dagrun for example_setup_teardown_taskflow to 2024-04-28 00:00:00+00:00, run_after=2024-04-29 00:00:00+00:00
[2024-04-29T17:54:58.166+0000] {processor.py:183} INFO - Processing /home/airflow/.local/lib/python3.8/site-packages/airflow/example_dags/example_setup_teardown_taskflow.py took 0.096 seconds
[2024-04-29T17:55:28.757+0000] {processor.py:161} INFO - Started process (PID=13014) to work on /home/airflow/.local/lib/python3.8/site-packages/airflow/example_dags/example_setup_teardown_taskflow.py
[2024-04-29T17:55:28.758+0000] {processor.py:830} INFO - Processing file /home/airflow/.local/lib/python3.8/site-packages/airflow/example_dags/example_setup_teardown_taskflow.py for tasks to queue
[2024-04-29T17:55:28.759+0000] {logging_mixin.py:188} INFO - [2024-04-29T17:55:28.759+0000] {dagbag.py:540} INFO - Filling up the DagBag from /home/airflow/.local/lib/python3.8/site-packages/airflow/example_dags/example_setup_teardown_taskflow.py
[2024-04-29T17:55:28.773+0000] {processor.py:840} INFO - DAG(s) 'example_setup_teardown_taskflow' retrieved from /home/airflow/.local/lib/python3.8/site-packages/airflow/example_dags/example_setup_teardown_taskflow.py
[2024-04-29T17:55:28.799+0000] {logging_mixin.py:188} INFO - [2024-04-29T17:55:28.799+0000] {dag.py:3047} INFO - Sync 1 DAGs
[2024-04-29T17:55:28.824+0000] {logging_mixin.py:188} INFO - [2024-04-29T17:55:28.824+0000] {dag.py:3834} INFO - Setting next_dagrun for example_setup_teardown_taskflow to 2024-04-28 00:00:00+00:00, run_after=2024-04-29 00:00:00+00:00
[2024-04-29T17:55:28.848+0000] {processor.py:183} INFO - Processing /home/airflow/.local/lib/python3.8/site-packages/airflow/example_dags/example_setup_teardown_taskflow.py took 0.095 seconds
[2024-04-29T17:55:59.027+0000] {processor.py:161} INFO - Started process (PID=13276) to work on /home/airflow/.local/lib/python3.8/site-packages/airflow/example_dags/example_setup_teardown_taskflow.py
[2024-04-29T17:55:59.028+0000] {processor.py:830} INFO - Processing file /home/airflow/.local/lib/python3.8/site-packages/airflow/example_dags/example_setup_teardown_taskflow.py for tasks to queue
[2024-04-29T17:55:59.029+0000] {logging_mixin.py:188} INFO - [2024-04-29T17:55:59.029+0000] {dagbag.py:540} INFO - Filling up the DagBag from /home/airflow/.local/lib/python3.8/site-packages/airflow/example_dags/example_setup_teardown_taskflow.py
[2024-04-29T17:55:59.040+0000] {processor.py:840} INFO - DAG(s) 'example_setup_teardown_taskflow' retrieved from /home/airflow/.local/lib/python3.8/site-packages/airflow/example_dags/example_setup_teardown_taskflow.py
[2024-04-29T17:55:59.066+0000] {logging_mixin.py:188} INFO - [2024-04-29T17:55:59.065+0000] {dag.py:3047} INFO - Sync 1 DAGs
[2024-04-29T17:55:59.091+0000] {logging_mixin.py:188} INFO - [2024-04-29T17:55:59.090+0000] {dag.py:3834} INFO - Setting next_dagrun for example_setup_teardown_taskflow to 2024-04-28 00:00:00+00:00, run_after=2024-04-29 00:00:00+00:00
[2024-04-29T17:55:59.121+0000] {processor.py:183} INFO - Processing /home/airflow/.local/lib/python3.8/site-packages/airflow/example_dags/example_setup_teardown_taskflow.py took 0.098 seconds
[2024-04-29T17:56:29.461+0000] {processor.py:161} INFO - Started process (PID=13533) to work on /home/airflow/.local/lib/python3.8/site-packages/airflow/example_dags/example_setup_teardown_taskflow.py
[2024-04-29T17:56:29.462+0000] {processor.py:830} INFO - Processing file /home/airflow/.local/lib/python3.8/site-packages/airflow/example_dags/example_setup_teardown_taskflow.py for tasks to queue
[2024-04-29T17:56:29.463+0000] {logging_mixin.py:188} INFO - [2024-04-29T17:56:29.463+0000] {dagbag.py:540} INFO - Filling up the DagBag from /home/airflow/.local/lib/python3.8/site-packages/airflow/example_dags/example_setup_teardown_taskflow.py
[2024-04-29T17:56:29.475+0000] {processor.py:840} INFO - DAG(s) 'example_setup_teardown_taskflow' retrieved from /home/airflow/.local/lib/python3.8/site-packages/airflow/example_dags/example_setup_teardown_taskflow.py
[2024-04-29T17:56:29.500+0000] {logging_mixin.py:188} INFO - [2024-04-29T17:56:29.500+0000] {dag.py:3047} INFO - Sync 1 DAGs
[2024-04-29T17:56:29.526+0000] {logging_mixin.py:188} INFO - [2024-04-29T17:56:29.526+0000] {dag.py:3834} INFO - Setting next_dagrun for example_setup_teardown_taskflow to 2024-04-28 00:00:00+00:00, run_after=2024-04-29 00:00:00+00:00
[2024-04-29T17:56:29.551+0000] {processor.py:183} INFO - Processing /home/airflow/.local/lib/python3.8/site-packages/airflow/example_dags/example_setup_teardown_taskflow.py took 0.093 seconds
[2024-04-29T17:56:59.821+0000] {processor.py:161} INFO - Started process (PID=13806) to work on /home/airflow/.local/lib/python3.8/site-packages/airflow/example_dags/example_setup_teardown_taskflow.py
[2024-04-29T17:56:59.822+0000] {processor.py:830} INFO - Processing file /home/airflow/.local/lib/python3.8/site-packages/airflow/example_dags/example_setup_teardown_taskflow.py for tasks to queue
[2024-04-29T17:56:59.823+0000] {logging_mixin.py:188} INFO - [2024-04-29T17:56:59.823+0000] {dagbag.py:540} INFO - Filling up the DagBag from /home/airflow/.local/lib/python3.8/site-packages/airflow/example_dags/example_setup_teardown_taskflow.py
[2024-04-29T17:56:59.834+0000] {processor.py:840} INFO - DAG(s) 'example_setup_teardown_taskflow' retrieved from /home/airflow/.local/lib/python3.8/site-packages/airflow/example_dags/example_setup_teardown_taskflow.py
[2024-04-29T17:56:59.860+0000] {logging_mixin.py:188} INFO - [2024-04-29T17:56:59.860+0000] {dag.py:3047} INFO - Sync 1 DAGs
[2024-04-29T17:56:59.886+0000] {logging_mixin.py:188} INFO - [2024-04-29T17:56:59.886+0000] {dag.py:3834} INFO - Setting next_dagrun for example_setup_teardown_taskflow to 2024-04-28 00:00:00+00:00, run_after=2024-04-29 00:00:00+00:00
[2024-04-29T17:56:59.910+0000] {processor.py:183} INFO - Processing /home/airflow/.local/lib/python3.8/site-packages/airflow/example_dags/example_setup_teardown_taskflow.py took 0.093 seconds
[2024-04-29T17:57:30.107+0000] {processor.py:161} INFO - Started process (PID=14068) to work on /home/airflow/.local/lib/python3.8/site-packages/airflow/example_dags/example_setup_teardown_taskflow.py
[2024-04-29T17:57:30.108+0000] {processor.py:830} INFO - Processing file /home/airflow/.local/lib/python3.8/site-packages/airflow/example_dags/example_setup_teardown_taskflow.py for tasks to queue
[2024-04-29T17:57:30.109+0000] {logging_mixin.py:188} INFO - [2024-04-29T17:57:30.109+0000] {dagbag.py:540} INFO - Filling up the DagBag from /home/airflow/.local/lib/python3.8/site-packages/airflow/example_dags/example_setup_teardown_taskflow.py
[2024-04-29T17:57:30.122+0000] {processor.py:840} INFO - DAG(s) 'example_setup_teardown_taskflow' retrieved from /home/airflow/.local/lib/python3.8/site-packages/airflow/example_dags/example_setup_teardown_taskflow.py
[2024-04-29T17:57:30.165+0000] {logging_mixin.py:188} INFO - [2024-04-29T17:57:30.165+0000] {dag.py:3047} INFO - Sync 1 DAGs
[2024-04-29T17:57:30.228+0000] {logging_mixin.py:188} INFO - [2024-04-29T17:57:30.228+0000] {dag.py:3834} INFO - Setting next_dagrun for example_setup_teardown_taskflow to 2024-04-28 00:00:00+00:00, run_after=2024-04-29 00:00:00+00:00
[2024-04-29T17:57:30.285+0000] {processor.py:183} INFO - Processing /home/airflow/.local/lib/python3.8/site-packages/airflow/example_dags/example_setup_teardown_taskflow.py took 0.181 seconds
[2024-04-29T17:58:00.740+0000] {processor.py:161} INFO - Started process (PID=14326) to work on /home/airflow/.local/lib/python3.8/site-packages/airflow/example_dags/example_setup_teardown_taskflow.py
[2024-04-29T17:58:00.743+0000] {processor.py:830} INFO - Processing file /home/airflow/.local/lib/python3.8/site-packages/airflow/example_dags/example_setup_teardown_taskflow.py for tasks to queue
[2024-04-29T17:58:00.747+0000] {logging_mixin.py:188} INFO - [2024-04-29T17:58:00.744+0000] {dagbag.py:540} INFO - Filling up the DagBag from /home/airflow/.local/lib/python3.8/site-packages/airflow/example_dags/example_setup_teardown_taskflow.py
[2024-04-29T17:58:00.760+0000] {processor.py:840} INFO - DAG(s) 'example_setup_teardown_taskflow' retrieved from /home/airflow/.local/lib/python3.8/site-packages/airflow/example_dags/example_setup_teardown_taskflow.py
[2024-04-29T17:58:00.785+0000] {logging_mixin.py:188} INFO - [2024-04-29T17:58:00.785+0000] {dag.py:3047} INFO - Sync 1 DAGs
[2024-04-29T17:58:00.815+0000] {logging_mixin.py:188} INFO - [2024-04-29T17:58:00.815+0000] {dag.py:3834} INFO - Setting next_dagrun for example_setup_teardown_taskflow to 2024-04-28 00:00:00+00:00, run_after=2024-04-29 00:00:00+00:00
[2024-04-29T17:58:00.843+0000] {processor.py:183} INFO - Processing /home/airflow/.local/lib/python3.8/site-packages/airflow/example_dags/example_setup_teardown_taskflow.py took 0.107 seconds
[2024-04-29T17:58:31.344+0000] {processor.py:161} INFO - Started process (PID=14594) to work on /home/airflow/.local/lib/python3.8/site-packages/airflow/example_dags/example_setup_teardown_taskflow.py
[2024-04-29T17:58:31.345+0000] {processor.py:830} INFO - Processing file /home/airflow/.local/lib/python3.8/site-packages/airflow/example_dags/example_setup_teardown_taskflow.py for tasks to queue
[2024-04-29T17:58:31.346+0000] {logging_mixin.py:188} INFO - [2024-04-29T17:58:31.345+0000] {dagbag.py:540} INFO - Filling up the DagBag from /home/airflow/.local/lib/python3.8/site-packages/airflow/example_dags/example_setup_teardown_taskflow.py
[2024-04-29T17:58:31.362+0000] {processor.py:840} INFO - DAG(s) 'example_setup_teardown_taskflow' retrieved from /home/airflow/.local/lib/python3.8/site-packages/airflow/example_dags/example_setup_teardown_taskflow.py
[2024-04-29T17:58:31.387+0000] {logging_mixin.py:188} INFO - [2024-04-29T17:58:31.387+0000] {dag.py:3047} INFO - Sync 1 DAGs
[2024-04-29T17:58:31.415+0000] {logging_mixin.py:188} INFO - [2024-04-29T17:58:31.414+0000] {dag.py:3834} INFO - Setting next_dagrun for example_setup_teardown_taskflow to 2024-04-28 00:00:00+00:00, run_after=2024-04-29 00:00:00+00:00
[2024-04-29T17:58:31.442+0000] {processor.py:183} INFO - Processing /home/airflow/.local/lib/python3.8/site-packages/airflow/example_dags/example_setup_teardown_taskflow.py took 0.102 seconds
[2024-04-29T17:59:01.851+0000] {processor.py:161} INFO - Started process (PID=14846) to work on /home/airflow/.local/lib/python3.8/site-packages/airflow/example_dags/example_setup_teardown_taskflow.py
[2024-04-29T17:59:01.852+0000] {processor.py:830} INFO - Processing file /home/airflow/.local/lib/python3.8/site-packages/airflow/example_dags/example_setup_teardown_taskflow.py for tasks to queue
[2024-04-29T17:59:01.852+0000] {logging_mixin.py:188} INFO - [2024-04-29T17:59:01.852+0000] {dagbag.py:540} INFO - Filling up the DagBag from /home/airflow/.local/lib/python3.8/site-packages/airflow/example_dags/example_setup_teardown_taskflow.py
[2024-04-29T17:59:01.870+0000] {processor.py:840} INFO - DAG(s) 'example_setup_teardown_taskflow' retrieved from /home/airflow/.local/lib/python3.8/site-packages/airflow/example_dags/example_setup_teardown_taskflow.py
[2024-04-29T17:59:01.897+0000] {logging_mixin.py:188} INFO - [2024-04-29T17:59:01.896+0000] {dag.py:3047} INFO - Sync 1 DAGs
[2024-04-29T17:59:01.924+0000] {logging_mixin.py:188} INFO - [2024-04-29T17:59:01.924+0000] {dag.py:3834} INFO - Setting next_dagrun for example_setup_teardown_taskflow to 2024-04-28 00:00:00+00:00, run_after=2024-04-29 00:00:00+00:00
[2024-04-29T17:59:01.948+0000] {processor.py:183} INFO - Processing /home/airflow/.local/lib/python3.8/site-packages/airflow/example_dags/example_setup_teardown_taskflow.py took 0.101 seconds
[2024-04-29T17:59:32.834+0000] {processor.py:161} INFO - Started process (PID=15127) to work on /home/airflow/.local/lib/python3.8/site-packages/airflow/example_dags/example_setup_teardown_taskflow.py
[2024-04-29T17:59:32.835+0000] {processor.py:830} INFO - Processing file /home/airflow/.local/lib/python3.8/site-packages/airflow/example_dags/example_setup_teardown_taskflow.py for tasks to queue
[2024-04-29T17:59:32.836+0000] {logging_mixin.py:188} INFO - [2024-04-29T17:59:32.835+0000] {dagbag.py:540} INFO - Filling up the DagBag from /home/airflow/.local/lib/python3.8/site-packages/airflow/example_dags/example_setup_teardown_taskflow.py
[2024-04-29T17:59:32.847+0000] {processor.py:840} INFO - DAG(s) 'example_setup_teardown_taskflow' retrieved from /home/airflow/.local/lib/python3.8/site-packages/airflow/example_dags/example_setup_teardown_taskflow.py
[2024-04-29T17:59:32.882+0000] {logging_mixin.py:188} INFO - [2024-04-29T17:59:32.882+0000] {dag.py:3047} INFO - Sync 1 DAGs
[2024-04-29T17:59:32.931+0000] {logging_mixin.py:188} INFO - [2024-04-29T17:59:32.931+0000] {dag.py:3834} INFO - Setting next_dagrun for example_setup_teardown_taskflow to 2024-04-28 00:00:00+00:00, run_after=2024-04-29 00:00:00+00:00
[2024-04-29T17:59:32.978+0000] {processor.py:183} INFO - Processing /home/airflow/.local/lib/python3.8/site-packages/airflow/example_dags/example_setup_teardown_taskflow.py took 0.147 seconds
[2024-04-29T18:00:03.873+0000] {processor.py:161} INFO - Started process (PID=15381) to work on /home/airflow/.local/lib/python3.8/site-packages/airflow/example_dags/example_setup_teardown_taskflow.py
[2024-04-29T18:00:03.874+0000] {processor.py:830} INFO - Processing file /home/airflow/.local/lib/python3.8/site-packages/airflow/example_dags/example_setup_teardown_taskflow.py for tasks to queue
[2024-04-29T18:00:03.875+0000] {logging_mixin.py:188} INFO - [2024-04-29T18:00:03.875+0000] {dagbag.py:540} INFO - Filling up the DagBag from /home/airflow/.local/lib/python3.8/site-packages/airflow/example_dags/example_setup_teardown_taskflow.py
[2024-04-29T18:00:03.887+0000] {processor.py:840} INFO - DAG(s) 'example_setup_teardown_taskflow' retrieved from /home/airflow/.local/lib/python3.8/site-packages/airflow/example_dags/example_setup_teardown_taskflow.py
[2024-04-29T18:00:03.916+0000] {logging_mixin.py:188} INFO - [2024-04-29T18:00:03.916+0000] {dag.py:3047} INFO - Sync 1 DAGs
[2024-04-29T18:00:03.942+0000] {logging_mixin.py:188} INFO - [2024-04-29T18:00:03.941+0000] {dag.py:3834} INFO - Setting next_dagrun for example_setup_teardown_taskflow to 2024-04-28 00:00:00+00:00, run_after=2024-04-29 00:00:00+00:00
[2024-04-29T18:00:03.966+0000] {processor.py:183} INFO - Processing /home/airflow/.local/lib/python3.8/site-packages/airflow/example_dags/example_setup_teardown_taskflow.py took 0.096 seconds
[2024-04-29T18:00:34.223+0000] {processor.py:161} INFO - Started process (PID=15653) to work on /home/airflow/.local/lib/python3.8/site-packages/airflow/example_dags/example_setup_teardown_taskflow.py
[2024-04-29T18:00:34.224+0000] {processor.py:830} INFO - Processing file /home/airflow/.local/lib/python3.8/site-packages/airflow/example_dags/example_setup_teardown_taskflow.py for tasks to queue
[2024-04-29T18:00:34.225+0000] {logging_mixin.py:188} INFO - [2024-04-29T18:00:34.224+0000] {dagbag.py:540} INFO - Filling up the DagBag from /home/airflow/.local/lib/python3.8/site-packages/airflow/example_dags/example_setup_teardown_taskflow.py
[2024-04-29T18:00:34.236+0000] {processor.py:840} INFO - DAG(s) 'example_setup_teardown_taskflow' retrieved from /home/airflow/.local/lib/python3.8/site-packages/airflow/example_dags/example_setup_teardown_taskflow.py
[2024-04-29T18:00:34.264+0000] {logging_mixin.py:188} INFO - [2024-04-29T18:00:34.263+0000] {dag.py:3047} INFO - Sync 1 DAGs
[2024-04-29T18:00:34.293+0000] {logging_mixin.py:188} INFO - [2024-04-29T18:00:34.293+0000] {dag.py:3834} INFO - Setting next_dagrun for example_setup_teardown_taskflow to 2024-04-28 00:00:00+00:00, run_after=2024-04-29 00:00:00+00:00
[2024-04-29T18:00:34.319+0000] {processor.py:183} INFO - Processing /home/airflow/.local/lib/python3.8/site-packages/airflow/example_dags/example_setup_teardown_taskflow.py took 0.099 seconds
[2024-04-29T18:01:05.170+0000] {processor.py:161} INFO - Started process (PID=15925) to work on /home/airflow/.local/lib/python3.8/site-packages/airflow/example_dags/example_setup_teardown_taskflow.py
[2024-04-29T18:01:05.173+0000] {processor.py:830} INFO - Processing file /home/airflow/.local/lib/python3.8/site-packages/airflow/example_dags/example_setup_teardown_taskflow.py for tasks to queue
[2024-04-29T18:01:05.174+0000] {logging_mixin.py:188} INFO - [2024-04-29T18:01:05.174+0000] {dagbag.py:540} INFO - Filling up the DagBag from /home/airflow/.local/lib/python3.8/site-packages/airflow/example_dags/example_setup_teardown_taskflow.py
[2024-04-29T18:01:05.185+0000] {processor.py:840} INFO - DAG(s) 'example_setup_teardown_taskflow' retrieved from /home/airflow/.local/lib/python3.8/site-packages/airflow/example_dags/example_setup_teardown_taskflow.py
[2024-04-29T18:01:05.217+0000] {logging_mixin.py:188} INFO - [2024-04-29T18:01:05.216+0000] {dag.py:3047} INFO - Sync 1 DAGs
[2024-04-29T18:01:05.246+0000] {logging_mixin.py:188} INFO - [2024-04-29T18:01:05.246+0000] {dag.py:3834} INFO - Setting next_dagrun for example_setup_teardown_taskflow to 2024-04-28 00:00:00+00:00, run_after=2024-04-29 00:00:00+00:00
[2024-04-29T18:01:05.276+0000] {processor.py:183} INFO - Processing /home/airflow/.local/lib/python3.8/site-packages/airflow/example_dags/example_setup_teardown_taskflow.py took 0.109 seconds
[2024-04-29T18:01:35.392+0000] {processor.py:161} INFO - Started process (PID=16202) to work on /home/airflow/.local/lib/python3.8/site-packages/airflow/example_dags/example_setup_teardown_taskflow.py
[2024-04-29T18:01:35.393+0000] {processor.py:830} INFO - Processing file /home/airflow/.local/lib/python3.8/site-packages/airflow/example_dags/example_setup_teardown_taskflow.py for tasks to queue
[2024-04-29T18:01:35.394+0000] {logging_mixin.py:188} INFO - [2024-04-29T18:01:35.394+0000] {dagbag.py:540} INFO - Filling up the DagBag from /home/airflow/.local/lib/python3.8/site-packages/airflow/example_dags/example_setup_teardown_taskflow.py
[2024-04-29T18:01:35.407+0000] {processor.py:840} INFO - DAG(s) 'example_setup_teardown_taskflow' retrieved from /home/airflow/.local/lib/python3.8/site-packages/airflow/example_dags/example_setup_teardown_taskflow.py
[2024-04-29T18:01:35.444+0000] {logging_mixin.py:188} INFO - [2024-04-29T18:01:35.444+0000] {dag.py:3047} INFO - Sync 1 DAGs
[2024-04-29T18:01:35.509+0000] {logging_mixin.py:188} INFO - [2024-04-29T18:01:35.509+0000] {dag.py:3834} INFO - Setting next_dagrun for example_setup_teardown_taskflow to 2024-04-28 00:00:00+00:00, run_after=2024-04-29 00:00:00+00:00
[2024-04-29T18:01:35.544+0000] {processor.py:183} INFO - Processing /home/airflow/.local/lib/python3.8/site-packages/airflow/example_dags/example_setup_teardown_taskflow.py took 0.156 seconds
[2024-04-29T18:02:05.747+0000] {processor.py:161} INFO - Started process (PID=16454) to work on /home/airflow/.local/lib/python3.8/site-packages/airflow/example_dags/example_setup_teardown_taskflow.py
[2024-04-29T18:02:05.748+0000] {processor.py:830} INFO - Processing file /home/airflow/.local/lib/python3.8/site-packages/airflow/example_dags/example_setup_teardown_taskflow.py for tasks to queue
[2024-04-29T18:02:05.749+0000] {logging_mixin.py:188} INFO - [2024-04-29T18:02:05.749+0000] {dagbag.py:540} INFO - Filling up the DagBag from /home/airflow/.local/lib/python3.8/site-packages/airflow/example_dags/example_setup_teardown_taskflow.py
[2024-04-29T18:02:05.764+0000] {processor.py:840} INFO - DAG(s) 'example_setup_teardown_taskflow' retrieved from /home/airflow/.local/lib/python3.8/site-packages/airflow/example_dags/example_setup_teardown_taskflow.py
[2024-04-29T18:02:05.806+0000] {logging_mixin.py:188} INFO - [2024-04-29T18:02:05.805+0000] {dag.py:3047} INFO - Sync 1 DAGs
[2024-04-29T18:02:05.862+0000] {logging_mixin.py:188} INFO - [2024-04-29T18:02:05.853+0000] {dag.py:3834} INFO - Setting next_dagrun for example_setup_teardown_taskflow to 2024-04-28 00:00:00+00:00, run_after=2024-04-29 00:00:00+00:00
[2024-04-29T18:02:05.897+0000] {processor.py:183} INFO - Processing /home/airflow/.local/lib/python3.8/site-packages/airflow/example_dags/example_setup_teardown_taskflow.py took 0.153 seconds
[2024-04-29T18:02:36.872+0000] {processor.py:161} INFO - Started process (PID=16706) to work on /home/airflow/.local/lib/python3.8/site-packages/airflow/example_dags/example_setup_teardown_taskflow.py
[2024-04-29T18:02:36.874+0000] {processor.py:830} INFO - Processing file /home/airflow/.local/lib/python3.8/site-packages/airflow/example_dags/example_setup_teardown_taskflow.py for tasks to queue
[2024-04-29T18:02:36.875+0000] {logging_mixin.py:188} INFO - [2024-04-29T18:02:36.875+0000] {dagbag.py:540} INFO - Filling up the DagBag from /home/airflow/.local/lib/python3.8/site-packages/airflow/example_dags/example_setup_teardown_taskflow.py
[2024-04-29T18:02:36.892+0000] {processor.py:840} INFO - DAG(s) 'example_setup_teardown_taskflow' retrieved from /home/airflow/.local/lib/python3.8/site-packages/airflow/example_dags/example_setup_teardown_taskflow.py
[2024-04-29T18:02:36.921+0000] {logging_mixin.py:188} INFO - [2024-04-29T18:02:36.921+0000] {dag.py:3047} INFO - Sync 1 DAGs
[2024-04-29T18:02:36.945+0000] {logging_mixin.py:188} INFO - [2024-04-29T18:02:36.945+0000] {dag.py:3834} INFO - Setting next_dagrun for example_setup_teardown_taskflow to 2024-04-28 00:00:00+00:00, run_after=2024-04-29 00:00:00+00:00
[2024-04-29T18:02:36.983+0000] {processor.py:183} INFO - Processing /home/airflow/.local/lib/python3.8/site-packages/airflow/example_dags/example_setup_teardown_taskflow.py took 0.113 seconds
[2024-04-29T18:03:07.187+0000] {processor.py:161} INFO - Started process (PID=16969) to work on /home/airflow/.local/lib/python3.8/site-packages/airflow/example_dags/example_setup_teardown_taskflow.py
[2024-04-29T18:03:07.190+0000] {processor.py:830} INFO - Processing file /home/airflow/.local/lib/python3.8/site-packages/airflow/example_dags/example_setup_teardown_taskflow.py for tasks to queue
[2024-04-29T18:03:07.191+0000] {logging_mixin.py:188} INFO - [2024-04-29T18:03:07.191+0000] {dagbag.py:540} INFO - Filling up the DagBag from /home/airflow/.local/lib/python3.8/site-packages/airflow/example_dags/example_setup_teardown_taskflow.py
[2024-04-29T18:03:07.206+0000] {processor.py:840} INFO - DAG(s) 'example_setup_teardown_taskflow' retrieved from /home/airflow/.local/lib/python3.8/site-packages/airflow/example_dags/example_setup_teardown_taskflow.py
[2024-04-29T18:03:07.233+0000] {logging_mixin.py:188} INFO - [2024-04-29T18:03:07.232+0000] {dag.py:3047} INFO - Sync 1 DAGs
[2024-04-29T18:03:07.259+0000] {logging_mixin.py:188} INFO - [2024-04-29T18:03:07.259+0000] {dag.py:3834} INFO - Setting next_dagrun for example_setup_teardown_taskflow to 2024-04-28 00:00:00+00:00, run_after=2024-04-29 00:00:00+00:00
[2024-04-29T18:03:07.287+0000] {processor.py:183} INFO - Processing /home/airflow/.local/lib/python3.8/site-packages/airflow/example_dags/example_setup_teardown_taskflow.py took 0.107 seconds
