[2024-04-29T17:30:03.609+0000] {processor.py:161} INFO - Started process (PID=271) to work on /home/airflow/.local/lib/python3.8/site-packages/airflow/example_dags/example_task_group_decorator.py
[2024-04-29T17:30:03.610+0000] {processor.py:830} INFO - Processing file /home/airflow/.local/lib/python3.8/site-packages/airflow/example_dags/example_task_group_decorator.py for tasks to queue
[2024-04-29T17:30:03.610+0000] {logging_mixin.py:188} INFO - [2024-04-29T17:30:03.610+0000] {dagbag.py:540} INFO - Filling up the DagBag from /home/airflow/.local/lib/python3.8/site-packages/airflow/example_dags/example_task_group_decorator.py
[2024-04-29T17:30:03.634+0000] {processor.py:840} INFO - DAG(s) 'example_task_group_decorator' retrieved from /home/airflow/.local/lib/python3.8/site-packages/airflow/example_dags/example_task_group_decorator.py
[2024-04-29T17:30:03.809+0000] {logging_mixin.py:188} INFO - [2024-04-29T17:30:03.809+0000] {override.py:1769} INFO - Created Permission View: can edit on DAG:example_task_group_decorator
[2024-04-29T17:30:03.837+0000] {logging_mixin.py:188} INFO - [2024-04-29T17:30:03.836+0000] {override.py:1769} INFO - Created Permission View: can delete on DAG:example_task_group_decorator
[2024-04-29T17:30:03.856+0000] {logging_mixin.py:188} INFO - [2024-04-29T17:30:03.855+0000] {override.py:1769} INFO - Created Permission View: can read on DAG:example_task_group_decorator
[2024-04-29T17:30:03.856+0000] {logging_mixin.py:188} INFO - [2024-04-29T17:30:03.856+0000] {dag.py:3047} INFO - Sync 1 DAGs
[2024-04-29T17:30:03.878+0000] {logging_mixin.py:188} INFO - [2024-04-29T17:30:03.878+0000] {dag.py:3069} INFO - Creating ORM DAG for example_task_group_decorator
[2024-04-29T17:30:03.910+0000] {logging_mixin.py:188} INFO - [2024-04-29T17:30:03.909+0000] {dag.py:3834} INFO - Setting next_dagrun for example_task_group_decorator to 2024-04-28 00:00:00+00:00, run_after=2024-04-29 00:00:00+00:00
[2024-04-29T17:30:03.940+0000] {processor.py:183} INFO - Processing /home/airflow/.local/lib/python3.8/site-packages/airflow/example_dags/example_task_group_decorator.py took 0.335 seconds
[2024-04-29T17:30:34.906+0000] {processor.py:161} INFO - Started process (PID=520) to work on /home/airflow/.local/lib/python3.8/site-packages/airflow/example_dags/example_task_group_decorator.py
[2024-04-29T17:30:34.907+0000] {processor.py:830} INFO - Processing file /home/airflow/.local/lib/python3.8/site-packages/airflow/example_dags/example_task_group_decorator.py for tasks to queue
[2024-04-29T17:30:34.908+0000] {logging_mixin.py:188} INFO - [2024-04-29T17:30:34.908+0000] {dagbag.py:540} INFO - Filling up the DagBag from /home/airflow/.local/lib/python3.8/site-packages/airflow/example_dags/example_task_group_decorator.py
[2024-04-29T17:30:34.928+0000] {processor.py:840} INFO - DAG(s) 'example_task_group_decorator' retrieved from /home/airflow/.local/lib/python3.8/site-packages/airflow/example_dags/example_task_group_decorator.py
[2024-04-29T17:30:34.958+0000] {logging_mixin.py:188} INFO - [2024-04-29T17:30:34.957+0000] {dag.py:3047} INFO - Sync 1 DAGs
[2024-04-29T17:30:34.982+0000] {logging_mixin.py:188} INFO - [2024-04-29T17:30:34.982+0000] {dag.py:3834} INFO - Setting next_dagrun for example_task_group_decorator to 2024-04-28 00:00:00+00:00, run_after=2024-04-29 00:00:00+00:00
[2024-04-29T17:30:35.007+0000] {processor.py:183} INFO - Processing /home/airflow/.local/lib/python3.8/site-packages/airflow/example_dags/example_task_group_decorator.py took 0.104 seconds
[2024-04-29T17:31:05.383+0000] {processor.py:161} INFO - Started process (PID=767) to work on /home/airflow/.local/lib/python3.8/site-packages/airflow/example_dags/example_task_group_decorator.py
[2024-04-29T17:31:05.384+0000] {processor.py:830} INFO - Processing file /home/airflow/.local/lib/python3.8/site-packages/airflow/example_dags/example_task_group_decorator.py for tasks to queue
[2024-04-29T17:31:05.385+0000] {logging_mixin.py:188} INFO - [2024-04-29T17:31:05.385+0000] {dagbag.py:540} INFO - Filling up the DagBag from /home/airflow/.local/lib/python3.8/site-packages/airflow/example_dags/example_task_group_decorator.py
[2024-04-29T17:31:05.404+0000] {processor.py:840} INFO - DAG(s) 'example_task_group_decorator' retrieved from /home/airflow/.local/lib/python3.8/site-packages/airflow/example_dags/example_task_group_decorator.py
[2024-04-29T17:31:05.435+0000] {logging_mixin.py:188} INFO - [2024-04-29T17:31:05.435+0000] {dag.py:3047} INFO - Sync 1 DAGs
[2024-04-29T17:31:05.458+0000] {logging_mixin.py:188} INFO - [2024-04-29T17:31:05.458+0000] {dag.py:3834} INFO - Setting next_dagrun for example_task_group_decorator to 2024-04-28 00:00:00+00:00, run_after=2024-04-29 00:00:00+00:00
[2024-04-29T17:31:05.484+0000] {processor.py:183} INFO - Processing /home/airflow/.local/lib/python3.8/site-packages/airflow/example_dags/example_task_group_decorator.py took 0.104 seconds
[2024-04-29T17:31:35.995+0000] {processor.py:161} INFO - Started process (PID=1014) to work on /home/airflow/.local/lib/python3.8/site-packages/airflow/example_dags/example_task_group_decorator.py
[2024-04-29T17:31:35.996+0000] {processor.py:830} INFO - Processing file /home/airflow/.local/lib/python3.8/site-packages/airflow/example_dags/example_task_group_decorator.py for tasks to queue
[2024-04-29T17:31:35.997+0000] {logging_mixin.py:188} INFO - [2024-04-29T17:31:35.996+0000] {dagbag.py:540} INFO - Filling up the DagBag from /home/airflow/.local/lib/python3.8/site-packages/airflow/example_dags/example_task_group_decorator.py
[2024-04-29T17:31:36.015+0000] {processor.py:840} INFO - DAG(s) 'example_task_group_decorator' retrieved from /home/airflow/.local/lib/python3.8/site-packages/airflow/example_dags/example_task_group_decorator.py
[2024-04-29T17:31:36.050+0000] {logging_mixin.py:188} INFO - [2024-04-29T17:31:36.049+0000] {dag.py:3047} INFO - Sync 1 DAGs
[2024-04-29T17:31:36.076+0000] {logging_mixin.py:188} INFO - [2024-04-29T17:31:36.076+0000] {dag.py:3834} INFO - Setting next_dagrun for example_task_group_decorator to 2024-04-28 00:00:00+00:00, run_after=2024-04-29 00:00:00+00:00
[2024-04-29T17:31:36.100+0000] {processor.py:183} INFO - Processing /home/airflow/.local/lib/python3.8/site-packages/airflow/example_dags/example_task_group_decorator.py took 0.108 seconds
[2024-04-29T17:32:06.332+0000] {processor.py:161} INFO - Started process (PID=1262) to work on /home/airflow/.local/lib/python3.8/site-packages/airflow/example_dags/example_task_group_decorator.py
[2024-04-29T17:32:06.333+0000] {processor.py:830} INFO - Processing file /home/airflow/.local/lib/python3.8/site-packages/airflow/example_dags/example_task_group_decorator.py for tasks to queue
[2024-04-29T17:32:06.334+0000] {logging_mixin.py:188} INFO - [2024-04-29T17:32:06.334+0000] {dagbag.py:540} INFO - Filling up the DagBag from /home/airflow/.local/lib/python3.8/site-packages/airflow/example_dags/example_task_group_decorator.py
[2024-04-29T17:32:06.353+0000] {processor.py:840} INFO - DAG(s) 'example_task_group_decorator' retrieved from /home/airflow/.local/lib/python3.8/site-packages/airflow/example_dags/example_task_group_decorator.py
[2024-04-29T17:32:06.382+0000] {logging_mixin.py:188} INFO - [2024-04-29T17:32:06.382+0000] {dag.py:3047} INFO - Sync 1 DAGs
[2024-04-29T17:32:06.410+0000] {logging_mixin.py:188} INFO - [2024-04-29T17:32:06.409+0000] {dag.py:3834} INFO - Setting next_dagrun for example_task_group_decorator to 2024-04-28 00:00:00+00:00, run_after=2024-04-29 00:00:00+00:00
[2024-04-29T17:32:06.438+0000] {processor.py:183} INFO - Processing /home/airflow/.local/lib/python3.8/site-packages/airflow/example_dags/example_task_group_decorator.py took 0.109 seconds
[2024-04-29T17:32:36.853+0000] {processor.py:161} INFO - Started process (PID=1510) to work on /home/airflow/.local/lib/python3.8/site-packages/airflow/example_dags/example_task_group_decorator.py
[2024-04-29T17:32:36.854+0000] {processor.py:830} INFO - Processing file /home/airflow/.local/lib/python3.8/site-packages/airflow/example_dags/example_task_group_decorator.py for tasks to queue
[2024-04-29T17:32:36.855+0000] {logging_mixin.py:188} INFO - [2024-04-29T17:32:36.855+0000] {dagbag.py:540} INFO - Filling up the DagBag from /home/airflow/.local/lib/python3.8/site-packages/airflow/example_dags/example_task_group_decorator.py
[2024-04-29T17:32:36.877+0000] {processor.py:840} INFO - DAG(s) 'example_task_group_decorator' retrieved from /home/airflow/.local/lib/python3.8/site-packages/airflow/example_dags/example_task_group_decorator.py
[2024-04-29T17:32:36.908+0000] {logging_mixin.py:188} INFO - [2024-04-29T17:32:36.908+0000] {dag.py:3047} INFO - Sync 1 DAGs
[2024-04-29T17:32:36.934+0000] {logging_mixin.py:188} INFO - [2024-04-29T17:32:36.933+0000] {dag.py:3834} INFO - Setting next_dagrun for example_task_group_decorator to 2024-04-28 00:00:00+00:00, run_after=2024-04-29 00:00:00+00:00
[2024-04-29T17:32:36.956+0000] {processor.py:183} INFO - Processing /home/airflow/.local/lib/python3.8/site-packages/airflow/example_dags/example_task_group_decorator.py took 0.106 seconds
[2024-04-29T17:33:07.558+0000] {processor.py:161} INFO - Started process (PID=1758) to work on /home/airflow/.local/lib/python3.8/site-packages/airflow/example_dags/example_task_group_decorator.py
[2024-04-29T17:33:07.559+0000] {processor.py:830} INFO - Processing file /home/airflow/.local/lib/python3.8/site-packages/airflow/example_dags/example_task_group_decorator.py for tasks to queue
[2024-04-29T17:33:07.560+0000] {logging_mixin.py:188} INFO - [2024-04-29T17:33:07.560+0000] {dagbag.py:540} INFO - Filling up the DagBag from /home/airflow/.local/lib/python3.8/site-packages/airflow/example_dags/example_task_group_decorator.py
[2024-04-29T17:33:07.586+0000] {processor.py:840} INFO - DAG(s) 'example_task_group_decorator' retrieved from /home/airflow/.local/lib/python3.8/site-packages/airflow/example_dags/example_task_group_decorator.py
[2024-04-29T17:33:07.619+0000] {logging_mixin.py:188} INFO - [2024-04-29T17:33:07.619+0000] {dag.py:3047} INFO - Sync 1 DAGs
[2024-04-29T17:33:07.649+0000] {logging_mixin.py:188} INFO - [2024-04-29T17:33:07.649+0000] {dag.py:3834} INFO - Setting next_dagrun for example_task_group_decorator to 2024-04-28 00:00:00+00:00, run_after=2024-04-29 00:00:00+00:00
[2024-04-29T17:33:07.679+0000] {processor.py:183} INFO - Processing /home/airflow/.local/lib/python3.8/site-packages/airflow/example_dags/example_task_group_decorator.py took 0.126 seconds
[2024-04-29T17:33:38.061+0000] {processor.py:161} INFO - Started process (PID=2005) to work on /home/airflow/.local/lib/python3.8/site-packages/airflow/example_dags/example_task_group_decorator.py
[2024-04-29T17:33:38.062+0000] {processor.py:830} INFO - Processing file /home/airflow/.local/lib/python3.8/site-packages/airflow/example_dags/example_task_group_decorator.py for tasks to queue
[2024-04-29T17:33:38.063+0000] {logging_mixin.py:188} INFO - [2024-04-29T17:33:38.063+0000] {dagbag.py:540} INFO - Filling up the DagBag from /home/airflow/.local/lib/python3.8/site-packages/airflow/example_dags/example_task_group_decorator.py
[2024-04-29T17:33:38.082+0000] {processor.py:840} INFO - DAG(s) 'example_task_group_decorator' retrieved from /home/airflow/.local/lib/python3.8/site-packages/airflow/example_dags/example_task_group_decorator.py
[2024-04-29T17:33:38.112+0000] {logging_mixin.py:188} INFO - [2024-04-29T17:33:38.112+0000] {dag.py:3047} INFO - Sync 1 DAGs
[2024-04-29T17:33:38.136+0000] {logging_mixin.py:188} INFO - [2024-04-29T17:33:38.136+0000] {dag.py:3834} INFO - Setting next_dagrun for example_task_group_decorator to 2024-04-28 00:00:00+00:00, run_after=2024-04-29 00:00:00+00:00
[2024-04-29T17:33:38.164+0000] {processor.py:183} INFO - Processing /home/airflow/.local/lib/python3.8/site-packages/airflow/example_dags/example_task_group_decorator.py took 0.106 seconds
[2024-04-29T17:34:08.551+0000] {processor.py:161} INFO - Started process (PID=2251) to work on /home/airflow/.local/lib/python3.8/site-packages/airflow/example_dags/example_task_group_decorator.py
[2024-04-29T17:34:08.552+0000] {processor.py:830} INFO - Processing file /home/airflow/.local/lib/python3.8/site-packages/airflow/example_dags/example_task_group_decorator.py for tasks to queue
[2024-04-29T17:34:08.553+0000] {logging_mixin.py:188} INFO - [2024-04-29T17:34:08.552+0000] {dagbag.py:540} INFO - Filling up the DagBag from /home/airflow/.local/lib/python3.8/site-packages/airflow/example_dags/example_task_group_decorator.py
[2024-04-29T17:34:08.574+0000] {processor.py:840} INFO - DAG(s) 'example_task_group_decorator' retrieved from /home/airflow/.local/lib/python3.8/site-packages/airflow/example_dags/example_task_group_decorator.py
[2024-04-29T17:34:08.611+0000] {logging_mixin.py:188} INFO - [2024-04-29T17:34:08.611+0000] {dag.py:3047} INFO - Sync 1 DAGs
[2024-04-29T17:34:08.639+0000] {logging_mixin.py:188} INFO - [2024-04-29T17:34:08.639+0000] {dag.py:3834} INFO - Setting next_dagrun for example_task_group_decorator to 2024-04-28 00:00:00+00:00, run_after=2024-04-29 00:00:00+00:00
[2024-04-29T17:34:08.661+0000] {processor.py:183} INFO - Processing /home/airflow/.local/lib/python3.8/site-packages/airflow/example_dags/example_task_group_decorator.py took 0.113 seconds
[2024-04-29T17:34:39.181+0000] {processor.py:161} INFO - Started process (PID=2498) to work on /home/airflow/.local/lib/python3.8/site-packages/airflow/example_dags/example_task_group_decorator.py
[2024-04-29T17:34:39.181+0000] {processor.py:830} INFO - Processing file /home/airflow/.local/lib/python3.8/site-packages/airflow/example_dags/example_task_group_decorator.py for tasks to queue
[2024-04-29T17:34:39.182+0000] {logging_mixin.py:188} INFO - [2024-04-29T17:34:39.182+0000] {dagbag.py:540} INFO - Filling up the DagBag from /home/airflow/.local/lib/python3.8/site-packages/airflow/example_dags/example_task_group_decorator.py
[2024-04-29T17:34:39.202+0000] {processor.py:840} INFO - DAG(s) 'example_task_group_decorator' retrieved from /home/airflow/.local/lib/python3.8/site-packages/airflow/example_dags/example_task_group_decorator.py
[2024-04-29T17:34:39.233+0000] {logging_mixin.py:188} INFO - [2024-04-29T17:34:39.233+0000] {dag.py:3047} INFO - Sync 1 DAGs
[2024-04-29T17:34:39.258+0000] {logging_mixin.py:188} INFO - [2024-04-29T17:34:39.257+0000] {dag.py:3834} INFO - Setting next_dagrun for example_task_group_decorator to 2024-04-28 00:00:00+00:00, run_after=2024-04-29 00:00:00+00:00
[2024-04-29T17:34:39.283+0000] {processor.py:183} INFO - Processing /home/airflow/.local/lib/python3.8/site-packages/airflow/example_dags/example_task_group_decorator.py took 0.105 seconds
[2024-04-29T17:35:09.681+0000] {processor.py:161} INFO - Started process (PID=2745) to work on /home/airflow/.local/lib/python3.8/site-packages/airflow/example_dags/example_task_group_decorator.py
[2024-04-29T17:35:09.682+0000] {processor.py:830} INFO - Processing file /home/airflow/.local/lib/python3.8/site-packages/airflow/example_dags/example_task_group_decorator.py for tasks to queue
[2024-04-29T17:35:09.683+0000] {logging_mixin.py:188} INFO - [2024-04-29T17:35:09.682+0000] {dagbag.py:540} INFO - Filling up the DagBag from /home/airflow/.local/lib/python3.8/site-packages/airflow/example_dags/example_task_group_decorator.py
[2024-04-29T17:35:09.703+0000] {processor.py:840} INFO - DAG(s) 'example_task_group_decorator' retrieved from /home/airflow/.local/lib/python3.8/site-packages/airflow/example_dags/example_task_group_decorator.py
[2024-04-29T17:35:09.746+0000] {logging_mixin.py:188} INFO - [2024-04-29T17:35:09.746+0000] {dag.py:3047} INFO - Sync 1 DAGs
[2024-04-29T17:35:09.784+0000] {logging_mixin.py:188} INFO - [2024-04-29T17:35:09.784+0000] {dag.py:3834} INFO - Setting next_dagrun for example_task_group_decorator to 2024-04-28 00:00:00+00:00, run_after=2024-04-29 00:00:00+00:00
[2024-04-29T17:35:09.830+0000] {processor.py:183} INFO - Processing /home/airflow/.local/lib/python3.8/site-packages/airflow/example_dags/example_task_group_decorator.py took 0.153 seconds
[2024-04-29T17:35:40.500+0000] {processor.py:161} INFO - Started process (PID=2992) to work on /home/airflow/.local/lib/python3.8/site-packages/airflow/example_dags/example_task_group_decorator.py
[2024-04-29T17:35:40.501+0000] {processor.py:830} INFO - Processing file /home/airflow/.local/lib/python3.8/site-packages/airflow/example_dags/example_task_group_decorator.py for tasks to queue
[2024-04-29T17:35:40.502+0000] {logging_mixin.py:188} INFO - [2024-04-29T17:35:40.502+0000] {dagbag.py:540} INFO - Filling up the DagBag from /home/airflow/.local/lib/python3.8/site-packages/airflow/example_dags/example_task_group_decorator.py
[2024-04-29T17:35:40.525+0000] {processor.py:840} INFO - DAG(s) 'example_task_group_decorator' retrieved from /home/airflow/.local/lib/python3.8/site-packages/airflow/example_dags/example_task_group_decorator.py
[2024-04-29T17:35:40.554+0000] {logging_mixin.py:188} INFO - [2024-04-29T17:35:40.554+0000] {dag.py:3047} INFO - Sync 1 DAGs
[2024-04-29T17:35:40.579+0000] {logging_mixin.py:188} INFO - [2024-04-29T17:35:40.579+0000] {dag.py:3834} INFO - Setting next_dagrun for example_task_group_decorator to 2024-04-28 00:00:00+00:00, run_after=2024-04-29 00:00:00+00:00
[2024-04-29T17:35:40.602+0000] {processor.py:183} INFO - Processing /home/airflow/.local/lib/python3.8/site-packages/airflow/example_dags/example_task_group_decorator.py took 0.105 seconds
[2024-04-29T17:36:11.129+0000] {processor.py:161} INFO - Started process (PID=3241) to work on /home/airflow/.local/lib/python3.8/site-packages/airflow/example_dags/example_task_group_decorator.py
[2024-04-29T17:36:11.130+0000] {processor.py:830} INFO - Processing file /home/airflow/.local/lib/python3.8/site-packages/airflow/example_dags/example_task_group_decorator.py for tasks to queue
[2024-04-29T17:36:11.131+0000] {logging_mixin.py:188} INFO - [2024-04-29T17:36:11.131+0000] {dagbag.py:540} INFO - Filling up the DagBag from /home/airflow/.local/lib/python3.8/site-packages/airflow/example_dags/example_task_group_decorator.py
[2024-04-29T17:36:11.150+0000] {processor.py:840} INFO - DAG(s) 'example_task_group_decorator' retrieved from /home/airflow/.local/lib/python3.8/site-packages/airflow/example_dags/example_task_group_decorator.py
[2024-04-29T17:36:11.180+0000] {logging_mixin.py:188} INFO - [2024-04-29T17:36:11.180+0000] {dag.py:3047} INFO - Sync 1 DAGs
[2024-04-29T17:36:11.204+0000] {logging_mixin.py:188} INFO - [2024-04-29T17:36:11.204+0000] {dag.py:3834} INFO - Setting next_dagrun for example_task_group_decorator to 2024-04-28 00:00:00+00:00, run_after=2024-04-29 00:00:00+00:00
[2024-04-29T17:36:11.228+0000] {processor.py:183} INFO - Processing /home/airflow/.local/lib/python3.8/site-packages/airflow/example_dags/example_task_group_decorator.py took 0.102 seconds
[2024-04-29T17:36:41.598+0000] {processor.py:161} INFO - Started process (PID=3489) to work on /home/airflow/.local/lib/python3.8/site-packages/airflow/example_dags/example_task_group_decorator.py
[2024-04-29T17:36:41.599+0000] {processor.py:830} INFO - Processing file /home/airflow/.local/lib/python3.8/site-packages/airflow/example_dags/example_task_group_decorator.py for tasks to queue
[2024-04-29T17:36:41.599+0000] {logging_mixin.py:188} INFO - [2024-04-29T17:36:41.599+0000] {dagbag.py:540} INFO - Filling up the DagBag from /home/airflow/.local/lib/python3.8/site-packages/airflow/example_dags/example_task_group_decorator.py
[2024-04-29T17:36:41.621+0000] {processor.py:840} INFO - DAG(s) 'example_task_group_decorator' retrieved from /home/airflow/.local/lib/python3.8/site-packages/airflow/example_dags/example_task_group_decorator.py
[2024-04-29T17:36:41.653+0000] {logging_mixin.py:188} INFO - [2024-04-29T17:36:41.652+0000] {dag.py:3047} INFO - Sync 1 DAGs
[2024-04-29T17:36:41.680+0000] {logging_mixin.py:188} INFO - [2024-04-29T17:36:41.680+0000] {dag.py:3834} INFO - Setting next_dagrun for example_task_group_decorator to 2024-04-28 00:00:00+00:00, run_after=2024-04-29 00:00:00+00:00
[2024-04-29T17:36:41.704+0000] {processor.py:183} INFO - Processing /home/airflow/.local/lib/python3.8/site-packages/airflow/example_dags/example_task_group_decorator.py took 0.110 seconds
[2024-04-29T17:37:13.792+0000] {processor.py:161} INFO - Started process (PID=3787) to work on /home/airflow/.local/lib/python3.8/site-packages/airflow/example_dags/example_task_group_decorator.py
[2024-04-29T17:37:13.803+0000] {processor.py:830} INFO - Processing file /home/airflow/.local/lib/python3.8/site-packages/airflow/example_dags/example_task_group_decorator.py for tasks to queue
[2024-04-29T17:37:13.804+0000] {logging_mixin.py:188} INFO - [2024-04-29T17:37:13.803+0000] {dagbag.py:540} INFO - Filling up the DagBag from /home/airflow/.local/lib/python3.8/site-packages/airflow/example_dags/example_task_group_decorator.py
[2024-04-29T17:37:13.885+0000] {processor.py:840} INFO - DAG(s) 'example_task_group_decorator' retrieved from /home/airflow/.local/lib/python3.8/site-packages/airflow/example_dags/example_task_group_decorator.py
[2024-04-29T17:37:14.051+0000] {logging_mixin.py:188} INFO - [2024-04-29T17:37:14.050+0000] {dag.py:3047} INFO - Sync 1 DAGs
[2024-04-29T17:37:14.140+0000] {logging_mixin.py:188} INFO - [2024-04-29T17:37:14.140+0000] {dag.py:3834} INFO - Setting next_dagrun for example_task_group_decorator to 2024-04-28 00:00:00+00:00, run_after=2024-04-29 00:00:00+00:00
[2024-04-29T17:37:14.263+0000] {processor.py:183} INFO - Processing /home/airflow/.local/lib/python3.8/site-packages/airflow/example_dags/example_task_group_decorator.py took 0.480 seconds
[2024-04-29T17:37:44.351+0000] {processor.py:161} INFO - Started process (PID=4130) to work on /home/airflow/.local/lib/python3.8/site-packages/airflow/example_dags/example_task_group_decorator.py
[2024-04-29T17:37:44.352+0000] {processor.py:830} INFO - Processing file /home/airflow/.local/lib/python3.8/site-packages/airflow/example_dags/example_task_group_decorator.py for tasks to queue
[2024-04-29T17:37:44.353+0000] {logging_mixin.py:188} INFO - [2024-04-29T17:37:44.353+0000] {dagbag.py:540} INFO - Filling up the DagBag from /home/airflow/.local/lib/python3.8/site-packages/airflow/example_dags/example_task_group_decorator.py
[2024-04-29T17:37:44.369+0000] {processor.py:840} INFO - DAG(s) 'example_task_group_decorator' retrieved from /home/airflow/.local/lib/python3.8/site-packages/airflow/example_dags/example_task_group_decorator.py
[2024-04-29T17:37:44.397+0000] {logging_mixin.py:188} INFO - [2024-04-29T17:37:44.397+0000] {dag.py:3047} INFO - Sync 1 DAGs
[2024-04-29T17:37:44.424+0000] {logging_mixin.py:188} INFO - [2024-04-29T17:37:44.424+0000] {dag.py:3834} INFO - Setting next_dagrun for example_task_group_decorator to 2024-04-28 00:00:00+00:00, run_after=2024-04-29 00:00:00+00:00
[2024-04-29T17:37:44.450+0000] {processor.py:183} INFO - Processing /home/airflow/.local/lib/python3.8/site-packages/airflow/example_dags/example_task_group_decorator.py took 0.102 seconds
[2024-04-29T17:38:15.504+0000] {processor.py:161} INFO - Started process (PID=4382) to work on /home/airflow/.local/lib/python3.8/site-packages/airflow/example_dags/example_task_group_decorator.py
[2024-04-29T17:38:15.505+0000] {processor.py:830} INFO - Processing file /home/airflow/.local/lib/python3.8/site-packages/airflow/example_dags/example_task_group_decorator.py for tasks to queue
[2024-04-29T17:38:15.506+0000] {logging_mixin.py:188} INFO - [2024-04-29T17:38:15.505+0000] {dagbag.py:540} INFO - Filling up the DagBag from /home/airflow/.local/lib/python3.8/site-packages/airflow/example_dags/example_task_group_decorator.py
[2024-04-29T17:38:15.525+0000] {processor.py:840} INFO - DAG(s) 'example_task_group_decorator' retrieved from /home/airflow/.local/lib/python3.8/site-packages/airflow/example_dags/example_task_group_decorator.py
[2024-04-29T17:38:15.554+0000] {logging_mixin.py:188} INFO - [2024-04-29T17:38:15.553+0000] {dag.py:3047} INFO - Sync 1 DAGs
[2024-04-29T17:38:15.580+0000] {logging_mixin.py:188} INFO - [2024-04-29T17:38:15.580+0000] {dag.py:3834} INFO - Setting next_dagrun for example_task_group_decorator to 2024-04-28 00:00:00+00:00, run_after=2024-04-29 00:00:00+00:00
[2024-04-29T17:38:15.607+0000] {processor.py:183} INFO - Processing /home/airflow/.local/lib/python3.8/site-packages/airflow/example_dags/example_task_group_decorator.py took 0.106 seconds
[2024-04-29T17:38:45.764+0000] {processor.py:161} INFO - Started process (PID=4630) to work on /home/airflow/.local/lib/python3.8/site-packages/airflow/example_dags/example_task_group_decorator.py
[2024-04-29T17:38:45.765+0000] {processor.py:830} INFO - Processing file /home/airflow/.local/lib/python3.8/site-packages/airflow/example_dags/example_task_group_decorator.py for tasks to queue
[2024-04-29T17:38:45.766+0000] {logging_mixin.py:188} INFO - [2024-04-29T17:38:45.765+0000] {dagbag.py:540} INFO - Filling up the DagBag from /home/airflow/.local/lib/python3.8/site-packages/airflow/example_dags/example_task_group_decorator.py
[2024-04-29T17:38:45.784+0000] {processor.py:840} INFO - DAG(s) 'example_task_group_decorator' retrieved from /home/airflow/.local/lib/python3.8/site-packages/airflow/example_dags/example_task_group_decorator.py
[2024-04-29T17:38:45.814+0000] {logging_mixin.py:188} INFO - [2024-04-29T17:38:45.814+0000] {dag.py:3047} INFO - Sync 1 DAGs
[2024-04-29T17:38:45.840+0000] {logging_mixin.py:188} INFO - [2024-04-29T17:38:45.840+0000] {dag.py:3834} INFO - Setting next_dagrun for example_task_group_decorator to 2024-04-28 00:00:00+00:00, run_after=2024-04-29 00:00:00+00:00
[2024-04-29T17:38:45.868+0000] {processor.py:183} INFO - Processing /home/airflow/.local/lib/python3.8/site-packages/airflow/example_dags/example_task_group_decorator.py took 0.108 seconds
[2024-04-29T17:39:16.423+0000] {processor.py:161} INFO - Started process (PID=4876) to work on /home/airflow/.local/lib/python3.8/site-packages/airflow/example_dags/example_task_group_decorator.py
[2024-04-29T17:39:16.424+0000] {processor.py:830} INFO - Processing file /home/airflow/.local/lib/python3.8/site-packages/airflow/example_dags/example_task_group_decorator.py for tasks to queue
[2024-04-29T17:39:16.425+0000] {logging_mixin.py:188} INFO - [2024-04-29T17:39:16.425+0000] {dagbag.py:540} INFO - Filling up the DagBag from /home/airflow/.local/lib/python3.8/site-packages/airflow/example_dags/example_task_group_decorator.py
[2024-04-29T17:39:16.442+0000] {processor.py:840} INFO - DAG(s) 'example_task_group_decorator' retrieved from /home/airflow/.local/lib/python3.8/site-packages/airflow/example_dags/example_task_group_decorator.py
[2024-04-29T17:39:16.477+0000] {logging_mixin.py:188} INFO - [2024-04-29T17:39:16.476+0000] {dag.py:3047} INFO - Sync 1 DAGs
[2024-04-29T17:39:16.530+0000] {logging_mixin.py:188} INFO - [2024-04-29T17:39:16.529+0000] {dag.py:3834} INFO - Setting next_dagrun for example_task_group_decorator to 2024-04-28 00:00:00+00:00, run_after=2024-04-29 00:00:00+00:00
[2024-04-29T17:39:16.618+0000] {processor.py:183} INFO - Processing /home/airflow/.local/lib/python3.8/site-packages/airflow/example_dags/example_task_group_decorator.py took 0.199 seconds
[2024-04-29T17:39:47.121+0000] {processor.py:161} INFO - Started process (PID=5122) to work on /home/airflow/.local/lib/python3.8/site-packages/airflow/example_dags/example_task_group_decorator.py
[2024-04-29T17:39:47.122+0000] {processor.py:830} INFO - Processing file /home/airflow/.local/lib/python3.8/site-packages/airflow/example_dags/example_task_group_decorator.py for tasks to queue
[2024-04-29T17:39:47.123+0000] {logging_mixin.py:188} INFO - [2024-04-29T17:39:47.122+0000] {dagbag.py:540} INFO - Filling up the DagBag from /home/airflow/.local/lib/python3.8/site-packages/airflow/example_dags/example_task_group_decorator.py
[2024-04-29T17:39:47.140+0000] {processor.py:840} INFO - DAG(s) 'example_task_group_decorator' retrieved from /home/airflow/.local/lib/python3.8/site-packages/airflow/example_dags/example_task_group_decorator.py
[2024-04-29T17:39:47.171+0000] {logging_mixin.py:188} INFO - [2024-04-29T17:39:47.170+0000] {dag.py:3047} INFO - Sync 1 DAGs
[2024-04-29T17:39:47.218+0000] {logging_mixin.py:188} INFO - [2024-04-29T17:39:47.217+0000] {dag.py:3834} INFO - Setting next_dagrun for example_task_group_decorator to 2024-04-28 00:00:00+00:00, run_after=2024-04-29 00:00:00+00:00
[2024-04-29T17:39:47.254+0000] {processor.py:183} INFO - Processing /home/airflow/.local/lib/python3.8/site-packages/airflow/example_dags/example_task_group_decorator.py took 0.136 seconds
[2024-04-29T17:40:17.735+0000] {processor.py:161} INFO - Started process (PID=5369) to work on /home/airflow/.local/lib/python3.8/site-packages/airflow/example_dags/example_task_group_decorator.py
[2024-04-29T17:40:17.736+0000] {processor.py:830} INFO - Processing file /home/airflow/.local/lib/python3.8/site-packages/airflow/example_dags/example_task_group_decorator.py for tasks to queue
[2024-04-29T17:40:17.738+0000] {logging_mixin.py:188} INFO - [2024-04-29T17:40:17.737+0000] {dagbag.py:540} INFO - Filling up the DagBag from /home/airflow/.local/lib/python3.8/site-packages/airflow/example_dags/example_task_group_decorator.py
[2024-04-29T17:40:17.767+0000] {processor.py:840} INFO - DAG(s) 'example_task_group_decorator' retrieved from /home/airflow/.local/lib/python3.8/site-packages/airflow/example_dags/example_task_group_decorator.py
[2024-04-29T17:40:17.813+0000] {logging_mixin.py:188} INFO - [2024-04-29T17:40:17.813+0000] {dag.py:3047} INFO - Sync 1 DAGs
[2024-04-29T17:40:17.839+0000] {logging_mixin.py:188} INFO - [2024-04-29T17:40:17.839+0000] {dag.py:3834} INFO - Setting next_dagrun for example_task_group_decorator to 2024-04-28 00:00:00+00:00, run_after=2024-04-29 00:00:00+00:00
[2024-04-29T17:40:17.863+0000] {processor.py:183} INFO - Processing /home/airflow/.local/lib/python3.8/site-packages/airflow/example_dags/example_task_group_decorator.py took 0.134 seconds
[2024-04-29T17:40:48.063+0000] {processor.py:161} INFO - Started process (PID=5616) to work on /home/airflow/.local/lib/python3.8/site-packages/airflow/example_dags/example_task_group_decorator.py
[2024-04-29T17:40:48.064+0000] {processor.py:830} INFO - Processing file /home/airflow/.local/lib/python3.8/site-packages/airflow/example_dags/example_task_group_decorator.py for tasks to queue
[2024-04-29T17:40:48.065+0000] {logging_mixin.py:188} INFO - [2024-04-29T17:40:48.065+0000] {dagbag.py:540} INFO - Filling up the DagBag from /home/airflow/.local/lib/python3.8/site-packages/airflow/example_dags/example_task_group_decorator.py
[2024-04-29T17:40:48.085+0000] {processor.py:840} INFO - DAG(s) 'example_task_group_decorator' retrieved from /home/airflow/.local/lib/python3.8/site-packages/airflow/example_dags/example_task_group_decorator.py
[2024-04-29T17:40:48.116+0000] {logging_mixin.py:188} INFO - [2024-04-29T17:40:48.116+0000] {dag.py:3047} INFO - Sync 1 DAGs
[2024-04-29T17:40:48.141+0000] {logging_mixin.py:188} INFO - [2024-04-29T17:40:48.141+0000] {dag.py:3834} INFO - Setting next_dagrun for example_task_group_decorator to 2024-04-28 00:00:00+00:00, run_after=2024-04-29 00:00:00+00:00
[2024-04-29T17:40:48.167+0000] {processor.py:183} INFO - Processing /home/airflow/.local/lib/python3.8/site-packages/airflow/example_dags/example_task_group_decorator.py took 0.108 seconds
[2024-04-29T17:41:18.247+0000] {processor.py:161} INFO - Started process (PID=5865) to work on /home/airflow/.local/lib/python3.8/site-packages/airflow/example_dags/example_task_group_decorator.py
[2024-04-29T17:41:18.248+0000] {processor.py:830} INFO - Processing file /home/airflow/.local/lib/python3.8/site-packages/airflow/example_dags/example_task_group_decorator.py for tasks to queue
[2024-04-29T17:41:18.249+0000] {logging_mixin.py:188} INFO - [2024-04-29T17:41:18.249+0000] {dagbag.py:540} INFO - Filling up the DagBag from /home/airflow/.local/lib/python3.8/site-packages/airflow/example_dags/example_task_group_decorator.py
[2024-04-29T17:41:18.281+0000] {processor.py:840} INFO - DAG(s) 'example_task_group_decorator' retrieved from /home/airflow/.local/lib/python3.8/site-packages/airflow/example_dags/example_task_group_decorator.py
[2024-04-29T17:41:18.337+0000] {logging_mixin.py:188} INFO - [2024-04-29T17:41:18.337+0000] {dag.py:3047} INFO - Sync 1 DAGs
[2024-04-29T17:41:18.368+0000] {logging_mixin.py:188} INFO - [2024-04-29T17:41:18.368+0000] {dag.py:3834} INFO - Setting next_dagrun for example_task_group_decorator to 2024-04-28 00:00:00+00:00, run_after=2024-04-29 00:00:00+00:00
[2024-04-29T17:41:18.392+0000] {processor.py:183} INFO - Processing /home/airflow/.local/lib/python3.8/site-packages/airflow/example_dags/example_task_group_decorator.py took 0.149 seconds
[2024-04-29T17:41:48.550+0000] {processor.py:161} INFO - Started process (PID=6115) to work on /home/airflow/.local/lib/python3.8/site-packages/airflow/example_dags/example_task_group_decorator.py
[2024-04-29T17:41:48.551+0000] {processor.py:830} INFO - Processing file /home/airflow/.local/lib/python3.8/site-packages/airflow/example_dags/example_task_group_decorator.py for tasks to queue
[2024-04-29T17:41:48.552+0000] {logging_mixin.py:188} INFO - [2024-04-29T17:41:48.552+0000] {dagbag.py:540} INFO - Filling up the DagBag from /home/airflow/.local/lib/python3.8/site-packages/airflow/example_dags/example_task_group_decorator.py
[2024-04-29T17:41:48.584+0000] {processor.py:840} INFO - DAG(s) 'example_task_group_decorator' retrieved from /home/airflow/.local/lib/python3.8/site-packages/airflow/example_dags/example_task_group_decorator.py
[2024-04-29T17:41:48.621+0000] {logging_mixin.py:188} INFO - [2024-04-29T17:41:48.621+0000] {dag.py:3047} INFO - Sync 1 DAGs
[2024-04-29T17:41:48.646+0000] {logging_mixin.py:188} INFO - [2024-04-29T17:41:48.645+0000] {dag.py:3834} INFO - Setting next_dagrun for example_task_group_decorator to 2024-04-28 00:00:00+00:00, run_after=2024-04-29 00:00:00+00:00
[2024-04-29T17:41:48.665+0000] {processor.py:183} INFO - Processing /home/airflow/.local/lib/python3.8/site-packages/airflow/example_dags/example_task_group_decorator.py took 0.119 seconds
[2024-04-29T17:42:18.903+0000] {processor.py:161} INFO - Started process (PID=6359) to work on /home/airflow/.local/lib/python3.8/site-packages/airflow/example_dags/example_task_group_decorator.py
[2024-04-29T17:42:18.904+0000] {processor.py:830} INFO - Processing file /home/airflow/.local/lib/python3.8/site-packages/airflow/example_dags/example_task_group_decorator.py for tasks to queue
[2024-04-29T17:42:18.905+0000] {logging_mixin.py:188} INFO - [2024-04-29T17:42:18.905+0000] {dagbag.py:540} INFO - Filling up the DagBag from /home/airflow/.local/lib/python3.8/site-packages/airflow/example_dags/example_task_group_decorator.py
[2024-04-29T17:42:18.918+0000] {processor.py:840} INFO - DAG(s) 'example_task_group_decorator' retrieved from /home/airflow/.local/lib/python3.8/site-packages/airflow/example_dags/example_task_group_decorator.py
[2024-04-29T17:42:18.938+0000] {logging_mixin.py:188} INFO - [2024-04-29T17:42:18.938+0000] {dag.py:3047} INFO - Sync 1 DAGs
[2024-04-29T17:42:18.956+0000] {logging_mixin.py:188} INFO - [2024-04-29T17:42:18.956+0000] {dag.py:3834} INFO - Setting next_dagrun for example_task_group_decorator to 2024-04-28 00:00:00+00:00, run_after=2024-04-29 00:00:00+00:00
[2024-04-29T17:42:18.976+0000] {processor.py:183} INFO - Processing /home/airflow/.local/lib/python3.8/site-packages/airflow/example_dags/example_task_group_decorator.py took 0.075 seconds
[2024-04-29T17:42:49.362+0000] {processor.py:161} INFO - Started process (PID=6604) to work on /home/airflow/.local/lib/python3.8/site-packages/airflow/example_dags/example_task_group_decorator.py
[2024-04-29T17:42:49.363+0000] {processor.py:830} INFO - Processing file /home/airflow/.local/lib/python3.8/site-packages/airflow/example_dags/example_task_group_decorator.py for tasks to queue
[2024-04-29T17:42:49.364+0000] {logging_mixin.py:188} INFO - [2024-04-29T17:42:49.363+0000] {dagbag.py:540} INFO - Filling up the DagBag from /home/airflow/.local/lib/python3.8/site-packages/airflow/example_dags/example_task_group_decorator.py
[2024-04-29T17:42:49.382+0000] {processor.py:840} INFO - DAG(s) 'example_task_group_decorator' retrieved from /home/airflow/.local/lib/python3.8/site-packages/airflow/example_dags/example_task_group_decorator.py
[2024-04-29T17:42:49.415+0000] {logging_mixin.py:188} INFO - [2024-04-29T17:42:49.415+0000] {dag.py:3047} INFO - Sync 1 DAGs
[2024-04-29T17:42:49.442+0000] {logging_mixin.py:188} INFO - [2024-04-29T17:42:49.442+0000] {dag.py:3834} INFO - Setting next_dagrun for example_task_group_decorator to 2024-04-28 00:00:00+00:00, run_after=2024-04-29 00:00:00+00:00
[2024-04-29T17:42:49.466+0000] {processor.py:183} INFO - Processing /home/airflow/.local/lib/python3.8/site-packages/airflow/example_dags/example_task_group_decorator.py took 0.108 seconds
[2024-04-29T17:43:19.564+0000] {processor.py:161} INFO - Started process (PID=6853) to work on /home/airflow/.local/lib/python3.8/site-packages/airflow/example_dags/example_task_group_decorator.py
[2024-04-29T17:43:19.565+0000] {processor.py:830} INFO - Processing file /home/airflow/.local/lib/python3.8/site-packages/airflow/example_dags/example_task_group_decorator.py for tasks to queue
[2024-04-29T17:43:19.565+0000] {logging_mixin.py:188} INFO - [2024-04-29T17:43:19.565+0000] {dagbag.py:540} INFO - Filling up the DagBag from /home/airflow/.local/lib/python3.8/site-packages/airflow/example_dags/example_task_group_decorator.py
[2024-04-29T17:43:19.578+0000] {processor.py:840} INFO - DAG(s) 'example_task_group_decorator' retrieved from /home/airflow/.local/lib/python3.8/site-packages/airflow/example_dags/example_task_group_decorator.py
[2024-04-29T17:43:19.598+0000] {logging_mixin.py:188} INFO - [2024-04-29T17:43:19.598+0000] {dag.py:3047} INFO - Sync 1 DAGs
[2024-04-29T17:43:19.615+0000] {logging_mixin.py:188} INFO - [2024-04-29T17:43:19.615+0000] {dag.py:3834} INFO - Setting next_dagrun for example_task_group_decorator to 2024-04-28 00:00:00+00:00, run_after=2024-04-29 00:00:00+00:00
[2024-04-29T17:43:19.636+0000] {processor.py:183} INFO - Processing /home/airflow/.local/lib/python3.8/site-packages/airflow/example_dags/example_task_group_decorator.py took 0.075 seconds
[2024-04-29T17:43:49.808+0000] {processor.py:161} INFO - Started process (PID=7098) to work on /home/airflow/.local/lib/python3.8/site-packages/airflow/example_dags/example_task_group_decorator.py
[2024-04-29T17:43:49.809+0000] {processor.py:830} INFO - Processing file /home/airflow/.local/lib/python3.8/site-packages/airflow/example_dags/example_task_group_decorator.py for tasks to queue
[2024-04-29T17:43:49.811+0000] {logging_mixin.py:188} INFO - [2024-04-29T17:43:49.810+0000] {dagbag.py:540} INFO - Filling up the DagBag from /home/airflow/.local/lib/python3.8/site-packages/airflow/example_dags/example_task_group_decorator.py
[2024-04-29T17:43:49.828+0000] {processor.py:840} INFO - DAG(s) 'example_task_group_decorator' retrieved from /home/airflow/.local/lib/python3.8/site-packages/airflow/example_dags/example_task_group_decorator.py
[2024-04-29T17:43:49.856+0000] {logging_mixin.py:188} INFO - [2024-04-29T17:43:49.856+0000] {dag.py:3047} INFO - Sync 1 DAGs
[2024-04-29T17:43:49.882+0000] {logging_mixin.py:188} INFO - [2024-04-29T17:43:49.882+0000] {dag.py:3834} INFO - Setting next_dagrun for example_task_group_decorator to 2024-04-28 00:00:00+00:00, run_after=2024-04-29 00:00:00+00:00
[2024-04-29T17:43:49.905+0000] {processor.py:183} INFO - Processing /home/airflow/.local/lib/python3.8/site-packages/airflow/example_dags/example_task_group_decorator.py took 0.100 seconds
[2024-04-29T17:44:20.211+0000] {processor.py:161} INFO - Started process (PID=7345) to work on /home/airflow/.local/lib/python3.8/site-packages/airflow/example_dags/example_task_group_decorator.py
[2024-04-29T17:44:20.212+0000] {processor.py:830} INFO - Processing file /home/airflow/.local/lib/python3.8/site-packages/airflow/example_dags/example_task_group_decorator.py for tasks to queue
[2024-04-29T17:44:20.213+0000] {logging_mixin.py:188} INFO - [2024-04-29T17:44:20.212+0000] {dagbag.py:540} INFO - Filling up the DagBag from /home/airflow/.local/lib/python3.8/site-packages/airflow/example_dags/example_task_group_decorator.py
[2024-04-29T17:44:20.231+0000] {processor.py:840} INFO - DAG(s) 'example_task_group_decorator' retrieved from /home/airflow/.local/lib/python3.8/site-packages/airflow/example_dags/example_task_group_decorator.py
[2024-04-29T17:44:20.260+0000] {logging_mixin.py:188} INFO - [2024-04-29T17:44:20.260+0000] {dag.py:3047} INFO - Sync 1 DAGs
[2024-04-29T17:44:20.287+0000] {logging_mixin.py:188} INFO - [2024-04-29T17:44:20.286+0000] {dag.py:3834} INFO - Setting next_dagrun for example_task_group_decorator to 2024-04-28 00:00:00+00:00, run_after=2024-04-29 00:00:00+00:00
[2024-04-29T17:44:20.311+0000] {processor.py:183} INFO - Processing /home/airflow/.local/lib/python3.8/site-packages/airflow/example_dags/example_task_group_decorator.py took 0.104 seconds
[2024-04-29T17:44:50.588+0000] {processor.py:161} INFO - Started process (PID=7594) to work on /home/airflow/.local/lib/python3.8/site-packages/airflow/example_dags/example_task_group_decorator.py
[2024-04-29T17:44:50.594+0000] {processor.py:830} INFO - Processing file /home/airflow/.local/lib/python3.8/site-packages/airflow/example_dags/example_task_group_decorator.py for tasks to queue
[2024-04-29T17:44:50.595+0000] {logging_mixin.py:188} INFO - [2024-04-29T17:44:50.595+0000] {dagbag.py:540} INFO - Filling up the DagBag from /home/airflow/.local/lib/python3.8/site-packages/airflow/example_dags/example_task_group_decorator.py
[2024-04-29T17:44:50.651+0000] {processor.py:840} INFO - DAG(s) 'example_task_group_decorator' retrieved from /home/airflow/.local/lib/python3.8/site-packages/airflow/example_dags/example_task_group_decorator.py
[2024-04-29T17:44:50.715+0000] {logging_mixin.py:188} INFO - [2024-04-29T17:44:50.714+0000] {dag.py:3047} INFO - Sync 1 DAGs
[2024-04-29T17:44:50.755+0000] {logging_mixin.py:188} INFO - [2024-04-29T17:44:50.755+0000] {dag.py:3834} INFO - Setting next_dagrun for example_task_group_decorator to 2024-04-28 00:00:00+00:00, run_after=2024-04-29 00:00:00+00:00
[2024-04-29T17:44:50.780+0000] {processor.py:183} INFO - Processing /home/airflow/.local/lib/python3.8/site-packages/airflow/example_dags/example_task_group_decorator.py took 0.195 seconds
[2024-04-29T17:45:21.079+0000] {processor.py:161} INFO - Started process (PID=7840) to work on /home/airflow/.local/lib/python3.8/site-packages/airflow/example_dags/example_task_group_decorator.py
[2024-04-29T17:45:21.080+0000] {processor.py:830} INFO - Processing file /home/airflow/.local/lib/python3.8/site-packages/airflow/example_dags/example_task_group_decorator.py for tasks to queue
[2024-04-29T17:45:21.081+0000] {logging_mixin.py:188} INFO - [2024-04-29T17:45:21.081+0000] {dagbag.py:540} INFO - Filling up the DagBag from /home/airflow/.local/lib/python3.8/site-packages/airflow/example_dags/example_task_group_decorator.py
[2024-04-29T17:45:21.100+0000] {processor.py:840} INFO - DAG(s) 'example_task_group_decorator' retrieved from /home/airflow/.local/lib/python3.8/site-packages/airflow/example_dags/example_task_group_decorator.py
[2024-04-29T17:45:21.131+0000] {logging_mixin.py:188} INFO - [2024-04-29T17:45:21.131+0000] {dag.py:3047} INFO - Sync 1 DAGs
[2024-04-29T17:45:21.158+0000] {logging_mixin.py:188} INFO - [2024-04-29T17:45:21.158+0000] {dag.py:3834} INFO - Setting next_dagrun for example_task_group_decorator to 2024-04-28 00:00:00+00:00, run_after=2024-04-29 00:00:00+00:00
[2024-04-29T17:45:21.183+0000] {processor.py:183} INFO - Processing /home/airflow/.local/lib/python3.8/site-packages/airflow/example_dags/example_task_group_decorator.py took 0.107 seconds
[2024-04-29T17:45:51.463+0000] {processor.py:161} INFO - Started process (PID=8088) to work on /home/airflow/.local/lib/python3.8/site-packages/airflow/example_dags/example_task_group_decorator.py
[2024-04-29T17:45:51.464+0000] {processor.py:830} INFO - Processing file /home/airflow/.local/lib/python3.8/site-packages/airflow/example_dags/example_task_group_decorator.py for tasks to queue
[2024-04-29T17:45:51.465+0000] {logging_mixin.py:188} INFO - [2024-04-29T17:45:51.465+0000] {dagbag.py:540} INFO - Filling up the DagBag from /home/airflow/.local/lib/python3.8/site-packages/airflow/example_dags/example_task_group_decorator.py
[2024-04-29T17:45:51.484+0000] {processor.py:840} INFO - DAG(s) 'example_task_group_decorator' retrieved from /home/airflow/.local/lib/python3.8/site-packages/airflow/example_dags/example_task_group_decorator.py
[2024-04-29T17:45:51.516+0000] {logging_mixin.py:188} INFO - [2024-04-29T17:45:51.516+0000] {dag.py:3047} INFO - Sync 1 DAGs
[2024-04-29T17:45:51.543+0000] {logging_mixin.py:188} INFO - [2024-04-29T17:45:51.543+0000] {dag.py:3834} INFO - Setting next_dagrun for example_task_group_decorator to 2024-04-28 00:00:00+00:00, run_after=2024-04-29 00:00:00+00:00
[2024-04-29T17:45:51.572+0000] {processor.py:183} INFO - Processing /home/airflow/.local/lib/python3.8/site-packages/airflow/example_dags/example_task_group_decorator.py took 0.112 seconds
[2024-04-29T17:46:21.714+0000] {processor.py:161} INFO - Started process (PID=8336) to work on /home/airflow/.local/lib/python3.8/site-packages/airflow/example_dags/example_task_group_decorator.py
[2024-04-29T17:46:21.715+0000] {processor.py:830} INFO - Processing file /home/airflow/.local/lib/python3.8/site-packages/airflow/example_dags/example_task_group_decorator.py for tasks to queue
[2024-04-29T17:46:21.716+0000] {logging_mixin.py:188} INFO - [2024-04-29T17:46:21.716+0000] {dagbag.py:540} INFO - Filling up the DagBag from /home/airflow/.local/lib/python3.8/site-packages/airflow/example_dags/example_task_group_decorator.py
[2024-04-29T17:46:21.736+0000] {processor.py:840} INFO - DAG(s) 'example_task_group_decorator' retrieved from /home/airflow/.local/lib/python3.8/site-packages/airflow/example_dags/example_task_group_decorator.py
[2024-04-29T17:46:21.765+0000] {logging_mixin.py:188} INFO - [2024-04-29T17:46:21.765+0000] {dag.py:3047} INFO - Sync 1 DAGs
[2024-04-29T17:46:21.794+0000] {logging_mixin.py:188} INFO - [2024-04-29T17:46:21.793+0000] {dag.py:3834} INFO - Setting next_dagrun for example_task_group_decorator to 2024-04-28 00:00:00+00:00, run_after=2024-04-29 00:00:00+00:00
[2024-04-29T17:46:21.820+0000] {processor.py:183} INFO - Processing /home/airflow/.local/lib/python3.8/site-packages/airflow/example_dags/example_task_group_decorator.py took 0.113 seconds
[2024-04-29T17:46:52.045+0000] {processor.py:161} INFO - Started process (PID=8585) to work on /home/airflow/.local/lib/python3.8/site-packages/airflow/example_dags/example_task_group_decorator.py
[2024-04-29T17:46:52.047+0000] {processor.py:830} INFO - Processing file /home/airflow/.local/lib/python3.8/site-packages/airflow/example_dags/example_task_group_decorator.py for tasks to queue
[2024-04-29T17:46:52.048+0000] {logging_mixin.py:188} INFO - [2024-04-29T17:46:52.047+0000] {dagbag.py:540} INFO - Filling up the DagBag from /home/airflow/.local/lib/python3.8/site-packages/airflow/example_dags/example_task_group_decorator.py
[2024-04-29T17:46:52.070+0000] {processor.py:840} INFO - DAG(s) 'example_task_group_decorator' retrieved from /home/airflow/.local/lib/python3.8/site-packages/airflow/example_dags/example_task_group_decorator.py
[2024-04-29T17:46:52.101+0000] {logging_mixin.py:188} INFO - [2024-04-29T17:46:52.101+0000] {dag.py:3047} INFO - Sync 1 DAGs
[2024-04-29T17:46:52.129+0000] {logging_mixin.py:188} INFO - [2024-04-29T17:46:52.128+0000] {dag.py:3834} INFO - Setting next_dagrun for example_task_group_decorator to 2024-04-28 00:00:00+00:00, run_after=2024-04-29 00:00:00+00:00
[2024-04-29T17:46:52.159+0000] {processor.py:183} INFO - Processing /home/airflow/.local/lib/python3.8/site-packages/airflow/example_dags/example_task_group_decorator.py took 0.117 seconds
[2024-04-29T17:47:22.692+0000] {processor.py:161} INFO - Started process (PID=8833) to work on /home/airflow/.local/lib/python3.8/site-packages/airflow/example_dags/example_task_group_decorator.py
[2024-04-29T17:47:22.693+0000] {processor.py:830} INFO - Processing file /home/airflow/.local/lib/python3.8/site-packages/airflow/example_dags/example_task_group_decorator.py for tasks to queue
[2024-04-29T17:47:22.694+0000] {logging_mixin.py:188} INFO - [2024-04-29T17:47:22.694+0000] {dagbag.py:540} INFO - Filling up the DagBag from /home/airflow/.local/lib/python3.8/site-packages/airflow/example_dags/example_task_group_decorator.py
[2024-04-29T17:47:22.714+0000] {processor.py:840} INFO - DAG(s) 'example_task_group_decorator' retrieved from /home/airflow/.local/lib/python3.8/site-packages/airflow/example_dags/example_task_group_decorator.py
[2024-04-29T17:47:22.748+0000] {logging_mixin.py:188} INFO - [2024-04-29T17:47:22.747+0000] {dag.py:3047} INFO - Sync 1 DAGs
[2024-04-29T17:47:22.771+0000] {logging_mixin.py:188} INFO - [2024-04-29T17:47:22.771+0000] {dag.py:3834} INFO - Setting next_dagrun for example_task_group_decorator to 2024-04-28 00:00:00+00:00, run_after=2024-04-29 00:00:00+00:00
[2024-04-29T17:47:22.794+0000] {processor.py:183} INFO - Processing /home/airflow/.local/lib/python3.8/site-packages/airflow/example_dags/example_task_group_decorator.py took 0.105 seconds
[2024-04-29T17:47:52.988+0000] {processor.py:161} INFO - Started process (PID=9079) to work on /home/airflow/.local/lib/python3.8/site-packages/airflow/example_dags/example_task_group_decorator.py
[2024-04-29T17:47:52.989+0000] {processor.py:830} INFO - Processing file /home/airflow/.local/lib/python3.8/site-packages/airflow/example_dags/example_task_group_decorator.py for tasks to queue
[2024-04-29T17:47:52.990+0000] {logging_mixin.py:188} INFO - [2024-04-29T17:47:52.990+0000] {dagbag.py:540} INFO - Filling up the DagBag from /home/airflow/.local/lib/python3.8/site-packages/airflow/example_dags/example_task_group_decorator.py
[2024-04-29T17:47:53.007+0000] {processor.py:840} INFO - DAG(s) 'example_task_group_decorator' retrieved from /home/airflow/.local/lib/python3.8/site-packages/airflow/example_dags/example_task_group_decorator.py
[2024-04-29T17:47:53.039+0000] {logging_mixin.py:188} INFO - [2024-04-29T17:47:53.039+0000] {dag.py:3047} INFO - Sync 1 DAGs
[2024-04-29T17:47:53.091+0000] {logging_mixin.py:188} INFO - [2024-04-29T17:47:53.091+0000] {dag.py:3834} INFO - Setting next_dagrun for example_task_group_decorator to 2024-04-28 00:00:00+00:00, run_after=2024-04-29 00:00:00+00:00
[2024-04-29T17:47:53.128+0000] {processor.py:183} INFO - Processing /home/airflow/.local/lib/python3.8/site-packages/airflow/example_dags/example_task_group_decorator.py took 0.144 seconds
[2024-04-29T17:48:23.545+0000] {processor.py:161} INFO - Started process (PID=9326) to work on /home/airflow/.local/lib/python3.8/site-packages/airflow/example_dags/example_task_group_decorator.py
[2024-04-29T17:48:23.546+0000] {processor.py:830} INFO - Processing file /home/airflow/.local/lib/python3.8/site-packages/airflow/example_dags/example_task_group_decorator.py for tasks to queue
[2024-04-29T17:48:23.547+0000] {logging_mixin.py:188} INFO - [2024-04-29T17:48:23.547+0000] {dagbag.py:540} INFO - Filling up the DagBag from /home/airflow/.local/lib/python3.8/site-packages/airflow/example_dags/example_task_group_decorator.py
[2024-04-29T17:48:23.566+0000] {processor.py:840} INFO - DAG(s) 'example_task_group_decorator' retrieved from /home/airflow/.local/lib/python3.8/site-packages/airflow/example_dags/example_task_group_decorator.py
[2024-04-29T17:48:23.598+0000] {logging_mixin.py:188} INFO - [2024-04-29T17:48:23.597+0000] {dag.py:3047} INFO - Sync 1 DAGs
[2024-04-29T17:48:23.626+0000] {logging_mixin.py:188} INFO - [2024-04-29T17:48:23.625+0000] {dag.py:3834} INFO - Setting next_dagrun for example_task_group_decorator to 2024-04-28 00:00:00+00:00, run_after=2024-04-29 00:00:00+00:00
[2024-04-29T17:48:23.653+0000] {processor.py:183} INFO - Processing /home/airflow/.local/lib/python3.8/site-packages/airflow/example_dags/example_task_group_decorator.py took 0.111 seconds
[2024-04-29T17:48:53.783+0000] {processor.py:161} INFO - Started process (PID=9574) to work on /home/airflow/.local/lib/python3.8/site-packages/airflow/example_dags/example_task_group_decorator.py
[2024-04-29T17:48:53.785+0000] {processor.py:830} INFO - Processing file /home/airflow/.local/lib/python3.8/site-packages/airflow/example_dags/example_task_group_decorator.py for tasks to queue
[2024-04-29T17:48:53.786+0000] {logging_mixin.py:188} INFO - [2024-04-29T17:48:53.785+0000] {dagbag.py:540} INFO - Filling up the DagBag from /home/airflow/.local/lib/python3.8/site-packages/airflow/example_dags/example_task_group_decorator.py
[2024-04-29T17:48:53.804+0000] {processor.py:840} INFO - DAG(s) 'example_task_group_decorator' retrieved from /home/airflow/.local/lib/python3.8/site-packages/airflow/example_dags/example_task_group_decorator.py
[2024-04-29T17:48:53.832+0000] {logging_mixin.py:188} INFO - [2024-04-29T17:48:53.832+0000] {dag.py:3047} INFO - Sync 1 DAGs
[2024-04-29T17:48:53.858+0000] {logging_mixin.py:188} INFO - [2024-04-29T17:48:53.858+0000] {dag.py:3834} INFO - Setting next_dagrun for example_task_group_decorator to 2024-04-28 00:00:00+00:00, run_after=2024-04-29 00:00:00+00:00
[2024-04-29T17:48:53.883+0000] {processor.py:183} INFO - Processing /home/airflow/.local/lib/python3.8/site-packages/airflow/example_dags/example_task_group_decorator.py took 0.103 seconds
[2024-04-29T17:49:24.006+0000] {processor.py:161} INFO - Started process (PID=9822) to work on /home/airflow/.local/lib/python3.8/site-packages/airflow/example_dags/example_task_group_decorator.py
[2024-04-29T17:49:24.007+0000] {processor.py:830} INFO - Processing file /home/airflow/.local/lib/python3.8/site-packages/airflow/example_dags/example_task_group_decorator.py for tasks to queue
[2024-04-29T17:49:24.009+0000] {logging_mixin.py:188} INFO - [2024-04-29T17:49:24.008+0000] {dagbag.py:540} INFO - Filling up the DagBag from /home/airflow/.local/lib/python3.8/site-packages/airflow/example_dags/example_task_group_decorator.py
[2024-04-29T17:49:24.026+0000] {processor.py:840} INFO - DAG(s) 'example_task_group_decorator' retrieved from /home/airflow/.local/lib/python3.8/site-packages/airflow/example_dags/example_task_group_decorator.py
[2024-04-29T17:49:24.056+0000] {logging_mixin.py:188} INFO - [2024-04-29T17:49:24.056+0000] {dag.py:3047} INFO - Sync 1 DAGs
[2024-04-29T17:49:24.081+0000] {logging_mixin.py:188} INFO - [2024-04-29T17:49:24.081+0000] {dag.py:3834} INFO - Setting next_dagrun for example_task_group_decorator to 2024-04-28 00:00:00+00:00, run_after=2024-04-29 00:00:00+00:00
[2024-04-29T17:49:24.105+0000] {processor.py:183} INFO - Processing /home/airflow/.local/lib/python3.8/site-packages/airflow/example_dags/example_task_group_decorator.py took 0.104 seconds
[2024-04-29T17:49:54.499+0000] {processor.py:161} INFO - Started process (PID=10070) to work on /home/airflow/.local/lib/python3.8/site-packages/airflow/example_dags/example_task_group_decorator.py
[2024-04-29T17:49:54.500+0000] {processor.py:830} INFO - Processing file /home/airflow/.local/lib/python3.8/site-packages/airflow/example_dags/example_task_group_decorator.py for tasks to queue
[2024-04-29T17:49:54.501+0000] {logging_mixin.py:188} INFO - [2024-04-29T17:49:54.501+0000] {dagbag.py:540} INFO - Filling up the DagBag from /home/airflow/.local/lib/python3.8/site-packages/airflow/example_dags/example_task_group_decorator.py
[2024-04-29T17:49:54.521+0000] {processor.py:840} INFO - DAG(s) 'example_task_group_decorator' retrieved from /home/airflow/.local/lib/python3.8/site-packages/airflow/example_dags/example_task_group_decorator.py
[2024-04-29T17:49:54.564+0000] {logging_mixin.py:188} INFO - [2024-04-29T17:49:54.564+0000] {dag.py:3047} INFO - Sync 1 DAGs
[2024-04-29T17:49:54.592+0000] {logging_mixin.py:188} INFO - [2024-04-29T17:49:54.592+0000] {dag.py:3834} INFO - Setting next_dagrun for example_task_group_decorator to 2024-04-28 00:00:00+00:00, run_after=2024-04-29 00:00:00+00:00
[2024-04-29T17:49:54.616+0000] {processor.py:183} INFO - Processing /home/airflow/.local/lib/python3.8/site-packages/airflow/example_dags/example_task_group_decorator.py took 0.121 seconds
[2024-04-29T17:50:25.612+0000] {processor.py:161} INFO - Started process (PID=10357) to work on /home/airflow/.local/lib/python3.8/site-packages/airflow/example_dags/example_task_group_decorator.py
[2024-04-29T17:50:25.614+0000] {processor.py:830} INFO - Processing file /home/airflow/.local/lib/python3.8/site-packages/airflow/example_dags/example_task_group_decorator.py for tasks to queue
[2024-04-29T17:50:25.623+0000] {logging_mixin.py:188} INFO - [2024-04-29T17:50:25.614+0000] {dagbag.py:540} INFO - Filling up the DagBag from /home/airflow/.local/lib/python3.8/site-packages/airflow/example_dags/example_task_group_decorator.py
[2024-04-29T17:50:25.682+0000] {processor.py:840} INFO - DAG(s) 'example_task_group_decorator' retrieved from /home/airflow/.local/lib/python3.8/site-packages/airflow/example_dags/example_task_group_decorator.py
[2024-04-29T17:50:25.719+0000] {logging_mixin.py:188} INFO - [2024-04-29T17:50:25.718+0000] {dag.py:3047} INFO - Sync 1 DAGs
[2024-04-29T17:50:25.755+0000] {logging_mixin.py:188} INFO - [2024-04-29T17:50:25.755+0000] {dag.py:3834} INFO - Setting next_dagrun for example_task_group_decorator to 2024-04-28 00:00:00+00:00, run_after=2024-04-29 00:00:00+00:00
[2024-04-29T17:50:25.789+0000] {processor.py:183} INFO - Processing /home/airflow/.local/lib/python3.8/site-packages/airflow/example_dags/example_task_group_decorator.py took 0.180 seconds
[2024-04-29T17:50:56.494+0000] {processor.py:161} INFO - Started process (PID=10639) to work on /home/airflow/.local/lib/python3.8/site-packages/airflow/example_dags/example_task_group_decorator.py
[2024-04-29T17:50:56.496+0000] {processor.py:830} INFO - Processing file /home/airflow/.local/lib/python3.8/site-packages/airflow/example_dags/example_task_group_decorator.py for tasks to queue
[2024-04-29T17:50:56.497+0000] {logging_mixin.py:188} INFO - [2024-04-29T17:50:56.496+0000] {dagbag.py:540} INFO - Filling up the DagBag from /home/airflow/.local/lib/python3.8/site-packages/airflow/example_dags/example_task_group_decorator.py
[2024-04-29T17:50:56.519+0000] {processor.py:840} INFO - DAG(s) 'example_task_group_decorator' retrieved from /home/airflow/.local/lib/python3.8/site-packages/airflow/example_dags/example_task_group_decorator.py
[2024-04-29T17:50:56.579+0000] {logging_mixin.py:188} INFO - [2024-04-29T17:50:56.578+0000] {dag.py:3047} INFO - Sync 1 DAGs
[2024-04-29T17:50:56.608+0000] {logging_mixin.py:188} INFO - [2024-04-29T17:50:56.608+0000] {dag.py:3834} INFO - Setting next_dagrun for example_task_group_decorator to 2024-04-28 00:00:00+00:00, run_after=2024-04-29 00:00:00+00:00
[2024-04-29T17:50:56.636+0000] {processor.py:183} INFO - Processing /home/airflow/.local/lib/python3.8/site-packages/airflow/example_dags/example_task_group_decorator.py took 0.146 seconds
[2024-04-29T17:51:27.251+0000] {processor.py:161} INFO - Started process (PID=10917) to work on /home/airflow/.local/lib/python3.8/site-packages/airflow/example_dags/example_task_group_decorator.py
[2024-04-29T17:51:27.253+0000] {processor.py:830} INFO - Processing file /home/airflow/.local/lib/python3.8/site-packages/airflow/example_dags/example_task_group_decorator.py for tasks to queue
[2024-04-29T17:51:27.254+0000] {logging_mixin.py:188} INFO - [2024-04-29T17:51:27.253+0000] {dagbag.py:540} INFO - Filling up the DagBag from /home/airflow/.local/lib/python3.8/site-packages/airflow/example_dags/example_task_group_decorator.py
[2024-04-29T17:51:27.273+0000] {processor.py:840} INFO - DAG(s) 'example_task_group_decorator' retrieved from /home/airflow/.local/lib/python3.8/site-packages/airflow/example_dags/example_task_group_decorator.py
[2024-04-29T17:51:27.306+0000] {logging_mixin.py:188} INFO - [2024-04-29T17:51:27.306+0000] {dag.py:3047} INFO - Sync 1 DAGs
[2024-04-29T17:51:27.333+0000] {logging_mixin.py:188} INFO - [2024-04-29T17:51:27.333+0000] {dag.py:3834} INFO - Setting next_dagrun for example_task_group_decorator to 2024-04-28 00:00:00+00:00, run_after=2024-04-29 00:00:00+00:00
[2024-04-29T17:51:27.360+0000] {processor.py:183} INFO - Processing /home/airflow/.local/lib/python3.8/site-packages/airflow/example_dags/example_task_group_decorator.py took 0.112 seconds
[2024-04-29T17:51:58.042+0000] {processor.py:161} INFO - Started process (PID=11193) to work on /home/airflow/.local/lib/python3.8/site-packages/airflow/example_dags/example_task_group_decorator.py
[2024-04-29T17:51:58.050+0000] {processor.py:830} INFO - Processing file /home/airflow/.local/lib/python3.8/site-packages/airflow/example_dags/example_task_group_decorator.py for tasks to queue
[2024-04-29T17:51:58.052+0000] {logging_mixin.py:188} INFO - [2024-04-29T17:51:58.051+0000] {dagbag.py:540} INFO - Filling up the DagBag from /home/airflow/.local/lib/python3.8/site-packages/airflow/example_dags/example_task_group_decorator.py
[2024-04-29T17:51:58.074+0000] {processor.py:840} INFO - DAG(s) 'example_task_group_decorator' retrieved from /home/airflow/.local/lib/python3.8/site-packages/airflow/example_dags/example_task_group_decorator.py
[2024-04-29T17:51:58.105+0000] {logging_mixin.py:188} INFO - [2024-04-29T17:51:58.104+0000] {dag.py:3047} INFO - Sync 1 DAGs
[2024-04-29T17:51:58.129+0000] {logging_mixin.py:188} INFO - [2024-04-29T17:51:58.129+0000] {dag.py:3834} INFO - Setting next_dagrun for example_task_group_decorator to 2024-04-28 00:00:00+00:00, run_after=2024-04-29 00:00:00+00:00
[2024-04-29T17:51:58.155+0000] {processor.py:183} INFO - Processing /home/airflow/.local/lib/python3.8/site-packages/airflow/example_dags/example_task_group_decorator.py took 0.120 seconds
[2024-04-29T17:52:28.718+0000] {processor.py:161} INFO - Started process (PID=11470) to work on /home/airflow/.local/lib/python3.8/site-packages/airflow/example_dags/example_task_group_decorator.py
[2024-04-29T17:52:28.719+0000] {processor.py:830} INFO - Processing file /home/airflow/.local/lib/python3.8/site-packages/airflow/example_dags/example_task_group_decorator.py for tasks to queue
[2024-04-29T17:52:28.720+0000] {logging_mixin.py:188} INFO - [2024-04-29T17:52:28.720+0000] {dagbag.py:540} INFO - Filling up the DagBag from /home/airflow/.local/lib/python3.8/site-packages/airflow/example_dags/example_task_group_decorator.py
[2024-04-29T17:52:28.743+0000] {processor.py:840} INFO - DAG(s) 'example_task_group_decorator' retrieved from /home/airflow/.local/lib/python3.8/site-packages/airflow/example_dags/example_task_group_decorator.py
[2024-04-29T17:52:28.769+0000] {logging_mixin.py:188} INFO - [2024-04-29T17:52:28.769+0000] {dag.py:3047} INFO - Sync 1 DAGs
[2024-04-29T17:52:28.794+0000] {logging_mixin.py:188} INFO - [2024-04-29T17:52:28.794+0000] {dag.py:3834} INFO - Setting next_dagrun for example_task_group_decorator to 2024-04-28 00:00:00+00:00, run_after=2024-04-29 00:00:00+00:00
[2024-04-29T17:52:28.818+0000] {processor.py:183} INFO - Processing /home/airflow/.local/lib/python3.8/site-packages/airflow/example_dags/example_task_group_decorator.py took 0.103 seconds
[2024-04-29T17:52:58.869+0000] {processor.py:161} INFO - Started process (PID=11742) to work on /home/airflow/.local/lib/python3.8/site-packages/airflow/example_dags/example_task_group_decorator.py
[2024-04-29T17:52:58.870+0000] {processor.py:830} INFO - Processing file /home/airflow/.local/lib/python3.8/site-packages/airflow/example_dags/example_task_group_decorator.py for tasks to queue
[2024-04-29T17:52:58.874+0000] {logging_mixin.py:188} INFO - [2024-04-29T17:52:58.871+0000] {dagbag.py:540} INFO - Filling up the DagBag from /home/airflow/.local/lib/python3.8/site-packages/airflow/example_dags/example_task_group_decorator.py
[2024-04-29T17:52:58.895+0000] {processor.py:840} INFO - DAG(s) 'example_task_group_decorator' retrieved from /home/airflow/.local/lib/python3.8/site-packages/airflow/example_dags/example_task_group_decorator.py
[2024-04-29T17:52:58.922+0000] {logging_mixin.py:188} INFO - [2024-04-29T17:52:58.922+0000] {dag.py:3047} INFO - Sync 1 DAGs
[2024-04-29T17:52:58.949+0000] {logging_mixin.py:188} INFO - [2024-04-29T17:52:58.948+0000] {dag.py:3834} INFO - Setting next_dagrun for example_task_group_decorator to 2024-04-28 00:00:00+00:00, run_after=2024-04-29 00:00:00+00:00
[2024-04-29T17:52:58.972+0000] {processor.py:183} INFO - Processing /home/airflow/.local/lib/python3.8/site-packages/airflow/example_dags/example_task_group_decorator.py took 0.106 seconds
[2024-04-29T17:53:29.564+0000] {processor.py:161} INFO - Started process (PID=12009) to work on /home/airflow/.local/lib/python3.8/site-packages/airflow/example_dags/example_task_group_decorator.py
[2024-04-29T17:53:29.565+0000] {processor.py:830} INFO - Processing file /home/airflow/.local/lib/python3.8/site-packages/airflow/example_dags/example_task_group_decorator.py for tasks to queue
[2024-04-29T17:53:29.566+0000] {logging_mixin.py:188} INFO - [2024-04-29T17:53:29.566+0000] {dagbag.py:540} INFO - Filling up the DagBag from /home/airflow/.local/lib/python3.8/site-packages/airflow/example_dags/example_task_group_decorator.py
[2024-04-29T17:53:29.585+0000] {processor.py:840} INFO - DAG(s) 'example_task_group_decorator' retrieved from /home/airflow/.local/lib/python3.8/site-packages/airflow/example_dags/example_task_group_decorator.py
[2024-04-29T17:53:29.613+0000] {logging_mixin.py:188} INFO - [2024-04-29T17:53:29.612+0000] {dag.py:3047} INFO - Sync 1 DAGs
[2024-04-29T17:53:29.636+0000] {logging_mixin.py:188} INFO - [2024-04-29T17:53:29.636+0000] {dag.py:3834} INFO - Setting next_dagrun for example_task_group_decorator to 2024-04-28 00:00:00+00:00, run_after=2024-04-29 00:00:00+00:00
[2024-04-29T17:53:29.661+0000] {processor.py:183} INFO - Processing /home/airflow/.local/lib/python3.8/site-packages/airflow/example_dags/example_task_group_decorator.py took 0.099 seconds
[2024-04-29T17:54:00.223+0000] {processor.py:161} INFO - Started process (PID=12269) to work on /home/airflow/.local/lib/python3.8/site-packages/airflow/example_dags/example_task_group_decorator.py
[2024-04-29T17:54:00.224+0000] {processor.py:830} INFO - Processing file /home/airflow/.local/lib/python3.8/site-packages/airflow/example_dags/example_task_group_decorator.py for tasks to queue
[2024-04-29T17:54:00.226+0000] {logging_mixin.py:188} INFO - [2024-04-29T17:54:00.226+0000] {dagbag.py:540} INFO - Filling up the DagBag from /home/airflow/.local/lib/python3.8/site-packages/airflow/example_dags/example_task_group_decorator.py
[2024-04-29T17:54:00.249+0000] {processor.py:840} INFO - DAG(s) 'example_task_group_decorator' retrieved from /home/airflow/.local/lib/python3.8/site-packages/airflow/example_dags/example_task_group_decorator.py
[2024-04-29T17:54:00.310+0000] {logging_mixin.py:188} INFO - [2024-04-29T17:54:00.310+0000] {dag.py:3047} INFO - Sync 1 DAGs
[2024-04-29T17:54:00.353+0000] {logging_mixin.py:188} INFO - [2024-04-29T17:54:00.353+0000] {dag.py:3834} INFO - Setting next_dagrun for example_task_group_decorator to 2024-04-28 00:00:00+00:00, run_after=2024-04-29 00:00:00+00:00
[2024-04-29T17:54:00.410+0000] {processor.py:183} INFO - Processing /home/airflow/.local/lib/python3.8/site-packages/airflow/example_dags/example_task_group_decorator.py took 0.190 seconds
[2024-04-29T17:54:31.020+0000] {processor.py:161} INFO - Started process (PID=12548) to work on /home/airflow/.local/lib/python3.8/site-packages/airflow/example_dags/example_task_group_decorator.py
[2024-04-29T17:54:31.021+0000] {processor.py:830} INFO - Processing file /home/airflow/.local/lib/python3.8/site-packages/airflow/example_dags/example_task_group_decorator.py for tasks to queue
[2024-04-29T17:54:31.023+0000] {logging_mixin.py:188} INFO - [2024-04-29T17:54:31.022+0000] {dagbag.py:540} INFO - Filling up the DagBag from /home/airflow/.local/lib/python3.8/site-packages/airflow/example_dags/example_task_group_decorator.py
[2024-04-29T17:54:31.042+0000] {processor.py:840} INFO - DAG(s) 'example_task_group_decorator' retrieved from /home/airflow/.local/lib/python3.8/site-packages/airflow/example_dags/example_task_group_decorator.py
[2024-04-29T17:54:31.069+0000] {logging_mixin.py:188} INFO - [2024-04-29T17:54:31.069+0000] {dag.py:3047} INFO - Sync 1 DAGs
[2024-04-29T17:54:31.095+0000] {logging_mixin.py:188} INFO - [2024-04-29T17:54:31.095+0000] {dag.py:3834} INFO - Setting next_dagrun for example_task_group_decorator to 2024-04-28 00:00:00+00:00, run_after=2024-04-29 00:00:00+00:00
[2024-04-29T17:54:31.120+0000] {processor.py:183} INFO - Processing /home/airflow/.local/lib/python3.8/site-packages/airflow/example_dags/example_task_group_decorator.py took 0.104 seconds
[2024-04-29T17:55:01.617+0000] {processor.py:161} INFO - Started process (PID=12800) to work on /home/airflow/.local/lib/python3.8/site-packages/airflow/example_dags/example_task_group_decorator.py
[2024-04-29T17:55:01.618+0000] {processor.py:830} INFO - Processing file /home/airflow/.local/lib/python3.8/site-packages/airflow/example_dags/example_task_group_decorator.py for tasks to queue
[2024-04-29T17:55:01.619+0000] {logging_mixin.py:188} INFO - [2024-04-29T17:55:01.619+0000] {dagbag.py:540} INFO - Filling up the DagBag from /home/airflow/.local/lib/python3.8/site-packages/airflow/example_dags/example_task_group_decorator.py
[2024-04-29T17:55:01.639+0000] {processor.py:840} INFO - DAG(s) 'example_task_group_decorator' retrieved from /home/airflow/.local/lib/python3.8/site-packages/airflow/example_dags/example_task_group_decorator.py
[2024-04-29T17:55:01.668+0000] {logging_mixin.py:188} INFO - [2024-04-29T17:55:01.667+0000] {dag.py:3047} INFO - Sync 1 DAGs
[2024-04-29T17:55:01.695+0000] {logging_mixin.py:188} INFO - [2024-04-29T17:55:01.695+0000] {dag.py:3834} INFO - Setting next_dagrun for example_task_group_decorator to 2024-04-28 00:00:00+00:00, run_after=2024-04-29 00:00:00+00:00
[2024-04-29T17:55:01.751+0000] {processor.py:183} INFO - Processing /home/airflow/.local/lib/python3.8/site-packages/airflow/example_dags/example_task_group_decorator.py took 0.138 seconds
[2024-04-29T17:55:32.283+0000] {processor.py:161} INFO - Started process (PID=13062) to work on /home/airflow/.local/lib/python3.8/site-packages/airflow/example_dags/example_task_group_decorator.py
[2024-04-29T17:55:32.284+0000] {processor.py:830} INFO - Processing file /home/airflow/.local/lib/python3.8/site-packages/airflow/example_dags/example_task_group_decorator.py for tasks to queue
[2024-04-29T17:55:32.285+0000] {logging_mixin.py:188} INFO - [2024-04-29T17:55:32.285+0000] {dagbag.py:540} INFO - Filling up the DagBag from /home/airflow/.local/lib/python3.8/site-packages/airflow/example_dags/example_task_group_decorator.py
[2024-04-29T17:55:32.306+0000] {processor.py:840} INFO - DAG(s) 'example_task_group_decorator' retrieved from /home/airflow/.local/lib/python3.8/site-packages/airflow/example_dags/example_task_group_decorator.py
[2024-04-29T17:55:32.336+0000] {logging_mixin.py:188} INFO - [2024-04-29T17:55:32.335+0000] {dag.py:3047} INFO - Sync 1 DAGs
[2024-04-29T17:55:32.361+0000] {logging_mixin.py:188} INFO - [2024-04-29T17:55:32.360+0000] {dag.py:3834} INFO - Setting next_dagrun for example_task_group_decorator to 2024-04-28 00:00:00+00:00, run_after=2024-04-29 00:00:00+00:00
[2024-04-29T17:55:32.384+0000] {processor.py:183} INFO - Processing /home/airflow/.local/lib/python3.8/site-packages/airflow/example_dags/example_task_group_decorator.py took 0.105 seconds
[2024-04-29T17:56:02.479+0000] {processor.py:161} INFO - Started process (PID=13319) to work on /home/airflow/.local/lib/python3.8/site-packages/airflow/example_dags/example_task_group_decorator.py
[2024-04-29T17:56:02.480+0000] {processor.py:830} INFO - Processing file /home/airflow/.local/lib/python3.8/site-packages/airflow/example_dags/example_task_group_decorator.py for tasks to queue
[2024-04-29T17:56:02.481+0000] {logging_mixin.py:188} INFO - [2024-04-29T17:56:02.481+0000] {dagbag.py:540} INFO - Filling up the DagBag from /home/airflow/.local/lib/python3.8/site-packages/airflow/example_dags/example_task_group_decorator.py
[2024-04-29T17:56:02.501+0000] {processor.py:840} INFO - DAG(s) 'example_task_group_decorator' retrieved from /home/airflow/.local/lib/python3.8/site-packages/airflow/example_dags/example_task_group_decorator.py
[2024-04-29T17:56:02.529+0000] {logging_mixin.py:188} INFO - [2024-04-29T17:56:02.528+0000] {dag.py:3047} INFO - Sync 1 DAGs
[2024-04-29T17:56:02.556+0000] {logging_mixin.py:188} INFO - [2024-04-29T17:56:02.555+0000] {dag.py:3834} INFO - Setting next_dagrun for example_task_group_decorator to 2024-04-28 00:00:00+00:00, run_after=2024-04-29 00:00:00+00:00
[2024-04-29T17:56:02.579+0000] {processor.py:183} INFO - Processing /home/airflow/.local/lib/python3.8/site-packages/airflow/example_dags/example_task_group_decorator.py took 0.104 seconds
[2024-04-29T17:56:32.916+0000] {processor.py:161} INFO - Started process (PID=13576) to work on /home/airflow/.local/lib/python3.8/site-packages/airflow/example_dags/example_task_group_decorator.py
[2024-04-29T17:56:32.918+0000] {processor.py:830} INFO - Processing file /home/airflow/.local/lib/python3.8/site-packages/airflow/example_dags/example_task_group_decorator.py for tasks to queue
[2024-04-29T17:56:32.919+0000] {logging_mixin.py:188} INFO - [2024-04-29T17:56:32.919+0000] {dagbag.py:540} INFO - Filling up the DagBag from /home/airflow/.local/lib/python3.8/site-packages/airflow/example_dags/example_task_group_decorator.py
[2024-04-29T17:56:32.937+0000] {processor.py:840} INFO - DAG(s) 'example_task_group_decorator' retrieved from /home/airflow/.local/lib/python3.8/site-packages/airflow/example_dags/example_task_group_decorator.py
[2024-04-29T17:56:32.966+0000] {logging_mixin.py:188} INFO - [2024-04-29T17:56:32.966+0000] {dag.py:3047} INFO - Sync 1 DAGs
[2024-04-29T17:56:32.994+0000] {logging_mixin.py:188} INFO - [2024-04-29T17:56:32.994+0000] {dag.py:3834} INFO - Setting next_dagrun for example_task_group_decorator to 2024-04-28 00:00:00+00:00, run_after=2024-04-29 00:00:00+00:00
[2024-04-29T17:56:33.022+0000] {processor.py:183} INFO - Processing /home/airflow/.local/lib/python3.8/site-packages/airflow/example_dags/example_task_group_decorator.py took 0.110 seconds
[2024-04-29T17:57:03.403+0000] {processor.py:161} INFO - Started process (PID=13849) to work on /home/airflow/.local/lib/python3.8/site-packages/airflow/example_dags/example_task_group_decorator.py
[2024-04-29T17:57:03.403+0000] {processor.py:830} INFO - Processing file /home/airflow/.local/lib/python3.8/site-packages/airflow/example_dags/example_task_group_decorator.py for tasks to queue
[2024-04-29T17:57:03.408+0000] {logging_mixin.py:188} INFO - [2024-04-29T17:57:03.406+0000] {dagbag.py:540} INFO - Filling up the DagBag from /home/airflow/.local/lib/python3.8/site-packages/airflow/example_dags/example_task_group_decorator.py
[2024-04-29T17:57:03.427+0000] {processor.py:840} INFO - DAG(s) 'example_task_group_decorator' retrieved from /home/airflow/.local/lib/python3.8/site-packages/airflow/example_dags/example_task_group_decorator.py
[2024-04-29T17:57:03.455+0000] {logging_mixin.py:188} INFO - [2024-04-29T17:57:03.454+0000] {dag.py:3047} INFO - Sync 1 DAGs
[2024-04-29T17:57:03.481+0000] {logging_mixin.py:188} INFO - [2024-04-29T17:57:03.481+0000] {dag.py:3834} INFO - Setting next_dagrun for example_task_group_decorator to 2024-04-28 00:00:00+00:00, run_after=2024-04-29 00:00:00+00:00
[2024-04-29T17:57:03.507+0000] {processor.py:183} INFO - Processing /home/airflow/.local/lib/python3.8/site-packages/airflow/example_dags/example_task_group_decorator.py took 0.108 seconds
[2024-04-29T17:57:33.981+0000] {processor.py:161} INFO - Started process (PID=14117) to work on /home/airflow/.local/lib/python3.8/site-packages/airflow/example_dags/example_task_group_decorator.py
[2024-04-29T17:57:33.982+0000] {processor.py:830} INFO - Processing file /home/airflow/.local/lib/python3.8/site-packages/airflow/example_dags/example_task_group_decorator.py for tasks to queue
[2024-04-29T17:57:33.984+0000] {logging_mixin.py:188} INFO - [2024-04-29T17:57:33.983+0000] {dagbag.py:540} INFO - Filling up the DagBag from /home/airflow/.local/lib/python3.8/site-packages/airflow/example_dags/example_task_group_decorator.py
[2024-04-29T17:57:34.007+0000] {processor.py:840} INFO - DAG(s) 'example_task_group_decorator' retrieved from /home/airflow/.local/lib/python3.8/site-packages/airflow/example_dags/example_task_group_decorator.py
[2024-04-29T17:57:34.069+0000] {logging_mixin.py:188} INFO - [2024-04-29T17:57:34.069+0000] {dag.py:3047} INFO - Sync 1 DAGs
[2024-04-29T17:57:34.110+0000] {logging_mixin.py:188} INFO - [2024-04-29T17:57:34.110+0000] {dag.py:3834} INFO - Setting next_dagrun for example_task_group_decorator to 2024-04-28 00:00:00+00:00, run_after=2024-04-29 00:00:00+00:00
[2024-04-29T17:57:34.136+0000] {processor.py:183} INFO - Processing /home/airflow/.local/lib/python3.8/site-packages/airflow/example_dags/example_task_group_decorator.py took 0.158 seconds
[2024-04-29T17:58:04.373+0000] {processor.py:161} INFO - Started process (PID=14375) to work on /home/airflow/.local/lib/python3.8/site-packages/airflow/example_dags/example_task_group_decorator.py
[2024-04-29T17:58:04.374+0000] {processor.py:830} INFO - Processing file /home/airflow/.local/lib/python3.8/site-packages/airflow/example_dags/example_task_group_decorator.py for tasks to queue
[2024-04-29T17:58:04.375+0000] {logging_mixin.py:188} INFO - [2024-04-29T17:58:04.375+0000] {dagbag.py:540} INFO - Filling up the DagBag from /home/airflow/.local/lib/python3.8/site-packages/airflow/example_dags/example_task_group_decorator.py
[2024-04-29T17:58:04.394+0000] {processor.py:840} INFO - DAG(s) 'example_task_group_decorator' retrieved from /home/airflow/.local/lib/python3.8/site-packages/airflow/example_dags/example_task_group_decorator.py
[2024-04-29T17:58:04.423+0000] {logging_mixin.py:188} INFO - [2024-04-29T17:58:04.423+0000] {dag.py:3047} INFO - Sync 1 DAGs
[2024-04-29T17:58:04.451+0000] {logging_mixin.py:188} INFO - [2024-04-29T17:58:04.450+0000] {dag.py:3834} INFO - Setting next_dagrun for example_task_group_decorator to 2024-04-28 00:00:00+00:00, run_after=2024-04-29 00:00:00+00:00
[2024-04-29T17:58:04.475+0000] {processor.py:183} INFO - Processing /home/airflow/.local/lib/python3.8/site-packages/airflow/example_dags/example_task_group_decorator.py took 0.106 seconds
[2024-04-29T17:58:34.991+0000] {processor.py:161} INFO - Started process (PID=14643) to work on /home/airflow/.local/lib/python3.8/site-packages/airflow/example_dags/example_task_group_decorator.py
[2024-04-29T17:58:34.992+0000] {processor.py:830} INFO - Processing file /home/airflow/.local/lib/python3.8/site-packages/airflow/example_dags/example_task_group_decorator.py for tasks to queue
[2024-04-29T17:58:34.993+0000] {logging_mixin.py:188} INFO - [2024-04-29T17:58:34.993+0000] {dagbag.py:540} INFO - Filling up the DagBag from /home/airflow/.local/lib/python3.8/site-packages/airflow/example_dags/example_task_group_decorator.py
[2024-04-29T17:58:35.032+0000] {processor.py:840} INFO - DAG(s) 'example_task_group_decorator' retrieved from /home/airflow/.local/lib/python3.8/site-packages/airflow/example_dags/example_task_group_decorator.py
[2024-04-29T17:58:35.065+0000] {logging_mixin.py:188} INFO - [2024-04-29T17:58:35.065+0000] {dag.py:3047} INFO - Sync 1 DAGs
[2024-04-29T17:58:35.090+0000] {logging_mixin.py:188} INFO - [2024-04-29T17:58:35.090+0000] {dag.py:3834} INFO - Setting next_dagrun for example_task_group_decorator to 2024-04-28 00:00:00+00:00, run_after=2024-04-29 00:00:00+00:00
[2024-04-29T17:58:35.112+0000] {processor.py:183} INFO - Processing /home/airflow/.local/lib/python3.8/site-packages/airflow/example_dags/example_task_group_decorator.py took 0.125 seconds
[2024-04-29T17:59:05.728+0000] {processor.py:161} INFO - Started process (PID=14900) to work on /home/airflow/.local/lib/python3.8/site-packages/airflow/example_dags/example_task_group_decorator.py
[2024-04-29T17:59:05.729+0000] {processor.py:830} INFO - Processing file /home/airflow/.local/lib/python3.8/site-packages/airflow/example_dags/example_task_group_decorator.py for tasks to queue
[2024-04-29T17:59:05.731+0000] {logging_mixin.py:188} INFO - [2024-04-29T17:59:05.730+0000] {dagbag.py:540} INFO - Filling up the DagBag from /home/airflow/.local/lib/python3.8/site-packages/airflow/example_dags/example_task_group_decorator.py
[2024-04-29T17:59:05.754+0000] {processor.py:840} INFO - DAG(s) 'example_task_group_decorator' retrieved from /home/airflow/.local/lib/python3.8/site-packages/airflow/example_dags/example_task_group_decorator.py
[2024-04-29T17:59:05.785+0000] {logging_mixin.py:188} INFO - [2024-04-29T17:59:05.785+0000] {dag.py:3047} INFO - Sync 1 DAGs
[2024-04-29T17:59:05.814+0000] {logging_mixin.py:188} INFO - [2024-04-29T17:59:05.813+0000] {dag.py:3834} INFO - Setting next_dagrun for example_task_group_decorator to 2024-04-28 00:00:00+00:00, run_after=2024-04-29 00:00:00+00:00
[2024-04-29T17:59:05.839+0000] {processor.py:183} INFO - Processing /home/airflow/.local/lib/python3.8/site-packages/airflow/example_dags/example_task_group_decorator.py took 0.115 seconds
[2024-04-29T17:59:35.894+0000] {processor.py:161} INFO - Started process (PID=15178) to work on /home/airflow/.local/lib/python3.8/site-packages/airflow/example_dags/example_task_group_decorator.py
[2024-04-29T17:59:35.895+0000] {processor.py:830} INFO - Processing file /home/airflow/.local/lib/python3.8/site-packages/airflow/example_dags/example_task_group_decorator.py for tasks to queue
[2024-04-29T17:59:35.896+0000] {logging_mixin.py:188} INFO - [2024-04-29T17:59:35.895+0000] {dagbag.py:540} INFO - Filling up the DagBag from /home/airflow/.local/lib/python3.8/site-packages/airflow/example_dags/example_task_group_decorator.py
[2024-04-29T17:59:35.916+0000] {processor.py:840} INFO - DAG(s) 'example_task_group_decorator' retrieved from /home/airflow/.local/lib/python3.8/site-packages/airflow/example_dags/example_task_group_decorator.py
[2024-04-29T17:59:35.945+0000] {logging_mixin.py:188} INFO - [2024-04-29T17:59:35.944+0000] {dag.py:3047} INFO - Sync 1 DAGs
[2024-04-29T17:59:35.972+0000] {logging_mixin.py:188} INFO - [2024-04-29T17:59:35.972+0000] {dag.py:3834} INFO - Setting next_dagrun for example_task_group_decorator to 2024-04-28 00:00:00+00:00, run_after=2024-04-29 00:00:00+00:00
[2024-04-29T17:59:35.997+0000] {processor.py:183} INFO - Processing /home/airflow/.local/lib/python3.8/site-packages/airflow/example_dags/example_task_group_decorator.py took 0.107 seconds
[2024-04-29T18:00:06.362+0000] {processor.py:161} INFO - Started process (PID=15430) to work on /home/airflow/.local/lib/python3.8/site-packages/airflow/example_dags/example_task_group_decorator.py
[2024-04-29T18:00:06.363+0000] {processor.py:830} INFO - Processing file /home/airflow/.local/lib/python3.8/site-packages/airflow/example_dags/example_task_group_decorator.py for tasks to queue
[2024-04-29T18:00:06.364+0000] {logging_mixin.py:188} INFO - [2024-04-29T18:00:06.364+0000] {dagbag.py:540} INFO - Filling up the DagBag from /home/airflow/.local/lib/python3.8/site-packages/airflow/example_dags/example_task_group_decorator.py
[2024-04-29T18:00:06.384+0000] {processor.py:840} INFO - DAG(s) 'example_task_group_decorator' retrieved from /home/airflow/.local/lib/python3.8/site-packages/airflow/example_dags/example_task_group_decorator.py
[2024-04-29T18:00:06.413+0000] {logging_mixin.py:188} INFO - [2024-04-29T18:00:06.412+0000] {dag.py:3047} INFO - Sync 1 DAGs
[2024-04-29T18:00:06.439+0000] {logging_mixin.py:188} INFO - [2024-04-29T18:00:06.439+0000] {dag.py:3834} INFO - Setting next_dagrun for example_task_group_decorator to 2024-04-28 00:00:00+00:00, run_after=2024-04-29 00:00:00+00:00
[2024-04-29T18:00:06.463+0000] {processor.py:183} INFO - Processing /home/airflow/.local/lib/python3.8/site-packages/airflow/example_dags/example_task_group_decorator.py took 0.105 seconds
[2024-04-29T18:00:36.776+0000] {processor.py:161} INFO - Started process (PID=15702) to work on /home/airflow/.local/lib/python3.8/site-packages/airflow/example_dags/example_task_group_decorator.py
[2024-04-29T18:00:36.777+0000] {processor.py:830} INFO - Processing file /home/airflow/.local/lib/python3.8/site-packages/airflow/example_dags/example_task_group_decorator.py for tasks to queue
[2024-04-29T18:00:36.778+0000] {logging_mixin.py:188} INFO - [2024-04-29T18:00:36.778+0000] {dagbag.py:540} INFO - Filling up the DagBag from /home/airflow/.local/lib/python3.8/site-packages/airflow/example_dags/example_task_group_decorator.py
[2024-04-29T18:00:36.809+0000] {processor.py:840} INFO - DAG(s) 'example_task_group_decorator' retrieved from /home/airflow/.local/lib/python3.8/site-packages/airflow/example_dags/example_task_group_decorator.py
[2024-04-29T18:00:36.872+0000] {logging_mixin.py:188} INFO - [2024-04-29T18:00:36.871+0000] {dag.py:3047} INFO - Sync 1 DAGs
[2024-04-29T18:00:36.922+0000] {logging_mixin.py:188} INFO - [2024-04-29T18:00:36.922+0000] {dag.py:3834} INFO - Setting next_dagrun for example_task_group_decorator to 2024-04-28 00:00:00+00:00, run_after=2024-04-29 00:00:00+00:00
[2024-04-29T18:00:36.949+0000] {processor.py:183} INFO - Processing /home/airflow/.local/lib/python3.8/site-packages/airflow/example_dags/example_task_group_decorator.py took 0.176 seconds
[2024-04-29T18:01:07.016+0000] {processor.py:161} INFO - Started process (PID=15974) to work on /home/airflow/.local/lib/python3.8/site-packages/airflow/example_dags/example_task_group_decorator.py
[2024-04-29T18:01:07.017+0000] {processor.py:830} INFO - Processing file /home/airflow/.local/lib/python3.8/site-packages/airflow/example_dags/example_task_group_decorator.py for tasks to queue
[2024-04-29T18:01:07.018+0000] {logging_mixin.py:188} INFO - [2024-04-29T18:01:07.018+0000] {dagbag.py:540} INFO - Filling up the DagBag from /home/airflow/.local/lib/python3.8/site-packages/airflow/example_dags/example_task_group_decorator.py
[2024-04-29T18:01:07.037+0000] {processor.py:840} INFO - DAG(s) 'example_task_group_decorator' retrieved from /home/airflow/.local/lib/python3.8/site-packages/airflow/example_dags/example_task_group_decorator.py
[2024-04-29T18:01:07.065+0000] {logging_mixin.py:188} INFO - [2024-04-29T18:01:07.065+0000] {dag.py:3047} INFO - Sync 1 DAGs
[2024-04-29T18:01:07.090+0000] {logging_mixin.py:188} INFO - [2024-04-29T18:01:07.090+0000] {dag.py:3834} INFO - Setting next_dagrun for example_task_group_decorator to 2024-04-28 00:00:00+00:00, run_after=2024-04-29 00:00:00+00:00
[2024-04-29T18:01:07.113+0000] {processor.py:183} INFO - Processing /home/airflow/.local/lib/python3.8/site-packages/airflow/example_dags/example_task_group_decorator.py took 0.100 seconds
[2024-04-29T18:01:38.447+0000] {processor.py:161} INFO - Started process (PID=16253) to work on /home/airflow/.local/lib/python3.8/site-packages/airflow/example_dags/example_task_group_decorator.py
[2024-04-29T18:01:38.448+0000] {processor.py:830} INFO - Processing file /home/airflow/.local/lib/python3.8/site-packages/airflow/example_dags/example_task_group_decorator.py for tasks to queue
[2024-04-29T18:01:38.448+0000] {logging_mixin.py:188} INFO - [2024-04-29T18:01:38.448+0000] {dagbag.py:540} INFO - Filling up the DagBag from /home/airflow/.local/lib/python3.8/site-packages/airflow/example_dags/example_task_group_decorator.py
[2024-04-29T18:01:38.473+0000] {processor.py:840} INFO - DAG(s) 'example_task_group_decorator' retrieved from /home/airflow/.local/lib/python3.8/site-packages/airflow/example_dags/example_task_group_decorator.py
[2024-04-29T18:01:38.526+0000] {logging_mixin.py:188} INFO - [2024-04-29T18:01:38.525+0000] {dag.py:3047} INFO - Sync 1 DAGs
[2024-04-29T18:01:38.553+0000] {logging_mixin.py:188} INFO - [2024-04-29T18:01:38.553+0000] {dag.py:3834} INFO - Setting next_dagrun for example_task_group_decorator to 2024-04-28 00:00:00+00:00, run_after=2024-04-29 00:00:00+00:00
[2024-04-29T18:01:38.580+0000] {processor.py:183} INFO - Processing /home/airflow/.local/lib/python3.8/site-packages/airflow/example_dags/example_task_group_decorator.py took 0.137 seconds
[2024-04-29T18:02:09.329+0000] {processor.py:161} INFO - Started process (PID=16497) to work on /home/airflow/.local/lib/python3.8/site-packages/airflow/example_dags/example_task_group_decorator.py
[2024-04-29T18:02:09.330+0000] {processor.py:830} INFO - Processing file /home/airflow/.local/lib/python3.8/site-packages/airflow/example_dags/example_task_group_decorator.py for tasks to queue
[2024-04-29T18:02:09.331+0000] {logging_mixin.py:188} INFO - [2024-04-29T18:02:09.330+0000] {dagbag.py:540} INFO - Filling up the DagBag from /home/airflow/.local/lib/python3.8/site-packages/airflow/example_dags/example_task_group_decorator.py
[2024-04-29T18:02:09.354+0000] {processor.py:840} INFO - DAG(s) 'example_task_group_decorator' retrieved from /home/airflow/.local/lib/python3.8/site-packages/airflow/example_dags/example_task_group_decorator.py
[2024-04-29T18:02:09.422+0000] {logging_mixin.py:188} INFO - [2024-04-29T18:02:09.422+0000] {dag.py:3047} INFO - Sync 1 DAGs
[2024-04-29T18:02:09.454+0000] {logging_mixin.py:188} INFO - [2024-04-29T18:02:09.453+0000] {dag.py:3834} INFO - Setting next_dagrun for example_task_group_decorator to 2024-04-28 00:00:00+00:00, run_after=2024-04-29 00:00:00+00:00
[2024-04-29T18:02:09.492+0000] {processor.py:183} INFO - Processing /home/airflow/.local/lib/python3.8/site-packages/airflow/example_dags/example_task_group_decorator.py took 0.168 seconds
[2024-04-29T18:02:40.481+0000] {processor.py:161} INFO - Started process (PID=16749) to work on /home/airflow/.local/lib/python3.8/site-packages/airflow/example_dags/example_task_group_decorator.py
[2024-04-29T18:02:40.484+0000] {processor.py:830} INFO - Processing file /home/airflow/.local/lib/python3.8/site-packages/airflow/example_dags/example_task_group_decorator.py for tasks to queue
[2024-04-29T18:02:40.487+0000] {logging_mixin.py:188} INFO - [2024-04-29T18:02:40.485+0000] {dagbag.py:540} INFO - Filling up the DagBag from /home/airflow/.local/lib/python3.8/site-packages/airflow/example_dags/example_task_group_decorator.py
[2024-04-29T18:02:40.509+0000] {processor.py:840} INFO - DAG(s) 'example_task_group_decorator' retrieved from /home/airflow/.local/lib/python3.8/site-packages/airflow/example_dags/example_task_group_decorator.py
[2024-04-29T18:02:40.539+0000] {logging_mixin.py:188} INFO - [2024-04-29T18:02:40.539+0000] {dag.py:3047} INFO - Sync 1 DAGs
[2024-04-29T18:02:40.564+0000] {logging_mixin.py:188} INFO - [2024-04-29T18:02:40.564+0000] {dag.py:3834} INFO - Setting next_dagrun for example_task_group_decorator to 2024-04-28 00:00:00+00:00, run_after=2024-04-29 00:00:00+00:00
[2024-04-29T18:02:40.592+0000] {processor.py:183} INFO - Processing /home/airflow/.local/lib/python3.8/site-packages/airflow/example_dags/example_task_group_decorator.py took 0.116 seconds
[2024-04-29T18:03:10.855+0000] {processor.py:161} INFO - Started process (PID=17012) to work on /home/airflow/.local/lib/python3.8/site-packages/airflow/example_dags/example_task_group_decorator.py
[2024-04-29T18:03:10.856+0000] {processor.py:830} INFO - Processing file /home/airflow/.local/lib/python3.8/site-packages/airflow/example_dags/example_task_group_decorator.py for tasks to queue
[2024-04-29T18:03:10.857+0000] {logging_mixin.py:188} INFO - [2024-04-29T18:03:10.857+0000] {dagbag.py:540} INFO - Filling up the DagBag from /home/airflow/.local/lib/python3.8/site-packages/airflow/example_dags/example_task_group_decorator.py
[2024-04-29T18:03:10.881+0000] {processor.py:840} INFO - DAG(s) 'example_task_group_decorator' retrieved from /home/airflow/.local/lib/python3.8/site-packages/airflow/example_dags/example_task_group_decorator.py
[2024-04-29T18:03:10.909+0000] {logging_mixin.py:188} INFO - [2024-04-29T18:03:10.908+0000] {dag.py:3047} INFO - Sync 1 DAGs
[2024-04-29T18:03:10.938+0000] {logging_mixin.py:188} INFO - [2024-04-29T18:03:10.938+0000] {dag.py:3834} INFO - Setting next_dagrun for example_task_group_decorator to 2024-04-28 00:00:00+00:00, run_after=2024-04-29 00:00:00+00:00
[2024-04-29T18:03:10.969+0000] {processor.py:183} INFO - Processing /home/airflow/.local/lib/python3.8/site-packages/airflow/example_dags/example_task_group_decorator.py took 0.117 seconds
