[2024-04-29T17:30:01.046+0000] {processor.py:161} INFO - Started process (PID=218) to work on /home/airflow/.local/lib/python3.8/site-packages/airflow/example_dags/example_setup_teardown.py
[2024-04-29T17:30:01.047+0000] {processor.py:830} INFO - Processing file /home/airflow/.local/lib/python3.8/site-packages/airflow/example_dags/example_setup_teardown.py for tasks to queue
[2024-04-29T17:30:01.049+0000] {logging_mixin.py:188} INFO - [2024-04-29T17:30:01.048+0000] {dagbag.py:540} INFO - Filling up the DagBag from /home/airflow/.local/lib/python3.8/site-packages/airflow/example_dags/example_setup_teardown.py
[2024-04-29T17:30:01.065+0000] {processor.py:840} INFO - DAG(s) 'example_setup_teardown' retrieved from /home/airflow/.local/lib/python3.8/site-packages/airflow/example_dags/example_setup_teardown.py
[2024-04-29T17:30:01.316+0000] {logging_mixin.py:188} INFO - [2024-04-29T17:30:01.315+0000] {override.py:1769} INFO - Created Permission View: can edit on DAG:example_setup_teardown
[2024-04-29T17:30:01.341+0000] {logging_mixin.py:188} INFO - [2024-04-29T17:30:01.340+0000] {override.py:1769} INFO - Created Permission View: can delete on DAG:example_setup_teardown
[2024-04-29T17:30:01.357+0000] {logging_mixin.py:188} INFO - [2024-04-29T17:30:01.357+0000] {override.py:1769} INFO - Created Permission View: can read on DAG:example_setup_teardown
[2024-04-29T17:30:01.358+0000] {logging_mixin.py:188} INFO - [2024-04-29T17:30:01.358+0000] {dag.py:3047} INFO - Sync 1 DAGs
[2024-04-29T17:30:01.381+0000] {logging_mixin.py:188} INFO - [2024-04-29T17:30:01.381+0000] {dag.py:3069} INFO - Creating ORM DAG for example_setup_teardown
[2024-04-29T17:30:01.438+0000] {logging_mixin.py:188} INFO - [2024-04-29T17:30:01.428+0000] {dag.py:3834} INFO - Setting next_dagrun for example_setup_teardown to 2024-04-28 00:00:00+00:00, run_after=2024-04-29 00:00:00+00:00
[2024-04-29T17:30:01.515+0000] {processor.py:183} INFO - Processing /home/airflow/.local/lib/python3.8/site-packages/airflow/example_dags/example_setup_teardown.py took 0.472 seconds
[2024-04-29T17:30:32.276+0000] {processor.py:161} INFO - Started process (PID=465) to work on /home/airflow/.local/lib/python3.8/site-packages/airflow/example_dags/example_setup_teardown.py
[2024-04-29T17:30:32.277+0000] {processor.py:830} INFO - Processing file /home/airflow/.local/lib/python3.8/site-packages/airflow/example_dags/example_setup_teardown.py for tasks to queue
[2024-04-29T17:30:32.279+0000] {logging_mixin.py:188} INFO - [2024-04-29T17:30:32.278+0000] {dagbag.py:540} INFO - Filling up the DagBag from /home/airflow/.local/lib/python3.8/site-packages/airflow/example_dags/example_setup_teardown.py
[2024-04-29T17:30:32.286+0000] {processor.py:840} INFO - DAG(s) 'example_setup_teardown' retrieved from /home/airflow/.local/lib/python3.8/site-packages/airflow/example_dags/example_setup_teardown.py
[2024-04-29T17:30:32.310+0000] {logging_mixin.py:188} INFO - [2024-04-29T17:30:32.310+0000] {dag.py:3047} INFO - Sync 1 DAGs
[2024-04-29T17:30:32.335+0000] {logging_mixin.py:188} INFO - [2024-04-29T17:30:32.335+0000] {dag.py:3834} INFO - Setting next_dagrun for example_setup_teardown to 2024-04-28 00:00:00+00:00, run_after=2024-04-29 00:00:00+00:00
[2024-04-29T17:30:32.358+0000] {processor.py:183} INFO - Processing /home/airflow/.local/lib/python3.8/site-packages/airflow/example_dags/example_setup_teardown.py took 0.085 seconds
[2024-04-29T17:31:02.607+0000] {processor.py:161} INFO - Started process (PID=712) to work on /home/airflow/.local/lib/python3.8/site-packages/airflow/example_dags/example_setup_teardown.py
[2024-04-29T17:31:02.608+0000] {processor.py:830} INFO - Processing file /home/airflow/.local/lib/python3.8/site-packages/airflow/example_dags/example_setup_teardown.py for tasks to queue
[2024-04-29T17:31:02.610+0000] {logging_mixin.py:188} INFO - [2024-04-29T17:31:02.609+0000] {dagbag.py:540} INFO - Filling up the DagBag from /home/airflow/.local/lib/python3.8/site-packages/airflow/example_dags/example_setup_teardown.py
[2024-04-29T17:31:02.617+0000] {processor.py:840} INFO - DAG(s) 'example_setup_teardown' retrieved from /home/airflow/.local/lib/python3.8/site-packages/airflow/example_dags/example_setup_teardown.py
[2024-04-29T17:31:02.641+0000] {logging_mixin.py:188} INFO - [2024-04-29T17:31:02.641+0000] {dag.py:3047} INFO - Sync 1 DAGs
[2024-04-29T17:31:02.671+0000] {logging_mixin.py:188} INFO - [2024-04-29T17:31:02.671+0000] {dag.py:3834} INFO - Setting next_dagrun for example_setup_teardown to 2024-04-28 00:00:00+00:00, run_after=2024-04-29 00:00:00+00:00
[2024-04-29T17:31:02.701+0000] {processor.py:183} INFO - Processing /home/airflow/.local/lib/python3.8/site-packages/airflow/example_dags/example_setup_teardown.py took 0.098 seconds
[2024-04-29T17:31:33.235+0000] {processor.py:161} INFO - Started process (PID=959) to work on /home/airflow/.local/lib/python3.8/site-packages/airflow/example_dags/example_setup_teardown.py
[2024-04-29T17:31:33.236+0000] {processor.py:830} INFO - Processing file /home/airflow/.local/lib/python3.8/site-packages/airflow/example_dags/example_setup_teardown.py for tasks to queue
[2024-04-29T17:31:33.237+0000] {logging_mixin.py:188} INFO - [2024-04-29T17:31:33.237+0000] {dagbag.py:540} INFO - Filling up the DagBag from /home/airflow/.local/lib/python3.8/site-packages/airflow/example_dags/example_setup_teardown.py
[2024-04-29T17:31:33.246+0000] {processor.py:840} INFO - DAG(s) 'example_setup_teardown' retrieved from /home/airflow/.local/lib/python3.8/site-packages/airflow/example_dags/example_setup_teardown.py
[2024-04-29T17:31:33.277+0000] {logging_mixin.py:188} INFO - [2024-04-29T17:31:33.277+0000] {dag.py:3047} INFO - Sync 1 DAGs
[2024-04-29T17:31:33.304+0000] {logging_mixin.py:188} INFO - [2024-04-29T17:31:33.303+0000] {dag.py:3834} INFO - Setting next_dagrun for example_setup_teardown to 2024-04-28 00:00:00+00:00, run_after=2024-04-29 00:00:00+00:00
[2024-04-29T17:31:33.329+0000] {processor.py:183} INFO - Processing /home/airflow/.local/lib/python3.8/site-packages/airflow/example_dags/example_setup_teardown.py took 0.097 seconds
[2024-04-29T17:32:03.654+0000] {processor.py:161} INFO - Started process (PID=1207) to work on /home/airflow/.local/lib/python3.8/site-packages/airflow/example_dags/example_setup_teardown.py
[2024-04-29T17:32:03.655+0000] {processor.py:830} INFO - Processing file /home/airflow/.local/lib/python3.8/site-packages/airflow/example_dags/example_setup_teardown.py for tasks to queue
[2024-04-29T17:32:03.656+0000] {logging_mixin.py:188} INFO - [2024-04-29T17:32:03.656+0000] {dagbag.py:540} INFO - Filling up the DagBag from /home/airflow/.local/lib/python3.8/site-packages/airflow/example_dags/example_setup_teardown.py
[2024-04-29T17:32:03.665+0000] {processor.py:840} INFO - DAG(s) 'example_setup_teardown' retrieved from /home/airflow/.local/lib/python3.8/site-packages/airflow/example_dags/example_setup_teardown.py
[2024-04-29T17:32:03.689+0000] {logging_mixin.py:188} INFO - [2024-04-29T17:32:03.688+0000] {dag.py:3047} INFO - Sync 1 DAGs
[2024-04-29T17:32:03.722+0000] {logging_mixin.py:188} INFO - [2024-04-29T17:32:03.722+0000] {dag.py:3834} INFO - Setting next_dagrun for example_setup_teardown to 2024-04-28 00:00:00+00:00, run_after=2024-04-29 00:00:00+00:00
[2024-04-29T17:32:03.750+0000] {processor.py:183} INFO - Processing /home/airflow/.local/lib/python3.8/site-packages/airflow/example_dags/example_setup_teardown.py took 0.099 seconds
[2024-04-29T17:32:34.127+0000] {processor.py:161} INFO - Started process (PID=1455) to work on /home/airflow/.local/lib/python3.8/site-packages/airflow/example_dags/example_setup_teardown.py
[2024-04-29T17:32:34.128+0000] {processor.py:830} INFO - Processing file /home/airflow/.local/lib/python3.8/site-packages/airflow/example_dags/example_setup_teardown.py for tasks to queue
[2024-04-29T17:32:34.129+0000] {logging_mixin.py:188} INFO - [2024-04-29T17:32:34.128+0000] {dagbag.py:540} INFO - Filling up the DagBag from /home/airflow/.local/lib/python3.8/site-packages/airflow/example_dags/example_setup_teardown.py
[2024-04-29T17:32:34.136+0000] {processor.py:840} INFO - DAG(s) 'example_setup_teardown' retrieved from /home/airflow/.local/lib/python3.8/site-packages/airflow/example_dags/example_setup_teardown.py
[2024-04-29T17:32:34.170+0000] {logging_mixin.py:188} INFO - [2024-04-29T17:32:34.170+0000] {dag.py:3047} INFO - Sync 1 DAGs
[2024-04-29T17:32:34.197+0000] {logging_mixin.py:188} INFO - [2024-04-29T17:32:34.196+0000] {dag.py:3834} INFO - Setting next_dagrun for example_setup_teardown to 2024-04-28 00:00:00+00:00, run_after=2024-04-29 00:00:00+00:00
[2024-04-29T17:32:34.223+0000] {processor.py:183} INFO - Processing /home/airflow/.local/lib/python3.8/site-packages/airflow/example_dags/example_setup_teardown.py took 0.100 seconds
[2024-04-29T17:33:04.862+0000] {processor.py:161} INFO - Started process (PID=1703) to work on /home/airflow/.local/lib/python3.8/site-packages/airflow/example_dags/example_setup_teardown.py
[2024-04-29T17:33:04.863+0000] {processor.py:830} INFO - Processing file /home/airflow/.local/lib/python3.8/site-packages/airflow/example_dags/example_setup_teardown.py for tasks to queue
[2024-04-29T17:33:04.865+0000] {logging_mixin.py:188} INFO - [2024-04-29T17:33:04.864+0000] {dagbag.py:540} INFO - Filling up the DagBag from /home/airflow/.local/lib/python3.8/site-packages/airflow/example_dags/example_setup_teardown.py
[2024-04-29T17:33:04.881+0000] {processor.py:840} INFO - DAG(s) 'example_setup_teardown' retrieved from /home/airflow/.local/lib/python3.8/site-packages/airflow/example_dags/example_setup_teardown.py
[2024-04-29T17:33:04.944+0000] {logging_mixin.py:188} INFO - [2024-04-29T17:33:04.943+0000] {dag.py:3047} INFO - Sync 1 DAGs
[2024-04-29T17:33:04.980+0000] {logging_mixin.py:188} INFO - [2024-04-29T17:33:04.979+0000] {dag.py:3834} INFO - Setting next_dagrun for example_setup_teardown to 2024-04-28 00:00:00+00:00, run_after=2024-04-29 00:00:00+00:00
[2024-04-29T17:33:05.007+0000] {processor.py:183} INFO - Processing /home/airflow/.local/lib/python3.8/site-packages/airflow/example_dags/example_setup_teardown.py took 0.158 seconds
[2024-04-29T17:33:35.378+0000] {processor.py:161} INFO - Started process (PID=1950) to work on /home/airflow/.local/lib/python3.8/site-packages/airflow/example_dags/example_setup_teardown.py
[2024-04-29T17:33:35.379+0000] {processor.py:830} INFO - Processing file /home/airflow/.local/lib/python3.8/site-packages/airflow/example_dags/example_setup_teardown.py for tasks to queue
[2024-04-29T17:33:35.380+0000] {logging_mixin.py:188} INFO - [2024-04-29T17:33:35.380+0000] {dagbag.py:540} INFO - Filling up the DagBag from /home/airflow/.local/lib/python3.8/site-packages/airflow/example_dags/example_setup_teardown.py
[2024-04-29T17:33:35.391+0000] {processor.py:840} INFO - DAG(s) 'example_setup_teardown' retrieved from /home/airflow/.local/lib/python3.8/site-packages/airflow/example_dags/example_setup_teardown.py
[2024-04-29T17:33:35.417+0000] {logging_mixin.py:188} INFO - [2024-04-29T17:33:35.417+0000] {dag.py:3047} INFO - Sync 1 DAGs
[2024-04-29T17:33:35.443+0000] {logging_mixin.py:188} INFO - [2024-04-29T17:33:35.443+0000] {dag.py:3834} INFO - Setting next_dagrun for example_setup_teardown to 2024-04-28 00:00:00+00:00, run_after=2024-04-29 00:00:00+00:00
[2024-04-29T17:33:35.471+0000] {processor.py:183} INFO - Processing /home/airflow/.local/lib/python3.8/site-packages/airflow/example_dags/example_setup_teardown.py took 0.095 seconds
[2024-04-29T17:34:05.725+0000] {processor.py:161} INFO - Started process (PID=2196) to work on /home/airflow/.local/lib/python3.8/site-packages/airflow/example_dags/example_setup_teardown.py
[2024-04-29T17:34:05.727+0000] {processor.py:830} INFO - Processing file /home/airflow/.local/lib/python3.8/site-packages/airflow/example_dags/example_setup_teardown.py for tasks to queue
[2024-04-29T17:34:05.728+0000] {logging_mixin.py:188} INFO - [2024-04-29T17:34:05.728+0000] {dagbag.py:540} INFO - Filling up the DagBag from /home/airflow/.local/lib/python3.8/site-packages/airflow/example_dags/example_setup_teardown.py
[2024-04-29T17:34:05.736+0000] {processor.py:840} INFO - DAG(s) 'example_setup_teardown' retrieved from /home/airflow/.local/lib/python3.8/site-packages/airflow/example_dags/example_setup_teardown.py
[2024-04-29T17:34:05.762+0000] {logging_mixin.py:188} INFO - [2024-04-29T17:34:05.762+0000] {dag.py:3047} INFO - Sync 1 DAGs
[2024-04-29T17:34:05.789+0000] {logging_mixin.py:188} INFO - [2024-04-29T17:34:05.788+0000] {dag.py:3834} INFO - Setting next_dagrun for example_setup_teardown to 2024-04-28 00:00:00+00:00, run_after=2024-04-29 00:00:00+00:00
[2024-04-29T17:34:05.812+0000] {processor.py:183} INFO - Processing /home/airflow/.local/lib/python3.8/site-packages/airflow/example_dags/example_setup_teardown.py took 0.090 seconds
[2024-04-29T17:34:36.484+0000] {processor.py:161} INFO - Started process (PID=2443) to work on /home/airflow/.local/lib/python3.8/site-packages/airflow/example_dags/example_setup_teardown.py
[2024-04-29T17:34:36.485+0000] {processor.py:830} INFO - Processing file /home/airflow/.local/lib/python3.8/site-packages/airflow/example_dags/example_setup_teardown.py for tasks to queue
[2024-04-29T17:34:36.486+0000] {logging_mixin.py:188} INFO - [2024-04-29T17:34:36.486+0000] {dagbag.py:540} INFO - Filling up the DagBag from /home/airflow/.local/lib/python3.8/site-packages/airflow/example_dags/example_setup_teardown.py
[2024-04-29T17:34:36.495+0000] {processor.py:840} INFO - DAG(s) 'example_setup_teardown' retrieved from /home/airflow/.local/lib/python3.8/site-packages/airflow/example_dags/example_setup_teardown.py
[2024-04-29T17:34:36.520+0000] {logging_mixin.py:188} INFO - [2024-04-29T17:34:36.520+0000] {dag.py:3047} INFO - Sync 1 DAGs
[2024-04-29T17:34:36.546+0000] {logging_mixin.py:188} INFO - [2024-04-29T17:34:36.546+0000] {dag.py:3834} INFO - Setting next_dagrun for example_setup_teardown to 2024-04-28 00:00:00+00:00, run_after=2024-04-29 00:00:00+00:00
[2024-04-29T17:34:36.575+0000] {processor.py:183} INFO - Processing /home/airflow/.local/lib/python3.8/site-packages/airflow/example_dags/example_setup_teardown.py took 0.095 seconds
[2024-04-29T17:35:06.898+0000] {processor.py:161} INFO - Started process (PID=2690) to work on /home/airflow/.local/lib/python3.8/site-packages/airflow/example_dags/example_setup_teardown.py
[2024-04-29T17:35:06.899+0000] {processor.py:830} INFO - Processing file /home/airflow/.local/lib/python3.8/site-packages/airflow/example_dags/example_setup_teardown.py for tasks to queue
[2024-04-29T17:35:06.900+0000] {logging_mixin.py:188} INFO - [2024-04-29T17:35:06.900+0000] {dagbag.py:540} INFO - Filling up the DagBag from /home/airflow/.local/lib/python3.8/site-packages/airflow/example_dags/example_setup_teardown.py
[2024-04-29T17:35:06.909+0000] {processor.py:840} INFO - DAG(s) 'example_setup_teardown' retrieved from /home/airflow/.local/lib/python3.8/site-packages/airflow/example_dags/example_setup_teardown.py
[2024-04-29T17:35:06.935+0000] {logging_mixin.py:188} INFO - [2024-04-29T17:35:06.935+0000] {dag.py:3047} INFO - Sync 1 DAGs
[2024-04-29T17:35:06.961+0000] {logging_mixin.py:188} INFO - [2024-04-29T17:35:06.961+0000] {dag.py:3834} INFO - Setting next_dagrun for example_setup_teardown to 2024-04-28 00:00:00+00:00, run_after=2024-04-29 00:00:00+00:00
[2024-04-29T17:35:06.994+0000] {processor.py:183} INFO - Processing /home/airflow/.local/lib/python3.8/site-packages/airflow/example_dags/example_setup_teardown.py took 0.099 seconds
[2024-04-29T17:35:37.726+0000] {processor.py:161} INFO - Started process (PID=2937) to work on /home/airflow/.local/lib/python3.8/site-packages/airflow/example_dags/example_setup_teardown.py
[2024-04-29T17:35:37.727+0000] {processor.py:830} INFO - Processing file /home/airflow/.local/lib/python3.8/site-packages/airflow/example_dags/example_setup_teardown.py for tasks to queue
[2024-04-29T17:35:37.728+0000] {logging_mixin.py:188} INFO - [2024-04-29T17:35:37.728+0000] {dagbag.py:540} INFO - Filling up the DagBag from /home/airflow/.local/lib/python3.8/site-packages/airflow/example_dags/example_setup_teardown.py
[2024-04-29T17:35:37.736+0000] {processor.py:840} INFO - DAG(s) 'example_setup_teardown' retrieved from /home/airflow/.local/lib/python3.8/site-packages/airflow/example_dags/example_setup_teardown.py
[2024-04-29T17:35:37.761+0000] {logging_mixin.py:188} INFO - [2024-04-29T17:35:37.760+0000] {dag.py:3047} INFO - Sync 1 DAGs
[2024-04-29T17:35:37.785+0000] {logging_mixin.py:188} INFO - [2024-04-29T17:35:37.784+0000] {dag.py:3834} INFO - Setting next_dagrun for example_setup_teardown to 2024-04-28 00:00:00+00:00, run_after=2024-04-29 00:00:00+00:00
[2024-04-29T17:35:37.846+0000] {processor.py:183} INFO - Processing /home/airflow/.local/lib/python3.8/site-packages/airflow/example_dags/example_setup_teardown.py took 0.123 seconds
[2024-04-29T17:36:08.396+0000] {processor.py:161} INFO - Started process (PID=3186) to work on /home/airflow/.local/lib/python3.8/site-packages/airflow/example_dags/example_setup_teardown.py
[2024-04-29T17:36:08.397+0000] {processor.py:830} INFO - Processing file /home/airflow/.local/lib/python3.8/site-packages/airflow/example_dags/example_setup_teardown.py for tasks to queue
[2024-04-29T17:36:08.398+0000] {logging_mixin.py:188} INFO - [2024-04-29T17:36:08.398+0000] {dagbag.py:540} INFO - Filling up the DagBag from /home/airflow/.local/lib/python3.8/site-packages/airflow/example_dags/example_setup_teardown.py
[2024-04-29T17:36:08.413+0000] {processor.py:840} INFO - DAG(s) 'example_setup_teardown' retrieved from /home/airflow/.local/lib/python3.8/site-packages/airflow/example_dags/example_setup_teardown.py
[2024-04-29T17:36:08.464+0000] {logging_mixin.py:188} INFO - [2024-04-29T17:36:08.464+0000] {dag.py:3047} INFO - Sync 1 DAGs
[2024-04-29T17:36:08.504+0000] {logging_mixin.py:188} INFO - [2024-04-29T17:36:08.504+0000] {dag.py:3834} INFO - Setting next_dagrun for example_setup_teardown to 2024-04-28 00:00:00+00:00, run_after=2024-04-29 00:00:00+00:00
[2024-04-29T17:36:08.548+0000] {processor.py:183} INFO - Processing /home/airflow/.local/lib/python3.8/site-packages/airflow/example_dags/example_setup_teardown.py took 0.156 seconds
[2024-04-29T17:36:38.823+0000] {processor.py:161} INFO - Started process (PID=3434) to work on /home/airflow/.local/lib/python3.8/site-packages/airflow/example_dags/example_setup_teardown.py
[2024-04-29T17:36:38.824+0000] {processor.py:830} INFO - Processing file /home/airflow/.local/lib/python3.8/site-packages/airflow/example_dags/example_setup_teardown.py for tasks to queue
[2024-04-29T17:36:38.825+0000] {logging_mixin.py:188} INFO - [2024-04-29T17:36:38.825+0000] {dagbag.py:540} INFO - Filling up the DagBag from /home/airflow/.local/lib/python3.8/site-packages/airflow/example_dags/example_setup_teardown.py
[2024-04-29T17:36:38.833+0000] {processor.py:840} INFO - DAG(s) 'example_setup_teardown' retrieved from /home/airflow/.local/lib/python3.8/site-packages/airflow/example_dags/example_setup_teardown.py
[2024-04-29T17:36:38.859+0000] {logging_mixin.py:188} INFO - [2024-04-29T17:36:38.859+0000] {dag.py:3047} INFO - Sync 1 DAGs
[2024-04-29T17:36:38.884+0000] {logging_mixin.py:188} INFO - [2024-04-29T17:36:38.884+0000] {dag.py:3834} INFO - Setting next_dagrun for example_setup_teardown to 2024-04-28 00:00:00+00:00, run_after=2024-04-29 00:00:00+00:00
[2024-04-29T17:36:38.915+0000] {processor.py:183} INFO - Processing /home/airflow/.local/lib/python3.8/site-packages/airflow/example_dags/example_setup_teardown.py took 0.097 seconds
[2024-04-29T17:37:09.884+0000] {processor.py:161} INFO - Started process (PID=3716) to work on /home/airflow/.local/lib/python3.8/site-packages/airflow/example_dags/example_setup_teardown.py
[2024-04-29T17:37:09.889+0000] {processor.py:830} INFO - Processing file /home/airflow/.local/lib/python3.8/site-packages/airflow/example_dags/example_setup_teardown.py for tasks to queue
[2024-04-29T17:37:09.898+0000] {logging_mixin.py:188} INFO - [2024-04-29T17:37:09.898+0000] {dagbag.py:540} INFO - Filling up the DagBag from /home/airflow/.local/lib/python3.8/site-packages/airflow/example_dags/example_setup_teardown.py
[2024-04-29T17:37:09.982+0000] {processor.py:840} INFO - DAG(s) 'example_setup_teardown' retrieved from /home/airflow/.local/lib/python3.8/site-packages/airflow/example_dags/example_setup_teardown.py
[2024-04-29T17:37:10.115+0000] {logging_mixin.py:188} INFO - [2024-04-29T17:37:10.115+0000] {dag.py:3047} INFO - Sync 1 DAGs
[2024-04-29T17:37:10.259+0000] {logging_mixin.py:188} INFO - [2024-04-29T17:37:10.259+0000] {dag.py:3834} INFO - Setting next_dagrun for example_setup_teardown to 2024-04-28 00:00:00+00:00, run_after=2024-04-29 00:00:00+00:00
[2024-04-29T17:37:10.408+0000] {processor.py:183} INFO - Processing /home/airflow/.local/lib/python3.8/site-packages/airflow/example_dags/example_setup_teardown.py took 0.528 seconds
[2024-04-29T17:37:41.436+0000] {processor.py:161} INFO - Started process (PID=4066) to work on /home/airflow/.local/lib/python3.8/site-packages/airflow/example_dags/example_setup_teardown.py
[2024-04-29T17:37:41.442+0000] {processor.py:830} INFO - Processing file /home/airflow/.local/lib/python3.8/site-packages/airflow/example_dags/example_setup_teardown.py for tasks to queue
[2024-04-29T17:37:41.443+0000] {logging_mixin.py:188} INFO - [2024-04-29T17:37:41.443+0000] {dagbag.py:540} INFO - Filling up the DagBag from /home/airflow/.local/lib/python3.8/site-packages/airflow/example_dags/example_setup_teardown.py
[2024-04-29T17:37:41.469+0000] {processor.py:840} INFO - DAG(s) 'example_setup_teardown' retrieved from /home/airflow/.local/lib/python3.8/site-packages/airflow/example_dags/example_setup_teardown.py
[2024-04-29T17:37:41.525+0000] {logging_mixin.py:188} INFO - [2024-04-29T17:37:41.525+0000] {dag.py:3047} INFO - Sync 1 DAGs
[2024-04-29T17:37:41.579+0000] {logging_mixin.py:188} INFO - [2024-04-29T17:37:41.579+0000] {dag.py:3834} INFO - Setting next_dagrun for example_setup_teardown to 2024-04-28 00:00:00+00:00, run_after=2024-04-29 00:00:00+00:00
[2024-04-29T17:37:41.605+0000] {processor.py:183} INFO - Processing /home/airflow/.local/lib/python3.8/site-packages/airflow/example_dags/example_setup_teardown.py took 0.173 seconds
[2024-04-29T17:38:11.659+0000] {processor.py:161} INFO - Started process (PID=4322) to work on /home/airflow/.local/lib/python3.8/site-packages/airflow/example_dags/example_setup_teardown.py
[2024-04-29T17:38:11.660+0000] {processor.py:830} INFO - Processing file /home/airflow/.local/lib/python3.8/site-packages/airflow/example_dags/example_setup_teardown.py for tasks to queue
[2024-04-29T17:38:11.661+0000] {logging_mixin.py:188} INFO - [2024-04-29T17:38:11.661+0000] {dagbag.py:540} INFO - Filling up the DagBag from /home/airflow/.local/lib/python3.8/site-packages/airflow/example_dags/example_setup_teardown.py
[2024-04-29T17:38:11.669+0000] {processor.py:840} INFO - DAG(s) 'example_setup_teardown' retrieved from /home/airflow/.local/lib/python3.8/site-packages/airflow/example_dags/example_setup_teardown.py
[2024-04-29T17:38:11.693+0000] {logging_mixin.py:188} INFO - [2024-04-29T17:38:11.693+0000] {dag.py:3047} INFO - Sync 1 DAGs
[2024-04-29T17:38:11.720+0000] {logging_mixin.py:188} INFO - [2024-04-29T17:38:11.720+0000] {dag.py:3834} INFO - Setting next_dagrun for example_setup_teardown to 2024-04-28 00:00:00+00:00, run_after=2024-04-29 00:00:00+00:00
[2024-04-29T17:38:11.753+0000] {processor.py:183} INFO - Processing /home/airflow/.local/lib/python3.8/site-packages/airflow/example_dags/example_setup_teardown.py took 0.096 seconds
[2024-04-29T17:38:42.071+0000] {processor.py:161} INFO - Started process (PID=4570) to work on /home/airflow/.local/lib/python3.8/site-packages/airflow/example_dags/example_setup_teardown.py
[2024-04-29T17:38:42.072+0000] {processor.py:830} INFO - Processing file /home/airflow/.local/lib/python3.8/site-packages/airflow/example_dags/example_setup_teardown.py for tasks to queue
[2024-04-29T17:38:42.073+0000] {logging_mixin.py:188} INFO - [2024-04-29T17:38:42.073+0000] {dagbag.py:540} INFO - Filling up the DagBag from /home/airflow/.local/lib/python3.8/site-packages/airflow/example_dags/example_setup_teardown.py
[2024-04-29T17:38:42.097+0000] {processor.py:840} INFO - DAG(s) 'example_setup_teardown' retrieved from /home/airflow/.local/lib/python3.8/site-packages/airflow/example_dags/example_setup_teardown.py
[2024-04-29T17:38:42.124+0000] {logging_mixin.py:188} INFO - [2024-04-29T17:38:42.124+0000] {dag.py:3047} INFO - Sync 1 DAGs
[2024-04-29T17:38:42.156+0000] {logging_mixin.py:188} INFO - [2024-04-29T17:38:42.155+0000] {dag.py:3834} INFO - Setting next_dagrun for example_setup_teardown to 2024-04-28 00:00:00+00:00, run_after=2024-04-29 00:00:00+00:00
[2024-04-29T17:38:42.183+0000] {processor.py:183} INFO - Processing /home/airflow/.local/lib/python3.8/site-packages/airflow/example_dags/example_setup_teardown.py took 0.115 seconds
[2024-04-29T17:39:12.684+0000] {processor.py:161} INFO - Started process (PID=4817) to work on /home/airflow/.local/lib/python3.8/site-packages/airflow/example_dags/example_setup_teardown.py
[2024-04-29T17:39:12.685+0000] {processor.py:830} INFO - Processing file /home/airflow/.local/lib/python3.8/site-packages/airflow/example_dags/example_setup_teardown.py for tasks to queue
[2024-04-29T17:39:12.686+0000] {logging_mixin.py:188} INFO - [2024-04-29T17:39:12.686+0000] {dagbag.py:540} INFO - Filling up the DagBag from /home/airflow/.local/lib/python3.8/site-packages/airflow/example_dags/example_setup_teardown.py
[2024-04-29T17:39:12.694+0000] {processor.py:840} INFO - DAG(s) 'example_setup_teardown' retrieved from /home/airflow/.local/lib/python3.8/site-packages/airflow/example_dags/example_setup_teardown.py
[2024-04-29T17:39:12.718+0000] {logging_mixin.py:188} INFO - [2024-04-29T17:39:12.718+0000] {dag.py:3047} INFO - Sync 1 DAGs
[2024-04-29T17:39:12.745+0000] {logging_mixin.py:188} INFO - [2024-04-29T17:39:12.744+0000] {dag.py:3834} INFO - Setting next_dagrun for example_setup_teardown to 2024-04-28 00:00:00+00:00, run_after=2024-04-29 00:00:00+00:00
[2024-04-29T17:39:12.770+0000] {processor.py:183} INFO - Processing /home/airflow/.local/lib/python3.8/site-packages/airflow/example_dags/example_setup_teardown.py took 0.089 seconds
[2024-04-29T17:39:43.077+0000] {processor.py:161} INFO - Started process (PID=5064) to work on /home/airflow/.local/lib/python3.8/site-packages/airflow/example_dags/example_setup_teardown.py
[2024-04-29T17:39:43.078+0000] {processor.py:830} INFO - Processing file /home/airflow/.local/lib/python3.8/site-packages/airflow/example_dags/example_setup_teardown.py for tasks to queue
[2024-04-29T17:39:43.079+0000] {logging_mixin.py:188} INFO - [2024-04-29T17:39:43.079+0000] {dagbag.py:540} INFO - Filling up the DagBag from /home/airflow/.local/lib/python3.8/site-packages/airflow/example_dags/example_setup_teardown.py
[2024-04-29T17:39:43.088+0000] {processor.py:840} INFO - DAG(s) 'example_setup_teardown' retrieved from /home/airflow/.local/lib/python3.8/site-packages/airflow/example_dags/example_setup_teardown.py
[2024-04-29T17:39:43.113+0000] {logging_mixin.py:188} INFO - [2024-04-29T17:39:43.113+0000] {dag.py:3047} INFO - Sync 1 DAGs
[2024-04-29T17:39:43.139+0000] {logging_mixin.py:188} INFO - [2024-04-29T17:39:43.139+0000] {dag.py:3834} INFO - Setting next_dagrun for example_setup_teardown to 2024-04-28 00:00:00+00:00, run_after=2024-04-29 00:00:00+00:00
[2024-04-29T17:39:43.169+0000] {processor.py:183} INFO - Processing /home/airflow/.local/lib/python3.8/site-packages/airflow/example_dags/example_setup_teardown.py took 0.095 seconds
[2024-04-29T17:40:14.029+0000] {processor.py:161} INFO - Started process (PID=5310) to work on /home/airflow/.local/lib/python3.8/site-packages/airflow/example_dags/example_setup_teardown.py
[2024-04-29T17:40:14.030+0000] {processor.py:830} INFO - Processing file /home/airflow/.local/lib/python3.8/site-packages/airflow/example_dags/example_setup_teardown.py for tasks to queue
[2024-04-29T17:40:14.031+0000] {logging_mixin.py:188} INFO - [2024-04-29T17:40:14.031+0000] {dagbag.py:540} INFO - Filling up the DagBag from /home/airflow/.local/lib/python3.8/site-packages/airflow/example_dags/example_setup_teardown.py
[2024-04-29T17:40:14.039+0000] {processor.py:840} INFO - DAG(s) 'example_setup_teardown' retrieved from /home/airflow/.local/lib/python3.8/site-packages/airflow/example_dags/example_setup_teardown.py
[2024-04-29T17:40:14.070+0000] {logging_mixin.py:188} INFO - [2024-04-29T17:40:14.070+0000] {dag.py:3047} INFO - Sync 1 DAGs
[2024-04-29T17:40:14.095+0000] {logging_mixin.py:188} INFO - [2024-04-29T17:40:14.095+0000] {dag.py:3834} INFO - Setting next_dagrun for example_setup_teardown to 2024-04-28 00:00:00+00:00, run_after=2024-04-29 00:00:00+00:00
[2024-04-29T17:40:14.119+0000] {processor.py:183} INFO - Processing /home/airflow/.local/lib/python3.8/site-packages/airflow/example_dags/example_setup_teardown.py took 0.093 seconds
[2024-04-29T17:40:44.387+0000] {processor.py:161} INFO - Started process (PID=5557) to work on /home/airflow/.local/lib/python3.8/site-packages/airflow/example_dags/example_setup_teardown.py
[2024-04-29T17:40:44.388+0000] {processor.py:830} INFO - Processing file /home/airflow/.local/lib/python3.8/site-packages/airflow/example_dags/example_setup_teardown.py for tasks to queue
[2024-04-29T17:40:44.389+0000] {logging_mixin.py:188} INFO - [2024-04-29T17:40:44.388+0000] {dagbag.py:540} INFO - Filling up the DagBag from /home/airflow/.local/lib/python3.8/site-packages/airflow/example_dags/example_setup_teardown.py
[2024-04-29T17:40:44.396+0000] {processor.py:840} INFO - DAG(s) 'example_setup_teardown' retrieved from /home/airflow/.local/lib/python3.8/site-packages/airflow/example_dags/example_setup_teardown.py
[2024-04-29T17:40:44.426+0000] {logging_mixin.py:188} INFO - [2024-04-29T17:40:44.426+0000] {dag.py:3047} INFO - Sync 1 DAGs
[2024-04-29T17:40:44.452+0000] {logging_mixin.py:188} INFO - [2024-04-29T17:40:44.452+0000] {dag.py:3834} INFO - Setting next_dagrun for example_setup_teardown to 2024-04-28 00:00:00+00:00, run_after=2024-04-29 00:00:00+00:00
[2024-04-29T17:40:44.477+0000] {processor.py:183} INFO - Processing /home/airflow/.local/lib/python3.8/site-packages/airflow/example_dags/example_setup_teardown.py took 0.094 seconds
[2024-04-29T17:41:14.548+0000] {processor.py:161} INFO - Started process (PID=5804) to work on /home/airflow/.local/lib/python3.8/site-packages/airflow/example_dags/example_setup_teardown.py
[2024-04-29T17:41:14.549+0000] {processor.py:830} INFO - Processing file /home/airflow/.local/lib/python3.8/site-packages/airflow/example_dags/example_setup_teardown.py for tasks to queue
[2024-04-29T17:41:14.550+0000] {logging_mixin.py:188} INFO - [2024-04-29T17:41:14.549+0000] {dagbag.py:540} INFO - Filling up the DagBag from /home/airflow/.local/lib/python3.8/site-packages/airflow/example_dags/example_setup_teardown.py
[2024-04-29T17:41:14.558+0000] {processor.py:840} INFO - DAG(s) 'example_setup_teardown' retrieved from /home/airflow/.local/lib/python3.8/site-packages/airflow/example_dags/example_setup_teardown.py
[2024-04-29T17:41:14.590+0000] {logging_mixin.py:188} INFO - [2024-04-29T17:41:14.589+0000] {dag.py:3047} INFO - Sync 1 DAGs
[2024-04-29T17:41:14.620+0000] {logging_mixin.py:188} INFO - [2024-04-29T17:41:14.620+0000] {dag.py:3834} INFO - Setting next_dagrun for example_setup_teardown to 2024-04-28 00:00:00+00:00, run_after=2024-04-29 00:00:00+00:00
[2024-04-29T17:41:14.693+0000] {processor.py:183} INFO - Processing /home/airflow/.local/lib/python3.8/site-packages/airflow/example_dags/example_setup_teardown.py took 0.148 seconds
[2024-04-29T17:41:44.842+0000] {processor.py:161} INFO - Started process (PID=6057) to work on /home/airflow/.local/lib/python3.8/site-packages/airflow/example_dags/example_setup_teardown.py
[2024-04-29T17:41:44.843+0000] {processor.py:830} INFO - Processing file /home/airflow/.local/lib/python3.8/site-packages/airflow/example_dags/example_setup_teardown.py for tasks to queue
[2024-04-29T17:41:44.844+0000] {logging_mixin.py:188} INFO - [2024-04-29T17:41:44.844+0000] {dagbag.py:540} INFO - Filling up the DagBag from /home/airflow/.local/lib/python3.8/site-packages/airflow/example_dags/example_setup_teardown.py
[2024-04-29T17:41:44.852+0000] {processor.py:840} INFO - DAG(s) 'example_setup_teardown' retrieved from /home/airflow/.local/lib/python3.8/site-packages/airflow/example_dags/example_setup_teardown.py
[2024-04-29T17:41:44.876+0000] {logging_mixin.py:188} INFO - [2024-04-29T17:41:44.876+0000] {dag.py:3047} INFO - Sync 1 DAGs
[2024-04-29T17:41:44.930+0000] {logging_mixin.py:188} INFO - [2024-04-29T17:41:44.930+0000] {dag.py:3834} INFO - Setting next_dagrun for example_setup_teardown to 2024-04-28 00:00:00+00:00, run_after=2024-04-29 00:00:00+00:00
[2024-04-29T17:41:44.973+0000] {processor.py:183} INFO - Processing /home/airflow/.local/lib/python3.8/site-packages/airflow/example_dags/example_setup_teardown.py took 0.133 seconds
[2024-04-29T17:42:15.198+0000] {processor.py:161} INFO - Started process (PID=6304) to work on /home/airflow/.local/lib/python3.8/site-packages/airflow/example_dags/example_setup_teardown.py
[2024-04-29T17:42:15.199+0000] {processor.py:830} INFO - Processing file /home/airflow/.local/lib/python3.8/site-packages/airflow/example_dags/example_setup_teardown.py for tasks to queue
[2024-04-29T17:42:15.200+0000] {logging_mixin.py:188} INFO - [2024-04-29T17:42:15.200+0000] {dagbag.py:540} INFO - Filling up the DagBag from /home/airflow/.local/lib/python3.8/site-packages/airflow/example_dags/example_setup_teardown.py
[2024-04-29T17:42:15.209+0000] {processor.py:840} INFO - DAG(s) 'example_setup_teardown' retrieved from /home/airflow/.local/lib/python3.8/site-packages/airflow/example_dags/example_setup_teardown.py
[2024-04-29T17:42:15.233+0000] {logging_mixin.py:188} INFO - [2024-04-29T17:42:15.233+0000] {dag.py:3047} INFO - Sync 1 DAGs
[2024-04-29T17:42:15.258+0000] {logging_mixin.py:188} INFO - [2024-04-29T17:42:15.258+0000] {dag.py:3834} INFO - Setting next_dagrun for example_setup_teardown to 2024-04-28 00:00:00+00:00, run_after=2024-04-29 00:00:00+00:00
[2024-04-29T17:42:15.283+0000] {processor.py:183} INFO - Processing /home/airflow/.local/lib/python3.8/site-packages/airflow/example_dags/example_setup_teardown.py took 0.088 seconds
[2024-04-29T17:42:45.522+0000] {processor.py:161} INFO - Started process (PID=6551) to work on /home/airflow/.local/lib/python3.8/site-packages/airflow/example_dags/example_setup_teardown.py
[2024-04-29T17:42:45.527+0000] {processor.py:830} INFO - Processing file /home/airflow/.local/lib/python3.8/site-packages/airflow/example_dags/example_setup_teardown.py for tasks to queue
[2024-04-29T17:42:45.528+0000] {logging_mixin.py:188} INFO - [2024-04-29T17:42:45.527+0000] {dagbag.py:540} INFO - Filling up the DagBag from /home/airflow/.local/lib/python3.8/site-packages/airflow/example_dags/example_setup_teardown.py
[2024-04-29T17:42:45.541+0000] {processor.py:840} INFO - DAG(s) 'example_setup_teardown' retrieved from /home/airflow/.local/lib/python3.8/site-packages/airflow/example_dags/example_setup_teardown.py
[2024-04-29T17:42:45.614+0000] {logging_mixin.py:188} INFO - [2024-04-29T17:42:45.613+0000] {dag.py:3047} INFO - Sync 1 DAGs
[2024-04-29T17:42:45.735+0000] {logging_mixin.py:188} INFO - [2024-04-29T17:42:45.735+0000] {dag.py:3834} INFO - Setting next_dagrun for example_setup_teardown to 2024-04-28 00:00:00+00:00, run_after=2024-04-29 00:00:00+00:00
[2024-04-29T17:42:45.836+0000] {processor.py:183} INFO - Processing /home/airflow/.local/lib/python3.8/site-packages/airflow/example_dags/example_setup_teardown.py took 0.318 seconds
[2024-04-29T17:43:15.876+0000] {processor.py:161} INFO - Started process (PID=6801) to work on /home/airflow/.local/lib/python3.8/site-packages/airflow/example_dags/example_setup_teardown.py
[2024-04-29T17:43:15.877+0000] {processor.py:830} INFO - Processing file /home/airflow/.local/lib/python3.8/site-packages/airflow/example_dags/example_setup_teardown.py for tasks to queue
[2024-04-29T17:43:15.878+0000] {logging_mixin.py:188} INFO - [2024-04-29T17:43:15.878+0000] {dagbag.py:540} INFO - Filling up the DagBag from /home/airflow/.local/lib/python3.8/site-packages/airflow/example_dags/example_setup_teardown.py
[2024-04-29T17:43:15.886+0000] {processor.py:840} INFO - DAG(s) 'example_setup_teardown' retrieved from /home/airflow/.local/lib/python3.8/site-packages/airflow/example_dags/example_setup_teardown.py
[2024-04-29T17:43:15.911+0000] {logging_mixin.py:188} INFO - [2024-04-29T17:43:15.911+0000] {dag.py:3047} INFO - Sync 1 DAGs
[2024-04-29T17:43:15.934+0000] {logging_mixin.py:188} INFO - [2024-04-29T17:43:15.934+0000] {dag.py:3834} INFO - Setting next_dagrun for example_setup_teardown to 2024-04-28 00:00:00+00:00, run_after=2024-04-29 00:00:00+00:00
[2024-04-29T17:43:15.956+0000] {processor.py:183} INFO - Processing /home/airflow/.local/lib/python3.8/site-packages/airflow/example_dags/example_setup_teardown.py took 0.084 seconds
[2024-04-29T17:43:46.149+0000] {processor.py:161} INFO - Started process (PID=7045) to work on /home/airflow/.local/lib/python3.8/site-packages/airflow/example_dags/example_setup_teardown.py
[2024-04-29T17:43:46.151+0000] {processor.py:830} INFO - Processing file /home/airflow/.local/lib/python3.8/site-packages/airflow/example_dags/example_setup_teardown.py for tasks to queue
[2024-04-29T17:43:46.152+0000] {logging_mixin.py:188} INFO - [2024-04-29T17:43:46.152+0000] {dagbag.py:540} INFO - Filling up the DagBag from /home/airflow/.local/lib/python3.8/site-packages/airflow/example_dags/example_setup_teardown.py
[2024-04-29T17:43:46.165+0000] {processor.py:840} INFO - DAG(s) 'example_setup_teardown' retrieved from /home/airflow/.local/lib/python3.8/site-packages/airflow/example_dags/example_setup_teardown.py
[2024-04-29T17:43:46.201+0000] {logging_mixin.py:188} INFO - [2024-04-29T17:43:46.201+0000] {dag.py:3047} INFO - Sync 1 DAGs
[2024-04-29T17:43:46.228+0000] {logging_mixin.py:188} INFO - [2024-04-29T17:43:46.227+0000] {dag.py:3834} INFO - Setting next_dagrun for example_setup_teardown to 2024-04-28 00:00:00+00:00, run_after=2024-04-29 00:00:00+00:00
[2024-04-29T17:43:46.257+0000] {processor.py:183} INFO - Processing /home/airflow/.local/lib/python3.8/site-packages/airflow/example_dags/example_setup_teardown.py took 0.116 seconds
[2024-04-29T17:44:16.414+0000] {processor.py:161} INFO - Started process (PID=7292) to work on /home/airflow/.local/lib/python3.8/site-packages/airflow/example_dags/example_setup_teardown.py
[2024-04-29T17:44:16.415+0000] {processor.py:830} INFO - Processing file /home/airflow/.local/lib/python3.8/site-packages/airflow/example_dags/example_setup_teardown.py for tasks to queue
[2024-04-29T17:44:16.416+0000] {logging_mixin.py:188} INFO - [2024-04-29T17:44:16.416+0000] {dagbag.py:540} INFO - Filling up the DagBag from /home/airflow/.local/lib/python3.8/site-packages/airflow/example_dags/example_setup_teardown.py
[2024-04-29T17:44:16.425+0000] {processor.py:840} INFO - DAG(s) 'example_setup_teardown' retrieved from /home/airflow/.local/lib/python3.8/site-packages/airflow/example_dags/example_setup_teardown.py
[2024-04-29T17:44:16.449+0000] {logging_mixin.py:188} INFO - [2024-04-29T17:44:16.448+0000] {dag.py:3047} INFO - Sync 1 DAGs
[2024-04-29T17:44:16.474+0000] {logging_mixin.py:188} INFO - [2024-04-29T17:44:16.474+0000] {dag.py:3834} INFO - Setting next_dagrun for example_setup_teardown to 2024-04-28 00:00:00+00:00, run_after=2024-04-29 00:00:00+00:00
[2024-04-29T17:44:16.499+0000] {processor.py:183} INFO - Processing /home/airflow/.local/lib/python3.8/site-packages/airflow/example_dags/example_setup_teardown.py took 0.088 seconds
[2024-04-29T17:44:46.803+0000] {processor.py:161} INFO - Started process (PID=7539) to work on /home/airflow/.local/lib/python3.8/site-packages/airflow/example_dags/example_setup_teardown.py
[2024-04-29T17:44:46.805+0000] {processor.py:830} INFO - Processing file /home/airflow/.local/lib/python3.8/site-packages/airflow/example_dags/example_setup_teardown.py for tasks to queue
[2024-04-29T17:44:46.806+0000] {logging_mixin.py:188} INFO - [2024-04-29T17:44:46.806+0000] {dagbag.py:540} INFO - Filling up the DagBag from /home/airflow/.local/lib/python3.8/site-packages/airflow/example_dags/example_setup_teardown.py
[2024-04-29T17:44:46.814+0000] {processor.py:840} INFO - DAG(s) 'example_setup_teardown' retrieved from /home/airflow/.local/lib/python3.8/site-packages/airflow/example_dags/example_setup_teardown.py
[2024-04-29T17:44:46.839+0000] {logging_mixin.py:188} INFO - [2024-04-29T17:44:46.839+0000] {dag.py:3047} INFO - Sync 1 DAGs
[2024-04-29T17:44:46.865+0000] {logging_mixin.py:188} INFO - [2024-04-29T17:44:46.865+0000] {dag.py:3834} INFO - Setting next_dagrun for example_setup_teardown to 2024-04-28 00:00:00+00:00, run_after=2024-04-29 00:00:00+00:00
[2024-04-29T17:44:46.896+0000] {processor.py:183} INFO - Processing /home/airflow/.local/lib/python3.8/site-packages/airflow/example_dags/example_setup_teardown.py took 0.097 seconds
[2024-04-29T17:45:17.262+0000] {processor.py:161} INFO - Started process (PID=7787) to work on /home/airflow/.local/lib/python3.8/site-packages/airflow/example_dags/example_setup_teardown.py
[2024-04-29T17:45:17.263+0000] {processor.py:830} INFO - Processing file /home/airflow/.local/lib/python3.8/site-packages/airflow/example_dags/example_setup_teardown.py for tasks to queue
[2024-04-29T17:45:17.264+0000] {logging_mixin.py:188} INFO - [2024-04-29T17:45:17.264+0000] {dagbag.py:540} INFO - Filling up the DagBag from /home/airflow/.local/lib/python3.8/site-packages/airflow/example_dags/example_setup_teardown.py
[2024-04-29T17:45:17.272+0000] {processor.py:840} INFO - DAG(s) 'example_setup_teardown' retrieved from /home/airflow/.local/lib/python3.8/site-packages/airflow/example_dags/example_setup_teardown.py
[2024-04-29T17:45:17.302+0000] {logging_mixin.py:188} INFO - [2024-04-29T17:45:17.301+0000] {dag.py:3047} INFO - Sync 1 DAGs
[2024-04-29T17:45:17.356+0000] {logging_mixin.py:188} INFO - [2024-04-29T17:45:17.355+0000] {dag.py:3834} INFO - Setting next_dagrun for example_setup_teardown to 2024-04-28 00:00:00+00:00, run_after=2024-04-29 00:00:00+00:00
[2024-04-29T17:45:17.388+0000] {processor.py:183} INFO - Processing /home/airflow/.local/lib/python3.8/site-packages/airflow/example_dags/example_setup_teardown.py took 0.130 seconds
[2024-04-29T17:45:47.681+0000] {processor.py:161} INFO - Started process (PID=8035) to work on /home/airflow/.local/lib/python3.8/site-packages/airflow/example_dags/example_setup_teardown.py
[2024-04-29T17:45:47.682+0000] {processor.py:830} INFO - Processing file /home/airflow/.local/lib/python3.8/site-packages/airflow/example_dags/example_setup_teardown.py for tasks to queue
[2024-04-29T17:45:47.683+0000] {logging_mixin.py:188} INFO - [2024-04-29T17:45:47.683+0000] {dagbag.py:540} INFO - Filling up the DagBag from /home/airflow/.local/lib/python3.8/site-packages/airflow/example_dags/example_setup_teardown.py
[2024-04-29T17:45:47.691+0000] {processor.py:840} INFO - DAG(s) 'example_setup_teardown' retrieved from /home/airflow/.local/lib/python3.8/site-packages/airflow/example_dags/example_setup_teardown.py
[2024-04-29T17:45:47.724+0000] {logging_mixin.py:188} INFO - [2024-04-29T17:45:47.723+0000] {dag.py:3047} INFO - Sync 1 DAGs
[2024-04-29T17:45:47.775+0000] {logging_mixin.py:188} INFO - [2024-04-29T17:45:47.775+0000] {dag.py:3834} INFO - Setting next_dagrun for example_setup_teardown to 2024-04-28 00:00:00+00:00, run_after=2024-04-29 00:00:00+00:00
[2024-04-29T17:45:47.818+0000] {processor.py:183} INFO - Processing /home/airflow/.local/lib/python3.8/site-packages/airflow/example_dags/example_setup_teardown.py took 0.140 seconds
[2024-04-29T17:46:17.915+0000] {processor.py:161} INFO - Started process (PID=8283) to work on /home/airflow/.local/lib/python3.8/site-packages/airflow/example_dags/example_setup_teardown.py
[2024-04-29T17:46:17.916+0000] {processor.py:830} INFO - Processing file /home/airflow/.local/lib/python3.8/site-packages/airflow/example_dags/example_setup_teardown.py for tasks to queue
[2024-04-29T17:46:17.917+0000] {logging_mixin.py:188} INFO - [2024-04-29T17:46:17.916+0000] {dagbag.py:540} INFO - Filling up the DagBag from /home/airflow/.local/lib/python3.8/site-packages/airflow/example_dags/example_setup_teardown.py
[2024-04-29T17:46:17.925+0000] {processor.py:840} INFO - DAG(s) 'example_setup_teardown' retrieved from /home/airflow/.local/lib/python3.8/site-packages/airflow/example_dags/example_setup_teardown.py
[2024-04-29T17:46:17.949+0000] {logging_mixin.py:188} INFO - [2024-04-29T17:46:17.949+0000] {dag.py:3047} INFO - Sync 1 DAGs
[2024-04-29T17:46:17.978+0000] {logging_mixin.py:188} INFO - [2024-04-29T17:46:17.978+0000] {dag.py:3834} INFO - Setting next_dagrun for example_setup_teardown to 2024-04-28 00:00:00+00:00, run_after=2024-04-29 00:00:00+00:00
[2024-04-29T17:46:18.011+0000] {processor.py:183} INFO - Processing /home/airflow/.local/lib/python3.8/site-packages/airflow/example_dags/example_setup_teardown.py took 0.099 seconds
[2024-04-29T17:46:48.361+0000] {processor.py:161} INFO - Started process (PID=8530) to work on /home/airflow/.local/lib/python3.8/site-packages/airflow/example_dags/example_setup_teardown.py
[2024-04-29T17:46:48.362+0000] {processor.py:830} INFO - Processing file /home/airflow/.local/lib/python3.8/site-packages/airflow/example_dags/example_setup_teardown.py for tasks to queue
[2024-04-29T17:46:48.363+0000] {logging_mixin.py:188} INFO - [2024-04-29T17:46:48.362+0000] {dagbag.py:540} INFO - Filling up the DagBag from /home/airflow/.local/lib/python3.8/site-packages/airflow/example_dags/example_setup_teardown.py
[2024-04-29T17:46:48.370+0000] {processor.py:840} INFO - DAG(s) 'example_setup_teardown' retrieved from /home/airflow/.local/lib/python3.8/site-packages/airflow/example_dags/example_setup_teardown.py
[2024-04-29T17:46:48.396+0000] {logging_mixin.py:188} INFO - [2024-04-29T17:46:48.395+0000] {dag.py:3047} INFO - Sync 1 DAGs
[2024-04-29T17:46:48.431+0000] {logging_mixin.py:188} INFO - [2024-04-29T17:46:48.430+0000] {dag.py:3834} INFO - Setting next_dagrun for example_setup_teardown to 2024-04-28 00:00:00+00:00, run_after=2024-04-29 00:00:00+00:00
[2024-04-29T17:46:48.456+0000] {processor.py:183} INFO - Processing /home/airflow/.local/lib/python3.8/site-packages/airflow/example_dags/example_setup_teardown.py took 0.099 seconds
[2024-04-29T17:47:18.926+0000] {processor.py:161} INFO - Started process (PID=8778) to work on /home/airflow/.local/lib/python3.8/site-packages/airflow/example_dags/example_setup_teardown.py
[2024-04-29T17:47:18.927+0000] {processor.py:830} INFO - Processing file /home/airflow/.local/lib/python3.8/site-packages/airflow/example_dags/example_setup_teardown.py for tasks to queue
[2024-04-29T17:47:18.928+0000] {logging_mixin.py:188} INFO - [2024-04-29T17:47:18.928+0000] {dagbag.py:540} INFO - Filling up the DagBag from /home/airflow/.local/lib/python3.8/site-packages/airflow/example_dags/example_setup_teardown.py
[2024-04-29T17:47:18.937+0000] {processor.py:840} INFO - DAG(s) 'example_setup_teardown' retrieved from /home/airflow/.local/lib/python3.8/site-packages/airflow/example_dags/example_setup_teardown.py
[2024-04-29T17:47:18.962+0000] {logging_mixin.py:188} INFO - [2024-04-29T17:47:18.961+0000] {dag.py:3047} INFO - Sync 1 DAGs
[2024-04-29T17:47:18.987+0000] {logging_mixin.py:188} INFO - [2024-04-29T17:47:18.987+0000] {dag.py:3834} INFO - Setting next_dagrun for example_setup_teardown to 2024-04-28 00:00:00+00:00, run_after=2024-04-29 00:00:00+00:00
[2024-04-29T17:47:19.016+0000] {processor.py:183} INFO - Processing /home/airflow/.local/lib/python3.8/site-packages/airflow/example_dags/example_setup_teardown.py took 0.093 seconds
[2024-04-29T17:47:49.229+0000] {processor.py:161} INFO - Started process (PID=9026) to work on /home/airflow/.local/lib/python3.8/site-packages/airflow/example_dags/example_setup_teardown.py
[2024-04-29T17:47:49.230+0000] {processor.py:830} INFO - Processing file /home/airflow/.local/lib/python3.8/site-packages/airflow/example_dags/example_setup_teardown.py for tasks to queue
[2024-04-29T17:47:49.231+0000] {logging_mixin.py:188} INFO - [2024-04-29T17:47:49.231+0000] {dagbag.py:540} INFO - Filling up the DagBag from /home/airflow/.local/lib/python3.8/site-packages/airflow/example_dags/example_setup_teardown.py
[2024-04-29T17:47:49.240+0000] {processor.py:840} INFO - DAG(s) 'example_setup_teardown' retrieved from /home/airflow/.local/lib/python3.8/site-packages/airflow/example_dags/example_setup_teardown.py
[2024-04-29T17:47:49.290+0000] {logging_mixin.py:188} INFO - [2024-04-29T17:47:49.290+0000] {dag.py:3047} INFO - Sync 1 DAGs
[2024-04-29T17:47:49.322+0000] {logging_mixin.py:188} INFO - [2024-04-29T17:47:49.321+0000] {dag.py:3834} INFO - Setting next_dagrun for example_setup_teardown to 2024-04-28 00:00:00+00:00, run_after=2024-04-29 00:00:00+00:00
[2024-04-29T17:47:49.363+0000] {processor.py:183} INFO - Processing /home/airflow/.local/lib/python3.8/site-packages/airflow/example_dags/example_setup_teardown.py took 0.138 seconds
[2024-04-29T17:48:19.623+0000] {processor.py:161} INFO - Started process (PID=9273) to work on /home/airflow/.local/lib/python3.8/site-packages/airflow/example_dags/example_setup_teardown.py
[2024-04-29T17:48:19.624+0000] {processor.py:830} INFO - Processing file /home/airflow/.local/lib/python3.8/site-packages/airflow/example_dags/example_setup_teardown.py for tasks to queue
[2024-04-29T17:48:19.625+0000] {logging_mixin.py:188} INFO - [2024-04-29T17:48:19.624+0000] {dagbag.py:540} INFO - Filling up the DagBag from /home/airflow/.local/lib/python3.8/site-packages/airflow/example_dags/example_setup_teardown.py
[2024-04-29T17:48:19.632+0000] {processor.py:840} INFO - DAG(s) 'example_setup_teardown' retrieved from /home/airflow/.local/lib/python3.8/site-packages/airflow/example_dags/example_setup_teardown.py
[2024-04-29T17:48:19.657+0000] {logging_mixin.py:188} INFO - [2024-04-29T17:48:19.657+0000] {dag.py:3047} INFO - Sync 1 DAGs
[2024-04-29T17:48:19.684+0000] {logging_mixin.py:188} INFO - [2024-04-29T17:48:19.683+0000] {dag.py:3834} INFO - Setting next_dagrun for example_setup_teardown to 2024-04-28 00:00:00+00:00, run_after=2024-04-29 00:00:00+00:00
[2024-04-29T17:48:19.708+0000] {processor.py:183} INFO - Processing /home/airflow/.local/lib/python3.8/site-packages/airflow/example_dags/example_setup_teardown.py took 0.089 seconds
[2024-04-29T17:48:50.073+0000] {processor.py:161} INFO - Started process (PID=9521) to work on /home/airflow/.local/lib/python3.8/site-packages/airflow/example_dags/example_setup_teardown.py
[2024-04-29T17:48:50.075+0000] {processor.py:830} INFO - Processing file /home/airflow/.local/lib/python3.8/site-packages/airflow/example_dags/example_setup_teardown.py for tasks to queue
[2024-04-29T17:48:50.076+0000] {logging_mixin.py:188} INFO - [2024-04-29T17:48:50.075+0000] {dagbag.py:540} INFO - Filling up the DagBag from /home/airflow/.local/lib/python3.8/site-packages/airflow/example_dags/example_setup_teardown.py
[2024-04-29T17:48:50.083+0000] {processor.py:840} INFO - DAG(s) 'example_setup_teardown' retrieved from /home/airflow/.local/lib/python3.8/site-packages/airflow/example_dags/example_setup_teardown.py
[2024-04-29T17:48:50.123+0000] {logging_mixin.py:188} INFO - [2024-04-29T17:48:50.122+0000] {dag.py:3047} INFO - Sync 1 DAGs
[2024-04-29T17:48:50.153+0000] {logging_mixin.py:188} INFO - [2024-04-29T17:48:50.153+0000] {dag.py:3834} INFO - Setting next_dagrun for example_setup_teardown to 2024-04-28 00:00:00+00:00, run_after=2024-04-29 00:00:00+00:00
[2024-04-29T17:48:50.178+0000] {processor.py:183} INFO - Processing /home/airflow/.local/lib/python3.8/site-packages/airflow/example_dags/example_setup_teardown.py took 0.108 seconds
[2024-04-29T17:49:20.361+0000] {processor.py:161} INFO - Started process (PID=9769) to work on /home/airflow/.local/lib/python3.8/site-packages/airflow/example_dags/example_setup_teardown.py
[2024-04-29T17:49:20.362+0000] {processor.py:830} INFO - Processing file /home/airflow/.local/lib/python3.8/site-packages/airflow/example_dags/example_setup_teardown.py for tasks to queue
[2024-04-29T17:49:20.363+0000] {logging_mixin.py:188} INFO - [2024-04-29T17:49:20.363+0000] {dagbag.py:540} INFO - Filling up the DagBag from /home/airflow/.local/lib/python3.8/site-packages/airflow/example_dags/example_setup_teardown.py
[2024-04-29T17:49:20.372+0000] {processor.py:840} INFO - DAG(s) 'example_setup_teardown' retrieved from /home/airflow/.local/lib/python3.8/site-packages/airflow/example_dags/example_setup_teardown.py
[2024-04-29T17:49:20.398+0000] {logging_mixin.py:188} INFO - [2024-04-29T17:49:20.398+0000] {dag.py:3047} INFO - Sync 1 DAGs
[2024-04-29T17:49:20.434+0000] {logging_mixin.py:188} INFO - [2024-04-29T17:49:20.433+0000] {dag.py:3834} INFO - Setting next_dagrun for example_setup_teardown to 2024-04-28 00:00:00+00:00, run_after=2024-04-29 00:00:00+00:00
[2024-04-29T17:49:20.470+0000] {processor.py:183} INFO - Processing /home/airflow/.local/lib/python3.8/site-packages/airflow/example_dags/example_setup_teardown.py took 0.112 seconds
[2024-04-29T17:49:50.563+0000] {processor.py:161} INFO - Started process (PID=10017) to work on /home/airflow/.local/lib/python3.8/site-packages/airflow/example_dags/example_setup_teardown.py
[2024-04-29T17:49:50.564+0000] {processor.py:830} INFO - Processing file /home/airflow/.local/lib/python3.8/site-packages/airflow/example_dags/example_setup_teardown.py for tasks to queue
[2024-04-29T17:49:50.565+0000] {logging_mixin.py:188} INFO - [2024-04-29T17:49:50.565+0000] {dagbag.py:540} INFO - Filling up the DagBag from /home/airflow/.local/lib/python3.8/site-packages/airflow/example_dags/example_setup_teardown.py
[2024-04-29T17:49:50.573+0000] {processor.py:840} INFO - DAG(s) 'example_setup_teardown' retrieved from /home/airflow/.local/lib/python3.8/site-packages/airflow/example_dags/example_setup_teardown.py
[2024-04-29T17:49:50.598+0000] {logging_mixin.py:188} INFO - [2024-04-29T17:49:50.598+0000] {dag.py:3047} INFO - Sync 1 DAGs
[2024-04-29T17:49:50.639+0000] {logging_mixin.py:188} INFO - [2024-04-29T17:49:50.639+0000] {dag.py:3834} INFO - Setting next_dagrun for example_setup_teardown to 2024-04-28 00:00:00+00:00, run_after=2024-04-29 00:00:00+00:00
[2024-04-29T17:49:50.680+0000] {processor.py:183} INFO - Processing /home/airflow/.local/lib/python3.8/site-packages/airflow/example_dags/example_setup_teardown.py took 0.120 seconds
[2024-04-29T17:50:20.809+0000] {processor.py:161} INFO - Started process (PID=10299) to work on /home/airflow/.local/lib/python3.8/site-packages/airflow/example_dags/example_setup_teardown.py
[2024-04-29T17:50:20.810+0000] {processor.py:830} INFO - Processing file /home/airflow/.local/lib/python3.8/site-packages/airflow/example_dags/example_setup_teardown.py for tasks to queue
[2024-04-29T17:50:20.811+0000] {logging_mixin.py:188} INFO - [2024-04-29T17:50:20.810+0000] {dagbag.py:540} INFO - Filling up the DagBag from /home/airflow/.local/lib/python3.8/site-packages/airflow/example_dags/example_setup_teardown.py
[2024-04-29T17:50:20.825+0000] {processor.py:840} INFO - DAG(s) 'example_setup_teardown' retrieved from /home/airflow/.local/lib/python3.8/site-packages/airflow/example_dags/example_setup_teardown.py
[2024-04-29T17:50:20.848+0000] {logging_mixin.py:188} INFO - [2024-04-29T17:50:20.848+0000] {dag.py:3047} INFO - Sync 1 DAGs
[2024-04-29T17:50:20.876+0000] {logging_mixin.py:188} INFO - [2024-04-29T17:50:20.876+0000] {dag.py:3834} INFO - Setting next_dagrun for example_setup_teardown to 2024-04-28 00:00:00+00:00, run_after=2024-04-29 00:00:00+00:00
[2024-04-29T17:50:20.907+0000] {processor.py:183} INFO - Processing /home/airflow/.local/lib/python3.8/site-packages/airflow/example_dags/example_setup_teardown.py took 0.101 seconds
[2024-04-29T17:50:51.621+0000] {processor.py:161} INFO - Started process (PID=10579) to work on /home/airflow/.local/lib/python3.8/site-packages/airflow/example_dags/example_setup_teardown.py
[2024-04-29T17:50:51.621+0000] {processor.py:830} INFO - Processing file /home/airflow/.local/lib/python3.8/site-packages/airflow/example_dags/example_setup_teardown.py for tasks to queue
[2024-04-29T17:50:51.624+0000] {logging_mixin.py:188} INFO - [2024-04-29T17:50:51.623+0000] {dagbag.py:540} INFO - Filling up the DagBag from /home/airflow/.local/lib/python3.8/site-packages/airflow/example_dags/example_setup_teardown.py
[2024-04-29T17:50:51.631+0000] {processor.py:840} INFO - DAG(s) 'example_setup_teardown' retrieved from /home/airflow/.local/lib/python3.8/site-packages/airflow/example_dags/example_setup_teardown.py
[2024-04-29T17:50:51.651+0000] {logging_mixin.py:188} INFO - [2024-04-29T17:50:51.650+0000] {dag.py:3047} INFO - Sync 1 DAGs
[2024-04-29T17:50:51.676+0000] {logging_mixin.py:188} INFO - [2024-04-29T17:50:51.676+0000] {dag.py:3834} INFO - Setting next_dagrun for example_setup_teardown to 2024-04-28 00:00:00+00:00, run_after=2024-04-29 00:00:00+00:00
[2024-04-29T17:50:51.705+0000] {processor.py:183} INFO - Processing /home/airflow/.local/lib/python3.8/site-packages/airflow/example_dags/example_setup_teardown.py took 0.088 seconds
[2024-04-29T17:51:22.660+0000] {processor.py:161} INFO - Started process (PID=10859) to work on /home/airflow/.local/lib/python3.8/site-packages/airflow/example_dags/example_setup_teardown.py
[2024-04-29T17:51:22.661+0000] {processor.py:830} INFO - Processing file /home/airflow/.local/lib/python3.8/site-packages/airflow/example_dags/example_setup_teardown.py for tasks to queue
[2024-04-29T17:51:22.661+0000] {logging_mixin.py:188} INFO - [2024-04-29T17:51:22.661+0000] {dagbag.py:540} INFO - Filling up the DagBag from /home/airflow/.local/lib/python3.8/site-packages/airflow/example_dags/example_setup_teardown.py
[2024-04-29T17:51:22.670+0000] {processor.py:840} INFO - DAG(s) 'example_setup_teardown' retrieved from /home/airflow/.local/lib/python3.8/site-packages/airflow/example_dags/example_setup_teardown.py
[2024-04-29T17:51:22.698+0000] {logging_mixin.py:188} INFO - [2024-04-29T17:51:22.698+0000] {dag.py:3047} INFO - Sync 1 DAGs
[2024-04-29T17:51:22.727+0000] {logging_mixin.py:188} INFO - [2024-04-29T17:51:22.727+0000] {dag.py:3834} INFO - Setting next_dagrun for example_setup_teardown to 2024-04-28 00:00:00+00:00, run_after=2024-04-29 00:00:00+00:00
[2024-04-29T17:51:22.749+0000] {processor.py:183} INFO - Processing /home/airflow/.local/lib/python3.8/site-packages/airflow/example_dags/example_setup_teardown.py took 0.093 seconds
[2024-04-29T17:51:53.454+0000] {processor.py:161} INFO - Started process (PID=11135) to work on /home/airflow/.local/lib/python3.8/site-packages/airflow/example_dags/example_setup_teardown.py
[2024-04-29T17:51:53.455+0000] {processor.py:830} INFO - Processing file /home/airflow/.local/lib/python3.8/site-packages/airflow/example_dags/example_setup_teardown.py for tasks to queue
[2024-04-29T17:51:53.456+0000] {logging_mixin.py:188} INFO - [2024-04-29T17:51:53.456+0000] {dagbag.py:540} INFO - Filling up the DagBag from /home/airflow/.local/lib/python3.8/site-packages/airflow/example_dags/example_setup_teardown.py
[2024-04-29T17:51:53.470+0000] {processor.py:840} INFO - DAG(s) 'example_setup_teardown' retrieved from /home/airflow/.local/lib/python3.8/site-packages/airflow/example_dags/example_setup_teardown.py
[2024-04-29T17:51:53.494+0000] {logging_mixin.py:188} INFO - [2024-04-29T17:51:53.494+0000] {dag.py:3047} INFO - Sync 1 DAGs
[2024-04-29T17:51:53.520+0000] {logging_mixin.py:188} INFO - [2024-04-29T17:51:53.520+0000] {dag.py:3834} INFO - Setting next_dagrun for example_setup_teardown to 2024-04-28 00:00:00+00:00, run_after=2024-04-29 00:00:00+00:00
[2024-04-29T17:51:53.543+0000] {processor.py:183} INFO - Processing /home/airflow/.local/lib/python3.8/site-packages/airflow/example_dags/example_setup_teardown.py took 0.093 seconds
[2024-04-29T17:52:23.968+0000] {processor.py:161} INFO - Started process (PID=11403) to work on /home/airflow/.local/lib/python3.8/site-packages/airflow/example_dags/example_setup_teardown.py
[2024-04-29T17:52:23.969+0000] {processor.py:830} INFO - Processing file /home/airflow/.local/lib/python3.8/site-packages/airflow/example_dags/example_setup_teardown.py for tasks to queue
[2024-04-29T17:52:23.970+0000] {logging_mixin.py:188} INFO - [2024-04-29T17:52:23.970+0000] {dagbag.py:540} INFO - Filling up the DagBag from /home/airflow/.local/lib/python3.8/site-packages/airflow/example_dags/example_setup_teardown.py
[2024-04-29T17:52:23.992+0000] {processor.py:840} INFO - DAG(s) 'example_setup_teardown' retrieved from /home/airflow/.local/lib/python3.8/site-packages/airflow/example_dags/example_setup_teardown.py
[2024-04-29T17:52:24.025+0000] {logging_mixin.py:188} INFO - [2024-04-29T17:52:24.025+0000] {dag.py:3047} INFO - Sync 1 DAGs
[2024-04-29T17:52:24.060+0000] {logging_mixin.py:188} INFO - [2024-04-29T17:52:24.060+0000] {dag.py:3834} INFO - Setting next_dagrun for example_setup_teardown to 2024-04-28 00:00:00+00:00, run_after=2024-04-29 00:00:00+00:00
[2024-04-29T17:52:24.085+0000] {processor.py:183} INFO - Processing /home/airflow/.local/lib/python3.8/site-packages/airflow/example_dags/example_setup_teardown.py took 0.120 seconds
[2024-04-29T17:52:54.186+0000] {processor.py:161} INFO - Started process (PID=11689) to work on /home/airflow/.local/lib/python3.8/site-packages/airflow/example_dags/example_setup_teardown.py
[2024-04-29T17:52:54.187+0000] {processor.py:830} INFO - Processing file /home/airflow/.local/lib/python3.8/site-packages/airflow/example_dags/example_setup_teardown.py for tasks to queue
[2024-04-29T17:52:54.188+0000] {logging_mixin.py:188} INFO - [2024-04-29T17:52:54.188+0000] {dagbag.py:540} INFO - Filling up the DagBag from /home/airflow/.local/lib/python3.8/site-packages/airflow/example_dags/example_setup_teardown.py
[2024-04-29T17:52:54.196+0000] {processor.py:840} INFO - DAG(s) 'example_setup_teardown' retrieved from /home/airflow/.local/lib/python3.8/site-packages/airflow/example_dags/example_setup_teardown.py
[2024-04-29T17:52:54.232+0000] {logging_mixin.py:188} INFO - [2024-04-29T17:52:54.232+0000] {dag.py:3047} INFO - Sync 1 DAGs
[2024-04-29T17:52:54.285+0000] {logging_mixin.py:188} INFO - [2024-04-29T17:52:54.285+0000] {dag.py:3834} INFO - Setting next_dagrun for example_setup_teardown to 2024-04-28 00:00:00+00:00, run_after=2024-04-29 00:00:00+00:00
[2024-04-29T17:52:54.313+0000] {processor.py:183} INFO - Processing /home/airflow/.local/lib/python3.8/site-packages/airflow/example_dags/example_setup_teardown.py took 0.130 seconds
[2024-04-29T17:53:24.884+0000] {processor.py:161} INFO - Started process (PID=11951) to work on /home/airflow/.local/lib/python3.8/site-packages/airflow/example_dags/example_setup_teardown.py
[2024-04-29T17:53:24.887+0000] {processor.py:830} INFO - Processing file /home/airflow/.local/lib/python3.8/site-packages/airflow/example_dags/example_setup_teardown.py for tasks to queue
[2024-04-29T17:53:24.888+0000] {logging_mixin.py:188} INFO - [2024-04-29T17:53:24.888+0000] {dagbag.py:540} INFO - Filling up the DagBag from /home/airflow/.local/lib/python3.8/site-packages/airflow/example_dags/example_setup_teardown.py
[2024-04-29T17:53:24.897+0000] {processor.py:840} INFO - DAG(s) 'example_setup_teardown' retrieved from /home/airflow/.local/lib/python3.8/site-packages/airflow/example_dags/example_setup_teardown.py
[2024-04-29T17:53:24.922+0000] {logging_mixin.py:188} INFO - [2024-04-29T17:53:24.921+0000] {dag.py:3047} INFO - Sync 1 DAGs
[2024-04-29T17:53:24.947+0000] {logging_mixin.py:188} INFO - [2024-04-29T17:53:24.947+0000] {dag.py:3834} INFO - Setting next_dagrun for example_setup_teardown to 2024-04-28 00:00:00+00:00, run_after=2024-04-29 00:00:00+00:00
[2024-04-29T17:53:24.970+0000] {processor.py:183} INFO - Processing /home/airflow/.local/lib/python3.8/site-packages/airflow/example_dags/example_setup_teardown.py took 0.090 seconds
[2024-04-29T17:53:55.610+0000] {processor.py:161} INFO - Started process (PID=12213) to work on /home/airflow/.local/lib/python3.8/site-packages/airflow/example_dags/example_setup_teardown.py
[2024-04-29T17:53:55.611+0000] {processor.py:830} INFO - Processing file /home/airflow/.local/lib/python3.8/site-packages/airflow/example_dags/example_setup_teardown.py for tasks to queue
[2024-04-29T17:53:55.612+0000] {logging_mixin.py:188} INFO - [2024-04-29T17:53:55.612+0000] {dagbag.py:540} INFO - Filling up the DagBag from /home/airflow/.local/lib/python3.8/site-packages/airflow/example_dags/example_setup_teardown.py
[2024-04-29T17:53:55.624+0000] {processor.py:840} INFO - DAG(s) 'example_setup_teardown' retrieved from /home/airflow/.local/lib/python3.8/site-packages/airflow/example_dags/example_setup_teardown.py
[2024-04-29T17:53:55.649+0000] {logging_mixin.py:188} INFO - [2024-04-29T17:53:55.649+0000] {dag.py:3047} INFO - Sync 1 DAGs
[2024-04-29T17:53:55.676+0000] {logging_mixin.py:188} INFO - [2024-04-29T17:53:55.675+0000] {dag.py:3834} INFO - Setting next_dagrun for example_setup_teardown to 2024-04-28 00:00:00+00:00, run_after=2024-04-29 00:00:00+00:00
[2024-04-29T17:53:55.702+0000] {processor.py:183} INFO - Processing /home/airflow/.local/lib/python3.8/site-packages/airflow/example_dags/example_setup_teardown.py took 0.095 seconds
[2024-04-29T17:54:26.283+0000] {processor.py:161} INFO - Started process (PID=12495) to work on /home/airflow/.local/lib/python3.8/site-packages/airflow/example_dags/example_setup_teardown.py
[2024-04-29T17:54:26.284+0000] {processor.py:830} INFO - Processing file /home/airflow/.local/lib/python3.8/site-packages/airflow/example_dags/example_setup_teardown.py for tasks to queue
[2024-04-29T17:54:26.285+0000] {logging_mixin.py:188} INFO - [2024-04-29T17:54:26.285+0000] {dagbag.py:540} INFO - Filling up the DagBag from /home/airflow/.local/lib/python3.8/site-packages/airflow/example_dags/example_setup_teardown.py
[2024-04-29T17:54:26.294+0000] {processor.py:840} INFO - DAG(s) 'example_setup_teardown' retrieved from /home/airflow/.local/lib/python3.8/site-packages/airflow/example_dags/example_setup_teardown.py
[2024-04-29T17:54:26.319+0000] {logging_mixin.py:188} INFO - [2024-04-29T17:54:26.319+0000] {dag.py:3047} INFO - Sync 1 DAGs
[2024-04-29T17:54:26.346+0000] {logging_mixin.py:188} INFO - [2024-04-29T17:54:26.345+0000] {dag.py:3834} INFO - Setting next_dagrun for example_setup_teardown to 2024-04-28 00:00:00+00:00, run_after=2024-04-29 00:00:00+00:00
[2024-04-29T17:54:26.369+0000] {processor.py:183} INFO - Processing /home/airflow/.local/lib/python3.8/site-packages/airflow/example_dags/example_setup_teardown.py took 0.090 seconds
[2024-04-29T17:54:56.925+0000] {processor.py:161} INFO - Started process (PID=12747) to work on /home/airflow/.local/lib/python3.8/site-packages/airflow/example_dags/example_setup_teardown.py
[2024-04-29T17:54:56.926+0000] {processor.py:830} INFO - Processing file /home/airflow/.local/lib/python3.8/site-packages/airflow/example_dags/example_setup_teardown.py for tasks to queue
[2024-04-29T17:54:56.927+0000] {logging_mixin.py:188} INFO - [2024-04-29T17:54:56.927+0000] {dagbag.py:540} INFO - Filling up the DagBag from /home/airflow/.local/lib/python3.8/site-packages/airflow/example_dags/example_setup_teardown.py
[2024-04-29T17:54:56.936+0000] {processor.py:840} INFO - DAG(s) 'example_setup_teardown' retrieved from /home/airflow/.local/lib/python3.8/site-packages/airflow/example_dags/example_setup_teardown.py
[2024-04-29T17:54:56.965+0000] {logging_mixin.py:188} INFO - [2024-04-29T17:54:56.964+0000] {dag.py:3047} INFO - Sync 1 DAGs
[2024-04-29T17:54:56.992+0000] {logging_mixin.py:188} INFO - [2024-04-29T17:54:56.992+0000] {dag.py:3834} INFO - Setting next_dagrun for example_setup_teardown to 2024-04-28 00:00:00+00:00, run_after=2024-04-29 00:00:00+00:00
[2024-04-29T17:54:57.044+0000] {processor.py:183} INFO - Processing /home/airflow/.local/lib/python3.8/site-packages/airflow/example_dags/example_setup_teardown.py took 0.122 seconds
[2024-04-29T17:55:27.620+0000] {processor.py:161} INFO - Started process (PID=13004) to work on /home/airflow/.local/lib/python3.8/site-packages/airflow/example_dags/example_setup_teardown.py
[2024-04-29T17:55:27.621+0000] {processor.py:830} INFO - Processing file /home/airflow/.local/lib/python3.8/site-packages/airflow/example_dags/example_setup_teardown.py for tasks to queue
[2024-04-29T17:55:27.622+0000] {logging_mixin.py:188} INFO - [2024-04-29T17:55:27.622+0000] {dagbag.py:540} INFO - Filling up the DagBag from /home/airflow/.local/lib/python3.8/site-packages/airflow/example_dags/example_setup_teardown.py
[2024-04-29T17:55:27.632+0000] {processor.py:840} INFO - DAG(s) 'example_setup_teardown' retrieved from /home/airflow/.local/lib/python3.8/site-packages/airflow/example_dags/example_setup_teardown.py
[2024-04-29T17:55:27.657+0000] {logging_mixin.py:188} INFO - [2024-04-29T17:55:27.657+0000] {dag.py:3047} INFO - Sync 1 DAGs
[2024-04-29T17:55:27.682+0000] {logging_mixin.py:188} INFO - [2024-04-29T17:55:27.682+0000] {dag.py:3834} INFO - Setting next_dagrun for example_setup_teardown to 2024-04-28 00:00:00+00:00, run_after=2024-04-29 00:00:00+00:00
[2024-04-29T17:55:27.718+0000] {processor.py:183} INFO - Processing /home/airflow/.local/lib/python3.8/site-packages/airflow/example_dags/example_setup_teardown.py took 0.100 seconds
[2024-04-29T17:55:57.903+0000] {processor.py:161} INFO - Started process (PID=13266) to work on /home/airflow/.local/lib/python3.8/site-packages/airflow/example_dags/example_setup_teardown.py
[2024-04-29T17:55:57.904+0000] {processor.py:830} INFO - Processing file /home/airflow/.local/lib/python3.8/site-packages/airflow/example_dags/example_setup_teardown.py for tasks to queue
[2024-04-29T17:55:57.905+0000] {logging_mixin.py:188} INFO - [2024-04-29T17:55:57.904+0000] {dagbag.py:540} INFO - Filling up the DagBag from /home/airflow/.local/lib/python3.8/site-packages/airflow/example_dags/example_setup_teardown.py
[2024-04-29T17:55:57.915+0000] {processor.py:840} INFO - DAG(s) 'example_setup_teardown' retrieved from /home/airflow/.local/lib/python3.8/site-packages/airflow/example_dags/example_setup_teardown.py
[2024-04-29T17:55:57.940+0000] {logging_mixin.py:188} INFO - [2024-04-29T17:55:57.940+0000] {dag.py:3047} INFO - Sync 1 DAGs
[2024-04-29T17:55:57.966+0000] {logging_mixin.py:188} INFO - [2024-04-29T17:55:57.965+0000] {dag.py:3834} INFO - Setting next_dagrun for example_setup_teardown to 2024-04-28 00:00:00+00:00, run_after=2024-04-29 00:00:00+00:00
[2024-04-29T17:55:57.989+0000] {processor.py:183} INFO - Processing /home/airflow/.local/lib/python3.8/site-packages/airflow/example_dags/example_setup_teardown.py took 0.089 seconds
[2024-04-29T17:56:28.322+0000] {processor.py:161} INFO - Started process (PID=13523) to work on /home/airflow/.local/lib/python3.8/site-packages/airflow/example_dags/example_setup_teardown.py
[2024-04-29T17:56:28.323+0000] {processor.py:830} INFO - Processing file /home/airflow/.local/lib/python3.8/site-packages/airflow/example_dags/example_setup_teardown.py for tasks to queue
[2024-04-29T17:56:28.324+0000] {logging_mixin.py:188} INFO - [2024-04-29T17:56:28.324+0000] {dagbag.py:540} INFO - Filling up the DagBag from /home/airflow/.local/lib/python3.8/site-packages/airflow/example_dags/example_setup_teardown.py
[2024-04-29T17:56:28.333+0000] {processor.py:840} INFO - DAG(s) 'example_setup_teardown' retrieved from /home/airflow/.local/lib/python3.8/site-packages/airflow/example_dags/example_setup_teardown.py
[2024-04-29T17:56:28.374+0000] {logging_mixin.py:188} INFO - [2024-04-29T17:56:28.374+0000] {dag.py:3047} INFO - Sync 1 DAGs
[2024-04-29T17:56:28.405+0000] {logging_mixin.py:188} INFO - [2024-04-29T17:56:28.404+0000] {dag.py:3834} INFO - Setting next_dagrun for example_setup_teardown to 2024-04-28 00:00:00+00:00, run_after=2024-04-29 00:00:00+00:00
[2024-04-29T17:56:28.428+0000] {processor.py:183} INFO - Processing /home/airflow/.local/lib/python3.8/site-packages/airflow/example_dags/example_setup_teardown.py took 0.110 seconds
[2024-04-29T17:56:58.649+0000] {processor.py:161} INFO - Started process (PID=13790) to work on /home/airflow/.local/lib/python3.8/site-packages/airflow/example_dags/example_setup_teardown.py
[2024-04-29T17:56:58.650+0000] {processor.py:830} INFO - Processing file /home/airflow/.local/lib/python3.8/site-packages/airflow/example_dags/example_setup_teardown.py for tasks to queue
[2024-04-29T17:56:58.651+0000] {logging_mixin.py:188} INFO - [2024-04-29T17:56:58.651+0000] {dagbag.py:540} INFO - Filling up the DagBag from /home/airflow/.local/lib/python3.8/site-packages/airflow/example_dags/example_setup_teardown.py
[2024-04-29T17:56:58.659+0000] {processor.py:840} INFO - DAG(s) 'example_setup_teardown' retrieved from /home/airflow/.local/lib/python3.8/site-packages/airflow/example_dags/example_setup_teardown.py
[2024-04-29T17:56:58.684+0000] {logging_mixin.py:188} INFO - [2024-04-29T17:56:58.684+0000] {dag.py:3047} INFO - Sync 1 DAGs
[2024-04-29T17:56:58.712+0000] {logging_mixin.py:188} INFO - [2024-04-29T17:56:58.711+0000] {dag.py:3834} INFO - Setting next_dagrun for example_setup_teardown to 2024-04-28 00:00:00+00:00, run_after=2024-04-29 00:00:00+00:00
[2024-04-29T17:56:58.735+0000] {processor.py:183} INFO - Processing /home/airflow/.local/lib/python3.8/site-packages/airflow/example_dags/example_setup_teardown.py took 0.089 seconds
[2024-04-29T17:57:28.984+0000] {processor.py:161} INFO - Started process (PID=14058) to work on /home/airflow/.local/lib/python3.8/site-packages/airflow/example_dags/example_setup_teardown.py
[2024-04-29T17:57:28.985+0000] {processor.py:830} INFO - Processing file /home/airflow/.local/lib/python3.8/site-packages/airflow/example_dags/example_setup_teardown.py for tasks to queue
[2024-04-29T17:57:28.986+0000] {logging_mixin.py:188} INFO - [2024-04-29T17:57:28.986+0000] {dagbag.py:540} INFO - Filling up the DagBag from /home/airflow/.local/lib/python3.8/site-packages/airflow/example_dags/example_setup_teardown.py
[2024-04-29T17:57:28.994+0000] {processor.py:840} INFO - DAG(s) 'example_setup_teardown' retrieved from /home/airflow/.local/lib/python3.8/site-packages/airflow/example_dags/example_setup_teardown.py
[2024-04-29T17:57:29.018+0000] {logging_mixin.py:188} INFO - [2024-04-29T17:57:29.018+0000] {dag.py:3047} INFO - Sync 1 DAGs
[2024-04-29T17:57:29.045+0000] {logging_mixin.py:188} INFO - [2024-04-29T17:57:29.044+0000] {dag.py:3834} INFO - Setting next_dagrun for example_setup_teardown to 2024-04-28 00:00:00+00:00, run_after=2024-04-29 00:00:00+00:00
[2024-04-29T17:57:29.072+0000] {processor.py:183} INFO - Processing /home/airflow/.local/lib/python3.8/site-packages/airflow/example_dags/example_setup_teardown.py took 0.091 seconds
[2024-04-29T17:57:59.614+0000] {processor.py:161} INFO - Started process (PID=14316) to work on /home/airflow/.local/lib/python3.8/site-packages/airflow/example_dags/example_setup_teardown.py
[2024-04-29T17:57:59.615+0000] {processor.py:830} INFO - Processing file /home/airflow/.local/lib/python3.8/site-packages/airflow/example_dags/example_setup_teardown.py for tasks to queue
[2024-04-29T17:57:59.616+0000] {logging_mixin.py:188} INFO - [2024-04-29T17:57:59.616+0000] {dagbag.py:540} INFO - Filling up the DagBag from /home/airflow/.local/lib/python3.8/site-packages/airflow/example_dags/example_setup_teardown.py
[2024-04-29T17:57:59.624+0000] {processor.py:840} INFO - DAG(s) 'example_setup_teardown' retrieved from /home/airflow/.local/lib/python3.8/site-packages/airflow/example_dags/example_setup_teardown.py
[2024-04-29T17:57:59.649+0000] {logging_mixin.py:188} INFO - [2024-04-29T17:57:59.649+0000] {dag.py:3047} INFO - Sync 1 DAGs
[2024-04-29T17:57:59.674+0000] {logging_mixin.py:188} INFO - [2024-04-29T17:57:59.673+0000] {dag.py:3834} INFO - Setting next_dagrun for example_setup_teardown to 2024-04-28 00:00:00+00:00, run_after=2024-04-29 00:00:00+00:00
[2024-04-29T17:57:59.699+0000] {processor.py:183} INFO - Processing /home/airflow/.local/lib/python3.8/site-packages/airflow/example_dags/example_setup_teardown.py took 0.088 seconds
[2024-04-29T17:58:30.222+0000] {processor.py:161} INFO - Started process (PID=14582) to work on /home/airflow/.local/lib/python3.8/site-packages/airflow/example_dags/example_setup_teardown.py
[2024-04-29T17:58:30.223+0000] {processor.py:830} INFO - Processing file /home/airflow/.local/lib/python3.8/site-packages/airflow/example_dags/example_setup_teardown.py for tasks to queue
[2024-04-29T17:58:30.224+0000] {logging_mixin.py:188} INFO - [2024-04-29T17:58:30.224+0000] {dagbag.py:540} INFO - Filling up the DagBag from /home/airflow/.local/lib/python3.8/site-packages/airflow/example_dags/example_setup_teardown.py
[2024-04-29T17:58:30.234+0000] {processor.py:840} INFO - DAG(s) 'example_setup_teardown' retrieved from /home/airflow/.local/lib/python3.8/site-packages/airflow/example_dags/example_setup_teardown.py
[2024-04-29T17:58:30.253+0000] {logging_mixin.py:188} INFO - [2024-04-29T17:58:30.253+0000] {dag.py:3047} INFO - Sync 1 DAGs
[2024-04-29T17:58:30.277+0000] {logging_mixin.py:188} INFO - [2024-04-29T17:58:30.277+0000] {dag.py:3834} INFO - Setting next_dagrun for example_setup_teardown to 2024-04-28 00:00:00+00:00, run_after=2024-04-29 00:00:00+00:00
[2024-04-29T17:58:30.306+0000] {processor.py:183} INFO - Processing /home/airflow/.local/lib/python3.8/site-packages/airflow/example_dags/example_setup_teardown.py took 0.087 seconds
[2024-04-29T17:59:00.701+0000] {processor.py:161} INFO - Started process (PID=14834) to work on /home/airflow/.local/lib/python3.8/site-packages/airflow/example_dags/example_setup_teardown.py
[2024-04-29T17:59:00.702+0000] {processor.py:830} INFO - Processing file /home/airflow/.local/lib/python3.8/site-packages/airflow/example_dags/example_setup_teardown.py for tasks to queue
[2024-04-29T17:59:00.703+0000] {logging_mixin.py:188} INFO - [2024-04-29T17:59:00.703+0000] {dagbag.py:540} INFO - Filling up the DagBag from /home/airflow/.local/lib/python3.8/site-packages/airflow/example_dags/example_setup_teardown.py
[2024-04-29T17:59:00.711+0000] {processor.py:840} INFO - DAG(s) 'example_setup_teardown' retrieved from /home/airflow/.local/lib/python3.8/site-packages/airflow/example_dags/example_setup_teardown.py
[2024-04-29T17:59:00.731+0000] {logging_mixin.py:188} INFO - [2024-04-29T17:59:00.731+0000] {dag.py:3047} INFO - Sync 1 DAGs
[2024-04-29T17:59:00.757+0000] {logging_mixin.py:188} INFO - [2024-04-29T17:59:00.756+0000] {dag.py:3834} INFO - Setting next_dagrun for example_setup_teardown to 2024-04-28 00:00:00+00:00, run_after=2024-04-29 00:00:00+00:00
[2024-04-29T17:59:00.782+0000] {processor.py:183} INFO - Processing /home/airflow/.local/lib/python3.8/site-packages/airflow/example_dags/example_setup_teardown.py took 0.084 seconds
[2024-04-29T17:59:31.707+0000] {processor.py:161} INFO - Started process (PID=15114) to work on /home/airflow/.local/lib/python3.8/site-packages/airflow/example_dags/example_setup_teardown.py
[2024-04-29T17:59:31.708+0000] {processor.py:830} INFO - Processing file /home/airflow/.local/lib/python3.8/site-packages/airflow/example_dags/example_setup_teardown.py for tasks to queue
[2024-04-29T17:59:31.709+0000] {logging_mixin.py:188} INFO - [2024-04-29T17:59:31.709+0000] {dagbag.py:540} INFO - Filling up the DagBag from /home/airflow/.local/lib/python3.8/site-packages/airflow/example_dags/example_setup_teardown.py
[2024-04-29T17:59:31.723+0000] {processor.py:840} INFO - DAG(s) 'example_setup_teardown' retrieved from /home/airflow/.local/lib/python3.8/site-packages/airflow/example_dags/example_setup_teardown.py
[2024-04-29T17:59:31.747+0000] {logging_mixin.py:188} INFO - [2024-04-29T17:59:31.747+0000] {dag.py:3047} INFO - Sync 1 DAGs
[2024-04-29T17:59:31.772+0000] {logging_mixin.py:188} INFO - [2024-04-29T17:59:31.772+0000] {dag.py:3834} INFO - Setting next_dagrun for example_setup_teardown to 2024-04-28 00:00:00+00:00, run_after=2024-04-29 00:00:00+00:00
[2024-04-29T17:59:31.796+0000] {processor.py:183} INFO - Processing /home/airflow/.local/lib/python3.8/site-packages/airflow/example_dags/example_setup_teardown.py took 0.092 seconds
[2024-04-29T18:00:02.756+0000] {processor.py:161} INFO - Started process (PID=15371) to work on /home/airflow/.local/lib/python3.8/site-packages/airflow/example_dags/example_setup_teardown.py
[2024-04-29T18:00:02.757+0000] {processor.py:830} INFO - Processing file /home/airflow/.local/lib/python3.8/site-packages/airflow/example_dags/example_setup_teardown.py for tasks to queue
[2024-04-29T18:00:02.758+0000] {logging_mixin.py:188} INFO - [2024-04-29T18:00:02.758+0000] {dagbag.py:540} INFO - Filling up the DagBag from /home/airflow/.local/lib/python3.8/site-packages/airflow/example_dags/example_setup_teardown.py
[2024-04-29T18:00:02.772+0000] {processor.py:840} INFO - DAG(s) 'example_setup_teardown' retrieved from /home/airflow/.local/lib/python3.8/site-packages/airflow/example_dags/example_setup_teardown.py
[2024-04-29T18:00:02.797+0000] {logging_mixin.py:188} INFO - [2024-04-29T18:00:02.796+0000] {dag.py:3047} INFO - Sync 1 DAGs
[2024-04-29T18:00:02.824+0000] {logging_mixin.py:188} INFO - [2024-04-29T18:00:02.824+0000] {dag.py:3834} INFO - Setting next_dagrun for example_setup_teardown to 2024-04-28 00:00:00+00:00, run_after=2024-04-29 00:00:00+00:00
[2024-04-29T18:00:02.847+0000] {processor.py:183} INFO - Processing /home/airflow/.local/lib/python3.8/site-packages/airflow/example_dags/example_setup_teardown.py took 0.095 seconds
[2024-04-29T18:00:33.094+0000] {processor.py:161} INFO - Started process (PID=15643) to work on /home/airflow/.local/lib/python3.8/site-packages/airflow/example_dags/example_setup_teardown.py
[2024-04-29T18:00:33.095+0000] {processor.py:830} INFO - Processing file /home/airflow/.local/lib/python3.8/site-packages/airflow/example_dags/example_setup_teardown.py for tasks to queue
[2024-04-29T18:00:33.096+0000] {logging_mixin.py:188} INFO - [2024-04-29T18:00:33.096+0000] {dagbag.py:540} INFO - Filling up the DagBag from /home/airflow/.local/lib/python3.8/site-packages/airflow/example_dags/example_setup_teardown.py
[2024-04-29T18:00:33.104+0000] {processor.py:840} INFO - DAG(s) 'example_setup_teardown' retrieved from /home/airflow/.local/lib/python3.8/site-packages/airflow/example_dags/example_setup_teardown.py
[2024-04-29T18:00:33.128+0000] {logging_mixin.py:188} INFO - [2024-04-29T18:00:33.128+0000] {dag.py:3047} INFO - Sync 1 DAGs
[2024-04-29T18:00:33.156+0000] {logging_mixin.py:188} INFO - [2024-04-29T18:00:33.156+0000] {dag.py:3834} INFO - Setting next_dagrun for example_setup_teardown to 2024-04-28 00:00:00+00:00, run_after=2024-04-29 00:00:00+00:00
[2024-04-29T18:00:33.179+0000] {processor.py:183} INFO - Processing /home/airflow/.local/lib/python3.8/site-packages/airflow/example_dags/example_setup_teardown.py took 0.088 seconds
[2024-04-29T18:01:04.038+0000] {processor.py:161} INFO - Started process (PID=15911) to work on /home/airflow/.local/lib/python3.8/site-packages/airflow/example_dags/example_setup_teardown.py
[2024-04-29T18:01:04.040+0000] {processor.py:830} INFO - Processing file /home/airflow/.local/lib/python3.8/site-packages/airflow/example_dags/example_setup_teardown.py for tasks to queue
[2024-04-29T18:01:04.041+0000] {logging_mixin.py:188} INFO - [2024-04-29T18:01:04.040+0000] {dagbag.py:540} INFO - Filling up the DagBag from /home/airflow/.local/lib/python3.8/site-packages/airflow/example_dags/example_setup_teardown.py
[2024-04-29T18:01:04.049+0000] {processor.py:840} INFO - DAG(s) 'example_setup_teardown' retrieved from /home/airflow/.local/lib/python3.8/site-packages/airflow/example_dags/example_setup_teardown.py
[2024-04-29T18:01:04.069+0000] {logging_mixin.py:188} INFO - [2024-04-29T18:01:04.069+0000] {dag.py:3047} INFO - Sync 1 DAGs
[2024-04-29T18:01:04.102+0000] {logging_mixin.py:188} INFO - [2024-04-29T18:01:04.102+0000] {dag.py:3834} INFO - Setting next_dagrun for example_setup_teardown to 2024-04-28 00:00:00+00:00, run_after=2024-04-29 00:00:00+00:00
[2024-04-29T18:01:04.131+0000] {processor.py:183} INFO - Processing /home/airflow/.local/lib/python3.8/site-packages/airflow/example_dags/example_setup_teardown.py took 0.097 seconds
[2024-04-29T18:01:34.365+0000] {processor.py:161} INFO - Started process (PID=16192) to work on /home/airflow/.local/lib/python3.8/site-packages/airflow/example_dags/example_setup_teardown.py
[2024-04-29T18:01:34.366+0000] {processor.py:830} INFO - Processing file /home/airflow/.local/lib/python3.8/site-packages/airflow/example_dags/example_setup_teardown.py for tasks to queue
[2024-04-29T18:01:34.367+0000] {logging_mixin.py:188} INFO - [2024-04-29T18:01:34.367+0000] {dagbag.py:540} INFO - Filling up the DagBag from /home/airflow/.local/lib/python3.8/site-packages/airflow/example_dags/example_setup_teardown.py
[2024-04-29T18:01:34.376+0000] {processor.py:840} INFO - DAG(s) 'example_setup_teardown' retrieved from /home/airflow/.local/lib/python3.8/site-packages/airflow/example_dags/example_setup_teardown.py
[2024-04-29T18:01:34.399+0000] {logging_mixin.py:188} INFO - [2024-04-29T18:01:34.399+0000] {dag.py:3047} INFO - Sync 1 DAGs
[2024-04-29T18:01:34.425+0000] {logging_mixin.py:188} INFO - [2024-04-29T18:01:34.424+0000] {dag.py:3834} INFO - Setting next_dagrun for example_setup_teardown to 2024-04-28 00:00:00+00:00, run_after=2024-04-29 00:00:00+00:00
[2024-04-29T18:01:34.449+0000] {processor.py:183} INFO - Processing /home/airflow/.local/lib/python3.8/site-packages/airflow/example_dags/example_setup_teardown.py took 0.087 seconds
[2024-04-29T18:02:04.631+0000] {processor.py:161} INFO - Started process (PID=16444) to work on /home/airflow/.local/lib/python3.8/site-packages/airflow/example_dags/example_setup_teardown.py
[2024-04-29T18:02:04.632+0000] {processor.py:830} INFO - Processing file /home/airflow/.local/lib/python3.8/site-packages/airflow/example_dags/example_setup_teardown.py for tasks to queue
[2024-04-29T18:02:04.633+0000] {logging_mixin.py:188} INFO - [2024-04-29T18:02:04.633+0000] {dagbag.py:540} INFO - Filling up the DagBag from /home/airflow/.local/lib/python3.8/site-packages/airflow/example_dags/example_setup_teardown.py
[2024-04-29T18:02:04.641+0000] {processor.py:840} INFO - DAG(s) 'example_setup_teardown' retrieved from /home/airflow/.local/lib/python3.8/site-packages/airflow/example_dags/example_setup_teardown.py
[2024-04-29T18:02:04.666+0000] {logging_mixin.py:188} INFO - [2024-04-29T18:02:04.666+0000] {dag.py:3047} INFO - Sync 1 DAGs
[2024-04-29T18:02:04.692+0000] {logging_mixin.py:188} INFO - [2024-04-29T18:02:04.691+0000] {dag.py:3834} INFO - Setting next_dagrun for example_setup_teardown to 2024-04-28 00:00:00+00:00, run_after=2024-04-29 00:00:00+00:00
[2024-04-29T18:02:04.717+0000] {processor.py:183} INFO - Processing /home/airflow/.local/lib/python3.8/site-packages/airflow/example_dags/example_setup_teardown.py took 0.089 seconds
[2024-04-29T18:02:35.723+0000] {processor.py:161} INFO - Started process (PID=16696) to work on /home/airflow/.local/lib/python3.8/site-packages/airflow/example_dags/example_setup_teardown.py
[2024-04-29T18:02:35.724+0000] {processor.py:830} INFO - Processing file /home/airflow/.local/lib/python3.8/site-packages/airflow/example_dags/example_setup_teardown.py for tasks to queue
[2024-04-29T18:02:35.725+0000] {logging_mixin.py:188} INFO - [2024-04-29T18:02:35.724+0000] {dagbag.py:540} INFO - Filling up the DagBag from /home/airflow/.local/lib/python3.8/site-packages/airflow/example_dags/example_setup_teardown.py
[2024-04-29T18:02:35.734+0000] {processor.py:840} INFO - DAG(s) 'example_setup_teardown' retrieved from /home/airflow/.local/lib/python3.8/site-packages/airflow/example_dags/example_setup_teardown.py
[2024-04-29T18:02:35.764+0000] {logging_mixin.py:188} INFO - [2024-04-29T18:02:35.764+0000] {dag.py:3047} INFO - Sync 1 DAGs
[2024-04-29T18:02:35.790+0000] {logging_mixin.py:188} INFO - [2024-04-29T18:02:35.790+0000] {dag.py:3834} INFO - Setting next_dagrun for example_setup_teardown to 2024-04-28 00:00:00+00:00, run_after=2024-04-29 00:00:00+00:00
[2024-04-29T18:02:35.836+0000] {processor.py:183} INFO - Processing /home/airflow/.local/lib/python3.8/site-packages/airflow/example_dags/example_setup_teardown.py took 0.117 seconds
[2024-04-29T18:03:06.041+0000] {processor.py:161} INFO - Started process (PID=16957) to work on /home/airflow/.local/lib/python3.8/site-packages/airflow/example_dags/example_setup_teardown.py
[2024-04-29T18:03:06.042+0000] {processor.py:830} INFO - Processing file /home/airflow/.local/lib/python3.8/site-packages/airflow/example_dags/example_setup_teardown.py for tasks to queue
[2024-04-29T18:03:06.043+0000] {logging_mixin.py:188} INFO - [2024-04-29T18:03:06.043+0000] {dagbag.py:540} INFO - Filling up the DagBag from /home/airflow/.local/lib/python3.8/site-packages/airflow/example_dags/example_setup_teardown.py
[2024-04-29T18:03:06.051+0000] {processor.py:840} INFO - DAG(s) 'example_setup_teardown' retrieved from /home/airflow/.local/lib/python3.8/site-packages/airflow/example_dags/example_setup_teardown.py
[2024-04-29T18:03:06.074+0000] {logging_mixin.py:188} INFO - [2024-04-29T18:03:06.073+0000] {dag.py:3047} INFO - Sync 1 DAGs
[2024-04-29T18:03:06.100+0000] {logging_mixin.py:188} INFO - [2024-04-29T18:03:06.100+0000] {dag.py:3834} INFO - Setting next_dagrun for example_setup_teardown to 2024-04-28 00:00:00+00:00, run_after=2024-04-29 00:00:00+00:00
[2024-04-29T18:03:06.131+0000] {processor.py:183} INFO - Processing /home/airflow/.local/lib/python3.8/site-packages/airflow/example_dags/example_setup_teardown.py took 0.094 seconds
