[2024-04-29T17:30:04.592+0000] {processor.py:161} INFO - Started process (PID=296) to work on /home/airflow/.local/lib/python3.8/site-packages/airflow/example_dags/example_xcomargs.py
[2024-04-29T17:30:04.593+0000] {processor.py:830} INFO - Processing file /home/airflow/.local/lib/python3.8/site-packages/airflow/example_dags/example_xcomargs.py for tasks to queue
[2024-04-29T17:30:04.594+0000] {logging_mixin.py:188} INFO - [2024-04-29T17:30:04.594+0000] {dagbag.py:540} INFO - Filling up the DagBag from /home/airflow/.local/lib/python3.8/site-packages/airflow/example_dags/example_xcomargs.py
[2024-04-29T17:30:04.608+0000] {processor.py:840} INFO - DAG(s) 'example_xcom_args', 'example_xcom_args_with_operators' retrieved from /home/airflow/.local/lib/python3.8/site-packages/airflow/example_dags/example_xcomargs.py
[2024-04-29T17:30:04.860+0000] {logging_mixin.py:188} INFO - [2024-04-29T17:30:04.860+0000] {override.py:1769} INFO - Created Permission View: can edit on DAG:example_xcom_args
[2024-04-29T17:30:04.881+0000] {logging_mixin.py:188} INFO - [2024-04-29T17:30:04.880+0000] {override.py:1769} INFO - Created Permission View: can delete on DAG:example_xcom_args
[2024-04-29T17:30:04.893+0000] {logging_mixin.py:188} INFO - [2024-04-29T17:30:04.893+0000] {override.py:1769} INFO - Created Permission View: can read on DAG:example_xcom_args
[2024-04-29T17:30:04.930+0000] {logging_mixin.py:188} INFO - [2024-04-29T17:30:04.930+0000] {override.py:1769} INFO - Created Permission View: can edit on DAG:example_xcom_args_with_operators
[2024-04-29T17:30:04.954+0000] {logging_mixin.py:188} INFO - [2024-04-29T17:30:04.954+0000] {override.py:1769} INFO - Created Permission View: can delete on DAG:example_xcom_args_with_operators
[2024-04-29T17:30:04.985+0000] {logging_mixin.py:188} INFO - [2024-04-29T17:30:04.985+0000] {override.py:1769} INFO - Created Permission View: can read on DAG:example_xcom_args_with_operators
[2024-04-29T17:30:04.986+0000] {logging_mixin.py:188} INFO - [2024-04-29T17:30:04.986+0000] {dag.py:3047} INFO - Sync 2 DAGs
[2024-04-29T17:30:05.007+0000] {logging_mixin.py:188} INFO - [2024-04-29T17:30:05.006+0000] {dag.py:3069} INFO - Creating ORM DAG for example_xcom_args
[2024-04-29T17:30:05.014+0000] {logging_mixin.py:188} INFO - [2024-04-29T17:30:05.014+0000] {dag.py:3069} INFO - Creating ORM DAG for example_xcom_args_with_operators
[2024-04-29T17:30:05.015+0000] {logging_mixin.py:188} INFO - [2024-04-29T17:30:05.015+0000] {dag.py:3834} INFO - Setting next_dagrun for example_xcom_args to None, run_after=None
[2024-04-29T17:30:05.016+0000] {logging_mixin.py:188} INFO - [2024-04-29T17:30:05.016+0000] {dag.py:3834} INFO - Setting next_dagrun for example_xcom_args_with_operators to None, run_after=None
[2024-04-29T17:30:05.085+0000] {processor.py:183} INFO - Processing /home/airflow/.local/lib/python3.8/site-packages/airflow/example_dags/example_xcomargs.py took 0.497 seconds
[2024-04-29T17:30:35.283+0000] {processor.py:161} INFO - Started process (PID=544) to work on /home/airflow/.local/lib/python3.8/site-packages/airflow/example_dags/example_xcomargs.py
[2024-04-29T17:30:35.284+0000] {processor.py:830} INFO - Processing file /home/airflow/.local/lib/python3.8/site-packages/airflow/example_dags/example_xcomargs.py for tasks to queue
[2024-04-29T17:30:35.285+0000] {logging_mixin.py:188} INFO - [2024-04-29T17:30:35.284+0000] {dagbag.py:540} INFO - Filling up the DagBag from /home/airflow/.local/lib/python3.8/site-packages/airflow/example_dags/example_xcomargs.py
[2024-04-29T17:30:35.294+0000] {processor.py:840} INFO - DAG(s) 'example_xcom_args_with_operators', 'example_xcom_args' retrieved from /home/airflow/.local/lib/python3.8/site-packages/airflow/example_dags/example_xcomargs.py
[2024-04-29T17:30:35.313+0000] {logging_mixin.py:188} INFO - [2024-04-29T17:30:35.313+0000] {dag.py:3047} INFO - Sync 2 DAGs
[2024-04-29T17:30:35.323+0000] {logging_mixin.py:188} INFO - [2024-04-29T17:30:35.323+0000] {dag.py:3834} INFO - Setting next_dagrun for example_xcom_args to None, run_after=None
[2024-04-29T17:30:35.326+0000] {logging_mixin.py:188} INFO - [2024-04-29T17:30:35.325+0000] {dag.py:3834} INFO - Setting next_dagrun for example_xcom_args_with_operators to None, run_after=None
[2024-04-29T17:30:35.343+0000] {processor.py:183} INFO - Processing /home/airflow/.local/lib/python3.8/site-packages/airflow/example_dags/example_xcomargs.py took 0.064 seconds
[2024-04-29T17:31:05.733+0000] {processor.py:161} INFO - Started process (PID=792) to work on /home/airflow/.local/lib/python3.8/site-packages/airflow/example_dags/example_xcomargs.py
[2024-04-29T17:31:05.734+0000] {processor.py:830} INFO - Processing file /home/airflow/.local/lib/python3.8/site-packages/airflow/example_dags/example_xcomargs.py for tasks to queue
[2024-04-29T17:31:05.735+0000] {logging_mixin.py:188} INFO - [2024-04-29T17:31:05.735+0000] {dagbag.py:540} INFO - Filling up the DagBag from /home/airflow/.local/lib/python3.8/site-packages/airflow/example_dags/example_xcomargs.py
[2024-04-29T17:31:05.741+0000] {processor.py:840} INFO - DAG(s) 'example_xcom_args', 'example_xcom_args_with_operators' retrieved from /home/airflow/.local/lib/python3.8/site-packages/airflow/example_dags/example_xcomargs.py
[2024-04-29T17:31:05.760+0000] {logging_mixin.py:188} INFO - [2024-04-29T17:31:05.760+0000] {dag.py:3047} INFO - Sync 2 DAGs
[2024-04-29T17:31:05.770+0000] {logging_mixin.py:188} INFO - [2024-04-29T17:31:05.770+0000] {dag.py:3834} INFO - Setting next_dagrun for example_xcom_args to None, run_after=None
[2024-04-29T17:31:05.773+0000] {logging_mixin.py:188} INFO - [2024-04-29T17:31:05.773+0000] {dag.py:3834} INFO - Setting next_dagrun for example_xcom_args_with_operators to None, run_after=None
[2024-04-29T17:31:05.793+0000] {processor.py:183} INFO - Processing /home/airflow/.local/lib/python3.8/site-packages/airflow/example_dags/example_xcomargs.py took 0.064 seconds
[2024-04-29T17:31:36.340+0000] {processor.py:161} INFO - Started process (PID=1039) to work on /home/airflow/.local/lib/python3.8/site-packages/airflow/example_dags/example_xcomargs.py
[2024-04-29T17:31:36.340+0000] {processor.py:830} INFO - Processing file /home/airflow/.local/lib/python3.8/site-packages/airflow/example_dags/example_xcomargs.py for tasks to queue
[2024-04-29T17:31:36.341+0000] {logging_mixin.py:188} INFO - [2024-04-29T17:31:36.341+0000] {dagbag.py:540} INFO - Filling up the DagBag from /home/airflow/.local/lib/python3.8/site-packages/airflow/example_dags/example_xcomargs.py
[2024-04-29T17:31:36.348+0000] {processor.py:840} INFO - DAG(s) 'example_xcom_args_with_operators', 'example_xcom_args' retrieved from /home/airflow/.local/lib/python3.8/site-packages/airflow/example_dags/example_xcomargs.py
[2024-04-29T17:31:36.368+0000] {logging_mixin.py:188} INFO - [2024-04-29T17:31:36.367+0000] {dag.py:3047} INFO - Sync 2 DAGs
[2024-04-29T17:31:36.378+0000] {logging_mixin.py:188} INFO - [2024-04-29T17:31:36.378+0000] {dag.py:3834} INFO - Setting next_dagrun for example_xcom_args to None, run_after=None
[2024-04-29T17:31:36.381+0000] {logging_mixin.py:188} INFO - [2024-04-29T17:31:36.381+0000] {dag.py:3834} INFO - Setting next_dagrun for example_xcom_args_with_operators to None, run_after=None
[2024-04-29T17:31:36.404+0000] {processor.py:183} INFO - Processing /home/airflow/.local/lib/python3.8/site-packages/airflow/example_dags/example_xcomargs.py took 0.067 seconds
[2024-04-29T17:32:06.664+0000] {processor.py:161} INFO - Started process (PID=1287) to work on /home/airflow/.local/lib/python3.8/site-packages/airflow/example_dags/example_xcomargs.py
[2024-04-29T17:32:06.665+0000] {processor.py:830} INFO - Processing file /home/airflow/.local/lib/python3.8/site-packages/airflow/example_dags/example_xcomargs.py for tasks to queue
[2024-04-29T17:32:06.666+0000] {logging_mixin.py:188} INFO - [2024-04-29T17:32:06.665+0000] {dagbag.py:540} INFO - Filling up the DagBag from /home/airflow/.local/lib/python3.8/site-packages/airflow/example_dags/example_xcomargs.py
[2024-04-29T17:32:06.675+0000] {processor.py:840} INFO - DAG(s) 'example_xcom_args', 'example_xcom_args_with_operators' retrieved from /home/airflow/.local/lib/python3.8/site-packages/airflow/example_dags/example_xcomargs.py
[2024-04-29T17:32:06.712+0000] {logging_mixin.py:188} INFO - [2024-04-29T17:32:06.712+0000] {dag.py:3047} INFO - Sync 2 DAGs
[2024-04-29T17:32:06.728+0000] {logging_mixin.py:188} INFO - [2024-04-29T17:32:06.728+0000] {dag.py:3834} INFO - Setting next_dagrun for example_xcom_args to None, run_after=None
[2024-04-29T17:32:06.733+0000] {logging_mixin.py:188} INFO - [2024-04-29T17:32:06.732+0000] {dag.py:3834} INFO - Setting next_dagrun for example_xcom_args_with_operators to None, run_after=None
[2024-04-29T17:32:06.755+0000] {processor.py:183} INFO - Processing /home/airflow/.local/lib/python3.8/site-packages/airflow/example_dags/example_xcomargs.py took 0.094 seconds
[2024-04-29T17:32:37.301+0000] {processor.py:161} INFO - Started process (PID=1535) to work on /home/airflow/.local/lib/python3.8/site-packages/airflow/example_dags/example_xcomargs.py
[2024-04-29T17:32:37.302+0000] {processor.py:830} INFO - Processing file /home/airflow/.local/lib/python3.8/site-packages/airflow/example_dags/example_xcomargs.py for tasks to queue
[2024-04-29T17:32:37.304+0000] {logging_mixin.py:188} INFO - [2024-04-29T17:32:37.304+0000] {dagbag.py:540} INFO - Filling up the DagBag from /home/airflow/.local/lib/python3.8/site-packages/airflow/example_dags/example_xcomargs.py
[2024-04-29T17:32:37.316+0000] {processor.py:840} INFO - DAG(s) 'example_xcom_args_with_operators', 'example_xcom_args' retrieved from /home/airflow/.local/lib/python3.8/site-packages/airflow/example_dags/example_xcomargs.py
[2024-04-29T17:32:37.346+0000] {logging_mixin.py:188} INFO - [2024-04-29T17:32:37.346+0000] {dag.py:3047} INFO - Sync 2 DAGs
[2024-04-29T17:32:37.363+0000] {logging_mixin.py:188} INFO - [2024-04-29T17:32:37.363+0000] {dag.py:3834} INFO - Setting next_dagrun for example_xcom_args to None, run_after=None
[2024-04-29T17:32:37.367+0000] {logging_mixin.py:188} INFO - [2024-04-29T17:32:37.366+0000] {dag.py:3834} INFO - Setting next_dagrun for example_xcom_args_with_operators to None, run_after=None
[2024-04-29T17:32:37.390+0000] {processor.py:183} INFO - Processing /home/airflow/.local/lib/python3.8/site-packages/airflow/example_dags/example_xcomargs.py took 0.093 seconds
[2024-04-29T17:33:07.935+0000] {processor.py:161} INFO - Started process (PID=1783) to work on /home/airflow/.local/lib/python3.8/site-packages/airflow/example_dags/example_xcomargs.py
[2024-04-29T17:33:07.936+0000] {processor.py:830} INFO - Processing file /home/airflow/.local/lib/python3.8/site-packages/airflow/example_dags/example_xcomargs.py for tasks to queue
[2024-04-29T17:33:07.937+0000] {logging_mixin.py:188} INFO - [2024-04-29T17:33:07.937+0000] {dagbag.py:540} INFO - Filling up the DagBag from /home/airflow/.local/lib/python3.8/site-packages/airflow/example_dags/example_xcomargs.py
[2024-04-29T17:33:07.947+0000] {processor.py:840} INFO - DAG(s) 'example_xcom_args_with_operators', 'example_xcom_args' retrieved from /home/airflow/.local/lib/python3.8/site-packages/airflow/example_dags/example_xcomargs.py
[2024-04-29T17:33:07.999+0000] {logging_mixin.py:188} INFO - [2024-04-29T17:33:07.998+0000] {dag.py:3047} INFO - Sync 2 DAGs
[2024-04-29T17:33:08.018+0000] {logging_mixin.py:188} INFO - [2024-04-29T17:33:08.018+0000] {dag.py:3834} INFO - Setting next_dagrun for example_xcom_args to None, run_after=None
[2024-04-29T17:33:08.023+0000] {logging_mixin.py:188} INFO - [2024-04-29T17:33:08.023+0000] {dag.py:3834} INFO - Setting next_dagrun for example_xcom_args_with_operators to None, run_after=None
[2024-04-29T17:33:08.051+0000] {processor.py:183} INFO - Processing /home/airflow/.local/lib/python3.8/site-packages/airflow/example_dags/example_xcomargs.py took 0.118 seconds
[2024-04-29T17:33:38.398+0000] {processor.py:161} INFO - Started process (PID=2030) to work on /home/airflow/.local/lib/python3.8/site-packages/airflow/example_dags/example_xcomargs.py
[2024-04-29T17:33:38.399+0000] {processor.py:830} INFO - Processing file /home/airflow/.local/lib/python3.8/site-packages/airflow/example_dags/example_xcomargs.py for tasks to queue
[2024-04-29T17:33:38.400+0000] {logging_mixin.py:188} INFO - [2024-04-29T17:33:38.400+0000] {dagbag.py:540} INFO - Filling up the DagBag from /home/airflow/.local/lib/python3.8/site-packages/airflow/example_dags/example_xcomargs.py
[2024-04-29T17:33:38.410+0000] {processor.py:840} INFO - DAG(s) 'example_xcom_args', 'example_xcom_args_with_operators' retrieved from /home/airflow/.local/lib/python3.8/site-packages/airflow/example_dags/example_xcomargs.py
[2024-04-29T17:33:38.440+0000] {logging_mixin.py:188} INFO - [2024-04-29T17:33:38.439+0000] {dag.py:3047} INFO - Sync 2 DAGs
[2024-04-29T17:33:38.469+0000] {logging_mixin.py:188} INFO - [2024-04-29T17:33:38.469+0000] {dag.py:3834} INFO - Setting next_dagrun for example_xcom_args to None, run_after=None
[2024-04-29T17:33:38.477+0000] {logging_mixin.py:188} INFO - [2024-04-29T17:33:38.477+0000] {dag.py:3834} INFO - Setting next_dagrun for example_xcom_args_with_operators to None, run_after=None
[2024-04-29T17:33:38.503+0000] {processor.py:183} INFO - Processing /home/airflow/.local/lib/python3.8/site-packages/airflow/example_dags/example_xcomargs.py took 0.108 seconds
[2024-04-29T17:34:08.894+0000] {processor.py:161} INFO - Started process (PID=2276) to work on /home/airflow/.local/lib/python3.8/site-packages/airflow/example_dags/example_xcomargs.py
[2024-04-29T17:34:08.895+0000] {processor.py:830} INFO - Processing file /home/airflow/.local/lib/python3.8/site-packages/airflow/example_dags/example_xcomargs.py for tasks to queue
[2024-04-29T17:34:08.895+0000] {logging_mixin.py:188} INFO - [2024-04-29T17:34:08.895+0000] {dagbag.py:540} INFO - Filling up the DagBag from /home/airflow/.local/lib/python3.8/site-packages/airflow/example_dags/example_xcomargs.py
[2024-04-29T17:34:08.902+0000] {processor.py:840} INFO - DAG(s) 'example_xcom_args', 'example_xcom_args_with_operators' retrieved from /home/airflow/.local/lib/python3.8/site-packages/airflow/example_dags/example_xcomargs.py
[2024-04-29T17:34:08.922+0000] {logging_mixin.py:188} INFO - [2024-04-29T17:34:08.922+0000] {dag.py:3047} INFO - Sync 2 DAGs
[2024-04-29T17:34:08.932+0000] {logging_mixin.py:188} INFO - [2024-04-29T17:34:08.932+0000] {dag.py:3834} INFO - Setting next_dagrun for example_xcom_args to None, run_after=None
[2024-04-29T17:34:08.935+0000] {logging_mixin.py:188} INFO - [2024-04-29T17:34:08.935+0000] {dag.py:3834} INFO - Setting next_dagrun for example_xcom_args_with_operators to None, run_after=None
[2024-04-29T17:34:08.953+0000] {processor.py:183} INFO - Processing /home/airflow/.local/lib/python3.8/site-packages/airflow/example_dags/example_xcomargs.py took 0.062 seconds
[2024-04-29T17:34:39.521+0000] {processor.py:161} INFO - Started process (PID=2523) to work on /home/airflow/.local/lib/python3.8/site-packages/airflow/example_dags/example_xcomargs.py
[2024-04-29T17:34:39.522+0000] {processor.py:830} INFO - Processing file /home/airflow/.local/lib/python3.8/site-packages/airflow/example_dags/example_xcomargs.py for tasks to queue
[2024-04-29T17:34:39.523+0000] {logging_mixin.py:188} INFO - [2024-04-29T17:34:39.523+0000] {dagbag.py:540} INFO - Filling up the DagBag from /home/airflow/.local/lib/python3.8/site-packages/airflow/example_dags/example_xcomargs.py
[2024-04-29T17:34:39.529+0000] {processor.py:840} INFO - DAG(s) 'example_xcom_args', 'example_xcom_args_with_operators' retrieved from /home/airflow/.local/lib/python3.8/site-packages/airflow/example_dags/example_xcomargs.py
[2024-04-29T17:34:39.549+0000] {logging_mixin.py:188} INFO - [2024-04-29T17:34:39.549+0000] {dag.py:3047} INFO - Sync 2 DAGs
[2024-04-29T17:34:39.559+0000] {logging_mixin.py:188} INFO - [2024-04-29T17:34:39.559+0000] {dag.py:3834} INFO - Setting next_dagrun for example_xcom_args to None, run_after=None
[2024-04-29T17:34:39.562+0000] {logging_mixin.py:188} INFO - [2024-04-29T17:34:39.562+0000] {dag.py:3834} INFO - Setting next_dagrun for example_xcom_args_with_operators to None, run_after=None
[2024-04-29T17:34:39.580+0000] {processor.py:183} INFO - Processing /home/airflow/.local/lib/python3.8/site-packages/airflow/example_dags/example_xcomargs.py took 0.061 seconds
[2024-04-29T17:35:10.110+0000] {processor.py:161} INFO - Started process (PID=2770) to work on /home/airflow/.local/lib/python3.8/site-packages/airflow/example_dags/example_xcomargs.py
[2024-04-29T17:35:10.111+0000] {processor.py:830} INFO - Processing file /home/airflow/.local/lib/python3.8/site-packages/airflow/example_dags/example_xcomargs.py for tasks to queue
[2024-04-29T17:35:10.112+0000] {logging_mixin.py:188} INFO - [2024-04-29T17:35:10.112+0000] {dagbag.py:540} INFO - Filling up the DagBag from /home/airflow/.local/lib/python3.8/site-packages/airflow/example_dags/example_xcomargs.py
[2024-04-29T17:35:10.119+0000] {processor.py:840} INFO - DAG(s) 'example_xcom_args', 'example_xcom_args_with_operators' retrieved from /home/airflow/.local/lib/python3.8/site-packages/airflow/example_dags/example_xcomargs.py
[2024-04-29T17:35:10.138+0000] {logging_mixin.py:188} INFO - [2024-04-29T17:35:10.138+0000] {dag.py:3047} INFO - Sync 2 DAGs
[2024-04-29T17:35:10.149+0000] {logging_mixin.py:188} INFO - [2024-04-29T17:35:10.148+0000] {dag.py:3834} INFO - Setting next_dagrun for example_xcom_args to None, run_after=None
[2024-04-29T17:35:10.152+0000] {logging_mixin.py:188} INFO - [2024-04-29T17:35:10.152+0000] {dag.py:3834} INFO - Setting next_dagrun for example_xcom_args_with_operators to None, run_after=None
[2024-04-29T17:35:10.171+0000] {processor.py:183} INFO - Processing /home/airflow/.local/lib/python3.8/site-packages/airflow/example_dags/example_xcomargs.py took 0.063 seconds
[2024-04-29T17:35:40.854+0000] {processor.py:161} INFO - Started process (PID=3017) to work on /home/airflow/.local/lib/python3.8/site-packages/airflow/example_dags/example_xcomargs.py
[2024-04-29T17:35:40.855+0000] {processor.py:830} INFO - Processing file /home/airflow/.local/lib/python3.8/site-packages/airflow/example_dags/example_xcomargs.py for tasks to queue
[2024-04-29T17:35:40.856+0000] {logging_mixin.py:188} INFO - [2024-04-29T17:35:40.856+0000] {dagbag.py:540} INFO - Filling up the DagBag from /home/airflow/.local/lib/python3.8/site-packages/airflow/example_dags/example_xcomargs.py
[2024-04-29T17:35:40.866+0000] {processor.py:840} INFO - DAG(s) 'example_xcom_args', 'example_xcom_args_with_operators' retrieved from /home/airflow/.local/lib/python3.8/site-packages/airflow/example_dags/example_xcomargs.py
[2024-04-29T17:35:40.897+0000] {logging_mixin.py:188} INFO - [2024-04-29T17:35:40.897+0000] {dag.py:3047} INFO - Sync 2 DAGs
[2024-04-29T17:35:40.913+0000] {logging_mixin.py:188} INFO - [2024-04-29T17:35:40.913+0000] {dag.py:3834} INFO - Setting next_dagrun for example_xcom_args to None, run_after=None
[2024-04-29T17:35:40.918+0000] {logging_mixin.py:188} INFO - [2024-04-29T17:35:40.917+0000] {dag.py:3834} INFO - Setting next_dagrun for example_xcom_args_with_operators to None, run_after=None
[2024-04-29T17:35:40.958+0000] {processor.py:183} INFO - Processing /home/airflow/.local/lib/python3.8/site-packages/airflow/example_dags/example_xcomargs.py took 0.107 seconds
[2024-04-29T17:36:11.404+0000] {processor.py:161} INFO - Started process (PID=3264) to work on /home/airflow/.local/lib/python3.8/site-packages/airflow/example_dags/example_xcomargs.py
[2024-04-29T17:36:11.405+0000] {processor.py:830} INFO - Processing file /home/airflow/.local/lib/python3.8/site-packages/airflow/example_dags/example_xcomargs.py for tasks to queue
[2024-04-29T17:36:11.406+0000] {logging_mixin.py:188} INFO - [2024-04-29T17:36:11.406+0000] {dagbag.py:540} INFO - Filling up the DagBag from /home/airflow/.local/lib/python3.8/site-packages/airflow/example_dags/example_xcomargs.py
[2024-04-29T17:36:11.415+0000] {processor.py:840} INFO - DAG(s) 'example_xcom_args_with_operators', 'example_xcom_args' retrieved from /home/airflow/.local/lib/python3.8/site-packages/airflow/example_dags/example_xcomargs.py
[2024-04-29T17:36:11.442+0000] {logging_mixin.py:188} INFO - [2024-04-29T17:36:11.442+0000] {dag.py:3047} INFO - Sync 2 DAGs
[2024-04-29T17:36:11.455+0000] {logging_mixin.py:188} INFO - [2024-04-29T17:36:11.454+0000] {dag.py:3834} INFO - Setting next_dagrun for example_xcom_args to None, run_after=None
[2024-04-29T17:36:11.459+0000] {logging_mixin.py:188} INFO - [2024-04-29T17:36:11.459+0000] {dag.py:3834} INFO - Setting next_dagrun for example_xcom_args_with_operators to None, run_after=None
[2024-04-29T17:36:11.503+0000] {processor.py:183} INFO - Processing /home/airflow/.local/lib/python3.8/site-packages/airflow/example_dags/example_xcomargs.py took 0.102 seconds
[2024-04-29T17:36:41.938+0000] {processor.py:161} INFO - Started process (PID=3512) to work on /home/airflow/.local/lib/python3.8/site-packages/airflow/example_dags/example_xcomargs.py
[2024-04-29T17:36:41.940+0000] {processor.py:830} INFO - Processing file /home/airflow/.local/lib/python3.8/site-packages/airflow/example_dags/example_xcomargs.py for tasks to queue
[2024-04-29T17:36:41.941+0000] {logging_mixin.py:188} INFO - [2024-04-29T17:36:41.941+0000] {dagbag.py:540} INFO - Filling up the DagBag from /home/airflow/.local/lib/python3.8/site-packages/airflow/example_dags/example_xcomargs.py
[2024-04-29T17:36:41.951+0000] {processor.py:840} INFO - DAG(s) 'example_xcom_args', 'example_xcom_args_with_operators' retrieved from /home/airflow/.local/lib/python3.8/site-packages/airflow/example_dags/example_xcomargs.py
[2024-04-29T17:36:41.978+0000] {logging_mixin.py:188} INFO - [2024-04-29T17:36:41.977+0000] {dag.py:3047} INFO - Sync 2 DAGs
[2024-04-29T17:36:42.028+0000] {logging_mixin.py:188} INFO - [2024-04-29T17:36:42.028+0000] {dag.py:3834} INFO - Setting next_dagrun for example_xcom_args to None, run_after=None
[2024-04-29T17:36:42.034+0000] {logging_mixin.py:188} INFO - [2024-04-29T17:36:42.034+0000] {dag.py:3834} INFO - Setting next_dagrun for example_xcom_args_with_operators to None, run_after=None
[2024-04-29T17:36:42.062+0000] {processor.py:183} INFO - Processing /home/airflow/.local/lib/python3.8/site-packages/airflow/example_dags/example_xcomargs.py took 0.127 seconds
[2024-04-29T17:37:15.208+0000] {processor.py:161} INFO - Started process (PID=3820) to work on /home/airflow/.local/lib/python3.8/site-packages/airflow/example_dags/example_xcomargs.py
[2024-04-29T17:37:15.217+0000] {processor.py:830} INFO - Processing file /home/airflow/.local/lib/python3.8/site-packages/airflow/example_dags/example_xcomargs.py for tasks to queue
[2024-04-29T17:37:15.226+0000] {logging_mixin.py:188} INFO - [2024-04-29T17:37:15.226+0000] {dagbag.py:540} INFO - Filling up the DagBag from /home/airflow/.local/lib/python3.8/site-packages/airflow/example_dags/example_xcomargs.py
[2024-04-29T17:37:15.336+0000] {processor.py:840} INFO - DAG(s) 'example_xcom_args', 'example_xcom_args_with_operators' retrieved from /home/airflow/.local/lib/python3.8/site-packages/airflow/example_dags/example_xcomargs.py
[2024-04-29T17:37:15.558+0000] {logging_mixin.py:188} INFO - [2024-04-29T17:37:15.558+0000] {dag.py:3047} INFO - Sync 2 DAGs
[2024-04-29T17:37:15.737+0000] {logging_mixin.py:188} INFO - [2024-04-29T17:37:15.737+0000] {dag.py:3834} INFO - Setting next_dagrun for example_xcom_args to None, run_after=None
[2024-04-29T17:37:15.795+0000] {logging_mixin.py:188} INFO - [2024-04-29T17:37:15.794+0000] {dag.py:3834} INFO - Setting next_dagrun for example_xcom_args_with_operators to None, run_after=None
[2024-04-29T17:37:15.983+0000] {processor.py:183} INFO - Processing /home/airflow/.local/lib/python3.8/site-packages/airflow/example_dags/example_xcomargs.py took 0.783 seconds
[2024-04-29T17:37:46.637+0000] {processor.py:161} INFO - Started process (PID=4159) to work on /home/airflow/.local/lib/python3.8/site-packages/airflow/example_dags/example_xcomargs.py
[2024-04-29T17:37:46.639+0000] {processor.py:830} INFO - Processing file /home/airflow/.local/lib/python3.8/site-packages/airflow/example_dags/example_xcomargs.py for tasks to queue
[2024-04-29T17:37:46.642+0000] {logging_mixin.py:188} INFO - [2024-04-29T17:37:46.640+0000] {dagbag.py:540} INFO - Filling up the DagBag from /home/airflow/.local/lib/python3.8/site-packages/airflow/example_dags/example_xcomargs.py
[2024-04-29T17:37:46.669+0000] {processor.py:840} INFO - DAG(s) 'example_xcom_args', 'example_xcom_args_with_operators' retrieved from /home/airflow/.local/lib/python3.8/site-packages/airflow/example_dags/example_xcomargs.py
[2024-04-29T17:37:46.706+0000] {logging_mixin.py:188} INFO - [2024-04-29T17:37:46.706+0000] {dag.py:3047} INFO - Sync 2 DAGs
[2024-04-29T17:37:46.727+0000] {logging_mixin.py:188} INFO - [2024-04-29T17:37:46.726+0000] {dag.py:3834} INFO - Setting next_dagrun for example_xcom_args to None, run_after=None
[2024-04-29T17:37:46.731+0000] {logging_mixin.py:188} INFO - [2024-04-29T17:37:46.731+0000] {dag.py:3834} INFO - Setting next_dagrun for example_xcom_args_with_operators to None, run_after=None
[2024-04-29T17:37:46.769+0000] {processor.py:183} INFO - Processing /home/airflow/.local/lib/python3.8/site-packages/airflow/example_dags/example_xcomargs.py took 0.136 seconds
[2024-04-29T17:38:16.884+0000] {processor.py:161} INFO - Started process (PID=4409) to work on /home/airflow/.local/lib/python3.8/site-packages/airflow/example_dags/example_xcomargs.py
[2024-04-29T17:38:16.884+0000] {processor.py:830} INFO - Processing file /home/airflow/.local/lib/python3.8/site-packages/airflow/example_dags/example_xcomargs.py for tasks to queue
[2024-04-29T17:38:16.885+0000] {logging_mixin.py:188} INFO - [2024-04-29T17:38:16.885+0000] {dagbag.py:540} INFO - Filling up the DagBag from /home/airflow/.local/lib/python3.8/site-packages/airflow/example_dags/example_xcomargs.py
[2024-04-29T17:38:16.905+0000] {processor.py:840} INFO - DAG(s) 'example_xcom_args_with_operators', 'example_xcom_args' retrieved from /home/airflow/.local/lib/python3.8/site-packages/airflow/example_dags/example_xcomargs.py
[2024-04-29T17:38:16.950+0000] {logging_mixin.py:188} INFO - [2024-04-29T17:38:16.949+0000] {dag.py:3047} INFO - Sync 2 DAGs
[2024-04-29T17:38:16.965+0000] {logging_mixin.py:188} INFO - [2024-04-29T17:38:16.964+0000] {dag.py:3834} INFO - Setting next_dagrun for example_xcom_args to None, run_after=None
[2024-04-29T17:38:16.969+0000] {logging_mixin.py:188} INFO - [2024-04-29T17:38:16.969+0000] {dag.py:3834} INFO - Setting next_dagrun for example_xcom_args_with_operators to None, run_after=None
[2024-04-29T17:38:17.012+0000] {processor.py:183} INFO - Processing /home/airflow/.local/lib/python3.8/site-packages/airflow/example_dags/example_xcomargs.py took 0.132 seconds
[2024-04-29T17:38:47.115+0000] {processor.py:161} INFO - Started process (PID=4656) to work on /home/airflow/.local/lib/python3.8/site-packages/airflow/example_dags/example_xcomargs.py
[2024-04-29T17:38:47.116+0000] {processor.py:830} INFO - Processing file /home/airflow/.local/lib/python3.8/site-packages/airflow/example_dags/example_xcomargs.py for tasks to queue
[2024-04-29T17:38:47.117+0000] {logging_mixin.py:188} INFO - [2024-04-29T17:38:47.117+0000] {dagbag.py:540} INFO - Filling up the DagBag from /home/airflow/.local/lib/python3.8/site-packages/airflow/example_dags/example_xcomargs.py
[2024-04-29T17:38:47.127+0000] {processor.py:840} INFO - DAG(s) 'example_xcom_args', 'example_xcom_args_with_operators' retrieved from /home/airflow/.local/lib/python3.8/site-packages/airflow/example_dags/example_xcomargs.py
[2024-04-29T17:38:47.157+0000] {logging_mixin.py:188} INFO - [2024-04-29T17:38:47.157+0000] {dag.py:3047} INFO - Sync 2 DAGs
[2024-04-29T17:38:47.172+0000] {logging_mixin.py:188} INFO - [2024-04-29T17:38:47.172+0000] {dag.py:3834} INFO - Setting next_dagrun for example_xcom_args to None, run_after=None
[2024-04-29T17:38:47.177+0000] {logging_mixin.py:188} INFO - [2024-04-29T17:38:47.177+0000] {dag.py:3834} INFO - Setting next_dagrun for example_xcom_args_with_operators to None, run_after=None
[2024-04-29T17:38:47.200+0000] {processor.py:183} INFO - Processing /home/airflow/.local/lib/python3.8/site-packages/airflow/example_dags/example_xcomargs.py took 0.088 seconds
[2024-04-29T17:39:17.816+0000] {processor.py:161} INFO - Started process (PID=4901) to work on /home/airflow/.local/lib/python3.8/site-packages/airflow/example_dags/example_xcomargs.py
[2024-04-29T17:39:17.817+0000] {processor.py:830} INFO - Processing file /home/airflow/.local/lib/python3.8/site-packages/airflow/example_dags/example_xcomargs.py for tasks to queue
[2024-04-29T17:39:17.818+0000] {logging_mixin.py:188} INFO - [2024-04-29T17:39:17.818+0000] {dagbag.py:540} INFO - Filling up the DagBag from /home/airflow/.local/lib/python3.8/site-packages/airflow/example_dags/example_xcomargs.py
[2024-04-29T17:39:17.828+0000] {processor.py:840} INFO - DAG(s) 'example_xcom_args', 'example_xcom_args_with_operators' retrieved from /home/airflow/.local/lib/python3.8/site-packages/airflow/example_dags/example_xcomargs.py
[2024-04-29T17:39:17.856+0000] {logging_mixin.py:188} INFO - [2024-04-29T17:39:17.856+0000] {dag.py:3047} INFO - Sync 2 DAGs
[2024-04-29T17:39:17.869+0000] {logging_mixin.py:188} INFO - [2024-04-29T17:39:17.869+0000] {dag.py:3834} INFO - Setting next_dagrun for example_xcom_args to None, run_after=None
[2024-04-29T17:39:17.874+0000] {logging_mixin.py:188} INFO - [2024-04-29T17:39:17.873+0000] {dag.py:3834} INFO - Setting next_dagrun for example_xcom_args_with_operators to None, run_after=None
[2024-04-29T17:39:17.905+0000] {processor.py:183} INFO - Processing /home/airflow/.local/lib/python3.8/site-packages/airflow/example_dags/example_xcomargs.py took 0.092 seconds
[2024-04-29T17:39:48.536+0000] {processor.py:161} INFO - Started process (PID=5149) to work on /home/airflow/.local/lib/python3.8/site-packages/airflow/example_dags/example_xcomargs.py
[2024-04-29T17:39:48.537+0000] {processor.py:830} INFO - Processing file /home/airflow/.local/lib/python3.8/site-packages/airflow/example_dags/example_xcomargs.py for tasks to queue
[2024-04-29T17:39:48.538+0000] {logging_mixin.py:188} INFO - [2024-04-29T17:39:48.537+0000] {dagbag.py:540} INFO - Filling up the DagBag from /home/airflow/.local/lib/python3.8/site-packages/airflow/example_dags/example_xcomargs.py
[2024-04-29T17:39:48.547+0000] {processor.py:840} INFO - DAG(s) 'example_xcom_args', 'example_xcom_args_with_operators' retrieved from /home/airflow/.local/lib/python3.8/site-packages/airflow/example_dags/example_xcomargs.py
[2024-04-29T17:39:48.577+0000] {logging_mixin.py:188} INFO - [2024-04-29T17:39:48.576+0000] {dag.py:3047} INFO - Sync 2 DAGs
[2024-04-29T17:39:48.592+0000] {logging_mixin.py:188} INFO - [2024-04-29T17:39:48.592+0000] {dag.py:3834} INFO - Setting next_dagrun for example_xcom_args to None, run_after=None
[2024-04-29T17:39:48.596+0000] {logging_mixin.py:188} INFO - [2024-04-29T17:39:48.596+0000] {dag.py:3834} INFO - Setting next_dagrun for example_xcom_args_with_operators to None, run_after=None
[2024-04-29T17:39:48.618+0000] {processor.py:183} INFO - Processing /home/airflow/.local/lib/python3.8/site-packages/airflow/example_dags/example_xcomargs.py took 0.085 seconds
[2024-04-29T17:40:19.037+0000] {processor.py:161} INFO - Started process (PID=5394) to work on /home/airflow/.local/lib/python3.8/site-packages/airflow/example_dags/example_xcomargs.py
[2024-04-29T17:40:19.038+0000] {processor.py:830} INFO - Processing file /home/airflow/.local/lib/python3.8/site-packages/airflow/example_dags/example_xcomargs.py for tasks to queue
[2024-04-29T17:40:19.039+0000] {logging_mixin.py:188} INFO - [2024-04-29T17:40:19.039+0000] {dagbag.py:540} INFO - Filling up the DagBag from /home/airflow/.local/lib/python3.8/site-packages/airflow/example_dags/example_xcomargs.py
[2024-04-29T17:40:19.048+0000] {processor.py:840} INFO - DAG(s) 'example_xcom_args_with_operators', 'example_xcom_args' retrieved from /home/airflow/.local/lib/python3.8/site-packages/airflow/example_dags/example_xcomargs.py
[2024-04-29T17:40:19.081+0000] {logging_mixin.py:188} INFO - [2024-04-29T17:40:19.081+0000] {dag.py:3047} INFO - Sync 2 DAGs
[2024-04-29T17:40:19.093+0000] {logging_mixin.py:188} INFO - [2024-04-29T17:40:19.093+0000] {dag.py:3834} INFO - Setting next_dagrun for example_xcom_args to None, run_after=None
[2024-04-29T17:40:19.097+0000] {logging_mixin.py:188} INFO - [2024-04-29T17:40:19.097+0000] {dag.py:3834} INFO - Setting next_dagrun for example_xcom_args_with_operators to None, run_after=None
[2024-04-29T17:40:19.117+0000] {processor.py:183} INFO - Processing /home/airflow/.local/lib/python3.8/site-packages/airflow/example_dags/example_xcomargs.py took 0.084 seconds
[2024-04-29T17:40:49.335+0000] {processor.py:161} INFO - Started process (PID=5641) to work on /home/airflow/.local/lib/python3.8/site-packages/airflow/example_dags/example_xcomargs.py
[2024-04-29T17:40:49.336+0000] {processor.py:830} INFO - Processing file /home/airflow/.local/lib/python3.8/site-packages/airflow/example_dags/example_xcomargs.py for tasks to queue
[2024-04-29T17:40:49.338+0000] {logging_mixin.py:188} INFO - [2024-04-29T17:40:49.337+0000] {dagbag.py:540} INFO - Filling up the DagBag from /home/airflow/.local/lib/python3.8/site-packages/airflow/example_dags/example_xcomargs.py
[2024-04-29T17:40:49.347+0000] {processor.py:840} INFO - DAG(s) 'example_xcom_args', 'example_xcom_args_with_operators' retrieved from /home/airflow/.local/lib/python3.8/site-packages/airflow/example_dags/example_xcomargs.py
[2024-04-29T17:40:49.375+0000] {logging_mixin.py:188} INFO - [2024-04-29T17:40:49.375+0000] {dag.py:3047} INFO - Sync 2 DAGs
[2024-04-29T17:40:49.386+0000] {logging_mixin.py:188} INFO - [2024-04-29T17:40:49.386+0000] {dag.py:3834} INFO - Setting next_dagrun for example_xcom_args to None, run_after=None
[2024-04-29T17:40:49.390+0000] {logging_mixin.py:188} INFO - [2024-04-29T17:40:49.390+0000] {dag.py:3834} INFO - Setting next_dagrun for example_xcom_args_with_operators to None, run_after=None
[2024-04-29T17:40:49.412+0000] {processor.py:183} INFO - Processing /home/airflow/.local/lib/python3.8/site-packages/airflow/example_dags/example_xcomargs.py took 0.081 seconds
[2024-04-29T17:41:19.621+0000] {processor.py:161} INFO - Started process (PID=5890) to work on /home/airflow/.local/lib/python3.8/site-packages/airflow/example_dags/example_xcomargs.py
[2024-04-29T17:41:19.622+0000] {processor.py:830} INFO - Processing file /home/airflow/.local/lib/python3.8/site-packages/airflow/example_dags/example_xcomargs.py for tasks to queue
[2024-04-29T17:41:19.630+0000] {logging_mixin.py:188} INFO - [2024-04-29T17:41:19.630+0000] {dagbag.py:540} INFO - Filling up the DagBag from /home/airflow/.local/lib/python3.8/site-packages/airflow/example_dags/example_xcomargs.py
[2024-04-29T17:41:19.648+0000] {processor.py:840} INFO - DAG(s) 'example_xcom_args_with_operators', 'example_xcom_args' retrieved from /home/airflow/.local/lib/python3.8/site-packages/airflow/example_dags/example_xcomargs.py
[2024-04-29T17:41:19.692+0000] {logging_mixin.py:188} INFO - [2024-04-29T17:41:19.691+0000] {dag.py:3047} INFO - Sync 2 DAGs
[2024-04-29T17:41:19.722+0000] {logging_mixin.py:188} INFO - [2024-04-29T17:41:19.722+0000] {dag.py:3834} INFO - Setting next_dagrun for example_xcom_args to None, run_after=None
[2024-04-29T17:41:19.728+0000] {logging_mixin.py:188} INFO - [2024-04-29T17:41:19.727+0000] {dag.py:3834} INFO - Setting next_dagrun for example_xcom_args_with_operators to None, run_after=None
[2024-04-29T17:41:19.761+0000] {processor.py:183} INFO - Processing /home/airflow/.local/lib/python3.8/site-packages/airflow/example_dags/example_xcomargs.py took 0.144 seconds
[2024-04-29T17:41:49.920+0000] {processor.py:161} INFO - Started process (PID=6135) to work on /home/airflow/.local/lib/python3.8/site-packages/airflow/example_dags/example_xcomargs.py
[2024-04-29T17:41:49.920+0000] {processor.py:830} INFO - Processing file /home/airflow/.local/lib/python3.8/site-packages/airflow/example_dags/example_xcomargs.py for tasks to queue
[2024-04-29T17:41:49.921+0000] {logging_mixin.py:188} INFO - [2024-04-29T17:41:49.921+0000] {dagbag.py:540} INFO - Filling up the DagBag from /home/airflow/.local/lib/python3.8/site-packages/airflow/example_dags/example_xcomargs.py
[2024-04-29T17:41:49.941+0000] {processor.py:840} INFO - DAG(s) 'example_xcom_args', 'example_xcom_args_with_operators' retrieved from /home/airflow/.local/lib/python3.8/site-packages/airflow/example_dags/example_xcomargs.py
[2024-04-29T17:41:49.978+0000] {logging_mixin.py:188} INFO - [2024-04-29T17:41:49.978+0000] {dag.py:3047} INFO - Sync 2 DAGs
[2024-04-29T17:41:49.992+0000] {logging_mixin.py:188} INFO - [2024-04-29T17:41:49.992+0000] {dag.py:3834} INFO - Setting next_dagrun for example_xcom_args to None, run_after=None
[2024-04-29T17:41:49.996+0000] {logging_mixin.py:188} INFO - [2024-04-29T17:41:49.996+0000] {dag.py:3834} INFO - Setting next_dagrun for example_xcom_args_with_operators to None, run_after=None
[2024-04-29T17:41:50.017+0000] {processor.py:183} INFO - Processing /home/airflow/.local/lib/python3.8/site-packages/airflow/example_dags/example_xcomargs.py took 0.104 seconds
[2024-04-29T17:42:20.184+0000] {processor.py:161} INFO - Started process (PID=6381) to work on /home/airflow/.local/lib/python3.8/site-packages/airflow/example_dags/example_xcomargs.py
[2024-04-29T17:42:20.185+0000] {processor.py:830} INFO - Processing file /home/airflow/.local/lib/python3.8/site-packages/airflow/example_dags/example_xcomargs.py for tasks to queue
[2024-04-29T17:42:20.188+0000] {logging_mixin.py:188} INFO - [2024-04-29T17:42:20.187+0000] {dagbag.py:540} INFO - Filling up the DagBag from /home/airflow/.local/lib/python3.8/site-packages/airflow/example_dags/example_xcomargs.py
[2024-04-29T17:42:20.214+0000] {processor.py:840} INFO - DAG(s) 'example_xcom_args_with_operators', 'example_xcom_args' retrieved from /home/airflow/.local/lib/python3.8/site-packages/airflow/example_dags/example_xcomargs.py
[2024-04-29T17:42:20.248+0000] {logging_mixin.py:188} INFO - [2024-04-29T17:42:20.248+0000] {dag.py:3047} INFO - Sync 2 DAGs
[2024-04-29T17:42:20.263+0000] {logging_mixin.py:188} INFO - [2024-04-29T17:42:20.263+0000] {dag.py:3834} INFO - Setting next_dagrun for example_xcom_args to None, run_after=None
[2024-04-29T17:42:20.267+0000] {logging_mixin.py:188} INFO - [2024-04-29T17:42:20.267+0000] {dag.py:3834} INFO - Setting next_dagrun for example_xcom_args_with_operators to None, run_after=None
[2024-04-29T17:42:20.288+0000] {processor.py:183} INFO - Processing /home/airflow/.local/lib/python3.8/site-packages/airflow/example_dags/example_xcomargs.py took 0.111 seconds
[2024-04-29T17:42:50.671+0000] {processor.py:161} INFO - Started process (PID=6629) to work on /home/airflow/.local/lib/python3.8/site-packages/airflow/example_dags/example_xcomargs.py
[2024-04-29T17:42:50.672+0000] {processor.py:830} INFO - Processing file /home/airflow/.local/lib/python3.8/site-packages/airflow/example_dags/example_xcomargs.py for tasks to queue
[2024-04-29T17:42:50.673+0000] {logging_mixin.py:188} INFO - [2024-04-29T17:42:50.673+0000] {dagbag.py:540} INFO - Filling up the DagBag from /home/airflow/.local/lib/python3.8/site-packages/airflow/example_dags/example_xcomargs.py
[2024-04-29T17:42:50.683+0000] {processor.py:840} INFO - DAG(s) 'example_xcom_args', 'example_xcom_args_with_operators' retrieved from /home/airflow/.local/lib/python3.8/site-packages/airflow/example_dags/example_xcomargs.py
[2024-04-29T17:42:50.714+0000] {logging_mixin.py:188} INFO - [2024-04-29T17:42:50.714+0000] {dag.py:3047} INFO - Sync 2 DAGs
[2024-04-29T17:42:50.730+0000] {logging_mixin.py:188} INFO - [2024-04-29T17:42:50.729+0000] {dag.py:3834} INFO - Setting next_dagrun for example_xcom_args to None, run_after=None
[2024-04-29T17:42:50.733+0000] {logging_mixin.py:188} INFO - [2024-04-29T17:42:50.733+0000] {dag.py:3834} INFO - Setting next_dagrun for example_xcom_args_with_operators to None, run_after=None
[2024-04-29T17:42:50.755+0000] {processor.py:183} INFO - Processing /home/airflow/.local/lib/python3.8/site-packages/airflow/example_dags/example_xcomargs.py took 0.088 seconds
[2024-04-29T17:43:20.872+0000] {processor.py:161} INFO - Started process (PID=6878) to work on /home/airflow/.local/lib/python3.8/site-packages/airflow/example_dags/example_xcomargs.py
[2024-04-29T17:43:20.873+0000] {processor.py:830} INFO - Processing file /home/airflow/.local/lib/python3.8/site-packages/airflow/example_dags/example_xcomargs.py for tasks to queue
[2024-04-29T17:43:20.874+0000] {logging_mixin.py:188} INFO - [2024-04-29T17:43:20.873+0000] {dagbag.py:540} INFO - Filling up the DagBag from /home/airflow/.local/lib/python3.8/site-packages/airflow/example_dags/example_xcomargs.py
[2024-04-29T17:43:20.880+0000] {processor.py:840} INFO - DAG(s) 'example_xcom_args', 'example_xcom_args_with_operators' retrieved from /home/airflow/.local/lib/python3.8/site-packages/airflow/example_dags/example_xcomargs.py
[2024-04-29T17:43:20.899+0000] {logging_mixin.py:188} INFO - [2024-04-29T17:43:20.899+0000] {dag.py:3047} INFO - Sync 2 DAGs
[2024-04-29T17:43:20.909+0000] {logging_mixin.py:188} INFO - [2024-04-29T17:43:20.909+0000] {dag.py:3834} INFO - Setting next_dagrun for example_xcom_args to None, run_after=None
[2024-04-29T17:43:20.912+0000] {logging_mixin.py:188} INFO - [2024-04-29T17:43:20.912+0000] {dag.py:3834} INFO - Setting next_dagrun for example_xcom_args_with_operators to None, run_after=None
[2024-04-29T17:43:20.932+0000] {processor.py:183} INFO - Processing /home/airflow/.local/lib/python3.8/site-packages/airflow/example_dags/example_xcomargs.py took 0.063 seconds
[2024-04-29T17:43:51.149+0000] {processor.py:161} INFO - Started process (PID=7125) to work on /home/airflow/.local/lib/python3.8/site-packages/airflow/example_dags/example_xcomargs.py
[2024-04-29T17:43:51.150+0000] {processor.py:830} INFO - Processing file /home/airflow/.local/lib/python3.8/site-packages/airflow/example_dags/example_xcomargs.py for tasks to queue
[2024-04-29T17:43:51.151+0000] {logging_mixin.py:188} INFO - [2024-04-29T17:43:51.151+0000] {dagbag.py:540} INFO - Filling up the DagBag from /home/airflow/.local/lib/python3.8/site-packages/airflow/example_dags/example_xcomargs.py
[2024-04-29T17:43:51.160+0000] {processor.py:840} INFO - DAG(s) 'example_xcom_args_with_operators', 'example_xcom_args' retrieved from /home/airflow/.local/lib/python3.8/site-packages/airflow/example_dags/example_xcomargs.py
[2024-04-29T17:43:51.211+0000] {logging_mixin.py:188} INFO - [2024-04-29T17:43:51.211+0000] {dag.py:3047} INFO - Sync 2 DAGs
[2024-04-29T17:43:51.240+0000] {logging_mixin.py:188} INFO - [2024-04-29T17:43:51.240+0000] {dag.py:3834} INFO - Setting next_dagrun for example_xcom_args to None, run_after=None
[2024-04-29T17:43:51.249+0000] {logging_mixin.py:188} INFO - [2024-04-29T17:43:51.249+0000] {dag.py:3834} INFO - Setting next_dagrun for example_xcom_args_with_operators to None, run_after=None
[2024-04-29T17:43:51.299+0000] {processor.py:183} INFO - Processing /home/airflow/.local/lib/python3.8/site-packages/airflow/example_dags/example_xcomargs.py took 0.153 seconds
[2024-04-29T17:44:21.495+0000] {processor.py:161} INFO - Started process (PID=7370) to work on /home/airflow/.local/lib/python3.8/site-packages/airflow/example_dags/example_xcomargs.py
[2024-04-29T17:44:21.496+0000] {processor.py:830} INFO - Processing file /home/airflow/.local/lib/python3.8/site-packages/airflow/example_dags/example_xcomargs.py for tasks to queue
[2024-04-29T17:44:21.497+0000] {logging_mixin.py:188} INFO - [2024-04-29T17:44:21.497+0000] {dagbag.py:540} INFO - Filling up the DagBag from /home/airflow/.local/lib/python3.8/site-packages/airflow/example_dags/example_xcomargs.py
[2024-04-29T17:44:21.507+0000] {processor.py:840} INFO - DAG(s) 'example_xcom_args_with_operators', 'example_xcom_args' retrieved from /home/airflow/.local/lib/python3.8/site-packages/airflow/example_dags/example_xcomargs.py
[2024-04-29T17:44:21.539+0000] {logging_mixin.py:188} INFO - [2024-04-29T17:44:21.539+0000] {dag.py:3047} INFO - Sync 2 DAGs
[2024-04-29T17:44:21.554+0000] {logging_mixin.py:188} INFO - [2024-04-29T17:44:21.554+0000] {dag.py:3834} INFO - Setting next_dagrun for example_xcom_args to None, run_after=None
[2024-04-29T17:44:21.558+0000] {logging_mixin.py:188} INFO - [2024-04-29T17:44:21.558+0000] {dag.py:3834} INFO - Setting next_dagrun for example_xcom_args_with_operators to None, run_after=None
[2024-04-29T17:44:21.580+0000] {processor.py:183} INFO - Processing /home/airflow/.local/lib/python3.8/site-packages/airflow/example_dags/example_xcomargs.py took 0.089 seconds
[2024-04-29T17:44:52.047+0000] {processor.py:161} INFO - Started process (PID=7619) to work on /home/airflow/.local/lib/python3.8/site-packages/airflow/example_dags/example_xcomargs.py
[2024-04-29T17:44:52.050+0000] {processor.py:830} INFO - Processing file /home/airflow/.local/lib/python3.8/site-packages/airflow/example_dags/example_xcomargs.py for tasks to queue
[2024-04-29T17:44:52.058+0000] {logging_mixin.py:188} INFO - [2024-04-29T17:44:52.050+0000] {dagbag.py:540} INFO - Filling up the DagBag from /home/airflow/.local/lib/python3.8/site-packages/airflow/example_dags/example_xcomargs.py
[2024-04-29T17:44:52.070+0000] {processor.py:840} INFO - DAG(s) 'example_xcom_args', 'example_xcom_args_with_operators' retrieved from /home/airflow/.local/lib/python3.8/site-packages/airflow/example_dags/example_xcomargs.py
[2024-04-29T17:44:52.111+0000] {logging_mixin.py:188} INFO - [2024-04-29T17:44:52.110+0000] {dag.py:3047} INFO - Sync 2 DAGs
[2024-04-29T17:44:52.127+0000] {logging_mixin.py:188} INFO - [2024-04-29T17:44:52.127+0000] {dag.py:3834} INFO - Setting next_dagrun for example_xcom_args to None, run_after=None
[2024-04-29T17:44:52.132+0000] {logging_mixin.py:188} INFO - [2024-04-29T17:44:52.132+0000] {dag.py:3834} INFO - Setting next_dagrun for example_xcom_args_with_operators to None, run_after=None
[2024-04-29T17:44:52.162+0000] {processor.py:183} INFO - Processing /home/airflow/.local/lib/python3.8/site-packages/airflow/example_dags/example_xcomargs.py took 0.119 seconds
[2024-04-29T17:45:22.419+0000] {processor.py:161} INFO - Started process (PID=7867) to work on /home/airflow/.local/lib/python3.8/site-packages/airflow/example_dags/example_xcomargs.py
[2024-04-29T17:45:22.420+0000] {processor.py:830} INFO - Processing file /home/airflow/.local/lib/python3.8/site-packages/airflow/example_dags/example_xcomargs.py for tasks to queue
[2024-04-29T17:45:22.421+0000] {logging_mixin.py:188} INFO - [2024-04-29T17:45:22.421+0000] {dagbag.py:540} INFO - Filling up the DagBag from /home/airflow/.local/lib/python3.8/site-packages/airflow/example_dags/example_xcomargs.py
[2024-04-29T17:45:22.440+0000] {processor.py:840} INFO - DAG(s) 'example_xcom_args', 'example_xcom_args_with_operators' retrieved from /home/airflow/.local/lib/python3.8/site-packages/airflow/example_dags/example_xcomargs.py
[2024-04-29T17:45:22.525+0000] {logging_mixin.py:188} INFO - [2024-04-29T17:45:22.525+0000] {dag.py:3047} INFO - Sync 2 DAGs
[2024-04-29T17:45:22.544+0000] {logging_mixin.py:188} INFO - [2024-04-29T17:45:22.544+0000] {dag.py:3834} INFO - Setting next_dagrun for example_xcom_args to None, run_after=None
[2024-04-29T17:45:22.549+0000] {logging_mixin.py:188} INFO - [2024-04-29T17:45:22.548+0000] {dag.py:3834} INFO - Setting next_dagrun for example_xcom_args_with_operators to None, run_after=None
[2024-04-29T17:45:22.576+0000] {processor.py:183} INFO - Processing /home/airflow/.local/lib/python3.8/site-packages/airflow/example_dags/example_xcomargs.py took 0.161 seconds
[2024-04-29T17:45:52.814+0000] {processor.py:161} INFO - Started process (PID=8115) to work on /home/airflow/.local/lib/python3.8/site-packages/airflow/example_dags/example_xcomargs.py
[2024-04-29T17:45:52.815+0000] {processor.py:830} INFO - Processing file /home/airflow/.local/lib/python3.8/site-packages/airflow/example_dags/example_xcomargs.py for tasks to queue
[2024-04-29T17:45:52.816+0000] {logging_mixin.py:188} INFO - [2024-04-29T17:45:52.816+0000] {dagbag.py:540} INFO - Filling up the DagBag from /home/airflow/.local/lib/python3.8/site-packages/airflow/example_dags/example_xcomargs.py
[2024-04-29T17:45:52.825+0000] {processor.py:840} INFO - DAG(s) 'example_xcom_args_with_operators', 'example_xcom_args' retrieved from /home/airflow/.local/lib/python3.8/site-packages/airflow/example_dags/example_xcomargs.py
[2024-04-29T17:45:52.867+0000] {logging_mixin.py:188} INFO - [2024-04-29T17:45:52.866+0000] {dag.py:3047} INFO - Sync 2 DAGs
[2024-04-29T17:45:52.900+0000] {logging_mixin.py:188} INFO - [2024-04-29T17:45:52.900+0000] {dag.py:3834} INFO - Setting next_dagrun for example_xcom_args to None, run_after=None
[2024-04-29T17:45:52.905+0000] {logging_mixin.py:188} INFO - [2024-04-29T17:45:52.905+0000] {dag.py:3834} INFO - Setting next_dagrun for example_xcom_args_with_operators to None, run_after=None
[2024-04-29T17:45:52.935+0000] {processor.py:183} INFO - Processing /home/airflow/.local/lib/python3.8/site-packages/airflow/example_dags/example_xcomargs.py took 0.124 seconds
[2024-04-29T17:46:23.035+0000] {processor.py:161} INFO - Started process (PID=8361) to work on /home/airflow/.local/lib/python3.8/site-packages/airflow/example_dags/example_xcomargs.py
[2024-04-29T17:46:23.036+0000] {processor.py:830} INFO - Processing file /home/airflow/.local/lib/python3.8/site-packages/airflow/example_dags/example_xcomargs.py for tasks to queue
[2024-04-29T17:46:23.036+0000] {logging_mixin.py:188} INFO - [2024-04-29T17:46:23.036+0000] {dagbag.py:540} INFO - Filling up the DagBag from /home/airflow/.local/lib/python3.8/site-packages/airflow/example_dags/example_xcomargs.py
[2024-04-29T17:46:23.049+0000] {processor.py:840} INFO - DAG(s) 'example_xcom_args_with_operators', 'example_xcom_args' retrieved from /home/airflow/.local/lib/python3.8/site-packages/airflow/example_dags/example_xcomargs.py
[2024-04-29T17:46:23.077+0000] {logging_mixin.py:188} INFO - [2024-04-29T17:46:23.076+0000] {dag.py:3047} INFO - Sync 2 DAGs
[2024-04-29T17:46:23.091+0000] {logging_mixin.py:188} INFO - [2024-04-29T17:46:23.091+0000] {dag.py:3834} INFO - Setting next_dagrun for example_xcom_args to None, run_after=None
[2024-04-29T17:46:23.095+0000] {logging_mixin.py:188} INFO - [2024-04-29T17:46:23.095+0000] {dag.py:3834} INFO - Setting next_dagrun for example_xcom_args_with_operators to None, run_after=None
[2024-04-29T17:46:23.118+0000] {processor.py:183} INFO - Processing /home/airflow/.local/lib/python3.8/site-packages/airflow/example_dags/example_xcomargs.py took 0.087 seconds
[2024-04-29T17:46:53.456+0000] {processor.py:161} INFO - Started process (PID=8610) to work on /home/airflow/.local/lib/python3.8/site-packages/airflow/example_dags/example_xcomargs.py
[2024-04-29T17:46:53.457+0000] {processor.py:830} INFO - Processing file /home/airflow/.local/lib/python3.8/site-packages/airflow/example_dags/example_xcomargs.py for tasks to queue
[2024-04-29T17:46:53.458+0000] {logging_mixin.py:188} INFO - [2024-04-29T17:46:53.457+0000] {dagbag.py:540} INFO - Filling up the DagBag from /home/airflow/.local/lib/python3.8/site-packages/airflow/example_dags/example_xcomargs.py
[2024-04-29T17:46:53.468+0000] {processor.py:840} INFO - DAG(s) 'example_xcom_args', 'example_xcom_args_with_operators' retrieved from /home/airflow/.local/lib/python3.8/site-packages/airflow/example_dags/example_xcomargs.py
[2024-04-29T17:46:53.497+0000] {logging_mixin.py:188} INFO - [2024-04-29T17:46:53.497+0000] {dag.py:3047} INFO - Sync 2 DAGs
[2024-04-29T17:46:53.512+0000] {logging_mixin.py:188} INFO - [2024-04-29T17:46:53.512+0000] {dag.py:3834} INFO - Setting next_dagrun for example_xcom_args to None, run_after=None
[2024-04-29T17:46:53.518+0000] {logging_mixin.py:188} INFO - [2024-04-29T17:46:53.516+0000] {dag.py:3834} INFO - Setting next_dagrun for example_xcom_args_with_operators to None, run_after=None
[2024-04-29T17:46:53.564+0000] {processor.py:183} INFO - Processing /home/airflow/.local/lib/python3.8/site-packages/airflow/example_dags/example_xcomargs.py took 0.111 seconds
[2024-04-29T17:47:24.134+0000] {processor.py:161} INFO - Started process (PID=8856) to work on /home/airflow/.local/lib/python3.8/site-packages/airflow/example_dags/example_xcomargs.py
[2024-04-29T17:47:24.136+0000] {processor.py:830} INFO - Processing file /home/airflow/.local/lib/python3.8/site-packages/airflow/example_dags/example_xcomargs.py for tasks to queue
[2024-04-29T17:47:24.139+0000] {logging_mixin.py:188} INFO - [2024-04-29T17:47:24.138+0000] {dagbag.py:540} INFO - Filling up the DagBag from /home/airflow/.local/lib/python3.8/site-packages/airflow/example_dags/example_xcomargs.py
[2024-04-29T17:47:24.159+0000] {processor.py:840} INFO - DAG(s) 'example_xcom_args', 'example_xcom_args_with_operators' retrieved from /home/airflow/.local/lib/python3.8/site-packages/airflow/example_dags/example_xcomargs.py
[2024-04-29T17:47:24.189+0000] {logging_mixin.py:188} INFO - [2024-04-29T17:47:24.188+0000] {dag.py:3047} INFO - Sync 2 DAGs
[2024-04-29T17:47:24.204+0000] {logging_mixin.py:188} INFO - [2024-04-29T17:47:24.204+0000] {dag.py:3834} INFO - Setting next_dagrun for example_xcom_args to None, run_after=None
[2024-04-29T17:47:24.208+0000] {logging_mixin.py:188} INFO - [2024-04-29T17:47:24.208+0000] {dag.py:3834} INFO - Setting next_dagrun for example_xcom_args_with_operators to None, run_after=None
[2024-04-29T17:47:24.246+0000] {processor.py:183} INFO - Processing /home/airflow/.local/lib/python3.8/site-packages/airflow/example_dags/example_xcomargs.py took 0.115 seconds
[2024-04-29T17:47:54.306+0000] {processor.py:161} INFO - Started process (PID=9104) to work on /home/airflow/.local/lib/python3.8/site-packages/airflow/example_dags/example_xcomargs.py
[2024-04-29T17:47:54.307+0000] {processor.py:830} INFO - Processing file /home/airflow/.local/lib/python3.8/site-packages/airflow/example_dags/example_xcomargs.py for tasks to queue
[2024-04-29T17:47:54.308+0000] {logging_mixin.py:188} INFO - [2024-04-29T17:47:54.308+0000] {dagbag.py:540} INFO - Filling up the DagBag from /home/airflow/.local/lib/python3.8/site-packages/airflow/example_dags/example_xcomargs.py
[2024-04-29T17:47:54.318+0000] {processor.py:840} INFO - DAG(s) 'example_xcom_args', 'example_xcom_args_with_operators' retrieved from /home/airflow/.local/lib/python3.8/site-packages/airflow/example_dags/example_xcomargs.py
[2024-04-29T17:47:54.345+0000] {logging_mixin.py:188} INFO - [2024-04-29T17:47:54.345+0000] {dag.py:3047} INFO - Sync 2 DAGs
[2024-04-29T17:47:54.360+0000] {logging_mixin.py:188} INFO - [2024-04-29T17:47:54.360+0000] {dag.py:3834} INFO - Setting next_dagrun for example_xcom_args to None, run_after=None
[2024-04-29T17:47:54.364+0000] {logging_mixin.py:188} INFO - [2024-04-29T17:47:54.363+0000] {dag.py:3834} INFO - Setting next_dagrun for example_xcom_args_with_operators to None, run_after=None
[2024-04-29T17:47:54.386+0000] {processor.py:183} INFO - Processing /home/airflow/.local/lib/python3.8/site-packages/airflow/example_dags/example_xcomargs.py took 0.084 seconds
