[2024-04-29T17:29:57.739+0000] {processor.py:161} INFO - Started process (PID=166) to work on /home/airflow/.local/lib/python3.8/site-packages/airflow/example_dags/example_sla_dag.py
[2024-04-29T17:29:57.746+0000] {processor.py:830} INFO - Processing file /home/airflow/.local/lib/python3.8/site-packages/airflow/example_dags/example_sla_dag.py for tasks to queue
[2024-04-29T17:29:57.748+0000] {logging_mixin.py:188} INFO - [2024-04-29T17:29:57.748+0000] {dagbag.py:540} INFO - Filling up the DagBag from /home/airflow/.local/lib/python3.8/site-packages/airflow/example_dags/example_sla_dag.py
[2024-04-29T17:29:57.814+0000] {processor.py:840} INFO - DAG(s) 'example_sla_dag' retrieved from /home/airflow/.local/lib/python3.8/site-packages/airflow/example_dags/example_sla_dag.py
[2024-04-29T17:29:58.189+0000] {logging_mixin.py:188} INFO - [2024-04-29T17:29:58.188+0000] {override.py:1769} INFO - Created Permission View: can edit on DAG:example_sla_dag
[2024-04-29T17:29:58.207+0000] {logging_mixin.py:188} INFO - [2024-04-29T17:29:58.207+0000] {override.py:1769} INFO - Created Permission View: can delete on DAG:example_sla_dag
[2024-04-29T17:29:58.226+0000] {logging_mixin.py:188} INFO - [2024-04-29T17:29:58.226+0000] {override.py:1769} INFO - Created Permission View: can read on DAG:example_sla_dag
[2024-04-29T17:29:58.228+0000] {logging_mixin.py:188} INFO - [2024-04-29T17:29:58.227+0000] {dag.py:3047} INFO - Sync 1 DAGs
[2024-04-29T17:29:58.248+0000] {logging_mixin.py:188} INFO - [2024-04-29T17:29:58.247+0000] {dag.py:3069} INFO - Creating ORM DAG for example_sla_dag
[2024-04-29T17:29:58.287+0000] {logging_mixin.py:188} INFO - [2024-04-29T17:29:58.287+0000] {dag.py:3834} INFO - Setting next_dagrun for example_sla_dag to 2024-04-29 17:26:00+00:00, run_after=2024-04-29 17:28:00+00:00
[2024-04-29T17:29:58.344+0000] {processor.py:183} INFO - Processing /home/airflow/.local/lib/python3.8/site-packages/airflow/example_dags/example_sla_dag.py took 0.616 seconds
[2024-04-29T17:30:28.506+0000] {processor.py:161} INFO - Started process (PID=413) to work on /home/airflow/.local/lib/python3.8/site-packages/airflow/example_dags/example_sla_dag.py
[2024-04-29T17:30:28.507+0000] {processor.py:830} INFO - Processing file /home/airflow/.local/lib/python3.8/site-packages/airflow/example_dags/example_sla_dag.py for tasks to queue
[2024-04-29T17:30:28.508+0000] {logging_mixin.py:188} INFO - [2024-04-29T17:30:28.508+0000] {dagbag.py:540} INFO - Filling up the DagBag from /home/airflow/.local/lib/python3.8/site-packages/airflow/example_dags/example_sla_dag.py
[2024-04-29T17:30:28.519+0000] {processor.py:840} INFO - DAG(s) 'example_sla_dag' retrieved from /home/airflow/.local/lib/python3.8/site-packages/airflow/example_dags/example_sla_dag.py
[2024-04-29T17:30:28.552+0000] {logging_mixin.py:188} INFO - [2024-04-29T17:30:28.551+0000] {dag.py:3047} INFO - Sync 1 DAGs
[2024-04-29T17:30:28.585+0000] {logging_mixin.py:188} INFO - [2024-04-29T17:30:28.585+0000] {dag.py:3834} INFO - Setting next_dagrun for example_sla_dag to 2024-04-29 17:28:00+00:00, run_after=2024-04-29 17:30:00+00:00
[2024-04-29T17:30:28.669+0000] {processor.py:183} INFO - Processing /home/airflow/.local/lib/python3.8/site-packages/airflow/example_dags/example_sla_dag.py took 0.166 seconds
[2024-04-29T17:30:58.884+0000] {processor.py:161} INFO - Started process (PID=660) to work on /home/airflow/.local/lib/python3.8/site-packages/airflow/example_dags/example_sla_dag.py
[2024-04-29T17:30:58.885+0000] {processor.py:830} INFO - Processing file /home/airflow/.local/lib/python3.8/site-packages/airflow/example_dags/example_sla_dag.py for tasks to queue
[2024-04-29T17:30:58.885+0000] {logging_mixin.py:188} INFO - [2024-04-29T17:30:58.885+0000] {dagbag.py:540} INFO - Filling up the DagBag from /home/airflow/.local/lib/python3.8/site-packages/airflow/example_dags/example_sla_dag.py
[2024-04-29T17:30:58.895+0000] {processor.py:840} INFO - DAG(s) 'example_sla_dag' retrieved from /home/airflow/.local/lib/python3.8/site-packages/airflow/example_dags/example_sla_dag.py
[2024-04-29T17:30:58.915+0000] {logging_mixin.py:188} INFO - [2024-04-29T17:30:58.915+0000] {dag.py:3047} INFO - Sync 1 DAGs
[2024-04-29T17:30:58.945+0000] {logging_mixin.py:188} INFO - [2024-04-29T17:30:58.945+0000] {dag.py:3834} INFO - Setting next_dagrun for example_sla_dag to 2024-04-29 17:28:00+00:00, run_after=2024-04-29 17:30:00+00:00
[2024-04-29T17:30:58.970+0000] {processor.py:183} INFO - Processing /home/airflow/.local/lib/python3.8/site-packages/airflow/example_dags/example_sla_dag.py took 0.090 seconds
[2024-04-29T17:31:29.361+0000] {processor.py:161} INFO - Started process (PID=907) to work on /home/airflow/.local/lib/python3.8/site-packages/airflow/example_dags/example_sla_dag.py
[2024-04-29T17:31:29.367+0000] {processor.py:830} INFO - Processing file /home/airflow/.local/lib/python3.8/site-packages/airflow/example_dags/example_sla_dag.py for tasks to queue
[2024-04-29T17:31:29.374+0000] {logging_mixin.py:188} INFO - [2024-04-29T17:31:29.374+0000] {dagbag.py:540} INFO - Filling up the DagBag from /home/airflow/.local/lib/python3.8/site-packages/airflow/example_dags/example_sla_dag.py
[2024-04-29T17:31:29.410+0000] {processor.py:840} INFO - DAG(s) 'example_sla_dag' retrieved from /home/airflow/.local/lib/python3.8/site-packages/airflow/example_dags/example_sla_dag.py
[2024-04-29T17:31:29.444+0000] {logging_mixin.py:188} INFO - [2024-04-29T17:31:29.443+0000] {dag.py:3047} INFO - Sync 1 DAGs
[2024-04-29T17:31:29.475+0000] {logging_mixin.py:188} INFO - [2024-04-29T17:31:29.475+0000] {dag.py:3834} INFO - Setting next_dagrun for example_sla_dag to 2024-04-29 17:28:00+00:00, run_after=2024-04-29 17:30:00+00:00
[2024-04-29T17:31:29.498+0000] {processor.py:183} INFO - Processing /home/airflow/.local/lib/python3.8/site-packages/airflow/example_dags/example_sla_dag.py took 0.143 seconds
[2024-04-29T17:31:59.916+0000] {processor.py:161} INFO - Started process (PID=1155) to work on /home/airflow/.local/lib/python3.8/site-packages/airflow/example_dags/example_sla_dag.py
[2024-04-29T17:31:59.917+0000] {processor.py:830} INFO - Processing file /home/airflow/.local/lib/python3.8/site-packages/airflow/example_dags/example_sla_dag.py for tasks to queue
[2024-04-29T17:31:59.918+0000] {logging_mixin.py:188} INFO - [2024-04-29T17:31:59.917+0000] {dagbag.py:540} INFO - Filling up the DagBag from /home/airflow/.local/lib/python3.8/site-packages/airflow/example_dags/example_sla_dag.py
[2024-04-29T17:31:59.928+0000] {processor.py:840} INFO - DAG(s) 'example_sla_dag' retrieved from /home/airflow/.local/lib/python3.8/site-packages/airflow/example_dags/example_sla_dag.py
[2024-04-29T17:31:59.950+0000] {logging_mixin.py:188} INFO - [2024-04-29T17:31:59.949+0000] {dag.py:3047} INFO - Sync 1 DAGs
[2024-04-29T17:31:59.983+0000] {logging_mixin.py:188} INFO - [2024-04-29T17:31:59.983+0000] {dag.py:3834} INFO - Setting next_dagrun for example_sla_dag to 2024-04-29 17:28:00+00:00, run_after=2024-04-29 17:30:00+00:00
[2024-04-29T17:32:00.008+0000] {processor.py:183} INFO - Processing /home/airflow/.local/lib/python3.8/site-packages/airflow/example_dags/example_sla_dag.py took 0.096 seconds
[2024-04-29T17:32:30.119+0000] {processor.py:161} INFO - Started process (PID=1401) to work on /home/airflow/.local/lib/python3.8/site-packages/airflow/example_dags/example_sla_dag.py
[2024-04-29T17:32:30.120+0000] {processor.py:830} INFO - Processing file /home/airflow/.local/lib/python3.8/site-packages/airflow/example_dags/example_sla_dag.py for tasks to queue
[2024-04-29T17:32:30.121+0000] {logging_mixin.py:188} INFO - [2024-04-29T17:32:30.120+0000] {dagbag.py:540} INFO - Filling up the DagBag from /home/airflow/.local/lib/python3.8/site-packages/airflow/example_dags/example_sla_dag.py
[2024-04-29T17:32:30.139+0000] {processor.py:840} INFO - DAG(s) 'example_sla_dag' retrieved from /home/airflow/.local/lib/python3.8/site-packages/airflow/example_dags/example_sla_dag.py
[2024-04-29T17:32:30.229+0000] {logging_mixin.py:188} INFO - [2024-04-29T17:32:30.228+0000] {dag.py:3047} INFO - Sync 1 DAGs
[2024-04-29T17:32:30.282+0000] {logging_mixin.py:188} INFO - [2024-04-29T17:32:30.277+0000] {dag.py:3834} INFO - Setting next_dagrun for example_sla_dag to 2024-04-29 17:30:00+00:00, run_after=2024-04-29 17:32:00+00:00
[2024-04-29T17:32:30.329+0000] {processor.py:183} INFO - Processing /home/airflow/.local/lib/python3.8/site-packages/airflow/example_dags/example_sla_dag.py took 0.216 seconds
[2024-04-29T17:33:00.900+0000] {processor.py:161} INFO - Started process (PID=1651) to work on /home/airflow/.local/lib/python3.8/site-packages/airflow/example_dags/example_sla_dag.py
[2024-04-29T17:33:00.901+0000] {processor.py:830} INFO - Processing file /home/airflow/.local/lib/python3.8/site-packages/airflow/example_dags/example_sla_dag.py for tasks to queue
[2024-04-29T17:33:00.902+0000] {logging_mixin.py:188} INFO - [2024-04-29T17:33:00.902+0000] {dagbag.py:540} INFO - Filling up the DagBag from /home/airflow/.local/lib/python3.8/site-packages/airflow/example_dags/example_sla_dag.py
[2024-04-29T17:33:00.919+0000] {processor.py:840} INFO - DAG(s) 'example_sla_dag' retrieved from /home/airflow/.local/lib/python3.8/site-packages/airflow/example_dags/example_sla_dag.py
[2024-04-29T17:33:00.982+0000] {logging_mixin.py:188} INFO - [2024-04-29T17:33:00.982+0000] {dag.py:3047} INFO - Sync 1 DAGs
[2024-04-29T17:33:01.070+0000] {logging_mixin.py:188} INFO - [2024-04-29T17:33:01.070+0000] {dag.py:3834} INFO - Setting next_dagrun for example_sla_dag to 2024-04-29 17:30:00+00:00, run_after=2024-04-29 17:32:00+00:00
[2024-04-29T17:33:01.097+0000] {processor.py:183} INFO - Processing /home/airflow/.local/lib/python3.8/site-packages/airflow/example_dags/example_sla_dag.py took 0.216 seconds
[2024-04-29T17:33:31.502+0000] {processor.py:161} INFO - Started process (PID=1898) to work on /home/airflow/.local/lib/python3.8/site-packages/airflow/example_dags/example_sla_dag.py
[2024-04-29T17:33:31.503+0000] {processor.py:830} INFO - Processing file /home/airflow/.local/lib/python3.8/site-packages/airflow/example_dags/example_sla_dag.py for tasks to queue
[2024-04-29T17:33:31.504+0000] {logging_mixin.py:188} INFO - [2024-04-29T17:33:31.504+0000] {dagbag.py:540} INFO - Filling up the DagBag from /home/airflow/.local/lib/python3.8/site-packages/airflow/example_dags/example_sla_dag.py
[2024-04-29T17:33:31.515+0000] {processor.py:840} INFO - DAG(s) 'example_sla_dag' retrieved from /home/airflow/.local/lib/python3.8/site-packages/airflow/example_dags/example_sla_dag.py
[2024-04-29T17:33:31.535+0000] {logging_mixin.py:188} INFO - [2024-04-29T17:33:31.535+0000] {dag.py:3047} INFO - Sync 1 DAGs
[2024-04-29T17:33:31.566+0000] {logging_mixin.py:188} INFO - [2024-04-29T17:33:31.566+0000] {dag.py:3834} INFO - Setting next_dagrun for example_sla_dag to 2024-04-29 17:30:00+00:00, run_after=2024-04-29 17:32:00+00:00
[2024-04-29T17:33:31.593+0000] {processor.py:183} INFO - Processing /home/airflow/.local/lib/python3.8/site-packages/airflow/example_dags/example_sla_dag.py took 0.094 seconds
[2024-04-29T17:34:01.861+0000] {processor.py:161} INFO - Started process (PID=2144) to work on /home/airflow/.local/lib/python3.8/site-packages/airflow/example_dags/example_sla_dag.py
[2024-04-29T17:34:01.871+0000] {processor.py:830} INFO - Processing file /home/airflow/.local/lib/python3.8/site-packages/airflow/example_dags/example_sla_dag.py for tasks to queue
[2024-04-29T17:34:01.872+0000] {logging_mixin.py:188} INFO - [2024-04-29T17:34:01.871+0000] {dagbag.py:540} INFO - Filling up the DagBag from /home/airflow/.local/lib/python3.8/site-packages/airflow/example_dags/example_sla_dag.py
[2024-04-29T17:34:01.883+0000] {processor.py:840} INFO - DAG(s) 'example_sla_dag' retrieved from /home/airflow/.local/lib/python3.8/site-packages/airflow/example_dags/example_sla_dag.py
[2024-04-29T17:34:01.909+0000] {logging_mixin.py:188} INFO - [2024-04-29T17:34:01.908+0000] {dag.py:3047} INFO - Sync 1 DAGs
[2024-04-29T17:34:01.941+0000] {logging_mixin.py:188} INFO - [2024-04-29T17:34:01.940+0000] {dag.py:3834} INFO - Setting next_dagrun for example_sla_dag to 2024-04-29 17:32:00+00:00, run_after=2024-04-29 17:34:00+00:00
[2024-04-29T17:34:02.038+0000] {processor.py:183} INFO - Processing /home/airflow/.local/lib/python3.8/site-packages/airflow/example_dags/example_sla_dag.py took 0.181 seconds
[2024-04-29T17:34:32.612+0000] {processor.py:161} INFO - Started process (PID=2391) to work on /home/airflow/.local/lib/python3.8/site-packages/airflow/example_dags/example_sla_dag.py
[2024-04-29T17:34:32.613+0000] {processor.py:830} INFO - Processing file /home/airflow/.local/lib/python3.8/site-packages/airflow/example_dags/example_sla_dag.py for tasks to queue
[2024-04-29T17:34:32.615+0000] {logging_mixin.py:188} INFO - [2024-04-29T17:34:32.614+0000] {dagbag.py:540} INFO - Filling up the DagBag from /home/airflow/.local/lib/python3.8/site-packages/airflow/example_dags/example_sla_dag.py
[2024-04-29T17:34:32.626+0000] {processor.py:840} INFO - DAG(s) 'example_sla_dag' retrieved from /home/airflow/.local/lib/python3.8/site-packages/airflow/example_dags/example_sla_dag.py
[2024-04-29T17:34:32.671+0000] {logging_mixin.py:188} INFO - [2024-04-29T17:34:32.671+0000] {dag.py:3047} INFO - Sync 1 DAGs
[2024-04-29T17:34:32.706+0000] {logging_mixin.py:188} INFO - [2024-04-29T17:34:32.706+0000] {dag.py:3834} INFO - Setting next_dagrun for example_sla_dag to 2024-04-29 17:32:00+00:00, run_after=2024-04-29 17:34:00+00:00
[2024-04-29T17:34:32.748+0000] {processor.py:183} INFO - Processing /home/airflow/.local/lib/python3.8/site-packages/airflow/example_dags/example_sla_dag.py took 0.139 seconds
[2024-04-29T17:35:03.032+0000] {processor.py:161} INFO - Started process (PID=2638) to work on /home/airflow/.local/lib/python3.8/site-packages/airflow/example_dags/example_sla_dag.py
[2024-04-29T17:35:03.034+0000] {processor.py:830} INFO - Processing file /home/airflow/.local/lib/python3.8/site-packages/airflow/example_dags/example_sla_dag.py for tasks to queue
[2024-04-29T17:35:03.035+0000] {logging_mixin.py:188} INFO - [2024-04-29T17:35:03.034+0000] {dagbag.py:540} INFO - Filling up the DagBag from /home/airflow/.local/lib/python3.8/site-packages/airflow/example_dags/example_sla_dag.py
[2024-04-29T17:35:03.044+0000] {processor.py:840} INFO - DAG(s) 'example_sla_dag' retrieved from /home/airflow/.local/lib/python3.8/site-packages/airflow/example_dags/example_sla_dag.py
[2024-04-29T17:35:03.077+0000] {logging_mixin.py:188} INFO - [2024-04-29T17:35:03.077+0000] {dag.py:3047} INFO - Sync 1 DAGs
[2024-04-29T17:35:03.109+0000] {logging_mixin.py:188} INFO - [2024-04-29T17:35:03.108+0000] {dag.py:3834} INFO - Setting next_dagrun for example_sla_dag to 2024-04-29 17:32:00+00:00, run_after=2024-04-29 17:34:00+00:00
[2024-04-29T17:35:03.162+0000] {processor.py:183} INFO - Processing /home/airflow/.local/lib/python3.8/site-packages/airflow/example_dags/example_sla_dag.py took 0.133 seconds
[2024-04-29T17:35:33.874+0000] {processor.py:161} INFO - Started process (PID=2885) to work on /home/airflow/.local/lib/python3.8/site-packages/airflow/example_dags/example_sla_dag.py
[2024-04-29T17:35:33.880+0000] {processor.py:830} INFO - Processing file /home/airflow/.local/lib/python3.8/site-packages/airflow/example_dags/example_sla_dag.py for tasks to queue
[2024-04-29T17:35:33.881+0000] {logging_mixin.py:188} INFO - [2024-04-29T17:35:33.881+0000] {dagbag.py:540} INFO - Filling up the DagBag from /home/airflow/.local/lib/python3.8/site-packages/airflow/example_dags/example_sla_dag.py
[2024-04-29T17:35:33.897+0000] {processor.py:840} INFO - DAG(s) 'example_sla_dag' retrieved from /home/airflow/.local/lib/python3.8/site-packages/airflow/example_dags/example_sla_dag.py
[2024-04-29T17:35:33.940+0000] {logging_mixin.py:188} INFO - [2024-04-29T17:35:33.939+0000] {dag.py:3047} INFO - Sync 1 DAGs
[2024-04-29T17:35:33.993+0000] {logging_mixin.py:188} INFO - [2024-04-29T17:35:33.993+0000] {dag.py:3834} INFO - Setting next_dagrun for example_sla_dag to 2024-04-29 17:32:00+00:00, run_after=2024-04-29 17:34:00+00:00
[2024-04-29T17:35:34.054+0000] {processor.py:183} INFO - Processing /home/airflow/.local/lib/python3.8/site-packages/airflow/example_dags/example_sla_dag.py took 0.193 seconds
[2024-04-29T17:36:04.407+0000] {processor.py:161} INFO - Started process (PID=3134) to work on /home/airflow/.local/lib/python3.8/site-packages/airflow/example_dags/example_sla_dag.py
[2024-04-29T17:36:04.408+0000] {processor.py:830} INFO - Processing file /home/airflow/.local/lib/python3.8/site-packages/airflow/example_dags/example_sla_dag.py for tasks to queue
[2024-04-29T17:36:04.409+0000] {logging_mixin.py:188} INFO - [2024-04-29T17:36:04.408+0000] {dagbag.py:540} INFO - Filling up the DagBag from /home/airflow/.local/lib/python3.8/site-packages/airflow/example_dags/example_sla_dag.py
[2024-04-29T17:36:04.418+0000] {processor.py:840} INFO - DAG(s) 'example_sla_dag' retrieved from /home/airflow/.local/lib/python3.8/site-packages/airflow/example_dags/example_sla_dag.py
[2024-04-29T17:36:04.442+0000] {logging_mixin.py:188} INFO - [2024-04-29T17:36:04.442+0000] {dag.py:3047} INFO - Sync 1 DAGs
[2024-04-29T17:36:04.484+0000] {logging_mixin.py:188} INFO - [2024-04-29T17:36:04.484+0000] {dag.py:3834} INFO - Setting next_dagrun for example_sla_dag to 2024-04-29 17:34:00+00:00, run_after=2024-04-29 17:36:00+00:00
[2024-04-29T17:36:04.515+0000] {processor.py:183} INFO - Processing /home/airflow/.local/lib/python3.8/site-packages/airflow/example_dags/example_sla_dag.py took 0.112 seconds
[2024-04-29T17:36:34.934+0000] {processor.py:161} INFO - Started process (PID=3382) to work on /home/airflow/.local/lib/python3.8/site-packages/airflow/example_dags/example_sla_dag.py
[2024-04-29T17:36:34.935+0000] {processor.py:830} INFO - Processing file /home/airflow/.local/lib/python3.8/site-packages/airflow/example_dags/example_sla_dag.py for tasks to queue
[2024-04-29T17:36:34.936+0000] {logging_mixin.py:188} INFO - [2024-04-29T17:36:34.936+0000] {dagbag.py:540} INFO - Filling up the DagBag from /home/airflow/.local/lib/python3.8/site-packages/airflow/example_dags/example_sla_dag.py
[2024-04-29T17:36:34.948+0000] {processor.py:840} INFO - DAG(s) 'example_sla_dag' retrieved from /home/airflow/.local/lib/python3.8/site-packages/airflow/example_dags/example_sla_dag.py
[2024-04-29T17:36:34.972+0000] {logging_mixin.py:188} INFO - [2024-04-29T17:36:34.972+0000] {dag.py:3047} INFO - Sync 1 DAGs
[2024-04-29T17:36:35.004+0000] {logging_mixin.py:188} INFO - [2024-04-29T17:36:35.004+0000] {dag.py:3834} INFO - Setting next_dagrun for example_sla_dag to 2024-04-29 17:34:00+00:00, run_after=2024-04-29 17:36:00+00:00
[2024-04-29T17:36:35.035+0000] {processor.py:183} INFO - Processing /home/airflow/.local/lib/python3.8/site-packages/airflow/example_dags/example_sla_dag.py took 0.105 seconds
[2024-04-29T17:37:05.753+0000] {processor.py:161} INFO - Started process (PID=3659) to work on /home/airflow/.local/lib/python3.8/site-packages/airflow/example_dags/example_sla_dag.py
[2024-04-29T17:37:05.820+0000] {processor.py:830} INFO - Processing file /home/airflow/.local/lib/python3.8/site-packages/airflow/example_dags/example_sla_dag.py for tasks to queue
[2024-04-29T17:37:05.821+0000] {logging_mixin.py:188} INFO - [2024-04-29T17:37:05.820+0000] {dagbag.py:540} INFO - Filling up the DagBag from /home/airflow/.local/lib/python3.8/site-packages/airflow/example_dags/example_sla_dag.py
[2024-04-29T17:37:05.902+0000] {processor.py:840} INFO - DAG(s) 'example_sla_dag' retrieved from /home/airflow/.local/lib/python3.8/site-packages/airflow/example_dags/example_sla_dag.py
[2024-04-29T17:37:06.053+0000] {logging_mixin.py:188} INFO - [2024-04-29T17:37:06.053+0000] {dag.py:3047} INFO - Sync 1 DAGs
[2024-04-29T17:37:06.184+0000] {logging_mixin.py:188} INFO - [2024-04-29T17:37:06.183+0000] {dag.py:3834} INFO - Setting next_dagrun for example_sla_dag to 2024-04-29 17:34:00+00:00, run_after=2024-04-29 17:36:00+00:00
[2024-04-29T17:37:06.267+0000] {processor.py:183} INFO - Processing /home/airflow/.local/lib/python3.8/site-packages/airflow/example_dags/example_sla_dag.py took 0.521 seconds
[2024-04-29T17:37:36.429+0000] {processor.py:161} INFO - Started process (PID=3998) to work on /home/airflow/.local/lib/python3.8/site-packages/airflow/example_dags/example_sla_dag.py
[2024-04-29T17:37:36.435+0000] {processor.py:830} INFO - Processing file /home/airflow/.local/lib/python3.8/site-packages/airflow/example_dags/example_sla_dag.py for tasks to queue
[2024-04-29T17:37:36.442+0000] {logging_mixin.py:188} INFO - [2024-04-29T17:37:36.442+0000] {dagbag.py:540} INFO - Filling up the DagBag from /home/airflow/.local/lib/python3.8/site-packages/airflow/example_dags/example_sla_dag.py
[2024-04-29T17:37:36.473+0000] {processor.py:840} INFO - DAG(s) 'example_sla_dag' retrieved from /home/airflow/.local/lib/python3.8/site-packages/airflow/example_dags/example_sla_dag.py
[2024-04-29T17:37:36.526+0000] {logging_mixin.py:188} INFO - [2024-04-29T17:37:36.526+0000] {dag.py:3047} INFO - Sync 1 DAGs
[2024-04-29T17:37:36.559+0000] {logging_mixin.py:188} INFO - [2024-04-29T17:37:36.559+0000] {dag.py:3834} INFO - Setting next_dagrun for example_sla_dag to 2024-04-29 17:34:00+00:00, run_after=2024-04-29 17:36:00+00:00
[2024-04-29T17:37:36.602+0000] {processor.py:183} INFO - Processing /home/airflow/.local/lib/python3.8/site-packages/airflow/example_dags/example_sla_dag.py took 0.186 seconds
[2024-04-29T17:38:07.074+0000] {processor.py:161} INFO - Started process (PID=4267) to work on /home/airflow/.local/lib/python3.8/site-packages/airflow/example_dags/example_sla_dag.py
[2024-04-29T17:38:07.075+0000] {processor.py:830} INFO - Processing file /home/airflow/.local/lib/python3.8/site-packages/airflow/example_dags/example_sla_dag.py for tasks to queue
[2024-04-29T17:38:07.076+0000] {logging_mixin.py:188} INFO - [2024-04-29T17:38:07.075+0000] {dagbag.py:540} INFO - Filling up the DagBag from /home/airflow/.local/lib/python3.8/site-packages/airflow/example_dags/example_sla_dag.py
[2024-04-29T17:38:07.082+0000] {processor.py:840} INFO - DAG(s) 'example_sla_dag' retrieved from /home/airflow/.local/lib/python3.8/site-packages/airflow/example_dags/example_sla_dag.py
[2024-04-29T17:38:07.099+0000] {logging_mixin.py:188} INFO - [2024-04-29T17:38:07.098+0000] {dag.py:3047} INFO - Sync 1 DAGs
[2024-04-29T17:38:07.119+0000] {logging_mixin.py:188} INFO - [2024-04-29T17:38:07.119+0000] {dag.py:3834} INFO - Setting next_dagrun for example_sla_dag to 2024-04-29 17:36:00+00:00, run_after=2024-04-29 17:38:00+00:00
[2024-04-29T17:38:07.138+0000] {processor.py:183} INFO - Processing /home/airflow/.local/lib/python3.8/site-packages/airflow/example_dags/example_sla_dag.py took 0.066 seconds
[2024-04-29T17:38:37.385+0000] {processor.py:161} INFO - Started process (PID=4515) to work on /home/airflow/.local/lib/python3.8/site-packages/airflow/example_dags/example_sla_dag.py
[2024-04-29T17:38:37.386+0000] {processor.py:830} INFO - Processing file /home/airflow/.local/lib/python3.8/site-packages/airflow/example_dags/example_sla_dag.py for tasks to queue
[2024-04-29T17:38:37.387+0000] {logging_mixin.py:188} INFO - [2024-04-29T17:38:37.387+0000] {dagbag.py:540} INFO - Filling up the DagBag from /home/airflow/.local/lib/python3.8/site-packages/airflow/example_dags/example_sla_dag.py
[2024-04-29T17:38:37.394+0000] {processor.py:840} INFO - DAG(s) 'example_sla_dag' retrieved from /home/airflow/.local/lib/python3.8/site-packages/airflow/example_dags/example_sla_dag.py
[2024-04-29T17:38:37.410+0000] {logging_mixin.py:188} INFO - [2024-04-29T17:38:37.409+0000] {dag.py:3047} INFO - Sync 1 DAGs
[2024-04-29T17:38:37.430+0000] {logging_mixin.py:188} INFO - [2024-04-29T17:38:37.430+0000] {dag.py:3834} INFO - Setting next_dagrun for example_sla_dag to 2024-04-29 17:36:00+00:00, run_after=2024-04-29 17:38:00+00:00
[2024-04-29T17:38:37.450+0000] {processor.py:183} INFO - Processing /home/airflow/.local/lib/python3.8/site-packages/airflow/example_dags/example_sla_dag.py took 0.067 seconds
[2024-04-29T17:39:07.670+0000] {processor.py:161} INFO - Started process (PID=4762) to work on /home/airflow/.local/lib/python3.8/site-packages/airflow/example_dags/example_sla_dag.py
[2024-04-29T17:39:07.671+0000] {processor.py:830} INFO - Processing file /home/airflow/.local/lib/python3.8/site-packages/airflow/example_dags/example_sla_dag.py for tasks to queue
[2024-04-29T17:39:07.672+0000] {logging_mixin.py:188} INFO - [2024-04-29T17:39:07.672+0000] {dagbag.py:540} INFO - Filling up the DagBag from /home/airflow/.local/lib/python3.8/site-packages/airflow/example_dags/example_sla_dag.py
[2024-04-29T17:39:07.679+0000] {processor.py:840} INFO - DAG(s) 'example_sla_dag' retrieved from /home/airflow/.local/lib/python3.8/site-packages/airflow/example_dags/example_sla_dag.py
[2024-04-29T17:39:07.695+0000] {logging_mixin.py:188} INFO - [2024-04-29T17:39:07.695+0000] {dag.py:3047} INFO - Sync 1 DAGs
[2024-04-29T17:39:07.716+0000] {logging_mixin.py:188} INFO - [2024-04-29T17:39:07.715+0000] {dag.py:3834} INFO - Setting next_dagrun for example_sla_dag to 2024-04-29 17:36:00+00:00, run_after=2024-04-29 17:38:00+00:00
[2024-04-29T17:39:07.737+0000] {processor.py:183} INFO - Processing /home/airflow/.local/lib/python3.8/site-packages/airflow/example_dags/example_sla_dag.py took 0.070 seconds
[2024-04-29T17:39:38.324+0000] {processor.py:161} INFO - Started process (PID=5009) to work on /home/airflow/.local/lib/python3.8/site-packages/airflow/example_dags/example_sla_dag.py
[2024-04-29T17:39:38.324+0000] {processor.py:830} INFO - Processing file /home/airflow/.local/lib/python3.8/site-packages/airflow/example_dags/example_sla_dag.py for tasks to queue
[2024-04-29T17:39:38.325+0000] {logging_mixin.py:188} INFO - [2024-04-29T17:39:38.325+0000] {dagbag.py:540} INFO - Filling up the DagBag from /home/airflow/.local/lib/python3.8/site-packages/airflow/example_dags/example_sla_dag.py
[2024-04-29T17:39:38.332+0000] {processor.py:840} INFO - DAG(s) 'example_sla_dag' retrieved from /home/airflow/.local/lib/python3.8/site-packages/airflow/example_dags/example_sla_dag.py
[2024-04-29T17:39:38.348+0000] {logging_mixin.py:188} INFO - [2024-04-29T17:39:38.348+0000] {dag.py:3047} INFO - Sync 1 DAGs
[2024-04-29T17:39:38.368+0000] {logging_mixin.py:188} INFO - [2024-04-29T17:39:38.368+0000] {dag.py:3834} INFO - Setting next_dagrun for example_sla_dag to 2024-04-29 17:36:00+00:00, run_after=2024-04-29 17:38:00+00:00
[2024-04-29T17:39:38.390+0000] {processor.py:183} INFO - Processing /home/airflow/.local/lib/python3.8/site-packages/airflow/example_dags/example_sla_dag.py took 0.069 seconds
[2024-04-29T17:40:09.067+0000] {processor.py:161} INFO - Started process (PID=5255) to work on /home/airflow/.local/lib/python3.8/site-packages/airflow/example_dags/example_sla_dag.py
[2024-04-29T17:40:09.068+0000] {processor.py:830} INFO - Processing file /home/airflow/.local/lib/python3.8/site-packages/airflow/example_dags/example_sla_dag.py for tasks to queue
[2024-04-29T17:40:09.069+0000] {logging_mixin.py:188} INFO - [2024-04-29T17:40:09.068+0000] {dagbag.py:540} INFO - Filling up the DagBag from /home/airflow/.local/lib/python3.8/site-packages/airflow/example_dags/example_sla_dag.py
[2024-04-29T17:40:09.075+0000] {processor.py:840} INFO - DAG(s) 'example_sla_dag' retrieved from /home/airflow/.local/lib/python3.8/site-packages/airflow/example_dags/example_sla_dag.py
[2024-04-29T17:40:09.091+0000] {logging_mixin.py:188} INFO - [2024-04-29T17:40:09.091+0000] {dag.py:3047} INFO - Sync 1 DAGs
[2024-04-29T17:40:09.112+0000] {logging_mixin.py:188} INFO - [2024-04-29T17:40:09.112+0000] {dag.py:3834} INFO - Setting next_dagrun for example_sla_dag to 2024-04-29 17:38:00+00:00, run_after=2024-04-29 17:40:00+00:00
[2024-04-29T17:40:09.134+0000] {processor.py:183} INFO - Processing /home/airflow/.local/lib/python3.8/site-packages/airflow/example_dags/example_sla_dag.py took 0.070 seconds
[2024-04-29T17:40:39.577+0000] {processor.py:161} INFO - Started process (PID=5502) to work on /home/airflow/.local/lib/python3.8/site-packages/airflow/example_dags/example_sla_dag.py
[2024-04-29T17:40:39.578+0000] {processor.py:830} INFO - Processing file /home/airflow/.local/lib/python3.8/site-packages/airflow/example_dags/example_sla_dag.py for tasks to queue
[2024-04-29T17:40:39.579+0000] {logging_mixin.py:188} INFO - [2024-04-29T17:40:39.579+0000] {dagbag.py:540} INFO - Filling up the DagBag from /home/airflow/.local/lib/python3.8/site-packages/airflow/example_dags/example_sla_dag.py
[2024-04-29T17:40:39.588+0000] {processor.py:840} INFO - DAG(s) 'example_sla_dag' retrieved from /home/airflow/.local/lib/python3.8/site-packages/airflow/example_dags/example_sla_dag.py
[2024-04-29T17:40:39.604+0000] {logging_mixin.py:188} INFO - [2024-04-29T17:40:39.604+0000] {dag.py:3047} INFO - Sync 1 DAGs
[2024-04-29T17:40:39.624+0000] {logging_mixin.py:188} INFO - [2024-04-29T17:40:39.624+0000] {dag.py:3834} INFO - Setting next_dagrun for example_sla_dag to 2024-04-29 17:38:00+00:00, run_after=2024-04-29 17:40:00+00:00
[2024-04-29T17:40:39.647+0000] {processor.py:183} INFO - Processing /home/airflow/.local/lib/python3.8/site-packages/airflow/example_dags/example_sla_dag.py took 0.074 seconds
[2024-04-29T17:41:09.782+0000] {processor.py:161} INFO - Started process (PID=5749) to work on /home/airflow/.local/lib/python3.8/site-packages/airflow/example_dags/example_sla_dag.py
[2024-04-29T17:41:09.782+0000] {processor.py:830} INFO - Processing file /home/airflow/.local/lib/python3.8/site-packages/airflow/example_dags/example_sla_dag.py for tasks to queue
[2024-04-29T17:41:09.783+0000] {logging_mixin.py:188} INFO - [2024-04-29T17:41:09.783+0000] {dagbag.py:540} INFO - Filling up the DagBag from /home/airflow/.local/lib/python3.8/site-packages/airflow/example_dags/example_sla_dag.py
[2024-04-29T17:41:09.790+0000] {processor.py:840} INFO - DAG(s) 'example_sla_dag' retrieved from /home/airflow/.local/lib/python3.8/site-packages/airflow/example_dags/example_sla_dag.py
[2024-04-29T17:41:09.806+0000] {logging_mixin.py:188} INFO - [2024-04-29T17:41:09.806+0000] {dag.py:3047} INFO - Sync 1 DAGs
[2024-04-29T17:41:09.825+0000] {logging_mixin.py:188} INFO - [2024-04-29T17:41:09.825+0000] {dag.py:3834} INFO - Setting next_dagrun for example_sla_dag to 2024-04-29 17:38:00+00:00, run_after=2024-04-29 17:40:00+00:00
[2024-04-29T17:41:09.845+0000] {processor.py:183} INFO - Processing /home/airflow/.local/lib/python3.8/site-packages/airflow/example_dags/example_sla_dag.py took 0.066 seconds
[2024-04-29T17:41:40.042+0000] {processor.py:161} INFO - Started process (PID=5996) to work on /home/airflow/.local/lib/python3.8/site-packages/airflow/example_dags/example_sla_dag.py
[2024-04-29T17:41:40.043+0000] {processor.py:830} INFO - Processing file /home/airflow/.local/lib/python3.8/site-packages/airflow/example_dags/example_sla_dag.py for tasks to queue
[2024-04-29T17:41:40.044+0000] {logging_mixin.py:188} INFO - [2024-04-29T17:41:40.043+0000] {dagbag.py:540} INFO - Filling up the DagBag from /home/airflow/.local/lib/python3.8/site-packages/airflow/example_dags/example_sla_dag.py
[2024-04-29T17:41:40.050+0000] {processor.py:840} INFO - DAG(s) 'example_sla_dag' retrieved from /home/airflow/.local/lib/python3.8/site-packages/airflow/example_dags/example_sla_dag.py
[2024-04-29T17:41:40.066+0000] {logging_mixin.py:188} INFO - [2024-04-29T17:41:40.066+0000] {dag.py:3047} INFO - Sync 1 DAGs
[2024-04-29T17:41:40.086+0000] {logging_mixin.py:188} INFO - [2024-04-29T17:41:40.085+0000] {dag.py:3834} INFO - Setting next_dagrun for example_sla_dag to 2024-04-29 17:38:00+00:00, run_after=2024-04-29 17:40:00+00:00
[2024-04-29T17:41:40.106+0000] {processor.py:183} INFO - Processing /home/airflow/.local/lib/python3.8/site-packages/airflow/example_dags/example_sla_dag.py took 0.066 seconds
[2024-04-29T17:42:10.357+0000] {processor.py:161} INFO - Started process (PID=6243) to work on /home/airflow/.local/lib/python3.8/site-packages/airflow/example_dags/example_sla_dag.py
[2024-04-29T17:42:10.358+0000] {processor.py:830} INFO - Processing file /home/airflow/.local/lib/python3.8/site-packages/airflow/example_dags/example_sla_dag.py for tasks to queue
[2024-04-29T17:42:10.358+0000] {logging_mixin.py:188} INFO - [2024-04-29T17:42:10.358+0000] {dagbag.py:540} INFO - Filling up the DagBag from /home/airflow/.local/lib/python3.8/site-packages/airflow/example_dags/example_sla_dag.py
[2024-04-29T17:42:10.366+0000] {processor.py:840} INFO - DAG(s) 'example_sla_dag' retrieved from /home/airflow/.local/lib/python3.8/site-packages/airflow/example_dags/example_sla_dag.py
[2024-04-29T17:42:10.381+0000] {logging_mixin.py:188} INFO - [2024-04-29T17:42:10.381+0000] {dag.py:3047} INFO - Sync 1 DAGs
[2024-04-29T17:42:10.401+0000] {logging_mixin.py:188} INFO - [2024-04-29T17:42:10.401+0000] {dag.py:3834} INFO - Setting next_dagrun for example_sla_dag to 2024-04-29 17:40:00+00:00, run_after=2024-04-29 17:42:00+00:00
[2024-04-29T17:42:10.421+0000] {processor.py:183} INFO - Processing /home/airflow/.local/lib/python3.8/site-packages/airflow/example_dags/example_sla_dag.py took 0.066 seconds
[2024-04-29T17:42:40.859+0000] {processor.py:161} INFO - Started process (PID=6490) to work on /home/airflow/.local/lib/python3.8/site-packages/airflow/example_dags/example_sla_dag.py
[2024-04-29T17:42:40.860+0000] {processor.py:830} INFO - Processing file /home/airflow/.local/lib/python3.8/site-packages/airflow/example_dags/example_sla_dag.py for tasks to queue
[2024-04-29T17:42:40.861+0000] {logging_mixin.py:188} INFO - [2024-04-29T17:42:40.860+0000] {dagbag.py:540} INFO - Filling up the DagBag from /home/airflow/.local/lib/python3.8/site-packages/airflow/example_dags/example_sla_dag.py
[2024-04-29T17:42:40.867+0000] {processor.py:840} INFO - DAG(s) 'example_sla_dag' retrieved from /home/airflow/.local/lib/python3.8/site-packages/airflow/example_dags/example_sla_dag.py
[2024-04-29T17:42:40.884+0000] {logging_mixin.py:188} INFO - [2024-04-29T17:42:40.884+0000] {dag.py:3047} INFO - Sync 1 DAGs
[2024-04-29T17:42:40.903+0000] {logging_mixin.py:188} INFO - [2024-04-29T17:42:40.903+0000] {dag.py:3834} INFO - Setting next_dagrun for example_sla_dag to 2024-04-29 17:40:00+00:00, run_after=2024-04-29 17:42:00+00:00
[2024-04-29T17:42:40.923+0000] {processor.py:183} INFO - Processing /home/airflow/.local/lib/python3.8/site-packages/airflow/example_dags/example_sla_dag.py took 0.066 seconds
[2024-04-29T17:43:11.049+0000] {processor.py:161} INFO - Started process (PID=6737) to work on /home/airflow/.local/lib/python3.8/site-packages/airflow/example_dags/example_sla_dag.py
[2024-04-29T17:43:11.050+0000] {processor.py:830} INFO - Processing file /home/airflow/.local/lib/python3.8/site-packages/airflow/example_dags/example_sla_dag.py for tasks to queue
[2024-04-29T17:43:11.051+0000] {logging_mixin.py:188} INFO - [2024-04-29T17:43:11.051+0000] {dagbag.py:540} INFO - Filling up the DagBag from /home/airflow/.local/lib/python3.8/site-packages/airflow/example_dags/example_sla_dag.py
[2024-04-29T17:43:11.058+0000] {processor.py:840} INFO - DAG(s) 'example_sla_dag' retrieved from /home/airflow/.local/lib/python3.8/site-packages/airflow/example_dags/example_sla_dag.py
[2024-04-29T17:43:11.074+0000] {logging_mixin.py:188} INFO - [2024-04-29T17:43:11.074+0000] {dag.py:3047} INFO - Sync 1 DAGs
[2024-04-29T17:43:11.097+0000] {logging_mixin.py:188} INFO - [2024-04-29T17:43:11.097+0000] {dag.py:3834} INFO - Setting next_dagrun for example_sla_dag to 2024-04-29 17:40:00+00:00, run_after=2024-04-29 17:42:00+00:00
[2024-04-29T17:43:11.118+0000] {processor.py:183} INFO - Processing /home/airflow/.local/lib/python3.8/site-packages/airflow/example_dags/example_sla_dag.py took 0.071 seconds
[2024-04-29T17:43:41.315+0000] {processor.py:161} INFO - Started process (PID=6984) to work on /home/airflow/.local/lib/python3.8/site-packages/airflow/example_dags/example_sla_dag.py
[2024-04-29T17:43:41.316+0000] {processor.py:830} INFO - Processing file /home/airflow/.local/lib/python3.8/site-packages/airflow/example_dags/example_sla_dag.py for tasks to queue
[2024-04-29T17:43:41.316+0000] {logging_mixin.py:188} INFO - [2024-04-29T17:43:41.316+0000] {dagbag.py:540} INFO - Filling up the DagBag from /home/airflow/.local/lib/python3.8/site-packages/airflow/example_dags/example_sla_dag.py
[2024-04-29T17:43:41.323+0000] {processor.py:840} INFO - DAG(s) 'example_sla_dag' retrieved from /home/airflow/.local/lib/python3.8/site-packages/airflow/example_dags/example_sla_dag.py
[2024-04-29T17:43:41.340+0000] {logging_mixin.py:188} INFO - [2024-04-29T17:43:41.339+0000] {dag.py:3047} INFO - Sync 1 DAGs
[2024-04-29T17:43:41.360+0000] {logging_mixin.py:188} INFO - [2024-04-29T17:43:41.360+0000] {dag.py:3834} INFO - Setting next_dagrun for example_sla_dag to 2024-04-29 17:40:00+00:00, run_after=2024-04-29 17:42:00+00:00
[2024-04-29T17:43:41.381+0000] {processor.py:183} INFO - Processing /home/airflow/.local/lib/python3.8/site-packages/airflow/example_dags/example_sla_dag.py took 0.069 seconds
[2024-04-29T17:44:11.573+0000] {processor.py:161} INFO - Started process (PID=7231) to work on /home/airflow/.local/lib/python3.8/site-packages/airflow/example_dags/example_sla_dag.py
[2024-04-29T17:44:11.573+0000] {processor.py:830} INFO - Processing file /home/airflow/.local/lib/python3.8/site-packages/airflow/example_dags/example_sla_dag.py for tasks to queue
[2024-04-29T17:44:11.574+0000] {logging_mixin.py:188} INFO - [2024-04-29T17:44:11.574+0000] {dagbag.py:540} INFO - Filling up the DagBag from /home/airflow/.local/lib/python3.8/site-packages/airflow/example_dags/example_sla_dag.py
[2024-04-29T17:44:11.581+0000] {processor.py:840} INFO - DAG(s) 'example_sla_dag' retrieved from /home/airflow/.local/lib/python3.8/site-packages/airflow/example_dags/example_sla_dag.py
[2024-04-29T17:44:11.597+0000] {logging_mixin.py:188} INFO - [2024-04-29T17:44:11.597+0000] {dag.py:3047} INFO - Sync 1 DAGs
[2024-04-29T17:44:11.617+0000] {logging_mixin.py:188} INFO - [2024-04-29T17:44:11.617+0000] {dag.py:3834} INFO - Setting next_dagrun for example_sla_dag to 2024-04-29 17:42:00+00:00, run_after=2024-04-29 17:44:00+00:00
[2024-04-29T17:44:11.636+0000] {processor.py:183} INFO - Processing /home/airflow/.local/lib/python3.8/site-packages/airflow/example_dags/example_sla_dag.py took 0.066 seconds
[2024-04-29T17:44:41.884+0000] {processor.py:161} INFO - Started process (PID=7478) to work on /home/airflow/.local/lib/python3.8/site-packages/airflow/example_dags/example_sla_dag.py
[2024-04-29T17:44:41.885+0000] {processor.py:830} INFO - Processing file /home/airflow/.local/lib/python3.8/site-packages/airflow/example_dags/example_sla_dag.py for tasks to queue
[2024-04-29T17:44:41.887+0000] {logging_mixin.py:188} INFO - [2024-04-29T17:44:41.886+0000] {dagbag.py:540} INFO - Filling up the DagBag from /home/airflow/.local/lib/python3.8/site-packages/airflow/example_dags/example_sla_dag.py
[2024-04-29T17:44:41.899+0000] {processor.py:840} INFO - DAG(s) 'example_sla_dag' retrieved from /home/airflow/.local/lib/python3.8/site-packages/airflow/example_dags/example_sla_dag.py
[2024-04-29T17:44:41.931+0000] {logging_mixin.py:188} INFO - [2024-04-29T17:44:41.931+0000] {dag.py:3047} INFO - Sync 1 DAGs
[2024-04-29T17:44:41.957+0000] {logging_mixin.py:188} INFO - [2024-04-29T17:44:41.957+0000] {dag.py:3834} INFO - Setting next_dagrun for example_sla_dag to 2024-04-29 17:42:00+00:00, run_after=2024-04-29 17:44:00+00:00
[2024-04-29T17:44:41.981+0000] {processor.py:183} INFO - Processing /home/airflow/.local/lib/python3.8/site-packages/airflow/example_dags/example_sla_dag.py took 0.103 seconds
[2024-04-29T17:45:12.416+0000] {processor.py:161} INFO - Started process (PID=7725) to work on /home/airflow/.local/lib/python3.8/site-packages/airflow/example_dags/example_sla_dag.py
[2024-04-29T17:45:12.417+0000] {processor.py:830} INFO - Processing file /home/airflow/.local/lib/python3.8/site-packages/airflow/example_dags/example_sla_dag.py for tasks to queue
[2024-04-29T17:45:12.418+0000] {logging_mixin.py:188} INFO - [2024-04-29T17:45:12.418+0000] {dagbag.py:540} INFO - Filling up the DagBag from /home/airflow/.local/lib/python3.8/site-packages/airflow/example_dags/example_sla_dag.py
[2024-04-29T17:45:12.425+0000] {processor.py:840} INFO - DAG(s) 'example_sla_dag' retrieved from /home/airflow/.local/lib/python3.8/site-packages/airflow/example_dags/example_sla_dag.py
[2024-04-29T17:45:12.441+0000] {logging_mixin.py:188} INFO - [2024-04-29T17:45:12.441+0000] {dag.py:3047} INFO - Sync 1 DAGs
[2024-04-29T17:45:12.461+0000] {logging_mixin.py:188} INFO - [2024-04-29T17:45:12.460+0000] {dag.py:3834} INFO - Setting next_dagrun for example_sla_dag to 2024-04-29 17:42:00+00:00, run_after=2024-04-29 17:44:00+00:00
[2024-04-29T17:45:12.480+0000] {processor.py:183} INFO - Processing /home/airflow/.local/lib/python3.8/site-packages/airflow/example_dags/example_sla_dag.py took 0.066 seconds
[2024-04-29T17:45:42.779+0000] {processor.py:161} INFO - Started process (PID=7973) to work on /home/airflow/.local/lib/python3.8/site-packages/airflow/example_dags/example_sla_dag.py
[2024-04-29T17:45:42.779+0000] {processor.py:830} INFO - Processing file /home/airflow/.local/lib/python3.8/site-packages/airflow/example_dags/example_sla_dag.py for tasks to queue
[2024-04-29T17:45:42.780+0000] {logging_mixin.py:188} INFO - [2024-04-29T17:45:42.780+0000] {dagbag.py:540} INFO - Filling up the DagBag from /home/airflow/.local/lib/python3.8/site-packages/airflow/example_dags/example_sla_dag.py
[2024-04-29T17:45:42.787+0000] {processor.py:840} INFO - DAG(s) 'example_sla_dag' retrieved from /home/airflow/.local/lib/python3.8/site-packages/airflow/example_dags/example_sla_dag.py
[2024-04-29T17:45:42.803+0000] {logging_mixin.py:188} INFO - [2024-04-29T17:45:42.803+0000] {dag.py:3047} INFO - Sync 1 DAGs
[2024-04-29T17:45:42.824+0000] {logging_mixin.py:188} INFO - [2024-04-29T17:45:42.823+0000] {dag.py:3834} INFO - Setting next_dagrun for example_sla_dag to 2024-04-29 17:42:00+00:00, run_after=2024-04-29 17:44:00+00:00
[2024-04-29T17:45:42.847+0000] {processor.py:183} INFO - Processing /home/airflow/.local/lib/python3.8/site-packages/airflow/example_dags/example_sla_dag.py took 0.071 seconds
[2024-04-29T17:46:13.152+0000] {processor.py:161} INFO - Started process (PID=8221) to work on /home/airflow/.local/lib/python3.8/site-packages/airflow/example_dags/example_sla_dag.py
[2024-04-29T17:46:13.153+0000] {processor.py:830} INFO - Processing file /home/airflow/.local/lib/python3.8/site-packages/airflow/example_dags/example_sla_dag.py for tasks to queue
[2024-04-29T17:46:13.155+0000] {logging_mixin.py:188} INFO - [2024-04-29T17:46:13.154+0000] {dagbag.py:540} INFO - Filling up the DagBag from /home/airflow/.local/lib/python3.8/site-packages/airflow/example_dags/example_sla_dag.py
[2024-04-29T17:46:13.163+0000] {processor.py:840} INFO - DAG(s) 'example_sla_dag' retrieved from /home/airflow/.local/lib/python3.8/site-packages/airflow/example_dags/example_sla_dag.py
[2024-04-29T17:46:13.179+0000] {logging_mixin.py:188} INFO - [2024-04-29T17:46:13.179+0000] {dag.py:3047} INFO - Sync 1 DAGs
[2024-04-29T17:46:13.198+0000] {logging_mixin.py:188} INFO - [2024-04-29T17:46:13.198+0000] {dag.py:3834} INFO - Setting next_dagrun for example_sla_dag to 2024-04-29 17:44:00+00:00, run_after=2024-04-29 17:46:00+00:00
[2024-04-29T17:46:13.219+0000] {processor.py:183} INFO - Processing /home/airflow/.local/lib/python3.8/site-packages/airflow/example_dags/example_sla_dag.py took 0.070 seconds
[2024-04-29T17:46:43.397+0000] {processor.py:161} INFO - Started process (PID=8469) to work on /home/airflow/.local/lib/python3.8/site-packages/airflow/example_dags/example_sla_dag.py
[2024-04-29T17:46:43.398+0000] {processor.py:830} INFO - Processing file /home/airflow/.local/lib/python3.8/site-packages/airflow/example_dags/example_sla_dag.py for tasks to queue
[2024-04-29T17:46:43.400+0000] {logging_mixin.py:188} INFO - [2024-04-29T17:46:43.399+0000] {dagbag.py:540} INFO - Filling up the DagBag from /home/airflow/.local/lib/python3.8/site-packages/airflow/example_dags/example_sla_dag.py
[2024-04-29T17:46:43.410+0000] {processor.py:840} INFO - DAG(s) 'example_sla_dag' retrieved from /home/airflow/.local/lib/python3.8/site-packages/airflow/example_dags/example_sla_dag.py
[2024-04-29T17:46:43.430+0000] {logging_mixin.py:188} INFO - [2024-04-29T17:46:43.430+0000] {dag.py:3047} INFO - Sync 1 DAGs
[2024-04-29T17:46:43.458+0000] {logging_mixin.py:188} INFO - [2024-04-29T17:46:43.458+0000] {dag.py:3834} INFO - Setting next_dagrun for example_sla_dag to 2024-04-29 17:44:00+00:00, run_after=2024-04-29 17:46:00+00:00
[2024-04-29T17:46:43.478+0000] {processor.py:183} INFO - Processing /home/airflow/.local/lib/python3.8/site-packages/airflow/example_dags/example_sla_dag.py took 0.085 seconds
[2024-04-29T17:47:14.091+0000] {processor.py:161} INFO - Started process (PID=8716) to work on /home/airflow/.local/lib/python3.8/site-packages/airflow/example_dags/example_sla_dag.py
[2024-04-29T17:47:14.092+0000] {processor.py:830} INFO - Processing file /home/airflow/.local/lib/python3.8/site-packages/airflow/example_dags/example_sla_dag.py for tasks to queue
[2024-04-29T17:47:14.093+0000] {logging_mixin.py:188} INFO - [2024-04-29T17:47:14.092+0000] {dagbag.py:540} INFO - Filling up the DagBag from /home/airflow/.local/lib/python3.8/site-packages/airflow/example_dags/example_sla_dag.py
[2024-04-29T17:47:14.099+0000] {processor.py:840} INFO - DAG(s) 'example_sla_dag' retrieved from /home/airflow/.local/lib/python3.8/site-packages/airflow/example_dags/example_sla_dag.py
[2024-04-29T17:47:14.116+0000] {logging_mixin.py:188} INFO - [2024-04-29T17:47:14.116+0000] {dag.py:3047} INFO - Sync 1 DAGs
[2024-04-29T17:47:14.136+0000] {logging_mixin.py:188} INFO - [2024-04-29T17:47:14.136+0000] {dag.py:3834} INFO - Setting next_dagrun for example_sla_dag to 2024-04-29 17:44:00+00:00, run_after=2024-04-29 17:46:00+00:00
[2024-04-29T17:47:14.155+0000] {processor.py:183} INFO - Processing /home/airflow/.local/lib/python3.8/site-packages/airflow/example_dags/example_sla_dag.py took 0.067 seconds
[2024-04-29T17:47:44.479+0000] {processor.py:161} INFO - Started process (PID=8964) to work on /home/airflow/.local/lib/python3.8/site-packages/airflow/example_dags/example_sla_dag.py
[2024-04-29T17:47:44.480+0000] {processor.py:830} INFO - Processing file /home/airflow/.local/lib/python3.8/site-packages/airflow/example_dags/example_sla_dag.py for tasks to queue
[2024-04-29T17:47:44.481+0000] {logging_mixin.py:188} INFO - [2024-04-29T17:47:44.481+0000] {dagbag.py:540} INFO - Filling up the DagBag from /home/airflow/.local/lib/python3.8/site-packages/airflow/example_dags/example_sla_dag.py
[2024-04-29T17:47:44.488+0000] {processor.py:840} INFO - DAG(s) 'example_sla_dag' retrieved from /home/airflow/.local/lib/python3.8/site-packages/airflow/example_dags/example_sla_dag.py
[2024-04-29T17:47:44.504+0000] {logging_mixin.py:188} INFO - [2024-04-29T17:47:44.503+0000] {dag.py:3047} INFO - Sync 1 DAGs
[2024-04-29T17:47:44.526+0000] {logging_mixin.py:188} INFO - [2024-04-29T17:47:44.526+0000] {dag.py:3834} INFO - Setting next_dagrun for example_sla_dag to 2024-04-29 17:44:00+00:00, run_after=2024-04-29 17:46:00+00:00
[2024-04-29T17:47:44.557+0000] {processor.py:183} INFO - Processing /home/airflow/.local/lib/python3.8/site-packages/airflow/example_dags/example_sla_dag.py took 0.081 seconds
