[2024-04-29T17:29:59.613+0000] {processor.py:161} INFO - Started process (PID=196) to work on /home/airflow/.local/lib/python3.8/site-packages/airflow/example_dags/example_trigger_target_dag.py
[2024-04-29T17:29:59.613+0000] {processor.py:830} INFO - Processing file /home/airflow/.local/lib/python3.8/site-packages/airflow/example_dags/example_trigger_target_dag.py for tasks to queue
[2024-04-29T17:29:59.617+0000] {logging_mixin.py:188} INFO - [2024-04-29T17:29:59.615+0000] {dagbag.py:540} INFO - Filling up the DagBag from /home/airflow/.local/lib/python3.8/site-packages/airflow/example_dags/example_trigger_target_dag.py
[2024-04-29T17:29:59.642+0000] {processor.py:840} INFO - DAG(s) 'example_trigger_target_dag' retrieved from /home/airflow/.local/lib/python3.8/site-packages/airflow/example_dags/example_trigger_target_dag.py
[2024-04-29T17:29:59.939+0000] {logging_mixin.py:188} INFO - [2024-04-29T17:29:59.938+0000] {override.py:1769} INFO - Created Permission View: can edit on DAG:example_trigger_target_dag
[2024-04-29T17:29:59.987+0000] {logging_mixin.py:188} INFO - [2024-04-29T17:29:59.987+0000] {override.py:1769} INFO - Created Permission View: can delete on DAG:example_trigger_target_dag
[2024-04-29T17:30:00.018+0000] {logging_mixin.py:188} INFO - [2024-04-29T17:30:00.018+0000] {override.py:1769} INFO - Created Permission View: can read on DAG:example_trigger_target_dag
[2024-04-29T17:30:00.019+0000] {logging_mixin.py:188} INFO - [2024-04-29T17:30:00.019+0000] {dag.py:3047} INFO - Sync 1 DAGs
[2024-04-29T17:30:00.046+0000] {logging_mixin.py:188} INFO - [2024-04-29T17:30:00.046+0000] {dag.py:3069} INFO - Creating ORM DAG for example_trigger_target_dag
[2024-04-29T17:30:00.047+0000] {logging_mixin.py:188} INFO - [2024-04-29T17:30:00.047+0000] {dag.py:3834} INFO - Setting next_dagrun for example_trigger_target_dag to None, run_after=None
[2024-04-29T17:30:00.104+0000] {processor.py:183} INFO - Processing /home/airflow/.local/lib/python3.8/site-packages/airflow/example_dags/example_trigger_target_dag.py took 0.495 seconds
[2024-04-29T17:30:30.976+0000] {processor.py:161} INFO - Started process (PID=443) to work on /home/airflow/.local/lib/python3.8/site-packages/airflow/example_dags/example_trigger_target_dag.py
[2024-04-29T17:30:30.976+0000] {processor.py:830} INFO - Processing file /home/airflow/.local/lib/python3.8/site-packages/airflow/example_dags/example_trigger_target_dag.py for tasks to queue
[2024-04-29T17:30:30.977+0000] {logging_mixin.py:188} INFO - [2024-04-29T17:30:30.977+0000] {dagbag.py:540} INFO - Filling up the DagBag from /home/airflow/.local/lib/python3.8/site-packages/airflow/example_dags/example_trigger_target_dag.py
[2024-04-29T17:30:30.984+0000] {processor.py:840} INFO - DAG(s) 'example_trigger_target_dag' retrieved from /home/airflow/.local/lib/python3.8/site-packages/airflow/example_dags/example_trigger_target_dag.py
[2024-04-29T17:30:31.006+0000] {logging_mixin.py:188} INFO - [2024-04-29T17:30:31.005+0000] {dag.py:3047} INFO - Sync 1 DAGs
[2024-04-29T17:30:31.022+0000] {logging_mixin.py:188} INFO - [2024-04-29T17:30:31.021+0000] {dag.py:3834} INFO - Setting next_dagrun for example_trigger_target_dag to None, run_after=None
[2024-04-29T17:30:31.048+0000] {processor.py:183} INFO - Processing /home/airflow/.local/lib/python3.8/site-packages/airflow/example_dags/example_trigger_target_dag.py took 0.077 seconds
[2024-04-29T17:31:01.287+0000] {processor.py:161} INFO - Started process (PID=690) to work on /home/airflow/.local/lib/python3.8/site-packages/airflow/example_dags/example_trigger_target_dag.py
[2024-04-29T17:31:01.288+0000] {processor.py:830} INFO - Processing file /home/airflow/.local/lib/python3.8/site-packages/airflow/example_dags/example_trigger_target_dag.py for tasks to queue
[2024-04-29T17:31:01.289+0000] {logging_mixin.py:188} INFO - [2024-04-29T17:31:01.289+0000] {dagbag.py:540} INFO - Filling up the DagBag from /home/airflow/.local/lib/python3.8/site-packages/airflow/example_dags/example_trigger_target_dag.py
[2024-04-29T17:31:01.295+0000] {processor.py:840} INFO - DAG(s) 'example_trigger_target_dag' retrieved from /home/airflow/.local/lib/python3.8/site-packages/airflow/example_dags/example_trigger_target_dag.py
[2024-04-29T17:31:01.318+0000] {logging_mixin.py:188} INFO - [2024-04-29T17:31:01.317+0000] {dag.py:3047} INFO - Sync 1 DAGs
[2024-04-29T17:31:01.333+0000] {logging_mixin.py:188} INFO - [2024-04-29T17:31:01.332+0000] {dag.py:3834} INFO - Setting next_dagrun for example_trigger_target_dag to None, run_after=None
[2024-04-29T17:31:01.364+0000] {processor.py:183} INFO - Processing /home/airflow/.local/lib/python3.8/site-packages/airflow/example_dags/example_trigger_target_dag.py took 0.081 seconds
[2024-04-29T17:31:31.921+0000] {processor.py:161} INFO - Started process (PID=937) to work on /home/airflow/.local/lib/python3.8/site-packages/airflow/example_dags/example_trigger_target_dag.py
[2024-04-29T17:31:31.922+0000] {processor.py:830} INFO - Processing file /home/airflow/.local/lib/python3.8/site-packages/airflow/example_dags/example_trigger_target_dag.py for tasks to queue
[2024-04-29T17:31:31.923+0000] {logging_mixin.py:188} INFO - [2024-04-29T17:31:31.923+0000] {dagbag.py:540} INFO - Filling up the DagBag from /home/airflow/.local/lib/python3.8/site-packages/airflow/example_dags/example_trigger_target_dag.py
[2024-04-29T17:31:31.929+0000] {processor.py:840} INFO - DAG(s) 'example_trigger_target_dag' retrieved from /home/airflow/.local/lib/python3.8/site-packages/airflow/example_dags/example_trigger_target_dag.py
[2024-04-29T17:31:31.955+0000] {logging_mixin.py:188} INFO - [2024-04-29T17:31:31.955+0000] {dag.py:3047} INFO - Sync 1 DAGs
[2024-04-29T17:31:31.970+0000] {logging_mixin.py:188} INFO - [2024-04-29T17:31:31.970+0000] {dag.py:3834} INFO - Setting next_dagrun for example_trigger_target_dag to None, run_after=None
[2024-04-29T17:31:31.993+0000] {processor.py:183} INFO - Processing /home/airflow/.local/lib/python3.8/site-packages/airflow/example_dags/example_trigger_target_dag.py took 0.075 seconds
[2024-04-29T17:32:02.343+0000] {processor.py:161} INFO - Started process (PID=1185) to work on /home/airflow/.local/lib/python3.8/site-packages/airflow/example_dags/example_trigger_target_dag.py
[2024-04-29T17:32:02.343+0000] {processor.py:830} INFO - Processing file /home/airflow/.local/lib/python3.8/site-packages/airflow/example_dags/example_trigger_target_dag.py for tasks to queue
[2024-04-29T17:32:02.345+0000] {logging_mixin.py:188} INFO - [2024-04-29T17:32:02.344+0000] {dagbag.py:540} INFO - Filling up the DagBag from /home/airflow/.local/lib/python3.8/site-packages/airflow/example_dags/example_trigger_target_dag.py
[2024-04-29T17:32:02.351+0000] {processor.py:840} INFO - DAG(s) 'example_trigger_target_dag' retrieved from /home/airflow/.local/lib/python3.8/site-packages/airflow/example_dags/example_trigger_target_dag.py
[2024-04-29T17:32:02.373+0000] {logging_mixin.py:188} INFO - [2024-04-29T17:32:02.373+0000] {dag.py:3047} INFO - Sync 1 DAGs
[2024-04-29T17:32:02.388+0000] {logging_mixin.py:188} INFO - [2024-04-29T17:32:02.387+0000] {dag.py:3834} INFO - Setting next_dagrun for example_trigger_target_dag to None, run_after=None
[2024-04-29T17:32:02.412+0000] {processor.py:183} INFO - Processing /home/airflow/.local/lib/python3.8/site-packages/airflow/example_dags/example_trigger_target_dag.py took 0.072 seconds
[2024-04-29T17:32:32.660+0000] {processor.py:161} INFO - Started process (PID=1433) to work on /home/airflow/.local/lib/python3.8/site-packages/airflow/example_dags/example_trigger_target_dag.py
[2024-04-29T17:32:32.678+0000] {processor.py:830} INFO - Processing file /home/airflow/.local/lib/python3.8/site-packages/airflow/example_dags/example_trigger_target_dag.py for tasks to queue
[2024-04-29T17:32:32.679+0000] {logging_mixin.py:188} INFO - [2024-04-29T17:32:32.679+0000] {dagbag.py:540} INFO - Filling up the DagBag from /home/airflow/.local/lib/python3.8/site-packages/airflow/example_dags/example_trigger_target_dag.py
[2024-04-29T17:32:32.685+0000] {processor.py:840} INFO - DAG(s) 'example_trigger_target_dag' retrieved from /home/airflow/.local/lib/python3.8/site-packages/airflow/example_dags/example_trigger_target_dag.py
[2024-04-29T17:32:32.760+0000] {logging_mixin.py:188} INFO - [2024-04-29T17:32:32.760+0000] {dag.py:3047} INFO - Sync 1 DAGs
[2024-04-29T17:32:32.791+0000] {logging_mixin.py:188} INFO - [2024-04-29T17:32:32.790+0000] {dag.py:3834} INFO - Setting next_dagrun for example_trigger_target_dag to None, run_after=None
[2024-04-29T17:32:32.846+0000] {processor.py:183} INFO - Processing /home/airflow/.local/lib/python3.8/site-packages/airflow/example_dags/example_trigger_target_dag.py took 0.192 seconds
[2024-04-29T17:33:03.543+0000] {processor.py:161} INFO - Started process (PID=1681) to work on /home/airflow/.local/lib/python3.8/site-packages/airflow/example_dags/example_trigger_target_dag.py
[2024-04-29T17:33:03.544+0000] {processor.py:830} INFO - Processing file /home/airflow/.local/lib/python3.8/site-packages/airflow/example_dags/example_trigger_target_dag.py for tasks to queue
[2024-04-29T17:33:03.545+0000] {logging_mixin.py:188} INFO - [2024-04-29T17:33:03.545+0000] {dagbag.py:540} INFO - Filling up the DagBag from /home/airflow/.local/lib/python3.8/site-packages/airflow/example_dags/example_trigger_target_dag.py
[2024-04-29T17:33:03.552+0000] {processor.py:840} INFO - DAG(s) 'example_trigger_target_dag' retrieved from /home/airflow/.local/lib/python3.8/site-packages/airflow/example_dags/example_trigger_target_dag.py
[2024-04-29T17:33:03.573+0000] {logging_mixin.py:188} INFO - [2024-04-29T17:33:03.573+0000] {dag.py:3047} INFO - Sync 1 DAGs
[2024-04-29T17:33:03.588+0000] {logging_mixin.py:188} INFO - [2024-04-29T17:33:03.587+0000] {dag.py:3834} INFO - Setting next_dagrun for example_trigger_target_dag to None, run_after=None
[2024-04-29T17:33:03.614+0000] {processor.py:183} INFO - Processing /home/airflow/.local/lib/python3.8/site-packages/airflow/example_dags/example_trigger_target_dag.py took 0.074 seconds
[2024-04-29T17:33:34.064+0000] {processor.py:161} INFO - Started process (PID=1928) to work on /home/airflow/.local/lib/python3.8/site-packages/airflow/example_dags/example_trigger_target_dag.py
[2024-04-29T17:33:34.064+0000] {processor.py:830} INFO - Processing file /home/airflow/.local/lib/python3.8/site-packages/airflow/example_dags/example_trigger_target_dag.py for tasks to queue
[2024-04-29T17:33:34.065+0000] {logging_mixin.py:188} INFO - [2024-04-29T17:33:34.065+0000] {dagbag.py:540} INFO - Filling up the DagBag from /home/airflow/.local/lib/python3.8/site-packages/airflow/example_dags/example_trigger_target_dag.py
[2024-04-29T17:33:34.072+0000] {processor.py:840} INFO - DAG(s) 'example_trigger_target_dag' retrieved from /home/airflow/.local/lib/python3.8/site-packages/airflow/example_dags/example_trigger_target_dag.py
[2024-04-29T17:33:34.092+0000] {logging_mixin.py:188} INFO - [2024-04-29T17:33:34.092+0000] {dag.py:3047} INFO - Sync 1 DAGs
[2024-04-29T17:33:34.106+0000] {logging_mixin.py:188} INFO - [2024-04-29T17:33:34.106+0000] {dag.py:3834} INFO - Setting next_dagrun for example_trigger_target_dag to None, run_after=None
[2024-04-29T17:33:34.132+0000] {processor.py:183} INFO - Processing /home/airflow/.local/lib/python3.8/site-packages/airflow/example_dags/example_trigger_target_dag.py took 0.072 seconds
[2024-04-29T17:34:04.416+0000] {processor.py:161} INFO - Started process (PID=2174) to work on /home/airflow/.local/lib/python3.8/site-packages/airflow/example_dags/example_trigger_target_dag.py
[2024-04-29T17:34:04.418+0000] {processor.py:830} INFO - Processing file /home/airflow/.local/lib/python3.8/site-packages/airflow/example_dags/example_trigger_target_dag.py for tasks to queue
[2024-04-29T17:34:04.419+0000] {logging_mixin.py:188} INFO - [2024-04-29T17:34:04.418+0000] {dagbag.py:540} INFO - Filling up the DagBag from /home/airflow/.local/lib/python3.8/site-packages/airflow/example_dags/example_trigger_target_dag.py
[2024-04-29T17:34:04.425+0000] {processor.py:840} INFO - DAG(s) 'example_trigger_target_dag' retrieved from /home/airflow/.local/lib/python3.8/site-packages/airflow/example_dags/example_trigger_target_dag.py
[2024-04-29T17:34:04.447+0000] {logging_mixin.py:188} INFO - [2024-04-29T17:34:04.447+0000] {dag.py:3047} INFO - Sync 1 DAGs
[2024-04-29T17:34:04.461+0000] {logging_mixin.py:188} INFO - [2024-04-29T17:34:04.461+0000] {dag.py:3834} INFO - Setting next_dagrun for example_trigger_target_dag to None, run_after=None
[2024-04-29T17:34:04.484+0000] {processor.py:183} INFO - Processing /home/airflow/.local/lib/python3.8/site-packages/airflow/example_dags/example_trigger_target_dag.py took 0.071 seconds
[2024-04-29T17:34:35.093+0000] {processor.py:161} INFO - Started process (PID=2421) to work on /home/airflow/.local/lib/python3.8/site-packages/airflow/example_dags/example_trigger_target_dag.py
[2024-04-29T17:34:35.094+0000] {processor.py:830} INFO - Processing file /home/airflow/.local/lib/python3.8/site-packages/airflow/example_dags/example_trigger_target_dag.py for tasks to queue
[2024-04-29T17:34:35.095+0000] {logging_mixin.py:188} INFO - [2024-04-29T17:34:35.094+0000] {dagbag.py:540} INFO - Filling up the DagBag from /home/airflow/.local/lib/python3.8/site-packages/airflow/example_dags/example_trigger_target_dag.py
[2024-04-29T17:34:35.101+0000] {processor.py:840} INFO - DAG(s) 'example_trigger_target_dag' retrieved from /home/airflow/.local/lib/python3.8/site-packages/airflow/example_dags/example_trigger_target_dag.py
[2024-04-29T17:34:35.124+0000] {logging_mixin.py:188} INFO - [2024-04-29T17:34:35.124+0000] {dag.py:3047} INFO - Sync 1 DAGs
[2024-04-29T17:34:35.139+0000] {logging_mixin.py:188} INFO - [2024-04-29T17:34:35.138+0000] {dag.py:3834} INFO - Setting next_dagrun for example_trigger_target_dag to None, run_after=None
[2024-04-29T17:34:35.163+0000] {processor.py:183} INFO - Processing /home/airflow/.local/lib/python3.8/site-packages/airflow/example_dags/example_trigger_target_dag.py took 0.073 seconds
[2024-04-29T17:35:05.574+0000] {processor.py:161} INFO - Started process (PID=2668) to work on /home/airflow/.local/lib/python3.8/site-packages/airflow/example_dags/example_trigger_target_dag.py
[2024-04-29T17:35:05.575+0000] {processor.py:830} INFO - Processing file /home/airflow/.local/lib/python3.8/site-packages/airflow/example_dags/example_trigger_target_dag.py for tasks to queue
[2024-04-29T17:35:05.576+0000] {logging_mixin.py:188} INFO - [2024-04-29T17:35:05.576+0000] {dagbag.py:540} INFO - Filling up the DagBag from /home/airflow/.local/lib/python3.8/site-packages/airflow/example_dags/example_trigger_target_dag.py
[2024-04-29T17:35:05.589+0000] {processor.py:840} INFO - DAG(s) 'example_trigger_target_dag' retrieved from /home/airflow/.local/lib/python3.8/site-packages/airflow/example_dags/example_trigger_target_dag.py
[2024-04-29T17:35:05.620+0000] {logging_mixin.py:188} INFO - [2024-04-29T17:35:05.620+0000] {dag.py:3047} INFO - Sync 1 DAGs
[2024-04-29T17:35:05.635+0000] {logging_mixin.py:188} INFO - [2024-04-29T17:35:05.635+0000] {dag.py:3834} INFO - Setting next_dagrun for example_trigger_target_dag to None, run_after=None
[2024-04-29T17:35:05.659+0000] {processor.py:183} INFO - Processing /home/airflow/.local/lib/python3.8/site-packages/airflow/example_dags/example_trigger_target_dag.py took 0.088 seconds
[2024-04-29T17:35:36.382+0000] {processor.py:161} INFO - Started process (PID=2915) to work on /home/airflow/.local/lib/python3.8/site-packages/airflow/example_dags/example_trigger_target_dag.py
[2024-04-29T17:35:36.383+0000] {processor.py:830} INFO - Processing file /home/airflow/.local/lib/python3.8/site-packages/airflow/example_dags/example_trigger_target_dag.py for tasks to queue
[2024-04-29T17:35:36.384+0000] {logging_mixin.py:188} INFO - [2024-04-29T17:35:36.383+0000] {dagbag.py:540} INFO - Filling up the DagBag from /home/airflow/.local/lib/python3.8/site-packages/airflow/example_dags/example_trigger_target_dag.py
[2024-04-29T17:35:36.390+0000] {processor.py:840} INFO - DAG(s) 'example_trigger_target_dag' retrieved from /home/airflow/.local/lib/python3.8/site-packages/airflow/example_dags/example_trigger_target_dag.py
[2024-04-29T17:35:36.411+0000] {logging_mixin.py:188} INFO - [2024-04-29T17:35:36.411+0000] {dag.py:3047} INFO - Sync 1 DAGs
[2024-04-29T17:35:36.425+0000] {logging_mixin.py:188} INFO - [2024-04-29T17:35:36.425+0000] {dag.py:3834} INFO - Setting next_dagrun for example_trigger_target_dag to None, run_after=None
[2024-04-29T17:35:36.449+0000] {processor.py:183} INFO - Processing /home/airflow/.local/lib/python3.8/site-packages/airflow/example_dags/example_trigger_target_dag.py took 0.070 seconds
[2024-04-29T17:36:06.967+0000] {processor.py:161} INFO - Started process (PID=3164) to work on /home/airflow/.local/lib/python3.8/site-packages/airflow/example_dags/example_trigger_target_dag.py
[2024-04-29T17:36:06.968+0000] {processor.py:830} INFO - Processing file /home/airflow/.local/lib/python3.8/site-packages/airflow/example_dags/example_trigger_target_dag.py for tasks to queue
[2024-04-29T17:36:06.970+0000] {logging_mixin.py:188} INFO - [2024-04-29T17:36:06.969+0000] {dagbag.py:540} INFO - Filling up the DagBag from /home/airflow/.local/lib/python3.8/site-packages/airflow/example_dags/example_trigger_target_dag.py
[2024-04-29T17:36:06.989+0000] {processor.py:840} INFO - DAG(s) 'example_trigger_target_dag' retrieved from /home/airflow/.local/lib/python3.8/site-packages/airflow/example_dags/example_trigger_target_dag.py
[2024-04-29T17:36:07.014+0000] {logging_mixin.py:188} INFO - [2024-04-29T17:36:07.014+0000] {dag.py:3047} INFO - Sync 1 DAGs
[2024-04-29T17:36:07.030+0000] {logging_mixin.py:188} INFO - [2024-04-29T17:36:07.030+0000] {dag.py:3834} INFO - Setting next_dagrun for example_trigger_target_dag to None, run_after=None
[2024-04-29T17:36:07.078+0000] {processor.py:183} INFO - Processing /home/airflow/.local/lib/python3.8/site-packages/airflow/example_dags/example_trigger_target_dag.py took 0.114 seconds
[2024-04-29T17:36:37.479+0000] {processor.py:161} INFO - Started process (PID=3412) to work on /home/airflow/.local/lib/python3.8/site-packages/airflow/example_dags/example_trigger_target_dag.py
[2024-04-29T17:36:37.480+0000] {processor.py:830} INFO - Processing file /home/airflow/.local/lib/python3.8/site-packages/airflow/example_dags/example_trigger_target_dag.py for tasks to queue
[2024-04-29T17:36:37.481+0000] {logging_mixin.py:188} INFO - [2024-04-29T17:36:37.481+0000] {dagbag.py:540} INFO - Filling up the DagBag from /home/airflow/.local/lib/python3.8/site-packages/airflow/example_dags/example_trigger_target_dag.py
[2024-04-29T17:36:37.496+0000] {processor.py:840} INFO - DAG(s) 'example_trigger_target_dag' retrieved from /home/airflow/.local/lib/python3.8/site-packages/airflow/example_dags/example_trigger_target_dag.py
[2024-04-29T17:36:37.526+0000] {logging_mixin.py:188} INFO - [2024-04-29T17:36:37.526+0000] {dag.py:3047} INFO - Sync 1 DAGs
[2024-04-29T17:36:37.541+0000] {logging_mixin.py:188} INFO - [2024-04-29T17:36:37.540+0000] {dag.py:3834} INFO - Setting next_dagrun for example_trigger_target_dag to None, run_after=None
[2024-04-29T17:36:37.565+0000] {processor.py:183} INFO - Processing /home/airflow/.local/lib/python3.8/site-packages/airflow/example_dags/example_trigger_target_dag.py took 0.089 seconds
[2024-04-29T17:37:08.696+0000] {processor.py:161} INFO - Started process (PID=3689) to work on /home/airflow/.local/lib/python3.8/site-packages/airflow/example_dags/example_trigger_target_dag.py
[2024-04-29T17:37:08.699+0000] {processor.py:830} INFO - Processing file /home/airflow/.local/lib/python3.8/site-packages/airflow/example_dags/example_trigger_target_dag.py for tasks to queue
[2024-04-29T17:37:08.701+0000] {logging_mixin.py:188} INFO - [2024-04-29T17:37:08.700+0000] {dagbag.py:540} INFO - Filling up the DagBag from /home/airflow/.local/lib/python3.8/site-packages/airflow/example_dags/example_trigger_target_dag.py
[2024-04-29T17:37:08.723+0000] {processor.py:840} INFO - DAG(s) 'example_trigger_target_dag' retrieved from /home/airflow/.local/lib/python3.8/site-packages/airflow/example_dags/example_trigger_target_dag.py
[2024-04-29T17:37:08.814+0000] {logging_mixin.py:188} INFO - [2024-04-29T17:37:08.814+0000] {dag.py:3047} INFO - Sync 1 DAGs
[2024-04-29T17:37:08.867+0000] {logging_mixin.py:188} INFO - [2024-04-29T17:37:08.867+0000] {dag.py:3834} INFO - Setting next_dagrun for example_trigger_target_dag to None, run_after=None
[2024-04-29T17:37:08.982+0000] {processor.py:183} INFO - Processing /home/airflow/.local/lib/python3.8/site-packages/airflow/example_dags/example_trigger_target_dag.py took 0.290 seconds
[2024-04-29T17:37:40.009+0000] {processor.py:161} INFO - Started process (PID=4042) to work on /home/airflow/.local/lib/python3.8/site-packages/airflow/example_dags/example_trigger_target_dag.py
[2024-04-29T17:37:40.010+0000] {processor.py:830} INFO - Processing file /home/airflow/.local/lib/python3.8/site-packages/airflow/example_dags/example_trigger_target_dag.py for tasks to queue
[2024-04-29T17:37:40.011+0000] {logging_mixin.py:188} INFO - [2024-04-29T17:37:40.011+0000] {dagbag.py:540} INFO - Filling up the DagBag from /home/airflow/.local/lib/python3.8/site-packages/airflow/example_dags/example_trigger_target_dag.py
[2024-04-29T17:37:40.026+0000] {processor.py:840} INFO - DAG(s) 'example_trigger_target_dag' retrieved from /home/airflow/.local/lib/python3.8/site-packages/airflow/example_dags/example_trigger_target_dag.py
[2024-04-29T17:37:40.057+0000] {logging_mixin.py:188} INFO - [2024-04-29T17:37:40.056+0000] {dag.py:3047} INFO - Sync 1 DAGs
[2024-04-29T17:37:40.075+0000] {logging_mixin.py:188} INFO - [2024-04-29T17:37:40.075+0000] {dag.py:3834} INFO - Setting next_dagrun for example_trigger_target_dag to None, run_after=None
[2024-04-29T17:37:40.117+0000] {processor.py:183} INFO - Processing /home/airflow/.local/lib/python3.8/site-packages/airflow/example_dags/example_trigger_target_dag.py took 0.118 seconds
[2024-04-29T17:38:10.513+0000] {processor.py:161} INFO - Started process (PID=4302) to work on /home/airflow/.local/lib/python3.8/site-packages/airflow/example_dags/example_trigger_target_dag.py
[2024-04-29T17:38:10.514+0000] {processor.py:830} INFO - Processing file /home/airflow/.local/lib/python3.8/site-packages/airflow/example_dags/example_trigger_target_dag.py for tasks to queue
[2024-04-29T17:38:10.515+0000] {logging_mixin.py:188} INFO - [2024-04-29T17:38:10.515+0000] {dagbag.py:540} INFO - Filling up the DagBag from /home/airflow/.local/lib/python3.8/site-packages/airflow/example_dags/example_trigger_target_dag.py
[2024-04-29T17:38:10.526+0000] {processor.py:840} INFO - DAG(s) 'example_trigger_target_dag' retrieved from /home/airflow/.local/lib/python3.8/site-packages/airflow/example_dags/example_trigger_target_dag.py
[2024-04-29T17:38:10.549+0000] {logging_mixin.py:188} INFO - [2024-04-29T17:38:10.549+0000] {dag.py:3047} INFO - Sync 1 DAGs
[2024-04-29T17:38:10.563+0000] {logging_mixin.py:188} INFO - [2024-04-29T17:38:10.563+0000] {dag.py:3834} INFO - Setting next_dagrun for example_trigger_target_dag to None, run_after=None
[2024-04-29T17:38:10.590+0000] {processor.py:183} INFO - Processing /home/airflow/.local/lib/python3.8/site-packages/airflow/example_dags/example_trigger_target_dag.py took 0.085 seconds
[2024-04-29T17:38:40.864+0000] {processor.py:161} INFO - Started process (PID=4550) to work on /home/airflow/.local/lib/python3.8/site-packages/airflow/example_dags/example_trigger_target_dag.py
[2024-04-29T17:38:40.871+0000] {processor.py:830} INFO - Processing file /home/airflow/.local/lib/python3.8/site-packages/airflow/example_dags/example_trigger_target_dag.py for tasks to queue
[2024-04-29T17:38:40.878+0000] {logging_mixin.py:188} INFO - [2024-04-29T17:38:40.878+0000] {dagbag.py:540} INFO - Filling up the DagBag from /home/airflow/.local/lib/python3.8/site-packages/airflow/example_dags/example_trigger_target_dag.py
[2024-04-29T17:38:40.887+0000] {processor.py:840} INFO - DAG(s) 'example_trigger_target_dag' retrieved from /home/airflow/.local/lib/python3.8/site-packages/airflow/example_dags/example_trigger_target_dag.py
[2024-04-29T17:38:40.922+0000] {logging_mixin.py:188} INFO - [2024-04-29T17:38:40.922+0000] {dag.py:3047} INFO - Sync 1 DAGs
[2024-04-29T17:38:40.944+0000] {logging_mixin.py:188} INFO - [2024-04-29T17:38:40.944+0000] {dag.py:3834} INFO - Setting next_dagrun for example_trigger_target_dag to None, run_after=None
[2024-04-29T17:38:40.971+0000] {processor.py:183} INFO - Processing /home/airflow/.local/lib/python3.8/site-packages/airflow/example_dags/example_trigger_target_dag.py took 0.111 seconds
[2024-04-29T17:39:11.336+0000] {processor.py:161} INFO - Started process (PID=4797) to work on /home/airflow/.local/lib/python3.8/site-packages/airflow/example_dags/example_trigger_target_dag.py
[2024-04-29T17:39:11.337+0000] {processor.py:830} INFO - Processing file /home/airflow/.local/lib/python3.8/site-packages/airflow/example_dags/example_trigger_target_dag.py for tasks to queue
[2024-04-29T17:39:11.338+0000] {logging_mixin.py:188} INFO - [2024-04-29T17:39:11.338+0000] {dagbag.py:540} INFO - Filling up the DagBag from /home/airflow/.local/lib/python3.8/site-packages/airflow/example_dags/example_trigger_target_dag.py
[2024-04-29T17:39:11.349+0000] {processor.py:840} INFO - DAG(s) 'example_trigger_target_dag' retrieved from /home/airflow/.local/lib/python3.8/site-packages/airflow/example_dags/example_trigger_target_dag.py
[2024-04-29T17:39:11.397+0000] {logging_mixin.py:188} INFO - [2024-04-29T17:39:11.397+0000] {dag.py:3047} INFO - Sync 1 DAGs
[2024-04-29T17:39:11.437+0000] {logging_mixin.py:188} INFO - [2024-04-29T17:39:11.437+0000] {dag.py:3834} INFO - Setting next_dagrun for example_trigger_target_dag to None, run_after=None
[2024-04-29T17:39:11.473+0000] {processor.py:183} INFO - Processing /home/airflow/.local/lib/python3.8/site-packages/airflow/example_dags/example_trigger_target_dag.py took 0.140 seconds
[2024-04-29T17:39:41.823+0000] {processor.py:161} INFO - Started process (PID=5044) to work on /home/airflow/.local/lib/python3.8/site-packages/airflow/example_dags/example_trigger_target_dag.py
[2024-04-29T17:39:41.825+0000] {processor.py:830} INFO - Processing file /home/airflow/.local/lib/python3.8/site-packages/airflow/example_dags/example_trigger_target_dag.py for tasks to queue
[2024-04-29T17:39:41.826+0000] {logging_mixin.py:188} INFO - [2024-04-29T17:39:41.825+0000] {dagbag.py:540} INFO - Filling up the DagBag from /home/airflow/.local/lib/python3.8/site-packages/airflow/example_dags/example_trigger_target_dag.py
[2024-04-29T17:39:41.832+0000] {processor.py:840} INFO - DAG(s) 'example_trigger_target_dag' retrieved from /home/airflow/.local/lib/python3.8/site-packages/airflow/example_dags/example_trigger_target_dag.py
[2024-04-29T17:39:41.855+0000] {logging_mixin.py:188} INFO - [2024-04-29T17:39:41.855+0000] {dag.py:3047} INFO - Sync 1 DAGs
[2024-04-29T17:39:41.871+0000] {logging_mixin.py:188} INFO - [2024-04-29T17:39:41.871+0000] {dag.py:3834} INFO - Setting next_dagrun for example_trigger_target_dag to None, run_after=None
[2024-04-29T17:39:41.905+0000] {processor.py:183} INFO - Processing /home/airflow/.local/lib/python3.8/site-packages/airflow/example_dags/example_trigger_target_dag.py took 0.085 seconds
[2024-04-29T17:40:12.584+0000] {processor.py:161} INFO - Started process (PID=5290) to work on /home/airflow/.local/lib/python3.8/site-packages/airflow/example_dags/example_trigger_target_dag.py
[2024-04-29T17:40:12.585+0000] {processor.py:830} INFO - Processing file /home/airflow/.local/lib/python3.8/site-packages/airflow/example_dags/example_trigger_target_dag.py for tasks to queue
[2024-04-29T17:40:12.586+0000] {logging_mixin.py:188} INFO - [2024-04-29T17:40:12.585+0000] {dagbag.py:540} INFO - Filling up the DagBag from /home/airflow/.local/lib/python3.8/site-packages/airflow/example_dags/example_trigger_target_dag.py
[2024-04-29T17:40:12.592+0000] {processor.py:840} INFO - DAG(s) 'example_trigger_target_dag' retrieved from /home/airflow/.local/lib/python3.8/site-packages/airflow/example_dags/example_trigger_target_dag.py
[2024-04-29T17:40:12.616+0000] {logging_mixin.py:188} INFO - [2024-04-29T17:40:12.616+0000] {dag.py:3047} INFO - Sync 1 DAGs
[2024-04-29T17:40:12.632+0000] {logging_mixin.py:188} INFO - [2024-04-29T17:40:12.632+0000] {dag.py:3834} INFO - Setting next_dagrun for example_trigger_target_dag to None, run_after=None
[2024-04-29T17:40:12.661+0000] {processor.py:183} INFO - Processing /home/airflow/.local/lib/python3.8/site-packages/airflow/example_dags/example_trigger_target_dag.py took 0.080 seconds
[2024-04-29T17:40:43.032+0000] {processor.py:161} INFO - Started process (PID=5537) to work on /home/airflow/.local/lib/python3.8/site-packages/airflow/example_dags/example_trigger_target_dag.py
[2024-04-29T17:40:43.034+0000] {processor.py:830} INFO - Processing file /home/airflow/.local/lib/python3.8/site-packages/airflow/example_dags/example_trigger_target_dag.py for tasks to queue
[2024-04-29T17:40:43.035+0000] {logging_mixin.py:188} INFO - [2024-04-29T17:40:43.034+0000] {dagbag.py:540} INFO - Filling up the DagBag from /home/airflow/.local/lib/python3.8/site-packages/airflow/example_dags/example_trigger_target_dag.py
[2024-04-29T17:40:43.041+0000] {processor.py:840} INFO - DAG(s) 'example_trigger_target_dag' retrieved from /home/airflow/.local/lib/python3.8/site-packages/airflow/example_dags/example_trigger_target_dag.py
[2024-04-29T17:40:43.075+0000] {logging_mixin.py:188} INFO - [2024-04-29T17:40:43.074+0000] {dag.py:3047} INFO - Sync 1 DAGs
[2024-04-29T17:40:43.100+0000] {logging_mixin.py:188} INFO - [2024-04-29T17:40:43.100+0000] {dag.py:3834} INFO - Setting next_dagrun for example_trigger_target_dag to None, run_after=None
[2024-04-29T17:40:43.158+0000] {processor.py:183} INFO - Processing /home/airflow/.local/lib/python3.8/site-packages/airflow/example_dags/example_trigger_target_dag.py took 0.128 seconds
[2024-04-29T17:41:13.267+0000] {processor.py:161} INFO - Started process (PID=5784) to work on /home/airflow/.local/lib/python3.8/site-packages/airflow/example_dags/example_trigger_target_dag.py
[2024-04-29T17:41:13.268+0000] {processor.py:830} INFO - Processing file /home/airflow/.local/lib/python3.8/site-packages/airflow/example_dags/example_trigger_target_dag.py for tasks to queue
[2024-04-29T17:41:13.269+0000] {logging_mixin.py:188} INFO - [2024-04-29T17:41:13.268+0000] {dagbag.py:540} INFO - Filling up the DagBag from /home/airflow/.local/lib/python3.8/site-packages/airflow/example_dags/example_trigger_target_dag.py
[2024-04-29T17:41:13.275+0000] {processor.py:840} INFO - DAG(s) 'example_trigger_target_dag' retrieved from /home/airflow/.local/lib/python3.8/site-packages/airflow/example_dags/example_trigger_target_dag.py
[2024-04-29T17:41:13.312+0000] {logging_mixin.py:188} INFO - [2024-04-29T17:41:13.312+0000] {dag.py:3047} INFO - Sync 1 DAGs
[2024-04-29T17:41:13.338+0000] {logging_mixin.py:188} INFO - [2024-04-29T17:41:13.337+0000] {dag.py:3834} INFO - Setting next_dagrun for example_trigger_target_dag to None, run_after=None
[2024-04-29T17:41:13.362+0000] {processor.py:183} INFO - Processing /home/airflow/.local/lib/python3.8/site-packages/airflow/example_dags/example_trigger_target_dag.py took 0.099 seconds
[2024-04-29T17:41:43.565+0000] {processor.py:161} INFO - Started process (PID=6031) to work on /home/airflow/.local/lib/python3.8/site-packages/airflow/example_dags/example_trigger_target_dag.py
[2024-04-29T17:41:43.566+0000] {processor.py:830} INFO - Processing file /home/airflow/.local/lib/python3.8/site-packages/airflow/example_dags/example_trigger_target_dag.py for tasks to queue
[2024-04-29T17:41:43.567+0000] {logging_mixin.py:188} INFO - [2024-04-29T17:41:43.567+0000] {dagbag.py:540} INFO - Filling up the DagBag from /home/airflow/.local/lib/python3.8/site-packages/airflow/example_dags/example_trigger_target_dag.py
[2024-04-29T17:41:43.574+0000] {processor.py:840} INFO - DAG(s) 'example_trigger_target_dag' retrieved from /home/airflow/.local/lib/python3.8/site-packages/airflow/example_dags/example_trigger_target_dag.py
[2024-04-29T17:41:43.598+0000] {logging_mixin.py:188} INFO - [2024-04-29T17:41:43.597+0000] {dag.py:3047} INFO - Sync 1 DAGs
[2024-04-29T17:41:43.615+0000] {logging_mixin.py:188} INFO - [2024-04-29T17:41:43.613+0000] {dag.py:3834} INFO - Setting next_dagrun for example_trigger_target_dag to None, run_after=None
[2024-04-29T17:41:43.652+0000] {processor.py:183} INFO - Processing /home/airflow/.local/lib/python3.8/site-packages/airflow/example_dags/example_trigger_target_dag.py took 0.090 seconds
[2024-04-29T17:42:13.951+0000] {processor.py:161} INFO - Started process (PID=6278) to work on /home/airflow/.local/lib/python3.8/site-packages/airflow/example_dags/example_trigger_target_dag.py
[2024-04-29T17:42:13.953+0000] {processor.py:830} INFO - Processing file /home/airflow/.local/lib/python3.8/site-packages/airflow/example_dags/example_trigger_target_dag.py for tasks to queue
[2024-04-29T17:42:13.954+0000] {logging_mixin.py:188} INFO - [2024-04-29T17:42:13.953+0000] {dagbag.py:540} INFO - Filling up the DagBag from /home/airflow/.local/lib/python3.8/site-packages/airflow/example_dags/example_trigger_target_dag.py
[2024-04-29T17:42:13.960+0000] {processor.py:840} INFO - DAG(s) 'example_trigger_target_dag' retrieved from /home/airflow/.local/lib/python3.8/site-packages/airflow/example_dags/example_trigger_target_dag.py
[2024-04-29T17:42:13.982+0000] {logging_mixin.py:188} INFO - [2024-04-29T17:42:13.982+0000] {dag.py:3047} INFO - Sync 1 DAGs
[2024-04-29T17:42:14.002+0000] {logging_mixin.py:188} INFO - [2024-04-29T17:42:14.002+0000] {dag.py:3834} INFO - Setting next_dagrun for example_trigger_target_dag to None, run_after=None
[2024-04-29T17:42:14.027+0000] {processor.py:183} INFO - Processing /home/airflow/.local/lib/python3.8/site-packages/airflow/example_dags/example_trigger_target_dag.py took 0.078 seconds
[2024-04-29T17:42:44.253+0000] {processor.py:161} INFO - Started process (PID=6525) to work on /home/airflow/.local/lib/python3.8/site-packages/airflow/example_dags/example_trigger_target_dag.py
[2024-04-29T17:42:44.254+0000] {processor.py:830} INFO - Processing file /home/airflow/.local/lib/python3.8/site-packages/airflow/example_dags/example_trigger_target_dag.py for tasks to queue
[2024-04-29T17:42:44.255+0000] {logging_mixin.py:188} INFO - [2024-04-29T17:42:44.255+0000] {dagbag.py:540} INFO - Filling up the DagBag from /home/airflow/.local/lib/python3.8/site-packages/airflow/example_dags/example_trigger_target_dag.py
[2024-04-29T17:42:44.262+0000] {processor.py:840} INFO - DAG(s) 'example_trigger_target_dag' retrieved from /home/airflow/.local/lib/python3.8/site-packages/airflow/example_dags/example_trigger_target_dag.py
[2024-04-29T17:42:44.285+0000] {logging_mixin.py:188} INFO - [2024-04-29T17:42:44.285+0000] {dag.py:3047} INFO - Sync 1 DAGs
[2024-04-29T17:42:44.300+0000] {logging_mixin.py:188} INFO - [2024-04-29T17:42:44.300+0000] {dag.py:3834} INFO - Setting next_dagrun for example_trigger_target_dag to None, run_after=None
[2024-04-29T17:42:44.325+0000] {processor.py:183} INFO - Processing /home/airflow/.local/lib/python3.8/site-packages/airflow/example_dags/example_trigger_target_dag.py took 0.075 seconds
[2024-04-29T17:43:14.589+0000] {processor.py:161} INFO - Started process (PID=6772) to work on /home/airflow/.local/lib/python3.8/site-packages/airflow/example_dags/example_trigger_target_dag.py
[2024-04-29T17:43:14.590+0000] {processor.py:830} INFO - Processing file /home/airflow/.local/lib/python3.8/site-packages/airflow/example_dags/example_trigger_target_dag.py for tasks to queue
[2024-04-29T17:43:14.591+0000] {logging_mixin.py:188} INFO - [2024-04-29T17:43:14.591+0000] {dagbag.py:540} INFO - Filling up the DagBag from /home/airflow/.local/lib/python3.8/site-packages/airflow/example_dags/example_trigger_target_dag.py
[2024-04-29T17:43:14.597+0000] {processor.py:840} INFO - DAG(s) 'example_trigger_target_dag' retrieved from /home/airflow/.local/lib/python3.8/site-packages/airflow/example_dags/example_trigger_target_dag.py
[2024-04-29T17:43:14.625+0000] {logging_mixin.py:188} INFO - [2024-04-29T17:43:14.625+0000] {dag.py:3047} INFO - Sync 1 DAGs
[2024-04-29T17:43:14.643+0000] {logging_mixin.py:188} INFO - [2024-04-29T17:43:14.642+0000] {dag.py:3834} INFO - Setting next_dagrun for example_trigger_target_dag to None, run_after=None
[2024-04-29T17:43:14.687+0000] {processor.py:183} INFO - Processing /home/airflow/.local/lib/python3.8/site-packages/airflow/example_dags/example_trigger_target_dag.py took 0.101 seconds
[2024-04-29T17:43:44.751+0000] {processor.py:161} INFO - Started process (PID=7019) to work on /home/airflow/.local/lib/python3.8/site-packages/airflow/example_dags/example_trigger_target_dag.py
[2024-04-29T17:43:44.752+0000] {processor.py:830} INFO - Processing file /home/airflow/.local/lib/python3.8/site-packages/airflow/example_dags/example_trigger_target_dag.py for tasks to queue
[2024-04-29T17:43:44.753+0000] {logging_mixin.py:188} INFO - [2024-04-29T17:43:44.753+0000] {dagbag.py:540} INFO - Filling up the DagBag from /home/airflow/.local/lib/python3.8/site-packages/airflow/example_dags/example_trigger_target_dag.py
[2024-04-29T17:43:44.760+0000] {processor.py:840} INFO - DAG(s) 'example_trigger_target_dag' retrieved from /home/airflow/.local/lib/python3.8/site-packages/airflow/example_dags/example_trigger_target_dag.py
[2024-04-29T17:43:44.788+0000] {logging_mixin.py:188} INFO - [2024-04-29T17:43:44.788+0000] {dag.py:3047} INFO - Sync 1 DAGs
[2024-04-29T17:43:44.799+0000] {logging_mixin.py:188} INFO - [2024-04-29T17:43:44.798+0000] {dag.py:3834} INFO - Setting next_dagrun for example_trigger_target_dag to None, run_after=None
[2024-04-29T17:43:44.822+0000] {processor.py:183} INFO - Processing /home/airflow/.local/lib/python3.8/site-packages/airflow/example_dags/example_trigger_target_dag.py took 0.075 seconds
[2024-04-29T17:44:15.124+0000] {processor.py:161} INFO - Started process (PID=7266) to work on /home/airflow/.local/lib/python3.8/site-packages/airflow/example_dags/example_trigger_target_dag.py
[2024-04-29T17:44:15.125+0000] {processor.py:830} INFO - Processing file /home/airflow/.local/lib/python3.8/site-packages/airflow/example_dags/example_trigger_target_dag.py for tasks to queue
[2024-04-29T17:44:15.126+0000] {logging_mixin.py:188} INFO - [2024-04-29T17:44:15.126+0000] {dagbag.py:540} INFO - Filling up the DagBag from /home/airflow/.local/lib/python3.8/site-packages/airflow/example_dags/example_trigger_target_dag.py
[2024-04-29T17:44:15.132+0000] {processor.py:840} INFO - DAG(s) 'example_trigger_target_dag' retrieved from /home/airflow/.local/lib/python3.8/site-packages/airflow/example_dags/example_trigger_target_dag.py
[2024-04-29T17:44:15.156+0000] {logging_mixin.py:188} INFO - [2024-04-29T17:44:15.156+0000] {dag.py:3047} INFO - Sync 1 DAGs
[2024-04-29T17:44:15.172+0000] {logging_mixin.py:188} INFO - [2024-04-29T17:44:15.171+0000] {dag.py:3834} INFO - Setting next_dagrun for example_trigger_target_dag to None, run_after=None
[2024-04-29T17:44:15.202+0000] {processor.py:183} INFO - Processing /home/airflow/.local/lib/python3.8/site-packages/airflow/example_dags/example_trigger_target_dag.py took 0.083 seconds
[2024-04-29T17:44:45.408+0000] {processor.py:161} INFO - Started process (PID=7519) to work on /home/airflow/.local/lib/python3.8/site-packages/airflow/example_dags/example_trigger_target_dag.py
[2024-04-29T17:44:45.409+0000] {processor.py:830} INFO - Processing file /home/airflow/.local/lib/python3.8/site-packages/airflow/example_dags/example_trigger_target_dag.py for tasks to queue
[2024-04-29T17:44:45.411+0000] {logging_mixin.py:188} INFO - [2024-04-29T17:44:45.411+0000] {dagbag.py:540} INFO - Filling up the DagBag from /home/airflow/.local/lib/python3.8/site-packages/airflow/example_dags/example_trigger_target_dag.py
[2024-04-29T17:44:45.441+0000] {processor.py:840} INFO - DAG(s) 'example_trigger_target_dag' retrieved from /home/airflow/.local/lib/python3.8/site-packages/airflow/example_dags/example_trigger_target_dag.py
[2024-04-29T17:44:45.503+0000] {logging_mixin.py:188} INFO - [2024-04-29T17:44:45.503+0000] {dag.py:3047} INFO - Sync 1 DAGs
[2024-04-29T17:44:45.517+0000] {logging_mixin.py:188} INFO - [2024-04-29T17:44:45.517+0000] {dag.py:3834} INFO - Setting next_dagrun for example_trigger_target_dag to None, run_after=None
[2024-04-29T17:44:45.574+0000] {processor.py:183} INFO - Processing /home/airflow/.local/lib/python3.8/site-packages/airflow/example_dags/example_trigger_target_dag.py took 0.170 seconds
[2024-04-29T17:45:15.900+0000] {processor.py:161} INFO - Started process (PID=7767) to work on /home/airflow/.local/lib/python3.8/site-packages/airflow/example_dags/example_trigger_target_dag.py
[2024-04-29T17:45:15.901+0000] {processor.py:830} INFO - Processing file /home/airflow/.local/lib/python3.8/site-packages/airflow/example_dags/example_trigger_target_dag.py for tasks to queue
[2024-04-29T17:45:15.903+0000] {logging_mixin.py:188} INFO - [2024-04-29T17:45:15.902+0000] {dagbag.py:540} INFO - Filling up the DagBag from /home/airflow/.local/lib/python3.8/site-packages/airflow/example_dags/example_trigger_target_dag.py
[2024-04-29T17:45:15.909+0000] {processor.py:840} INFO - DAG(s) 'example_trigger_target_dag' retrieved from /home/airflow/.local/lib/python3.8/site-packages/airflow/example_dags/example_trigger_target_dag.py
[2024-04-29T17:45:15.936+0000] {logging_mixin.py:188} INFO - [2024-04-29T17:45:15.935+0000] {dag.py:3047} INFO - Sync 1 DAGs
[2024-04-29T17:45:15.951+0000] {logging_mixin.py:188} INFO - [2024-04-29T17:45:15.951+0000] {dag.py:3834} INFO - Setting next_dagrun for example_trigger_target_dag to None, run_after=None
[2024-04-29T17:45:15.976+0000] {processor.py:183} INFO - Processing /home/airflow/.local/lib/python3.8/site-packages/airflow/example_dags/example_trigger_target_dag.py took 0.079 seconds
[2024-04-29T17:45:46.298+0000] {processor.py:161} INFO - Started process (PID=8015) to work on /home/airflow/.local/lib/python3.8/site-packages/airflow/example_dags/example_trigger_target_dag.py
[2024-04-29T17:45:46.299+0000] {processor.py:830} INFO - Processing file /home/airflow/.local/lib/python3.8/site-packages/airflow/example_dags/example_trigger_target_dag.py for tasks to queue
[2024-04-29T17:45:46.300+0000] {logging_mixin.py:188} INFO - [2024-04-29T17:45:46.300+0000] {dagbag.py:540} INFO - Filling up the DagBag from /home/airflow/.local/lib/python3.8/site-packages/airflow/example_dags/example_trigger_target_dag.py
[2024-04-29T17:45:46.306+0000] {processor.py:840} INFO - DAG(s) 'example_trigger_target_dag' retrieved from /home/airflow/.local/lib/python3.8/site-packages/airflow/example_dags/example_trigger_target_dag.py
[2024-04-29T17:45:46.334+0000] {logging_mixin.py:188} INFO - [2024-04-29T17:45:46.334+0000] {dag.py:3047} INFO - Sync 1 DAGs
[2024-04-29T17:45:46.371+0000] {logging_mixin.py:188} INFO - [2024-04-29T17:45:46.370+0000] {dag.py:3834} INFO - Setting next_dagrun for example_trigger_target_dag to None, run_after=None
[2024-04-29T17:45:46.409+0000] {processor.py:183} INFO - Processing /home/airflow/.local/lib/python3.8/site-packages/airflow/example_dags/example_trigger_target_dag.py took 0.114 seconds
[2024-04-29T17:46:16.655+0000] {processor.py:161} INFO - Started process (PID=8263) to work on /home/airflow/.local/lib/python3.8/site-packages/airflow/example_dags/example_trigger_target_dag.py
[2024-04-29T17:46:16.655+0000] {processor.py:830} INFO - Processing file /home/airflow/.local/lib/python3.8/site-packages/airflow/example_dags/example_trigger_target_dag.py for tasks to queue
[2024-04-29T17:46:16.656+0000] {logging_mixin.py:188} INFO - [2024-04-29T17:46:16.656+0000] {dagbag.py:540} INFO - Filling up the DagBag from /home/airflow/.local/lib/python3.8/site-packages/airflow/example_dags/example_trigger_target_dag.py
[2024-04-29T17:46:16.662+0000] {processor.py:840} INFO - DAG(s) 'example_trigger_target_dag' retrieved from /home/airflow/.local/lib/python3.8/site-packages/airflow/example_dags/example_trigger_target_dag.py
[2024-04-29T17:46:16.689+0000] {logging_mixin.py:188} INFO - [2024-04-29T17:46:16.689+0000] {dag.py:3047} INFO - Sync 1 DAGs
[2024-04-29T17:46:16.703+0000] {logging_mixin.py:188} INFO - [2024-04-29T17:46:16.703+0000] {dag.py:3834} INFO - Setting next_dagrun for example_trigger_target_dag to None, run_after=None
[2024-04-29T17:46:16.732+0000] {processor.py:183} INFO - Processing /home/airflow/.local/lib/python3.8/site-packages/airflow/example_dags/example_trigger_target_dag.py took 0.081 seconds
[2024-04-29T17:46:46.867+0000] {processor.py:161} INFO - Started process (PID=8510) to work on /home/airflow/.local/lib/python3.8/site-packages/airflow/example_dags/example_trigger_target_dag.py
[2024-04-29T17:46:46.869+0000] {processor.py:830} INFO - Processing file /home/airflow/.local/lib/python3.8/site-packages/airflow/example_dags/example_trigger_target_dag.py for tasks to queue
[2024-04-29T17:46:46.870+0000] {logging_mixin.py:188} INFO - [2024-04-29T17:46:46.869+0000] {dagbag.py:540} INFO - Filling up the DagBag from /home/airflow/.local/lib/python3.8/site-packages/airflow/example_dags/example_trigger_target_dag.py
[2024-04-29T17:46:46.876+0000] {processor.py:840} INFO - DAG(s) 'example_trigger_target_dag' retrieved from /home/airflow/.local/lib/python3.8/site-packages/airflow/example_dags/example_trigger_target_dag.py
[2024-04-29T17:46:46.907+0000] {logging_mixin.py:188} INFO - [2024-04-29T17:46:46.906+0000] {dag.py:3047} INFO - Sync 1 DAGs
[2024-04-29T17:46:46.936+0000] {logging_mixin.py:188} INFO - [2024-04-29T17:46:46.936+0000] {dag.py:3834} INFO - Setting next_dagrun for example_trigger_target_dag to None, run_after=None
[2024-04-29T17:46:46.978+0000] {processor.py:183} INFO - Processing /home/airflow/.local/lib/python3.8/site-packages/airflow/example_dags/example_trigger_target_dag.py took 0.114 seconds
[2024-04-29T17:47:17.629+0000] {processor.py:161} INFO - Started process (PID=8758) to work on /home/airflow/.local/lib/python3.8/site-packages/airflow/example_dags/example_trigger_target_dag.py
[2024-04-29T17:47:17.630+0000] {processor.py:830} INFO - Processing file /home/airflow/.local/lib/python3.8/site-packages/airflow/example_dags/example_trigger_target_dag.py for tasks to queue
[2024-04-29T17:47:17.631+0000] {logging_mixin.py:188} INFO - [2024-04-29T17:47:17.631+0000] {dagbag.py:540} INFO - Filling up the DagBag from /home/airflow/.local/lib/python3.8/site-packages/airflow/example_dags/example_trigger_target_dag.py
[2024-04-29T17:47:17.644+0000] {processor.py:840} INFO - DAG(s) 'example_trigger_target_dag' retrieved from /home/airflow/.local/lib/python3.8/site-packages/airflow/example_dags/example_trigger_target_dag.py
[2024-04-29T17:47:17.699+0000] {logging_mixin.py:188} INFO - [2024-04-29T17:47:17.699+0000] {dag.py:3047} INFO - Sync 1 DAGs
[2024-04-29T17:47:17.724+0000] {logging_mixin.py:188} INFO - [2024-04-29T17:47:17.724+0000] {dag.py:3834} INFO - Setting next_dagrun for example_trigger_target_dag to None, run_after=None
[2024-04-29T17:47:17.748+0000] {processor.py:183} INFO - Processing /home/airflow/.local/lib/python3.8/site-packages/airflow/example_dags/example_trigger_target_dag.py took 0.124 seconds
[2024-04-29T17:47:48.008+0000] {processor.py:161} INFO - Started process (PID=9006) to work on /home/airflow/.local/lib/python3.8/site-packages/airflow/example_dags/example_trigger_target_dag.py
[2024-04-29T17:47:48.025+0000] {processor.py:830} INFO - Processing file /home/airflow/.local/lib/python3.8/site-packages/airflow/example_dags/example_trigger_target_dag.py for tasks to queue
[2024-04-29T17:47:48.026+0000] {logging_mixin.py:188} INFO - [2024-04-29T17:47:48.026+0000] {dagbag.py:540} INFO - Filling up the DagBag from /home/airflow/.local/lib/python3.8/site-packages/airflow/example_dags/example_trigger_target_dag.py
[2024-04-29T17:47:48.040+0000] {processor.py:840} INFO - DAG(s) 'example_trigger_target_dag' retrieved from /home/airflow/.local/lib/python3.8/site-packages/airflow/example_dags/example_trigger_target_dag.py
[2024-04-29T17:47:48.063+0000] {logging_mixin.py:188} INFO - [2024-04-29T17:47:48.063+0000] {dag.py:3047} INFO - Sync 1 DAGs
[2024-04-29T17:47:48.092+0000] {logging_mixin.py:188} INFO - [2024-04-29T17:47:48.089+0000] {dag.py:3834} INFO - Setting next_dagrun for example_trigger_target_dag to None, run_after=None
[2024-04-29T17:47:48.120+0000] {processor.py:183} INFO - Processing /home/airflow/.local/lib/python3.8/site-packages/airflow/example_dags/example_trigger_target_dag.py took 0.119 seconds
