[2024-04-29T17:29:59.540+0000] {processor.py:161} INFO - Started process (PID=191) to work on /home/airflow/.local/lib/python3.8/site-packages/airflow/example_dags/example_nested_branch_dag.py
[2024-04-29T17:29:59.546+0000] {processor.py:830} INFO - Processing file /home/airflow/.local/lib/python3.8/site-packages/airflow/example_dags/example_nested_branch_dag.py for tasks to queue
[2024-04-29T17:29:59.548+0000] {logging_mixin.py:188} INFO - [2024-04-29T17:29:59.547+0000] {dagbag.py:540} INFO - Filling up the DagBag from /home/airflow/.local/lib/python3.8/site-packages/airflow/example_dags/example_nested_branch_dag.py
[2024-04-29T17:29:59.576+0000] {processor.py:840} INFO - DAG(s) 'example_nested_branch_dag' retrieved from /home/airflow/.local/lib/python3.8/site-packages/airflow/example_dags/example_nested_branch_dag.py
[2024-04-29T17:29:59.876+0000] {logging_mixin.py:188} INFO - [2024-04-29T17:29:59.875+0000] {override.py:1769} INFO - Created Permission View: can edit on DAG:example_nested_branch_dag
[2024-04-29T17:29:59.917+0000] {logging_mixin.py:188} INFO - [2024-04-29T17:29:59.917+0000] {override.py:1769} INFO - Created Permission View: can delete on DAG:example_nested_branch_dag
[2024-04-29T17:29:59.954+0000] {logging_mixin.py:188} INFO - [2024-04-29T17:29:59.954+0000] {override.py:1769} INFO - Created Permission View: can read on DAG:example_nested_branch_dag
[2024-04-29T17:29:59.955+0000] {logging_mixin.py:188} INFO - [2024-04-29T17:29:59.955+0000] {dag.py:3047} INFO - Sync 1 DAGs
[2024-04-29T17:29:59.994+0000] {logging_mixin.py:188} INFO - [2024-04-29T17:29:59.994+0000] {dag.py:3069} INFO - Creating ORM DAG for example_nested_branch_dag
[2024-04-29T17:30:00.034+0000] {logging_mixin.py:188} INFO - [2024-04-29T17:30:00.033+0000] {dag.py:3834} INFO - Setting next_dagrun for example_nested_branch_dag to 2024-04-28 00:00:00+00:00, run_after=2024-04-29 00:00:00+00:00
[2024-04-29T17:30:00.062+0000] {processor.py:183} INFO - Processing /home/airflow/.local/lib/python3.8/site-packages/airflow/example_dags/example_nested_branch_dag.py took 0.525 seconds
[2024-04-29T17:30:30.965+0000] {processor.py:161} INFO - Started process (PID=440) to work on /home/airflow/.local/lib/python3.8/site-packages/airflow/example_dags/example_nested_branch_dag.py
[2024-04-29T17:30:30.966+0000] {processor.py:830} INFO - Processing file /home/airflow/.local/lib/python3.8/site-packages/airflow/example_dags/example_nested_branch_dag.py for tasks to queue
[2024-04-29T17:30:30.966+0000] {logging_mixin.py:188} INFO - [2024-04-29T17:30:30.966+0000] {dagbag.py:540} INFO - Filling up the DagBag from /home/airflow/.local/lib/python3.8/site-packages/airflow/example_dags/example_nested_branch_dag.py
[2024-04-29T17:30:30.985+0000] {processor.py:840} INFO - DAG(s) 'example_nested_branch_dag' retrieved from /home/airflow/.local/lib/python3.8/site-packages/airflow/example_dags/example_nested_branch_dag.py
[2024-04-29T17:30:31.009+0000] {logging_mixin.py:188} INFO - [2024-04-29T17:30:31.009+0000] {dag.py:3047} INFO - Sync 1 DAGs
[2024-04-29T17:30:31.035+0000] {logging_mixin.py:188} INFO - [2024-04-29T17:30:31.035+0000] {dag.py:3834} INFO - Setting next_dagrun for example_nested_branch_dag to 2024-04-28 00:00:00+00:00, run_after=2024-04-29 00:00:00+00:00
[2024-04-29T17:30:31.061+0000] {processor.py:183} INFO - Processing /home/airflow/.local/lib/python3.8/site-packages/airflow/example_dags/example_nested_branch_dag.py took 0.100 seconds
[2024-04-29T17:31:01.277+0000] {processor.py:161} INFO - Started process (PID=687) to work on /home/airflow/.local/lib/python3.8/site-packages/airflow/example_dags/example_nested_branch_dag.py
[2024-04-29T17:31:01.278+0000] {processor.py:830} INFO - Processing file /home/airflow/.local/lib/python3.8/site-packages/airflow/example_dags/example_nested_branch_dag.py for tasks to queue
[2024-04-29T17:31:01.279+0000] {logging_mixin.py:188} INFO - [2024-04-29T17:31:01.279+0000] {dagbag.py:540} INFO - Filling up the DagBag from /home/airflow/.local/lib/python3.8/site-packages/airflow/example_dags/example_nested_branch_dag.py
[2024-04-29T17:31:01.296+0000] {processor.py:840} INFO - DAG(s) 'example_nested_branch_dag' retrieved from /home/airflow/.local/lib/python3.8/site-packages/airflow/example_dags/example_nested_branch_dag.py
[2024-04-29T17:31:01.320+0000] {logging_mixin.py:188} INFO - [2024-04-29T17:31:01.320+0000] {dag.py:3047} INFO - Sync 1 DAGs
[2024-04-29T17:31:01.355+0000] {logging_mixin.py:188} INFO - [2024-04-29T17:31:01.352+0000] {dag.py:3834} INFO - Setting next_dagrun for example_nested_branch_dag to 2024-04-28 00:00:00+00:00, run_after=2024-04-29 00:00:00+00:00
[2024-04-29T17:31:01.385+0000] {processor.py:183} INFO - Processing /home/airflow/.local/lib/python3.8/site-packages/airflow/example_dags/example_nested_branch_dag.py took 0.111 seconds
[2024-04-29T17:31:31.909+0000] {processor.py:161} INFO - Started process (PID=934) to work on /home/airflow/.local/lib/python3.8/site-packages/airflow/example_dags/example_nested_branch_dag.py
[2024-04-29T17:31:31.910+0000] {processor.py:830} INFO - Processing file /home/airflow/.local/lib/python3.8/site-packages/airflow/example_dags/example_nested_branch_dag.py for tasks to queue
[2024-04-29T17:31:31.911+0000] {logging_mixin.py:188} INFO - [2024-04-29T17:31:31.911+0000] {dagbag.py:540} INFO - Filling up the DagBag from /home/airflow/.local/lib/python3.8/site-packages/airflow/example_dags/example_nested_branch_dag.py
[2024-04-29T17:31:31.923+0000] {processor.py:840} INFO - DAG(s) 'example_nested_branch_dag' retrieved from /home/airflow/.local/lib/python3.8/site-packages/airflow/example_dags/example_nested_branch_dag.py
[2024-04-29T17:31:31.949+0000] {logging_mixin.py:188} INFO - [2024-04-29T17:31:31.949+0000] {dag.py:3047} INFO - Sync 1 DAGs
[2024-04-29T17:31:31.977+0000] {logging_mixin.py:188} INFO - [2024-04-29T17:31:31.977+0000] {dag.py:3834} INFO - Setting next_dagrun for example_nested_branch_dag to 2024-04-28 00:00:00+00:00, run_after=2024-04-29 00:00:00+00:00
[2024-04-29T17:31:31.999+0000] {processor.py:183} INFO - Processing /home/airflow/.local/lib/python3.8/site-packages/airflow/example_dags/example_nested_branch_dag.py took 0.093 seconds
[2024-04-29T17:32:02.327+0000] {processor.py:161} INFO - Started process (PID=1182) to work on /home/airflow/.local/lib/python3.8/site-packages/airflow/example_dags/example_nested_branch_dag.py
[2024-04-29T17:32:02.328+0000] {processor.py:830} INFO - Processing file /home/airflow/.local/lib/python3.8/site-packages/airflow/example_dags/example_nested_branch_dag.py for tasks to queue
[2024-04-29T17:32:02.329+0000] {logging_mixin.py:188} INFO - [2024-04-29T17:32:02.329+0000] {dagbag.py:540} INFO - Filling up the DagBag from /home/airflow/.local/lib/python3.8/site-packages/airflow/example_dags/example_nested_branch_dag.py
[2024-04-29T17:32:02.340+0000] {processor.py:840} INFO - DAG(s) 'example_nested_branch_dag' retrieved from /home/airflow/.local/lib/python3.8/site-packages/airflow/example_dags/example_nested_branch_dag.py
[2024-04-29T17:32:02.367+0000] {logging_mixin.py:188} INFO - [2024-04-29T17:32:02.367+0000] {dag.py:3047} INFO - Sync 1 DAGs
[2024-04-29T17:32:02.395+0000] {logging_mixin.py:188} INFO - [2024-04-29T17:32:02.395+0000] {dag.py:3834} INFO - Setting next_dagrun for example_nested_branch_dag to 2024-04-28 00:00:00+00:00, run_after=2024-04-29 00:00:00+00:00
[2024-04-29T17:32:02.419+0000] {processor.py:183} INFO - Processing /home/airflow/.local/lib/python3.8/site-packages/airflow/example_dags/example_nested_branch_dag.py took 0.095 seconds
[2024-04-29T17:32:32.631+0000] {processor.py:161} INFO - Started process (PID=1430) to work on /home/airflow/.local/lib/python3.8/site-packages/airflow/example_dags/example_nested_branch_dag.py
[2024-04-29T17:32:32.638+0000] {processor.py:830} INFO - Processing file /home/airflow/.local/lib/python3.8/site-packages/airflow/example_dags/example_nested_branch_dag.py for tasks to queue
[2024-04-29T17:32:32.639+0000] {logging_mixin.py:188} INFO - [2024-04-29T17:32:32.638+0000] {dagbag.py:540} INFO - Filling up the DagBag from /home/airflow/.local/lib/python3.8/site-packages/airflow/example_dags/example_nested_branch_dag.py
[2024-04-29T17:32:32.668+0000] {processor.py:840} INFO - DAG(s) 'example_nested_branch_dag' retrieved from /home/airflow/.local/lib/python3.8/site-packages/airflow/example_dags/example_nested_branch_dag.py
[2024-04-29T17:32:32.713+0000] {logging_mixin.py:188} INFO - [2024-04-29T17:32:32.713+0000] {dag.py:3047} INFO - Sync 1 DAGs
[2024-04-29T17:32:32.759+0000] {logging_mixin.py:188} INFO - [2024-04-29T17:32:32.759+0000] {dag.py:3834} INFO - Setting next_dagrun for example_nested_branch_dag to 2024-04-28 00:00:00+00:00, run_after=2024-04-29 00:00:00+00:00
[2024-04-29T17:32:32.806+0000] {processor.py:183} INFO - Processing /home/airflow/.local/lib/python3.8/site-packages/airflow/example_dags/example_nested_branch_dag.py took 0.178 seconds
[2024-04-29T17:33:03.510+0000] {processor.py:161} INFO - Started process (PID=1678) to work on /home/airflow/.local/lib/python3.8/site-packages/airflow/example_dags/example_nested_branch_dag.py
[2024-04-29T17:33:03.512+0000] {processor.py:830} INFO - Processing file /home/airflow/.local/lib/python3.8/site-packages/airflow/example_dags/example_nested_branch_dag.py for tasks to queue
[2024-04-29T17:33:03.513+0000] {logging_mixin.py:188} INFO - [2024-04-29T17:33:03.512+0000] {dagbag.py:540} INFO - Filling up the DagBag from /home/airflow/.local/lib/python3.8/site-packages/airflow/example_dags/example_nested_branch_dag.py
[2024-04-29T17:33:03.525+0000] {processor.py:840} INFO - DAG(s) 'example_nested_branch_dag' retrieved from /home/airflow/.local/lib/python3.8/site-packages/airflow/example_dags/example_nested_branch_dag.py
[2024-04-29T17:33:03.554+0000] {logging_mixin.py:188} INFO - [2024-04-29T17:33:03.554+0000] {dag.py:3047} INFO - Sync 1 DAGs
[2024-04-29T17:33:03.582+0000] {logging_mixin.py:188} INFO - [2024-04-29T17:33:03.582+0000] {dag.py:3834} INFO - Setting next_dagrun for example_nested_branch_dag to 2024-04-28 00:00:00+00:00, run_after=2024-04-29 00:00:00+00:00
[2024-04-29T17:33:03.608+0000] {processor.py:183} INFO - Processing /home/airflow/.local/lib/python3.8/site-packages/airflow/example_dags/example_nested_branch_dag.py took 0.101 seconds
[2024-04-29T17:33:34.049+0000] {processor.py:161} INFO - Started process (PID=1925) to work on /home/airflow/.local/lib/python3.8/site-packages/airflow/example_dags/example_nested_branch_dag.py
[2024-04-29T17:33:34.050+0000] {processor.py:830} INFO - Processing file /home/airflow/.local/lib/python3.8/site-packages/airflow/example_dags/example_nested_branch_dag.py for tasks to queue
[2024-04-29T17:33:34.051+0000] {logging_mixin.py:188} INFO - [2024-04-29T17:33:34.051+0000] {dagbag.py:540} INFO - Filling up the DagBag from /home/airflow/.local/lib/python3.8/site-packages/airflow/example_dags/example_nested_branch_dag.py
[2024-04-29T17:33:34.063+0000] {processor.py:840} INFO - DAG(s) 'example_nested_branch_dag' retrieved from /home/airflow/.local/lib/python3.8/site-packages/airflow/example_dags/example_nested_branch_dag.py
[2024-04-29T17:33:34.090+0000] {logging_mixin.py:188} INFO - [2024-04-29T17:33:34.090+0000] {dag.py:3047} INFO - Sync 1 DAGs
[2024-04-29T17:33:34.117+0000] {logging_mixin.py:188} INFO - [2024-04-29T17:33:34.117+0000] {dag.py:3834} INFO - Setting next_dagrun for example_nested_branch_dag to 2024-04-28 00:00:00+00:00, run_after=2024-04-29 00:00:00+00:00
[2024-04-29T17:33:34.139+0000] {processor.py:183} INFO - Processing /home/airflow/.local/lib/python3.8/site-packages/airflow/example_dags/example_nested_branch_dag.py took 0.093 seconds
[2024-04-29T17:34:04.399+0000] {processor.py:161} INFO - Started process (PID=2171) to work on /home/airflow/.local/lib/python3.8/site-packages/airflow/example_dags/example_nested_branch_dag.py
[2024-04-29T17:34:04.399+0000] {processor.py:830} INFO - Processing file /home/airflow/.local/lib/python3.8/site-packages/airflow/example_dags/example_nested_branch_dag.py for tasks to queue
[2024-04-29T17:34:04.400+0000] {logging_mixin.py:188} INFO - [2024-04-29T17:34:04.400+0000] {dagbag.py:540} INFO - Filling up the DagBag from /home/airflow/.local/lib/python3.8/site-packages/airflow/example_dags/example_nested_branch_dag.py
[2024-04-29T17:34:04.412+0000] {processor.py:840} INFO - DAG(s) 'example_nested_branch_dag' retrieved from /home/airflow/.local/lib/python3.8/site-packages/airflow/example_dags/example_nested_branch_dag.py
[2024-04-29T17:34:04.440+0000] {logging_mixin.py:188} INFO - [2024-04-29T17:34:04.439+0000] {dag.py:3047} INFO - Sync 1 DAGs
[2024-04-29T17:34:04.468+0000] {logging_mixin.py:188} INFO - [2024-04-29T17:34:04.468+0000] {dag.py:3834} INFO - Setting next_dagrun for example_nested_branch_dag to 2024-04-28 00:00:00+00:00, run_after=2024-04-29 00:00:00+00:00
[2024-04-29T17:34:04.491+0000] {processor.py:183} INFO - Processing /home/airflow/.local/lib/python3.8/site-packages/airflow/example_dags/example_nested_branch_dag.py took 0.096 seconds
[2024-04-29T17:34:35.078+0000] {processor.py:161} INFO - Started process (PID=2418) to work on /home/airflow/.local/lib/python3.8/site-packages/airflow/example_dags/example_nested_branch_dag.py
[2024-04-29T17:34:35.079+0000] {processor.py:830} INFO - Processing file /home/airflow/.local/lib/python3.8/site-packages/airflow/example_dags/example_nested_branch_dag.py for tasks to queue
[2024-04-29T17:34:35.079+0000] {logging_mixin.py:188} INFO - [2024-04-29T17:34:35.079+0000] {dagbag.py:540} INFO - Filling up the DagBag from /home/airflow/.local/lib/python3.8/site-packages/airflow/example_dags/example_nested_branch_dag.py
[2024-04-29T17:34:35.092+0000] {processor.py:840} INFO - DAG(s) 'example_nested_branch_dag' retrieved from /home/airflow/.local/lib/python3.8/site-packages/airflow/example_dags/example_nested_branch_dag.py
[2024-04-29T17:34:35.119+0000] {logging_mixin.py:188} INFO - [2024-04-29T17:34:35.118+0000] {dag.py:3047} INFO - Sync 1 DAGs
[2024-04-29T17:34:35.148+0000] {logging_mixin.py:188} INFO - [2024-04-29T17:34:35.147+0000] {dag.py:3834} INFO - Setting next_dagrun for example_nested_branch_dag to 2024-04-28 00:00:00+00:00, run_after=2024-04-29 00:00:00+00:00
[2024-04-29T17:34:35.170+0000] {processor.py:183} INFO - Processing /home/airflow/.local/lib/python3.8/site-packages/airflow/example_dags/example_nested_branch_dag.py took 0.096 seconds
[2024-04-29T17:35:05.530+0000] {processor.py:161} INFO - Started process (PID=2665) to work on /home/airflow/.local/lib/python3.8/site-packages/airflow/example_dags/example_nested_branch_dag.py
[2024-04-29T17:35:05.531+0000] {processor.py:830} INFO - Processing file /home/airflow/.local/lib/python3.8/site-packages/airflow/example_dags/example_nested_branch_dag.py for tasks to queue
[2024-04-29T17:35:05.532+0000] {logging_mixin.py:188} INFO - [2024-04-29T17:35:05.531+0000] {dagbag.py:540} INFO - Filling up the DagBag from /home/airflow/.local/lib/python3.8/site-packages/airflow/example_dags/example_nested_branch_dag.py
[2024-04-29T17:35:05.551+0000] {processor.py:840} INFO - DAG(s) 'example_nested_branch_dag' retrieved from /home/airflow/.local/lib/python3.8/site-packages/airflow/example_dags/example_nested_branch_dag.py
[2024-04-29T17:35:05.591+0000] {logging_mixin.py:188} INFO - [2024-04-29T17:35:05.590+0000] {dag.py:3047} INFO - Sync 1 DAGs
[2024-04-29T17:35:05.625+0000] {logging_mixin.py:188} INFO - [2024-04-29T17:35:05.625+0000] {dag.py:3834} INFO - Setting next_dagrun for example_nested_branch_dag to 2024-04-28 00:00:00+00:00, run_after=2024-04-29 00:00:00+00:00
[2024-04-29T17:35:05.651+0000] {processor.py:183} INFO - Processing /home/airflow/.local/lib/python3.8/site-packages/airflow/example_dags/example_nested_branch_dag.py took 0.129 seconds
[2024-04-29T17:35:36.367+0000] {processor.py:161} INFO - Started process (PID=2912) to work on /home/airflow/.local/lib/python3.8/site-packages/airflow/example_dags/example_nested_branch_dag.py
[2024-04-29T17:35:36.368+0000] {processor.py:830} INFO - Processing file /home/airflow/.local/lib/python3.8/site-packages/airflow/example_dags/example_nested_branch_dag.py for tasks to queue
[2024-04-29T17:35:36.369+0000] {logging_mixin.py:188} INFO - [2024-04-29T17:35:36.369+0000] {dagbag.py:540} INFO - Filling up the DagBag from /home/airflow/.local/lib/python3.8/site-packages/airflow/example_dags/example_nested_branch_dag.py
[2024-04-29T17:35:36.381+0000] {processor.py:840} INFO - DAG(s) 'example_nested_branch_dag' retrieved from /home/airflow/.local/lib/python3.8/site-packages/airflow/example_dags/example_nested_branch_dag.py
[2024-04-29T17:35:36.410+0000] {logging_mixin.py:188} INFO - [2024-04-29T17:35:36.409+0000] {dag.py:3047} INFO - Sync 1 DAGs
[2024-04-29T17:35:36.436+0000] {logging_mixin.py:188} INFO - [2024-04-29T17:35:36.436+0000] {dag.py:3834} INFO - Setting next_dagrun for example_nested_branch_dag to 2024-04-28 00:00:00+00:00, run_after=2024-04-29 00:00:00+00:00
[2024-04-29T17:35:36.458+0000] {processor.py:183} INFO - Processing /home/airflow/.local/lib/python3.8/site-packages/airflow/example_dags/example_nested_branch_dag.py took 0.094 seconds
[2024-04-29T17:36:06.953+0000] {processor.py:161} INFO - Started process (PID=3161) to work on /home/airflow/.local/lib/python3.8/site-packages/airflow/example_dags/example_nested_branch_dag.py
[2024-04-29T17:36:06.953+0000] {processor.py:830} INFO - Processing file /home/airflow/.local/lib/python3.8/site-packages/airflow/example_dags/example_nested_branch_dag.py for tasks to queue
[2024-04-29T17:36:06.955+0000] {logging_mixin.py:188} INFO - [2024-04-29T17:36:06.954+0000] {dagbag.py:540} INFO - Filling up the DagBag from /home/airflow/.local/lib/python3.8/site-packages/airflow/example_dags/example_nested_branch_dag.py
[2024-04-29T17:36:06.966+0000] {processor.py:840} INFO - DAG(s) 'example_nested_branch_dag' retrieved from /home/airflow/.local/lib/python3.8/site-packages/airflow/example_dags/example_nested_branch_dag.py
[2024-04-29T17:36:07.004+0000] {logging_mixin.py:188} INFO - [2024-04-29T17:36:07.004+0000] {dag.py:3047} INFO - Sync 1 DAGs
[2024-04-29T17:36:07.052+0000] {logging_mixin.py:188} INFO - [2024-04-29T17:36:07.052+0000] {dag.py:3834} INFO - Setting next_dagrun for example_nested_branch_dag to 2024-04-28 00:00:00+00:00, run_after=2024-04-29 00:00:00+00:00
[2024-04-29T17:36:07.097+0000] {processor.py:183} INFO - Processing /home/airflow/.local/lib/python3.8/site-packages/airflow/example_dags/example_nested_branch_dag.py took 0.147 seconds
[2024-04-29T17:36:37.468+0000] {processor.py:161} INFO - Started process (PID=3409) to work on /home/airflow/.local/lib/python3.8/site-packages/airflow/example_dags/example_nested_branch_dag.py
[2024-04-29T17:36:37.470+0000] {processor.py:830} INFO - Processing file /home/airflow/.local/lib/python3.8/site-packages/airflow/example_dags/example_nested_branch_dag.py for tasks to queue
[2024-04-29T17:36:37.471+0000] {logging_mixin.py:188} INFO - [2024-04-29T17:36:37.471+0000] {dagbag.py:540} INFO - Filling up the DagBag from /home/airflow/.local/lib/python3.8/site-packages/airflow/example_dags/example_nested_branch_dag.py
[2024-04-29T17:36:37.486+0000] {processor.py:840} INFO - DAG(s) 'example_nested_branch_dag' retrieved from /home/airflow/.local/lib/python3.8/site-packages/airflow/example_dags/example_nested_branch_dag.py
[2024-04-29T17:36:37.520+0000] {logging_mixin.py:188} INFO - [2024-04-29T17:36:37.520+0000] {dag.py:3047} INFO - Sync 1 DAGs
[2024-04-29T17:36:37.551+0000] {logging_mixin.py:188} INFO - [2024-04-29T17:36:37.551+0000] {dag.py:3834} INFO - Setting next_dagrun for example_nested_branch_dag to 2024-04-28 00:00:00+00:00, run_after=2024-04-29 00:00:00+00:00
[2024-04-29T17:36:37.573+0000] {processor.py:183} INFO - Processing /home/airflow/.local/lib/python3.8/site-packages/airflow/example_dags/example_nested_branch_dag.py took 0.109 seconds
[2024-04-29T17:37:08.348+0000] {processor.py:161} INFO - Started process (PID=3684) to work on /home/airflow/.local/lib/python3.8/site-packages/airflow/example_dags/example_nested_branch_dag.py
[2024-04-29T17:37:08.374+0000] {processor.py:830} INFO - Processing file /home/airflow/.local/lib/python3.8/site-packages/airflow/example_dags/example_nested_branch_dag.py for tasks to queue
[2024-04-29T17:37:08.385+0000] {logging_mixin.py:188} INFO - [2024-04-29T17:37:08.385+0000] {dagbag.py:540} INFO - Filling up the DagBag from /home/airflow/.local/lib/python3.8/site-packages/airflow/example_dags/example_nested_branch_dag.py
[2024-04-29T17:37:08.468+0000] {processor.py:840} INFO - DAG(s) 'example_nested_branch_dag' retrieved from /home/airflow/.local/lib/python3.8/site-packages/airflow/example_dags/example_nested_branch_dag.py
[2024-04-29T17:37:08.506+0000] {logging_mixin.py:188} INFO - [2024-04-29T17:37:08.505+0000] {dag.py:3047} INFO - Sync 1 DAGs
[2024-04-29T17:37:08.632+0000] {logging_mixin.py:188} INFO - [2024-04-29T17:37:08.632+0000] {dag.py:3834} INFO - Setting next_dagrun for example_nested_branch_dag to 2024-04-28 00:00:00+00:00, run_after=2024-04-29 00:00:00+00:00
[2024-04-29T17:37:08.738+0000] {processor.py:183} INFO - Processing /home/airflow/.local/lib/python3.8/site-packages/airflow/example_dags/example_nested_branch_dag.py took 0.393 seconds
[2024-04-29T17:37:38.975+0000] {processor.py:161} INFO - Started process (PID=4035) to work on /home/airflow/.local/lib/python3.8/site-packages/airflow/example_dags/example_nested_branch_dag.py
[2024-04-29T17:37:38.976+0000] {processor.py:830} INFO - Processing file /home/airflow/.local/lib/python3.8/site-packages/airflow/example_dags/example_nested_branch_dag.py for tasks to queue
[2024-04-29T17:37:38.977+0000] {logging_mixin.py:188} INFO - [2024-04-29T17:37:38.977+0000] {dagbag.py:540} INFO - Filling up the DagBag from /home/airflow/.local/lib/python3.8/site-packages/airflow/example_dags/example_nested_branch_dag.py
[2024-04-29T17:37:38.985+0000] {processor.py:840} INFO - DAG(s) 'example_nested_branch_dag' retrieved from /home/airflow/.local/lib/python3.8/site-packages/airflow/example_dags/example_nested_branch_dag.py
[2024-04-29T17:37:39.002+0000] {logging_mixin.py:188} INFO - [2024-04-29T17:37:39.002+0000] {dag.py:3047} INFO - Sync 1 DAGs
[2024-04-29T17:37:39.023+0000] {logging_mixin.py:188} INFO - [2024-04-29T17:37:39.023+0000] {dag.py:3834} INFO - Setting next_dagrun for example_nested_branch_dag to 2024-04-28 00:00:00+00:00, run_after=2024-04-29 00:00:00+00:00
[2024-04-29T17:37:39.043+0000] {processor.py:183} INFO - Processing /home/airflow/.local/lib/python3.8/site-packages/airflow/example_dags/example_nested_branch_dag.py took 0.070 seconds
[2024-04-29T17:38:09.413+0000] {processor.py:161} INFO - Started process (PID=4295) to work on /home/airflow/.local/lib/python3.8/site-packages/airflow/example_dags/example_nested_branch_dag.py
[2024-04-29T17:38:09.414+0000] {processor.py:830} INFO - Processing file /home/airflow/.local/lib/python3.8/site-packages/airflow/example_dags/example_nested_branch_dag.py for tasks to queue
[2024-04-29T17:38:09.415+0000] {logging_mixin.py:188} INFO - [2024-04-29T17:38:09.415+0000] {dagbag.py:540} INFO - Filling up the DagBag from /home/airflow/.local/lib/python3.8/site-packages/airflow/example_dags/example_nested_branch_dag.py
[2024-04-29T17:38:09.428+0000] {processor.py:840} INFO - DAG(s) 'example_nested_branch_dag' retrieved from /home/airflow/.local/lib/python3.8/site-packages/airflow/example_dags/example_nested_branch_dag.py
[2024-04-29T17:38:09.454+0000] {logging_mixin.py:188} INFO - [2024-04-29T17:38:09.454+0000] {dag.py:3047} INFO - Sync 1 DAGs
[2024-04-29T17:38:09.481+0000] {logging_mixin.py:188} INFO - [2024-04-29T17:38:09.481+0000] {dag.py:3834} INFO - Setting next_dagrun for example_nested_branch_dag to 2024-04-28 00:00:00+00:00, run_after=2024-04-29 00:00:00+00:00
[2024-04-29T17:38:09.503+0000] {processor.py:183} INFO - Processing /home/airflow/.local/lib/python3.8/site-packages/airflow/example_dags/example_nested_branch_dag.py took 0.094 seconds
[2024-04-29T17:38:39.750+0000] {processor.py:161} INFO - Started process (PID=4543) to work on /home/airflow/.local/lib/python3.8/site-packages/airflow/example_dags/example_nested_branch_dag.py
[2024-04-29T17:38:39.752+0000] {processor.py:830} INFO - Processing file /home/airflow/.local/lib/python3.8/site-packages/airflow/example_dags/example_nested_branch_dag.py for tasks to queue
[2024-04-29T17:38:39.753+0000] {logging_mixin.py:188} INFO - [2024-04-29T17:38:39.752+0000] {dagbag.py:540} INFO - Filling up the DagBag from /home/airflow/.local/lib/python3.8/site-packages/airflow/example_dags/example_nested_branch_dag.py
[2024-04-29T17:38:39.765+0000] {processor.py:840} INFO - DAG(s) 'example_nested_branch_dag' retrieved from /home/airflow/.local/lib/python3.8/site-packages/airflow/example_dags/example_nested_branch_dag.py
[2024-04-29T17:38:39.791+0000] {logging_mixin.py:188} INFO - [2024-04-29T17:38:39.791+0000] {dag.py:3047} INFO - Sync 1 DAGs
[2024-04-29T17:38:39.816+0000] {logging_mixin.py:188} INFO - [2024-04-29T17:38:39.816+0000] {dag.py:3834} INFO - Setting next_dagrun for example_nested_branch_dag to 2024-04-28 00:00:00+00:00, run_after=2024-04-29 00:00:00+00:00
[2024-04-29T17:38:39.848+0000] {processor.py:183} INFO - Processing /home/airflow/.local/lib/python3.8/site-packages/airflow/example_dags/example_nested_branch_dag.py took 0.101 seconds
[2024-04-29T17:39:10.188+0000] {processor.py:161} INFO - Started process (PID=4790) to work on /home/airflow/.local/lib/python3.8/site-packages/airflow/example_dags/example_nested_branch_dag.py
[2024-04-29T17:39:10.189+0000] {processor.py:830} INFO - Processing file /home/airflow/.local/lib/python3.8/site-packages/airflow/example_dags/example_nested_branch_dag.py for tasks to queue
[2024-04-29T17:39:10.190+0000] {logging_mixin.py:188} INFO - [2024-04-29T17:39:10.189+0000] {dagbag.py:540} INFO - Filling up the DagBag from /home/airflow/.local/lib/python3.8/site-packages/airflow/example_dags/example_nested_branch_dag.py
[2024-04-29T17:39:10.214+0000] {processor.py:840} INFO - DAG(s) 'example_nested_branch_dag' retrieved from /home/airflow/.local/lib/python3.8/site-packages/airflow/example_dags/example_nested_branch_dag.py
[2024-04-29T17:39:10.241+0000] {logging_mixin.py:188} INFO - [2024-04-29T17:39:10.241+0000] {dag.py:3047} INFO - Sync 1 DAGs
[2024-04-29T17:39:10.266+0000] {logging_mixin.py:188} INFO - [2024-04-29T17:39:10.266+0000] {dag.py:3834} INFO - Setting next_dagrun for example_nested_branch_dag to 2024-04-28 00:00:00+00:00, run_after=2024-04-29 00:00:00+00:00
[2024-04-29T17:39:10.306+0000] {processor.py:183} INFO - Processing /home/airflow/.local/lib/python3.8/site-packages/airflow/example_dags/example_nested_branch_dag.py took 0.122 seconds
[2024-04-29T17:39:40.739+0000] {processor.py:161} INFO - Started process (PID=5037) to work on /home/airflow/.local/lib/python3.8/site-packages/airflow/example_dags/example_nested_branch_dag.py
[2024-04-29T17:39:40.741+0000] {processor.py:830} INFO - Processing file /home/airflow/.local/lib/python3.8/site-packages/airflow/example_dags/example_nested_branch_dag.py for tasks to queue
[2024-04-29T17:39:40.742+0000] {logging_mixin.py:188} INFO - [2024-04-29T17:39:40.741+0000] {dagbag.py:540} INFO - Filling up the DagBag from /home/airflow/.local/lib/python3.8/site-packages/airflow/example_dags/example_nested_branch_dag.py
[2024-04-29T17:39:40.754+0000] {processor.py:840} INFO - DAG(s) 'example_nested_branch_dag' retrieved from /home/airflow/.local/lib/python3.8/site-packages/airflow/example_dags/example_nested_branch_dag.py
[2024-04-29T17:39:40.778+0000] {logging_mixin.py:188} INFO - [2024-04-29T17:39:40.778+0000] {dag.py:3047} INFO - Sync 1 DAGs
[2024-04-29T17:39:40.806+0000] {logging_mixin.py:188} INFO - [2024-04-29T17:39:40.806+0000] {dag.py:3834} INFO - Setting next_dagrun for example_nested_branch_dag to 2024-04-28 00:00:00+00:00, run_after=2024-04-29 00:00:00+00:00
[2024-04-29T17:39:40.827+0000] {processor.py:183} INFO - Processing /home/airflow/.local/lib/python3.8/site-packages/airflow/example_dags/example_nested_branch_dag.py took 0.091 seconds
[2024-04-29T17:40:11.490+0000] {processor.py:161} INFO - Started process (PID=5283) to work on /home/airflow/.local/lib/python3.8/site-packages/airflow/example_dags/example_nested_branch_dag.py
[2024-04-29T17:40:11.491+0000] {processor.py:830} INFO - Processing file /home/airflow/.local/lib/python3.8/site-packages/airflow/example_dags/example_nested_branch_dag.py for tasks to queue
[2024-04-29T17:40:11.492+0000] {logging_mixin.py:188} INFO - [2024-04-29T17:40:11.492+0000] {dagbag.py:540} INFO - Filling up the DagBag from /home/airflow/.local/lib/python3.8/site-packages/airflow/example_dags/example_nested_branch_dag.py
[2024-04-29T17:40:11.504+0000] {processor.py:840} INFO - DAG(s) 'example_nested_branch_dag' retrieved from /home/airflow/.local/lib/python3.8/site-packages/airflow/example_dags/example_nested_branch_dag.py
[2024-04-29T17:40:11.530+0000] {logging_mixin.py:188} INFO - [2024-04-29T17:40:11.530+0000] {dag.py:3047} INFO - Sync 1 DAGs
[2024-04-29T17:40:11.555+0000] {logging_mixin.py:188} INFO - [2024-04-29T17:40:11.555+0000] {dag.py:3834} INFO - Setting next_dagrun for example_nested_branch_dag to 2024-04-28 00:00:00+00:00, run_after=2024-04-29 00:00:00+00:00
[2024-04-29T17:40:11.576+0000] {processor.py:183} INFO - Processing /home/airflow/.local/lib/python3.8/site-packages/airflow/example_dags/example_nested_branch_dag.py took 0.091 seconds
[2024-04-29T17:40:41.928+0000] {processor.py:161} INFO - Started process (PID=5530) to work on /home/airflow/.local/lib/python3.8/site-packages/airflow/example_dags/example_nested_branch_dag.py
[2024-04-29T17:40:41.929+0000] {processor.py:830} INFO - Processing file /home/airflow/.local/lib/python3.8/site-packages/airflow/example_dags/example_nested_branch_dag.py for tasks to queue
[2024-04-29T17:40:41.930+0000] {logging_mixin.py:188} INFO - [2024-04-29T17:40:41.929+0000] {dagbag.py:540} INFO - Filling up the DagBag from /home/airflow/.local/lib/python3.8/site-packages/airflow/example_dags/example_nested_branch_dag.py
[2024-04-29T17:40:41.943+0000] {processor.py:840} INFO - DAG(s) 'example_nested_branch_dag' retrieved from /home/airflow/.local/lib/python3.8/site-packages/airflow/example_dags/example_nested_branch_dag.py
[2024-04-29T17:40:41.970+0000] {logging_mixin.py:188} INFO - [2024-04-29T17:40:41.970+0000] {dag.py:3047} INFO - Sync 1 DAGs
[2024-04-29T17:40:41.996+0000] {logging_mixin.py:188} INFO - [2024-04-29T17:40:41.996+0000] {dag.py:3834} INFO - Setting next_dagrun for example_nested_branch_dag to 2024-04-28 00:00:00+00:00, run_after=2024-04-29 00:00:00+00:00
[2024-04-29T17:40:42.020+0000] {processor.py:183} INFO - Processing /home/airflow/.local/lib/python3.8/site-packages/airflow/example_dags/example_nested_branch_dag.py took 0.096 seconds
[2024-04-29T17:41:12.187+0000] {processor.py:161} INFO - Started process (PID=5777) to work on /home/airflow/.local/lib/python3.8/site-packages/airflow/example_dags/example_nested_branch_dag.py
[2024-04-29T17:41:12.189+0000] {processor.py:830} INFO - Processing file /home/airflow/.local/lib/python3.8/site-packages/airflow/example_dags/example_nested_branch_dag.py for tasks to queue
[2024-04-29T17:41:12.190+0000] {logging_mixin.py:188} INFO - [2024-04-29T17:41:12.189+0000] {dagbag.py:540} INFO - Filling up the DagBag from /home/airflow/.local/lib/python3.8/site-packages/airflow/example_dags/example_nested_branch_dag.py
[2024-04-29T17:41:12.202+0000] {processor.py:840} INFO - DAG(s) 'example_nested_branch_dag' retrieved from /home/airflow/.local/lib/python3.8/site-packages/airflow/example_dags/example_nested_branch_dag.py
[2024-04-29T17:41:12.227+0000] {logging_mixin.py:188} INFO - [2024-04-29T17:41:12.227+0000] {dag.py:3047} INFO - Sync 1 DAGs
[2024-04-29T17:41:12.248+0000] {logging_mixin.py:188} INFO - [2024-04-29T17:41:12.248+0000] {dag.py:3834} INFO - Setting next_dagrun for example_nested_branch_dag to 2024-04-28 00:00:00+00:00, run_after=2024-04-29 00:00:00+00:00
[2024-04-29T17:41:12.268+0000] {processor.py:183} INFO - Processing /home/airflow/.local/lib/python3.8/site-packages/airflow/example_dags/example_nested_branch_dag.py took 0.085 seconds
[2024-04-29T17:41:42.474+0000] {processor.py:161} INFO - Started process (PID=6024) to work on /home/airflow/.local/lib/python3.8/site-packages/airflow/example_dags/example_nested_branch_dag.py
[2024-04-29T17:41:42.475+0000] {processor.py:830} INFO - Processing file /home/airflow/.local/lib/python3.8/site-packages/airflow/example_dags/example_nested_branch_dag.py for tasks to queue
[2024-04-29T17:41:42.476+0000] {logging_mixin.py:188} INFO - [2024-04-29T17:41:42.476+0000] {dagbag.py:540} INFO - Filling up the DagBag from /home/airflow/.local/lib/python3.8/site-packages/airflow/example_dags/example_nested_branch_dag.py
[2024-04-29T17:41:42.488+0000] {processor.py:840} INFO - DAG(s) 'example_nested_branch_dag' retrieved from /home/airflow/.local/lib/python3.8/site-packages/airflow/example_dags/example_nested_branch_dag.py
[2024-04-29T17:41:42.514+0000] {logging_mixin.py:188} INFO - [2024-04-29T17:41:42.514+0000] {dag.py:3047} INFO - Sync 1 DAGs
[2024-04-29T17:41:42.538+0000] {logging_mixin.py:188} INFO - [2024-04-29T17:41:42.538+0000] {dag.py:3834} INFO - Setting next_dagrun for example_nested_branch_dag to 2024-04-28 00:00:00+00:00, run_after=2024-04-29 00:00:00+00:00
[2024-04-29T17:41:42.560+0000] {processor.py:183} INFO - Processing /home/airflow/.local/lib/python3.8/site-packages/airflow/example_dags/example_nested_branch_dag.py took 0.089 seconds
[2024-04-29T17:42:12.835+0000] {processor.py:161} INFO - Started process (PID=6271) to work on /home/airflow/.local/lib/python3.8/site-packages/airflow/example_dags/example_nested_branch_dag.py
[2024-04-29T17:42:12.836+0000] {processor.py:830} INFO - Processing file /home/airflow/.local/lib/python3.8/site-packages/airflow/example_dags/example_nested_branch_dag.py for tasks to queue
[2024-04-29T17:42:12.837+0000] {logging_mixin.py:188} INFO - [2024-04-29T17:42:12.837+0000] {dagbag.py:540} INFO - Filling up the DagBag from /home/airflow/.local/lib/python3.8/site-packages/airflow/example_dags/example_nested_branch_dag.py
[2024-04-29T17:42:12.850+0000] {processor.py:840} INFO - DAG(s) 'example_nested_branch_dag' retrieved from /home/airflow/.local/lib/python3.8/site-packages/airflow/example_dags/example_nested_branch_dag.py
[2024-04-29T17:42:12.875+0000] {logging_mixin.py:188} INFO - [2024-04-29T17:42:12.875+0000] {dag.py:3047} INFO - Sync 1 DAGs
[2024-04-29T17:42:12.921+0000] {logging_mixin.py:188} INFO - [2024-04-29T17:42:12.921+0000] {dag.py:3834} INFO - Setting next_dagrun for example_nested_branch_dag to 2024-04-28 00:00:00+00:00, run_after=2024-04-29 00:00:00+00:00
[2024-04-29T17:42:12.972+0000] {processor.py:183} INFO - Processing /home/airflow/.local/lib/python3.8/site-packages/airflow/example_dags/example_nested_branch_dag.py took 0.141 seconds
[2024-04-29T17:42:43.143+0000] {processor.py:161} INFO - Started process (PID=6518) to work on /home/airflow/.local/lib/python3.8/site-packages/airflow/example_dags/example_nested_branch_dag.py
[2024-04-29T17:42:43.144+0000] {processor.py:830} INFO - Processing file /home/airflow/.local/lib/python3.8/site-packages/airflow/example_dags/example_nested_branch_dag.py for tasks to queue
[2024-04-29T17:42:43.145+0000] {logging_mixin.py:188} INFO - [2024-04-29T17:42:43.144+0000] {dagbag.py:540} INFO - Filling up the DagBag from /home/airflow/.local/lib/python3.8/site-packages/airflow/example_dags/example_nested_branch_dag.py
[2024-04-29T17:42:43.161+0000] {processor.py:840} INFO - DAG(s) 'example_nested_branch_dag' retrieved from /home/airflow/.local/lib/python3.8/site-packages/airflow/example_dags/example_nested_branch_dag.py
[2024-04-29T17:42:43.186+0000] {logging_mixin.py:188} INFO - [2024-04-29T17:42:43.186+0000] {dag.py:3047} INFO - Sync 1 DAGs
[2024-04-29T17:42:43.231+0000] {logging_mixin.py:188} INFO - [2024-04-29T17:42:43.231+0000] {dag.py:3834} INFO - Setting next_dagrun for example_nested_branch_dag to 2024-04-28 00:00:00+00:00, run_after=2024-04-29 00:00:00+00:00
[2024-04-29T17:42:43.255+0000] {processor.py:183} INFO - Processing /home/airflow/.local/lib/python3.8/site-packages/airflow/example_dags/example_nested_branch_dag.py took 0.116 seconds
[2024-04-29T17:43:13.571+0000] {processor.py:161} INFO - Started process (PID=6767) to work on /home/airflow/.local/lib/python3.8/site-packages/airflow/example_dags/example_nested_branch_dag.py
[2024-04-29T17:43:13.572+0000] {processor.py:830} INFO - Processing file /home/airflow/.local/lib/python3.8/site-packages/airflow/example_dags/example_nested_branch_dag.py for tasks to queue
[2024-04-29T17:43:13.573+0000] {logging_mixin.py:188} INFO - [2024-04-29T17:43:13.573+0000] {dagbag.py:540} INFO - Filling up the DagBag from /home/airflow/.local/lib/python3.8/site-packages/airflow/example_dags/example_nested_branch_dag.py
[2024-04-29T17:43:13.585+0000] {processor.py:840} INFO - DAG(s) 'example_nested_branch_dag' retrieved from /home/airflow/.local/lib/python3.8/site-packages/airflow/example_dags/example_nested_branch_dag.py
[2024-04-29T17:43:13.612+0000] {logging_mixin.py:188} INFO - [2024-04-29T17:43:13.612+0000] {dag.py:3047} INFO - Sync 1 DAGs
[2024-04-29T17:43:13.639+0000] {logging_mixin.py:188} INFO - [2024-04-29T17:43:13.639+0000] {dag.py:3834} INFO - Setting next_dagrun for example_nested_branch_dag to 2024-04-28 00:00:00+00:00, run_after=2024-04-29 00:00:00+00:00
[2024-04-29T17:43:13.663+0000] {processor.py:183} INFO - Processing /home/airflow/.local/lib/python3.8/site-packages/airflow/example_dags/example_nested_branch_dag.py took 0.096 seconds
[2024-04-29T17:43:43.739+0000] {processor.py:161} INFO - Started process (PID=7014) to work on /home/airflow/.local/lib/python3.8/site-packages/airflow/example_dags/example_nested_branch_dag.py
[2024-04-29T17:43:43.740+0000] {processor.py:830} INFO - Processing file /home/airflow/.local/lib/python3.8/site-packages/airflow/example_dags/example_nested_branch_dag.py for tasks to queue
[2024-04-29T17:43:43.741+0000] {logging_mixin.py:188} INFO - [2024-04-29T17:43:43.740+0000] {dagbag.py:540} INFO - Filling up the DagBag from /home/airflow/.local/lib/python3.8/site-packages/airflow/example_dags/example_nested_branch_dag.py
[2024-04-29T17:43:43.753+0000] {processor.py:840} INFO - DAG(s) 'example_nested_branch_dag' retrieved from /home/airflow/.local/lib/python3.8/site-packages/airflow/example_dags/example_nested_branch_dag.py
[2024-04-29T17:43:43.781+0000] {logging_mixin.py:188} INFO - [2024-04-29T17:43:43.781+0000] {dag.py:3047} INFO - Sync 1 DAGs
[2024-04-29T17:43:43.812+0000] {logging_mixin.py:188} INFO - [2024-04-29T17:43:43.812+0000] {dag.py:3834} INFO - Setting next_dagrun for example_nested_branch_dag to 2024-04-28 00:00:00+00:00, run_after=2024-04-29 00:00:00+00:00
[2024-04-29T17:43:43.839+0000] {processor.py:183} INFO - Processing /home/airflow/.local/lib/python3.8/site-packages/airflow/example_dags/example_nested_branch_dag.py took 0.104 seconds
[2024-04-29T17:44:13.966+0000] {processor.py:161} INFO - Started process (PID=7259) to work on /home/airflow/.local/lib/python3.8/site-packages/airflow/example_dags/example_nested_branch_dag.py
[2024-04-29T17:44:13.967+0000] {processor.py:830} INFO - Processing file /home/airflow/.local/lib/python3.8/site-packages/airflow/example_dags/example_nested_branch_dag.py for tasks to queue
[2024-04-29T17:44:13.968+0000] {logging_mixin.py:188} INFO - [2024-04-29T17:44:13.967+0000] {dagbag.py:540} INFO - Filling up the DagBag from /home/airflow/.local/lib/python3.8/site-packages/airflow/example_dags/example_nested_branch_dag.py
[2024-04-29T17:44:13.979+0000] {processor.py:840} INFO - DAG(s) 'example_nested_branch_dag' retrieved from /home/airflow/.local/lib/python3.8/site-packages/airflow/example_dags/example_nested_branch_dag.py
[2024-04-29T17:44:14.011+0000] {logging_mixin.py:188} INFO - [2024-04-29T17:44:14.011+0000] {dag.py:3047} INFO - Sync 1 DAGs
[2024-04-29T17:44:14.085+0000] {logging_mixin.py:188} INFO - [2024-04-29T17:44:14.085+0000] {dag.py:3834} INFO - Setting next_dagrun for example_nested_branch_dag to 2024-04-28 00:00:00+00:00, run_after=2024-04-29 00:00:00+00:00
[2024-04-29T17:44:14.127+0000] {processor.py:183} INFO - Processing /home/airflow/.local/lib/python3.8/site-packages/airflow/example_dags/example_nested_branch_dag.py took 0.165 seconds
[2024-04-29T17:44:44.284+0000] {processor.py:161} INFO - Started process (PID=7506) to work on /home/airflow/.local/lib/python3.8/site-packages/airflow/example_dags/example_nested_branch_dag.py
[2024-04-29T17:44:44.284+0000] {processor.py:830} INFO - Processing file /home/airflow/.local/lib/python3.8/site-packages/airflow/example_dags/example_nested_branch_dag.py for tasks to queue
[2024-04-29T17:44:44.285+0000] {logging_mixin.py:188} INFO - [2024-04-29T17:44:44.285+0000] {dagbag.py:540} INFO - Filling up the DagBag from /home/airflow/.local/lib/python3.8/site-packages/airflow/example_dags/example_nested_branch_dag.py
[2024-04-29T17:44:44.297+0000] {processor.py:840} INFO - DAG(s) 'example_nested_branch_dag' retrieved from /home/airflow/.local/lib/python3.8/site-packages/airflow/example_dags/example_nested_branch_dag.py
[2024-04-29T17:44:44.323+0000] {logging_mixin.py:188} INFO - [2024-04-29T17:44:44.323+0000] {dag.py:3047} INFO - Sync 1 DAGs
[2024-04-29T17:44:44.347+0000] {logging_mixin.py:188} INFO - [2024-04-29T17:44:44.347+0000] {dag.py:3834} INFO - Setting next_dagrun for example_nested_branch_dag to 2024-04-28 00:00:00+00:00, run_after=2024-04-29 00:00:00+00:00
[2024-04-29T17:44:44.368+0000] {processor.py:183} INFO - Processing /home/airflow/.local/lib/python3.8/site-packages/airflow/example_dags/example_nested_branch_dag.py took 0.088 seconds
[2024-04-29T17:45:14.810+0000] {processor.py:161} INFO - Started process (PID=7753) to work on /home/airflow/.local/lib/python3.8/site-packages/airflow/example_dags/example_nested_branch_dag.py
[2024-04-29T17:45:14.811+0000] {processor.py:830} INFO - Processing file /home/airflow/.local/lib/python3.8/site-packages/airflow/example_dags/example_nested_branch_dag.py for tasks to queue
[2024-04-29T17:45:14.812+0000] {logging_mixin.py:188} INFO - [2024-04-29T17:45:14.812+0000] {dagbag.py:540} INFO - Filling up the DagBag from /home/airflow/.local/lib/python3.8/site-packages/airflow/example_dags/example_nested_branch_dag.py
[2024-04-29T17:45:14.824+0000] {processor.py:840} INFO - DAG(s) 'example_nested_branch_dag' retrieved from /home/airflow/.local/lib/python3.8/site-packages/airflow/example_dags/example_nested_branch_dag.py
[2024-04-29T17:45:14.850+0000] {logging_mixin.py:188} INFO - [2024-04-29T17:45:14.850+0000] {dag.py:3047} INFO - Sync 1 DAGs
[2024-04-29T17:45:14.874+0000] {logging_mixin.py:188} INFO - [2024-04-29T17:45:14.874+0000] {dag.py:3834} INFO - Setting next_dagrun for example_nested_branch_dag to 2024-04-28 00:00:00+00:00, run_after=2024-04-29 00:00:00+00:00
[2024-04-29T17:45:14.896+0000] {processor.py:183} INFO - Processing /home/airflow/.local/lib/python3.8/site-packages/airflow/example_dags/example_nested_branch_dag.py took 0.089 seconds
[2024-04-29T17:45:45.261+0000] {processor.py:161} INFO - Started process (PID=8001) to work on /home/airflow/.local/lib/python3.8/site-packages/airflow/example_dags/example_nested_branch_dag.py
[2024-04-29T17:45:45.268+0000] {processor.py:830} INFO - Processing file /home/airflow/.local/lib/python3.8/site-packages/airflow/example_dags/example_nested_branch_dag.py for tasks to queue
[2024-04-29T17:45:45.268+0000] {logging_mixin.py:188} INFO - [2024-04-29T17:45:45.268+0000] {dagbag.py:540} INFO - Filling up the DagBag from /home/airflow/.local/lib/python3.8/site-packages/airflow/example_dags/example_nested_branch_dag.py
[2024-04-29T17:45:45.280+0000] {processor.py:840} INFO - DAG(s) 'example_nested_branch_dag' retrieved from /home/airflow/.local/lib/python3.8/site-packages/airflow/example_dags/example_nested_branch_dag.py
[2024-04-29T17:45:45.308+0000] {logging_mixin.py:188} INFO - [2024-04-29T17:45:45.308+0000] {dag.py:3047} INFO - Sync 1 DAGs
[2024-04-29T17:45:45.347+0000] {logging_mixin.py:188} INFO - [2024-04-29T17:45:45.347+0000] {dag.py:3834} INFO - Setting next_dagrun for example_nested_branch_dag to 2024-04-28 00:00:00+00:00, run_after=2024-04-29 00:00:00+00:00
[2024-04-29T17:45:45.371+0000] {processor.py:183} INFO - Processing /home/airflow/.local/lib/python3.8/site-packages/airflow/example_dags/example_nested_branch_dag.py took 0.114 seconds
[2024-04-29T17:46:15.589+0000] {processor.py:161} INFO - Started process (PID=8249) to work on /home/airflow/.local/lib/python3.8/site-packages/airflow/example_dags/example_nested_branch_dag.py
[2024-04-29T17:46:15.590+0000] {processor.py:830} INFO - Processing file /home/airflow/.local/lib/python3.8/site-packages/airflow/example_dags/example_nested_branch_dag.py for tasks to queue
[2024-04-29T17:46:15.592+0000] {logging_mixin.py:188} INFO - [2024-04-29T17:46:15.591+0000] {dagbag.py:540} INFO - Filling up the DagBag from /home/airflow/.local/lib/python3.8/site-packages/airflow/example_dags/example_nested_branch_dag.py
[2024-04-29T17:46:15.604+0000] {processor.py:840} INFO - DAG(s) 'example_nested_branch_dag' retrieved from /home/airflow/.local/lib/python3.8/site-packages/airflow/example_dags/example_nested_branch_dag.py
[2024-04-29T17:46:15.628+0000] {logging_mixin.py:188} INFO - [2024-04-29T17:46:15.628+0000] {dag.py:3047} INFO - Sync 1 DAGs
[2024-04-29T17:46:15.649+0000] {logging_mixin.py:188} INFO - [2024-04-29T17:46:15.649+0000] {dag.py:3834} INFO - Setting next_dagrun for example_nested_branch_dag to 2024-04-28 00:00:00+00:00, run_after=2024-04-29 00:00:00+00:00
[2024-04-29T17:46:15.669+0000] {processor.py:183} INFO - Processing /home/airflow/.local/lib/python3.8/site-packages/airflow/example_dags/example_nested_branch_dag.py took 0.083 seconds
[2024-04-29T17:46:45.789+0000] {processor.py:161} INFO - Started process (PID=8497) to work on /home/airflow/.local/lib/python3.8/site-packages/airflow/example_dags/example_nested_branch_dag.py
[2024-04-29T17:46:45.796+0000] {processor.py:830} INFO - Processing file /home/airflow/.local/lib/python3.8/site-packages/airflow/example_dags/example_nested_branch_dag.py for tasks to queue
[2024-04-29T17:46:45.797+0000] {logging_mixin.py:188} INFO - [2024-04-29T17:46:45.797+0000] {dagbag.py:540} INFO - Filling up the DagBag from /home/airflow/.local/lib/python3.8/site-packages/airflow/example_dags/example_nested_branch_dag.py
[2024-04-29T17:46:45.820+0000] {processor.py:840} INFO - DAG(s) 'example_nested_branch_dag' retrieved from /home/airflow/.local/lib/python3.8/site-packages/airflow/example_dags/example_nested_branch_dag.py
[2024-04-29T17:46:45.870+0000] {logging_mixin.py:188} INFO - [2024-04-29T17:46:45.870+0000] {dag.py:3047} INFO - Sync 1 DAGs
[2024-04-29T17:46:45.916+0000] {logging_mixin.py:188} INFO - [2024-04-29T17:46:45.915+0000] {dag.py:3834} INFO - Setting next_dagrun for example_nested_branch_dag to 2024-04-28 00:00:00+00:00, run_after=2024-04-29 00:00:00+00:00
[2024-04-29T17:46:45.943+0000] {processor.py:183} INFO - Processing /home/airflow/.local/lib/python3.8/site-packages/airflow/example_dags/example_nested_branch_dag.py took 0.160 seconds
[2024-04-29T17:47:16.517+0000] {processor.py:161} INFO - Started process (PID=8751) to work on /home/airflow/.local/lib/python3.8/site-packages/airflow/example_dags/example_nested_branch_dag.py
[2024-04-29T17:47:16.518+0000] {processor.py:830} INFO - Processing file /home/airflow/.local/lib/python3.8/site-packages/airflow/example_dags/example_nested_branch_dag.py for tasks to queue
[2024-04-29T17:47:16.520+0000] {logging_mixin.py:188} INFO - [2024-04-29T17:47:16.519+0000] {dagbag.py:540} INFO - Filling up the DagBag from /home/airflow/.local/lib/python3.8/site-packages/airflow/example_dags/example_nested_branch_dag.py
[2024-04-29T17:47:16.532+0000] {processor.py:840} INFO - DAG(s) 'example_nested_branch_dag' retrieved from /home/airflow/.local/lib/python3.8/site-packages/airflow/example_dags/example_nested_branch_dag.py
[2024-04-29T17:47:16.554+0000] {logging_mixin.py:188} INFO - [2024-04-29T17:47:16.554+0000] {dag.py:3047} INFO - Sync 1 DAGs
[2024-04-29T17:47:16.578+0000] {logging_mixin.py:188} INFO - [2024-04-29T17:47:16.578+0000] {dag.py:3834} INFO - Setting next_dagrun for example_nested_branch_dag to 2024-04-28 00:00:00+00:00, run_after=2024-04-29 00:00:00+00:00
[2024-04-29T17:47:16.602+0000] {processor.py:183} INFO - Processing /home/airflow/.local/lib/python3.8/site-packages/airflow/example_dags/example_nested_branch_dag.py took 0.090 seconds
[2024-04-29T17:47:46.891+0000] {processor.py:161} INFO - Started process (PID=8999) to work on /home/airflow/.local/lib/python3.8/site-packages/airflow/example_dags/example_nested_branch_dag.py
[2024-04-29T17:47:46.892+0000] {processor.py:830} INFO - Processing file /home/airflow/.local/lib/python3.8/site-packages/airflow/example_dags/example_nested_branch_dag.py for tasks to queue
[2024-04-29T17:47:46.893+0000] {logging_mixin.py:188} INFO - [2024-04-29T17:47:46.893+0000] {dagbag.py:540} INFO - Filling up the DagBag from /home/airflow/.local/lib/python3.8/site-packages/airflow/example_dags/example_nested_branch_dag.py
[2024-04-29T17:47:46.905+0000] {processor.py:840} INFO - DAG(s) 'example_nested_branch_dag' retrieved from /home/airflow/.local/lib/python3.8/site-packages/airflow/example_dags/example_nested_branch_dag.py
[2024-04-29T17:47:46.931+0000] {logging_mixin.py:188} INFO - [2024-04-29T17:47:46.931+0000] {dag.py:3047} INFO - Sync 1 DAGs
[2024-04-29T17:47:46.955+0000] {logging_mixin.py:188} INFO - [2024-04-29T17:47:46.955+0000] {dag.py:3834} INFO - Setting next_dagrun for example_nested_branch_dag to 2024-04-28 00:00:00+00:00, run_after=2024-04-29 00:00:00+00:00
[2024-04-29T17:47:46.975+0000] {processor.py:183} INFO - Processing /home/airflow/.local/lib/python3.8/site-packages/airflow/example_dags/example_nested_branch_dag.py took 0.088 seconds
