[2024-04-29T17:30:02.299+0000] {processor.py:161} INFO - Started process (PID=241) to work on /home/airflow/.local/lib/python3.8/site-packages/airflow/example_dags/example_latest_only.py
[2024-04-29T17:30:02.300+0000] {processor.py:830} INFO - Processing file /home/airflow/.local/lib/python3.8/site-packages/airflow/example_dags/example_latest_only.py for tasks to queue
[2024-04-29T17:30:02.302+0000] {logging_mixin.py:188} INFO - [2024-04-29T17:30:02.301+0000] {dagbag.py:540} INFO - Filling up the DagBag from /home/airflow/.local/lib/python3.8/site-packages/airflow/example_dags/example_latest_only.py
[2024-04-29T17:30:02.313+0000] {processor.py:840} INFO - DAG(s) 'latest_only' retrieved from /home/airflow/.local/lib/python3.8/site-packages/airflow/example_dags/example_latest_only.py
[2024-04-29T17:30:02.503+0000] {logging_mixin.py:188} INFO - [2024-04-29T17:30:02.502+0000] {override.py:1769} INFO - Created Permission View: can edit on DAG:latest_only
[2024-04-29T17:30:02.539+0000] {logging_mixin.py:188} INFO - [2024-04-29T17:30:02.539+0000] {override.py:1769} INFO - Created Permission View: can delete on DAG:latest_only
[2024-04-29T17:30:02.562+0000] {logging_mixin.py:188} INFO - [2024-04-29T17:30:02.562+0000] {override.py:1769} INFO - Created Permission View: can read on DAG:latest_only
[2024-04-29T17:30:02.563+0000] {logging_mixin.py:188} INFO - [2024-04-29T17:30:02.563+0000] {dag.py:3047} INFO - Sync 1 DAGs
[2024-04-29T17:30:02.604+0000] {logging_mixin.py:188} INFO - [2024-04-29T17:30:02.604+0000] {dag.py:3069} INFO - Creating ORM DAG for latest_only
[2024-04-29T17:30:02.621+0000] {logging_mixin.py:188} INFO - [2024-04-29T17:30:02.620+0000] {dag.py:3834} INFO - Setting next_dagrun for latest_only to 2024-04-29 12:00:00+00:00, run_after=2024-04-29 16:00:00+00:00
[2024-04-29T17:30:02.649+0000] {processor.py:183} INFO - Processing /home/airflow/.local/lib/python3.8/site-packages/airflow/example_dags/example_latest_only.py took 0.355 seconds
[2024-04-29T17:30:33.492+0000] {processor.py:161} INFO - Started process (PID=490) to work on /home/airflow/.local/lib/python3.8/site-packages/airflow/example_dags/example_latest_only.py
[2024-04-29T17:30:33.493+0000] {processor.py:830} INFO - Processing file /home/airflow/.local/lib/python3.8/site-packages/airflow/example_dags/example_latest_only.py for tasks to queue
[2024-04-29T17:30:33.494+0000] {logging_mixin.py:188} INFO - [2024-04-29T17:30:33.494+0000] {dagbag.py:540} INFO - Filling up the DagBag from /home/airflow/.local/lib/python3.8/site-packages/airflow/example_dags/example_latest_only.py
[2024-04-29T17:30:33.500+0000] {processor.py:840} INFO - DAG(s) 'latest_only' retrieved from /home/airflow/.local/lib/python3.8/site-packages/airflow/example_dags/example_latest_only.py
[2024-04-29T17:30:33.524+0000] {logging_mixin.py:188} INFO - [2024-04-29T17:30:33.524+0000] {dag.py:3047} INFO - Sync 1 DAGs
[2024-04-29T17:30:33.553+0000] {logging_mixin.py:188} INFO - [2024-04-29T17:30:33.553+0000] {dag.py:3834} INFO - Setting next_dagrun for latest_only to 2024-04-29 12:00:00+00:00, run_after=2024-04-29 16:00:00+00:00
[2024-04-29T17:30:33.577+0000] {processor.py:183} INFO - Processing /home/airflow/.local/lib/python3.8/site-packages/airflow/example_dags/example_latest_only.py took 0.088 seconds
[2024-04-29T17:31:04.016+0000] {processor.py:161} INFO - Started process (PID=737) to work on /home/airflow/.local/lib/python3.8/site-packages/airflow/example_dags/example_latest_only.py
[2024-04-29T17:31:04.017+0000] {processor.py:830} INFO - Processing file /home/airflow/.local/lib/python3.8/site-packages/airflow/example_dags/example_latest_only.py for tasks to queue
[2024-04-29T17:31:04.018+0000] {logging_mixin.py:188} INFO - [2024-04-29T17:31:04.018+0000] {dagbag.py:540} INFO - Filling up the DagBag from /home/airflow/.local/lib/python3.8/site-packages/airflow/example_dags/example_latest_only.py
[2024-04-29T17:31:04.029+0000] {processor.py:840} INFO - DAG(s) 'latest_only' retrieved from /home/airflow/.local/lib/python3.8/site-packages/airflow/example_dags/example_latest_only.py
[2024-04-29T17:31:04.051+0000] {logging_mixin.py:188} INFO - [2024-04-29T17:31:04.051+0000] {dag.py:3047} INFO - Sync 1 DAGs
[2024-04-29T17:31:04.077+0000] {logging_mixin.py:188} INFO - [2024-04-29T17:31:04.077+0000] {dag.py:3834} INFO - Setting next_dagrun for latest_only to 2024-04-29 12:00:00+00:00, run_after=2024-04-29 16:00:00+00:00
[2024-04-29T17:31:04.114+0000] {processor.py:183} INFO - Processing /home/airflow/.local/lib/python3.8/site-packages/airflow/example_dags/example_latest_only.py took 0.101 seconds
[2024-04-29T17:31:34.562+0000] {processor.py:161} INFO - Started process (PID=984) to work on /home/airflow/.local/lib/python3.8/site-packages/airflow/example_dags/example_latest_only.py
[2024-04-29T17:31:34.562+0000] {processor.py:830} INFO - Processing file /home/airflow/.local/lib/python3.8/site-packages/airflow/example_dags/example_latest_only.py for tasks to queue
[2024-04-29T17:31:34.563+0000] {logging_mixin.py:188} INFO - [2024-04-29T17:31:34.563+0000] {dagbag.py:540} INFO - Filling up the DagBag from /home/airflow/.local/lib/python3.8/site-packages/airflow/example_dags/example_latest_only.py
[2024-04-29T17:31:34.569+0000] {processor.py:840} INFO - DAG(s) 'latest_only' retrieved from /home/airflow/.local/lib/python3.8/site-packages/airflow/example_dags/example_latest_only.py
[2024-04-29T17:31:34.591+0000] {logging_mixin.py:188} INFO - [2024-04-29T17:31:34.591+0000] {dag.py:3047} INFO - Sync 1 DAGs
[2024-04-29T17:31:34.618+0000] {logging_mixin.py:188} INFO - [2024-04-29T17:31:34.618+0000] {dag.py:3834} INFO - Setting next_dagrun for latest_only to 2024-04-29 12:00:00+00:00, run_after=2024-04-29 16:00:00+00:00
[2024-04-29T17:31:34.677+0000] {processor.py:183} INFO - Processing /home/airflow/.local/lib/python3.8/site-packages/airflow/example_dags/example_latest_only.py took 0.119 seconds
[2024-04-29T17:32:05.010+0000] {processor.py:161} INFO - Started process (PID=1232) to work on /home/airflow/.local/lib/python3.8/site-packages/airflow/example_dags/example_latest_only.py
[2024-04-29T17:32:05.011+0000] {processor.py:830} INFO - Processing file /home/airflow/.local/lib/python3.8/site-packages/airflow/example_dags/example_latest_only.py for tasks to queue
[2024-04-29T17:32:05.012+0000] {logging_mixin.py:188} INFO - [2024-04-29T17:32:05.011+0000] {dagbag.py:540} INFO - Filling up the DagBag from /home/airflow/.local/lib/python3.8/site-packages/airflow/example_dags/example_latest_only.py
[2024-04-29T17:32:05.018+0000] {processor.py:840} INFO - DAG(s) 'latest_only' retrieved from /home/airflow/.local/lib/python3.8/site-packages/airflow/example_dags/example_latest_only.py
[2024-04-29T17:32:05.041+0000] {logging_mixin.py:188} INFO - [2024-04-29T17:32:05.040+0000] {dag.py:3047} INFO - Sync 1 DAGs
[2024-04-29T17:32:05.067+0000] {logging_mixin.py:188} INFO - [2024-04-29T17:32:05.067+0000] {dag.py:3834} INFO - Setting next_dagrun for latest_only to 2024-04-29 12:00:00+00:00, run_after=2024-04-29 16:00:00+00:00
[2024-04-29T17:32:05.091+0000] {processor.py:183} INFO - Processing /home/airflow/.local/lib/python3.8/site-packages/airflow/example_dags/example_latest_only.py took 0.084 seconds
[2024-04-29T17:32:35.477+0000] {processor.py:161} INFO - Started process (PID=1480) to work on /home/airflow/.local/lib/python3.8/site-packages/airflow/example_dags/example_latest_only.py
[2024-04-29T17:32:35.479+0000] {processor.py:830} INFO - Processing file /home/airflow/.local/lib/python3.8/site-packages/airflow/example_dags/example_latest_only.py for tasks to queue
[2024-04-29T17:32:35.480+0000] {logging_mixin.py:188} INFO - [2024-04-29T17:32:35.479+0000] {dagbag.py:540} INFO - Filling up the DagBag from /home/airflow/.local/lib/python3.8/site-packages/airflow/example_dags/example_latest_only.py
[2024-04-29T17:32:35.486+0000] {processor.py:840} INFO - DAG(s) 'latest_only' retrieved from /home/airflow/.local/lib/python3.8/site-packages/airflow/example_dags/example_latest_only.py
[2024-04-29T17:32:35.507+0000] {logging_mixin.py:188} INFO - [2024-04-29T17:32:35.507+0000] {dag.py:3047} INFO - Sync 1 DAGs
[2024-04-29T17:32:35.534+0000] {logging_mixin.py:188} INFO - [2024-04-29T17:32:35.533+0000] {dag.py:3834} INFO - Setting next_dagrun for latest_only to 2024-04-29 12:00:00+00:00, run_after=2024-04-29 16:00:00+00:00
[2024-04-29T17:32:35.559+0000] {processor.py:183} INFO - Processing /home/airflow/.local/lib/python3.8/site-packages/airflow/example_dags/example_latest_only.py took 0.085 seconds
[2024-04-29T17:33:06.169+0000] {processor.py:161} INFO - Started process (PID=1728) to work on /home/airflow/.local/lib/python3.8/site-packages/airflow/example_dags/example_latest_only.py
[2024-04-29T17:33:06.170+0000] {processor.py:830} INFO - Processing file /home/airflow/.local/lib/python3.8/site-packages/airflow/example_dags/example_latest_only.py for tasks to queue
[2024-04-29T17:33:06.172+0000] {logging_mixin.py:188} INFO - [2024-04-29T17:33:06.171+0000] {dagbag.py:540} INFO - Filling up the DagBag from /home/airflow/.local/lib/python3.8/site-packages/airflow/example_dags/example_latest_only.py
[2024-04-29T17:33:06.177+0000] {processor.py:840} INFO - DAG(s) 'latest_only' retrieved from /home/airflow/.local/lib/python3.8/site-packages/airflow/example_dags/example_latest_only.py
[2024-04-29T17:33:06.201+0000] {logging_mixin.py:188} INFO - [2024-04-29T17:33:06.201+0000] {dag.py:3047} INFO - Sync 1 DAGs
[2024-04-29T17:33:06.231+0000] {logging_mixin.py:188} INFO - [2024-04-29T17:33:06.231+0000] {dag.py:3834} INFO - Setting next_dagrun for latest_only to 2024-04-29 12:00:00+00:00, run_after=2024-04-29 16:00:00+00:00
[2024-04-29T17:33:06.255+0000] {processor.py:183} INFO - Processing /home/airflow/.local/lib/python3.8/site-packages/airflow/example_dags/example_latest_only.py took 0.089 seconds
[2024-04-29T17:33:36.679+0000] {processor.py:161} INFO - Started process (PID=1975) to work on /home/airflow/.local/lib/python3.8/site-packages/airflow/example_dags/example_latest_only.py
[2024-04-29T17:33:36.680+0000] {processor.py:830} INFO - Processing file /home/airflow/.local/lib/python3.8/site-packages/airflow/example_dags/example_latest_only.py for tasks to queue
[2024-04-29T17:33:36.681+0000] {logging_mixin.py:188} INFO - [2024-04-29T17:33:36.680+0000] {dagbag.py:540} INFO - Filling up the DagBag from /home/airflow/.local/lib/python3.8/site-packages/airflow/example_dags/example_latest_only.py
[2024-04-29T17:33:36.687+0000] {processor.py:840} INFO - DAG(s) 'latest_only' retrieved from /home/airflow/.local/lib/python3.8/site-packages/airflow/example_dags/example_latest_only.py
[2024-04-29T17:33:36.709+0000] {logging_mixin.py:188} INFO - [2024-04-29T17:33:36.709+0000] {dag.py:3047} INFO - Sync 1 DAGs
[2024-04-29T17:33:36.735+0000] {logging_mixin.py:188} INFO - [2024-04-29T17:33:36.735+0000] {dag.py:3834} INFO - Setting next_dagrun for latest_only to 2024-04-29 12:00:00+00:00, run_after=2024-04-29 16:00:00+00:00
[2024-04-29T17:33:36.761+0000] {processor.py:183} INFO - Processing /home/airflow/.local/lib/python3.8/site-packages/airflow/example_dags/example_latest_only.py took 0.086 seconds
[2024-04-29T17:34:07.037+0000] {processor.py:161} INFO - Started process (PID=2221) to work on /home/airflow/.local/lib/python3.8/site-packages/airflow/example_dags/example_latest_only.py
[2024-04-29T17:34:07.038+0000] {processor.py:830} INFO - Processing file /home/airflow/.local/lib/python3.8/site-packages/airflow/example_dags/example_latest_only.py for tasks to queue
[2024-04-29T17:34:07.039+0000] {logging_mixin.py:188} INFO - [2024-04-29T17:34:07.039+0000] {dagbag.py:540} INFO - Filling up the DagBag from /home/airflow/.local/lib/python3.8/site-packages/airflow/example_dags/example_latest_only.py
[2024-04-29T17:34:07.045+0000] {processor.py:840} INFO - DAG(s) 'latest_only' retrieved from /home/airflow/.local/lib/python3.8/site-packages/airflow/example_dags/example_latest_only.py
[2024-04-29T17:34:07.068+0000] {logging_mixin.py:188} INFO - [2024-04-29T17:34:07.068+0000] {dag.py:3047} INFO - Sync 1 DAGs
[2024-04-29T17:34:07.094+0000] {logging_mixin.py:188} INFO - [2024-04-29T17:34:07.094+0000] {dag.py:3834} INFO - Setting next_dagrun for latest_only to 2024-04-29 12:00:00+00:00, run_after=2024-04-29 16:00:00+00:00
[2024-04-29T17:34:07.137+0000] {processor.py:183} INFO - Processing /home/airflow/.local/lib/python3.8/site-packages/airflow/example_dags/example_latest_only.py took 0.104 seconds
[2024-04-29T17:34:37.820+0000] {processor.py:161} INFO - Started process (PID=2468) to work on /home/airflow/.local/lib/python3.8/site-packages/airflow/example_dags/example_latest_only.py
[2024-04-29T17:34:37.821+0000] {processor.py:830} INFO - Processing file /home/airflow/.local/lib/python3.8/site-packages/airflow/example_dags/example_latest_only.py for tasks to queue
[2024-04-29T17:34:37.822+0000] {logging_mixin.py:188} INFO - [2024-04-29T17:34:37.822+0000] {dagbag.py:540} INFO - Filling up the DagBag from /home/airflow/.local/lib/python3.8/site-packages/airflow/example_dags/example_latest_only.py
[2024-04-29T17:34:37.829+0000] {processor.py:840} INFO - DAG(s) 'latest_only' retrieved from /home/airflow/.local/lib/python3.8/site-packages/airflow/example_dags/example_latest_only.py
[2024-04-29T17:34:37.853+0000] {logging_mixin.py:188} INFO - [2024-04-29T17:34:37.853+0000] {dag.py:3047} INFO - Sync 1 DAGs
[2024-04-29T17:34:37.879+0000] {logging_mixin.py:188} INFO - [2024-04-29T17:34:37.879+0000] {dag.py:3834} INFO - Setting next_dagrun for latest_only to 2024-04-29 12:00:00+00:00, run_after=2024-04-29 16:00:00+00:00
[2024-04-29T17:34:37.903+0000] {processor.py:183} INFO - Processing /home/airflow/.local/lib/python3.8/site-packages/airflow/example_dags/example_latest_only.py took 0.086 seconds
[2024-04-29T17:35:08.241+0000] {processor.py:161} INFO - Started process (PID=2715) to work on /home/airflow/.local/lib/python3.8/site-packages/airflow/example_dags/example_latest_only.py
[2024-04-29T17:35:08.245+0000] {processor.py:830} INFO - Processing file /home/airflow/.local/lib/python3.8/site-packages/airflow/example_dags/example_latest_only.py for tasks to queue
[2024-04-29T17:35:08.246+0000] {logging_mixin.py:188} INFO - [2024-04-29T17:35:08.245+0000] {dagbag.py:540} INFO - Filling up the DagBag from /home/airflow/.local/lib/python3.8/site-packages/airflow/example_dags/example_latest_only.py
[2024-04-29T17:35:08.252+0000] {processor.py:840} INFO - DAG(s) 'latest_only' retrieved from /home/airflow/.local/lib/python3.8/site-packages/airflow/example_dags/example_latest_only.py
[2024-04-29T17:35:08.277+0000] {logging_mixin.py:188} INFO - [2024-04-29T17:35:08.277+0000] {dag.py:3047} INFO - Sync 1 DAGs
[2024-04-29T17:35:08.309+0000] {logging_mixin.py:188} INFO - [2024-04-29T17:35:08.309+0000] {dag.py:3834} INFO - Setting next_dagrun for latest_only to 2024-04-29 12:00:00+00:00, run_after=2024-04-29 16:00:00+00:00
[2024-04-29T17:35:08.337+0000] {processor.py:183} INFO - Processing /home/airflow/.local/lib/python3.8/site-packages/airflow/example_dags/example_latest_only.py took 0.103 seconds
[2024-04-29T17:35:39.144+0000] {processor.py:161} INFO - Started process (PID=2962) to work on /home/airflow/.local/lib/python3.8/site-packages/airflow/example_dags/example_latest_only.py
[2024-04-29T17:35:39.145+0000] {processor.py:830} INFO - Processing file /home/airflow/.local/lib/python3.8/site-packages/airflow/example_dags/example_latest_only.py for tasks to queue
[2024-04-29T17:35:39.146+0000] {logging_mixin.py:188} INFO - [2024-04-29T17:35:39.146+0000] {dagbag.py:540} INFO - Filling up the DagBag from /home/airflow/.local/lib/python3.8/site-packages/airflow/example_dags/example_latest_only.py
[2024-04-29T17:35:39.152+0000] {processor.py:840} INFO - DAG(s) 'latest_only' retrieved from /home/airflow/.local/lib/python3.8/site-packages/airflow/example_dags/example_latest_only.py
[2024-04-29T17:35:39.175+0000] {logging_mixin.py:188} INFO - [2024-04-29T17:35:39.175+0000] {dag.py:3047} INFO - Sync 1 DAGs
[2024-04-29T17:35:39.201+0000] {logging_mixin.py:188} INFO - [2024-04-29T17:35:39.201+0000] {dag.py:3834} INFO - Setting next_dagrun for latest_only to 2024-04-29 12:00:00+00:00, run_after=2024-04-29 16:00:00+00:00
[2024-04-29T17:35:39.226+0000] {processor.py:183} INFO - Processing /home/airflow/.local/lib/python3.8/site-packages/airflow/example_dags/example_latest_only.py took 0.085 seconds
[2024-04-29T17:36:09.720+0000] {processor.py:161} INFO - Started process (PID=3211) to work on /home/airflow/.local/lib/python3.8/site-packages/airflow/example_dags/example_latest_only.py
[2024-04-29T17:36:09.721+0000] {processor.py:830} INFO - Processing file /home/airflow/.local/lib/python3.8/site-packages/airflow/example_dags/example_latest_only.py for tasks to queue
[2024-04-29T17:36:09.723+0000] {logging_mixin.py:188} INFO - [2024-04-29T17:36:09.722+0000] {dagbag.py:540} INFO - Filling up the DagBag from /home/airflow/.local/lib/python3.8/site-packages/airflow/example_dags/example_latest_only.py
[2024-04-29T17:36:09.728+0000] {processor.py:840} INFO - DAG(s) 'latest_only' retrieved from /home/airflow/.local/lib/python3.8/site-packages/airflow/example_dags/example_latest_only.py
[2024-04-29T17:36:09.752+0000] {logging_mixin.py:188} INFO - [2024-04-29T17:36:09.752+0000] {dag.py:3047} INFO - Sync 1 DAGs
[2024-04-29T17:36:09.778+0000] {logging_mixin.py:188} INFO - [2024-04-29T17:36:09.777+0000] {dag.py:3834} INFO - Setting next_dagrun for latest_only to 2024-04-29 12:00:00+00:00, run_after=2024-04-29 16:00:00+00:00
[2024-04-29T17:36:09.802+0000] {processor.py:183} INFO - Processing /home/airflow/.local/lib/python3.8/site-packages/airflow/example_dags/example_latest_only.py took 0.085 seconds
[2024-04-29T17:36:40.148+0000] {processor.py:161} INFO - Started process (PID=3459) to work on /home/airflow/.local/lib/python3.8/site-packages/airflow/example_dags/example_latest_only.py
[2024-04-29T17:36:40.149+0000] {processor.py:830} INFO - Processing file /home/airflow/.local/lib/python3.8/site-packages/airflow/example_dags/example_latest_only.py for tasks to queue
[2024-04-29T17:36:40.151+0000] {logging_mixin.py:188} INFO - [2024-04-29T17:36:40.150+0000] {dagbag.py:540} INFO - Filling up the DagBag from /home/airflow/.local/lib/python3.8/site-packages/airflow/example_dags/example_latest_only.py
[2024-04-29T17:36:40.156+0000] {processor.py:840} INFO - DAG(s) 'latest_only' retrieved from /home/airflow/.local/lib/python3.8/site-packages/airflow/example_dags/example_latest_only.py
[2024-04-29T17:36:40.181+0000] {logging_mixin.py:188} INFO - [2024-04-29T17:36:40.181+0000] {dag.py:3047} INFO - Sync 1 DAGs
[2024-04-29T17:36:40.209+0000] {logging_mixin.py:188} INFO - [2024-04-29T17:36:40.208+0000] {dag.py:3834} INFO - Setting next_dagrun for latest_only to 2024-04-29 12:00:00+00:00, run_after=2024-04-29 16:00:00+00:00
[2024-04-29T17:36:40.235+0000] {processor.py:183} INFO - Processing /home/airflow/.local/lib/python3.8/site-packages/airflow/example_dags/example_latest_only.py took 0.090 seconds
[2024-04-29T17:37:11.546+0000] {processor.py:161} INFO - Started process (PID=3742) to work on /home/airflow/.local/lib/python3.8/site-packages/airflow/example_dags/example_latest_only.py
[2024-04-29T17:37:11.557+0000] {processor.py:830} INFO - Processing file /home/airflow/.local/lib/python3.8/site-packages/airflow/example_dags/example_latest_only.py for tasks to queue
[2024-04-29T17:37:11.563+0000] {logging_mixin.py:188} INFO - [2024-04-29T17:37:11.557+0000] {dagbag.py:540} INFO - Filling up the DagBag from /home/airflow/.local/lib/python3.8/site-packages/airflow/example_dags/example_latest_only.py
[2024-04-29T17:37:11.569+0000] {processor.py:840} INFO - DAG(s) 'latest_only' retrieved from /home/airflow/.local/lib/python3.8/site-packages/airflow/example_dags/example_latest_only.py
[2024-04-29T17:37:11.665+0000] {logging_mixin.py:188} INFO - [2024-04-29T17:37:11.665+0000] {dag.py:3047} INFO - Sync 1 DAGs
[2024-04-29T17:37:11.799+0000] {logging_mixin.py:188} INFO - [2024-04-29T17:37:11.799+0000] {dag.py:3834} INFO - Setting next_dagrun for latest_only to 2024-04-29 12:00:00+00:00, run_after=2024-04-29 16:00:00+00:00
[2024-04-29T17:37:11.910+0000] {processor.py:183} INFO - Processing /home/airflow/.local/lib/python3.8/site-packages/airflow/example_dags/example_latest_only.py took 0.368 seconds
[2024-04-29T17:37:42.864+0000] {processor.py:161} INFO - Started process (PID=4093) to work on /home/airflow/.local/lib/python3.8/site-packages/airflow/example_dags/example_latest_only.py
[2024-04-29T17:37:42.865+0000] {processor.py:830} INFO - Processing file /home/airflow/.local/lib/python3.8/site-packages/airflow/example_dags/example_latest_only.py for tasks to queue
[2024-04-29T17:37:42.866+0000] {logging_mixin.py:188} INFO - [2024-04-29T17:37:42.865+0000] {dagbag.py:540} INFO - Filling up the DagBag from /home/airflow/.local/lib/python3.8/site-packages/airflow/example_dags/example_latest_only.py
[2024-04-29T17:37:42.872+0000] {processor.py:840} INFO - DAG(s) 'latest_only' retrieved from /home/airflow/.local/lib/python3.8/site-packages/airflow/example_dags/example_latest_only.py
[2024-04-29T17:37:42.899+0000] {logging_mixin.py:188} INFO - [2024-04-29T17:37:42.899+0000] {dag.py:3047} INFO - Sync 1 DAGs
[2024-04-29T17:37:42.929+0000] {logging_mixin.py:188} INFO - [2024-04-29T17:37:42.929+0000] {dag.py:3834} INFO - Setting next_dagrun for latest_only to 2024-04-29 12:00:00+00:00, run_after=2024-04-29 16:00:00+00:00
[2024-04-29T17:37:42.960+0000] {processor.py:183} INFO - Processing /home/airflow/.local/lib/python3.8/site-packages/airflow/example_dags/example_latest_only.py took 0.099 seconds
[2024-04-29T17:38:13.000+0000] {processor.py:161} INFO - Started process (PID=4347) to work on /home/airflow/.local/lib/python3.8/site-packages/airflow/example_dags/example_latest_only.py
[2024-04-29T17:38:13.001+0000] {processor.py:830} INFO - Processing file /home/airflow/.local/lib/python3.8/site-packages/airflow/example_dags/example_latest_only.py for tasks to queue
[2024-04-29T17:38:13.001+0000] {logging_mixin.py:188} INFO - [2024-04-29T17:38:13.001+0000] {dagbag.py:540} INFO - Filling up the DagBag from /home/airflow/.local/lib/python3.8/site-packages/airflow/example_dags/example_latest_only.py
[2024-04-29T17:38:13.007+0000] {processor.py:840} INFO - DAG(s) 'latest_only' retrieved from /home/airflow/.local/lib/python3.8/site-packages/airflow/example_dags/example_latest_only.py
[2024-04-29T17:38:13.029+0000] {logging_mixin.py:188} INFO - [2024-04-29T17:38:13.028+0000] {dag.py:3047} INFO - Sync 1 DAGs
[2024-04-29T17:38:13.045+0000] {logging_mixin.py:188} INFO - [2024-04-29T17:38:13.045+0000] {dag.py:3834} INFO - Setting next_dagrun for latest_only to 2024-04-29 12:00:00+00:00, run_after=2024-04-29 16:00:00+00:00
[2024-04-29T17:38:13.066+0000] {processor.py:183} INFO - Processing /home/airflow/.local/lib/python3.8/site-packages/airflow/example_dags/example_latest_only.py took 0.070 seconds
[2024-04-29T17:38:43.356+0000] {processor.py:161} INFO - Started process (PID=4593) to work on /home/airflow/.local/lib/python3.8/site-packages/airflow/example_dags/example_latest_only.py
[2024-04-29T17:38:43.357+0000] {processor.py:830} INFO - Processing file /home/airflow/.local/lib/python3.8/site-packages/airflow/example_dags/example_latest_only.py for tasks to queue
[2024-04-29T17:38:43.358+0000] {logging_mixin.py:188} INFO - [2024-04-29T17:38:43.357+0000] {dagbag.py:540} INFO - Filling up the DagBag from /home/airflow/.local/lib/python3.8/site-packages/airflow/example_dags/example_latest_only.py
[2024-04-29T17:38:43.364+0000] {processor.py:840} INFO - DAG(s) 'latest_only' retrieved from /home/airflow/.local/lib/python3.8/site-packages/airflow/example_dags/example_latest_only.py
[2024-04-29T17:38:43.400+0000] {logging_mixin.py:188} INFO - [2024-04-29T17:38:43.400+0000] {dag.py:3047} INFO - Sync 1 DAGs
[2024-04-29T17:38:43.430+0000] {logging_mixin.py:188} INFO - [2024-04-29T17:38:43.430+0000] {dag.py:3834} INFO - Setting next_dagrun for latest_only to 2024-04-29 12:00:00+00:00, run_after=2024-04-29 16:00:00+00:00
[2024-04-29T17:38:43.455+0000] {processor.py:183} INFO - Processing /home/airflow/.local/lib/python3.8/site-packages/airflow/example_dags/example_latest_only.py took 0.103 seconds
[2024-04-29T17:39:13.963+0000] {processor.py:161} INFO - Started process (PID=4840) to work on /home/airflow/.local/lib/python3.8/site-packages/airflow/example_dags/example_latest_only.py
[2024-04-29T17:39:13.965+0000] {processor.py:830} INFO - Processing file /home/airflow/.local/lib/python3.8/site-packages/airflow/example_dags/example_latest_only.py for tasks to queue
[2024-04-29T17:39:13.966+0000] {logging_mixin.py:188} INFO - [2024-04-29T17:39:13.965+0000] {dagbag.py:540} INFO - Filling up the DagBag from /home/airflow/.local/lib/python3.8/site-packages/airflow/example_dags/example_latest_only.py
[2024-04-29T17:39:13.972+0000] {processor.py:840} INFO - DAG(s) 'latest_only' retrieved from /home/airflow/.local/lib/python3.8/site-packages/airflow/example_dags/example_latest_only.py
[2024-04-29T17:39:14.006+0000] {logging_mixin.py:188} INFO - [2024-04-29T17:39:14.006+0000] {dag.py:3047} INFO - Sync 1 DAGs
[2024-04-29T17:39:14.034+0000] {logging_mixin.py:188} INFO - [2024-04-29T17:39:14.034+0000] {dag.py:3834} INFO - Setting next_dagrun for latest_only to 2024-04-29 12:00:00+00:00, run_after=2024-04-29 16:00:00+00:00
[2024-04-29T17:39:14.097+0000] {processor.py:183} INFO - Processing /home/airflow/.local/lib/python3.8/site-packages/airflow/example_dags/example_latest_only.py took 0.138 seconds
[2024-04-29T17:39:44.478+0000] {processor.py:161} INFO - Started process (PID=5092) to work on /home/airflow/.local/lib/python3.8/site-packages/airflow/example_dags/example_latest_only.py
[2024-04-29T17:39:44.479+0000] {processor.py:830} INFO - Processing file /home/airflow/.local/lib/python3.8/site-packages/airflow/example_dags/example_latest_only.py for tasks to queue
[2024-04-29T17:39:44.481+0000] {logging_mixin.py:188} INFO - [2024-04-29T17:39:44.480+0000] {dagbag.py:540} INFO - Filling up the DagBag from /home/airflow/.local/lib/python3.8/site-packages/airflow/example_dags/example_latest_only.py
[2024-04-29T17:39:44.487+0000] {processor.py:840} INFO - DAG(s) 'latest_only' retrieved from /home/airflow/.local/lib/python3.8/site-packages/airflow/example_dags/example_latest_only.py
[2024-04-29T17:39:44.513+0000] {logging_mixin.py:188} INFO - [2024-04-29T17:39:44.513+0000] {dag.py:3047} INFO - Sync 1 DAGs
[2024-04-29T17:39:44.543+0000] {logging_mixin.py:188} INFO - [2024-04-29T17:39:44.543+0000] {dag.py:3834} INFO - Setting next_dagrun for latest_only to 2024-04-29 12:00:00+00:00, run_after=2024-04-29 16:00:00+00:00
[2024-04-29T17:39:44.570+0000] {processor.py:183} INFO - Processing /home/airflow/.local/lib/python3.8/site-packages/airflow/example_dags/example_latest_only.py took 0.096 seconds
[2024-04-29T17:40:15.369+0000] {processor.py:161} INFO - Started process (PID=5341) to work on /home/airflow/.local/lib/python3.8/site-packages/airflow/example_dags/example_latest_only.py
[2024-04-29T17:40:15.370+0000] {processor.py:830} INFO - Processing file /home/airflow/.local/lib/python3.8/site-packages/airflow/example_dags/example_latest_only.py for tasks to queue
[2024-04-29T17:40:15.371+0000] {logging_mixin.py:188} INFO - [2024-04-29T17:40:15.370+0000] {dagbag.py:540} INFO - Filling up the DagBag from /home/airflow/.local/lib/python3.8/site-packages/airflow/example_dags/example_latest_only.py
[2024-04-29T17:40:15.377+0000] {processor.py:840} INFO - DAG(s) 'latest_only' retrieved from /home/airflow/.local/lib/python3.8/site-packages/airflow/example_dags/example_latest_only.py
[2024-04-29T17:40:15.400+0000] {logging_mixin.py:188} INFO - [2024-04-29T17:40:15.399+0000] {dag.py:3047} INFO - Sync 1 DAGs
[2024-04-29T17:40:15.426+0000] {logging_mixin.py:188} INFO - [2024-04-29T17:40:15.425+0000] {dag.py:3834} INFO - Setting next_dagrun for latest_only to 2024-04-29 12:00:00+00:00, run_after=2024-04-29 16:00:00+00:00
[2024-04-29T17:40:15.449+0000] {processor.py:183} INFO - Processing /home/airflow/.local/lib/python3.8/site-packages/airflow/example_dags/example_latest_only.py took 0.083 seconds
[2024-04-29T17:40:45.718+0000] {processor.py:161} INFO - Started process (PID=5588) to work on /home/airflow/.local/lib/python3.8/site-packages/airflow/example_dags/example_latest_only.py
[2024-04-29T17:40:45.719+0000] {processor.py:830} INFO - Processing file /home/airflow/.local/lib/python3.8/site-packages/airflow/example_dags/example_latest_only.py for tasks to queue
[2024-04-29T17:40:45.720+0000] {logging_mixin.py:188} INFO - [2024-04-29T17:40:45.720+0000] {dagbag.py:540} INFO - Filling up the DagBag from /home/airflow/.local/lib/python3.8/site-packages/airflow/example_dags/example_latest_only.py
[2024-04-29T17:40:45.726+0000] {processor.py:840} INFO - DAG(s) 'latest_only' retrieved from /home/airflow/.local/lib/python3.8/site-packages/airflow/example_dags/example_latest_only.py
[2024-04-29T17:40:45.750+0000] {logging_mixin.py:188} INFO - [2024-04-29T17:40:45.750+0000] {dag.py:3047} INFO - Sync 1 DAGs
[2024-04-29T17:40:45.776+0000] {logging_mixin.py:188} INFO - [2024-04-29T17:40:45.776+0000] {dag.py:3834} INFO - Setting next_dagrun for latest_only to 2024-04-29 12:00:00+00:00, run_after=2024-04-29 16:00:00+00:00
[2024-04-29T17:40:45.801+0000] {processor.py:183} INFO - Processing /home/airflow/.local/lib/python3.8/site-packages/airflow/example_dags/example_latest_only.py took 0.085 seconds
[2024-04-29T17:41:15.865+0000] {processor.py:161} INFO - Started process (PID=5833) to work on /home/airflow/.local/lib/python3.8/site-packages/airflow/example_dags/example_latest_only.py
[2024-04-29T17:41:15.866+0000] {processor.py:830} INFO - Processing file /home/airflow/.local/lib/python3.8/site-packages/airflow/example_dags/example_latest_only.py for tasks to queue
[2024-04-29T17:41:15.868+0000] {logging_mixin.py:188} INFO - [2024-04-29T17:41:15.867+0000] {dagbag.py:540} INFO - Filling up the DagBag from /home/airflow/.local/lib/python3.8/site-packages/airflow/example_dags/example_latest_only.py
[2024-04-29T17:41:15.874+0000] {processor.py:840} INFO - DAG(s) 'latest_only' retrieved from /home/airflow/.local/lib/python3.8/site-packages/airflow/example_dags/example_latest_only.py
[2024-04-29T17:41:15.897+0000] {logging_mixin.py:188} INFO - [2024-04-29T17:41:15.897+0000] {dag.py:3047} INFO - Sync 1 DAGs
[2024-04-29T17:41:15.922+0000] {logging_mixin.py:188} INFO - [2024-04-29T17:41:15.922+0000] {dag.py:3834} INFO - Setting next_dagrun for latest_only to 2024-04-29 12:00:00+00:00, run_after=2024-04-29 16:00:00+00:00
[2024-04-29T17:41:15.946+0000] {processor.py:183} INFO - Processing /home/airflow/.local/lib/python3.8/site-packages/airflow/example_dags/example_latest_only.py took 0.084 seconds
[2024-04-29T17:41:46.183+0000] {processor.py:161} INFO - Started process (PID=6082) to work on /home/airflow/.local/lib/python3.8/site-packages/airflow/example_dags/example_latest_only.py
[2024-04-29T17:41:46.184+0000] {processor.py:830} INFO - Processing file /home/airflow/.local/lib/python3.8/site-packages/airflow/example_dags/example_latest_only.py for tasks to queue
[2024-04-29T17:41:46.184+0000] {logging_mixin.py:188} INFO - [2024-04-29T17:41:46.184+0000] {dagbag.py:540} INFO - Filling up the DagBag from /home/airflow/.local/lib/python3.8/site-packages/airflow/example_dags/example_latest_only.py
[2024-04-29T17:41:46.189+0000] {processor.py:840} INFO - DAG(s) 'latest_only' retrieved from /home/airflow/.local/lib/python3.8/site-packages/airflow/example_dags/example_latest_only.py
[2024-04-29T17:41:46.205+0000] {logging_mixin.py:188} INFO - [2024-04-29T17:41:46.205+0000] {dag.py:3047} INFO - Sync 1 DAGs
[2024-04-29T17:41:46.223+0000] {logging_mixin.py:188} INFO - [2024-04-29T17:41:46.222+0000] {dag.py:3834} INFO - Setting next_dagrun for latest_only to 2024-04-29 12:00:00+00:00, run_after=2024-04-29 16:00:00+00:00
[2024-04-29T17:41:46.243+0000] {processor.py:183} INFO - Processing /home/airflow/.local/lib/python3.8/site-packages/airflow/example_dags/example_latest_only.py took 0.063 seconds
[2024-04-29T17:42:16.535+0000] {processor.py:161} INFO - Started process (PID=6329) to work on /home/airflow/.local/lib/python3.8/site-packages/airflow/example_dags/example_latest_only.py
[2024-04-29T17:42:16.536+0000] {processor.py:830} INFO - Processing file /home/airflow/.local/lib/python3.8/site-packages/airflow/example_dags/example_latest_only.py for tasks to queue
[2024-04-29T17:42:16.537+0000] {logging_mixin.py:188} INFO - [2024-04-29T17:42:16.536+0000] {dagbag.py:540} INFO - Filling up the DagBag from /home/airflow/.local/lib/python3.8/site-packages/airflow/example_dags/example_latest_only.py
[2024-04-29T17:42:16.541+0000] {processor.py:840} INFO - DAG(s) 'latest_only' retrieved from /home/airflow/.local/lib/python3.8/site-packages/airflow/example_dags/example_latest_only.py
[2024-04-29T17:42:16.558+0000] {logging_mixin.py:188} INFO - [2024-04-29T17:42:16.557+0000] {dag.py:3047} INFO - Sync 1 DAGs
[2024-04-29T17:42:16.575+0000] {logging_mixin.py:188} INFO - [2024-04-29T17:42:16.575+0000] {dag.py:3834} INFO - Setting next_dagrun for latest_only to 2024-04-29 12:00:00+00:00, run_after=2024-04-29 16:00:00+00:00
[2024-04-29T17:42:16.596+0000] {processor.py:183} INFO - Processing /home/airflow/.local/lib/python3.8/site-packages/airflow/example_dags/example_latest_only.py took 0.064 seconds
[2024-04-29T17:42:46.988+0000] {processor.py:161} INFO - Started process (PID=6574) to work on /home/airflow/.local/lib/python3.8/site-packages/airflow/example_dags/example_latest_only.py
[2024-04-29T17:42:46.990+0000] {processor.py:830} INFO - Processing file /home/airflow/.local/lib/python3.8/site-packages/airflow/example_dags/example_latest_only.py for tasks to queue
[2024-04-29T17:42:46.991+0000] {logging_mixin.py:188} INFO - [2024-04-29T17:42:46.990+0000] {dagbag.py:540} INFO - Filling up the DagBag from /home/airflow/.local/lib/python3.8/site-packages/airflow/example_dags/example_latest_only.py
[2024-04-29T17:42:46.997+0000] {processor.py:840} INFO - DAG(s) 'latest_only' retrieved from /home/airflow/.local/lib/python3.8/site-packages/airflow/example_dags/example_latest_only.py
[2024-04-29T17:42:47.017+0000] {logging_mixin.py:188} INFO - [2024-04-29T17:42:47.017+0000] {dag.py:3047} INFO - Sync 1 DAGs
[2024-04-29T17:42:47.042+0000] {logging_mixin.py:188} INFO - [2024-04-29T17:42:47.042+0000] {dag.py:3834} INFO - Setting next_dagrun for latest_only to 2024-04-29 12:00:00+00:00, run_after=2024-04-29 16:00:00+00:00
[2024-04-29T17:42:47.067+0000] {processor.py:183} INFO - Processing /home/airflow/.local/lib/python3.8/site-packages/airflow/example_dags/example_latest_only.py took 0.083 seconds
[2024-04-29T17:43:17.114+0000] {processor.py:161} INFO - Started process (PID=6821) to work on /home/airflow/.local/lib/python3.8/site-packages/airflow/example_dags/example_latest_only.py
[2024-04-29T17:43:17.115+0000] {processor.py:830} INFO - Processing file /home/airflow/.local/lib/python3.8/site-packages/airflow/example_dags/example_latest_only.py for tasks to queue
[2024-04-29T17:43:17.116+0000] {logging_mixin.py:188} INFO - [2024-04-29T17:43:17.115+0000] {dagbag.py:540} INFO - Filling up the DagBag from /home/airflow/.local/lib/python3.8/site-packages/airflow/example_dags/example_latest_only.py
[2024-04-29T17:43:17.121+0000] {processor.py:840} INFO - DAG(s) 'latest_only' retrieved from /home/airflow/.local/lib/python3.8/site-packages/airflow/example_dags/example_latest_only.py
[2024-04-29T17:43:17.143+0000] {logging_mixin.py:188} INFO - [2024-04-29T17:43:17.142+0000] {dag.py:3047} INFO - Sync 1 DAGs
[2024-04-29T17:43:17.167+0000] {logging_mixin.py:188} INFO - [2024-04-29T17:43:17.166+0000] {dag.py:3834} INFO - Setting next_dagrun for latest_only to 2024-04-29 12:00:00+00:00, run_after=2024-04-29 16:00:00+00:00
[2024-04-29T17:43:17.189+0000] {processor.py:183} INFO - Processing /home/airflow/.local/lib/python3.8/site-packages/airflow/example_dags/example_latest_only.py took 0.080 seconds
[2024-04-29T17:43:47.429+0000] {processor.py:161} INFO - Started process (PID=7068) to work on /home/airflow/.local/lib/python3.8/site-packages/airflow/example_dags/example_latest_only.py
[2024-04-29T17:43:47.430+0000] {processor.py:830} INFO - Processing file /home/airflow/.local/lib/python3.8/site-packages/airflow/example_dags/example_latest_only.py for tasks to queue
[2024-04-29T17:43:47.432+0000] {logging_mixin.py:188} INFO - [2024-04-29T17:43:47.431+0000] {dagbag.py:540} INFO - Filling up the DagBag from /home/airflow/.local/lib/python3.8/site-packages/airflow/example_dags/example_latest_only.py
[2024-04-29T17:43:47.438+0000] {processor.py:840} INFO - DAG(s) 'latest_only' retrieved from /home/airflow/.local/lib/python3.8/site-packages/airflow/example_dags/example_latest_only.py
[2024-04-29T17:43:47.460+0000] {logging_mixin.py:188} INFO - [2024-04-29T17:43:47.460+0000] {dag.py:3047} INFO - Sync 1 DAGs
[2024-04-29T17:43:47.484+0000] {logging_mixin.py:188} INFO - [2024-04-29T17:43:47.484+0000] {dag.py:3834} INFO - Setting next_dagrun for latest_only to 2024-04-29 12:00:00+00:00, run_after=2024-04-29 16:00:00+00:00
[2024-04-29T17:43:47.508+0000] {processor.py:183} INFO - Processing /home/airflow/.local/lib/python3.8/site-packages/airflow/example_dags/example_latest_only.py took 0.082 seconds
[2024-04-29T17:44:17.761+0000] {processor.py:161} INFO - Started process (PID=7317) to work on /home/airflow/.local/lib/python3.8/site-packages/airflow/example_dags/example_latest_only.py
[2024-04-29T17:44:17.762+0000] {processor.py:830} INFO - Processing file /home/airflow/.local/lib/python3.8/site-packages/airflow/example_dags/example_latest_only.py for tasks to queue
[2024-04-29T17:44:17.763+0000] {logging_mixin.py:188} INFO - [2024-04-29T17:44:17.762+0000] {dagbag.py:540} INFO - Filling up the DagBag from /home/airflow/.local/lib/python3.8/site-packages/airflow/example_dags/example_latest_only.py
[2024-04-29T17:44:17.767+0000] {processor.py:840} INFO - DAG(s) 'latest_only' retrieved from /home/airflow/.local/lib/python3.8/site-packages/airflow/example_dags/example_latest_only.py
[2024-04-29T17:44:17.784+0000] {logging_mixin.py:188} INFO - [2024-04-29T17:44:17.783+0000] {dag.py:3047} INFO - Sync 1 DAGs
[2024-04-29T17:44:17.801+0000] {logging_mixin.py:188} INFO - [2024-04-29T17:44:17.801+0000] {dag.py:3834} INFO - Setting next_dagrun for latest_only to 2024-04-29 12:00:00+00:00, run_after=2024-04-29 16:00:00+00:00
[2024-04-29T17:44:17.826+0000] {processor.py:183} INFO - Processing /home/airflow/.local/lib/python3.8/site-packages/airflow/example_dags/example_latest_only.py took 0.067 seconds
[2024-04-29T17:44:48.070+0000] {processor.py:161} INFO - Started process (PID=7562) to work on /home/airflow/.local/lib/python3.8/site-packages/airflow/example_dags/example_latest_only.py
[2024-04-29T17:44:48.071+0000] {processor.py:830} INFO - Processing file /home/airflow/.local/lib/python3.8/site-packages/airflow/example_dags/example_latest_only.py for tasks to queue
[2024-04-29T17:44:48.072+0000] {logging_mixin.py:188} INFO - [2024-04-29T17:44:48.072+0000] {dagbag.py:540} INFO - Filling up the DagBag from /home/airflow/.local/lib/python3.8/site-packages/airflow/example_dags/example_latest_only.py
[2024-04-29T17:44:48.078+0000] {processor.py:840} INFO - DAG(s) 'latest_only' retrieved from /home/airflow/.local/lib/python3.8/site-packages/airflow/example_dags/example_latest_only.py
[2024-04-29T17:44:48.100+0000] {logging_mixin.py:188} INFO - [2024-04-29T17:44:48.100+0000] {dag.py:3047} INFO - Sync 1 DAGs
[2024-04-29T17:44:48.121+0000] {logging_mixin.py:188} INFO - [2024-04-29T17:44:48.121+0000] {dag.py:3834} INFO - Setting next_dagrun for latest_only to 2024-04-29 12:00:00+00:00, run_after=2024-04-29 16:00:00+00:00
[2024-04-29T17:44:48.150+0000] {processor.py:183} INFO - Processing /home/airflow/.local/lib/python3.8/site-packages/airflow/example_dags/example_latest_only.py took 0.083 seconds
[2024-04-29T17:45:18.618+0000] {processor.py:161} INFO - Started process (PID=7810) to work on /home/airflow/.local/lib/python3.8/site-packages/airflow/example_dags/example_latest_only.py
[2024-04-29T17:45:18.619+0000] {processor.py:830} INFO - Processing file /home/airflow/.local/lib/python3.8/site-packages/airflow/example_dags/example_latest_only.py for tasks to queue
[2024-04-29T17:45:18.620+0000] {logging_mixin.py:188} INFO - [2024-04-29T17:45:18.620+0000] {dagbag.py:540} INFO - Filling up the DagBag from /home/airflow/.local/lib/python3.8/site-packages/airflow/example_dags/example_latest_only.py
[2024-04-29T17:45:18.627+0000] {processor.py:840} INFO - DAG(s) 'latest_only' retrieved from /home/airflow/.local/lib/python3.8/site-packages/airflow/example_dags/example_latest_only.py
[2024-04-29T17:45:18.651+0000] {logging_mixin.py:188} INFO - [2024-04-29T17:45:18.650+0000] {dag.py:3047} INFO - Sync 1 DAGs
[2024-04-29T17:45:18.680+0000] {logging_mixin.py:188} INFO - [2024-04-29T17:45:18.680+0000] {dag.py:3834} INFO - Setting next_dagrun for latest_only to 2024-04-29 12:00:00+00:00, run_after=2024-04-29 16:00:00+00:00
[2024-04-29T17:45:18.717+0000] {processor.py:183} INFO - Processing /home/airflow/.local/lib/python3.8/site-packages/airflow/example_dags/example_latest_only.py took 0.103 seconds
[2024-04-29T17:45:49.081+0000] {processor.py:161} INFO - Started process (PID=8058) to work on /home/airflow/.local/lib/python3.8/site-packages/airflow/example_dags/example_latest_only.py
[2024-04-29T17:45:49.082+0000] {processor.py:830} INFO - Processing file /home/airflow/.local/lib/python3.8/site-packages/airflow/example_dags/example_latest_only.py for tasks to queue
[2024-04-29T17:45:49.083+0000] {logging_mixin.py:188} INFO - [2024-04-29T17:45:49.082+0000] {dagbag.py:540} INFO - Filling up the DagBag from /home/airflow/.local/lib/python3.8/site-packages/airflow/example_dags/example_latest_only.py
[2024-04-29T17:45:49.089+0000] {processor.py:840} INFO - DAG(s) 'latest_only' retrieved from /home/airflow/.local/lib/python3.8/site-packages/airflow/example_dags/example_latest_only.py
[2024-04-29T17:45:49.111+0000] {logging_mixin.py:188} INFO - [2024-04-29T17:45:49.111+0000] {dag.py:3047} INFO - Sync 1 DAGs
[2024-04-29T17:45:49.134+0000] {logging_mixin.py:188} INFO - [2024-04-29T17:45:49.134+0000] {dag.py:3834} INFO - Setting next_dagrun for latest_only to 2024-04-29 12:00:00+00:00, run_after=2024-04-29 16:00:00+00:00
[2024-04-29T17:45:49.157+0000] {processor.py:183} INFO - Processing /home/airflow/.local/lib/python3.8/site-packages/airflow/example_dags/example_latest_only.py took 0.080 seconds
[2024-04-29T17:46:19.305+0000] {processor.py:161} INFO - Started process (PID=8304) to work on /home/airflow/.local/lib/python3.8/site-packages/airflow/example_dags/example_latest_only.py
[2024-04-29T17:46:19.308+0000] {processor.py:830} INFO - Processing file /home/airflow/.local/lib/python3.8/site-packages/airflow/example_dags/example_latest_only.py for tasks to queue
[2024-04-29T17:46:19.310+0000] {logging_mixin.py:188} INFO - [2024-04-29T17:46:19.310+0000] {dagbag.py:540} INFO - Filling up the DagBag from /home/airflow/.local/lib/python3.8/site-packages/airflow/example_dags/example_latest_only.py
[2024-04-29T17:46:19.319+0000] {processor.py:840} INFO - DAG(s) 'latest_only' retrieved from /home/airflow/.local/lib/python3.8/site-packages/airflow/example_dags/example_latest_only.py
[2024-04-29T17:46:19.340+0000] {logging_mixin.py:188} INFO - [2024-04-29T17:46:19.340+0000] {dag.py:3047} INFO - Sync 1 DAGs
[2024-04-29T17:46:19.365+0000] {logging_mixin.py:188} INFO - [2024-04-29T17:46:19.364+0000] {dag.py:3834} INFO - Setting next_dagrun for latest_only to 2024-04-29 12:00:00+00:00, run_after=2024-04-29 16:00:00+00:00
[2024-04-29T17:46:19.414+0000] {processor.py:183} INFO - Processing /home/airflow/.local/lib/python3.8/site-packages/airflow/example_dags/example_latest_only.py took 0.113 seconds
[2024-04-29T17:46:49.644+0000] {processor.py:161} INFO - Started process (PID=8553) to work on /home/airflow/.local/lib/python3.8/site-packages/airflow/example_dags/example_latest_only.py
[2024-04-29T17:46:49.645+0000] {processor.py:830} INFO - Processing file /home/airflow/.local/lib/python3.8/site-packages/airflow/example_dags/example_latest_only.py for tasks to queue
[2024-04-29T17:46:49.646+0000] {logging_mixin.py:188} INFO - [2024-04-29T17:46:49.646+0000] {dagbag.py:540} INFO - Filling up the DagBag from /home/airflow/.local/lib/python3.8/site-packages/airflow/example_dags/example_latest_only.py
[2024-04-29T17:46:49.652+0000] {processor.py:840} INFO - DAG(s) 'latest_only' retrieved from /home/airflow/.local/lib/python3.8/site-packages/airflow/example_dags/example_latest_only.py
[2024-04-29T17:46:49.675+0000] {logging_mixin.py:188} INFO - [2024-04-29T17:46:49.675+0000] {dag.py:3047} INFO - Sync 1 DAGs
[2024-04-29T17:46:49.699+0000] {logging_mixin.py:188} INFO - [2024-04-29T17:46:49.698+0000] {dag.py:3834} INFO - Setting next_dagrun for latest_only to 2024-04-29 12:00:00+00:00, run_after=2024-04-29 16:00:00+00:00
[2024-04-29T17:46:49.726+0000] {processor.py:183} INFO - Processing /home/airflow/.local/lib/python3.8/site-packages/airflow/example_dags/example_latest_only.py took 0.086 seconds
[2024-04-29T17:47:20.243+0000] {processor.py:161} INFO - Started process (PID=8801) to work on /home/airflow/.local/lib/python3.8/site-packages/airflow/example_dags/example_latest_only.py
[2024-04-29T17:47:20.243+0000] {processor.py:830} INFO - Processing file /home/airflow/.local/lib/python3.8/site-packages/airflow/example_dags/example_latest_only.py for tasks to queue
[2024-04-29T17:47:20.244+0000] {logging_mixin.py:188} INFO - [2024-04-29T17:47:20.244+0000] {dagbag.py:540} INFO - Filling up the DagBag from /home/airflow/.local/lib/python3.8/site-packages/airflow/example_dags/example_latest_only.py
[2024-04-29T17:47:20.250+0000] {processor.py:840} INFO - DAG(s) 'latest_only' retrieved from /home/airflow/.local/lib/python3.8/site-packages/airflow/example_dags/example_latest_only.py
[2024-04-29T17:47:20.271+0000] {logging_mixin.py:188} INFO - [2024-04-29T17:47:20.271+0000] {dag.py:3047} INFO - Sync 1 DAGs
[2024-04-29T17:47:20.295+0000] {logging_mixin.py:188} INFO - [2024-04-29T17:47:20.295+0000] {dag.py:3834} INFO - Setting next_dagrun for latest_only to 2024-04-29 12:00:00+00:00, run_after=2024-04-29 16:00:00+00:00
[2024-04-29T17:47:20.336+0000] {processor.py:183} INFO - Processing /home/airflow/.local/lib/python3.8/site-packages/airflow/example_dags/example_latest_only.py took 0.098 seconds
[2024-04-29T17:47:50.648+0000] {processor.py:161} INFO - Started process (PID=9051) to work on /home/airflow/.local/lib/python3.8/site-packages/airflow/example_dags/example_latest_only.py
[2024-04-29T17:47:50.649+0000] {processor.py:830} INFO - Processing file /home/airflow/.local/lib/python3.8/site-packages/airflow/example_dags/example_latest_only.py for tasks to queue
[2024-04-29T17:47:50.649+0000] {logging_mixin.py:188} INFO - [2024-04-29T17:47:50.649+0000] {dagbag.py:540} INFO - Filling up the DagBag from /home/airflow/.local/lib/python3.8/site-packages/airflow/example_dags/example_latest_only.py
[2024-04-29T17:47:50.654+0000] {processor.py:840} INFO - DAG(s) 'latest_only' retrieved from /home/airflow/.local/lib/python3.8/site-packages/airflow/example_dags/example_latest_only.py
[2024-04-29T17:47:50.670+0000] {logging_mixin.py:188} INFO - [2024-04-29T17:47:50.669+0000] {dag.py:3047} INFO - Sync 1 DAGs
[2024-04-29T17:47:50.689+0000] {logging_mixin.py:188} INFO - [2024-04-29T17:47:50.689+0000] {dag.py:3834} INFO - Setting next_dagrun for latest_only to 2024-04-29 12:00:00+00:00, run_after=2024-04-29 16:00:00+00:00
[2024-04-29T17:47:50.709+0000] {processor.py:183} INFO - Processing /home/airflow/.local/lib/python3.8/site-packages/airflow/example_dags/example_latest_only.py took 0.064 seconds
