[2024-04-29T17:30:04.175+0000] {processor.py:161} INFO - Started process (PID=286) to work on /home/airflow/.local/lib/python3.8/site-packages/airflow/example_dags/example_task_group.py
[2024-04-29T17:30:04.176+0000] {processor.py:830} INFO - Processing file /home/airflow/.local/lib/python3.8/site-packages/airflow/example_dags/example_task_group.py for tasks to queue
[2024-04-29T17:30:04.177+0000] {logging_mixin.py:188} INFO - [2024-04-29T17:30:04.176+0000] {dagbag.py:540} INFO - Filling up the DagBag from /home/airflow/.local/lib/python3.8/site-packages/airflow/example_dags/example_task_group.py
[2024-04-29T17:30:04.189+0000] {processor.py:840} INFO - DAG(s) 'example_task_group' retrieved from /home/airflow/.local/lib/python3.8/site-packages/airflow/example_dags/example_task_group.py
[2024-04-29T17:30:04.392+0000] {logging_mixin.py:188} INFO - [2024-04-29T17:30:04.392+0000] {override.py:1769} INFO - Created Permission View: can edit on DAG:example_task_group
[2024-04-29T17:30:04.424+0000] {logging_mixin.py:188} INFO - [2024-04-29T17:30:04.424+0000] {override.py:1769} INFO - Created Permission View: can delete on DAG:example_task_group
[2024-04-29T17:30:04.439+0000] {logging_mixin.py:188} INFO - [2024-04-29T17:30:04.438+0000] {override.py:1769} INFO - Created Permission View: can read on DAG:example_task_group
[2024-04-29T17:30:04.439+0000] {logging_mixin.py:188} INFO - [2024-04-29T17:30:04.439+0000] {dag.py:3047} INFO - Sync 1 DAGs
[2024-04-29T17:30:04.457+0000] {logging_mixin.py:188} INFO - [2024-04-29T17:30:04.457+0000] {dag.py:3069} INFO - Creating ORM DAG for example_task_group
[2024-04-29T17:30:04.492+0000] {logging_mixin.py:188} INFO - [2024-04-29T17:30:04.492+0000] {dag.py:3834} INFO - Setting next_dagrun for example_task_group to 2024-04-28 00:00:00+00:00, run_after=2024-04-29 00:00:00+00:00
[2024-04-29T17:30:04.553+0000] {processor.py:183} INFO - Processing /home/airflow/.local/lib/python3.8/site-packages/airflow/example_dags/example_task_group.py took 0.382 seconds
[2024-04-29T17:30:35.166+0000] {processor.py:161} INFO - Started process (PID=535) to work on /home/airflow/.local/lib/python3.8/site-packages/airflow/example_dags/example_task_group.py
[2024-04-29T17:30:35.167+0000] {processor.py:830} INFO - Processing file /home/airflow/.local/lib/python3.8/site-packages/airflow/example_dags/example_task_group.py for tasks to queue
[2024-04-29T17:30:35.168+0000] {logging_mixin.py:188} INFO - [2024-04-29T17:30:35.168+0000] {dagbag.py:540} INFO - Filling up the DagBag from /home/airflow/.local/lib/python3.8/site-packages/airflow/example_dags/example_task_group.py
[2024-04-29T17:30:35.182+0000] {processor.py:840} INFO - DAG(s) 'example_task_group' retrieved from /home/airflow/.local/lib/python3.8/site-packages/airflow/example_dags/example_task_group.py
[2024-04-29T17:30:35.208+0000] {logging_mixin.py:188} INFO - [2024-04-29T17:30:35.208+0000] {dag.py:3047} INFO - Sync 1 DAGs
[2024-04-29T17:30:35.234+0000] {logging_mixin.py:188} INFO - [2024-04-29T17:30:35.234+0000] {dag.py:3834} INFO - Setting next_dagrun for example_task_group to 2024-04-28 00:00:00+00:00, run_after=2024-04-29 00:00:00+00:00
[2024-04-29T17:30:35.270+0000] {processor.py:183} INFO - Processing /home/airflow/.local/lib/python3.8/site-packages/airflow/example_dags/example_task_group.py took 0.107 seconds
[2024-04-29T17:31:05.601+0000] {processor.py:161} INFO - Started process (PID=782) to work on /home/airflow/.local/lib/python3.8/site-packages/airflow/example_dags/example_task_group.py
[2024-04-29T17:31:05.602+0000] {processor.py:830} INFO - Processing file /home/airflow/.local/lib/python3.8/site-packages/airflow/example_dags/example_task_group.py for tasks to queue
[2024-04-29T17:31:05.603+0000] {logging_mixin.py:188} INFO - [2024-04-29T17:31:05.602+0000] {dagbag.py:540} INFO - Filling up the DagBag from /home/airflow/.local/lib/python3.8/site-packages/airflow/example_dags/example_task_group.py
[2024-04-29T17:31:05.613+0000] {processor.py:840} INFO - DAG(s) 'example_task_group' retrieved from /home/airflow/.local/lib/python3.8/site-packages/airflow/example_dags/example_task_group.py
[2024-04-29T17:31:05.640+0000] {logging_mixin.py:188} INFO - [2024-04-29T17:31:05.640+0000] {dag.py:3047} INFO - Sync 1 DAGs
[2024-04-29T17:31:05.672+0000] {logging_mixin.py:188} INFO - [2024-04-29T17:31:05.672+0000] {dag.py:3834} INFO - Setting next_dagrun for example_task_group to 2024-04-28 00:00:00+00:00, run_after=2024-04-29 00:00:00+00:00
[2024-04-29T17:31:05.699+0000] {processor.py:183} INFO - Processing /home/airflow/.local/lib/python3.8/site-packages/airflow/example_dags/example_task_group.py took 0.102 seconds
[2024-04-29T17:31:36.210+0000] {processor.py:161} INFO - Started process (PID=1029) to work on /home/airflow/.local/lib/python3.8/site-packages/airflow/example_dags/example_task_group.py
[2024-04-29T17:31:36.211+0000] {processor.py:830} INFO - Processing file /home/airflow/.local/lib/python3.8/site-packages/airflow/example_dags/example_task_group.py for tasks to queue
[2024-04-29T17:31:36.212+0000] {logging_mixin.py:188} INFO - [2024-04-29T17:31:36.212+0000] {dagbag.py:540} INFO - Filling up the DagBag from /home/airflow/.local/lib/python3.8/site-packages/airflow/example_dags/example_task_group.py
[2024-04-29T17:31:36.221+0000] {processor.py:840} INFO - DAG(s) 'example_task_group' retrieved from /home/airflow/.local/lib/python3.8/site-packages/airflow/example_dags/example_task_group.py
[2024-04-29T17:31:36.248+0000] {logging_mixin.py:188} INFO - [2024-04-29T17:31:36.248+0000] {dag.py:3047} INFO - Sync 1 DAGs
[2024-04-29T17:31:36.274+0000] {logging_mixin.py:188} INFO - [2024-04-29T17:31:36.274+0000] {dag.py:3834} INFO - Setting next_dagrun for example_task_group to 2024-04-28 00:00:00+00:00, run_after=2024-04-29 00:00:00+00:00
[2024-04-29T17:31:36.304+0000] {processor.py:183} INFO - Processing /home/airflow/.local/lib/python3.8/site-packages/airflow/example_dags/example_task_group.py took 0.097 seconds
[2024-04-29T17:32:06.545+0000] {processor.py:161} INFO - Started process (PID=1277) to work on /home/airflow/.local/lib/python3.8/site-packages/airflow/example_dags/example_task_group.py
[2024-04-29T17:32:06.546+0000] {processor.py:830} INFO - Processing file /home/airflow/.local/lib/python3.8/site-packages/airflow/example_dags/example_task_group.py for tasks to queue
[2024-04-29T17:32:06.547+0000] {logging_mixin.py:188} INFO - [2024-04-29T17:32:06.547+0000] {dagbag.py:540} INFO - Filling up the DagBag from /home/airflow/.local/lib/python3.8/site-packages/airflow/example_dags/example_task_group.py
[2024-04-29T17:32:06.556+0000] {processor.py:840} INFO - DAG(s) 'example_task_group' retrieved from /home/airflow/.local/lib/python3.8/site-packages/airflow/example_dags/example_task_group.py
[2024-04-29T17:32:06.583+0000] {logging_mixin.py:188} INFO - [2024-04-29T17:32:06.583+0000] {dag.py:3047} INFO - Sync 1 DAGs
[2024-04-29T17:32:06.610+0000] {logging_mixin.py:188} INFO - [2024-04-29T17:32:06.610+0000] {dag.py:3834} INFO - Setting next_dagrun for example_task_group to 2024-04-28 00:00:00+00:00, run_after=2024-04-29 00:00:00+00:00
[2024-04-29T17:32:06.634+0000] {processor.py:183} INFO - Processing /home/airflow/.local/lib/python3.8/site-packages/airflow/example_dags/example_task_group.py took 0.092 seconds
[2024-04-29T17:32:37.084+0000] {processor.py:161} INFO - Started process (PID=1525) to work on /home/airflow/.local/lib/python3.8/site-packages/airflow/example_dags/example_task_group.py
[2024-04-29T17:32:37.086+0000] {processor.py:830} INFO - Processing file /home/airflow/.local/lib/python3.8/site-packages/airflow/example_dags/example_task_group.py for tasks to queue
[2024-04-29T17:32:37.087+0000] {logging_mixin.py:188} INFO - [2024-04-29T17:32:37.087+0000] {dagbag.py:540} INFO - Filling up the DagBag from /home/airflow/.local/lib/python3.8/site-packages/airflow/example_dags/example_task_group.py
[2024-04-29T17:32:37.096+0000] {processor.py:840} INFO - DAG(s) 'example_task_group' retrieved from /home/airflow/.local/lib/python3.8/site-packages/airflow/example_dags/example_task_group.py
[2024-04-29T17:32:37.131+0000] {logging_mixin.py:188} INFO - [2024-04-29T17:32:37.130+0000] {dag.py:3047} INFO - Sync 1 DAGs
[2024-04-29T17:32:37.175+0000] {logging_mixin.py:188} INFO - [2024-04-29T17:32:37.175+0000] {dag.py:3834} INFO - Setting next_dagrun for example_task_group to 2024-04-28 00:00:00+00:00, run_after=2024-04-29 00:00:00+00:00
[2024-04-29T17:32:37.217+0000] {processor.py:183} INFO - Processing /home/airflow/.local/lib/python3.8/site-packages/airflow/example_dags/example_task_group.py took 0.136 seconds
[2024-04-29T17:33:07.819+0000] {processor.py:161} INFO - Started process (PID=1773) to work on /home/airflow/.local/lib/python3.8/site-packages/airflow/example_dags/example_task_group.py
[2024-04-29T17:33:07.820+0000] {processor.py:830} INFO - Processing file /home/airflow/.local/lib/python3.8/site-packages/airflow/example_dags/example_task_group.py for tasks to queue
[2024-04-29T17:33:07.822+0000] {logging_mixin.py:188} INFO - [2024-04-29T17:33:07.821+0000] {dagbag.py:540} INFO - Filling up the DagBag from /home/airflow/.local/lib/python3.8/site-packages/airflow/example_dags/example_task_group.py
[2024-04-29T17:33:07.830+0000] {processor.py:840} INFO - DAG(s) 'example_task_group' retrieved from /home/airflow/.local/lib/python3.8/site-packages/airflow/example_dags/example_task_group.py
[2024-04-29T17:33:07.857+0000] {logging_mixin.py:188} INFO - [2024-04-29T17:33:07.857+0000] {dag.py:3047} INFO - Sync 1 DAGs
[2024-04-29T17:33:07.882+0000] {logging_mixin.py:188} INFO - [2024-04-29T17:33:07.882+0000] {dag.py:3834} INFO - Setting next_dagrun for example_task_group to 2024-04-28 00:00:00+00:00, run_after=2024-04-29 00:00:00+00:00
[2024-04-29T17:33:07.905+0000] {processor.py:183} INFO - Processing /home/airflow/.local/lib/python3.8/site-packages/airflow/example_dags/example_task_group.py took 0.089 seconds
[2024-04-29T17:33:38.206+0000] {processor.py:161} INFO - Started process (PID=2018) to work on /home/airflow/.local/lib/python3.8/site-packages/airflow/example_dags/example_task_group.py
[2024-04-29T17:33:38.207+0000] {processor.py:830} INFO - Processing file /home/airflow/.local/lib/python3.8/site-packages/airflow/example_dags/example_task_group.py for tasks to queue
[2024-04-29T17:33:38.208+0000] {logging_mixin.py:188} INFO - [2024-04-29T17:33:38.207+0000] {dagbag.py:540} INFO - Filling up the DagBag from /home/airflow/.local/lib/python3.8/site-packages/airflow/example_dags/example_task_group.py
[2024-04-29T17:33:38.217+0000] {processor.py:840} INFO - DAG(s) 'example_task_group' retrieved from /home/airflow/.local/lib/python3.8/site-packages/airflow/example_dags/example_task_group.py
[2024-04-29T17:33:38.242+0000] {logging_mixin.py:188} INFO - [2024-04-29T17:33:38.242+0000] {dag.py:3047} INFO - Sync 1 DAGs
[2024-04-29T17:33:38.269+0000] {logging_mixin.py:188} INFO - [2024-04-29T17:33:38.269+0000] {dag.py:3834} INFO - Setting next_dagrun for example_task_group to 2024-04-28 00:00:00+00:00, run_after=2024-04-29 00:00:00+00:00
[2024-04-29T17:33:38.291+0000] {processor.py:183} INFO - Processing /home/airflow/.local/lib/python3.8/site-packages/airflow/example_dags/example_task_group.py took 0.091 seconds
[2024-04-29T17:34:08.774+0000] {processor.py:161} INFO - Started process (PID=2266) to work on /home/airflow/.local/lib/python3.8/site-packages/airflow/example_dags/example_task_group.py
[2024-04-29T17:34:08.775+0000] {processor.py:830} INFO - Processing file /home/airflow/.local/lib/python3.8/site-packages/airflow/example_dags/example_task_group.py for tasks to queue
[2024-04-29T17:34:08.776+0000] {logging_mixin.py:188} INFO - [2024-04-29T17:34:08.776+0000] {dagbag.py:540} INFO - Filling up the DagBag from /home/airflow/.local/lib/python3.8/site-packages/airflow/example_dags/example_task_group.py
[2024-04-29T17:34:08.785+0000] {processor.py:840} INFO - DAG(s) 'example_task_group' retrieved from /home/airflow/.local/lib/python3.8/site-packages/airflow/example_dags/example_task_group.py
[2024-04-29T17:34:08.815+0000] {logging_mixin.py:188} INFO - [2024-04-29T17:34:08.814+0000] {dag.py:3047} INFO - Sync 1 DAGs
[2024-04-29T17:34:08.841+0000] {logging_mixin.py:188} INFO - [2024-04-29T17:34:08.841+0000] {dag.py:3834} INFO - Setting next_dagrun for example_task_group to 2024-04-28 00:00:00+00:00, run_after=2024-04-29 00:00:00+00:00
[2024-04-29T17:34:08.872+0000] {processor.py:183} INFO - Processing /home/airflow/.local/lib/python3.8/site-packages/airflow/example_dags/example_task_group.py took 0.101 seconds
[2024-04-29T17:34:39.402+0000] {processor.py:161} INFO - Started process (PID=2513) to work on /home/airflow/.local/lib/python3.8/site-packages/airflow/example_dags/example_task_group.py
[2024-04-29T17:34:39.405+0000] {processor.py:830} INFO - Processing file /home/airflow/.local/lib/python3.8/site-packages/airflow/example_dags/example_task_group.py for tasks to queue
[2024-04-29T17:34:39.406+0000] {logging_mixin.py:188} INFO - [2024-04-29T17:34:39.405+0000] {dagbag.py:540} INFO - Filling up the DagBag from /home/airflow/.local/lib/python3.8/site-packages/airflow/example_dags/example_task_group.py
[2024-04-29T17:34:39.416+0000] {processor.py:840} INFO - DAG(s) 'example_task_group' retrieved from /home/airflow/.local/lib/python3.8/site-packages/airflow/example_dags/example_task_group.py
[2024-04-29T17:34:39.443+0000] {logging_mixin.py:188} INFO - [2024-04-29T17:34:39.442+0000] {dag.py:3047} INFO - Sync 1 DAGs
[2024-04-29T17:34:39.470+0000] {logging_mixin.py:188} INFO - [2024-04-29T17:34:39.470+0000] {dag.py:3834} INFO - Setting next_dagrun for example_task_group to 2024-04-28 00:00:00+00:00, run_after=2024-04-29 00:00:00+00:00
[2024-04-29T17:34:39.501+0000] {processor.py:183} INFO - Processing /home/airflow/.local/lib/python3.8/site-packages/airflow/example_dags/example_task_group.py took 0.102 seconds
[2024-04-29T17:35:09.994+0000] {processor.py:161} INFO - Started process (PID=2760) to work on /home/airflow/.local/lib/python3.8/site-packages/airflow/example_dags/example_task_group.py
[2024-04-29T17:35:09.995+0000] {processor.py:830} INFO - Processing file /home/airflow/.local/lib/python3.8/site-packages/airflow/example_dags/example_task_group.py for tasks to queue
[2024-04-29T17:35:09.996+0000] {logging_mixin.py:188} INFO - [2024-04-29T17:35:09.995+0000] {dagbag.py:540} INFO - Filling up the DagBag from /home/airflow/.local/lib/python3.8/site-packages/airflow/example_dags/example_task_group.py
[2024-04-29T17:35:10.004+0000] {processor.py:840} INFO - DAG(s) 'example_task_group' retrieved from /home/airflow/.local/lib/python3.8/site-packages/airflow/example_dags/example_task_group.py
[2024-04-29T17:35:10.031+0000] {logging_mixin.py:188} INFO - [2024-04-29T17:35:10.031+0000] {dag.py:3047} INFO - Sync 1 DAGs
[2024-04-29T17:35:10.057+0000] {logging_mixin.py:188} INFO - [2024-04-29T17:35:10.057+0000] {dag.py:3834} INFO - Setting next_dagrun for example_task_group to 2024-04-28 00:00:00+00:00, run_after=2024-04-29 00:00:00+00:00
[2024-04-29T17:35:10.081+0000] {processor.py:183} INFO - Processing /home/airflow/.local/lib/python3.8/site-packages/airflow/example_dags/example_task_group.py took 0.090 seconds
[2024-04-29T17:35:40.719+0000] {processor.py:161} INFO - Started process (PID=3007) to work on /home/airflow/.local/lib/python3.8/site-packages/airflow/example_dags/example_task_group.py
[2024-04-29T17:35:40.720+0000] {processor.py:830} INFO - Processing file /home/airflow/.local/lib/python3.8/site-packages/airflow/example_dags/example_task_group.py for tasks to queue
[2024-04-29T17:35:40.721+0000] {logging_mixin.py:188} INFO - [2024-04-29T17:35:40.721+0000] {dagbag.py:540} INFO - Filling up the DagBag from /home/airflow/.local/lib/python3.8/site-packages/airflow/example_dags/example_task_group.py
[2024-04-29T17:35:40.729+0000] {processor.py:840} INFO - DAG(s) 'example_task_group' retrieved from /home/airflow/.local/lib/python3.8/site-packages/airflow/example_dags/example_task_group.py
[2024-04-29T17:35:40.757+0000] {logging_mixin.py:188} INFO - [2024-04-29T17:35:40.757+0000] {dag.py:3047} INFO - Sync 1 DAGs
[2024-04-29T17:35:40.783+0000] {logging_mixin.py:188} INFO - [2024-04-29T17:35:40.783+0000] {dag.py:3834} INFO - Setting next_dagrun for example_task_group to 2024-04-28 00:00:00+00:00, run_after=2024-04-29 00:00:00+00:00
[2024-04-29T17:35:40.823+0000] {processor.py:183} INFO - Processing /home/airflow/.local/lib/python3.8/site-packages/airflow/example_dags/example_task_group.py took 0.108 seconds
[2024-04-29T17:36:11.274+0000] {processor.py:161} INFO - Started process (PID=3254) to work on /home/airflow/.local/lib/python3.8/site-packages/airflow/example_dags/example_task_group.py
[2024-04-29T17:36:11.275+0000] {processor.py:830} INFO - Processing file /home/airflow/.local/lib/python3.8/site-packages/airflow/example_dags/example_task_group.py for tasks to queue
[2024-04-29T17:36:11.276+0000] {logging_mixin.py:188} INFO - [2024-04-29T17:36:11.276+0000] {dagbag.py:540} INFO - Filling up the DagBag from /home/airflow/.local/lib/python3.8/site-packages/airflow/example_dags/example_task_group.py
[2024-04-29T17:36:11.285+0000] {processor.py:840} INFO - DAG(s) 'example_task_group' retrieved from /home/airflow/.local/lib/python3.8/site-packages/airflow/example_dags/example_task_group.py
[2024-04-29T17:36:11.309+0000] {logging_mixin.py:188} INFO - [2024-04-29T17:36:11.309+0000] {dag.py:3047} INFO - Sync 1 DAGs
[2024-04-29T17:36:11.334+0000] {logging_mixin.py:188} INFO - [2024-04-29T17:36:11.334+0000] {dag.py:3834} INFO - Setting next_dagrun for example_task_group to 2024-04-28 00:00:00+00:00, run_after=2024-04-29 00:00:00+00:00
[2024-04-29T17:36:11.363+0000] {processor.py:183} INFO - Processing /home/airflow/.local/lib/python3.8/site-packages/airflow/example_dags/example_task_group.py took 0.093 seconds
[2024-04-29T17:36:41.783+0000] {processor.py:161} INFO - Started process (PID=3502) to work on /home/airflow/.local/lib/python3.8/site-packages/airflow/example_dags/example_task_group.py
[2024-04-29T17:36:41.784+0000] {processor.py:830} INFO - Processing file /home/airflow/.local/lib/python3.8/site-packages/airflow/example_dags/example_task_group.py for tasks to queue
[2024-04-29T17:36:41.786+0000] {logging_mixin.py:188} INFO - [2024-04-29T17:36:41.786+0000] {dagbag.py:540} INFO - Filling up the DagBag from /home/airflow/.local/lib/python3.8/site-packages/airflow/example_dags/example_task_group.py
[2024-04-29T17:36:41.816+0000] {processor.py:840} INFO - DAG(s) 'example_task_group' retrieved from /home/airflow/.local/lib/python3.8/site-packages/airflow/example_dags/example_task_group.py
[2024-04-29T17:36:41.848+0000] {logging_mixin.py:188} INFO - [2024-04-29T17:36:41.848+0000] {dag.py:3047} INFO - Sync 1 DAGs
[2024-04-29T17:36:41.873+0000] {logging_mixin.py:188} INFO - [2024-04-29T17:36:41.873+0000] {dag.py:3834} INFO - Setting next_dagrun for example_task_group to 2024-04-28 00:00:00+00:00, run_after=2024-04-29 00:00:00+00:00
[2024-04-29T17:36:41.900+0000] {processor.py:183} INFO - Processing /home/airflow/.local/lib/python3.8/site-packages/airflow/example_dags/example_task_group.py took 0.125 seconds
[2024-04-29T17:37:14.578+0000] {processor.py:161} INFO - Started process (PID=3810) to work on /home/airflow/.local/lib/python3.8/site-packages/airflow/example_dags/example_task_group.py
[2024-04-29T17:37:14.595+0000] {processor.py:830} INFO - Processing file /home/airflow/.local/lib/python3.8/site-packages/airflow/example_dags/example_task_group.py for tasks to queue
[2024-04-29T17:37:14.597+0000] {logging_mixin.py:188} INFO - [2024-04-29T17:37:14.597+0000] {dagbag.py:540} INFO - Filling up the DagBag from /home/airflow/.local/lib/python3.8/site-packages/airflow/example_dags/example_task_group.py
[2024-04-29T17:37:14.653+0000] {processor.py:840} INFO - DAG(s) 'example_task_group' retrieved from /home/airflow/.local/lib/python3.8/site-packages/airflow/example_dags/example_task_group.py
[2024-04-29T17:37:14.814+0000] {logging_mixin.py:188} INFO - [2024-04-29T17:37:14.814+0000] {dag.py:3047} INFO - Sync 1 DAGs
[2024-04-29T17:37:14.947+0000] {logging_mixin.py:188} INFO - [2024-04-29T17:37:14.946+0000] {dag.py:3834} INFO - Setting next_dagrun for example_task_group to 2024-04-28 00:00:00+00:00, run_after=2024-04-29 00:00:00+00:00
[2024-04-29T17:37:15.043+0000] {processor.py:183} INFO - Processing /home/airflow/.local/lib/python3.8/site-packages/airflow/example_dags/example_task_group.py took 0.478 seconds
[2024-04-29T17:37:45.518+0000] {processor.py:161} INFO - Started process (PID=4144) to work on /home/airflow/.local/lib/python3.8/site-packages/airflow/example_dags/example_task_group.py
[2024-04-29T17:37:45.524+0000] {processor.py:830} INFO - Processing file /home/airflow/.local/lib/python3.8/site-packages/airflow/example_dags/example_task_group.py for tasks to queue
[2024-04-29T17:37:45.525+0000] {logging_mixin.py:188} INFO - [2024-04-29T17:37:45.525+0000] {dagbag.py:540} INFO - Filling up the DagBag from /home/airflow/.local/lib/python3.8/site-packages/airflow/example_dags/example_task_group.py
[2024-04-29T17:37:45.537+0000] {processor.py:840} INFO - DAG(s) 'example_task_group' retrieved from /home/airflow/.local/lib/python3.8/site-packages/airflow/example_dags/example_task_group.py
[2024-04-29T17:37:45.585+0000] {logging_mixin.py:188} INFO - [2024-04-29T17:37:45.584+0000] {dag.py:3047} INFO - Sync 1 DAGs
[2024-04-29T17:37:45.639+0000] {logging_mixin.py:188} INFO - [2024-04-29T17:37:45.639+0000] {dag.py:3834} INFO - Setting next_dagrun for example_task_group to 2024-04-28 00:00:00+00:00, run_after=2024-04-29 00:00:00+00:00
[2024-04-29T17:37:45.684+0000] {processor.py:183} INFO - Processing /home/airflow/.local/lib/python3.8/site-packages/airflow/example_dags/example_task_group.py took 0.170 seconds
[2024-04-29T17:38:16.654+0000] {processor.py:161} INFO - Started process (PID=4397) to work on /home/airflow/.local/lib/python3.8/site-packages/airflow/example_dags/example_task_group.py
[2024-04-29T17:38:16.655+0000] {processor.py:830} INFO - Processing file /home/airflow/.local/lib/python3.8/site-packages/airflow/example_dags/example_task_group.py for tasks to queue
[2024-04-29T17:38:16.656+0000] {logging_mixin.py:188} INFO - [2024-04-29T17:38:16.656+0000] {dagbag.py:540} INFO - Filling up the DagBag from /home/airflow/.local/lib/python3.8/site-packages/airflow/example_dags/example_task_group.py
[2024-04-29T17:38:16.665+0000] {processor.py:840} INFO - DAG(s) 'example_task_group' retrieved from /home/airflow/.local/lib/python3.8/site-packages/airflow/example_dags/example_task_group.py
[2024-04-29T17:38:16.699+0000] {logging_mixin.py:188} INFO - [2024-04-29T17:38:16.699+0000] {dag.py:3047} INFO - Sync 1 DAGs
[2024-04-29T17:38:16.727+0000] {logging_mixin.py:188} INFO - [2024-04-29T17:38:16.727+0000] {dag.py:3834} INFO - Setting next_dagrun for example_task_group to 2024-04-28 00:00:00+00:00, run_after=2024-04-29 00:00:00+00:00
[2024-04-29T17:38:16.770+0000] {processor.py:183} INFO - Processing /home/airflow/.local/lib/python3.8/site-packages/airflow/example_dags/example_task_group.py took 0.119 seconds
[2024-04-29T17:38:46.923+0000] {processor.py:161} INFO - Started process (PID=4644) to work on /home/airflow/.local/lib/python3.8/site-packages/airflow/example_dags/example_task_group.py
[2024-04-29T17:38:46.924+0000] {processor.py:830} INFO - Processing file /home/airflow/.local/lib/python3.8/site-packages/airflow/example_dags/example_task_group.py for tasks to queue
[2024-04-29T17:38:46.925+0000] {logging_mixin.py:188} INFO - [2024-04-29T17:38:46.925+0000] {dagbag.py:540} INFO - Filling up the DagBag from /home/airflow/.local/lib/python3.8/site-packages/airflow/example_dags/example_task_group.py
[2024-04-29T17:38:46.934+0000] {processor.py:840} INFO - DAG(s) 'example_task_group' retrieved from /home/airflow/.local/lib/python3.8/site-packages/airflow/example_dags/example_task_group.py
[2024-04-29T17:38:46.959+0000] {logging_mixin.py:188} INFO - [2024-04-29T17:38:46.959+0000] {dag.py:3047} INFO - Sync 1 DAGs
[2024-04-29T17:38:46.984+0000] {logging_mixin.py:188} INFO - [2024-04-29T17:38:46.983+0000] {dag.py:3834} INFO - Setting next_dagrun for example_task_group to 2024-04-28 00:00:00+00:00, run_after=2024-04-29 00:00:00+00:00
[2024-04-29T17:38:47.009+0000] {processor.py:183} INFO - Processing /home/airflow/.local/lib/python3.8/site-packages/airflow/example_dags/example_task_group.py took 0.089 seconds
[2024-04-29T17:39:17.683+0000] {processor.py:161} INFO - Started process (PID=4891) to work on /home/airflow/.local/lib/python3.8/site-packages/airflow/example_dags/example_task_group.py
[2024-04-29T17:39:17.684+0000] {processor.py:830} INFO - Processing file /home/airflow/.local/lib/python3.8/site-packages/airflow/example_dags/example_task_group.py for tasks to queue
[2024-04-29T17:39:17.685+0000] {logging_mixin.py:188} INFO - [2024-04-29T17:39:17.685+0000] {dagbag.py:540} INFO - Filling up the DagBag from /home/airflow/.local/lib/python3.8/site-packages/airflow/example_dags/example_task_group.py
[2024-04-29T17:39:17.694+0000] {processor.py:840} INFO - DAG(s) 'example_task_group' retrieved from /home/airflow/.local/lib/python3.8/site-packages/airflow/example_dags/example_task_group.py
[2024-04-29T17:39:17.719+0000] {logging_mixin.py:188} INFO - [2024-04-29T17:39:17.719+0000] {dag.py:3047} INFO - Sync 1 DAGs
[2024-04-29T17:39:17.747+0000] {logging_mixin.py:188} INFO - [2024-04-29T17:39:17.747+0000] {dag.py:3834} INFO - Setting next_dagrun for example_task_group to 2024-04-28 00:00:00+00:00, run_after=2024-04-29 00:00:00+00:00
[2024-04-29T17:39:17.775+0000] {processor.py:183} INFO - Processing /home/airflow/.local/lib/python3.8/site-packages/airflow/example_dags/example_task_group.py took 0.095 seconds
[2024-04-29T17:39:48.319+0000] {processor.py:161} INFO - Started process (PID=5135) to work on /home/airflow/.local/lib/python3.8/site-packages/airflow/example_dags/example_task_group.py
[2024-04-29T17:39:48.320+0000] {processor.py:830} INFO - Processing file /home/airflow/.local/lib/python3.8/site-packages/airflow/example_dags/example_task_group.py for tasks to queue
[2024-04-29T17:39:48.321+0000] {logging_mixin.py:188} INFO - [2024-04-29T17:39:48.321+0000] {dagbag.py:540} INFO - Filling up the DagBag from /home/airflow/.local/lib/python3.8/site-packages/airflow/example_dags/example_task_group.py
[2024-04-29T17:39:48.349+0000] {processor.py:840} INFO - DAG(s) 'example_task_group' retrieved from /home/airflow/.local/lib/python3.8/site-packages/airflow/example_dags/example_task_group.py
[2024-04-29T17:39:48.383+0000] {logging_mixin.py:188} INFO - [2024-04-29T17:39:48.383+0000] {dag.py:3047} INFO - Sync 1 DAGs
[2024-04-29T17:39:48.410+0000] {logging_mixin.py:188} INFO - [2024-04-29T17:39:48.409+0000] {dag.py:3834} INFO - Setting next_dagrun for example_task_group to 2024-04-28 00:00:00+00:00, run_after=2024-04-29 00:00:00+00:00
[2024-04-29T17:39:48.432+0000] {processor.py:183} INFO - Processing /home/airflow/.local/lib/python3.8/site-packages/airflow/example_dags/example_task_group.py took 0.117 seconds
[2024-04-29T17:40:18.917+0000] {processor.py:161} INFO - Started process (PID=5384) to work on /home/airflow/.local/lib/python3.8/site-packages/airflow/example_dags/example_task_group.py
[2024-04-29T17:40:18.918+0000] {processor.py:830} INFO - Processing file /home/airflow/.local/lib/python3.8/site-packages/airflow/example_dags/example_task_group.py for tasks to queue
[2024-04-29T17:40:18.919+0000] {logging_mixin.py:188} INFO - [2024-04-29T17:40:18.919+0000] {dagbag.py:540} INFO - Filling up the DagBag from /home/airflow/.local/lib/python3.8/site-packages/airflow/example_dags/example_task_group.py
[2024-04-29T17:40:18.928+0000] {processor.py:840} INFO - DAG(s) 'example_task_group' retrieved from /home/airflow/.local/lib/python3.8/site-packages/airflow/example_dags/example_task_group.py
[2024-04-29T17:40:18.953+0000] {logging_mixin.py:188} INFO - [2024-04-29T17:40:18.953+0000] {dag.py:3047} INFO - Sync 1 DAGs
[2024-04-29T17:40:18.977+0000] {logging_mixin.py:188} INFO - [2024-04-29T17:40:18.976+0000] {dag.py:3834} INFO - Setting next_dagrun for example_task_group to 2024-04-28 00:00:00+00:00, run_after=2024-04-29 00:00:00+00:00
[2024-04-29T17:40:19.001+0000] {processor.py:183} INFO - Processing /home/airflow/.local/lib/python3.8/site-packages/airflow/example_dags/example_task_group.py took 0.087 seconds
[2024-04-29T17:40:49.215+0000] {processor.py:161} INFO - Started process (PID=5631) to work on /home/airflow/.local/lib/python3.8/site-packages/airflow/example_dags/example_task_group.py
[2024-04-29T17:40:49.216+0000] {processor.py:830} INFO - Processing file /home/airflow/.local/lib/python3.8/site-packages/airflow/example_dags/example_task_group.py for tasks to queue
[2024-04-29T17:40:49.217+0000] {logging_mixin.py:188} INFO - [2024-04-29T17:40:49.216+0000] {dagbag.py:540} INFO - Filling up the DagBag from /home/airflow/.local/lib/python3.8/site-packages/airflow/example_dags/example_task_group.py
[2024-04-29T17:40:49.225+0000] {processor.py:840} INFO - DAG(s) 'example_task_group' retrieved from /home/airflow/.local/lib/python3.8/site-packages/airflow/example_dags/example_task_group.py
[2024-04-29T17:40:49.249+0000] {logging_mixin.py:188} INFO - [2024-04-29T17:40:49.249+0000] {dag.py:3047} INFO - Sync 1 DAGs
[2024-04-29T17:40:49.275+0000] {logging_mixin.py:188} INFO - [2024-04-29T17:40:49.275+0000] {dag.py:3834} INFO - Setting next_dagrun for example_task_group to 2024-04-28 00:00:00+00:00, run_after=2024-04-29 00:00:00+00:00
[2024-04-29T17:40:49.298+0000] {processor.py:183} INFO - Processing /home/airflow/.local/lib/python3.8/site-packages/airflow/example_dags/example_task_group.py took 0.087 seconds
[2024-04-29T17:41:19.406+0000] {processor.py:161} INFO - Started process (PID=5878) to work on /home/airflow/.local/lib/python3.8/site-packages/airflow/example_dags/example_task_group.py
[2024-04-29T17:41:19.407+0000] {processor.py:830} INFO - Processing file /home/airflow/.local/lib/python3.8/site-packages/airflow/example_dags/example_task_group.py for tasks to queue
[2024-04-29T17:41:19.408+0000] {logging_mixin.py:188} INFO - [2024-04-29T17:41:19.408+0000] {dagbag.py:540} INFO - Filling up the DagBag from /home/airflow/.local/lib/python3.8/site-packages/airflow/example_dags/example_task_group.py
[2024-04-29T17:41:19.417+0000] {processor.py:840} INFO - DAG(s) 'example_task_group' retrieved from /home/airflow/.local/lib/python3.8/site-packages/airflow/example_dags/example_task_group.py
[2024-04-29T17:41:19.439+0000] {logging_mixin.py:188} INFO - [2024-04-29T17:41:19.438+0000] {dag.py:3047} INFO - Sync 1 DAGs
[2024-04-29T17:41:19.463+0000] {logging_mixin.py:188} INFO - [2024-04-29T17:41:19.463+0000] {dag.py:3834} INFO - Setting next_dagrun for example_task_group to 2024-04-28 00:00:00+00:00, run_after=2024-04-29 00:00:00+00:00
[2024-04-29T17:41:19.488+0000] {processor.py:183} INFO - Processing /home/airflow/.local/lib/python3.8/site-packages/airflow/example_dags/example_task_group.py took 0.085 seconds
[2024-04-29T17:41:49.674+0000] {processor.py:161} INFO - Started process (PID=6124) to work on /home/airflow/.local/lib/python3.8/site-packages/airflow/example_dags/example_task_group.py
[2024-04-29T17:41:49.676+0000] {processor.py:830} INFO - Processing file /home/airflow/.local/lib/python3.8/site-packages/airflow/example_dags/example_task_group.py for tasks to queue
[2024-04-29T17:41:49.677+0000] {logging_mixin.py:188} INFO - [2024-04-29T17:41:49.676+0000] {dagbag.py:540} INFO - Filling up the DagBag from /home/airflow/.local/lib/python3.8/site-packages/airflow/example_dags/example_task_group.py
[2024-04-29T17:41:49.700+0000] {processor.py:840} INFO - DAG(s) 'example_task_group' retrieved from /home/airflow/.local/lib/python3.8/site-packages/airflow/example_dags/example_task_group.py
[2024-04-29T17:41:49.731+0000] {logging_mixin.py:188} INFO - [2024-04-29T17:41:49.731+0000] {dag.py:3047} INFO - Sync 1 DAGs
[2024-04-29T17:41:49.759+0000] {logging_mixin.py:188} INFO - [2024-04-29T17:41:49.758+0000] {dag.py:3834} INFO - Setting next_dagrun for example_task_group to 2024-04-28 00:00:00+00:00, run_after=2024-04-29 00:00:00+00:00
[2024-04-29T17:41:49.790+0000] {processor.py:183} INFO - Processing /home/airflow/.local/lib/python3.8/site-packages/airflow/example_dags/example_task_group.py took 0.119 seconds
[2024-04-29T17:42:20.023+0000] {processor.py:161} INFO - Started process (PID=6372) to work on /home/airflow/.local/lib/python3.8/site-packages/airflow/example_dags/example_task_group.py
[2024-04-29T17:42:20.024+0000] {processor.py:830} INFO - Processing file /home/airflow/.local/lib/python3.8/site-packages/airflow/example_dags/example_task_group.py for tasks to queue
[2024-04-29T17:42:20.025+0000] {logging_mixin.py:188} INFO - [2024-04-29T17:42:20.024+0000] {dagbag.py:540} INFO - Filling up the DagBag from /home/airflow/.local/lib/python3.8/site-packages/airflow/example_dags/example_task_group.py
[2024-04-29T17:42:20.034+0000] {processor.py:840} INFO - DAG(s) 'example_task_group' retrieved from /home/airflow/.local/lib/python3.8/site-packages/airflow/example_dags/example_task_group.py
[2024-04-29T17:42:20.059+0000] {logging_mixin.py:188} INFO - [2024-04-29T17:42:20.059+0000] {dag.py:3047} INFO - Sync 1 DAGs
[2024-04-29T17:42:20.084+0000] {logging_mixin.py:188} INFO - [2024-04-29T17:42:20.084+0000] {dag.py:3834} INFO - Setting next_dagrun for example_task_group to 2024-04-28 00:00:00+00:00, run_after=2024-04-29 00:00:00+00:00
[2024-04-29T17:42:20.111+0000] {processor.py:183} INFO - Processing /home/airflow/.local/lib/python3.8/site-packages/airflow/example_dags/example_task_group.py took 0.091 seconds
[2024-04-29T17:42:50.518+0000] {processor.py:161} INFO - Started process (PID=6619) to work on /home/airflow/.local/lib/python3.8/site-packages/airflow/example_dags/example_task_group.py
[2024-04-29T17:42:50.519+0000] {processor.py:830} INFO - Processing file /home/airflow/.local/lib/python3.8/site-packages/airflow/example_dags/example_task_group.py for tasks to queue
[2024-04-29T17:42:50.520+0000] {logging_mixin.py:188} INFO - [2024-04-29T17:42:50.519+0000] {dagbag.py:540} INFO - Filling up the DagBag from /home/airflow/.local/lib/python3.8/site-packages/airflow/example_dags/example_task_group.py
[2024-04-29T17:42:50.529+0000] {processor.py:840} INFO - DAG(s) 'example_task_group' retrieved from /home/airflow/.local/lib/python3.8/site-packages/airflow/example_dags/example_task_group.py
[2024-04-29T17:42:50.586+0000] {logging_mixin.py:188} INFO - [2024-04-29T17:42:50.586+0000] {dag.py:3047} INFO - Sync 1 DAGs
[2024-04-29T17:42:50.610+0000] {logging_mixin.py:188} INFO - [2024-04-29T17:42:50.609+0000] {dag.py:3834} INFO - Setting next_dagrun for example_task_group to 2024-04-28 00:00:00+00:00, run_after=2024-04-29 00:00:00+00:00
[2024-04-29T17:42:50.632+0000] {processor.py:183} INFO - Processing /home/airflow/.local/lib/python3.8/site-packages/airflow/example_dags/example_task_group.py took 0.118 seconds
[2024-04-29T17:43:20.681+0000] {processor.py:161} INFO - Started process (PID=6866) to work on /home/airflow/.local/lib/python3.8/site-packages/airflow/example_dags/example_task_group.py
[2024-04-29T17:43:20.682+0000] {processor.py:830} INFO - Processing file /home/airflow/.local/lib/python3.8/site-packages/airflow/example_dags/example_task_group.py for tasks to queue
[2024-04-29T17:43:20.683+0000] {logging_mixin.py:188} INFO - [2024-04-29T17:43:20.682+0000] {dagbag.py:540} INFO - Filling up the DagBag from /home/airflow/.local/lib/python3.8/site-packages/airflow/example_dags/example_task_group.py
[2024-04-29T17:43:20.692+0000] {processor.py:840} INFO - DAG(s) 'example_task_group' retrieved from /home/airflow/.local/lib/python3.8/site-packages/airflow/example_dags/example_task_group.py
[2024-04-29T17:43:20.721+0000] {logging_mixin.py:188} INFO - [2024-04-29T17:43:20.721+0000] {dag.py:3047} INFO - Sync 1 DAGs
[2024-04-29T17:43:20.748+0000] {logging_mixin.py:188} INFO - [2024-04-29T17:43:20.748+0000] {dag.py:3834} INFO - Setting next_dagrun for example_task_group to 2024-04-28 00:00:00+00:00, run_after=2024-04-29 00:00:00+00:00
[2024-04-29T17:43:20.770+0000] {processor.py:183} INFO - Processing /home/airflow/.local/lib/python3.8/site-packages/airflow/example_dags/example_task_group.py took 0.093 seconds
[2024-04-29T17:43:50.953+0000] {processor.py:161} INFO - Started process (PID=7113) to work on /home/airflow/.local/lib/python3.8/site-packages/airflow/example_dags/example_task_group.py
[2024-04-29T17:43:50.954+0000] {processor.py:830} INFO - Processing file /home/airflow/.local/lib/python3.8/site-packages/airflow/example_dags/example_task_group.py for tasks to queue
[2024-04-29T17:43:50.955+0000] {logging_mixin.py:188} INFO - [2024-04-29T17:43:50.955+0000] {dagbag.py:540} INFO - Filling up the DagBag from /home/airflow/.local/lib/python3.8/site-packages/airflow/example_dags/example_task_group.py
[2024-04-29T17:43:50.964+0000] {processor.py:840} INFO - DAG(s) 'example_task_group' retrieved from /home/airflow/.local/lib/python3.8/site-packages/airflow/example_dags/example_task_group.py
[2024-04-29T17:43:50.988+0000] {logging_mixin.py:188} INFO - [2024-04-29T17:43:50.987+0000] {dag.py:3047} INFO - Sync 1 DAGs
[2024-04-29T17:43:51.013+0000] {logging_mixin.py:188} INFO - [2024-04-29T17:43:51.013+0000] {dag.py:3834} INFO - Setting next_dagrun for example_task_group to 2024-04-28 00:00:00+00:00, run_after=2024-04-29 00:00:00+00:00
[2024-04-29T17:43:51.039+0000] {processor.py:183} INFO - Processing /home/airflow/.local/lib/python3.8/site-packages/airflow/example_dags/example_task_group.py took 0.090 seconds
[2024-04-29T17:44:21.360+0000] {processor.py:161} INFO - Started process (PID=7360) to work on /home/airflow/.local/lib/python3.8/site-packages/airflow/example_dags/example_task_group.py
[2024-04-29T17:44:21.361+0000] {processor.py:830} INFO - Processing file /home/airflow/.local/lib/python3.8/site-packages/airflow/example_dags/example_task_group.py for tasks to queue
[2024-04-29T17:44:21.362+0000] {logging_mixin.py:188} INFO - [2024-04-29T17:44:21.362+0000] {dagbag.py:540} INFO - Filling up the DagBag from /home/airflow/.local/lib/python3.8/site-packages/airflow/example_dags/example_task_group.py
[2024-04-29T17:44:21.370+0000] {processor.py:840} INFO - DAG(s) 'example_task_group' retrieved from /home/airflow/.local/lib/python3.8/site-packages/airflow/example_dags/example_task_group.py
[2024-04-29T17:44:21.392+0000] {logging_mixin.py:188} INFO - [2024-04-29T17:44:21.392+0000] {dag.py:3047} INFO - Sync 1 DAGs
[2024-04-29T17:44:21.416+0000] {logging_mixin.py:188} INFO - [2024-04-29T17:44:21.416+0000] {dag.py:3834} INFO - Setting next_dagrun for example_task_group to 2024-04-28 00:00:00+00:00, run_after=2024-04-29 00:00:00+00:00
[2024-04-29T17:44:21.444+0000] {processor.py:183} INFO - Processing /home/airflow/.local/lib/python3.8/site-packages/airflow/example_dags/example_task_group.py took 0.089 seconds
[2024-04-29T17:44:51.792+0000] {processor.py:161} INFO - Started process (PID=7605) to work on /home/airflow/.local/lib/python3.8/site-packages/airflow/example_dags/example_task_group.py
[2024-04-29T17:44:51.805+0000] {processor.py:830} INFO - Processing file /home/airflow/.local/lib/python3.8/site-packages/airflow/example_dags/example_task_group.py for tasks to queue
[2024-04-29T17:44:51.806+0000] {logging_mixin.py:188} INFO - [2024-04-29T17:44:51.806+0000] {dagbag.py:540} INFO - Filling up the DagBag from /home/airflow/.local/lib/python3.8/site-packages/airflow/example_dags/example_task_group.py
[2024-04-29T17:44:51.815+0000] {processor.py:840} INFO - DAG(s) 'example_task_group' retrieved from /home/airflow/.local/lib/python3.8/site-packages/airflow/example_dags/example_task_group.py
[2024-04-29T17:44:51.842+0000] {logging_mixin.py:188} INFO - [2024-04-29T17:44:51.841+0000] {dag.py:3047} INFO - Sync 1 DAGs
[2024-04-29T17:44:51.866+0000] {logging_mixin.py:188} INFO - [2024-04-29T17:44:51.866+0000] {dag.py:3834} INFO - Setting next_dagrun for example_task_group to 2024-04-28 00:00:00+00:00, run_after=2024-04-29 00:00:00+00:00
[2024-04-29T17:44:51.893+0000] {processor.py:183} INFO - Processing /home/airflow/.local/lib/python3.8/site-packages/airflow/example_dags/example_task_group.py took 0.104 seconds
[2024-04-29T17:45:22.229+0000] {processor.py:161} INFO - Started process (PID=7855) to work on /home/airflow/.local/lib/python3.8/site-packages/airflow/example_dags/example_task_group.py
[2024-04-29T17:45:22.230+0000] {processor.py:830} INFO - Processing file /home/airflow/.local/lib/python3.8/site-packages/airflow/example_dags/example_task_group.py for tasks to queue
[2024-04-29T17:45:22.231+0000] {logging_mixin.py:188} INFO - [2024-04-29T17:45:22.231+0000] {dagbag.py:540} INFO - Filling up the DagBag from /home/airflow/.local/lib/python3.8/site-packages/airflow/example_dags/example_task_group.py
[2024-04-29T17:45:22.240+0000] {processor.py:840} INFO - DAG(s) 'example_task_group' retrieved from /home/airflow/.local/lib/python3.8/site-packages/airflow/example_dags/example_task_group.py
[2024-04-29T17:45:22.268+0000] {logging_mixin.py:188} INFO - [2024-04-29T17:45:22.268+0000] {dag.py:3047} INFO - Sync 1 DAGs
[2024-04-29T17:45:22.294+0000] {logging_mixin.py:188} INFO - [2024-04-29T17:45:22.293+0000] {dag.py:3834} INFO - Setting next_dagrun for example_task_group to 2024-04-28 00:00:00+00:00, run_after=2024-04-29 00:00:00+00:00
[2024-04-29T17:45:22.316+0000] {processor.py:183} INFO - Processing /home/airflow/.local/lib/python3.8/site-packages/airflow/example_dags/example_task_group.py took 0.091 seconds
[2024-04-29T17:45:52.624+0000] {processor.py:161} INFO - Started process (PID=8103) to work on /home/airflow/.local/lib/python3.8/site-packages/airflow/example_dags/example_task_group.py
[2024-04-29T17:45:52.625+0000] {processor.py:830} INFO - Processing file /home/airflow/.local/lib/python3.8/site-packages/airflow/example_dags/example_task_group.py for tasks to queue
[2024-04-29T17:45:52.626+0000] {logging_mixin.py:188} INFO - [2024-04-29T17:45:52.626+0000] {dagbag.py:540} INFO - Filling up the DagBag from /home/airflow/.local/lib/python3.8/site-packages/airflow/example_dags/example_task_group.py
[2024-04-29T17:45:52.635+0000] {processor.py:840} INFO - DAG(s) 'example_task_group' retrieved from /home/airflow/.local/lib/python3.8/site-packages/airflow/example_dags/example_task_group.py
[2024-04-29T17:45:52.659+0000] {logging_mixin.py:188} INFO - [2024-04-29T17:45:52.659+0000] {dag.py:3047} INFO - Sync 1 DAGs
[2024-04-29T17:45:52.683+0000] {logging_mixin.py:188} INFO - [2024-04-29T17:45:52.682+0000] {dag.py:3834} INFO - Setting next_dagrun for example_task_group to 2024-04-28 00:00:00+00:00, run_after=2024-04-29 00:00:00+00:00
[2024-04-29T17:45:52.707+0000] {processor.py:183} INFO - Processing /home/airflow/.local/lib/python3.8/site-packages/airflow/example_dags/example_task_group.py took 0.086 seconds
[2024-04-29T17:46:22.872+0000] {processor.py:161} INFO - Started process (PID=8351) to work on /home/airflow/.local/lib/python3.8/site-packages/airflow/example_dags/example_task_group.py
[2024-04-29T17:46:22.873+0000] {processor.py:830} INFO - Processing file /home/airflow/.local/lib/python3.8/site-packages/airflow/example_dags/example_task_group.py for tasks to queue
[2024-04-29T17:46:22.874+0000] {logging_mixin.py:188} INFO - [2024-04-29T17:46:22.874+0000] {dagbag.py:540} INFO - Filling up the DagBag from /home/airflow/.local/lib/python3.8/site-packages/airflow/example_dags/example_task_group.py
[2024-04-29T17:46:22.889+0000] {processor.py:840} INFO - DAG(s) 'example_task_group' retrieved from /home/airflow/.local/lib/python3.8/site-packages/airflow/example_dags/example_task_group.py
[2024-04-29T17:46:22.929+0000] {logging_mixin.py:188} INFO - [2024-04-29T17:46:22.928+0000] {dag.py:3047} INFO - Sync 1 DAGs
[2024-04-29T17:46:22.956+0000] {logging_mixin.py:188} INFO - [2024-04-29T17:46:22.955+0000] {dag.py:3834} INFO - Setting next_dagrun for example_task_group to 2024-04-28 00:00:00+00:00, run_after=2024-04-29 00:00:00+00:00
[2024-04-29T17:46:22.978+0000] {processor.py:183} INFO - Processing /home/airflow/.local/lib/python3.8/site-packages/airflow/example_dags/example_task_group.py took 0.109 seconds
[2024-04-29T17:46:53.230+0000] {processor.py:161} INFO - Started process (PID=8598) to work on /home/airflow/.local/lib/python3.8/site-packages/airflow/example_dags/example_task_group.py
[2024-04-29T17:46:53.231+0000] {processor.py:830} INFO - Processing file /home/airflow/.local/lib/python3.8/site-packages/airflow/example_dags/example_task_group.py for tasks to queue
[2024-04-29T17:46:53.232+0000] {logging_mixin.py:188} INFO - [2024-04-29T17:46:53.232+0000] {dagbag.py:540} INFO - Filling up the DagBag from /home/airflow/.local/lib/python3.8/site-packages/airflow/example_dags/example_task_group.py
[2024-04-29T17:46:53.241+0000] {processor.py:840} INFO - DAG(s) 'example_task_group' retrieved from /home/airflow/.local/lib/python3.8/site-packages/airflow/example_dags/example_task_group.py
[2024-04-29T17:46:53.267+0000] {logging_mixin.py:188} INFO - [2024-04-29T17:46:53.267+0000] {dag.py:3047} INFO - Sync 1 DAGs
[2024-04-29T17:46:53.295+0000] {logging_mixin.py:188} INFO - [2024-04-29T17:46:53.295+0000] {dag.py:3834} INFO - Setting next_dagrun for example_task_group to 2024-04-28 00:00:00+00:00, run_after=2024-04-29 00:00:00+00:00
[2024-04-29T17:46:53.327+0000] {processor.py:183} INFO - Processing /home/airflow/.local/lib/python3.8/site-packages/airflow/example_dags/example_task_group.py took 0.102 seconds
[2024-04-29T17:47:23.844+0000] {processor.py:161} INFO - Started process (PID=8846) to work on /home/airflow/.local/lib/python3.8/site-packages/airflow/example_dags/example_task_group.py
[2024-04-29T17:47:23.845+0000] {processor.py:830} INFO - Processing file /home/airflow/.local/lib/python3.8/site-packages/airflow/example_dags/example_task_group.py for tasks to queue
[2024-04-29T17:47:23.846+0000] {logging_mixin.py:188} INFO - [2024-04-29T17:47:23.846+0000] {dagbag.py:540} INFO - Filling up the DagBag from /home/airflow/.local/lib/python3.8/site-packages/airflow/example_dags/example_task_group.py
[2024-04-29T17:47:23.884+0000] {processor.py:840} INFO - DAG(s) 'example_task_group' retrieved from /home/airflow/.local/lib/python3.8/site-packages/airflow/example_dags/example_task_group.py
[2024-04-29T17:47:23.930+0000] {logging_mixin.py:188} INFO - [2024-04-29T17:47:23.930+0000] {dag.py:3047} INFO - Sync 1 DAGs
[2024-04-29T17:47:24.020+0000] {logging_mixin.py:188} INFO - [2024-04-29T17:47:24.020+0000] {dag.py:3834} INFO - Setting next_dagrun for example_task_group to 2024-04-28 00:00:00+00:00, run_after=2024-04-29 00:00:00+00:00
[2024-04-29T17:47:24.077+0000] {processor.py:183} INFO - Processing /home/airflow/.local/lib/python3.8/site-packages/airflow/example_dags/example_task_group.py took 0.236 seconds
[2024-04-29T17:47:54.177+0000] {processor.py:161} INFO - Started process (PID=9094) to work on /home/airflow/.local/lib/python3.8/site-packages/airflow/example_dags/example_task_group.py
[2024-04-29T17:47:54.179+0000] {processor.py:830} INFO - Processing file /home/airflow/.local/lib/python3.8/site-packages/airflow/example_dags/example_task_group.py for tasks to queue
[2024-04-29T17:47:54.180+0000] {logging_mixin.py:188} INFO - [2024-04-29T17:47:54.179+0000] {dagbag.py:540} INFO - Filling up the DagBag from /home/airflow/.local/lib/python3.8/site-packages/airflow/example_dags/example_task_group.py
[2024-04-29T17:47:54.189+0000] {processor.py:840} INFO - DAG(s) 'example_task_group' retrieved from /home/airflow/.local/lib/python3.8/site-packages/airflow/example_dags/example_task_group.py
[2024-04-29T17:47:54.215+0000] {logging_mixin.py:188} INFO - [2024-04-29T17:47:54.215+0000] {dag.py:3047} INFO - Sync 1 DAGs
[2024-04-29T17:47:54.242+0000] {logging_mixin.py:188} INFO - [2024-04-29T17:47:54.241+0000] {dag.py:3834} INFO - Setting next_dagrun for example_task_group to 2024-04-28 00:00:00+00:00, run_after=2024-04-29 00:00:00+00:00
[2024-04-29T17:47:54.267+0000] {processor.py:183} INFO - Processing /home/airflow/.local/lib/python3.8/site-packages/airflow/example_dags/example_task_group.py took 0.093 seconds
[2024-04-29T17:48:24.709+0000] {processor.py:161} INFO - Started process (PID=9341) to work on /home/airflow/.local/lib/python3.8/site-packages/airflow/example_dags/example_task_group.py
[2024-04-29T17:48:24.709+0000] {processor.py:830} INFO - Processing file /home/airflow/.local/lib/python3.8/site-packages/airflow/example_dags/example_task_group.py for tasks to queue
[2024-04-29T17:48:24.710+0000] {logging_mixin.py:188} INFO - [2024-04-29T17:48:24.710+0000] {dagbag.py:540} INFO - Filling up the DagBag from /home/airflow/.local/lib/python3.8/site-packages/airflow/example_dags/example_task_group.py
[2024-04-29T17:48:24.719+0000] {processor.py:840} INFO - DAG(s) 'example_task_group' retrieved from /home/airflow/.local/lib/python3.8/site-packages/airflow/example_dags/example_task_group.py
[2024-04-29T17:48:24.743+0000] {logging_mixin.py:188} INFO - [2024-04-29T17:48:24.743+0000] {dag.py:3047} INFO - Sync 1 DAGs
[2024-04-29T17:48:24.769+0000] {logging_mixin.py:188} INFO - [2024-04-29T17:48:24.769+0000] {dag.py:3834} INFO - Setting next_dagrun for example_task_group to 2024-04-28 00:00:00+00:00, run_after=2024-04-29 00:00:00+00:00
[2024-04-29T17:48:24.816+0000] {processor.py:183} INFO - Processing /home/airflow/.local/lib/python3.8/site-packages/airflow/example_dags/example_task_group.py took 0.111 seconds
[2024-04-29T17:48:54.936+0000] {processor.py:161} INFO - Started process (PID=9589) to work on /home/airflow/.local/lib/python3.8/site-packages/airflow/example_dags/example_task_group.py
[2024-04-29T17:48:54.937+0000] {processor.py:830} INFO - Processing file /home/airflow/.local/lib/python3.8/site-packages/airflow/example_dags/example_task_group.py for tasks to queue
[2024-04-29T17:48:54.938+0000] {logging_mixin.py:188} INFO - [2024-04-29T17:48:54.938+0000] {dagbag.py:540} INFO - Filling up the DagBag from /home/airflow/.local/lib/python3.8/site-packages/airflow/example_dags/example_task_group.py
[2024-04-29T17:48:54.946+0000] {processor.py:840} INFO - DAG(s) 'example_task_group' retrieved from /home/airflow/.local/lib/python3.8/site-packages/airflow/example_dags/example_task_group.py
[2024-04-29T17:48:54.971+0000] {logging_mixin.py:188} INFO - [2024-04-29T17:48:54.970+0000] {dag.py:3047} INFO - Sync 1 DAGs
[2024-04-29T17:48:54.993+0000] {logging_mixin.py:188} INFO - [2024-04-29T17:48:54.993+0000] {dag.py:3834} INFO - Setting next_dagrun for example_task_group to 2024-04-28 00:00:00+00:00, run_after=2024-04-29 00:00:00+00:00
[2024-04-29T17:48:55.018+0000] {processor.py:183} INFO - Processing /home/airflow/.local/lib/python3.8/site-packages/airflow/example_dags/example_task_group.py took 0.086 seconds
[2024-04-29T17:49:25.155+0000] {processor.py:161} INFO - Started process (PID=9837) to work on /home/airflow/.local/lib/python3.8/site-packages/airflow/example_dags/example_task_group.py
[2024-04-29T17:49:25.156+0000] {processor.py:830} INFO - Processing file /home/airflow/.local/lib/python3.8/site-packages/airflow/example_dags/example_task_group.py for tasks to queue
[2024-04-29T17:49:25.157+0000] {logging_mixin.py:188} INFO - [2024-04-29T17:49:25.156+0000] {dagbag.py:540} INFO - Filling up the DagBag from /home/airflow/.local/lib/python3.8/site-packages/airflow/example_dags/example_task_group.py
[2024-04-29T17:49:25.165+0000] {processor.py:840} INFO - DAG(s) 'example_task_group' retrieved from /home/airflow/.local/lib/python3.8/site-packages/airflow/example_dags/example_task_group.py
[2024-04-29T17:49:25.192+0000] {logging_mixin.py:188} INFO - [2024-04-29T17:49:25.192+0000] {dag.py:3047} INFO - Sync 1 DAGs
[2024-04-29T17:49:25.228+0000] {logging_mixin.py:188} INFO - [2024-04-29T17:49:25.228+0000] {dag.py:3834} INFO - Setting next_dagrun for example_task_group to 2024-04-28 00:00:00+00:00, run_after=2024-04-29 00:00:00+00:00
[2024-04-29T17:49:25.273+0000] {processor.py:183} INFO - Processing /home/airflow/.local/lib/python3.8/site-packages/airflow/example_dags/example_task_group.py took 0.121 seconds
[2024-04-29T17:49:55.666+0000] {processor.py:161} INFO - Started process (PID=10085) to work on /home/airflow/.local/lib/python3.8/site-packages/airflow/example_dags/example_task_group.py
[2024-04-29T17:49:55.667+0000] {processor.py:830} INFO - Processing file /home/airflow/.local/lib/python3.8/site-packages/airflow/example_dags/example_task_group.py for tasks to queue
[2024-04-29T17:49:55.668+0000] {logging_mixin.py:188} INFO - [2024-04-29T17:49:55.668+0000] {dagbag.py:540} INFO - Filling up the DagBag from /home/airflow/.local/lib/python3.8/site-packages/airflow/example_dags/example_task_group.py
[2024-04-29T17:49:55.682+0000] {processor.py:840} INFO - DAG(s) 'example_task_group' retrieved from /home/airflow/.local/lib/python3.8/site-packages/airflow/example_dags/example_task_group.py
[2024-04-29T17:49:55.709+0000] {logging_mixin.py:188} INFO - [2024-04-29T17:49:55.709+0000] {dag.py:3047} INFO - Sync 1 DAGs
[2024-04-29T17:49:55.742+0000] {logging_mixin.py:188} INFO - [2024-04-29T17:49:55.742+0000] {dag.py:3834} INFO - Setting next_dagrun for example_task_group to 2024-04-28 00:00:00+00:00, run_after=2024-04-29 00:00:00+00:00
[2024-04-29T17:49:55.792+0000] {processor.py:183} INFO - Processing /home/airflow/.local/lib/python3.8/site-packages/airflow/example_dags/example_task_group.py took 0.130 seconds
[2024-04-29T17:50:25.987+0000] {processor.py:161} INFO - Started process (PID=10374) to work on /home/airflow/.local/lib/python3.8/site-packages/airflow/example_dags/example_task_group.py
[2024-04-29T17:50:25.988+0000] {processor.py:830} INFO - Processing file /home/airflow/.local/lib/python3.8/site-packages/airflow/example_dags/example_task_group.py for tasks to queue
[2024-04-29T17:50:25.989+0000] {logging_mixin.py:188} INFO - [2024-04-29T17:50:25.988+0000] {dagbag.py:540} INFO - Filling up the DagBag from /home/airflow/.local/lib/python3.8/site-packages/airflow/example_dags/example_task_group.py
[2024-04-29T17:50:25.996+0000] {processor.py:840} INFO - DAG(s) 'example_task_group' retrieved from /home/airflow/.local/lib/python3.8/site-packages/airflow/example_dags/example_task_group.py
[2024-04-29T17:50:26.023+0000] {logging_mixin.py:188} INFO - [2024-04-29T17:50:26.023+0000] {dag.py:3047} INFO - Sync 1 DAGs
[2024-04-29T17:50:26.048+0000] {logging_mixin.py:188} INFO - [2024-04-29T17:50:26.048+0000] {dag.py:3834} INFO - Setting next_dagrun for example_task_group to 2024-04-28 00:00:00+00:00, run_after=2024-04-29 00:00:00+00:00
[2024-04-29T17:50:26.073+0000] {processor.py:183} INFO - Processing /home/airflow/.local/lib/python3.8/site-packages/airflow/example_dags/example_task_group.py took 0.089 seconds
[2024-04-29T17:50:56.811+0000] {processor.py:161} INFO - Started process (PID=10656) to work on /home/airflow/.local/lib/python3.8/site-packages/airflow/example_dags/example_task_group.py
[2024-04-29T17:50:56.812+0000] {processor.py:830} INFO - Processing file /home/airflow/.local/lib/python3.8/site-packages/airflow/example_dags/example_task_group.py for tasks to queue
[2024-04-29T17:50:56.813+0000] {logging_mixin.py:188} INFO - [2024-04-29T17:50:56.813+0000] {dagbag.py:540} INFO - Filling up the DagBag from /home/airflow/.local/lib/python3.8/site-packages/airflow/example_dags/example_task_group.py
[2024-04-29T17:50:56.819+0000] {processor.py:840} INFO - DAG(s) 'example_task_group' retrieved from /home/airflow/.local/lib/python3.8/site-packages/airflow/example_dags/example_task_group.py
[2024-04-29T17:50:56.838+0000] {logging_mixin.py:188} INFO - [2024-04-29T17:50:56.838+0000] {dag.py:3047} INFO - Sync 1 DAGs
[2024-04-29T17:50:56.857+0000] {logging_mixin.py:188} INFO - [2024-04-29T17:50:56.857+0000] {dag.py:3834} INFO - Setting next_dagrun for example_task_group to 2024-04-28 00:00:00+00:00, run_after=2024-04-29 00:00:00+00:00
[2024-04-29T17:50:56.879+0000] {processor.py:183} INFO - Processing /home/airflow/.local/lib/python3.8/site-packages/airflow/example_dags/example_task_group.py took 0.070 seconds
[2024-04-29T17:51:27.512+0000] {processor.py:161} INFO - Started process (PID=10932) to work on /home/airflow/.local/lib/python3.8/site-packages/airflow/example_dags/example_task_group.py
[2024-04-29T17:51:27.513+0000] {processor.py:830} INFO - Processing file /home/airflow/.local/lib/python3.8/site-packages/airflow/example_dags/example_task_group.py for tasks to queue
[2024-04-29T17:51:27.517+0000] {logging_mixin.py:188} INFO - [2024-04-29T17:51:27.514+0000] {dagbag.py:540} INFO - Filling up the DagBag from /home/airflow/.local/lib/python3.8/site-packages/airflow/example_dags/example_task_group.py
[2024-04-29T17:51:27.527+0000] {processor.py:840} INFO - DAG(s) 'example_task_group' retrieved from /home/airflow/.local/lib/python3.8/site-packages/airflow/example_dags/example_task_group.py
[2024-04-29T17:51:27.553+0000] {logging_mixin.py:188} INFO - [2024-04-29T17:51:27.553+0000] {dag.py:3047} INFO - Sync 1 DAGs
[2024-04-29T17:51:27.579+0000] {logging_mixin.py:188} INFO - [2024-04-29T17:51:27.578+0000] {dag.py:3834} INFO - Setting next_dagrun for example_task_group to 2024-04-28 00:00:00+00:00, run_after=2024-04-29 00:00:00+00:00
[2024-04-29T17:51:27.604+0000] {processor.py:183} INFO - Processing /home/airflow/.local/lib/python3.8/site-packages/airflow/example_dags/example_task_group.py took 0.096 seconds
[2024-04-29T17:51:58.289+0000] {processor.py:161} INFO - Started process (PID=11210) to work on /home/airflow/.local/lib/python3.8/site-packages/airflow/example_dags/example_task_group.py
[2024-04-29T17:51:58.290+0000] {processor.py:830} INFO - Processing file /home/airflow/.local/lib/python3.8/site-packages/airflow/example_dags/example_task_group.py for tasks to queue
[2024-04-29T17:51:58.291+0000] {logging_mixin.py:188} INFO - [2024-04-29T17:51:58.291+0000] {dagbag.py:540} INFO - Filling up the DagBag from /home/airflow/.local/lib/python3.8/site-packages/airflow/example_dags/example_task_group.py
[2024-04-29T17:51:58.299+0000] {processor.py:840} INFO - DAG(s) 'example_task_group' retrieved from /home/airflow/.local/lib/python3.8/site-packages/airflow/example_dags/example_task_group.py
[2024-04-29T17:51:58.325+0000] {logging_mixin.py:188} INFO - [2024-04-29T17:51:58.325+0000] {dag.py:3047} INFO - Sync 1 DAGs
[2024-04-29T17:51:58.351+0000] {logging_mixin.py:188} INFO - [2024-04-29T17:51:58.350+0000] {dag.py:3834} INFO - Setting next_dagrun for example_task_group to 2024-04-28 00:00:00+00:00, run_after=2024-04-29 00:00:00+00:00
[2024-04-29T17:51:58.374+0000] {processor.py:183} INFO - Processing /home/airflow/.local/lib/python3.8/site-packages/airflow/example_dags/example_task_group.py took 0.088 seconds
[2024-04-29T17:52:28.947+0000] {processor.py:161} INFO - Started process (PID=11485) to work on /home/airflow/.local/lib/python3.8/site-packages/airflow/example_dags/example_task_group.py
[2024-04-29T17:52:28.948+0000] {processor.py:830} INFO - Processing file /home/airflow/.local/lib/python3.8/site-packages/airflow/example_dags/example_task_group.py for tasks to queue
[2024-04-29T17:52:28.950+0000] {logging_mixin.py:188} INFO - [2024-04-29T17:52:28.949+0000] {dagbag.py:540} INFO - Filling up the DagBag from /home/airflow/.local/lib/python3.8/site-packages/airflow/example_dags/example_task_group.py
[2024-04-29T17:52:28.959+0000] {processor.py:840} INFO - DAG(s) 'example_task_group' retrieved from /home/airflow/.local/lib/python3.8/site-packages/airflow/example_dags/example_task_group.py
[2024-04-29T17:52:28.984+0000] {logging_mixin.py:188} INFO - [2024-04-29T17:52:28.984+0000] {dag.py:3047} INFO - Sync 1 DAGs
[2024-04-29T17:52:29.009+0000] {logging_mixin.py:188} INFO - [2024-04-29T17:52:29.009+0000] {dag.py:3834} INFO - Setting next_dagrun for example_task_group to 2024-04-28 00:00:00+00:00, run_after=2024-04-29 00:00:00+00:00
[2024-04-29T17:52:29.035+0000] {processor.py:183} INFO - Processing /home/airflow/.local/lib/python3.8/site-packages/airflow/example_dags/example_task_group.py took 0.091 seconds
[2024-04-29T17:52:59.104+0000] {processor.py:161} INFO - Started process (PID=11757) to work on /home/airflow/.local/lib/python3.8/site-packages/airflow/example_dags/example_task_group.py
[2024-04-29T17:52:59.105+0000] {processor.py:830} INFO - Processing file /home/airflow/.local/lib/python3.8/site-packages/airflow/example_dags/example_task_group.py for tasks to queue
[2024-04-29T17:52:59.106+0000] {logging_mixin.py:188} INFO - [2024-04-29T17:52:59.106+0000] {dagbag.py:540} INFO - Filling up the DagBag from /home/airflow/.local/lib/python3.8/site-packages/airflow/example_dags/example_task_group.py
[2024-04-29T17:52:59.116+0000] {processor.py:840} INFO - DAG(s) 'example_task_group' retrieved from /home/airflow/.local/lib/python3.8/site-packages/airflow/example_dags/example_task_group.py
[2024-04-29T17:52:59.141+0000] {logging_mixin.py:188} INFO - [2024-04-29T17:52:59.141+0000] {dag.py:3047} INFO - Sync 1 DAGs
[2024-04-29T17:52:59.167+0000] {logging_mixin.py:188} INFO - [2024-04-29T17:52:59.166+0000] {dag.py:3834} INFO - Setting next_dagrun for example_task_group to 2024-04-28 00:00:00+00:00, run_after=2024-04-29 00:00:00+00:00
[2024-04-29T17:52:59.192+0000] {processor.py:183} INFO - Processing /home/airflow/.local/lib/python3.8/site-packages/airflow/example_dags/example_task_group.py took 0.091 seconds
[2024-04-29T17:53:29.797+0000] {processor.py:161} INFO - Started process (PID=12024) to work on /home/airflow/.local/lib/python3.8/site-packages/airflow/example_dags/example_task_group.py
[2024-04-29T17:53:29.798+0000] {processor.py:830} INFO - Processing file /home/airflow/.local/lib/python3.8/site-packages/airflow/example_dags/example_task_group.py for tasks to queue
[2024-04-29T17:53:29.798+0000] {logging_mixin.py:188} INFO - [2024-04-29T17:53:29.798+0000] {dagbag.py:540} INFO - Filling up the DagBag from /home/airflow/.local/lib/python3.8/site-packages/airflow/example_dags/example_task_group.py
[2024-04-29T17:53:29.807+0000] {processor.py:840} INFO - DAG(s) 'example_task_group' retrieved from /home/airflow/.local/lib/python3.8/site-packages/airflow/example_dags/example_task_group.py
[2024-04-29T17:53:29.847+0000] {logging_mixin.py:188} INFO - [2024-04-29T17:53:29.846+0000] {dag.py:3047} INFO - Sync 1 DAGs
[2024-04-29T17:53:29.877+0000] {logging_mixin.py:188} INFO - [2024-04-29T17:53:29.877+0000] {dag.py:3834} INFO - Setting next_dagrun for example_task_group to 2024-04-28 00:00:00+00:00, run_after=2024-04-29 00:00:00+00:00
[2024-04-29T17:53:29.929+0000] {processor.py:183} INFO - Processing /home/airflow/.local/lib/python3.8/site-packages/airflow/example_dags/example_task_group.py took 0.136 seconds
[2024-04-29T17:54:00.581+0000] {processor.py:161} INFO - Started process (PID=12286) to work on /home/airflow/.local/lib/python3.8/site-packages/airflow/example_dags/example_task_group.py
[2024-04-29T17:54:00.582+0000] {processor.py:830} INFO - Processing file /home/airflow/.local/lib/python3.8/site-packages/airflow/example_dags/example_task_group.py for tasks to queue
[2024-04-29T17:54:00.583+0000] {logging_mixin.py:188} INFO - [2024-04-29T17:54:00.582+0000] {dagbag.py:540} INFO - Filling up the DagBag from /home/airflow/.local/lib/python3.8/site-packages/airflow/example_dags/example_task_group.py
[2024-04-29T17:54:00.592+0000] {processor.py:840} INFO - DAG(s) 'example_task_group' retrieved from /home/airflow/.local/lib/python3.8/site-packages/airflow/example_dags/example_task_group.py
[2024-04-29T17:54:00.616+0000] {logging_mixin.py:188} INFO - [2024-04-29T17:54:00.615+0000] {dag.py:3047} INFO - Sync 1 DAGs
[2024-04-29T17:54:00.639+0000] {logging_mixin.py:188} INFO - [2024-04-29T17:54:00.638+0000] {dag.py:3834} INFO - Setting next_dagrun for example_task_group to 2024-04-28 00:00:00+00:00, run_after=2024-04-29 00:00:00+00:00
[2024-04-29T17:54:00.664+0000] {processor.py:183} INFO - Processing /home/airflow/.local/lib/python3.8/site-packages/airflow/example_dags/example_task_group.py took 0.086 seconds
[2024-04-29T17:54:31.302+0000] {processor.py:161} INFO - Started process (PID=12561) to work on /home/airflow/.local/lib/python3.8/site-packages/airflow/example_dags/example_task_group.py
[2024-04-29T17:54:31.303+0000] {processor.py:830} INFO - Processing file /home/airflow/.local/lib/python3.8/site-packages/airflow/example_dags/example_task_group.py for tasks to queue
[2024-04-29T17:54:31.305+0000] {logging_mixin.py:188} INFO - [2024-04-29T17:54:31.305+0000] {dagbag.py:540} INFO - Filling up the DagBag from /home/airflow/.local/lib/python3.8/site-packages/airflow/example_dags/example_task_group.py
[2024-04-29T17:54:31.322+0000] {processor.py:840} INFO - DAG(s) 'example_task_group' retrieved from /home/airflow/.local/lib/python3.8/site-packages/airflow/example_dags/example_task_group.py
[2024-04-29T17:54:31.352+0000] {logging_mixin.py:188} INFO - [2024-04-29T17:54:31.352+0000] {dag.py:3047} INFO - Sync 1 DAGs
[2024-04-29T17:54:31.379+0000] {logging_mixin.py:188} INFO - [2024-04-29T17:54:31.379+0000] {dag.py:3834} INFO - Setting next_dagrun for example_task_group to 2024-04-28 00:00:00+00:00, run_after=2024-04-29 00:00:00+00:00
[2024-04-29T17:54:31.403+0000] {processor.py:183} INFO - Processing /home/airflow/.local/lib/python3.8/site-packages/airflow/example_dags/example_task_group.py took 0.105 seconds
[2024-04-29T17:55:02.029+0000] {processor.py:161} INFO - Started process (PID=12815) to work on /home/airflow/.local/lib/python3.8/site-packages/airflow/example_dags/example_task_group.py
[2024-04-29T17:55:02.031+0000] {processor.py:830} INFO - Processing file /home/airflow/.local/lib/python3.8/site-packages/airflow/example_dags/example_task_group.py for tasks to queue
[2024-04-29T17:55:02.032+0000] {logging_mixin.py:188} INFO - [2024-04-29T17:55:02.032+0000] {dagbag.py:540} INFO - Filling up the DagBag from /home/airflow/.local/lib/python3.8/site-packages/airflow/example_dags/example_task_group.py
[2024-04-29T17:55:02.041+0000] {processor.py:840} INFO - DAG(s) 'example_task_group' retrieved from /home/airflow/.local/lib/python3.8/site-packages/airflow/example_dags/example_task_group.py
[2024-04-29T17:55:02.075+0000] {logging_mixin.py:188} INFO - [2024-04-29T17:55:02.074+0000] {dag.py:3047} INFO - Sync 1 DAGs
[2024-04-29T17:55:02.100+0000] {logging_mixin.py:188} INFO - [2024-04-29T17:55:02.100+0000] {dag.py:3834} INFO - Setting next_dagrun for example_task_group to 2024-04-28 00:00:00+00:00, run_after=2024-04-29 00:00:00+00:00
[2024-04-29T17:55:02.128+0000] {processor.py:183} INFO - Processing /home/airflow/.local/lib/python3.8/site-packages/airflow/example_dags/example_task_group.py took 0.103 seconds
[2024-04-29T17:55:32.511+0000] {processor.py:161} INFO - Started process (PID=13077) to work on /home/airflow/.local/lib/python3.8/site-packages/airflow/example_dags/example_task_group.py
[2024-04-29T17:55:32.513+0000] {processor.py:830} INFO - Processing file /home/airflow/.local/lib/python3.8/site-packages/airflow/example_dags/example_task_group.py for tasks to queue
[2024-04-29T17:55:32.514+0000] {logging_mixin.py:188} INFO - [2024-04-29T17:55:32.514+0000] {dagbag.py:540} INFO - Filling up the DagBag from /home/airflow/.local/lib/python3.8/site-packages/airflow/example_dags/example_task_group.py
[2024-04-29T17:55:32.523+0000] {processor.py:840} INFO - DAG(s) 'example_task_group' retrieved from /home/airflow/.local/lib/python3.8/site-packages/airflow/example_dags/example_task_group.py
[2024-04-29T17:55:32.554+0000] {logging_mixin.py:188} INFO - [2024-04-29T17:55:32.553+0000] {dag.py:3047} INFO - Sync 1 DAGs
[2024-04-29T17:55:32.595+0000] {logging_mixin.py:188} INFO - [2024-04-29T17:55:32.595+0000] {dag.py:3834} INFO - Setting next_dagrun for example_task_group to 2024-04-28 00:00:00+00:00, run_after=2024-04-29 00:00:00+00:00
[2024-04-29T17:55:32.645+0000] {processor.py:183} INFO - Processing /home/airflow/.local/lib/python3.8/site-packages/airflow/example_dags/example_task_group.py took 0.137 seconds
[2024-04-29T17:56:02.791+0000] {processor.py:161} INFO - Started process (PID=13336) to work on /home/airflow/.local/lib/python3.8/site-packages/airflow/example_dags/example_task_group.py
[2024-04-29T17:56:02.792+0000] {processor.py:830} INFO - Processing file /home/airflow/.local/lib/python3.8/site-packages/airflow/example_dags/example_task_group.py for tasks to queue
[2024-04-29T17:56:02.793+0000] {logging_mixin.py:188} INFO - [2024-04-29T17:56:02.792+0000] {dagbag.py:540} INFO - Filling up the DagBag from /home/airflow/.local/lib/python3.8/site-packages/airflow/example_dags/example_task_group.py
[2024-04-29T17:56:02.801+0000] {processor.py:840} INFO - DAG(s) 'example_task_group' retrieved from /home/airflow/.local/lib/python3.8/site-packages/airflow/example_dags/example_task_group.py
[2024-04-29T17:56:02.829+0000] {logging_mixin.py:188} INFO - [2024-04-29T17:56:02.829+0000] {dag.py:3047} INFO - Sync 1 DAGs
[2024-04-29T17:56:02.854+0000] {logging_mixin.py:188} INFO - [2024-04-29T17:56:02.853+0000] {dag.py:3834} INFO - Setting next_dagrun for example_task_group to 2024-04-28 00:00:00+00:00, run_after=2024-04-29 00:00:00+00:00
[2024-04-29T17:56:02.885+0000] {processor.py:183} INFO - Processing /home/airflow/.local/lib/python3.8/site-packages/airflow/example_dags/example_task_group.py took 0.097 seconds
[2024-04-29T17:56:33.181+0000] {processor.py:161} INFO - Started process (PID=13591) to work on /home/airflow/.local/lib/python3.8/site-packages/airflow/example_dags/example_task_group.py
[2024-04-29T17:56:33.182+0000] {processor.py:830} INFO - Processing file /home/airflow/.local/lib/python3.8/site-packages/airflow/example_dags/example_task_group.py for tasks to queue
[2024-04-29T17:56:33.183+0000] {logging_mixin.py:188} INFO - [2024-04-29T17:56:33.183+0000] {dagbag.py:540} INFO - Filling up the DagBag from /home/airflow/.local/lib/python3.8/site-packages/airflow/example_dags/example_task_group.py
[2024-04-29T17:56:33.192+0000] {processor.py:840} INFO - DAG(s) 'example_task_group' retrieved from /home/airflow/.local/lib/python3.8/site-packages/airflow/example_dags/example_task_group.py
[2024-04-29T17:56:33.218+0000] {logging_mixin.py:188} INFO - [2024-04-29T17:56:33.217+0000] {dag.py:3047} INFO - Sync 1 DAGs
[2024-04-29T17:56:33.253+0000] {logging_mixin.py:188} INFO - [2024-04-29T17:56:33.252+0000] {dag.py:3834} INFO - Setting next_dagrun for example_task_group to 2024-04-28 00:00:00+00:00, run_after=2024-04-29 00:00:00+00:00
[2024-04-29T17:56:33.282+0000] {processor.py:183} INFO - Processing /home/airflow/.local/lib/python3.8/site-packages/airflow/example_dags/example_task_group.py took 0.105 seconds
[2024-04-29T17:57:03.642+0000] {processor.py:161} INFO - Started process (PID=13864) to work on /home/airflow/.local/lib/python3.8/site-packages/airflow/example_dags/example_task_group.py
[2024-04-29T17:57:03.643+0000] {processor.py:830} INFO - Processing file /home/airflow/.local/lib/python3.8/site-packages/airflow/example_dags/example_task_group.py for tasks to queue
[2024-04-29T17:57:03.644+0000] {logging_mixin.py:188} INFO - [2024-04-29T17:57:03.644+0000] {dagbag.py:540} INFO - Filling up the DagBag from /home/airflow/.local/lib/python3.8/site-packages/airflow/example_dags/example_task_group.py
[2024-04-29T17:57:03.653+0000] {processor.py:840} INFO - DAG(s) 'example_task_group' retrieved from /home/airflow/.local/lib/python3.8/site-packages/airflow/example_dags/example_task_group.py
[2024-04-29T17:57:03.679+0000] {logging_mixin.py:188} INFO - [2024-04-29T17:57:03.678+0000] {dag.py:3047} INFO - Sync 1 DAGs
[2024-04-29T17:57:03.703+0000] {logging_mixin.py:188} INFO - [2024-04-29T17:57:03.703+0000] {dag.py:3834} INFO - Setting next_dagrun for example_task_group to 2024-04-28 00:00:00+00:00, run_after=2024-04-29 00:00:00+00:00
[2024-04-29T17:57:03.727+0000] {processor.py:183} INFO - Processing /home/airflow/.local/lib/python3.8/site-packages/airflow/example_dags/example_task_group.py took 0.088 seconds
[2024-04-29T17:57:34.291+0000] {processor.py:161} INFO - Started process (PID=14132) to work on /home/airflow/.local/lib/python3.8/site-packages/airflow/example_dags/example_task_group.py
[2024-04-29T17:57:34.294+0000] {processor.py:830} INFO - Processing file /home/airflow/.local/lib/python3.8/site-packages/airflow/example_dags/example_task_group.py for tasks to queue
[2024-04-29T17:57:34.296+0000] {logging_mixin.py:188} INFO - [2024-04-29T17:57:34.295+0000] {dagbag.py:540} INFO - Filling up the DagBag from /home/airflow/.local/lib/python3.8/site-packages/airflow/example_dags/example_task_group.py
[2024-04-29T17:57:34.307+0000] {processor.py:840} INFO - DAG(s) 'example_task_group' retrieved from /home/airflow/.local/lib/python3.8/site-packages/airflow/example_dags/example_task_group.py
[2024-04-29T17:57:34.352+0000] {logging_mixin.py:188} INFO - [2024-04-29T17:57:34.352+0000] {dag.py:3047} INFO - Sync 1 DAGs
[2024-04-29T17:57:34.408+0000] {logging_mixin.py:188} INFO - [2024-04-29T17:57:34.407+0000] {dag.py:3834} INFO - Setting next_dagrun for example_task_group to 2024-04-28 00:00:00+00:00, run_after=2024-04-29 00:00:00+00:00
[2024-04-29T17:57:34.439+0000] {processor.py:183} INFO - Processing /home/airflow/.local/lib/python3.8/site-packages/airflow/example_dags/example_task_group.py took 0.153 seconds
[2024-04-29T17:58:04.732+0000] {processor.py:161} INFO - Started process (PID=14392) to work on /home/airflow/.local/lib/python3.8/site-packages/airflow/example_dags/example_task_group.py
[2024-04-29T17:58:04.740+0000] {processor.py:830} INFO - Processing file /home/airflow/.local/lib/python3.8/site-packages/airflow/example_dags/example_task_group.py for tasks to queue
[2024-04-29T17:58:04.742+0000] {logging_mixin.py:188} INFO - [2024-04-29T17:58:04.742+0000] {dagbag.py:540} INFO - Filling up the DagBag from /home/airflow/.local/lib/python3.8/site-packages/airflow/example_dags/example_task_group.py
[2024-04-29T17:58:04.752+0000] {processor.py:840} INFO - DAG(s) 'example_task_group' retrieved from /home/airflow/.local/lib/python3.8/site-packages/airflow/example_dags/example_task_group.py
[2024-04-29T17:58:04.783+0000] {logging_mixin.py:188} INFO - [2024-04-29T17:58:04.783+0000] {dag.py:3047} INFO - Sync 1 DAGs
[2024-04-29T17:58:04.815+0000] {logging_mixin.py:188} INFO - [2024-04-29T17:58:04.815+0000] {dag.py:3834} INFO - Setting next_dagrun for example_task_group to 2024-04-28 00:00:00+00:00, run_after=2024-04-29 00:00:00+00:00
[2024-04-29T17:58:04.847+0000] {processor.py:183} INFO - Processing /home/airflow/.local/lib/python3.8/site-packages/airflow/example_dags/example_task_group.py took 0.118 seconds
[2024-04-29T17:58:35.232+0000] {processor.py:161} INFO - Started process (PID=14658) to work on /home/airflow/.local/lib/python3.8/site-packages/airflow/example_dags/example_task_group.py
[2024-04-29T17:58:35.233+0000] {processor.py:830} INFO - Processing file /home/airflow/.local/lib/python3.8/site-packages/airflow/example_dags/example_task_group.py for tasks to queue
[2024-04-29T17:58:35.234+0000] {logging_mixin.py:188} INFO - [2024-04-29T17:58:35.233+0000] {dagbag.py:540} INFO - Filling up the DagBag from /home/airflow/.local/lib/python3.8/site-packages/airflow/example_dags/example_task_group.py
[2024-04-29T17:58:35.243+0000] {processor.py:840} INFO - DAG(s) 'example_task_group' retrieved from /home/airflow/.local/lib/python3.8/site-packages/airflow/example_dags/example_task_group.py
[2024-04-29T17:58:35.267+0000] {logging_mixin.py:188} INFO - [2024-04-29T17:58:35.267+0000] {dag.py:3047} INFO - Sync 1 DAGs
[2024-04-29T17:58:35.292+0000] {logging_mixin.py:188} INFO - [2024-04-29T17:58:35.292+0000] {dag.py:3834} INFO - Setting next_dagrun for example_task_group to 2024-04-28 00:00:00+00:00, run_after=2024-04-29 00:00:00+00:00
[2024-04-29T17:58:35.320+0000] {processor.py:183} INFO - Processing /home/airflow/.local/lib/python3.8/site-packages/airflow/example_dags/example_task_group.py took 0.091 seconds
[2024-04-29T17:59:05.979+0000] {processor.py:161} INFO - Started process (PID=14915) to work on /home/airflow/.local/lib/python3.8/site-packages/airflow/example_dags/example_task_group.py
[2024-04-29T17:59:05.979+0000] {processor.py:830} INFO - Processing file /home/airflow/.local/lib/python3.8/site-packages/airflow/example_dags/example_task_group.py for tasks to queue
[2024-04-29T17:59:05.980+0000] {logging_mixin.py:188} INFO - [2024-04-29T17:59:05.980+0000] {dagbag.py:540} INFO - Filling up the DagBag from /home/airflow/.local/lib/python3.8/site-packages/airflow/example_dags/example_task_group.py
[2024-04-29T17:59:05.989+0000] {processor.py:840} INFO - DAG(s) 'example_task_group' retrieved from /home/airflow/.local/lib/python3.8/site-packages/airflow/example_dags/example_task_group.py
[2024-04-29T17:59:06.017+0000] {logging_mixin.py:188} INFO - [2024-04-29T17:59:06.016+0000] {dag.py:3047} INFO - Sync 1 DAGs
[2024-04-29T17:59:06.063+0000] {logging_mixin.py:188} INFO - [2024-04-29T17:59:06.063+0000] {dag.py:3834} INFO - Setting next_dagrun for example_task_group to 2024-04-28 00:00:00+00:00, run_after=2024-04-29 00:00:00+00:00
[2024-04-29T17:59:06.093+0000] {processor.py:183} INFO - Processing /home/airflow/.local/lib/python3.8/site-packages/airflow/example_dags/example_task_group.py took 0.119 seconds
[2024-04-29T17:59:36.215+0000] {processor.py:161} INFO - Started process (PID=15195) to work on /home/airflow/.local/lib/python3.8/site-packages/airflow/example_dags/example_task_group.py
[2024-04-29T17:59:36.216+0000] {processor.py:830} INFO - Processing file /home/airflow/.local/lib/python3.8/site-packages/airflow/example_dags/example_task_group.py for tasks to queue
[2024-04-29T17:59:36.218+0000] {logging_mixin.py:188} INFO - [2024-04-29T17:59:36.217+0000] {dagbag.py:540} INFO - Filling up the DagBag from /home/airflow/.local/lib/python3.8/site-packages/airflow/example_dags/example_task_group.py
[2024-04-29T17:59:36.227+0000] {processor.py:840} INFO - DAG(s) 'example_task_group' retrieved from /home/airflow/.local/lib/python3.8/site-packages/airflow/example_dags/example_task_group.py
[2024-04-29T17:59:36.255+0000] {logging_mixin.py:188} INFO - [2024-04-29T17:59:36.254+0000] {dag.py:3047} INFO - Sync 1 DAGs
[2024-04-29T17:59:36.283+0000] {logging_mixin.py:188} INFO - [2024-04-29T17:59:36.282+0000] {dag.py:3834} INFO - Setting next_dagrun for example_task_group to 2024-04-28 00:00:00+00:00, run_after=2024-04-29 00:00:00+00:00
[2024-04-29T17:59:36.333+0000] {processor.py:183} INFO - Processing /home/airflow/.local/lib/python3.8/site-packages/airflow/example_dags/example_task_group.py took 0.122 seconds
[2024-04-29T18:00:06.618+0000] {processor.py:161} INFO - Started process (PID=15447) to work on /home/airflow/.local/lib/python3.8/site-packages/airflow/example_dags/example_task_group.py
[2024-04-29T18:00:06.619+0000] {processor.py:830} INFO - Processing file /home/airflow/.local/lib/python3.8/site-packages/airflow/example_dags/example_task_group.py for tasks to queue
[2024-04-29T18:00:06.620+0000] {logging_mixin.py:188} INFO - [2024-04-29T18:00:06.620+0000] {dagbag.py:540} INFO - Filling up the DagBag from /home/airflow/.local/lib/python3.8/site-packages/airflow/example_dags/example_task_group.py
[2024-04-29T18:00:06.626+0000] {processor.py:840} INFO - DAG(s) 'example_task_group' retrieved from /home/airflow/.local/lib/python3.8/site-packages/airflow/example_dags/example_task_group.py
[2024-04-29T18:00:06.643+0000] {logging_mixin.py:188} INFO - [2024-04-29T18:00:06.643+0000] {dag.py:3047} INFO - Sync 1 DAGs
[2024-04-29T18:00:06.661+0000] {logging_mixin.py:188} INFO - [2024-04-29T18:00:06.661+0000] {dag.py:3834} INFO - Setting next_dagrun for example_task_group to 2024-04-28 00:00:00+00:00, run_after=2024-04-29 00:00:00+00:00
[2024-04-29T18:00:06.683+0000] {processor.py:183} INFO - Processing /home/airflow/.local/lib/python3.8/site-packages/airflow/example_dags/example_task_group.py took 0.067 seconds
[2024-04-29T18:00:37.086+0000] {processor.py:161} INFO - Started process (PID=15717) to work on /home/airflow/.local/lib/python3.8/site-packages/airflow/example_dags/example_task_group.py
[2024-04-29T18:00:37.088+0000] {processor.py:830} INFO - Processing file /home/airflow/.local/lib/python3.8/site-packages/airflow/example_dags/example_task_group.py for tasks to queue
[2024-04-29T18:00:37.094+0000] {logging_mixin.py:188} INFO - [2024-04-29T18:00:37.094+0000] {dagbag.py:540} INFO - Filling up the DagBag from /home/airflow/.local/lib/python3.8/site-packages/airflow/example_dags/example_task_group.py
[2024-04-29T18:00:37.110+0000] {processor.py:840} INFO - DAG(s) 'example_task_group' retrieved from /home/airflow/.local/lib/python3.8/site-packages/airflow/example_dags/example_task_group.py
[2024-04-29T18:00:37.188+0000] {logging_mixin.py:188} INFO - [2024-04-29T18:00:37.188+0000] {dag.py:3047} INFO - Sync 1 DAGs
[2024-04-29T18:00:37.243+0000] {logging_mixin.py:188} INFO - [2024-04-29T18:00:37.243+0000] {dag.py:3834} INFO - Setting next_dagrun for example_task_group to 2024-04-28 00:00:00+00:00, run_after=2024-04-29 00:00:00+00:00
[2024-04-29T18:00:37.283+0000] {processor.py:183} INFO - Processing /home/airflow/.local/lib/python3.8/site-packages/airflow/example_dags/example_task_group.py took 0.200 seconds
[2024-04-29T18:01:08.198+0000] {processor.py:161} INFO - Started process (PID=15989) to work on /home/airflow/.local/lib/python3.8/site-packages/airflow/example_dags/example_task_group.py
[2024-04-29T18:01:08.199+0000] {processor.py:830} INFO - Processing file /home/airflow/.local/lib/python3.8/site-packages/airflow/example_dags/example_task_group.py for tasks to queue
[2024-04-29T18:01:08.200+0000] {logging_mixin.py:188} INFO - [2024-04-29T18:01:08.199+0000] {dagbag.py:540} INFO - Filling up the DagBag from /home/airflow/.local/lib/python3.8/site-packages/airflow/example_dags/example_task_group.py
[2024-04-29T18:01:08.209+0000] {processor.py:840} INFO - DAG(s) 'example_task_group' retrieved from /home/airflow/.local/lib/python3.8/site-packages/airflow/example_dags/example_task_group.py
[2024-04-29T18:01:08.240+0000] {logging_mixin.py:188} INFO - [2024-04-29T18:01:08.239+0000] {dag.py:3047} INFO - Sync 1 DAGs
[2024-04-29T18:01:08.264+0000] {logging_mixin.py:188} INFO - [2024-04-29T18:01:08.264+0000] {dag.py:3834} INFO - Setting next_dagrun for example_task_group to 2024-04-28 00:00:00+00:00, run_after=2024-04-29 00:00:00+00:00
[2024-04-29T18:01:08.313+0000] {processor.py:183} INFO - Processing /home/airflow/.local/lib/python3.8/site-packages/airflow/example_dags/example_task_group.py took 0.119 seconds
[2024-04-29T18:01:38.739+0000] {processor.py:161} INFO - Started process (PID=16266) to work on /home/airflow/.local/lib/python3.8/site-packages/airflow/example_dags/example_task_group.py
[2024-04-29T18:01:38.740+0000] {processor.py:830} INFO - Processing file /home/airflow/.local/lib/python3.8/site-packages/airflow/example_dags/example_task_group.py for tasks to queue
[2024-04-29T18:01:38.741+0000] {logging_mixin.py:188} INFO - [2024-04-29T18:01:38.740+0000] {dagbag.py:540} INFO - Filling up the DagBag from /home/airflow/.local/lib/python3.8/site-packages/airflow/example_dags/example_task_group.py
[2024-04-29T18:01:38.750+0000] {processor.py:840} INFO - DAG(s) 'example_task_group' retrieved from /home/airflow/.local/lib/python3.8/site-packages/airflow/example_dags/example_task_group.py
[2024-04-29T18:01:38.775+0000] {logging_mixin.py:188} INFO - [2024-04-29T18:01:38.775+0000] {dag.py:3047} INFO - Sync 1 DAGs
[2024-04-29T18:01:38.800+0000] {logging_mixin.py:188} INFO - [2024-04-29T18:01:38.800+0000] {dag.py:3834} INFO - Setting next_dagrun for example_task_group to 2024-04-28 00:00:00+00:00, run_after=2024-04-29 00:00:00+00:00
[2024-04-29T18:01:38.824+0000] {processor.py:183} INFO - Processing /home/airflow/.local/lib/python3.8/site-packages/airflow/example_dags/example_task_group.py took 0.089 seconds
[2024-04-29T18:02:09.620+0000] {processor.py:161} INFO - Started process (PID=16512) to work on /home/airflow/.local/lib/python3.8/site-packages/airflow/example_dags/example_task_group.py
[2024-04-29T18:02:09.621+0000] {processor.py:830} INFO - Processing file /home/airflow/.local/lib/python3.8/site-packages/airflow/example_dags/example_task_group.py for tasks to queue
[2024-04-29T18:02:09.623+0000] {logging_mixin.py:188} INFO - [2024-04-29T18:02:09.622+0000] {dagbag.py:540} INFO - Filling up the DagBag from /home/airflow/.local/lib/python3.8/site-packages/airflow/example_dags/example_task_group.py
[2024-04-29T18:02:09.632+0000] {processor.py:840} INFO - DAG(s) 'example_task_group' retrieved from /home/airflow/.local/lib/python3.8/site-packages/airflow/example_dags/example_task_group.py
[2024-04-29T18:02:09.656+0000] {logging_mixin.py:188} INFO - [2024-04-29T18:02:09.656+0000] {dag.py:3047} INFO - Sync 1 DAGs
[2024-04-29T18:02:09.681+0000] {logging_mixin.py:188} INFO - [2024-04-29T18:02:09.681+0000] {dag.py:3834} INFO - Setting next_dagrun for example_task_group to 2024-04-28 00:00:00+00:00, run_after=2024-04-29 00:00:00+00:00
[2024-04-29T18:02:09.703+0000] {processor.py:183} INFO - Processing /home/airflow/.local/lib/python3.8/site-packages/airflow/example_dags/example_task_group.py took 0.086 seconds
[2024-04-29T18:02:40.715+0000] {processor.py:161} INFO - Started process (PID=16764) to work on /home/airflow/.local/lib/python3.8/site-packages/airflow/example_dags/example_task_group.py
[2024-04-29T18:02:40.716+0000] {processor.py:830} INFO - Processing file /home/airflow/.local/lib/python3.8/site-packages/airflow/example_dags/example_task_group.py for tasks to queue
[2024-04-29T18:02:40.717+0000] {logging_mixin.py:188} INFO - [2024-04-29T18:02:40.717+0000] {dagbag.py:540} INFO - Filling up the DagBag from /home/airflow/.local/lib/python3.8/site-packages/airflow/example_dags/example_task_group.py
[2024-04-29T18:02:40.726+0000] {processor.py:840} INFO - DAG(s) 'example_task_group' retrieved from /home/airflow/.local/lib/python3.8/site-packages/airflow/example_dags/example_task_group.py
[2024-04-29T18:02:40.760+0000] {logging_mixin.py:188} INFO - [2024-04-29T18:02:40.760+0000] {dag.py:3047} INFO - Sync 1 DAGs
[2024-04-29T18:02:40.785+0000] {logging_mixin.py:188} INFO - [2024-04-29T18:02:40.785+0000] {dag.py:3834} INFO - Setting next_dagrun for example_task_group to 2024-04-28 00:00:00+00:00, run_after=2024-04-29 00:00:00+00:00
[2024-04-29T18:02:40.811+0000] {processor.py:183} INFO - Processing /home/airflow/.local/lib/python3.8/site-packages/airflow/example_dags/example_task_group.py took 0.099 seconds
[2024-04-29T18:03:11.094+0000] {processor.py:161} INFO - Started process (PID=17027) to work on /home/airflow/.local/lib/python3.8/site-packages/airflow/example_dags/example_task_group.py
[2024-04-29T18:03:11.094+0000] {processor.py:830} INFO - Processing file /home/airflow/.local/lib/python3.8/site-packages/airflow/example_dags/example_task_group.py for tasks to queue
[2024-04-29T18:03:11.095+0000] {logging_mixin.py:188} INFO - [2024-04-29T18:03:11.095+0000] {dagbag.py:540} INFO - Filling up the DagBag from /home/airflow/.local/lib/python3.8/site-packages/airflow/example_dags/example_task_group.py
[2024-04-29T18:03:11.105+0000] {processor.py:840} INFO - DAG(s) 'example_task_group' retrieved from /home/airflow/.local/lib/python3.8/site-packages/airflow/example_dags/example_task_group.py
[2024-04-29T18:03:11.133+0000] {logging_mixin.py:188} INFO - [2024-04-29T18:03:11.132+0000] {dag.py:3047} INFO - Sync 1 DAGs
[2024-04-29T18:03:11.158+0000] {logging_mixin.py:188} INFO - [2024-04-29T18:03:11.157+0000] {dag.py:3834} INFO - Setting next_dagrun for example_task_group to 2024-04-28 00:00:00+00:00, run_after=2024-04-29 00:00:00+00:00
[2024-04-29T18:03:11.180+0000] {processor.py:183} INFO - Processing /home/airflow/.local/lib/python3.8/site-packages/airflow/example_dags/example_task_group.py took 0.090 seconds
