[2024-04-29T17:30:05.986+0000] {processor.py:161} INFO - Started process (PID=316) to work on /home/airflow/.local/lib/python3.8/site-packages/airflow/example_dags/example_branch_labels.py
[2024-04-29T17:30:05.991+0000] {processor.py:830} INFO - Processing file /home/airflow/.local/lib/python3.8/site-packages/airflow/example_dags/example_branch_labels.py for tasks to queue
[2024-04-29T17:30:05.993+0000] {logging_mixin.py:188} INFO - [2024-04-29T17:30:05.992+0000] {dagbag.py:540} INFO - Filling up the DagBag from /home/airflow/.local/lib/python3.8/site-packages/airflow/example_dags/example_branch_labels.py
[2024-04-29T17:30:06.017+0000] {processor.py:840} INFO - DAG(s) 'example_branch_labels' retrieved from /home/airflow/.local/lib/python3.8/site-packages/airflow/example_dags/example_branch_labels.py
[2024-04-29T17:30:06.230+0000] {logging_mixin.py:188} INFO - [2024-04-29T17:30:06.229+0000] {override.py:1769} INFO - Created Permission View: can edit on DAG:example_branch_labels
[2024-04-29T17:30:06.258+0000] {logging_mixin.py:188} INFO - [2024-04-29T17:30:06.258+0000] {override.py:1769} INFO - Created Permission View: can delete on DAG:example_branch_labels
[2024-04-29T17:30:06.274+0000] {logging_mixin.py:188} INFO - [2024-04-29T17:30:06.274+0000] {override.py:1769} INFO - Created Permission View: can read on DAG:example_branch_labels
[2024-04-29T17:30:06.275+0000] {logging_mixin.py:188} INFO - [2024-04-29T17:30:06.275+0000] {dag.py:3047} INFO - Sync 1 DAGs
[2024-04-29T17:30:06.293+0000] {logging_mixin.py:188} INFO - [2024-04-29T17:30:06.293+0000] {dag.py:3069} INFO - Creating ORM DAG for example_branch_labels
[2024-04-29T17:30:06.321+0000] {logging_mixin.py:188} INFO - [2024-04-29T17:30:06.320+0000] {dag.py:3834} INFO - Setting next_dagrun for example_branch_labels to 2024-04-28 00:00:00+00:00, run_after=2024-04-29 00:00:00+00:00
[2024-04-29T17:30:06.358+0000] {processor.py:183} INFO - Processing /home/airflow/.local/lib/python3.8/site-packages/airflow/example_dags/example_branch_labels.py took 0.377 seconds
[2024-04-29T17:30:36.510+0000] {processor.py:161} INFO - Started process (PID=563) to work on /home/airflow/.local/lib/python3.8/site-packages/airflow/example_dags/example_branch_labels.py
[2024-04-29T17:30:36.511+0000] {processor.py:830} INFO - Processing file /home/airflow/.local/lib/python3.8/site-packages/airflow/example_dags/example_branch_labels.py for tasks to queue
[2024-04-29T17:30:36.513+0000] {logging_mixin.py:188} INFO - [2024-04-29T17:30:36.513+0000] {dagbag.py:540} INFO - Filling up the DagBag from /home/airflow/.local/lib/python3.8/site-packages/airflow/example_dags/example_branch_labels.py
[2024-04-29T17:30:36.522+0000] {processor.py:840} INFO - DAG(s) 'example_branch_labels' retrieved from /home/airflow/.local/lib/python3.8/site-packages/airflow/example_dags/example_branch_labels.py
[2024-04-29T17:30:36.548+0000] {logging_mixin.py:188} INFO - [2024-04-29T17:30:36.547+0000] {dag.py:3047} INFO - Sync 1 DAGs
[2024-04-29T17:30:36.577+0000] {logging_mixin.py:188} INFO - [2024-04-29T17:30:36.577+0000] {dag.py:3834} INFO - Setting next_dagrun for example_branch_labels to 2024-04-28 00:00:00+00:00, run_after=2024-04-29 00:00:00+00:00
[2024-04-29T17:30:36.601+0000] {processor.py:183} INFO - Processing /home/airflow/.local/lib/python3.8/site-packages/airflow/example_dags/example_branch_labels.py took 0.096 seconds
[2024-04-29T17:31:06.967+0000] {processor.py:161} INFO - Started process (PID=810) to work on /home/airflow/.local/lib/python3.8/site-packages/airflow/example_dags/example_branch_labels.py
[2024-04-29T17:31:06.968+0000] {processor.py:830} INFO - Processing file /home/airflow/.local/lib/python3.8/site-packages/airflow/example_dags/example_branch_labels.py for tasks to queue
[2024-04-29T17:31:06.969+0000] {logging_mixin.py:188} INFO - [2024-04-29T17:31:06.969+0000] {dagbag.py:540} INFO - Filling up the DagBag from /home/airflow/.local/lib/python3.8/site-packages/airflow/example_dags/example_branch_labels.py
[2024-04-29T17:31:06.978+0000] {processor.py:840} INFO - DAG(s) 'example_branch_labels' retrieved from /home/airflow/.local/lib/python3.8/site-packages/airflow/example_dags/example_branch_labels.py
[2024-04-29T17:31:07.007+0000] {logging_mixin.py:188} INFO - [2024-04-29T17:31:07.007+0000] {dag.py:3047} INFO - Sync 1 DAGs
[2024-04-29T17:31:07.052+0000] {logging_mixin.py:188} INFO - [2024-04-29T17:31:07.052+0000] {dag.py:3834} INFO - Setting next_dagrun for example_branch_labels to 2024-04-28 00:00:00+00:00, run_after=2024-04-29 00:00:00+00:00
[2024-04-29T17:31:07.090+0000] {processor.py:183} INFO - Processing /home/airflow/.local/lib/python3.8/site-packages/airflow/example_dags/example_branch_labels.py took 0.126 seconds
[2024-04-29T17:31:37.577+0000] {processor.py:161} INFO - Started process (PID=1057) to work on /home/airflow/.local/lib/python3.8/site-packages/airflow/example_dags/example_branch_labels.py
[2024-04-29T17:31:37.579+0000] {processor.py:830} INFO - Processing file /home/airflow/.local/lib/python3.8/site-packages/airflow/example_dags/example_branch_labels.py for tasks to queue
[2024-04-29T17:31:37.580+0000] {logging_mixin.py:188} INFO - [2024-04-29T17:31:37.579+0000] {dagbag.py:540} INFO - Filling up the DagBag from /home/airflow/.local/lib/python3.8/site-packages/airflow/example_dags/example_branch_labels.py
[2024-04-29T17:31:37.589+0000] {processor.py:840} INFO - DAG(s) 'example_branch_labels' retrieved from /home/airflow/.local/lib/python3.8/site-packages/airflow/example_dags/example_branch_labels.py
[2024-04-29T17:31:37.619+0000] {logging_mixin.py:188} INFO - [2024-04-29T17:31:37.618+0000] {dag.py:3047} INFO - Sync 1 DAGs
[2024-04-29T17:31:37.646+0000] {logging_mixin.py:188} INFO - [2024-04-29T17:31:37.646+0000] {dag.py:3834} INFO - Setting next_dagrun for example_branch_labels to 2024-04-28 00:00:00+00:00, run_after=2024-04-29 00:00:00+00:00
[2024-04-29T17:31:37.670+0000] {processor.py:183} INFO - Processing /home/airflow/.local/lib/python3.8/site-packages/airflow/example_dags/example_branch_labels.py took 0.096 seconds
[2024-04-29T17:32:07.818+0000] {processor.py:161} INFO - Started process (PID=1305) to work on /home/airflow/.local/lib/python3.8/site-packages/airflow/example_dags/example_branch_labels.py
[2024-04-29T17:32:07.819+0000] {processor.py:830} INFO - Processing file /home/airflow/.local/lib/python3.8/site-packages/airflow/example_dags/example_branch_labels.py for tasks to queue
[2024-04-29T17:32:07.819+0000] {logging_mixin.py:188} INFO - [2024-04-29T17:32:07.819+0000] {dagbag.py:540} INFO - Filling up the DagBag from /home/airflow/.local/lib/python3.8/site-packages/airflow/example_dags/example_branch_labels.py
[2024-04-29T17:32:07.828+0000] {processor.py:840} INFO - DAG(s) 'example_branch_labels' retrieved from /home/airflow/.local/lib/python3.8/site-packages/airflow/example_dags/example_branch_labels.py
[2024-04-29T17:32:07.855+0000] {logging_mixin.py:188} INFO - [2024-04-29T17:32:07.854+0000] {dag.py:3047} INFO - Sync 1 DAGs
[2024-04-29T17:32:07.883+0000] {logging_mixin.py:188} INFO - [2024-04-29T17:32:07.882+0000] {dag.py:3834} INFO - Setting next_dagrun for example_branch_labels to 2024-04-28 00:00:00+00:00, run_after=2024-04-29 00:00:00+00:00
[2024-04-29T17:32:07.906+0000] {processor.py:183} INFO - Processing /home/airflow/.local/lib/python3.8/site-packages/airflow/example_dags/example_branch_labels.py took 0.092 seconds
[2024-04-29T17:32:38.576+0000] {processor.py:161} INFO - Started process (PID=1553) to work on /home/airflow/.local/lib/python3.8/site-packages/airflow/example_dags/example_branch_labels.py
[2024-04-29T17:32:38.578+0000] {processor.py:830} INFO - Processing file /home/airflow/.local/lib/python3.8/site-packages/airflow/example_dags/example_branch_labels.py for tasks to queue
[2024-04-29T17:32:38.579+0000] {logging_mixin.py:188} INFO - [2024-04-29T17:32:38.579+0000] {dagbag.py:540} INFO - Filling up the DagBag from /home/airflow/.local/lib/python3.8/site-packages/airflow/example_dags/example_branch_labels.py
[2024-04-29T17:32:38.589+0000] {processor.py:840} INFO - DAG(s) 'example_branch_labels' retrieved from /home/airflow/.local/lib/python3.8/site-packages/airflow/example_dags/example_branch_labels.py
[2024-04-29T17:32:38.614+0000] {logging_mixin.py:188} INFO - [2024-04-29T17:32:38.614+0000] {dag.py:3047} INFO - Sync 1 DAGs
[2024-04-29T17:32:38.641+0000] {logging_mixin.py:188} INFO - [2024-04-29T17:32:38.641+0000] {dag.py:3834} INFO - Setting next_dagrun for example_branch_labels to 2024-04-28 00:00:00+00:00, run_after=2024-04-29 00:00:00+00:00
[2024-04-29T17:32:38.664+0000] {processor.py:183} INFO - Processing /home/airflow/.local/lib/python3.8/site-packages/airflow/example_dags/example_branch_labels.py took 0.092 seconds
[2024-04-29T17:33:09.238+0000] {processor.py:161} INFO - Started process (PID=1801) to work on /home/airflow/.local/lib/python3.8/site-packages/airflow/example_dags/example_branch_labels.py
[2024-04-29T17:33:09.239+0000] {processor.py:830} INFO - Processing file /home/airflow/.local/lib/python3.8/site-packages/airflow/example_dags/example_branch_labels.py for tasks to queue
[2024-04-29T17:33:09.240+0000] {logging_mixin.py:188} INFO - [2024-04-29T17:33:09.240+0000] {dagbag.py:540} INFO - Filling up the DagBag from /home/airflow/.local/lib/python3.8/site-packages/airflow/example_dags/example_branch_labels.py
[2024-04-29T17:33:09.249+0000] {processor.py:840} INFO - DAG(s) 'example_branch_labels' retrieved from /home/airflow/.local/lib/python3.8/site-packages/airflow/example_dags/example_branch_labels.py
[2024-04-29T17:33:09.275+0000] {logging_mixin.py:188} INFO - [2024-04-29T17:33:09.274+0000] {dag.py:3047} INFO - Sync 1 DAGs
[2024-04-29T17:33:09.301+0000] {logging_mixin.py:188} INFO - [2024-04-29T17:33:09.301+0000] {dag.py:3834} INFO - Setting next_dagrun for example_branch_labels to 2024-04-28 00:00:00+00:00, run_after=2024-04-29 00:00:00+00:00
[2024-04-29T17:33:09.325+0000] {processor.py:183} INFO - Processing /home/airflow/.local/lib/python3.8/site-packages/airflow/example_dags/example_branch_labels.py took 0.095 seconds
[2024-04-29T17:33:39.428+0000] {processor.py:161} INFO - Started process (PID=2043) to work on /home/airflow/.local/lib/python3.8/site-packages/airflow/example_dags/example_branch_labels.py
[2024-04-29T17:33:39.429+0000] {processor.py:830} INFO - Processing file /home/airflow/.local/lib/python3.8/site-packages/airflow/example_dags/example_branch_labels.py for tasks to queue
[2024-04-29T17:33:39.431+0000] {logging_mixin.py:188} INFO - [2024-04-29T17:33:39.431+0000] {dagbag.py:540} INFO - Filling up the DagBag from /home/airflow/.local/lib/python3.8/site-packages/airflow/example_dags/example_branch_labels.py
[2024-04-29T17:33:39.442+0000] {processor.py:840} INFO - DAG(s) 'example_branch_labels' retrieved from /home/airflow/.local/lib/python3.8/site-packages/airflow/example_dags/example_branch_labels.py
[2024-04-29T17:33:39.467+0000] {logging_mixin.py:188} INFO - [2024-04-29T17:33:39.466+0000] {dag.py:3047} INFO - Sync 1 DAGs
[2024-04-29T17:33:39.496+0000] {logging_mixin.py:188} INFO - [2024-04-29T17:33:39.495+0000] {dag.py:3834} INFO - Setting next_dagrun for example_branch_labels to 2024-04-28 00:00:00+00:00, run_after=2024-04-29 00:00:00+00:00
[2024-04-29T17:33:39.536+0000] {processor.py:183} INFO - Processing /home/airflow/.local/lib/python3.8/site-packages/airflow/example_dags/example_branch_labels.py took 0.112 seconds
[2024-04-29T17:34:10.135+0000] {processor.py:161} INFO - Started process (PID=2294) to work on /home/airflow/.local/lib/python3.8/site-packages/airflow/example_dags/example_branch_labels.py
[2024-04-29T17:34:10.136+0000] {processor.py:830} INFO - Processing file /home/airflow/.local/lib/python3.8/site-packages/airflow/example_dags/example_branch_labels.py for tasks to queue
[2024-04-29T17:34:10.137+0000] {logging_mixin.py:188} INFO - [2024-04-29T17:34:10.137+0000] {dagbag.py:540} INFO - Filling up the DagBag from /home/airflow/.local/lib/python3.8/site-packages/airflow/example_dags/example_branch_labels.py
[2024-04-29T17:34:10.146+0000] {processor.py:840} INFO - DAG(s) 'example_branch_labels' retrieved from /home/airflow/.local/lib/python3.8/site-packages/airflow/example_dags/example_branch_labels.py
[2024-04-29T17:34:10.179+0000] {logging_mixin.py:188} INFO - [2024-04-29T17:34:10.179+0000] {dag.py:3047} INFO - Sync 1 DAGs
[2024-04-29T17:34:10.208+0000] {logging_mixin.py:188} INFO - [2024-04-29T17:34:10.208+0000] {dag.py:3834} INFO - Setting next_dagrun for example_branch_labels to 2024-04-28 00:00:00+00:00, run_after=2024-04-29 00:00:00+00:00
[2024-04-29T17:34:10.233+0000] {processor.py:183} INFO - Processing /home/airflow/.local/lib/python3.8/site-packages/airflow/example_dags/example_branch_labels.py took 0.101 seconds
[2024-04-29T17:34:40.761+0000] {processor.py:161} INFO - Started process (PID=2541) to work on /home/airflow/.local/lib/python3.8/site-packages/airflow/example_dags/example_branch_labels.py
[2024-04-29T17:34:40.762+0000] {processor.py:830} INFO - Processing file /home/airflow/.local/lib/python3.8/site-packages/airflow/example_dags/example_branch_labels.py for tasks to queue
[2024-04-29T17:34:40.764+0000] {logging_mixin.py:188} INFO - [2024-04-29T17:34:40.763+0000] {dagbag.py:540} INFO - Filling up the DagBag from /home/airflow/.local/lib/python3.8/site-packages/airflow/example_dags/example_branch_labels.py
[2024-04-29T17:34:40.773+0000] {processor.py:840} INFO - DAG(s) 'example_branch_labels' retrieved from /home/airflow/.local/lib/python3.8/site-packages/airflow/example_dags/example_branch_labels.py
[2024-04-29T17:34:40.822+0000] {logging_mixin.py:188} INFO - [2024-04-29T17:34:40.818+0000] {dag.py:3047} INFO - Sync 1 DAGs
[2024-04-29T17:34:40.887+0000] {logging_mixin.py:188} INFO - [2024-04-29T17:34:40.887+0000] {dag.py:3834} INFO - Setting next_dagrun for example_branch_labels to 2024-04-28 00:00:00+00:00, run_after=2024-04-29 00:00:00+00:00
[2024-04-29T17:34:40.911+0000] {processor.py:183} INFO - Processing /home/airflow/.local/lib/python3.8/site-packages/airflow/example_dags/example_branch_labels.py took 0.154 seconds
[2024-04-29T17:35:11.353+0000] {processor.py:161} INFO - Started process (PID=2788) to work on /home/airflow/.local/lib/python3.8/site-packages/airflow/example_dags/example_branch_labels.py
[2024-04-29T17:35:11.354+0000] {processor.py:830} INFO - Processing file /home/airflow/.local/lib/python3.8/site-packages/airflow/example_dags/example_branch_labels.py for tasks to queue
[2024-04-29T17:35:11.356+0000] {logging_mixin.py:188} INFO - [2024-04-29T17:35:11.355+0000] {dagbag.py:540} INFO - Filling up the DagBag from /home/airflow/.local/lib/python3.8/site-packages/airflow/example_dags/example_branch_labels.py
[2024-04-29T17:35:11.365+0000] {processor.py:840} INFO - DAG(s) 'example_branch_labels' retrieved from /home/airflow/.local/lib/python3.8/site-packages/airflow/example_dags/example_branch_labels.py
[2024-04-29T17:35:11.391+0000] {logging_mixin.py:188} INFO - [2024-04-29T17:35:11.391+0000] {dag.py:3047} INFO - Sync 1 DAGs
[2024-04-29T17:35:11.418+0000] {logging_mixin.py:188} INFO - [2024-04-29T17:35:11.418+0000] {dag.py:3834} INFO - Setting next_dagrun for example_branch_labels to 2024-04-28 00:00:00+00:00, run_after=2024-04-29 00:00:00+00:00
[2024-04-29T17:35:11.463+0000] {processor.py:183} INFO - Processing /home/airflow/.local/lib/python3.8/site-packages/airflow/example_dags/example_branch_labels.py took 0.114 seconds
[2024-04-29T17:35:42.163+0000] {processor.py:161} INFO - Started process (PID=3035) to work on /home/airflow/.local/lib/python3.8/site-packages/airflow/example_dags/example_branch_labels.py
[2024-04-29T17:35:42.165+0000] {processor.py:830} INFO - Processing file /home/airflow/.local/lib/python3.8/site-packages/airflow/example_dags/example_branch_labels.py for tasks to queue
[2024-04-29T17:35:42.166+0000] {logging_mixin.py:188} INFO - [2024-04-29T17:35:42.166+0000] {dagbag.py:540} INFO - Filling up the DagBag from /home/airflow/.local/lib/python3.8/site-packages/airflow/example_dags/example_branch_labels.py
[2024-04-29T17:35:42.183+0000] {processor.py:840} INFO - DAG(s) 'example_branch_labels' retrieved from /home/airflow/.local/lib/python3.8/site-packages/airflow/example_dags/example_branch_labels.py
[2024-04-29T17:35:42.234+0000] {logging_mixin.py:188} INFO - [2024-04-29T17:35:42.234+0000] {dag.py:3047} INFO - Sync 1 DAGs
[2024-04-29T17:35:42.263+0000] {logging_mixin.py:188} INFO - [2024-04-29T17:35:42.263+0000] {dag.py:3834} INFO - Setting next_dagrun for example_branch_labels to 2024-04-28 00:00:00+00:00, run_after=2024-04-29 00:00:00+00:00
[2024-04-29T17:35:42.302+0000] {processor.py:183} INFO - Processing /home/airflow/.local/lib/python3.8/site-packages/airflow/example_dags/example_branch_labels.py took 0.142 seconds
[2024-04-29T17:36:12.719+0000] {processor.py:161} INFO - Started process (PID=3284) to work on /home/airflow/.local/lib/python3.8/site-packages/airflow/example_dags/example_branch_labels.py
[2024-04-29T17:36:12.720+0000] {processor.py:830} INFO - Processing file /home/airflow/.local/lib/python3.8/site-packages/airflow/example_dags/example_branch_labels.py for tasks to queue
[2024-04-29T17:36:12.721+0000] {logging_mixin.py:188} INFO - [2024-04-29T17:36:12.720+0000] {dagbag.py:540} INFO - Filling up the DagBag from /home/airflow/.local/lib/python3.8/site-packages/airflow/example_dags/example_branch_labels.py
[2024-04-29T17:36:12.729+0000] {processor.py:840} INFO - DAG(s) 'example_branch_labels' retrieved from /home/airflow/.local/lib/python3.8/site-packages/airflow/example_dags/example_branch_labels.py
[2024-04-29T17:36:12.755+0000] {logging_mixin.py:188} INFO - [2024-04-29T17:36:12.755+0000] {dag.py:3047} INFO - Sync 1 DAGs
[2024-04-29T17:36:12.784+0000] {logging_mixin.py:188} INFO - [2024-04-29T17:36:12.784+0000] {dag.py:3834} INFO - Setting next_dagrun for example_branch_labels to 2024-04-28 00:00:00+00:00, run_after=2024-04-29 00:00:00+00:00
[2024-04-29T17:36:12.810+0000] {processor.py:183} INFO - Processing /home/airflow/.local/lib/python3.8/site-packages/airflow/example_dags/example_branch_labels.py took 0.095 seconds
[2024-04-29T17:36:43.304+0000] {processor.py:161} INFO - Started process (PID=3538) to work on /home/airflow/.local/lib/python3.8/site-packages/airflow/example_dags/example_branch_labels.py
[2024-04-29T17:36:43.305+0000] {processor.py:830} INFO - Processing file /home/airflow/.local/lib/python3.8/site-packages/airflow/example_dags/example_branch_labels.py for tasks to queue
[2024-04-29T17:36:43.306+0000] {logging_mixin.py:188} INFO - [2024-04-29T17:36:43.306+0000] {dagbag.py:540} INFO - Filling up the DagBag from /home/airflow/.local/lib/python3.8/site-packages/airflow/example_dags/example_branch_labels.py
[2024-04-29T17:36:43.322+0000] {processor.py:840} INFO - DAG(s) 'example_branch_labels' retrieved from /home/airflow/.local/lib/python3.8/site-packages/airflow/example_dags/example_branch_labels.py
[2024-04-29T17:36:43.347+0000] {logging_mixin.py:188} INFO - [2024-04-29T17:36:43.347+0000] {dag.py:3047} INFO - Sync 1 DAGs
[2024-04-29T17:36:43.375+0000] {logging_mixin.py:188} INFO - [2024-04-29T17:36:43.375+0000] {dag.py:3834} INFO - Setting next_dagrun for example_branch_labels to 2024-04-28 00:00:00+00:00, run_after=2024-04-29 00:00:00+00:00
[2024-04-29T17:36:43.400+0000] {processor.py:183} INFO - Processing /home/airflow/.local/lib/python3.8/site-packages/airflow/example_dags/example_branch_labels.py took 0.101 seconds
[2024-04-29T17:37:17.127+0000] {processor.py:161} INFO - Started process (PID=3840) to work on /home/airflow/.local/lib/python3.8/site-packages/airflow/example_dags/example_branch_labels.py
[2024-04-29T17:37:17.129+0000] {processor.py:830} INFO - Processing file /home/airflow/.local/lib/python3.8/site-packages/airflow/example_dags/example_branch_labels.py for tasks to queue
[2024-04-29T17:37:17.135+0000] {logging_mixin.py:188} INFO - [2024-04-29T17:37:17.134+0000] {dagbag.py:540} INFO - Filling up the DagBag from /home/airflow/.local/lib/python3.8/site-packages/airflow/example_dags/example_branch_labels.py
[2024-04-29T17:37:17.168+0000] {processor.py:840} INFO - DAG(s) 'example_branch_labels' retrieved from /home/airflow/.local/lib/python3.8/site-packages/airflow/example_dags/example_branch_labels.py
[2024-04-29T17:37:17.292+0000] {logging_mixin.py:188} INFO - [2024-04-29T17:37:17.292+0000] {dag.py:3047} INFO - Sync 1 DAGs
[2024-04-29T17:37:17.456+0000] {logging_mixin.py:188} INFO - [2024-04-29T17:37:17.455+0000] {dag.py:3834} INFO - Setting next_dagrun for example_branch_labels to 2024-04-28 00:00:00+00:00, run_after=2024-04-29 00:00:00+00:00
[2024-04-29T17:37:17.570+0000] {processor.py:183} INFO - Processing /home/airflow/.local/lib/python3.8/site-packages/airflow/example_dags/example_branch_labels.py took 0.456 seconds
[2024-04-29T17:37:47.968+0000] {processor.py:161} INFO - Started process (PID=4179) to work on /home/airflow/.local/lib/python3.8/site-packages/airflow/example_dags/example_branch_labels.py
[2024-04-29T17:37:47.969+0000] {processor.py:830} INFO - Processing file /home/airflow/.local/lib/python3.8/site-packages/airflow/example_dags/example_branch_labels.py for tasks to queue
[2024-04-29T17:37:47.970+0000] {logging_mixin.py:188} INFO - [2024-04-29T17:37:47.970+0000] {dagbag.py:540} INFO - Filling up the DagBag from /home/airflow/.local/lib/python3.8/site-packages/airflow/example_dags/example_branch_labels.py
[2024-04-29T17:37:47.979+0000] {processor.py:840} INFO - DAG(s) 'example_branch_labels' retrieved from /home/airflow/.local/lib/python3.8/site-packages/airflow/example_dags/example_branch_labels.py
[2024-04-29T17:37:48.005+0000] {logging_mixin.py:188} INFO - [2024-04-29T17:37:48.005+0000] {dag.py:3047} INFO - Sync 1 DAGs
[2024-04-29T17:37:48.033+0000] {logging_mixin.py:188} INFO - [2024-04-29T17:37:48.032+0000] {dag.py:3834} INFO - Setting next_dagrun for example_branch_labels to 2024-04-28 00:00:00+00:00, run_after=2024-04-29 00:00:00+00:00
[2024-04-29T17:37:48.058+0000] {processor.py:183} INFO - Processing /home/airflow/.local/lib/python3.8/site-packages/airflow/example_dags/example_branch_labels.py took 0.093 seconds
[2024-04-29T17:38:18.095+0000] {processor.py:161} INFO - Started process (PID=4422) to work on /home/airflow/.local/lib/python3.8/site-packages/airflow/example_dags/example_branch_labels.py
[2024-04-29T17:38:18.096+0000] {processor.py:830} INFO - Processing file /home/airflow/.local/lib/python3.8/site-packages/airflow/example_dags/example_branch_labels.py for tasks to queue
[2024-04-29T17:38:18.097+0000] {logging_mixin.py:188} INFO - [2024-04-29T17:38:18.097+0000] {dagbag.py:540} INFO - Filling up the DagBag from /home/airflow/.local/lib/python3.8/site-packages/airflow/example_dags/example_branch_labels.py
[2024-04-29T17:38:18.106+0000] {processor.py:840} INFO - DAG(s) 'example_branch_labels' retrieved from /home/airflow/.local/lib/python3.8/site-packages/airflow/example_dags/example_branch_labels.py
[2024-04-29T17:38:18.132+0000] {logging_mixin.py:188} INFO - [2024-04-29T17:38:18.132+0000] {dag.py:3047} INFO - Sync 1 DAGs
[2024-04-29T17:38:18.158+0000] {logging_mixin.py:188} INFO - [2024-04-29T17:38:18.158+0000] {dag.py:3834} INFO - Setting next_dagrun for example_branch_labels to 2024-04-28 00:00:00+00:00, run_after=2024-04-29 00:00:00+00:00
[2024-04-29T17:38:18.182+0000] {processor.py:183} INFO - Processing /home/airflow/.local/lib/python3.8/site-packages/airflow/example_dags/example_branch_labels.py took 0.091 seconds
[2024-04-29T17:38:48.250+0000] {processor.py:161} INFO - Started process (PID=4669) to work on /home/airflow/.local/lib/python3.8/site-packages/airflow/example_dags/example_branch_labels.py
[2024-04-29T17:38:48.251+0000] {processor.py:830} INFO - Processing file /home/airflow/.local/lib/python3.8/site-packages/airflow/example_dags/example_branch_labels.py for tasks to queue
[2024-04-29T17:38:48.253+0000] {logging_mixin.py:188} INFO - [2024-04-29T17:38:48.253+0000] {dagbag.py:540} INFO - Filling up the DagBag from /home/airflow/.local/lib/python3.8/site-packages/airflow/example_dags/example_branch_labels.py
[2024-04-29T17:38:48.263+0000] {processor.py:840} INFO - DAG(s) 'example_branch_labels' retrieved from /home/airflow/.local/lib/python3.8/site-packages/airflow/example_dags/example_branch_labels.py
[2024-04-29T17:38:48.288+0000] {logging_mixin.py:188} INFO - [2024-04-29T17:38:48.288+0000] {dag.py:3047} INFO - Sync 1 DAGs
[2024-04-29T17:38:48.323+0000] {logging_mixin.py:188} INFO - [2024-04-29T17:38:48.323+0000] {dag.py:3834} INFO - Setting next_dagrun for example_branch_labels to 2024-04-28 00:00:00+00:00, run_after=2024-04-29 00:00:00+00:00
[2024-04-29T17:38:48.347+0000] {processor.py:183} INFO - Processing /home/airflow/.local/lib/python3.8/site-packages/airflow/example_dags/example_branch_labels.py took 0.100 seconds
[2024-04-29T17:39:18.963+0000] {processor.py:161} INFO - Started process (PID=4916) to work on /home/airflow/.local/lib/python3.8/site-packages/airflow/example_dags/example_branch_labels.py
[2024-04-29T17:39:18.965+0000] {processor.py:830} INFO - Processing file /home/airflow/.local/lib/python3.8/site-packages/airflow/example_dags/example_branch_labels.py for tasks to queue
[2024-04-29T17:39:18.967+0000] {logging_mixin.py:188} INFO - [2024-04-29T17:39:18.966+0000] {dagbag.py:540} INFO - Filling up the DagBag from /home/airflow/.local/lib/python3.8/site-packages/airflow/example_dags/example_branch_labels.py
[2024-04-29T17:39:18.976+0000] {processor.py:840} INFO - DAG(s) 'example_branch_labels' retrieved from /home/airflow/.local/lib/python3.8/site-packages/airflow/example_dags/example_branch_labels.py
[2024-04-29T17:39:19.005+0000] {logging_mixin.py:188} INFO - [2024-04-29T17:39:19.004+0000] {dag.py:3047} INFO - Sync 1 DAGs
[2024-04-29T17:39:19.043+0000] {logging_mixin.py:188} INFO - [2024-04-29T17:39:19.043+0000] {dag.py:3834} INFO - Setting next_dagrun for example_branch_labels to 2024-04-28 00:00:00+00:00, run_after=2024-04-29 00:00:00+00:00
[2024-04-29T17:39:19.095+0000] {processor.py:183} INFO - Processing /home/airflow/.local/lib/python3.8/site-packages/airflow/example_dags/example_branch_labels.py took 0.136 seconds
[2024-04-29T17:39:49.681+0000] {processor.py:161} INFO - Started process (PID=5162) to work on /home/airflow/.local/lib/python3.8/site-packages/airflow/example_dags/example_branch_labels.py
[2024-04-29T17:39:49.681+0000] {processor.py:830} INFO - Processing file /home/airflow/.local/lib/python3.8/site-packages/airflow/example_dags/example_branch_labels.py for tasks to queue
[2024-04-29T17:39:49.682+0000] {logging_mixin.py:188} INFO - [2024-04-29T17:39:49.682+0000] {dagbag.py:540} INFO - Filling up the DagBag from /home/airflow/.local/lib/python3.8/site-packages/airflow/example_dags/example_branch_labels.py
[2024-04-29T17:39:49.720+0000] {processor.py:840} INFO - DAG(s) 'example_branch_labels' retrieved from /home/airflow/.local/lib/python3.8/site-packages/airflow/example_dags/example_branch_labels.py
[2024-04-29T17:39:49.772+0000] {logging_mixin.py:188} INFO - [2024-04-29T17:39:49.772+0000] {dag.py:3047} INFO - Sync 1 DAGs
[2024-04-29T17:39:49.816+0000] {logging_mixin.py:188} INFO - [2024-04-29T17:39:49.815+0000] {dag.py:3834} INFO - Setting next_dagrun for example_branch_labels to 2024-04-28 00:00:00+00:00, run_after=2024-04-29 00:00:00+00:00
[2024-04-29T17:39:49.853+0000] {processor.py:183} INFO - Processing /home/airflow/.local/lib/python3.8/site-packages/airflow/example_dags/example_branch_labels.py took 0.176 seconds
[2024-04-29T17:40:20.162+0000] {processor.py:161} INFO - Started process (PID=5409) to work on /home/airflow/.local/lib/python3.8/site-packages/airflow/example_dags/example_branch_labels.py
[2024-04-29T17:40:20.163+0000] {processor.py:830} INFO - Processing file /home/airflow/.local/lib/python3.8/site-packages/airflow/example_dags/example_branch_labels.py for tasks to queue
[2024-04-29T17:40:20.165+0000] {logging_mixin.py:188} INFO - [2024-04-29T17:40:20.164+0000] {dagbag.py:540} INFO - Filling up the DagBag from /home/airflow/.local/lib/python3.8/site-packages/airflow/example_dags/example_branch_labels.py
[2024-04-29T17:40:20.174+0000] {processor.py:840} INFO - DAG(s) 'example_branch_labels' retrieved from /home/airflow/.local/lib/python3.8/site-packages/airflow/example_dags/example_branch_labels.py
[2024-04-29T17:40:20.198+0000] {logging_mixin.py:188} INFO - [2024-04-29T17:40:20.198+0000] {dag.py:3047} INFO - Sync 1 DAGs
[2024-04-29T17:40:20.228+0000] {logging_mixin.py:188} INFO - [2024-04-29T17:40:20.228+0000] {dag.py:3834} INFO - Setting next_dagrun for example_branch_labels to 2024-04-28 00:00:00+00:00, run_after=2024-04-29 00:00:00+00:00
[2024-04-29T17:40:20.268+0000] {processor.py:183} INFO - Processing /home/airflow/.local/lib/python3.8/site-packages/airflow/example_dags/example_branch_labels.py took 0.109 seconds
[2024-04-29T17:40:50.459+0000] {processor.py:161} INFO - Started process (PID=5656) to work on /home/airflow/.local/lib/python3.8/site-packages/airflow/example_dags/example_branch_labels.py
[2024-04-29T17:40:50.460+0000] {processor.py:830} INFO - Processing file /home/airflow/.local/lib/python3.8/site-packages/airflow/example_dags/example_branch_labels.py for tasks to queue
[2024-04-29T17:40:50.461+0000] {logging_mixin.py:188} INFO - [2024-04-29T17:40:50.461+0000] {dagbag.py:540} INFO - Filling up the DagBag from /home/airflow/.local/lib/python3.8/site-packages/airflow/example_dags/example_branch_labels.py
[2024-04-29T17:40:50.471+0000] {processor.py:840} INFO - DAG(s) 'example_branch_labels' retrieved from /home/airflow/.local/lib/python3.8/site-packages/airflow/example_dags/example_branch_labels.py
[2024-04-29T17:40:50.497+0000] {logging_mixin.py:188} INFO - [2024-04-29T17:40:50.497+0000] {dag.py:3047} INFO - Sync 1 DAGs
[2024-04-29T17:40:50.528+0000] {logging_mixin.py:188} INFO - [2024-04-29T17:40:50.528+0000] {dag.py:3834} INFO - Setting next_dagrun for example_branch_labels to 2024-04-28 00:00:00+00:00, run_after=2024-04-29 00:00:00+00:00
[2024-04-29T17:40:50.585+0000] {processor.py:183} INFO - Processing /home/airflow/.local/lib/python3.8/site-packages/airflow/example_dags/example_branch_labels.py took 0.130 seconds
[2024-04-29T17:41:20.826+0000] {processor.py:161} INFO - Started process (PID=5903) to work on /home/airflow/.local/lib/python3.8/site-packages/airflow/example_dags/example_branch_labels.py
[2024-04-29T17:41:20.827+0000] {processor.py:830} INFO - Processing file /home/airflow/.local/lib/python3.8/site-packages/airflow/example_dags/example_branch_labels.py for tasks to queue
[2024-04-29T17:41:20.829+0000] {logging_mixin.py:188} INFO - [2024-04-29T17:41:20.828+0000] {dagbag.py:540} INFO - Filling up the DagBag from /home/airflow/.local/lib/python3.8/site-packages/airflow/example_dags/example_branch_labels.py
[2024-04-29T17:41:20.838+0000] {processor.py:840} INFO - DAG(s) 'example_branch_labels' retrieved from /home/airflow/.local/lib/python3.8/site-packages/airflow/example_dags/example_branch_labels.py
[2024-04-29T17:41:20.863+0000] {logging_mixin.py:188} INFO - [2024-04-29T17:41:20.862+0000] {dag.py:3047} INFO - Sync 1 DAGs
[2024-04-29T17:41:20.890+0000] {logging_mixin.py:188} INFO - [2024-04-29T17:41:20.890+0000] {dag.py:3834} INFO - Setting next_dagrun for example_branch_labels to 2024-04-28 00:00:00+00:00, run_after=2024-04-29 00:00:00+00:00
[2024-04-29T17:41:20.911+0000] {processor.py:183} INFO - Processing /home/airflow/.local/lib/python3.8/site-packages/airflow/example_dags/example_branch_labels.py took 0.088 seconds
[2024-04-29T17:41:51.064+0000] {processor.py:161} INFO - Started process (PID=6150) to work on /home/airflow/.local/lib/python3.8/site-packages/airflow/example_dags/example_branch_labels.py
[2024-04-29T17:41:51.065+0000] {processor.py:830} INFO - Processing file /home/airflow/.local/lib/python3.8/site-packages/airflow/example_dags/example_branch_labels.py for tasks to queue
[2024-04-29T17:41:51.065+0000] {logging_mixin.py:188} INFO - [2024-04-29T17:41:51.065+0000] {dagbag.py:540} INFO - Filling up the DagBag from /home/airflow/.local/lib/python3.8/site-packages/airflow/example_dags/example_branch_labels.py
[2024-04-29T17:41:51.075+0000] {processor.py:840} INFO - DAG(s) 'example_branch_labels' retrieved from /home/airflow/.local/lib/python3.8/site-packages/airflow/example_dags/example_branch_labels.py
[2024-04-29T17:41:51.100+0000] {logging_mixin.py:188} INFO - [2024-04-29T17:41:51.099+0000] {dag.py:3047} INFO - Sync 1 DAGs
[2024-04-29T17:41:51.134+0000] {logging_mixin.py:188} INFO - [2024-04-29T17:41:51.133+0000] {dag.py:3834} INFO - Setting next_dagrun for example_branch_labels to 2024-04-28 00:00:00+00:00, run_after=2024-04-29 00:00:00+00:00
[2024-04-29T17:41:51.155+0000] {processor.py:183} INFO - Processing /home/airflow/.local/lib/python3.8/site-packages/airflow/example_dags/example_branch_labels.py took 0.095 seconds
[2024-04-29T17:42:21.339+0000] {processor.py:161} INFO - Started process (PID=6397) to work on /home/airflow/.local/lib/python3.8/site-packages/airflow/example_dags/example_branch_labels.py
[2024-04-29T17:42:21.340+0000] {processor.py:830} INFO - Processing file /home/airflow/.local/lib/python3.8/site-packages/airflow/example_dags/example_branch_labels.py for tasks to queue
[2024-04-29T17:42:21.342+0000] {logging_mixin.py:188} INFO - [2024-04-29T17:42:21.341+0000] {dagbag.py:540} INFO - Filling up the DagBag from /home/airflow/.local/lib/python3.8/site-packages/airflow/example_dags/example_branch_labels.py
[2024-04-29T17:42:21.351+0000] {processor.py:840} INFO - DAG(s) 'example_branch_labels' retrieved from /home/airflow/.local/lib/python3.8/site-packages/airflow/example_dags/example_branch_labels.py
[2024-04-29T17:42:21.376+0000] {logging_mixin.py:188} INFO - [2024-04-29T17:42:21.375+0000] {dag.py:3047} INFO - Sync 1 DAGs
[2024-04-29T17:42:21.408+0000] {logging_mixin.py:188} INFO - [2024-04-29T17:42:21.408+0000] {dag.py:3834} INFO - Setting next_dagrun for example_branch_labels to 2024-04-28 00:00:00+00:00, run_after=2024-04-29 00:00:00+00:00
[2024-04-29T17:42:21.449+0000] {processor.py:183} INFO - Processing /home/airflow/.local/lib/python3.8/site-packages/airflow/example_dags/example_branch_labels.py took 0.113 seconds
[2024-04-29T17:42:51.808+0000] {processor.py:161} INFO - Started process (PID=6644) to work on /home/airflow/.local/lib/python3.8/site-packages/airflow/example_dags/example_branch_labels.py
[2024-04-29T17:42:51.809+0000] {processor.py:830} INFO - Processing file /home/airflow/.local/lib/python3.8/site-packages/airflow/example_dags/example_branch_labels.py for tasks to queue
[2024-04-29T17:42:51.809+0000] {logging_mixin.py:188} INFO - [2024-04-29T17:42:51.809+0000] {dagbag.py:540} INFO - Filling up the DagBag from /home/airflow/.local/lib/python3.8/site-packages/airflow/example_dags/example_branch_labels.py
[2024-04-29T17:42:51.819+0000] {processor.py:840} INFO - DAG(s) 'example_branch_labels' retrieved from /home/airflow/.local/lib/python3.8/site-packages/airflow/example_dags/example_branch_labels.py
[2024-04-29T17:42:51.844+0000] {logging_mixin.py:188} INFO - [2024-04-29T17:42:51.843+0000] {dag.py:3047} INFO - Sync 1 DAGs
[2024-04-29T17:42:51.875+0000] {logging_mixin.py:188} INFO - [2024-04-29T17:42:51.875+0000] {dag.py:3834} INFO - Setting next_dagrun for example_branch_labels to 2024-04-28 00:00:00+00:00, run_after=2024-04-29 00:00:00+00:00
[2024-04-29T17:42:51.898+0000] {processor.py:183} INFO - Processing /home/airflow/.local/lib/python3.8/site-packages/airflow/example_dags/example_branch_labels.py took 0.095 seconds
[2024-04-29T17:43:21.976+0000] {processor.py:161} INFO - Started process (PID=6891) to work on /home/airflow/.local/lib/python3.8/site-packages/airflow/example_dags/example_branch_labels.py
[2024-04-29T17:43:21.977+0000] {processor.py:830} INFO - Processing file /home/airflow/.local/lib/python3.8/site-packages/airflow/example_dags/example_branch_labels.py for tasks to queue
[2024-04-29T17:43:21.978+0000] {logging_mixin.py:188} INFO - [2024-04-29T17:43:21.978+0000] {dagbag.py:540} INFO - Filling up the DagBag from /home/airflow/.local/lib/python3.8/site-packages/airflow/example_dags/example_branch_labels.py
[2024-04-29T17:43:21.987+0000] {processor.py:840} INFO - DAG(s) 'example_branch_labels' retrieved from /home/airflow/.local/lib/python3.8/site-packages/airflow/example_dags/example_branch_labels.py
[2024-04-29T17:43:22.015+0000] {logging_mixin.py:188} INFO - [2024-04-29T17:43:22.015+0000] {dag.py:3047} INFO - Sync 1 DAGs
[2024-04-29T17:43:22.042+0000] {logging_mixin.py:188} INFO - [2024-04-29T17:43:22.042+0000] {dag.py:3834} INFO - Setting next_dagrun for example_branch_labels to 2024-04-28 00:00:00+00:00, run_after=2024-04-29 00:00:00+00:00
[2024-04-29T17:43:22.111+0000] {processor.py:183} INFO - Processing /home/airflow/.local/lib/python3.8/site-packages/airflow/example_dags/example_branch_labels.py took 0.138 seconds
[2024-04-29T17:43:52.286+0000] {processor.py:161} INFO - Started process (PID=7140) to work on /home/airflow/.local/lib/python3.8/site-packages/airflow/example_dags/example_branch_labels.py
[2024-04-29T17:43:52.287+0000] {processor.py:830} INFO - Processing file /home/airflow/.local/lib/python3.8/site-packages/airflow/example_dags/example_branch_labels.py for tasks to queue
[2024-04-29T17:43:52.288+0000] {logging_mixin.py:188} INFO - [2024-04-29T17:43:52.288+0000] {dagbag.py:540} INFO - Filling up the DagBag from /home/airflow/.local/lib/python3.8/site-packages/airflow/example_dags/example_branch_labels.py
[2024-04-29T17:43:52.298+0000] {processor.py:840} INFO - DAG(s) 'example_branch_labels' retrieved from /home/airflow/.local/lib/python3.8/site-packages/airflow/example_dags/example_branch_labels.py
[2024-04-29T17:43:52.324+0000] {logging_mixin.py:188} INFO - [2024-04-29T17:43:52.324+0000] {dag.py:3047} INFO - Sync 1 DAGs
[2024-04-29T17:43:52.351+0000] {logging_mixin.py:188} INFO - [2024-04-29T17:43:52.351+0000] {dag.py:3834} INFO - Setting next_dagrun for example_branch_labels to 2024-04-28 00:00:00+00:00, run_after=2024-04-29 00:00:00+00:00
[2024-04-29T17:43:52.371+0000] {processor.py:183} INFO - Processing /home/airflow/.local/lib/python3.8/site-packages/airflow/example_dags/example_branch_labels.py took 0.088 seconds
[2024-04-29T17:44:22.636+0000] {processor.py:161} INFO - Started process (PID=7383) to work on /home/airflow/.local/lib/python3.8/site-packages/airflow/example_dags/example_branch_labels.py
[2024-04-29T17:44:22.637+0000] {processor.py:830} INFO - Processing file /home/airflow/.local/lib/python3.8/site-packages/airflow/example_dags/example_branch_labels.py for tasks to queue
[2024-04-29T17:44:22.638+0000] {logging_mixin.py:188} INFO - [2024-04-29T17:44:22.638+0000] {dagbag.py:540} INFO - Filling up the DagBag from /home/airflow/.local/lib/python3.8/site-packages/airflow/example_dags/example_branch_labels.py
[2024-04-29T17:44:22.656+0000] {processor.py:840} INFO - DAG(s) 'example_branch_labels' retrieved from /home/airflow/.local/lib/python3.8/site-packages/airflow/example_dags/example_branch_labels.py
[2024-04-29T17:44:22.728+0000] {logging_mixin.py:188} INFO - [2024-04-29T17:44:22.728+0000] {dag.py:3047} INFO - Sync 1 DAGs
[2024-04-29T17:44:22.777+0000] {logging_mixin.py:188} INFO - [2024-04-29T17:44:22.776+0000] {dag.py:3834} INFO - Setting next_dagrun for example_branch_labels to 2024-04-28 00:00:00+00:00, run_after=2024-04-29 00:00:00+00:00
[2024-04-29T17:44:22.801+0000] {processor.py:183} INFO - Processing /home/airflow/.local/lib/python3.8/site-packages/airflow/example_dags/example_branch_labels.py took 0.169 seconds
[2024-04-29T17:44:53.203+0000] {processor.py:161} INFO - Started process (PID=7632) to work on /home/airflow/.local/lib/python3.8/site-packages/airflow/example_dags/example_branch_labels.py
[2024-04-29T17:44:53.204+0000] {processor.py:830} INFO - Processing file /home/airflow/.local/lib/python3.8/site-packages/airflow/example_dags/example_branch_labels.py for tasks to queue
[2024-04-29T17:44:53.205+0000] {logging_mixin.py:188} INFO - [2024-04-29T17:44:53.204+0000] {dagbag.py:540} INFO - Filling up the DagBag from /home/airflow/.local/lib/python3.8/site-packages/airflow/example_dags/example_branch_labels.py
[2024-04-29T17:44:53.214+0000] {processor.py:840} INFO - DAG(s) 'example_branch_labels' retrieved from /home/airflow/.local/lib/python3.8/site-packages/airflow/example_dags/example_branch_labels.py
[2024-04-29T17:44:53.242+0000] {logging_mixin.py:188} INFO - [2024-04-29T17:44:53.242+0000] {dag.py:3047} INFO - Sync 1 DAGs
[2024-04-29T17:44:53.273+0000] {logging_mixin.py:188} INFO - [2024-04-29T17:44:53.272+0000] {dag.py:3834} INFO - Setting next_dagrun for example_branch_labels to 2024-04-28 00:00:00+00:00, run_after=2024-04-29 00:00:00+00:00
[2024-04-29T17:44:53.297+0000] {processor.py:183} INFO - Processing /home/airflow/.local/lib/python3.8/site-packages/airflow/example_dags/example_branch_labels.py took 0.098 seconds
[2024-04-29T17:45:23.612+0000] {processor.py:161} INFO - Started process (PID=7880) to work on /home/airflow/.local/lib/python3.8/site-packages/airflow/example_dags/example_branch_labels.py
[2024-04-29T17:45:23.613+0000] {processor.py:830} INFO - Processing file /home/airflow/.local/lib/python3.8/site-packages/airflow/example_dags/example_branch_labels.py for tasks to queue
[2024-04-29T17:45:23.614+0000] {logging_mixin.py:188} INFO - [2024-04-29T17:45:23.614+0000] {dagbag.py:540} INFO - Filling up the DagBag from /home/airflow/.local/lib/python3.8/site-packages/airflow/example_dags/example_branch_labels.py
[2024-04-29T17:45:23.623+0000] {processor.py:840} INFO - DAG(s) 'example_branch_labels' retrieved from /home/airflow/.local/lib/python3.8/site-packages/airflow/example_dags/example_branch_labels.py
[2024-04-29T17:45:23.647+0000] {logging_mixin.py:188} INFO - [2024-04-29T17:45:23.647+0000] {dag.py:3047} INFO - Sync 1 DAGs
[2024-04-29T17:45:23.676+0000] {logging_mixin.py:188} INFO - [2024-04-29T17:45:23.675+0000] {dag.py:3834} INFO - Setting next_dagrun for example_branch_labels to 2024-04-28 00:00:00+00:00, run_after=2024-04-29 00:00:00+00:00
[2024-04-29T17:45:23.698+0000] {processor.py:183} INFO - Processing /home/airflow/.local/lib/python3.8/site-packages/airflow/example_dags/example_branch_labels.py took 0.089 seconds
[2024-04-29T17:45:53.987+0000] {processor.py:161} INFO - Started process (PID=8128) to work on /home/airflow/.local/lib/python3.8/site-packages/airflow/example_dags/example_branch_labels.py
[2024-04-29T17:45:53.988+0000] {processor.py:830} INFO - Processing file /home/airflow/.local/lib/python3.8/site-packages/airflow/example_dags/example_branch_labels.py for tasks to queue
[2024-04-29T17:45:53.989+0000] {logging_mixin.py:188} INFO - [2024-04-29T17:45:53.989+0000] {dagbag.py:540} INFO - Filling up the DagBag from /home/airflow/.local/lib/python3.8/site-packages/airflow/example_dags/example_branch_labels.py
[2024-04-29T17:45:53.998+0000] {processor.py:840} INFO - DAG(s) 'example_branch_labels' retrieved from /home/airflow/.local/lib/python3.8/site-packages/airflow/example_dags/example_branch_labels.py
[2024-04-29T17:45:54.024+0000] {logging_mixin.py:188} INFO - [2024-04-29T17:45:54.024+0000] {dag.py:3047} INFO - Sync 1 DAGs
[2024-04-29T17:45:54.052+0000] {logging_mixin.py:188} INFO - [2024-04-29T17:45:54.052+0000] {dag.py:3834} INFO - Setting next_dagrun for example_branch_labels to 2024-04-28 00:00:00+00:00, run_after=2024-04-29 00:00:00+00:00
[2024-04-29T17:45:54.074+0000] {processor.py:183} INFO - Processing /home/airflow/.local/lib/python3.8/site-packages/airflow/example_dags/example_branch_labels.py took 0.090 seconds
[2024-04-29T17:46:24.165+0000] {processor.py:161} INFO - Started process (PID=8376) to work on /home/airflow/.local/lib/python3.8/site-packages/airflow/example_dags/example_branch_labels.py
[2024-04-29T17:46:24.166+0000] {processor.py:830} INFO - Processing file /home/airflow/.local/lib/python3.8/site-packages/airflow/example_dags/example_branch_labels.py for tasks to queue
[2024-04-29T17:46:24.167+0000] {logging_mixin.py:188} INFO - [2024-04-29T17:46:24.167+0000] {dagbag.py:540} INFO - Filling up the DagBag from /home/airflow/.local/lib/python3.8/site-packages/airflow/example_dags/example_branch_labels.py
[2024-04-29T17:46:24.176+0000] {processor.py:840} INFO - DAG(s) 'example_branch_labels' retrieved from /home/airflow/.local/lib/python3.8/site-packages/airflow/example_dags/example_branch_labels.py
[2024-04-29T17:46:24.202+0000] {logging_mixin.py:188} INFO - [2024-04-29T17:46:24.202+0000] {dag.py:3047} INFO - Sync 1 DAGs
[2024-04-29T17:46:24.232+0000] {logging_mixin.py:188} INFO - [2024-04-29T17:46:24.232+0000] {dag.py:3834} INFO - Setting next_dagrun for example_branch_labels to 2024-04-28 00:00:00+00:00, run_after=2024-04-29 00:00:00+00:00
[2024-04-29T17:46:24.256+0000] {processor.py:183} INFO - Processing /home/airflow/.local/lib/python3.8/site-packages/airflow/example_dags/example_branch_labels.py took 0.095 seconds
[2024-04-29T17:46:54.622+0000] {processor.py:161} INFO - Started process (PID=8623) to work on /home/airflow/.local/lib/python3.8/site-packages/airflow/example_dags/example_branch_labels.py
[2024-04-29T17:46:54.623+0000] {processor.py:830} INFO - Processing file /home/airflow/.local/lib/python3.8/site-packages/airflow/example_dags/example_branch_labels.py for tasks to queue
[2024-04-29T17:46:54.625+0000] {logging_mixin.py:188} INFO - [2024-04-29T17:46:54.624+0000] {dagbag.py:540} INFO - Filling up the DagBag from /home/airflow/.local/lib/python3.8/site-packages/airflow/example_dags/example_branch_labels.py
[2024-04-29T17:46:54.635+0000] {processor.py:840} INFO - DAG(s) 'example_branch_labels' retrieved from /home/airflow/.local/lib/python3.8/site-packages/airflow/example_dags/example_branch_labels.py
[2024-04-29T17:46:54.660+0000] {logging_mixin.py:188} INFO - [2024-04-29T17:46:54.660+0000] {dag.py:3047} INFO - Sync 1 DAGs
[2024-04-29T17:46:54.687+0000] {logging_mixin.py:188} INFO - [2024-04-29T17:46:54.687+0000] {dag.py:3834} INFO - Setting next_dagrun for example_branch_labels to 2024-04-28 00:00:00+00:00, run_after=2024-04-29 00:00:00+00:00
[2024-04-29T17:46:54.712+0000] {processor.py:183} INFO - Processing /home/airflow/.local/lib/python3.8/site-packages/airflow/example_dags/example_branch_labels.py took 0.094 seconds
[2024-04-29T17:47:25.305+0000] {processor.py:161} INFO - Started process (PID=8871) to work on /home/airflow/.local/lib/python3.8/site-packages/airflow/example_dags/example_branch_labels.py
[2024-04-29T17:47:25.306+0000] {processor.py:830} INFO - Processing file /home/airflow/.local/lib/python3.8/site-packages/airflow/example_dags/example_branch_labels.py for tasks to queue
[2024-04-29T17:47:25.307+0000] {logging_mixin.py:188} INFO - [2024-04-29T17:47:25.306+0000] {dagbag.py:540} INFO - Filling up the DagBag from /home/airflow/.local/lib/python3.8/site-packages/airflow/example_dags/example_branch_labels.py
[2024-04-29T17:47:25.316+0000] {processor.py:840} INFO - DAG(s) 'example_branch_labels' retrieved from /home/airflow/.local/lib/python3.8/site-packages/airflow/example_dags/example_branch_labels.py
[2024-04-29T17:47:25.340+0000] {logging_mixin.py:188} INFO - [2024-04-29T17:47:25.340+0000] {dag.py:3047} INFO - Sync 1 DAGs
[2024-04-29T17:47:25.366+0000] {logging_mixin.py:188} INFO - [2024-04-29T17:47:25.366+0000] {dag.py:3834} INFO - Setting next_dagrun for example_branch_labels to 2024-04-28 00:00:00+00:00, run_after=2024-04-29 00:00:00+00:00
[2024-04-29T17:47:25.389+0000] {processor.py:183} INFO - Processing /home/airflow/.local/lib/python3.8/site-packages/airflow/example_dags/example_branch_labels.py took 0.088 seconds
[2024-04-29T17:47:55.424+0000] {processor.py:161} INFO - Started process (PID=9116) to work on /home/airflow/.local/lib/python3.8/site-packages/airflow/example_dags/example_branch_labels.py
[2024-04-29T17:47:55.424+0000] {processor.py:830} INFO - Processing file /home/airflow/.local/lib/python3.8/site-packages/airflow/example_dags/example_branch_labels.py for tasks to queue
[2024-04-29T17:47:55.425+0000] {logging_mixin.py:188} INFO - [2024-04-29T17:47:55.425+0000] {dagbag.py:540} INFO - Filling up the DagBag from /home/airflow/.local/lib/python3.8/site-packages/airflow/example_dags/example_branch_labels.py
[2024-04-29T17:47:55.431+0000] {processor.py:840} INFO - DAG(s) 'example_branch_labels' retrieved from /home/airflow/.local/lib/python3.8/site-packages/airflow/example_dags/example_branch_labels.py
[2024-04-29T17:47:55.449+0000] {logging_mixin.py:188} INFO - [2024-04-29T17:47:55.449+0000] {dag.py:3047} INFO - Sync 1 DAGs
[2024-04-29T17:47:55.469+0000] {logging_mixin.py:188} INFO - [2024-04-29T17:47:55.469+0000] {dag.py:3834} INFO - Setting next_dagrun for example_branch_labels to 2024-04-28 00:00:00+00:00, run_after=2024-04-29 00:00:00+00:00
[2024-04-29T17:47:55.490+0000] {processor.py:183} INFO - Processing /home/airflow/.local/lib/python3.8/site-packages/airflow/example_dags/example_branch_labels.py took 0.069 seconds
[2024-04-29T17:48:26.042+0000] {processor.py:161} INFO - Started process (PID=9365) to work on /home/airflow/.local/lib/python3.8/site-packages/airflow/example_dags/example_branch_labels.py
[2024-04-29T17:48:26.044+0000] {processor.py:830} INFO - Processing file /home/airflow/.local/lib/python3.8/site-packages/airflow/example_dags/example_branch_labels.py for tasks to queue
[2024-04-29T17:48:26.045+0000] {logging_mixin.py:188} INFO - [2024-04-29T17:48:26.045+0000] {dagbag.py:540} INFO - Filling up the DagBag from /home/airflow/.local/lib/python3.8/site-packages/airflow/example_dags/example_branch_labels.py
[2024-04-29T17:48:26.054+0000] {processor.py:840} INFO - DAG(s) 'example_branch_labels' retrieved from /home/airflow/.local/lib/python3.8/site-packages/airflow/example_dags/example_branch_labels.py
[2024-04-29T17:48:26.079+0000] {logging_mixin.py:188} INFO - [2024-04-29T17:48:26.078+0000] {dag.py:3047} INFO - Sync 1 DAGs
[2024-04-29T17:48:26.112+0000] {logging_mixin.py:188} INFO - [2024-04-29T17:48:26.112+0000] {dag.py:3834} INFO - Setting next_dagrun for example_branch_labels to 2024-04-28 00:00:00+00:00, run_after=2024-04-29 00:00:00+00:00
[2024-04-29T17:48:26.137+0000] {processor.py:183} INFO - Processing /home/airflow/.local/lib/python3.8/site-packages/airflow/example_dags/example_branch_labels.py took 0.098 seconds
[2024-04-29T17:48:56.250+0000] {processor.py:161} INFO - Started process (PID=9612) to work on /home/airflow/.local/lib/python3.8/site-packages/airflow/example_dags/example_branch_labels.py
[2024-04-29T17:48:56.254+0000] {processor.py:830} INFO - Processing file /home/airflow/.local/lib/python3.8/site-packages/airflow/example_dags/example_branch_labels.py for tasks to queue
[2024-04-29T17:48:56.255+0000] {logging_mixin.py:188} INFO - [2024-04-29T17:48:56.255+0000] {dagbag.py:540} INFO - Filling up the DagBag from /home/airflow/.local/lib/python3.8/site-packages/airflow/example_dags/example_branch_labels.py
[2024-04-29T17:48:56.273+0000] {processor.py:840} INFO - DAG(s) 'example_branch_labels' retrieved from /home/airflow/.local/lib/python3.8/site-packages/airflow/example_dags/example_branch_labels.py
[2024-04-29T17:48:56.333+0000] {logging_mixin.py:188} INFO - [2024-04-29T17:48:56.332+0000] {dag.py:3047} INFO - Sync 1 DAGs
[2024-04-29T17:48:56.389+0000] {logging_mixin.py:188} INFO - [2024-04-29T17:48:56.388+0000] {dag.py:3834} INFO - Setting next_dagrun for example_branch_labels to 2024-04-28 00:00:00+00:00, run_after=2024-04-29 00:00:00+00:00
[2024-04-29T17:48:56.459+0000] {processor.py:183} INFO - Processing /home/airflow/.local/lib/python3.8/site-packages/airflow/example_dags/example_branch_labels.py took 0.212 seconds
[2024-04-29T17:49:26.540+0000] {processor.py:161} INFO - Started process (PID=9860) to work on /home/airflow/.local/lib/python3.8/site-packages/airflow/example_dags/example_branch_labels.py
[2024-04-29T17:49:26.546+0000] {processor.py:830} INFO - Processing file /home/airflow/.local/lib/python3.8/site-packages/airflow/example_dags/example_branch_labels.py for tasks to queue
[2024-04-29T17:49:26.550+0000] {logging_mixin.py:188} INFO - [2024-04-29T17:49:26.549+0000] {dagbag.py:540} INFO - Filling up the DagBag from /home/airflow/.local/lib/python3.8/site-packages/airflow/example_dags/example_branch_labels.py
[2024-04-29T17:49:26.568+0000] {processor.py:840} INFO - DAG(s) 'example_branch_labels' retrieved from /home/airflow/.local/lib/python3.8/site-packages/airflow/example_dags/example_branch_labels.py
[2024-04-29T17:49:26.593+0000] {logging_mixin.py:188} INFO - [2024-04-29T17:49:26.592+0000] {dag.py:3047} INFO - Sync 1 DAGs
[2024-04-29T17:49:26.621+0000] {logging_mixin.py:188} INFO - [2024-04-29T17:49:26.620+0000] {dag.py:3834} INFO - Setting next_dagrun for example_branch_labels to 2024-04-28 00:00:00+00:00, run_after=2024-04-29 00:00:00+00:00
[2024-04-29T17:49:26.644+0000] {processor.py:183} INFO - Processing /home/airflow/.local/lib/python3.8/site-packages/airflow/example_dags/example_branch_labels.py took 0.107 seconds
[2024-04-29T17:49:57.052+0000] {processor.py:161} INFO - Started process (PID=10110) to work on /home/airflow/.local/lib/python3.8/site-packages/airflow/example_dags/example_branch_labels.py
[2024-04-29T17:49:57.054+0000] {processor.py:830} INFO - Processing file /home/airflow/.local/lib/python3.8/site-packages/airflow/example_dags/example_branch_labels.py for tasks to queue
[2024-04-29T17:49:57.055+0000] {logging_mixin.py:188} INFO - [2024-04-29T17:49:57.055+0000] {dagbag.py:540} INFO - Filling up the DagBag from /home/airflow/.local/lib/python3.8/site-packages/airflow/example_dags/example_branch_labels.py
[2024-04-29T17:49:57.064+0000] {processor.py:840} INFO - DAG(s) 'example_branch_labels' retrieved from /home/airflow/.local/lib/python3.8/site-packages/airflow/example_dags/example_branch_labels.py
[2024-04-29T17:49:57.088+0000] {logging_mixin.py:188} INFO - [2024-04-29T17:49:57.088+0000] {dag.py:3047} INFO - Sync 1 DAGs
[2024-04-29T17:49:57.114+0000] {logging_mixin.py:188} INFO - [2024-04-29T17:49:57.114+0000] {dag.py:3834} INFO - Setting next_dagrun for example_branch_labels to 2024-04-28 00:00:00+00:00, run_after=2024-04-29 00:00:00+00:00
[2024-04-29T17:49:57.143+0000] {processor.py:183} INFO - Processing /home/airflow/.local/lib/python3.8/site-packages/airflow/example_dags/example_branch_labels.py took 0.094 seconds
[2024-04-29T17:50:27.233+0000] {processor.py:161} INFO - Started process (PID=10397) to work on /home/airflow/.local/lib/python3.8/site-packages/airflow/example_dags/example_branch_labels.py
[2024-04-29T17:50:27.234+0000] {processor.py:830} INFO - Processing file /home/airflow/.local/lib/python3.8/site-packages/airflow/example_dags/example_branch_labels.py for tasks to queue
[2024-04-29T17:50:27.235+0000] {logging_mixin.py:188} INFO - [2024-04-29T17:50:27.235+0000] {dagbag.py:540} INFO - Filling up the DagBag from /home/airflow/.local/lib/python3.8/site-packages/airflow/example_dags/example_branch_labels.py
[2024-04-29T17:50:27.244+0000] {processor.py:840} INFO - DAG(s) 'example_branch_labels' retrieved from /home/airflow/.local/lib/python3.8/site-packages/airflow/example_dags/example_branch_labels.py
[2024-04-29T17:50:27.268+0000] {logging_mixin.py:188} INFO - [2024-04-29T17:50:27.268+0000] {dag.py:3047} INFO - Sync 1 DAGs
[2024-04-29T17:50:27.297+0000] {logging_mixin.py:188} INFO - [2024-04-29T17:50:27.297+0000] {dag.py:3834} INFO - Setting next_dagrun for example_branch_labels to 2024-04-28 00:00:00+00:00, run_after=2024-04-29 00:00:00+00:00
[2024-04-29T17:50:27.323+0000] {processor.py:183} INFO - Processing /home/airflow/.local/lib/python3.8/site-packages/airflow/example_dags/example_branch_labels.py took 0.093 seconds
[2024-04-29T17:50:58.206+0000] {processor.py:161} INFO - Started process (PID=10684) to work on /home/airflow/.local/lib/python3.8/site-packages/airflow/example_dags/example_branch_labels.py
[2024-04-29T17:50:58.208+0000] {processor.py:830} INFO - Processing file /home/airflow/.local/lib/python3.8/site-packages/airflow/example_dags/example_branch_labels.py for tasks to queue
[2024-04-29T17:50:58.209+0000] {logging_mixin.py:188} INFO - [2024-04-29T17:50:58.209+0000] {dagbag.py:540} INFO - Filling up the DagBag from /home/airflow/.local/lib/python3.8/site-packages/airflow/example_dags/example_branch_labels.py
[2024-04-29T17:50:58.219+0000] {processor.py:840} INFO - DAG(s) 'example_branch_labels' retrieved from /home/airflow/.local/lib/python3.8/site-packages/airflow/example_dags/example_branch_labels.py
[2024-04-29T17:50:58.244+0000] {logging_mixin.py:188} INFO - [2024-04-29T17:50:58.244+0000] {dag.py:3047} INFO - Sync 1 DAGs
[2024-04-29T17:50:58.273+0000] {logging_mixin.py:188} INFO - [2024-04-29T17:50:58.272+0000] {dag.py:3834} INFO - Setting next_dagrun for example_branch_labels to 2024-04-28 00:00:00+00:00, run_after=2024-04-29 00:00:00+00:00
[2024-04-29T17:50:58.304+0000] {processor.py:183} INFO - Processing /home/airflow/.local/lib/python3.8/site-packages/airflow/example_dags/example_branch_labels.py took 0.102 seconds
[2024-04-29T17:51:28.846+0000] {processor.py:161} INFO - Started process (PID=10962) to work on /home/airflow/.local/lib/python3.8/site-packages/airflow/example_dags/example_branch_labels.py
[2024-04-29T17:51:28.847+0000] {processor.py:830} INFO - Processing file /home/airflow/.local/lib/python3.8/site-packages/airflow/example_dags/example_branch_labels.py for tasks to queue
[2024-04-29T17:51:28.848+0000] {logging_mixin.py:188} INFO - [2024-04-29T17:51:28.847+0000] {dagbag.py:540} INFO - Filling up the DagBag from /home/airflow/.local/lib/python3.8/site-packages/airflow/example_dags/example_branch_labels.py
[2024-04-29T17:51:28.857+0000] {processor.py:840} INFO - DAG(s) 'example_branch_labels' retrieved from /home/airflow/.local/lib/python3.8/site-packages/airflow/example_dags/example_branch_labels.py
[2024-04-29T17:51:28.880+0000] {logging_mixin.py:188} INFO - [2024-04-29T17:51:28.880+0000] {dag.py:3047} INFO - Sync 1 DAGs
[2024-04-29T17:51:28.909+0000] {logging_mixin.py:188} INFO - [2024-04-29T17:51:28.909+0000] {dag.py:3834} INFO - Setting next_dagrun for example_branch_labels to 2024-04-28 00:00:00+00:00, run_after=2024-04-29 00:00:00+00:00
[2024-04-29T17:51:28.938+0000] {processor.py:183} INFO - Processing /home/airflow/.local/lib/python3.8/site-packages/airflow/example_dags/example_branch_labels.py took 0.096 seconds
[2024-04-29T17:51:59.517+0000] {processor.py:161} INFO - Started process (PID=11232) to work on /home/airflow/.local/lib/python3.8/site-packages/airflow/example_dags/example_branch_labels.py
[2024-04-29T17:51:59.520+0000] {processor.py:830} INFO - Processing file /home/airflow/.local/lib/python3.8/site-packages/airflow/example_dags/example_branch_labels.py for tasks to queue
[2024-04-29T17:51:59.521+0000] {logging_mixin.py:188} INFO - [2024-04-29T17:51:59.521+0000] {dagbag.py:540} INFO - Filling up the DagBag from /home/airflow/.local/lib/python3.8/site-packages/airflow/example_dags/example_branch_labels.py
[2024-04-29T17:51:59.532+0000] {processor.py:840} INFO - DAG(s) 'example_branch_labels' retrieved from /home/airflow/.local/lib/python3.8/site-packages/airflow/example_dags/example_branch_labels.py
[2024-04-29T17:51:59.566+0000] {logging_mixin.py:188} INFO - [2024-04-29T17:51:59.565+0000] {dag.py:3047} INFO - Sync 1 DAGs
[2024-04-29T17:51:59.592+0000] {logging_mixin.py:188} INFO - [2024-04-29T17:51:59.592+0000] {dag.py:3834} INFO - Setting next_dagrun for example_branch_labels to 2024-04-28 00:00:00+00:00, run_after=2024-04-29 00:00:00+00:00
[2024-04-29T17:51:59.615+0000] {processor.py:183} INFO - Processing /home/airflow/.local/lib/python3.8/site-packages/airflow/example_dags/example_branch_labels.py took 0.102 seconds
[2024-04-29T17:52:30.319+0000] {processor.py:161} INFO - Started process (PID=11510) to work on /home/airflow/.local/lib/python3.8/site-packages/airflow/example_dags/example_branch_labels.py
[2024-04-29T17:52:30.320+0000] {processor.py:830} INFO - Processing file /home/airflow/.local/lib/python3.8/site-packages/airflow/example_dags/example_branch_labels.py for tasks to queue
[2024-04-29T17:52:30.321+0000] {logging_mixin.py:188} INFO - [2024-04-29T17:52:30.321+0000] {dagbag.py:540} INFO - Filling up the DagBag from /home/airflow/.local/lib/python3.8/site-packages/airflow/example_dags/example_branch_labels.py
[2024-04-29T17:52:30.331+0000] {processor.py:840} INFO - DAG(s) 'example_branch_labels' retrieved from /home/airflow/.local/lib/python3.8/site-packages/airflow/example_dags/example_branch_labels.py
[2024-04-29T17:52:30.354+0000] {logging_mixin.py:188} INFO - [2024-04-29T17:52:30.354+0000] {dag.py:3047} INFO - Sync 1 DAGs
[2024-04-29T17:52:30.380+0000] {logging_mixin.py:188} INFO - [2024-04-29T17:52:30.380+0000] {dag.py:3834} INFO - Setting next_dagrun for example_branch_labels to 2024-04-28 00:00:00+00:00, run_after=2024-04-29 00:00:00+00:00
[2024-04-29T17:52:30.406+0000] {processor.py:183} INFO - Processing /home/airflow/.local/lib/python3.8/site-packages/airflow/example_dags/example_branch_labels.py took 0.090 seconds
[2024-04-29T17:53:00.559+0000] {processor.py:161} INFO - Started process (PID=11784) to work on /home/airflow/.local/lib/python3.8/site-packages/airflow/example_dags/example_branch_labels.py
[2024-04-29T17:53:00.560+0000] {processor.py:830} INFO - Processing file /home/airflow/.local/lib/python3.8/site-packages/airflow/example_dags/example_branch_labels.py for tasks to queue
[2024-04-29T17:53:00.561+0000] {logging_mixin.py:188} INFO - [2024-04-29T17:53:00.561+0000] {dagbag.py:540} INFO - Filling up the DagBag from /home/airflow/.local/lib/python3.8/site-packages/airflow/example_dags/example_branch_labels.py
[2024-04-29T17:53:00.571+0000] {processor.py:840} INFO - DAG(s) 'example_branch_labels' retrieved from /home/airflow/.local/lib/python3.8/site-packages/airflow/example_dags/example_branch_labels.py
[2024-04-29T17:53:00.616+0000] {logging_mixin.py:188} INFO - [2024-04-29T17:53:00.616+0000] {dag.py:3047} INFO - Sync 1 DAGs
[2024-04-29T17:53:00.661+0000] {logging_mixin.py:188} INFO - [2024-04-29T17:53:00.660+0000] {dag.py:3834} INFO - Setting next_dagrun for example_branch_labels to 2024-04-28 00:00:00+00:00, run_after=2024-04-29 00:00:00+00:00
[2024-04-29T17:53:00.693+0000] {processor.py:183} INFO - Processing /home/airflow/.local/lib/python3.8/site-packages/airflow/example_dags/example_branch_labels.py took 0.138 seconds
[2024-04-29T17:53:31.119+0000] {processor.py:161} INFO - Started process (PID=12049) to work on /home/airflow/.local/lib/python3.8/site-packages/airflow/example_dags/example_branch_labels.py
[2024-04-29T17:53:31.120+0000] {processor.py:830} INFO - Processing file /home/airflow/.local/lib/python3.8/site-packages/airflow/example_dags/example_branch_labels.py for tasks to queue
[2024-04-29T17:53:31.121+0000] {logging_mixin.py:188} INFO - [2024-04-29T17:53:31.121+0000] {dagbag.py:540} INFO - Filling up the DagBag from /home/airflow/.local/lib/python3.8/site-packages/airflow/example_dags/example_branch_labels.py
[2024-04-29T17:53:31.130+0000] {processor.py:840} INFO - DAG(s) 'example_branch_labels' retrieved from /home/airflow/.local/lib/python3.8/site-packages/airflow/example_dags/example_branch_labels.py
[2024-04-29T17:53:31.155+0000] {logging_mixin.py:188} INFO - [2024-04-29T17:53:31.154+0000] {dag.py:3047} INFO - Sync 1 DAGs
[2024-04-29T17:53:31.185+0000] {logging_mixin.py:188} INFO - [2024-04-29T17:53:31.185+0000] {dag.py:3834} INFO - Setting next_dagrun for example_branch_labels to 2024-04-28 00:00:00+00:00, run_after=2024-04-29 00:00:00+00:00
[2024-04-29T17:53:31.211+0000] {processor.py:183} INFO - Processing /home/airflow/.local/lib/python3.8/site-packages/airflow/example_dags/example_branch_labels.py took 0.096 seconds
[2024-04-29T17:54:01.834+0000] {processor.py:161} INFO - Started process (PID=12311) to work on /home/airflow/.local/lib/python3.8/site-packages/airflow/example_dags/example_branch_labels.py
[2024-04-29T17:54:01.835+0000] {processor.py:830} INFO - Processing file /home/airflow/.local/lib/python3.8/site-packages/airflow/example_dags/example_branch_labels.py for tasks to queue
[2024-04-29T17:54:01.836+0000] {logging_mixin.py:188} INFO - [2024-04-29T17:54:01.835+0000] {dagbag.py:540} INFO - Filling up the DagBag from /home/airflow/.local/lib/python3.8/site-packages/airflow/example_dags/example_branch_labels.py
[2024-04-29T17:54:01.846+0000] {processor.py:840} INFO - DAG(s) 'example_branch_labels' retrieved from /home/airflow/.local/lib/python3.8/site-packages/airflow/example_dags/example_branch_labels.py
[2024-04-29T17:54:01.875+0000] {logging_mixin.py:188} INFO - [2024-04-29T17:54:01.875+0000] {dag.py:3047} INFO - Sync 1 DAGs
[2024-04-29T17:54:01.903+0000] {logging_mixin.py:188} INFO - [2024-04-29T17:54:01.903+0000] {dag.py:3834} INFO - Setting next_dagrun for example_branch_labels to 2024-04-28 00:00:00+00:00, run_after=2024-04-29 00:00:00+00:00
[2024-04-29T17:54:01.927+0000] {processor.py:183} INFO - Processing /home/airflow/.local/lib/python3.8/site-packages/airflow/example_dags/example_branch_labels.py took 0.096 seconds
[2024-04-29T17:54:32.575+0000] {processor.py:161} INFO - Started process (PID=12588) to work on /home/airflow/.local/lib/python3.8/site-packages/airflow/example_dags/example_branch_labels.py
[2024-04-29T17:54:32.576+0000] {processor.py:830} INFO - Processing file /home/airflow/.local/lib/python3.8/site-packages/airflow/example_dags/example_branch_labels.py for tasks to queue
[2024-04-29T17:54:32.577+0000] {logging_mixin.py:188} INFO - [2024-04-29T17:54:32.576+0000] {dagbag.py:540} INFO - Filling up the DagBag from /home/airflow/.local/lib/python3.8/site-packages/airflow/example_dags/example_branch_labels.py
[2024-04-29T17:54:32.585+0000] {processor.py:840} INFO - DAG(s) 'example_branch_labels' retrieved from /home/airflow/.local/lib/python3.8/site-packages/airflow/example_dags/example_branch_labels.py
[2024-04-29T17:54:32.609+0000] {logging_mixin.py:188} INFO - [2024-04-29T17:54:32.609+0000] {dag.py:3047} INFO - Sync 1 DAGs
[2024-04-29T17:54:32.638+0000] {logging_mixin.py:188} INFO - [2024-04-29T17:54:32.638+0000] {dag.py:3834} INFO - Setting next_dagrun for example_branch_labels to 2024-04-28 00:00:00+00:00, run_after=2024-04-29 00:00:00+00:00
[2024-04-29T17:54:32.666+0000] {processor.py:183} INFO - Processing /home/airflow/.local/lib/python3.8/site-packages/airflow/example_dags/example_branch_labels.py took 0.094 seconds
[2024-04-29T17:55:03.294+0000] {processor.py:161} INFO - Started process (PID=12840) to work on /home/airflow/.local/lib/python3.8/site-packages/airflow/example_dags/example_branch_labels.py
[2024-04-29T17:55:03.295+0000] {processor.py:830} INFO - Processing file /home/airflow/.local/lib/python3.8/site-packages/airflow/example_dags/example_branch_labels.py for tasks to queue
[2024-04-29T17:55:03.297+0000] {logging_mixin.py:188} INFO - [2024-04-29T17:55:03.296+0000] {dagbag.py:540} INFO - Filling up the DagBag from /home/airflow/.local/lib/python3.8/site-packages/airflow/example_dags/example_branch_labels.py
[2024-04-29T17:55:03.306+0000] {processor.py:840} INFO - DAG(s) 'example_branch_labels' retrieved from /home/airflow/.local/lib/python3.8/site-packages/airflow/example_dags/example_branch_labels.py
[2024-04-29T17:55:03.335+0000] {logging_mixin.py:188} INFO - [2024-04-29T17:55:03.335+0000] {dag.py:3047} INFO - Sync 1 DAGs
[2024-04-29T17:55:03.361+0000] {logging_mixin.py:188} INFO - [2024-04-29T17:55:03.361+0000] {dag.py:3834} INFO - Setting next_dagrun for example_branch_labels to 2024-04-28 00:00:00+00:00, run_after=2024-04-29 00:00:00+00:00
[2024-04-29T17:55:03.385+0000] {processor.py:183} INFO - Processing /home/airflow/.local/lib/python3.8/site-packages/airflow/example_dags/example_branch_labels.py took 0.095 seconds
[2024-04-29T17:55:33.902+0000] {processor.py:161} INFO - Started process (PID=13102) to work on /home/airflow/.local/lib/python3.8/site-packages/airflow/example_dags/example_branch_labels.py
[2024-04-29T17:55:33.903+0000] {processor.py:830} INFO - Processing file /home/airflow/.local/lib/python3.8/site-packages/airflow/example_dags/example_branch_labels.py for tasks to queue
[2024-04-29T17:55:33.904+0000] {logging_mixin.py:188} INFO - [2024-04-29T17:55:33.904+0000] {dagbag.py:540} INFO - Filling up the DagBag from /home/airflow/.local/lib/python3.8/site-packages/airflow/example_dags/example_branch_labels.py
[2024-04-29T17:55:33.915+0000] {processor.py:840} INFO - DAG(s) 'example_branch_labels' retrieved from /home/airflow/.local/lib/python3.8/site-packages/airflow/example_dags/example_branch_labels.py
[2024-04-29T17:55:33.939+0000] {logging_mixin.py:188} INFO - [2024-04-29T17:55:33.939+0000] {dag.py:3047} INFO - Sync 1 DAGs
[2024-04-29T17:55:33.967+0000] {logging_mixin.py:188} INFO - [2024-04-29T17:55:33.967+0000] {dag.py:3834} INFO - Setting next_dagrun for example_branch_labels to 2024-04-28 00:00:00+00:00, run_after=2024-04-29 00:00:00+00:00
[2024-04-29T17:55:33.992+0000] {processor.py:183} INFO - Processing /home/airflow/.local/lib/python3.8/site-packages/airflow/example_dags/example_branch_labels.py took 0.093 seconds
[2024-04-29T17:56:04.100+0000] {processor.py:161} INFO - Started process (PID=13358) to work on /home/airflow/.local/lib/python3.8/site-packages/airflow/example_dags/example_branch_labels.py
[2024-04-29T17:56:04.101+0000] {processor.py:830} INFO - Processing file /home/airflow/.local/lib/python3.8/site-packages/airflow/example_dags/example_branch_labels.py for tasks to queue
[2024-04-29T17:56:04.102+0000] {logging_mixin.py:188} INFO - [2024-04-29T17:56:04.102+0000] {dagbag.py:540} INFO - Filling up the DagBag from /home/airflow/.local/lib/python3.8/site-packages/airflow/example_dags/example_branch_labels.py
[2024-04-29T17:56:04.118+0000] {processor.py:840} INFO - DAG(s) 'example_branch_labels' retrieved from /home/airflow/.local/lib/python3.8/site-packages/airflow/example_dags/example_branch_labels.py
[2024-04-29T17:56:04.142+0000] {logging_mixin.py:188} INFO - [2024-04-29T17:56:04.142+0000] {dag.py:3047} INFO - Sync 1 DAGs
[2024-04-29T17:56:04.168+0000] {logging_mixin.py:188} INFO - [2024-04-29T17:56:04.168+0000] {dag.py:3834} INFO - Setting next_dagrun for example_branch_labels to 2024-04-28 00:00:00+00:00, run_after=2024-04-29 00:00:00+00:00
[2024-04-29T17:56:04.197+0000] {processor.py:183} INFO - Processing /home/airflow/.local/lib/python3.8/site-packages/airflow/example_dags/example_branch_labels.py took 0.101 seconds
[2024-04-29T17:56:34.417+0000] {processor.py:161} INFO - Started process (PID=13616) to work on /home/airflow/.local/lib/python3.8/site-packages/airflow/example_dags/example_branch_labels.py
[2024-04-29T17:56:34.418+0000] {processor.py:830} INFO - Processing file /home/airflow/.local/lib/python3.8/site-packages/airflow/example_dags/example_branch_labels.py for tasks to queue
[2024-04-29T17:56:34.418+0000] {logging_mixin.py:188} INFO - [2024-04-29T17:56:34.418+0000] {dagbag.py:540} INFO - Filling up the DagBag from /home/airflow/.local/lib/python3.8/site-packages/airflow/example_dags/example_branch_labels.py
[2024-04-29T17:56:34.427+0000] {processor.py:840} INFO - DAG(s) 'example_branch_labels' retrieved from /home/airflow/.local/lib/python3.8/site-packages/airflow/example_dags/example_branch_labels.py
[2024-04-29T17:56:34.452+0000] {logging_mixin.py:188} INFO - [2024-04-29T17:56:34.452+0000] {dag.py:3047} INFO - Sync 1 DAGs
[2024-04-29T17:56:34.480+0000] {logging_mixin.py:188} INFO - [2024-04-29T17:56:34.480+0000] {dag.py:3834} INFO - Setting next_dagrun for example_branch_labels to 2024-04-28 00:00:00+00:00, run_after=2024-04-29 00:00:00+00:00
[2024-04-29T17:56:34.508+0000] {processor.py:183} INFO - Processing /home/airflow/.local/lib/python3.8/site-packages/airflow/example_dags/example_branch_labels.py took 0.095 seconds
[2024-04-29T17:57:04.897+0000] {processor.py:161} INFO - Started process (PID=13889) to work on /home/airflow/.local/lib/python3.8/site-packages/airflow/example_dags/example_branch_labels.py
[2024-04-29T17:57:04.898+0000] {processor.py:830} INFO - Processing file /home/airflow/.local/lib/python3.8/site-packages/airflow/example_dags/example_branch_labels.py for tasks to queue
[2024-04-29T17:57:04.899+0000] {logging_mixin.py:188} INFO - [2024-04-29T17:57:04.899+0000] {dagbag.py:540} INFO - Filling up the DagBag from /home/airflow/.local/lib/python3.8/site-packages/airflow/example_dags/example_branch_labels.py
[2024-04-29T17:57:04.908+0000] {processor.py:840} INFO - DAG(s) 'example_branch_labels' retrieved from /home/airflow/.local/lib/python3.8/site-packages/airflow/example_dags/example_branch_labels.py
[2024-04-29T17:57:04.935+0000] {logging_mixin.py:188} INFO - [2024-04-29T17:57:04.935+0000] {dag.py:3047} INFO - Sync 1 DAGs
[2024-04-29T17:57:04.989+0000] {logging_mixin.py:188} INFO - [2024-04-29T17:57:04.988+0000] {dag.py:3834} INFO - Setting next_dagrun for example_branch_labels to 2024-04-28 00:00:00+00:00, run_after=2024-04-29 00:00:00+00:00
[2024-04-29T17:57:05.033+0000] {processor.py:183} INFO - Processing /home/airflow/.local/lib/python3.8/site-packages/airflow/example_dags/example_branch_labels.py took 0.139 seconds
[2024-04-29T17:57:35.597+0000] {processor.py:161} INFO - Started process (PID=14157) to work on /home/airflow/.local/lib/python3.8/site-packages/airflow/example_dags/example_branch_labels.py
[2024-04-29T17:57:35.598+0000] {processor.py:830} INFO - Processing file /home/airflow/.local/lib/python3.8/site-packages/airflow/example_dags/example_branch_labels.py for tasks to queue
[2024-04-29T17:57:35.599+0000] {logging_mixin.py:188} INFO - [2024-04-29T17:57:35.599+0000] {dagbag.py:540} INFO - Filling up the DagBag from /home/airflow/.local/lib/python3.8/site-packages/airflow/example_dags/example_branch_labels.py
[2024-04-29T17:57:35.614+0000] {processor.py:840} INFO - DAG(s) 'example_branch_labels' retrieved from /home/airflow/.local/lib/python3.8/site-packages/airflow/example_dags/example_branch_labels.py
[2024-04-29T17:57:35.638+0000] {logging_mixin.py:188} INFO - [2024-04-29T17:57:35.638+0000] {dag.py:3047} INFO - Sync 1 DAGs
[2024-04-29T17:57:35.666+0000] {logging_mixin.py:188} INFO - [2024-04-29T17:57:35.666+0000] {dag.py:3834} INFO - Setting next_dagrun for example_branch_labels to 2024-04-28 00:00:00+00:00, run_after=2024-04-29 00:00:00+00:00
[2024-04-29T17:57:35.695+0000] {processor.py:183} INFO - Processing /home/airflow/.local/lib/python3.8/site-packages/airflow/example_dags/example_branch_labels.py took 0.102 seconds
[2024-04-29T17:58:06.021+0000] {processor.py:161} INFO - Started process (PID=14415) to work on /home/airflow/.local/lib/python3.8/site-packages/airflow/example_dags/example_branch_labels.py
[2024-04-29T17:58:06.022+0000] {processor.py:830} INFO - Processing file /home/airflow/.local/lib/python3.8/site-packages/airflow/example_dags/example_branch_labels.py for tasks to queue
[2024-04-29T17:58:06.023+0000] {logging_mixin.py:188} INFO - [2024-04-29T17:58:06.022+0000] {dagbag.py:540} INFO - Filling up the DagBag from /home/airflow/.local/lib/python3.8/site-packages/airflow/example_dags/example_branch_labels.py
[2024-04-29T17:58:06.031+0000] {processor.py:840} INFO - DAG(s) 'example_branch_labels' retrieved from /home/airflow/.local/lib/python3.8/site-packages/airflow/example_dags/example_branch_labels.py
[2024-04-29T17:58:06.055+0000] {logging_mixin.py:188} INFO - [2024-04-29T17:58:06.055+0000] {dag.py:3047} INFO - Sync 1 DAGs
[2024-04-29T17:58:06.080+0000] {logging_mixin.py:188} INFO - [2024-04-29T17:58:06.080+0000] {dag.py:3834} INFO - Setting next_dagrun for example_branch_labels to 2024-04-28 00:00:00+00:00, run_after=2024-04-29 00:00:00+00:00
[2024-04-29T17:58:06.110+0000] {processor.py:183} INFO - Processing /home/airflow/.local/lib/python3.8/site-packages/airflow/example_dags/example_branch_labels.py took 0.092 seconds
[2024-04-29T17:58:36.486+0000] {processor.py:161} INFO - Started process (PID=14683) to work on /home/airflow/.local/lib/python3.8/site-packages/airflow/example_dags/example_branch_labels.py
[2024-04-29T17:58:36.487+0000] {processor.py:830} INFO - Processing file /home/airflow/.local/lib/python3.8/site-packages/airflow/example_dags/example_branch_labels.py for tasks to queue
[2024-04-29T17:58:36.488+0000] {logging_mixin.py:188} INFO - [2024-04-29T17:58:36.488+0000] {dagbag.py:540} INFO - Filling up the DagBag from /home/airflow/.local/lib/python3.8/site-packages/airflow/example_dags/example_branch_labels.py
[2024-04-29T17:58:36.498+0000] {processor.py:840} INFO - DAG(s) 'example_branch_labels' retrieved from /home/airflow/.local/lib/python3.8/site-packages/airflow/example_dags/example_branch_labels.py
[2024-04-29T17:58:36.523+0000] {logging_mixin.py:188} INFO - [2024-04-29T17:58:36.523+0000] {dag.py:3047} INFO - Sync 1 DAGs
[2024-04-29T17:58:36.566+0000] {logging_mixin.py:188} INFO - [2024-04-29T17:58:36.566+0000] {dag.py:3834} INFO - Setting next_dagrun for example_branch_labels to 2024-04-28 00:00:00+00:00, run_after=2024-04-29 00:00:00+00:00
[2024-04-29T17:58:36.587+0000] {processor.py:183} INFO - Processing /home/airflow/.local/lib/python3.8/site-packages/airflow/example_dags/example_branch_labels.py took 0.104 seconds
[2024-04-29T17:59:07.456+0000] {processor.py:161} INFO - Started process (PID=14945) to work on /home/airflow/.local/lib/python3.8/site-packages/airflow/example_dags/example_branch_labels.py
[2024-04-29T17:59:07.457+0000] {processor.py:830} INFO - Processing file /home/airflow/.local/lib/python3.8/site-packages/airflow/example_dags/example_branch_labels.py for tasks to queue
[2024-04-29T17:59:07.458+0000] {logging_mixin.py:188} INFO - [2024-04-29T17:59:07.458+0000] {dagbag.py:540} INFO - Filling up the DagBag from /home/airflow/.local/lib/python3.8/site-packages/airflow/example_dags/example_branch_labels.py
[2024-04-29T17:59:07.467+0000] {processor.py:840} INFO - DAG(s) 'example_branch_labels' retrieved from /home/airflow/.local/lib/python3.8/site-packages/airflow/example_dags/example_branch_labels.py
[2024-04-29T17:59:07.490+0000] {logging_mixin.py:188} INFO - [2024-04-29T17:59:07.490+0000] {dag.py:3047} INFO - Sync 1 DAGs
[2024-04-29T17:59:07.517+0000] {logging_mixin.py:188} INFO - [2024-04-29T17:59:07.516+0000] {dag.py:3834} INFO - Setting next_dagrun for example_branch_labels to 2024-04-28 00:00:00+00:00, run_after=2024-04-29 00:00:00+00:00
[2024-04-29T17:59:07.541+0000] {processor.py:183} INFO - Processing /home/airflow/.local/lib/python3.8/site-packages/airflow/example_dags/example_branch_labels.py took 0.088 seconds
[2024-04-29T17:59:38.526+0000] {processor.py:161} INFO - Started process (PID=15223) to work on /home/airflow/.local/lib/python3.8/site-packages/airflow/example_dags/example_branch_labels.py
[2024-04-29T17:59:38.527+0000] {processor.py:830} INFO - Processing file /home/airflow/.local/lib/python3.8/site-packages/airflow/example_dags/example_branch_labels.py for tasks to queue
[2024-04-29T17:59:38.528+0000] {logging_mixin.py:188} INFO - [2024-04-29T17:59:38.528+0000] {dagbag.py:540} INFO - Filling up the DagBag from /home/airflow/.local/lib/python3.8/site-packages/airflow/example_dags/example_branch_labels.py
[2024-04-29T17:59:38.538+0000] {processor.py:840} INFO - DAG(s) 'example_branch_labels' retrieved from /home/airflow/.local/lib/python3.8/site-packages/airflow/example_dags/example_branch_labels.py
[2024-04-29T17:59:38.566+0000] {logging_mixin.py:188} INFO - [2024-04-29T17:59:38.566+0000] {dag.py:3047} INFO - Sync 1 DAGs
[2024-04-29T17:59:38.613+0000] {logging_mixin.py:188} INFO - [2024-04-29T17:59:38.612+0000] {dag.py:3834} INFO - Setting next_dagrun for example_branch_labels to 2024-04-28 00:00:00+00:00, run_after=2024-04-29 00:00:00+00:00
[2024-04-29T17:59:38.636+0000] {processor.py:183} INFO - Processing /home/airflow/.local/lib/python3.8/site-packages/airflow/example_dags/example_branch_labels.py took 0.114 seconds
[2024-04-29T18:00:08.858+0000] {processor.py:161} INFO - Started process (PID=15475) to work on /home/airflow/.local/lib/python3.8/site-packages/airflow/example_dags/example_branch_labels.py
[2024-04-29T18:00:08.859+0000] {processor.py:830} INFO - Processing file /home/airflow/.local/lib/python3.8/site-packages/airflow/example_dags/example_branch_labels.py for tasks to queue
[2024-04-29T18:00:08.860+0000] {logging_mixin.py:188} INFO - [2024-04-29T18:00:08.860+0000] {dagbag.py:540} INFO - Filling up the DagBag from /home/airflow/.local/lib/python3.8/site-packages/airflow/example_dags/example_branch_labels.py
[2024-04-29T18:00:08.870+0000] {processor.py:840} INFO - DAG(s) 'example_branch_labels' retrieved from /home/airflow/.local/lib/python3.8/site-packages/airflow/example_dags/example_branch_labels.py
[2024-04-29T18:00:08.895+0000] {logging_mixin.py:188} INFO - [2024-04-29T18:00:08.894+0000] {dag.py:3047} INFO - Sync 1 DAGs
[2024-04-29T18:00:08.922+0000] {logging_mixin.py:188} INFO - [2024-04-29T18:00:08.922+0000] {dag.py:3834} INFO - Setting next_dagrun for example_branch_labels to 2024-04-28 00:00:00+00:00, run_after=2024-04-29 00:00:00+00:00
[2024-04-29T18:00:08.953+0000] {processor.py:183} INFO - Processing /home/airflow/.local/lib/python3.8/site-packages/airflow/example_dags/example_branch_labels.py took 0.099 seconds
[2024-04-29T18:00:39.517+0000] {processor.py:161} INFO - Started process (PID=15747) to work on /home/airflow/.local/lib/python3.8/site-packages/airflow/example_dags/example_branch_labels.py
[2024-04-29T18:00:39.519+0000] {processor.py:830} INFO - Processing file /home/airflow/.local/lib/python3.8/site-packages/airflow/example_dags/example_branch_labels.py for tasks to queue
[2024-04-29T18:00:39.520+0000] {logging_mixin.py:188} INFO - [2024-04-29T18:00:39.520+0000] {dagbag.py:540} INFO - Filling up the DagBag from /home/airflow/.local/lib/python3.8/site-packages/airflow/example_dags/example_branch_labels.py
[2024-04-29T18:00:39.529+0000] {processor.py:840} INFO - DAG(s) 'example_branch_labels' retrieved from /home/airflow/.local/lib/python3.8/site-packages/airflow/example_dags/example_branch_labels.py
[2024-04-29T18:00:39.555+0000] {logging_mixin.py:188} INFO - [2024-04-29T18:00:39.555+0000] {dag.py:3047} INFO - Sync 1 DAGs
[2024-04-29T18:00:39.585+0000] {logging_mixin.py:188} INFO - [2024-04-29T18:00:39.585+0000] {dag.py:3834} INFO - Setting next_dagrun for example_branch_labels to 2024-04-28 00:00:00+00:00, run_after=2024-04-29 00:00:00+00:00
[2024-04-29T18:00:39.608+0000] {processor.py:183} INFO - Processing /home/airflow/.local/lib/python3.8/site-packages/airflow/example_dags/example_branch_labels.py took 0.094 seconds
[2024-04-29T18:01:10.508+0000] {processor.py:161} INFO - Started process (PID=16012) to work on /home/airflow/.local/lib/python3.8/site-packages/airflow/example_dags/example_branch_labels.py
[2024-04-29T18:01:10.509+0000] {processor.py:830} INFO - Processing file /home/airflow/.local/lib/python3.8/site-packages/airflow/example_dags/example_branch_labels.py for tasks to queue
[2024-04-29T18:01:10.509+0000] {logging_mixin.py:188} INFO - [2024-04-29T18:01:10.509+0000] {dagbag.py:540} INFO - Filling up the DagBag from /home/airflow/.local/lib/python3.8/site-packages/airflow/example_dags/example_branch_labels.py
[2024-04-29T18:01:10.519+0000] {processor.py:840} INFO - DAG(s) 'example_branch_labels' retrieved from /home/airflow/.local/lib/python3.8/site-packages/airflow/example_dags/example_branch_labels.py
[2024-04-29T18:01:10.558+0000] {logging_mixin.py:188} INFO - [2024-04-29T18:01:10.557+0000] {dag.py:3047} INFO - Sync 1 DAGs
[2024-04-29T18:01:10.587+0000] {logging_mixin.py:188} INFO - [2024-04-29T18:01:10.587+0000] {dag.py:3834} INFO - Setting next_dagrun for example_branch_labels to 2024-04-28 00:00:00+00:00, run_after=2024-04-29 00:00:00+00:00
[2024-04-29T18:01:10.609+0000] {processor.py:183} INFO - Processing /home/airflow/.local/lib/python3.8/site-packages/airflow/example_dags/example_branch_labels.py took 0.105 seconds
[2024-04-29T18:01:41.078+0000] {processor.py:161} INFO - Started process (PID=16289) to work on /home/airflow/.local/lib/python3.8/site-packages/airflow/example_dags/example_branch_labels.py
[2024-04-29T18:01:41.080+0000] {processor.py:830} INFO - Processing file /home/airflow/.local/lib/python3.8/site-packages/airflow/example_dags/example_branch_labels.py for tasks to queue
[2024-04-29T18:01:41.081+0000] {logging_mixin.py:188} INFO - [2024-04-29T18:01:41.080+0000] {dagbag.py:540} INFO - Filling up the DagBag from /home/airflow/.local/lib/python3.8/site-packages/airflow/example_dags/example_branch_labels.py
[2024-04-29T18:01:41.091+0000] {processor.py:840} INFO - DAG(s) 'example_branch_labels' retrieved from /home/airflow/.local/lib/python3.8/site-packages/airflow/example_dags/example_branch_labels.py
[2024-04-29T18:01:41.142+0000] {logging_mixin.py:188} INFO - [2024-04-29T18:01:41.139+0000] {dag.py:3047} INFO - Sync 1 DAGs
[2024-04-29T18:01:41.189+0000] {logging_mixin.py:188} INFO - [2024-04-29T18:01:41.189+0000] {dag.py:3834} INFO - Setting next_dagrun for example_branch_labels to 2024-04-28 00:00:00+00:00, run_after=2024-04-29 00:00:00+00:00
[2024-04-29T18:01:41.245+0000] {processor.py:183} INFO - Processing /home/airflow/.local/lib/python3.8/site-packages/airflow/example_dags/example_branch_labels.py took 0.171 seconds
[2024-04-29T18:02:11.998+0000] {processor.py:161} INFO - Started process (PID=16543) to work on /home/airflow/.local/lib/python3.8/site-packages/airflow/example_dags/example_branch_labels.py
[2024-04-29T18:02:12.000+0000] {processor.py:830} INFO - Processing file /home/airflow/.local/lib/python3.8/site-packages/airflow/example_dags/example_branch_labels.py for tasks to queue
[2024-04-29T18:02:12.000+0000] {logging_mixin.py:188} INFO - [2024-04-29T18:02:12.000+0000] {dagbag.py:540} INFO - Filling up the DagBag from /home/airflow/.local/lib/python3.8/site-packages/airflow/example_dags/example_branch_labels.py
[2024-04-29T18:02:12.016+0000] {processor.py:840} INFO - DAG(s) 'example_branch_labels' retrieved from /home/airflow/.local/lib/python3.8/site-packages/airflow/example_dags/example_branch_labels.py
[2024-04-29T18:02:12.043+0000] {logging_mixin.py:188} INFO - [2024-04-29T18:02:12.043+0000] {dag.py:3047} INFO - Sync 1 DAGs
[2024-04-29T18:02:12.068+0000] {logging_mixin.py:188} INFO - [2024-04-29T18:02:12.067+0000] {dag.py:3834} INFO - Setting next_dagrun for example_branch_labels to 2024-04-28 00:00:00+00:00, run_after=2024-04-29 00:00:00+00:00
[2024-04-29T18:02:12.090+0000] {processor.py:183} INFO - Processing /home/airflow/.local/lib/python3.8/site-packages/airflow/example_dags/example_branch_labels.py took 0.095 seconds
[2024-04-29T18:02:42.507+0000] {processor.py:161} INFO - Started process (PID=16795) to work on /home/airflow/.local/lib/python3.8/site-packages/airflow/example_dags/example_branch_labels.py
[2024-04-29T18:02:42.508+0000] {processor.py:830} INFO - Processing file /home/airflow/.local/lib/python3.8/site-packages/airflow/example_dags/example_branch_labels.py for tasks to queue
[2024-04-29T18:02:42.509+0000] {logging_mixin.py:188} INFO - [2024-04-29T18:02:42.508+0000] {dagbag.py:540} INFO - Filling up the DagBag from /home/airflow/.local/lib/python3.8/site-packages/airflow/example_dags/example_branch_labels.py
[2024-04-29T18:02:42.518+0000] {processor.py:840} INFO - DAG(s) 'example_branch_labels' retrieved from /home/airflow/.local/lib/python3.8/site-packages/airflow/example_dags/example_branch_labels.py
[2024-04-29T18:02:42.542+0000] {logging_mixin.py:188} INFO - [2024-04-29T18:02:42.542+0000] {dag.py:3047} INFO - Sync 1 DAGs
[2024-04-29T18:02:42.568+0000] {logging_mixin.py:188} INFO - [2024-04-29T18:02:42.568+0000] {dag.py:3834} INFO - Setting next_dagrun for example_branch_labels to 2024-04-28 00:00:00+00:00, run_after=2024-04-29 00:00:00+00:00
[2024-04-29T18:02:42.597+0000] {processor.py:183} INFO - Processing /home/airflow/.local/lib/python3.8/site-packages/airflow/example_dags/example_branch_labels.py took 0.094 seconds
[2024-04-29T18:03:12.779+0000] {processor.py:161} INFO - Started process (PID=17056) to work on /home/airflow/.local/lib/python3.8/site-packages/airflow/example_dags/example_branch_labels.py
[2024-04-29T18:03:12.780+0000] {processor.py:830} INFO - Processing file /home/airflow/.local/lib/python3.8/site-packages/airflow/example_dags/example_branch_labels.py for tasks to queue
[2024-04-29T18:03:12.786+0000] {logging_mixin.py:188} INFO - [2024-04-29T18:03:12.786+0000] {dagbag.py:540} INFO - Filling up the DagBag from /home/airflow/.local/lib/python3.8/site-packages/airflow/example_dags/example_branch_labels.py
[2024-04-29T18:03:12.799+0000] {processor.py:840} INFO - DAG(s) 'example_branch_labels' retrieved from /home/airflow/.local/lib/python3.8/site-packages/airflow/example_dags/example_branch_labels.py
[2024-04-29T18:03:12.879+0000] {logging_mixin.py:188} INFO - [2024-04-29T18:03:12.879+0000] {dag.py:3047} INFO - Sync 1 DAGs
[2024-04-29T18:03:12.947+0000] {logging_mixin.py:188} INFO - [2024-04-29T18:03:12.947+0000] {dag.py:3834} INFO - Setting next_dagrun for example_branch_labels to 2024-04-28 00:00:00+00:00, run_after=2024-04-29 00:00:00+00:00
[2024-04-29T18:03:12.983+0000] {processor.py:183} INFO - Processing /home/airflow/.local/lib/python3.8/site-packages/airflow/example_dags/example_branch_labels.py took 0.207 seconds
