[2024-04-29T17:30:04.393+0000] {processor.py:161} INFO - Started process (PID=291) to work on /home/airflow/.local/lib/python3.8/site-packages/airflow/example_dags/example_external_task_marker_dag.py
[2024-04-29T17:30:04.394+0000] {processor.py:830} INFO - Processing file /home/airflow/.local/lib/python3.8/site-packages/airflow/example_dags/example_external_task_marker_dag.py for tasks to queue
[2024-04-29T17:30:04.395+0000] {logging_mixin.py:188} INFO - [2024-04-29T17:30:04.395+0000] {dagbag.py:540} INFO - Filling up the DagBag from /home/airflow/.local/lib/python3.8/site-packages/airflow/example_dags/example_external_task_marker_dag.py
[2024-04-29T17:30:04.406+0000] {processor.py:840} INFO - DAG(s) 'example_external_task_marker_child', 'example_external_task_marker_parent' retrieved from /home/airflow/.local/lib/python3.8/site-packages/airflow/example_dags/example_external_task_marker_dag.py
[2024-04-29T17:30:04.599+0000] {logging_mixin.py:188} INFO - [2024-04-29T17:30:04.599+0000] {override.py:1769} INFO - Created Permission View: can edit on DAG:example_external_task_marker_child
[2024-04-29T17:30:04.644+0000] {logging_mixin.py:188} INFO - [2024-04-29T17:30:04.643+0000] {override.py:1769} INFO - Created Permission View: can delete on DAG:example_external_task_marker_child
[2024-04-29T17:30:04.657+0000] {logging_mixin.py:188} INFO - [2024-04-29T17:30:04.656+0000] {override.py:1769} INFO - Created Permission View: can read on DAG:example_external_task_marker_child
[2024-04-29T17:30:04.687+0000] {logging_mixin.py:188} INFO - [2024-04-29T17:30:04.686+0000] {override.py:1769} INFO - Created Permission View: can edit on DAG:example_external_task_marker_parent
[2024-04-29T17:30:04.699+0000] {logging_mixin.py:188} INFO - [2024-04-29T17:30:04.698+0000] {override.py:1769} INFO - Created Permission View: can delete on DAG:example_external_task_marker_parent
[2024-04-29T17:30:04.710+0000] {logging_mixin.py:188} INFO - [2024-04-29T17:30:04.710+0000] {override.py:1769} INFO - Created Permission View: can read on DAG:example_external_task_marker_parent
[2024-04-29T17:30:04.711+0000] {logging_mixin.py:188} INFO - [2024-04-29T17:30:04.710+0000] {dag.py:3047} INFO - Sync 2 DAGs
[2024-04-29T17:30:04.745+0000] {logging_mixin.py:188} INFO - [2024-04-29T17:30:04.745+0000] {dag.py:3069} INFO - Creating ORM DAG for example_external_task_marker_parent
[2024-04-29T17:30:04.746+0000] {logging_mixin.py:188} INFO - [2024-04-29T17:30:04.746+0000] {dag.py:3069} INFO - Creating ORM DAG for example_external_task_marker_child
[2024-04-29T17:30:04.747+0000] {logging_mixin.py:188} INFO - [2024-04-29T17:30:04.746+0000] {dag.py:3834} INFO - Setting next_dagrun for example_external_task_marker_child to None, run_after=None
[2024-04-29T17:30:04.747+0000] {logging_mixin.py:188} INFO - [2024-04-29T17:30:04.747+0000] {dag.py:3834} INFO - Setting next_dagrun for example_external_task_marker_parent to None, run_after=None
[2024-04-29T17:30:04.802+0000] {processor.py:183} INFO - Processing /home/airflow/.local/lib/python3.8/site-packages/airflow/example_dags/example_external_task_marker_dag.py took 0.412 seconds
[2024-04-29T17:30:35.146+0000] {processor.py:161} INFO - Started process (PID=536) to work on /home/airflow/.local/lib/python3.8/site-packages/airflow/example_dags/example_external_task_marker_dag.py
[2024-04-29T17:30:35.148+0000] {processor.py:830} INFO - Processing file /home/airflow/.local/lib/python3.8/site-packages/airflow/example_dags/example_external_task_marker_dag.py for tasks to queue
[2024-04-29T17:30:35.149+0000] {logging_mixin.py:188} INFO - [2024-04-29T17:30:35.148+0000] {dagbag.py:540} INFO - Filling up the DagBag from /home/airflow/.local/lib/python3.8/site-packages/airflow/example_dags/example_external_task_marker_dag.py
[2024-04-29T17:30:35.156+0000] {processor.py:840} INFO - DAG(s) 'example_external_task_marker_parent', 'example_external_task_marker_child' retrieved from /home/airflow/.local/lib/python3.8/site-packages/airflow/example_dags/example_external_task_marker_dag.py
[2024-04-29T17:30:35.199+0000] {logging_mixin.py:188} INFO - [2024-04-29T17:30:35.199+0000] {dag.py:3047} INFO - Sync 2 DAGs
[2024-04-29T17:30:35.214+0000] {logging_mixin.py:188} INFO - [2024-04-29T17:30:35.214+0000] {dag.py:3834} INFO - Setting next_dagrun for example_external_task_marker_child to None, run_after=None
[2024-04-29T17:30:35.218+0000] {logging_mixin.py:188} INFO - [2024-04-29T17:30:35.218+0000] {dag.py:3834} INFO - Setting next_dagrun for example_external_task_marker_parent to None, run_after=None
[2024-04-29T17:30:35.251+0000] {processor.py:183} INFO - Processing /home/airflow/.local/lib/python3.8/site-packages/airflow/example_dags/example_external_task_marker_dag.py took 0.115 seconds
[2024-04-29T17:31:05.614+0000] {processor.py:161} INFO - Started process (PID=785) to work on /home/airflow/.local/lib/python3.8/site-packages/airflow/example_dags/example_external_task_marker_dag.py
[2024-04-29T17:31:05.615+0000] {processor.py:830} INFO - Processing file /home/airflow/.local/lib/python3.8/site-packages/airflow/example_dags/example_external_task_marker_dag.py for tasks to queue
[2024-04-29T17:31:05.616+0000] {logging_mixin.py:188} INFO - [2024-04-29T17:31:05.616+0000] {dagbag.py:540} INFO - Filling up the DagBag from /home/airflow/.local/lib/python3.8/site-packages/airflow/example_dags/example_external_task_marker_dag.py
[2024-04-29T17:31:05.623+0000] {processor.py:840} INFO - DAG(s) 'example_external_task_marker_parent', 'example_external_task_marker_child' retrieved from /home/airflow/.local/lib/python3.8/site-packages/airflow/example_dags/example_external_task_marker_dag.py
[2024-04-29T17:31:05.652+0000] {logging_mixin.py:188} INFO - [2024-04-29T17:31:05.652+0000] {dag.py:3047} INFO - Sync 2 DAGs
[2024-04-29T17:31:05.668+0000] {logging_mixin.py:188} INFO - [2024-04-29T17:31:05.668+0000] {dag.py:3834} INFO - Setting next_dagrun for example_external_task_marker_child to None, run_after=None
[2024-04-29T17:31:05.672+0000] {logging_mixin.py:188} INFO - [2024-04-29T17:31:05.672+0000] {dag.py:3834} INFO - Setting next_dagrun for example_external_task_marker_parent to None, run_after=None
[2024-04-29T17:31:05.706+0000] {processor.py:183} INFO - Processing /home/airflow/.local/lib/python3.8/site-packages/airflow/example_dags/example_external_task_marker_dag.py took 0.097 seconds
[2024-04-29T17:31:36.219+0000] {processor.py:161} INFO - Started process (PID=1032) to work on /home/airflow/.local/lib/python3.8/site-packages/airflow/example_dags/example_external_task_marker_dag.py
[2024-04-29T17:31:36.220+0000] {processor.py:830} INFO - Processing file /home/airflow/.local/lib/python3.8/site-packages/airflow/example_dags/example_external_task_marker_dag.py for tasks to queue
[2024-04-29T17:31:36.221+0000] {logging_mixin.py:188} INFO - [2024-04-29T17:31:36.221+0000] {dagbag.py:540} INFO - Filling up the DagBag from /home/airflow/.local/lib/python3.8/site-packages/airflow/example_dags/example_external_task_marker_dag.py
[2024-04-29T17:31:36.228+0000] {processor.py:840} INFO - DAG(s) 'example_external_task_marker_child', 'example_external_task_marker_parent' retrieved from /home/airflow/.local/lib/python3.8/site-packages/airflow/example_dags/example_external_task_marker_dag.py
[2024-04-29T17:31:36.253+0000] {logging_mixin.py:188} INFO - [2024-04-29T17:31:36.253+0000] {dag.py:3047} INFO - Sync 2 DAGs
[2024-04-29T17:31:36.269+0000] {logging_mixin.py:188} INFO - [2024-04-29T17:31:36.268+0000] {dag.py:3834} INFO - Setting next_dagrun for example_external_task_marker_child to None, run_after=None
[2024-04-29T17:31:36.273+0000] {logging_mixin.py:188} INFO - [2024-04-29T17:31:36.273+0000] {dag.py:3834} INFO - Setting next_dagrun for example_external_task_marker_parent to None, run_after=None
[2024-04-29T17:31:36.295+0000] {processor.py:183} INFO - Processing /home/airflow/.local/lib/python3.8/site-packages/airflow/example_dags/example_external_task_marker_dag.py took 0.079 seconds
[2024-04-29T17:32:06.555+0000] {processor.py:161} INFO - Started process (PID=1280) to work on /home/airflow/.local/lib/python3.8/site-packages/airflow/example_dags/example_external_task_marker_dag.py
[2024-04-29T17:32:06.556+0000] {processor.py:830} INFO - Processing file /home/airflow/.local/lib/python3.8/site-packages/airflow/example_dags/example_external_task_marker_dag.py for tasks to queue
[2024-04-29T17:32:06.557+0000] {logging_mixin.py:188} INFO - [2024-04-29T17:32:06.557+0000] {dagbag.py:540} INFO - Filling up the DagBag from /home/airflow/.local/lib/python3.8/site-packages/airflow/example_dags/example_external_task_marker_dag.py
[2024-04-29T17:32:06.564+0000] {processor.py:840} INFO - DAG(s) 'example_external_task_marker_child', 'example_external_task_marker_parent' retrieved from /home/airflow/.local/lib/python3.8/site-packages/airflow/example_dags/example_external_task_marker_dag.py
[2024-04-29T17:32:06.591+0000] {logging_mixin.py:188} INFO - [2024-04-29T17:32:06.591+0000] {dag.py:3047} INFO - Sync 2 DAGs
[2024-04-29T17:32:06.607+0000] {logging_mixin.py:188} INFO - [2024-04-29T17:32:06.606+0000] {dag.py:3834} INFO - Setting next_dagrun for example_external_task_marker_child to None, run_after=None
[2024-04-29T17:32:06.611+0000] {logging_mixin.py:188} INFO - [2024-04-29T17:32:06.611+0000] {dag.py:3834} INFO - Setting next_dagrun for example_external_task_marker_parent to None, run_after=None
[2024-04-29T17:32:06.634+0000] {processor.py:183} INFO - Processing /home/airflow/.local/lib/python3.8/site-packages/airflow/example_dags/example_external_task_marker_dag.py took 0.082 seconds
[2024-04-29T17:32:37.103+0000] {processor.py:161} INFO - Started process (PID=1526) to work on /home/airflow/.local/lib/python3.8/site-packages/airflow/example_dags/example_external_task_marker_dag.py
[2024-04-29T17:32:37.104+0000] {processor.py:830} INFO - Processing file /home/airflow/.local/lib/python3.8/site-packages/airflow/example_dags/example_external_task_marker_dag.py for tasks to queue
[2024-04-29T17:32:37.105+0000] {logging_mixin.py:188} INFO - [2024-04-29T17:32:37.105+0000] {dagbag.py:540} INFO - Filling up the DagBag from /home/airflow/.local/lib/python3.8/site-packages/airflow/example_dags/example_external_task_marker_dag.py
[2024-04-29T17:32:37.125+0000] {processor.py:840} INFO - DAG(s) 'example_external_task_marker_child', 'example_external_task_marker_parent' retrieved from /home/airflow/.local/lib/python3.8/site-packages/airflow/example_dags/example_external_task_marker_dag.py
[2024-04-29T17:32:37.185+0000] {logging_mixin.py:188} INFO - [2024-04-29T17:32:37.185+0000] {dag.py:3047} INFO - Sync 2 DAGs
[2024-04-29T17:32:37.205+0000] {logging_mixin.py:188} INFO - [2024-04-29T17:32:37.204+0000] {dag.py:3834} INFO - Setting next_dagrun for example_external_task_marker_child to None, run_after=None
[2024-04-29T17:32:37.209+0000] {logging_mixin.py:188} INFO - [2024-04-29T17:32:37.209+0000] {dag.py:3834} INFO - Setting next_dagrun for example_external_task_marker_parent to None, run_after=None
[2024-04-29T17:32:37.242+0000] {processor.py:183} INFO - Processing /home/airflow/.local/lib/python3.8/site-packages/airflow/example_dags/example_external_task_marker_dag.py took 0.142 seconds
[2024-04-29T17:33:07.829+0000] {processor.py:161} INFO - Started process (PID=1776) to work on /home/airflow/.local/lib/python3.8/site-packages/airflow/example_dags/example_external_task_marker_dag.py
[2024-04-29T17:33:07.830+0000] {processor.py:830} INFO - Processing file /home/airflow/.local/lib/python3.8/site-packages/airflow/example_dags/example_external_task_marker_dag.py for tasks to queue
[2024-04-29T17:33:07.832+0000] {logging_mixin.py:188} INFO - [2024-04-29T17:33:07.831+0000] {dagbag.py:540} INFO - Filling up the DagBag from /home/airflow/.local/lib/python3.8/site-packages/airflow/example_dags/example_external_task_marker_dag.py
[2024-04-29T17:33:07.839+0000] {processor.py:840} INFO - DAG(s) 'example_external_task_marker_parent', 'example_external_task_marker_child' retrieved from /home/airflow/.local/lib/python3.8/site-packages/airflow/example_dags/example_external_task_marker_dag.py
[2024-04-29T17:33:07.867+0000] {logging_mixin.py:188} INFO - [2024-04-29T17:33:07.867+0000] {dag.py:3047} INFO - Sync 2 DAGs
[2024-04-29T17:33:07.882+0000] {logging_mixin.py:188} INFO - [2024-04-29T17:33:07.881+0000] {dag.py:3834} INFO - Setting next_dagrun for example_external_task_marker_child to None, run_after=None
[2024-04-29T17:33:07.886+0000] {logging_mixin.py:188} INFO - [2024-04-29T17:33:07.886+0000] {dag.py:3834} INFO - Setting next_dagrun for example_external_task_marker_parent to None, run_after=None
[2024-04-29T17:33:07.915+0000] {processor.py:183} INFO - Processing /home/airflow/.local/lib/python3.8/site-packages/airflow/example_dags/example_external_task_marker_dag.py took 0.089 seconds
[2024-04-29T17:33:38.315+0000] {processor.py:161} INFO - Started process (PID=2025) to work on /home/airflow/.local/lib/python3.8/site-packages/airflow/example_dags/example_external_task_marker_dag.py
[2024-04-29T17:33:38.316+0000] {processor.py:830} INFO - Processing file /home/airflow/.local/lib/python3.8/site-packages/airflow/example_dags/example_external_task_marker_dag.py for tasks to queue
[2024-04-29T17:33:38.316+0000] {logging_mixin.py:188} INFO - [2024-04-29T17:33:38.316+0000] {dagbag.py:540} INFO - Filling up the DagBag from /home/airflow/.local/lib/python3.8/site-packages/airflow/example_dags/example_external_task_marker_dag.py
[2024-04-29T17:33:38.321+0000] {processor.py:840} INFO - DAG(s) 'example_external_task_marker_child', 'example_external_task_marker_parent' retrieved from /home/airflow/.local/lib/python3.8/site-packages/airflow/example_dags/example_external_task_marker_dag.py
[2024-04-29T17:33:38.341+0000] {logging_mixin.py:188} INFO - [2024-04-29T17:33:38.341+0000] {dag.py:3047} INFO - Sync 2 DAGs
[2024-04-29T17:33:38.351+0000] {logging_mixin.py:188} INFO - [2024-04-29T17:33:38.351+0000] {dag.py:3834} INFO - Setting next_dagrun for example_external_task_marker_child to None, run_after=None
[2024-04-29T17:33:38.354+0000] {logging_mixin.py:188} INFO - [2024-04-29T17:33:38.354+0000] {dag.py:3834} INFO - Setting next_dagrun for example_external_task_marker_parent to None, run_after=None
[2024-04-29T17:33:38.373+0000] {processor.py:183} INFO - Processing /home/airflow/.local/lib/python3.8/site-packages/airflow/example_dags/example_external_task_marker_dag.py took 0.061 seconds
[2024-04-29T17:34:08.783+0000] {processor.py:161} INFO - Started process (PID=2269) to work on /home/airflow/.local/lib/python3.8/site-packages/airflow/example_dags/example_external_task_marker_dag.py
[2024-04-29T17:34:08.785+0000] {processor.py:830} INFO - Processing file /home/airflow/.local/lib/python3.8/site-packages/airflow/example_dags/example_external_task_marker_dag.py for tasks to queue
[2024-04-29T17:34:08.786+0000] {logging_mixin.py:188} INFO - [2024-04-29T17:34:08.786+0000] {dagbag.py:540} INFO - Filling up the DagBag from /home/airflow/.local/lib/python3.8/site-packages/airflow/example_dags/example_external_task_marker_dag.py
[2024-04-29T17:34:08.797+0000] {processor.py:840} INFO - DAG(s) 'example_external_task_marker_parent', 'example_external_task_marker_child' retrieved from /home/airflow/.local/lib/python3.8/site-packages/airflow/example_dags/example_external_task_marker_dag.py
[2024-04-29T17:34:08.823+0000] {logging_mixin.py:188} INFO - [2024-04-29T17:34:08.823+0000] {dag.py:3047} INFO - Sync 2 DAGs
[2024-04-29T17:34:08.839+0000] {logging_mixin.py:188} INFO - [2024-04-29T17:34:08.838+0000] {dag.py:3834} INFO - Setting next_dagrun for example_external_task_marker_child to None, run_after=None
[2024-04-29T17:34:08.843+0000] {logging_mixin.py:188} INFO - [2024-04-29T17:34:08.843+0000] {dag.py:3834} INFO - Setting next_dagrun for example_external_task_marker_parent to None, run_after=None
[2024-04-29T17:34:08.864+0000] {processor.py:183} INFO - Processing /home/airflow/.local/lib/python3.8/site-packages/airflow/example_dags/example_external_task_marker_dag.py took 0.084 seconds
[2024-04-29T17:34:39.412+0000] {processor.py:161} INFO - Started process (PID=2516) to work on /home/airflow/.local/lib/python3.8/site-packages/airflow/example_dags/example_external_task_marker_dag.py
[2024-04-29T17:34:39.413+0000] {processor.py:830} INFO - Processing file /home/airflow/.local/lib/python3.8/site-packages/airflow/example_dags/example_external_task_marker_dag.py for tasks to queue
[2024-04-29T17:34:39.414+0000] {logging_mixin.py:188} INFO - [2024-04-29T17:34:39.414+0000] {dagbag.py:540} INFO - Filling up the DagBag from /home/airflow/.local/lib/python3.8/site-packages/airflow/example_dags/example_external_task_marker_dag.py
[2024-04-29T17:34:39.421+0000] {processor.py:840} INFO - DAG(s) 'example_external_task_marker_parent', 'example_external_task_marker_child' retrieved from /home/airflow/.local/lib/python3.8/site-packages/airflow/example_dags/example_external_task_marker_dag.py
[2024-04-29T17:34:39.448+0000] {logging_mixin.py:188} INFO - [2024-04-29T17:34:39.448+0000] {dag.py:3047} INFO - Sync 2 DAGs
[2024-04-29T17:34:39.464+0000] {logging_mixin.py:188} INFO - [2024-04-29T17:34:39.463+0000] {dag.py:3834} INFO - Setting next_dagrun for example_external_task_marker_child to None, run_after=None
[2024-04-29T17:34:39.468+0000] {logging_mixin.py:188} INFO - [2024-04-29T17:34:39.467+0000] {dag.py:3834} INFO - Setting next_dagrun for example_external_task_marker_parent to None, run_after=None
[2024-04-29T17:34:39.491+0000] {processor.py:183} INFO - Processing /home/airflow/.local/lib/python3.8/site-packages/airflow/example_dags/example_external_task_marker_dag.py took 0.082 seconds
[2024-04-29T17:35:10.003+0000] {processor.py:161} INFO - Started process (PID=2763) to work on /home/airflow/.local/lib/python3.8/site-packages/airflow/example_dags/example_external_task_marker_dag.py
[2024-04-29T17:35:10.005+0000] {processor.py:830} INFO - Processing file /home/airflow/.local/lib/python3.8/site-packages/airflow/example_dags/example_external_task_marker_dag.py for tasks to queue
[2024-04-29T17:35:10.006+0000] {logging_mixin.py:188} INFO - [2024-04-29T17:35:10.006+0000] {dagbag.py:540} INFO - Filling up the DagBag from /home/airflow/.local/lib/python3.8/site-packages/airflow/example_dags/example_external_task_marker_dag.py
[2024-04-29T17:35:10.013+0000] {processor.py:840} INFO - DAG(s) 'example_external_task_marker_parent', 'example_external_task_marker_child' retrieved from /home/airflow/.local/lib/python3.8/site-packages/airflow/example_dags/example_external_task_marker_dag.py
[2024-04-29T17:35:10.039+0000] {logging_mixin.py:188} INFO - [2024-04-29T17:35:10.039+0000] {dag.py:3047} INFO - Sync 2 DAGs
[2024-04-29T17:35:10.054+0000] {logging_mixin.py:188} INFO - [2024-04-29T17:35:10.054+0000] {dag.py:3834} INFO - Setting next_dagrun for example_external_task_marker_child to None, run_after=None
[2024-04-29T17:35:10.059+0000] {logging_mixin.py:188} INFO - [2024-04-29T17:35:10.059+0000] {dag.py:3834} INFO - Setting next_dagrun for example_external_task_marker_parent to None, run_after=None
[2024-04-29T17:35:10.081+0000] {processor.py:183} INFO - Processing /home/airflow/.local/lib/python3.8/site-packages/airflow/example_dags/example_external_task_marker_dag.py took 0.081 seconds
[2024-04-29T17:35:40.727+0000] {processor.py:161} INFO - Started process (PID=3010) to work on /home/airflow/.local/lib/python3.8/site-packages/airflow/example_dags/example_external_task_marker_dag.py
[2024-04-29T17:35:40.728+0000] {processor.py:830} INFO - Processing file /home/airflow/.local/lib/python3.8/site-packages/airflow/example_dags/example_external_task_marker_dag.py for tasks to queue
[2024-04-29T17:35:40.730+0000] {logging_mixin.py:188} INFO - [2024-04-29T17:35:40.729+0000] {dagbag.py:540} INFO - Filling up the DagBag from /home/airflow/.local/lib/python3.8/site-packages/airflow/example_dags/example_external_task_marker_dag.py
[2024-04-29T17:35:40.737+0000] {processor.py:840} INFO - DAG(s) 'example_external_task_marker_parent', 'example_external_task_marker_child' retrieved from /home/airflow/.local/lib/python3.8/site-packages/airflow/example_dags/example_external_task_marker_dag.py
[2024-04-29T17:35:40.765+0000] {logging_mixin.py:188} INFO - [2024-04-29T17:35:40.765+0000] {dag.py:3047} INFO - Sync 2 DAGs
[2024-04-29T17:35:40.780+0000] {logging_mixin.py:188} INFO - [2024-04-29T17:35:40.780+0000] {dag.py:3834} INFO - Setting next_dagrun for example_external_task_marker_child to None, run_after=None
[2024-04-29T17:35:40.784+0000] {logging_mixin.py:188} INFO - [2024-04-29T17:35:40.784+0000] {dag.py:3834} INFO - Setting next_dagrun for example_external_task_marker_parent to None, run_after=None
[2024-04-29T17:35:40.824+0000] {processor.py:183} INFO - Processing /home/airflow/.local/lib/python3.8/site-packages/airflow/example_dags/example_external_task_marker_dag.py took 0.100 seconds
[2024-04-29T17:36:11.378+0000] {processor.py:161} INFO - Started process (PID=3259) to work on /home/airflow/.local/lib/python3.8/site-packages/airflow/example_dags/example_external_task_marker_dag.py
[2024-04-29T17:36:11.379+0000] {processor.py:830} INFO - Processing file /home/airflow/.local/lib/python3.8/site-packages/airflow/example_dags/example_external_task_marker_dag.py for tasks to queue
[2024-04-29T17:36:11.379+0000] {logging_mixin.py:188} INFO - [2024-04-29T17:36:11.379+0000] {dagbag.py:540} INFO - Filling up the DagBag from /home/airflow/.local/lib/python3.8/site-packages/airflow/example_dags/example_external_task_marker_dag.py
[2024-04-29T17:36:11.386+0000] {processor.py:840} INFO - DAG(s) 'example_external_task_marker_parent', 'example_external_task_marker_child' retrieved from /home/airflow/.local/lib/python3.8/site-packages/airflow/example_dags/example_external_task_marker_dag.py
[2024-04-29T17:36:11.415+0000] {logging_mixin.py:188} INFO - [2024-04-29T17:36:11.415+0000] {dag.py:3047} INFO - Sync 2 DAGs
[2024-04-29T17:36:11.431+0000] {logging_mixin.py:188} INFO - [2024-04-29T17:36:11.431+0000] {dag.py:3834} INFO - Setting next_dagrun for example_external_task_marker_child to None, run_after=None
[2024-04-29T17:36:11.435+0000] {logging_mixin.py:188} INFO - [2024-04-29T17:36:11.435+0000] {dag.py:3834} INFO - Setting next_dagrun for example_external_task_marker_parent to None, run_after=None
[2024-04-29T17:36:11.458+0000] {processor.py:183} INFO - Processing /home/airflow/.local/lib/python3.8/site-packages/airflow/example_dags/example_external_task_marker_dag.py took 0.084 seconds
[2024-04-29T17:36:41.899+0000] {processor.py:161} INFO - Started process (PID=3507) to work on /home/airflow/.local/lib/python3.8/site-packages/airflow/example_dags/example_external_task_marker_dag.py
[2024-04-29T17:36:41.900+0000] {processor.py:830} INFO - Processing file /home/airflow/.local/lib/python3.8/site-packages/airflow/example_dags/example_external_task_marker_dag.py for tasks to queue
[2024-04-29T17:36:41.901+0000] {logging_mixin.py:188} INFO - [2024-04-29T17:36:41.901+0000] {dagbag.py:540} INFO - Filling up the DagBag from /home/airflow/.local/lib/python3.8/site-packages/airflow/example_dags/example_external_task_marker_dag.py
[2024-04-29T17:36:41.908+0000] {processor.py:840} INFO - DAG(s) 'example_external_task_marker_parent', 'example_external_task_marker_child' retrieved from /home/airflow/.local/lib/python3.8/site-packages/airflow/example_dags/example_external_task_marker_dag.py
[2024-04-29T17:36:41.935+0000] {logging_mixin.py:188} INFO - [2024-04-29T17:36:41.935+0000] {dag.py:3047} INFO - Sync 2 DAGs
[2024-04-29T17:36:41.951+0000] {logging_mixin.py:188} INFO - [2024-04-29T17:36:41.951+0000] {dag.py:3834} INFO - Setting next_dagrun for example_external_task_marker_child to None, run_after=None
[2024-04-29T17:36:41.956+0000] {logging_mixin.py:188} INFO - [2024-04-29T17:36:41.956+0000] {dag.py:3834} INFO - Setting next_dagrun for example_external_task_marker_parent to None, run_after=None
[2024-04-29T17:36:41.979+0000] {processor.py:183} INFO - Processing /home/airflow/.local/lib/python3.8/site-packages/airflow/example_dags/example_external_task_marker_dag.py took 0.089 seconds
[2024-04-29T17:37:14.997+0000] {processor.py:161} INFO - Started process (PID=3815) to work on /home/airflow/.local/lib/python3.8/site-packages/airflow/example_dags/example_external_task_marker_dag.py
[2024-04-29T17:37:15.002+0000] {processor.py:830} INFO - Processing file /home/airflow/.local/lib/python3.8/site-packages/airflow/example_dags/example_external_task_marker_dag.py for tasks to queue
[2024-04-29T17:37:15.003+0000] {logging_mixin.py:188} INFO - [2024-04-29T17:37:15.003+0000] {dagbag.py:540} INFO - Filling up the DagBag from /home/airflow/.local/lib/python3.8/site-packages/airflow/example_dags/example_external_task_marker_dag.py
[2024-04-29T17:37:15.055+0000] {processor.py:840} INFO - DAG(s) 'example_external_task_marker_child', 'example_external_task_marker_parent' retrieved from /home/airflow/.local/lib/python3.8/site-packages/airflow/example_dags/example_external_task_marker_dag.py
[2024-04-29T17:37:15.233+0000] {logging_mixin.py:188} INFO - [2024-04-29T17:37:15.232+0000] {dag.py:3047} INFO - Sync 2 DAGs
[2024-04-29T17:37:15.373+0000] {logging_mixin.py:188} INFO - [2024-04-29T17:37:15.372+0000] {dag.py:3834} INFO - Setting next_dagrun for example_external_task_marker_child to None, run_after=None
[2024-04-29T17:37:15.419+0000] {logging_mixin.py:188} INFO - [2024-04-29T17:37:15.418+0000] {dag.py:3834} INFO - Setting next_dagrun for example_external_task_marker_parent to None, run_after=None
[2024-04-29T17:37:15.622+0000] {processor.py:183} INFO - Processing /home/airflow/.local/lib/python3.8/site-packages/airflow/example_dags/example_external_task_marker_dag.py took 0.629 seconds
[2024-04-29T17:37:46.619+0000] {processor.py:161} INFO - Started process (PID=4156) to work on /home/airflow/.local/lib/python3.8/site-packages/airflow/example_dags/example_external_task_marker_dag.py
[2024-04-29T17:37:46.620+0000] {processor.py:830} INFO - Processing file /home/airflow/.local/lib/python3.8/site-packages/airflow/example_dags/example_external_task_marker_dag.py for tasks to queue
[2024-04-29T17:37:46.621+0000] {logging_mixin.py:188} INFO - [2024-04-29T17:37:46.621+0000] {dagbag.py:540} INFO - Filling up the DagBag from /home/airflow/.local/lib/python3.8/site-packages/airflow/example_dags/example_external_task_marker_dag.py
[2024-04-29T17:37:46.628+0000] {processor.py:840} INFO - DAG(s) 'example_external_task_marker_child', 'example_external_task_marker_parent' retrieved from /home/airflow/.local/lib/python3.8/site-packages/airflow/example_dags/example_external_task_marker_dag.py
[2024-04-29T17:37:46.655+0000] {logging_mixin.py:188} INFO - [2024-04-29T17:37:46.654+0000] {dag.py:3047} INFO - Sync 2 DAGs
[2024-04-29T17:37:46.669+0000] {logging_mixin.py:188} INFO - [2024-04-29T17:37:46.669+0000] {dag.py:3834} INFO - Setting next_dagrun for example_external_task_marker_child to None, run_after=None
[2024-04-29T17:37:46.673+0000] {logging_mixin.py:188} INFO - [2024-04-29T17:37:46.673+0000] {dag.py:3834} INFO - Setting next_dagrun for example_external_task_marker_parent to None, run_after=None
[2024-04-29T17:37:46.742+0000] {processor.py:183} INFO - Processing /home/airflow/.local/lib/python3.8/site-packages/airflow/example_dags/example_external_task_marker_dag.py took 0.127 seconds
[2024-04-29T17:38:16.800+0000] {processor.py:161} INFO - Started process (PID=4404) to work on /home/airflow/.local/lib/python3.8/site-packages/airflow/example_dags/example_external_task_marker_dag.py
[2024-04-29T17:38:16.801+0000] {processor.py:830} INFO - Processing file /home/airflow/.local/lib/python3.8/site-packages/airflow/example_dags/example_external_task_marker_dag.py for tasks to queue
[2024-04-29T17:38:16.804+0000] {logging_mixin.py:188} INFO - [2024-04-29T17:38:16.803+0000] {dagbag.py:540} INFO - Filling up the DagBag from /home/airflow/.local/lib/python3.8/site-packages/airflow/example_dags/example_external_task_marker_dag.py
[2024-04-29T17:38:16.808+0000] {processor.py:840} INFO - DAG(s) 'example_external_task_marker_child', 'example_external_task_marker_parent' retrieved from /home/airflow/.local/lib/python3.8/site-packages/airflow/example_dags/example_external_task_marker_dag.py
[2024-04-29T17:38:16.827+0000] {logging_mixin.py:188} INFO - [2024-04-29T17:38:16.826+0000] {dag.py:3047} INFO - Sync 2 DAGs
[2024-04-29T17:38:16.836+0000] {logging_mixin.py:188} INFO - [2024-04-29T17:38:16.836+0000] {dag.py:3834} INFO - Setting next_dagrun for example_external_task_marker_child to None, run_after=None
[2024-04-29T17:38:16.839+0000] {logging_mixin.py:188} INFO - [2024-04-29T17:38:16.839+0000] {dag.py:3834} INFO - Setting next_dagrun for example_external_task_marker_parent to None, run_after=None
[2024-04-29T17:38:16.859+0000] {processor.py:183} INFO - Processing /home/airflow/.local/lib/python3.8/site-packages/airflow/example_dags/example_external_task_marker_dag.py took 0.062 seconds
[2024-04-29T17:38:47.030+0000] {processor.py:161} INFO - Started process (PID=4651) to work on /home/airflow/.local/lib/python3.8/site-packages/airflow/example_dags/example_external_task_marker_dag.py
[2024-04-29T17:38:47.031+0000] {processor.py:830} INFO - Processing file /home/airflow/.local/lib/python3.8/site-packages/airflow/example_dags/example_external_task_marker_dag.py for tasks to queue
[2024-04-29T17:38:47.031+0000] {logging_mixin.py:188} INFO - [2024-04-29T17:38:47.031+0000] {dagbag.py:540} INFO - Filling up the DagBag from /home/airflow/.local/lib/python3.8/site-packages/airflow/example_dags/example_external_task_marker_dag.py
[2024-04-29T17:38:47.036+0000] {processor.py:840} INFO - DAG(s) 'example_external_task_marker_parent', 'example_external_task_marker_child' retrieved from /home/airflow/.local/lib/python3.8/site-packages/airflow/example_dags/example_external_task_marker_dag.py
[2024-04-29T17:38:47.055+0000] {logging_mixin.py:188} INFO - [2024-04-29T17:38:47.055+0000] {dag.py:3047} INFO - Sync 2 DAGs
[2024-04-29T17:38:47.065+0000] {logging_mixin.py:188} INFO - [2024-04-29T17:38:47.065+0000] {dag.py:3834} INFO - Setting next_dagrun for example_external_task_marker_child to None, run_after=None
[2024-04-29T17:38:47.068+0000] {logging_mixin.py:188} INFO - [2024-04-29T17:38:47.068+0000] {dag.py:3834} INFO - Setting next_dagrun for example_external_task_marker_parent to None, run_after=None
[2024-04-29T17:38:47.090+0000] {processor.py:183} INFO - Processing /home/airflow/.local/lib/python3.8/site-packages/airflow/example_dags/example_external_task_marker_dag.py took 0.062 seconds
[2024-04-29T17:39:17.789+0000] {processor.py:161} INFO - Started process (PID=4896) to work on /home/airflow/.local/lib/python3.8/site-packages/airflow/example_dags/example_external_task_marker_dag.py
[2024-04-29T17:39:17.790+0000] {processor.py:830} INFO - Processing file /home/airflow/.local/lib/python3.8/site-packages/airflow/example_dags/example_external_task_marker_dag.py for tasks to queue
[2024-04-29T17:39:17.791+0000] {logging_mixin.py:188} INFO - [2024-04-29T17:39:17.791+0000] {dagbag.py:540} INFO - Filling up the DagBag from /home/airflow/.local/lib/python3.8/site-packages/airflow/example_dags/example_external_task_marker_dag.py
[2024-04-29T17:39:17.798+0000] {processor.py:840} INFO - DAG(s) 'example_external_task_marker_parent', 'example_external_task_marker_child' retrieved from /home/airflow/.local/lib/python3.8/site-packages/airflow/example_dags/example_external_task_marker_dag.py
[2024-04-29T17:39:17.826+0000] {logging_mixin.py:188} INFO - [2024-04-29T17:39:17.826+0000] {dag.py:3047} INFO - Sync 2 DAGs
[2024-04-29T17:39:17.842+0000] {logging_mixin.py:188} INFO - [2024-04-29T17:39:17.842+0000] {dag.py:3834} INFO - Setting next_dagrun for example_external_task_marker_child to None, run_after=None
[2024-04-29T17:39:17.846+0000] {logging_mixin.py:188} INFO - [2024-04-29T17:39:17.846+0000] {dag.py:3834} INFO - Setting next_dagrun for example_external_task_marker_parent to None, run_after=None
[2024-04-29T17:39:17.868+0000] {processor.py:183} INFO - Processing /home/airflow/.local/lib/python3.8/site-packages/airflow/example_dags/example_external_task_marker_dag.py took 0.083 seconds
[2024-04-29T17:39:48.453+0000] {processor.py:161} INFO - Started process (PID=5144) to work on /home/airflow/.local/lib/python3.8/site-packages/airflow/example_dags/example_external_task_marker_dag.py
[2024-04-29T17:39:48.453+0000] {processor.py:830} INFO - Processing file /home/airflow/.local/lib/python3.8/site-packages/airflow/example_dags/example_external_task_marker_dag.py for tasks to queue
[2024-04-29T17:39:48.454+0000] {logging_mixin.py:188} INFO - [2024-04-29T17:39:48.454+0000] {dagbag.py:540} INFO - Filling up the DagBag from /home/airflow/.local/lib/python3.8/site-packages/airflow/example_dags/example_external_task_marker_dag.py
[2024-04-29T17:39:48.459+0000] {processor.py:840} INFO - DAG(s) 'example_external_task_marker_child', 'example_external_task_marker_parent' retrieved from /home/airflow/.local/lib/python3.8/site-packages/airflow/example_dags/example_external_task_marker_dag.py
[2024-04-29T17:39:48.478+0000] {logging_mixin.py:188} INFO - [2024-04-29T17:39:48.478+0000] {dag.py:3047} INFO - Sync 2 DAGs
[2024-04-29T17:39:48.488+0000] {logging_mixin.py:188} INFO - [2024-04-29T17:39:48.488+0000] {dag.py:3834} INFO - Setting next_dagrun for example_external_task_marker_child to None, run_after=None
[2024-04-29T17:39:48.491+0000] {logging_mixin.py:188} INFO - [2024-04-29T17:39:48.491+0000] {dag.py:3834} INFO - Setting next_dagrun for example_external_task_marker_parent to None, run_after=None
[2024-04-29T17:39:48.510+0000] {processor.py:183} INFO - Processing /home/airflow/.local/lib/python3.8/site-packages/airflow/example_dags/example_external_task_marker_dag.py took 0.060 seconds
[2024-04-29T17:40:19.016+0000] {processor.py:161} INFO - Started process (PID=5391) to work on /home/airflow/.local/lib/python3.8/site-packages/airflow/example_dags/example_external_task_marker_dag.py
[2024-04-29T17:40:19.017+0000] {processor.py:830} INFO - Processing file /home/airflow/.local/lib/python3.8/site-packages/airflow/example_dags/example_external_task_marker_dag.py for tasks to queue
[2024-04-29T17:40:19.018+0000] {logging_mixin.py:188} INFO - [2024-04-29T17:40:19.018+0000] {dagbag.py:540} INFO - Filling up the DagBag from /home/airflow/.local/lib/python3.8/site-packages/airflow/example_dags/example_external_task_marker_dag.py
[2024-04-29T17:40:19.024+0000] {processor.py:840} INFO - DAG(s) 'example_external_task_marker_parent', 'example_external_task_marker_child' retrieved from /home/airflow/.local/lib/python3.8/site-packages/airflow/example_dags/example_external_task_marker_dag.py
[2024-04-29T17:40:19.051+0000] {logging_mixin.py:188} INFO - [2024-04-29T17:40:19.051+0000] {dag.py:3047} INFO - Sync 2 DAGs
[2024-04-29T17:40:19.067+0000] {logging_mixin.py:188} INFO - [2024-04-29T17:40:19.067+0000] {dag.py:3834} INFO - Setting next_dagrun for example_external_task_marker_child to None, run_after=None
[2024-04-29T17:40:19.071+0000] {logging_mixin.py:188} INFO - [2024-04-29T17:40:19.071+0000] {dag.py:3834} INFO - Setting next_dagrun for example_external_task_marker_parent to None, run_after=None
[2024-04-29T17:40:19.096+0000] {processor.py:183} INFO - Processing /home/airflow/.local/lib/python3.8/site-packages/airflow/example_dags/example_external_task_marker_dag.py took 0.083 seconds
[2024-04-29T17:40:49.317+0000] {processor.py:161} INFO - Started process (PID=5638) to work on /home/airflow/.local/lib/python3.8/site-packages/airflow/example_dags/example_external_task_marker_dag.py
[2024-04-29T17:40:49.318+0000] {processor.py:830} INFO - Processing file /home/airflow/.local/lib/python3.8/site-packages/airflow/example_dags/example_external_task_marker_dag.py for tasks to queue
[2024-04-29T17:40:49.319+0000] {logging_mixin.py:188} INFO - [2024-04-29T17:40:49.318+0000] {dagbag.py:540} INFO - Filling up the DagBag from /home/airflow/.local/lib/python3.8/site-packages/airflow/example_dags/example_external_task_marker_dag.py
[2024-04-29T17:40:49.324+0000] {processor.py:840} INFO - DAG(s) 'example_external_task_marker_child', 'example_external_task_marker_parent' retrieved from /home/airflow/.local/lib/python3.8/site-packages/airflow/example_dags/example_external_task_marker_dag.py
[2024-04-29T17:40:49.350+0000] {logging_mixin.py:188} INFO - [2024-04-29T17:40:49.350+0000] {dag.py:3047} INFO - Sync 2 DAGs
[2024-04-29T17:40:49.365+0000] {logging_mixin.py:188} INFO - [2024-04-29T17:40:49.364+0000] {dag.py:3834} INFO - Setting next_dagrun for example_external_task_marker_child to None, run_after=None
[2024-04-29T17:40:49.369+0000] {logging_mixin.py:188} INFO - [2024-04-29T17:40:49.368+0000] {dag.py:3834} INFO - Setting next_dagrun for example_external_task_marker_parent to None, run_after=None
[2024-04-29T17:40:49.395+0000] {processor.py:183} INFO - Processing /home/airflow/.local/lib/python3.8/site-packages/airflow/example_dags/example_external_task_marker_dag.py took 0.081 seconds
[2024-04-29T17:41:19.515+0000] {processor.py:161} INFO - Started process (PID=5885) to work on /home/airflow/.local/lib/python3.8/site-packages/airflow/example_dags/example_external_task_marker_dag.py
[2024-04-29T17:41:19.516+0000] {processor.py:830} INFO - Processing file /home/airflow/.local/lib/python3.8/site-packages/airflow/example_dags/example_external_task_marker_dag.py for tasks to queue
[2024-04-29T17:41:19.516+0000] {logging_mixin.py:188} INFO - [2024-04-29T17:41:19.516+0000] {dagbag.py:540} INFO - Filling up the DagBag from /home/airflow/.local/lib/python3.8/site-packages/airflow/example_dags/example_external_task_marker_dag.py
[2024-04-29T17:41:19.521+0000] {processor.py:840} INFO - DAG(s) 'example_external_task_marker_child', 'example_external_task_marker_parent' retrieved from /home/airflow/.local/lib/python3.8/site-packages/airflow/example_dags/example_external_task_marker_dag.py
[2024-04-29T17:41:19.540+0000] {logging_mixin.py:188} INFO - [2024-04-29T17:41:19.540+0000] {dag.py:3047} INFO - Sync 2 DAGs
[2024-04-29T17:41:19.550+0000] {logging_mixin.py:188} INFO - [2024-04-29T17:41:19.550+0000] {dag.py:3834} INFO - Setting next_dagrun for example_external_task_marker_child to None, run_after=None
[2024-04-29T17:41:19.553+0000] {logging_mixin.py:188} INFO - [2024-04-29T17:41:19.553+0000] {dag.py:3834} INFO - Setting next_dagrun for example_external_task_marker_parent to None, run_after=None
[2024-04-29T17:41:19.574+0000] {processor.py:183} INFO - Processing /home/airflow/.local/lib/python3.8/site-packages/airflow/example_dags/example_external_task_marker_dag.py took 0.062 seconds
[2024-04-29T17:41:49.870+0000] {processor.py:161} INFO - Started process (PID=6130) to work on /home/airflow/.local/lib/python3.8/site-packages/airflow/example_dags/example_external_task_marker_dag.py
[2024-04-29T17:41:49.870+0000] {processor.py:830} INFO - Processing file /home/airflow/.local/lib/python3.8/site-packages/airflow/example_dags/example_external_task_marker_dag.py for tasks to queue
[2024-04-29T17:41:49.871+0000] {logging_mixin.py:188} INFO - [2024-04-29T17:41:49.871+0000] {dagbag.py:540} INFO - Filling up the DagBag from /home/airflow/.local/lib/python3.8/site-packages/airflow/example_dags/example_external_task_marker_dag.py
[2024-04-29T17:41:49.878+0000] {processor.py:840} INFO - DAG(s) 'example_external_task_marker_child', 'example_external_task_marker_parent' retrieved from /home/airflow/.local/lib/python3.8/site-packages/airflow/example_dags/example_external_task_marker_dag.py
[2024-04-29T17:41:49.946+0000] {logging_mixin.py:188} INFO - [2024-04-29T17:41:49.946+0000] {dag.py:3047} INFO - Sync 2 DAGs
[2024-04-29T17:41:49.963+0000] {logging_mixin.py:188} INFO - [2024-04-29T17:41:49.963+0000] {dag.py:3834} INFO - Setting next_dagrun for example_external_task_marker_child to None, run_after=None
[2024-04-29T17:41:49.967+0000] {logging_mixin.py:188} INFO - [2024-04-29T17:41:49.967+0000] {dag.py:3834} INFO - Setting next_dagrun for example_external_task_marker_parent to None, run_after=None
[2024-04-29T17:41:49.989+0000] {processor.py:183} INFO - Processing /home/airflow/.local/lib/python3.8/site-packages/airflow/example_dags/example_external_task_marker_dag.py took 0.127 seconds
[2024-04-29T17:42:20.166+0000] {processor.py:161} INFO - Started process (PID=6379) to work on /home/airflow/.local/lib/python3.8/site-packages/airflow/example_dags/example_external_task_marker_dag.py
[2024-04-29T17:42:20.167+0000] {processor.py:830} INFO - Processing file /home/airflow/.local/lib/python3.8/site-packages/airflow/example_dags/example_external_task_marker_dag.py for tasks to queue
[2024-04-29T17:42:20.168+0000] {logging_mixin.py:188} INFO - [2024-04-29T17:42:20.168+0000] {dagbag.py:540} INFO - Filling up the DagBag from /home/airflow/.local/lib/python3.8/site-packages/airflow/example_dags/example_external_task_marker_dag.py
[2024-04-29T17:42:20.175+0000] {processor.py:840} INFO - DAG(s) 'example_external_task_marker_parent', 'example_external_task_marker_child' retrieved from /home/airflow/.local/lib/python3.8/site-packages/airflow/example_dags/example_external_task_marker_dag.py
[2024-04-29T17:42:20.251+0000] {logging_mixin.py:188} INFO - [2024-04-29T17:42:20.251+0000] {dag.py:3047} INFO - Sync 2 DAGs
[2024-04-29T17:42:20.266+0000] {logging_mixin.py:188} INFO - [2024-04-29T17:42:20.265+0000] {dag.py:3834} INFO - Setting next_dagrun for example_external_task_marker_child to None, run_after=None
[2024-04-29T17:42:20.270+0000] {logging_mixin.py:188} INFO - [2024-04-29T17:42:20.270+0000] {dag.py:3834} INFO - Setting next_dagrun for example_external_task_marker_parent to None, run_after=None
[2024-04-29T17:42:20.294+0000] {processor.py:183} INFO - Processing /home/airflow/.local/lib/python3.8/site-packages/airflow/example_dags/example_external_task_marker_dag.py took 0.132 seconds
[2024-04-29T17:42:50.642+0000] {processor.py:161} INFO - Started process (PID=6624) to work on /home/airflow/.local/lib/python3.8/site-packages/airflow/example_dags/example_external_task_marker_dag.py
[2024-04-29T17:42:50.643+0000] {processor.py:830} INFO - Processing file /home/airflow/.local/lib/python3.8/site-packages/airflow/example_dags/example_external_task_marker_dag.py for tasks to queue
[2024-04-29T17:42:50.644+0000] {logging_mixin.py:188} INFO - [2024-04-29T17:42:50.644+0000] {dagbag.py:540} INFO - Filling up the DagBag from /home/airflow/.local/lib/python3.8/site-packages/airflow/example_dags/example_external_task_marker_dag.py
[2024-04-29T17:42:50.651+0000] {processor.py:840} INFO - DAG(s) 'example_external_task_marker_parent', 'example_external_task_marker_child' retrieved from /home/airflow/.local/lib/python3.8/site-packages/airflow/example_dags/example_external_task_marker_dag.py
[2024-04-29T17:42:50.678+0000] {logging_mixin.py:188} INFO - [2024-04-29T17:42:50.678+0000] {dag.py:3047} INFO - Sync 2 DAGs
[2024-04-29T17:42:50.694+0000] {logging_mixin.py:188} INFO - [2024-04-29T17:42:50.693+0000] {dag.py:3834} INFO - Setting next_dagrun for example_external_task_marker_child to None, run_after=None
[2024-04-29T17:42:50.698+0000] {logging_mixin.py:188} INFO - [2024-04-29T17:42:50.697+0000] {dag.py:3834} INFO - Setting next_dagrun for example_external_task_marker_parent to None, run_after=None
[2024-04-29T17:42:50.721+0000] {processor.py:183} INFO - Processing /home/airflow/.local/lib/python3.8/site-packages/airflow/example_dags/example_external_task_marker_dag.py took 0.082 seconds
[2024-04-29T17:43:20.791+0000] {processor.py:161} INFO - Started process (PID=6873) to work on /home/airflow/.local/lib/python3.8/site-packages/airflow/example_dags/example_external_task_marker_dag.py
[2024-04-29T17:43:20.792+0000] {processor.py:830} INFO - Processing file /home/airflow/.local/lib/python3.8/site-packages/airflow/example_dags/example_external_task_marker_dag.py for tasks to queue
[2024-04-29T17:43:20.793+0000] {logging_mixin.py:188} INFO - [2024-04-29T17:43:20.793+0000] {dagbag.py:540} INFO - Filling up the DagBag from /home/airflow/.local/lib/python3.8/site-packages/airflow/example_dags/example_external_task_marker_dag.py
[2024-04-29T17:43:20.799+0000] {processor.py:840} INFO - DAG(s) 'example_external_task_marker_parent', 'example_external_task_marker_child' retrieved from /home/airflow/.local/lib/python3.8/site-packages/airflow/example_dags/example_external_task_marker_dag.py
[2024-04-29T17:43:20.818+0000] {logging_mixin.py:188} INFO - [2024-04-29T17:43:20.818+0000] {dag.py:3047} INFO - Sync 2 DAGs
[2024-04-29T17:43:20.828+0000] {logging_mixin.py:188} INFO - [2024-04-29T17:43:20.828+0000] {dag.py:3834} INFO - Setting next_dagrun for example_external_task_marker_child to None, run_after=None
[2024-04-29T17:43:20.831+0000] {logging_mixin.py:188} INFO - [2024-04-29T17:43:20.831+0000] {dag.py:3834} INFO - Setting next_dagrun for example_external_task_marker_parent to None, run_after=None
[2024-04-29T17:43:20.849+0000] {processor.py:183} INFO - Processing /home/airflow/.local/lib/python3.8/site-packages/airflow/example_dags/example_external_task_marker_dag.py took 0.060 seconds
[2024-04-29T17:43:51.060+0000] {processor.py:161} INFO - Started process (PID=7120) to work on /home/airflow/.local/lib/python3.8/site-packages/airflow/example_dags/example_external_task_marker_dag.py
[2024-04-29T17:43:51.061+0000] {processor.py:830} INFO - Processing file /home/airflow/.local/lib/python3.8/site-packages/airflow/example_dags/example_external_task_marker_dag.py for tasks to queue
[2024-04-29T17:43:51.061+0000] {logging_mixin.py:188} INFO - [2024-04-29T17:43:51.061+0000] {dagbag.py:540} INFO - Filling up the DagBag from /home/airflow/.local/lib/python3.8/site-packages/airflow/example_dags/example_external_task_marker_dag.py
[2024-04-29T17:43:51.066+0000] {processor.py:840} INFO - DAG(s) 'example_external_task_marker_child', 'example_external_task_marker_parent' retrieved from /home/airflow/.local/lib/python3.8/site-packages/airflow/example_dags/example_external_task_marker_dag.py
[2024-04-29T17:43:51.085+0000] {logging_mixin.py:188} INFO - [2024-04-29T17:43:51.085+0000] {dag.py:3047} INFO - Sync 2 DAGs
[2024-04-29T17:43:51.101+0000] {logging_mixin.py:188} INFO - [2024-04-29T17:43:51.101+0000] {dag.py:3834} INFO - Setting next_dagrun for example_external_task_marker_child to None, run_after=None
[2024-04-29T17:43:51.106+0000] {logging_mixin.py:188} INFO - [2024-04-29T17:43:51.106+0000] {dag.py:3834} INFO - Setting next_dagrun for example_external_task_marker_parent to None, run_after=None
[2024-04-29T17:43:51.125+0000] {processor.py:183} INFO - Processing /home/airflow/.local/lib/python3.8/site-packages/airflow/example_dags/example_external_task_marker_dag.py took 0.067 seconds
[2024-04-29T17:44:21.473+0000] {processor.py:161} INFO - Started process (PID=7366) to work on /home/airflow/.local/lib/python3.8/site-packages/airflow/example_dags/example_external_task_marker_dag.py
[2024-04-29T17:44:21.475+0000] {processor.py:830} INFO - Processing file /home/airflow/.local/lib/python3.8/site-packages/airflow/example_dags/example_external_task_marker_dag.py for tasks to queue
[2024-04-29T17:44:21.476+0000] {logging_mixin.py:188} INFO - [2024-04-29T17:44:21.475+0000] {dagbag.py:540} INFO - Filling up the DagBag from /home/airflow/.local/lib/python3.8/site-packages/airflow/example_dags/example_external_task_marker_dag.py
[2024-04-29T17:44:21.482+0000] {processor.py:840} INFO - DAG(s) 'example_external_task_marker_parent', 'example_external_task_marker_child' retrieved from /home/airflow/.local/lib/python3.8/site-packages/airflow/example_dags/example_external_task_marker_dag.py
[2024-04-29T17:44:21.508+0000] {logging_mixin.py:188} INFO - [2024-04-29T17:44:21.508+0000] {dag.py:3047} INFO - Sync 2 DAGs
[2024-04-29T17:44:21.525+0000] {logging_mixin.py:188} INFO - [2024-04-29T17:44:21.525+0000] {dag.py:3834} INFO - Setting next_dagrun for example_external_task_marker_child to None, run_after=None
[2024-04-29T17:44:21.529+0000] {logging_mixin.py:188} INFO - [2024-04-29T17:44:21.529+0000] {dag.py:3834} INFO - Setting next_dagrun for example_external_task_marker_parent to None, run_after=None
[2024-04-29T17:44:21.553+0000] {processor.py:183} INFO - Processing /home/airflow/.local/lib/python3.8/site-packages/airflow/example_dags/example_external_task_marker_dag.py took 0.083 seconds
[2024-04-29T17:44:51.922+0000] {processor.py:161} INFO - Started process (PID=7614) to work on /home/airflow/.local/lib/python3.8/site-packages/airflow/example_dags/example_external_task_marker_dag.py
[2024-04-29T17:44:51.923+0000] {processor.py:830} INFO - Processing file /home/airflow/.local/lib/python3.8/site-packages/airflow/example_dags/example_external_task_marker_dag.py for tasks to queue
[2024-04-29T17:44:51.924+0000] {logging_mixin.py:188} INFO - [2024-04-29T17:44:51.924+0000] {dagbag.py:540} INFO - Filling up the DagBag from /home/airflow/.local/lib/python3.8/site-packages/airflow/example_dags/example_external_task_marker_dag.py
[2024-04-29T17:44:51.929+0000] {processor.py:840} INFO - DAG(s) 'example_external_task_marker_parent', 'example_external_task_marker_child' retrieved from /home/airflow/.local/lib/python3.8/site-packages/airflow/example_dags/example_external_task_marker_dag.py
[2024-04-29T17:44:51.948+0000] {logging_mixin.py:188} INFO - [2024-04-29T17:44:51.948+0000] {dag.py:3047} INFO - Sync 2 DAGs
[2024-04-29T17:44:51.958+0000] {logging_mixin.py:188} INFO - [2024-04-29T17:44:51.958+0000] {dag.py:3834} INFO - Setting next_dagrun for example_external_task_marker_child to None, run_after=None
[2024-04-29T17:44:51.960+0000] {logging_mixin.py:188} INFO - [2024-04-29T17:44:51.960+0000] {dag.py:3834} INFO - Setting next_dagrun for example_external_task_marker_parent to None, run_after=None
[2024-04-29T17:44:51.987+0000] {processor.py:183} INFO - Processing /home/airflow/.local/lib/python3.8/site-packages/airflow/example_dags/example_external_task_marker_dag.py took 0.067 seconds
[2024-04-29T17:45:22.339+0000] {processor.py:161} INFO - Started process (PID=7862) to work on /home/airflow/.local/lib/python3.8/site-packages/airflow/example_dags/example_external_task_marker_dag.py
[2024-04-29T17:45:22.340+0000] {processor.py:830} INFO - Processing file /home/airflow/.local/lib/python3.8/site-packages/airflow/example_dags/example_external_task_marker_dag.py for tasks to queue
[2024-04-29T17:45:22.341+0000] {logging_mixin.py:188} INFO - [2024-04-29T17:45:22.340+0000] {dagbag.py:540} INFO - Filling up the DagBag from /home/airflow/.local/lib/python3.8/site-packages/airflow/example_dags/example_external_task_marker_dag.py
[2024-04-29T17:45:22.345+0000] {processor.py:840} INFO - DAG(s) 'example_external_task_marker_child', 'example_external_task_marker_parent' retrieved from /home/airflow/.local/lib/python3.8/site-packages/airflow/example_dags/example_external_task_marker_dag.py
[2024-04-29T17:45:22.364+0000] {logging_mixin.py:188} INFO - [2024-04-29T17:45:22.364+0000] {dag.py:3047} INFO - Sync 2 DAGs
[2024-04-29T17:45:22.374+0000] {logging_mixin.py:188} INFO - [2024-04-29T17:45:22.374+0000] {dag.py:3834} INFO - Setting next_dagrun for example_external_task_marker_child to None, run_after=None
[2024-04-29T17:45:22.377+0000] {logging_mixin.py:188} INFO - [2024-04-29T17:45:22.377+0000] {dag.py:3834} INFO - Setting next_dagrun for example_external_task_marker_parent to None, run_after=None
[2024-04-29T17:45:22.395+0000] {processor.py:183} INFO - Processing /home/airflow/.local/lib/python3.8/site-packages/airflow/example_dags/example_external_task_marker_dag.py took 0.059 seconds
[2024-04-29T17:45:52.726+0000] {processor.py:161} INFO - Started process (PID=8110) to work on /home/airflow/.local/lib/python3.8/site-packages/airflow/example_dags/example_external_task_marker_dag.py
[2024-04-29T17:45:52.727+0000] {processor.py:830} INFO - Processing file /home/airflow/.local/lib/python3.8/site-packages/airflow/example_dags/example_external_task_marker_dag.py for tasks to queue
[2024-04-29T17:45:52.728+0000] {logging_mixin.py:188} INFO - [2024-04-29T17:45:52.728+0000] {dagbag.py:540} INFO - Filling up the DagBag from /home/airflow/.local/lib/python3.8/site-packages/airflow/example_dags/example_external_task_marker_dag.py
[2024-04-29T17:45:52.733+0000] {processor.py:840} INFO - DAG(s) 'example_external_task_marker_parent', 'example_external_task_marker_child' retrieved from /home/airflow/.local/lib/python3.8/site-packages/airflow/example_dags/example_external_task_marker_dag.py
[2024-04-29T17:45:52.752+0000] {logging_mixin.py:188} INFO - [2024-04-29T17:45:52.752+0000] {dag.py:3047} INFO - Sync 2 DAGs
[2024-04-29T17:45:52.762+0000] {logging_mixin.py:188} INFO - [2024-04-29T17:45:52.761+0000] {dag.py:3834} INFO - Setting next_dagrun for example_external_task_marker_child to None, run_after=None
[2024-04-29T17:45:52.764+0000] {logging_mixin.py:188} INFO - [2024-04-29T17:45:52.764+0000] {dag.py:3834} INFO - Setting next_dagrun for example_external_task_marker_parent to None, run_after=None
[2024-04-29T17:45:52.786+0000] {processor.py:183} INFO - Processing /home/airflow/.local/lib/python3.8/site-packages/airflow/example_dags/example_external_task_marker_dag.py took 0.062 seconds
[2024-04-29T17:46:23.000+0000] {processor.py:161} INFO - Started process (PID=8358) to work on /home/airflow/.local/lib/python3.8/site-packages/airflow/example_dags/example_external_task_marker_dag.py
[2024-04-29T17:46:23.001+0000] {processor.py:830} INFO - Processing file /home/airflow/.local/lib/python3.8/site-packages/airflow/example_dags/example_external_task_marker_dag.py for tasks to queue
[2024-04-29T17:46:23.003+0000] {logging_mixin.py:188} INFO - [2024-04-29T17:46:23.002+0000] {dagbag.py:540} INFO - Filling up the DagBag from /home/airflow/.local/lib/python3.8/site-packages/airflow/example_dags/example_external_task_marker_dag.py
[2024-04-29T17:46:23.009+0000] {processor.py:840} INFO - DAG(s) 'example_external_task_marker_child', 'example_external_task_marker_parent' retrieved from /home/airflow/.local/lib/python3.8/site-packages/airflow/example_dags/example_external_task_marker_dag.py
[2024-04-29T17:46:23.039+0000] {logging_mixin.py:188} INFO - [2024-04-29T17:46:23.039+0000] {dag.py:3047} INFO - Sync 2 DAGs
[2024-04-29T17:46:23.054+0000] {logging_mixin.py:188} INFO - [2024-04-29T17:46:23.054+0000] {dag.py:3834} INFO - Setting next_dagrun for example_external_task_marker_child to None, run_after=None
[2024-04-29T17:46:23.058+0000] {logging_mixin.py:188} INFO - [2024-04-29T17:46:23.058+0000] {dag.py:3834} INFO - Setting next_dagrun for example_external_task_marker_parent to None, run_after=None
[2024-04-29T17:46:23.080+0000] {processor.py:183} INFO - Processing /home/airflow/.local/lib/python3.8/site-packages/airflow/example_dags/example_external_task_marker_dag.py took 0.083 seconds
[2024-04-29T17:46:53.361+0000] {processor.py:161} INFO - Started process (PID=8605) to work on /home/airflow/.local/lib/python3.8/site-packages/airflow/example_dags/example_external_task_marker_dag.py
[2024-04-29T17:46:53.362+0000] {processor.py:830} INFO - Processing file /home/airflow/.local/lib/python3.8/site-packages/airflow/example_dags/example_external_task_marker_dag.py for tasks to queue
[2024-04-29T17:46:53.362+0000] {logging_mixin.py:188} INFO - [2024-04-29T17:46:53.362+0000] {dagbag.py:540} INFO - Filling up the DagBag from /home/airflow/.local/lib/python3.8/site-packages/airflow/example_dags/example_external_task_marker_dag.py
[2024-04-29T17:46:53.367+0000] {processor.py:840} INFO - DAG(s) 'example_external_task_marker_child', 'example_external_task_marker_parent' retrieved from /home/airflow/.local/lib/python3.8/site-packages/airflow/example_dags/example_external_task_marker_dag.py
[2024-04-29T17:46:53.386+0000] {logging_mixin.py:188} INFO - [2024-04-29T17:46:53.386+0000] {dag.py:3047} INFO - Sync 2 DAGs
[2024-04-29T17:46:53.397+0000] {logging_mixin.py:188} INFO - [2024-04-29T17:46:53.396+0000] {dag.py:3834} INFO - Setting next_dagrun for example_external_task_marker_child to None, run_after=None
[2024-04-29T17:46:53.400+0000] {logging_mixin.py:188} INFO - [2024-04-29T17:46:53.399+0000] {dag.py:3834} INFO - Setting next_dagrun for example_external_task_marker_parent to None, run_after=None
[2024-04-29T17:46:53.419+0000] {processor.py:183} INFO - Processing /home/airflow/.local/lib/python3.8/site-packages/airflow/example_dags/example_external_task_marker_dag.py took 0.061 seconds
[2024-04-29T17:47:24.003+0000] {processor.py:161} INFO - Started process (PID=8851) to work on /home/airflow/.local/lib/python3.8/site-packages/airflow/example_dags/example_external_task_marker_dag.py
[2024-04-29T17:47:24.005+0000] {processor.py:830} INFO - Processing file /home/airflow/.local/lib/python3.8/site-packages/airflow/example_dags/example_external_task_marker_dag.py for tasks to queue
[2024-04-29T17:47:24.006+0000] {logging_mixin.py:188} INFO - [2024-04-29T17:47:24.005+0000] {dagbag.py:540} INFO - Filling up the DagBag from /home/airflow/.local/lib/python3.8/site-packages/airflow/example_dags/example_external_task_marker_dag.py
[2024-04-29T17:47:24.030+0000] {processor.py:840} INFO - DAG(s) 'example_external_task_marker_parent', 'example_external_task_marker_child' retrieved from /home/airflow/.local/lib/python3.8/site-packages/airflow/example_dags/example_external_task_marker_dag.py
[2024-04-29T17:47:24.075+0000] {logging_mixin.py:188} INFO - [2024-04-29T17:47:24.075+0000] {dag.py:3047} INFO - Sync 2 DAGs
[2024-04-29T17:47:24.093+0000] {logging_mixin.py:188} INFO - [2024-04-29T17:47:24.093+0000] {dag.py:3834} INFO - Setting next_dagrun for example_external_task_marker_child to None, run_after=None
[2024-04-29T17:47:24.108+0000] {logging_mixin.py:188} INFO - [2024-04-29T17:47:24.108+0000] {dag.py:3834} INFO - Setting next_dagrun for example_external_task_marker_parent to None, run_after=None
[2024-04-29T17:47:24.151+0000] {processor.py:183} INFO - Processing /home/airflow/.local/lib/python3.8/site-packages/airflow/example_dags/example_external_task_marker_dag.py took 0.164 seconds
[2024-04-29T17:47:54.278+0000] {processor.py:161} INFO - Started process (PID=9099) to work on /home/airflow/.local/lib/python3.8/site-packages/airflow/example_dags/example_external_task_marker_dag.py
[2024-04-29T17:47:54.279+0000] {processor.py:830} INFO - Processing file /home/airflow/.local/lib/python3.8/site-packages/airflow/example_dags/example_external_task_marker_dag.py for tasks to queue
[2024-04-29T17:47:54.280+0000] {logging_mixin.py:188} INFO - [2024-04-29T17:47:54.280+0000] {dagbag.py:540} INFO - Filling up the DagBag from /home/airflow/.local/lib/python3.8/site-packages/airflow/example_dags/example_external_task_marker_dag.py
[2024-04-29T17:47:54.287+0000] {processor.py:840} INFO - DAG(s) 'example_external_task_marker_parent', 'example_external_task_marker_child' retrieved from /home/airflow/.local/lib/python3.8/site-packages/airflow/example_dags/example_external_task_marker_dag.py
[2024-04-29T17:47:54.315+0000] {logging_mixin.py:188} INFO - [2024-04-29T17:47:54.315+0000] {dag.py:3047} INFO - Sync 2 DAGs
[2024-04-29T17:47:54.332+0000] {logging_mixin.py:188} INFO - [2024-04-29T17:47:54.331+0000] {dag.py:3834} INFO - Setting next_dagrun for example_external_task_marker_child to None, run_after=None
[2024-04-29T17:47:54.336+0000] {logging_mixin.py:188} INFO - [2024-04-29T17:47:54.335+0000] {dag.py:3834} INFO - Setting next_dagrun for example_external_task_marker_parent to None, run_after=None
[2024-04-29T17:47:54.358+0000] {processor.py:183} INFO - Processing /home/airflow/.local/lib/python3.8/site-packages/airflow/example_dags/example_external_task_marker_dag.py took 0.083 seconds
