[2024-04-29T17:30:03.978+0000] {processor.py:161} INFO - Started process (PID=281) to work on /home/airflow/.local/lib/python3.8/site-packages/airflow/example_dags/example_skip_dag.py
[2024-04-29T17:30:03.979+0000] {processor.py:830} INFO - Processing file /home/airflow/.local/lib/python3.8/site-packages/airflow/example_dags/example_skip_dag.py for tasks to queue
[2024-04-29T17:30:03.980+0000] {logging_mixin.py:188} INFO - [2024-04-29T17:30:03.979+0000] {dagbag.py:540} INFO - Filling up the DagBag from /home/airflow/.local/lib/python3.8/site-packages/airflow/example_dags/example_skip_dag.py
[2024-04-29T17:30:03.990+0000] {processor.py:840} INFO - DAG(s) 'example_skip_dag' retrieved from /home/airflow/.local/lib/python3.8/site-packages/airflow/example_dags/example_skip_dag.py
[2024-04-29T17:30:04.178+0000] {logging_mixin.py:188} INFO - [2024-04-29T17:30:04.177+0000] {override.py:1769} INFO - Created Permission View: can edit on DAG:example_skip_dag
[2024-04-29T17:30:04.205+0000] {logging_mixin.py:188} INFO - [2024-04-29T17:30:04.205+0000] {override.py:1769} INFO - Created Permission View: can delete on DAG:example_skip_dag
[2024-04-29T17:30:04.227+0000] {logging_mixin.py:188} INFO - [2024-04-29T17:30:04.227+0000] {override.py:1769} INFO - Created Permission View: can read on DAG:example_skip_dag
[2024-04-29T17:30:04.228+0000] {logging_mixin.py:188} INFO - [2024-04-29T17:30:04.228+0000] {dag.py:3047} INFO - Sync 1 DAGs
[2024-04-29T17:30:04.254+0000] {logging_mixin.py:188} INFO - [2024-04-29T17:30:04.253+0000] {dag.py:3069} INFO - Creating ORM DAG for example_skip_dag
[2024-04-29T17:30:04.274+0000] {logging_mixin.py:188} INFO - [2024-04-29T17:30:04.273+0000] {dag.py:3834} INFO - Setting next_dagrun for example_skip_dag to 2024-04-28 00:00:00+00:00, run_after=2024-04-29 00:00:00+00:00
[2024-04-29T17:30:04.343+0000] {processor.py:183} INFO - Processing /home/airflow/.local/lib/python3.8/site-packages/airflow/example_dags/example_skip_dag.py took 0.369 seconds
[2024-04-29T17:30:35.036+0000] {processor.py:161} INFO - Started process (PID=530) to work on /home/airflow/.local/lib/python3.8/site-packages/airflow/example_dags/example_skip_dag.py
[2024-04-29T17:30:35.037+0000] {processor.py:830} INFO - Processing file /home/airflow/.local/lib/python3.8/site-packages/airflow/example_dags/example_skip_dag.py for tasks to queue
[2024-04-29T17:30:35.038+0000] {logging_mixin.py:188} INFO - [2024-04-29T17:30:35.038+0000] {dagbag.py:540} INFO - Filling up the DagBag from /home/airflow/.local/lib/python3.8/site-packages/airflow/example_dags/example_skip_dag.py
[2024-04-29T17:30:35.043+0000] {processor.py:840} INFO - DAG(s) 'example_skip_dag' retrieved from /home/airflow/.local/lib/python3.8/site-packages/airflow/example_dags/example_skip_dag.py
[2024-04-29T17:30:35.065+0000] {logging_mixin.py:188} INFO - [2024-04-29T17:30:35.065+0000] {dag.py:3047} INFO - Sync 1 DAGs
[2024-04-29T17:30:35.085+0000] {logging_mixin.py:188} INFO - [2024-04-29T17:30:35.084+0000] {dag.py:3834} INFO - Setting next_dagrun for example_skip_dag to 2024-04-28 00:00:00+00:00, run_after=2024-04-29 00:00:00+00:00
[2024-04-29T17:30:35.103+0000] {processor.py:183} INFO - Processing /home/airflow/.local/lib/python3.8/site-packages/airflow/example_dags/example_skip_dag.py took 0.070 seconds
[2024-04-29T17:31:05.514+0000] {processor.py:161} INFO - Started process (PID=777) to work on /home/airflow/.local/lib/python3.8/site-packages/airflow/example_dags/example_skip_dag.py
[2024-04-29T17:31:05.515+0000] {processor.py:830} INFO - Processing file /home/airflow/.local/lib/python3.8/site-packages/airflow/example_dags/example_skip_dag.py for tasks to queue
[2024-04-29T17:31:05.516+0000] {logging_mixin.py:188} INFO - [2024-04-29T17:31:05.516+0000] {dagbag.py:540} INFO - Filling up the DagBag from /home/airflow/.local/lib/python3.8/site-packages/airflow/example_dags/example_skip_dag.py
[2024-04-29T17:31:05.522+0000] {processor.py:840} INFO - DAG(s) 'example_skip_dag' retrieved from /home/airflow/.local/lib/python3.8/site-packages/airflow/example_dags/example_skip_dag.py
[2024-04-29T17:31:05.540+0000] {logging_mixin.py:188} INFO - [2024-04-29T17:31:05.539+0000] {dag.py:3047} INFO - Sync 1 DAGs
[2024-04-29T17:31:05.557+0000] {logging_mixin.py:188} INFO - [2024-04-29T17:31:05.557+0000] {dag.py:3834} INFO - Setting next_dagrun for example_skip_dag to 2024-04-28 00:00:00+00:00, run_after=2024-04-29 00:00:00+00:00
[2024-04-29T17:31:05.577+0000] {processor.py:183} INFO - Processing /home/airflow/.local/lib/python3.8/site-packages/airflow/example_dags/example_skip_dag.py took 0.066 seconds
[2024-04-29T17:31:36.122+0000] {processor.py:161} INFO - Started process (PID=1024) to work on /home/airflow/.local/lib/python3.8/site-packages/airflow/example_dags/example_skip_dag.py
[2024-04-29T17:31:36.123+0000] {processor.py:830} INFO - Processing file /home/airflow/.local/lib/python3.8/site-packages/airflow/example_dags/example_skip_dag.py for tasks to queue
[2024-04-29T17:31:36.123+0000] {logging_mixin.py:188} INFO - [2024-04-29T17:31:36.123+0000] {dagbag.py:540} INFO - Filling up the DagBag from /home/airflow/.local/lib/python3.8/site-packages/airflow/example_dags/example_skip_dag.py
[2024-04-29T17:31:36.129+0000] {processor.py:840} INFO - DAG(s) 'example_skip_dag' retrieved from /home/airflow/.local/lib/python3.8/site-packages/airflow/example_dags/example_skip_dag.py
[2024-04-29T17:31:36.147+0000] {logging_mixin.py:188} INFO - [2024-04-29T17:31:36.147+0000] {dag.py:3047} INFO - Sync 1 DAGs
[2024-04-29T17:31:36.165+0000] {logging_mixin.py:188} INFO - [2024-04-29T17:31:36.165+0000] {dag.py:3834} INFO - Setting next_dagrun for example_skip_dag to 2024-04-28 00:00:00+00:00, run_after=2024-04-29 00:00:00+00:00
[2024-04-29T17:31:36.184+0000] {processor.py:183} INFO - Processing /home/airflow/.local/lib/python3.8/site-packages/airflow/example_dags/example_skip_dag.py took 0.065 seconds
[2024-04-29T17:32:06.460+0000] {processor.py:161} INFO - Started process (PID=1272) to work on /home/airflow/.local/lib/python3.8/site-packages/airflow/example_dags/example_skip_dag.py
[2024-04-29T17:32:06.461+0000] {processor.py:830} INFO - Processing file /home/airflow/.local/lib/python3.8/site-packages/airflow/example_dags/example_skip_dag.py for tasks to queue
[2024-04-29T17:32:06.461+0000] {logging_mixin.py:188} INFO - [2024-04-29T17:32:06.461+0000] {dagbag.py:540} INFO - Filling up the DagBag from /home/airflow/.local/lib/python3.8/site-packages/airflow/example_dags/example_skip_dag.py
[2024-04-29T17:32:06.467+0000] {processor.py:840} INFO - DAG(s) 'example_skip_dag' retrieved from /home/airflow/.local/lib/python3.8/site-packages/airflow/example_dags/example_skip_dag.py
[2024-04-29T17:32:06.484+0000] {logging_mixin.py:188} INFO - [2024-04-29T17:32:06.483+0000] {dag.py:3047} INFO - Sync 1 DAGs
[2024-04-29T17:32:06.501+0000] {logging_mixin.py:188} INFO - [2024-04-29T17:32:06.501+0000] {dag.py:3834} INFO - Setting next_dagrun for example_skip_dag to 2024-04-28 00:00:00+00:00, run_after=2024-04-29 00:00:00+00:00
[2024-04-29T17:32:06.521+0000] {processor.py:183} INFO - Processing /home/airflow/.local/lib/python3.8/site-packages/airflow/example_dags/example_skip_dag.py took 0.064 seconds
[2024-04-29T17:32:36.985+0000] {processor.py:161} INFO - Started process (PID=1520) to work on /home/airflow/.local/lib/python3.8/site-packages/airflow/example_dags/example_skip_dag.py
[2024-04-29T17:32:36.986+0000] {processor.py:830} INFO - Processing file /home/airflow/.local/lib/python3.8/site-packages/airflow/example_dags/example_skip_dag.py for tasks to queue
[2024-04-29T17:32:36.987+0000] {logging_mixin.py:188} INFO - [2024-04-29T17:32:36.986+0000] {dagbag.py:540} INFO - Filling up the DagBag from /home/airflow/.local/lib/python3.8/site-packages/airflow/example_dags/example_skip_dag.py
[2024-04-29T17:32:36.992+0000] {processor.py:840} INFO - DAG(s) 'example_skip_dag' retrieved from /home/airflow/.local/lib/python3.8/site-packages/airflow/example_dags/example_skip_dag.py
[2024-04-29T17:32:37.010+0000] {logging_mixin.py:188} INFO - [2024-04-29T17:32:37.010+0000] {dag.py:3047} INFO - Sync 1 DAGs
[2024-04-29T17:32:37.028+0000] {logging_mixin.py:188} INFO - [2024-04-29T17:32:37.027+0000] {dag.py:3834} INFO - Setting next_dagrun for example_skip_dag to 2024-04-28 00:00:00+00:00, run_after=2024-04-29 00:00:00+00:00
[2024-04-29T17:32:37.048+0000] {processor.py:183} INFO - Processing /home/airflow/.local/lib/python3.8/site-packages/airflow/example_dags/example_skip_dag.py took 0.065 seconds
[2024-04-29T17:33:07.701+0000] {processor.py:161} INFO - Started process (PID=1768) to work on /home/airflow/.local/lib/python3.8/site-packages/airflow/example_dags/example_skip_dag.py
[2024-04-29T17:33:07.702+0000] {processor.py:830} INFO - Processing file /home/airflow/.local/lib/python3.8/site-packages/airflow/example_dags/example_skip_dag.py for tasks to queue
[2024-04-29T17:33:07.703+0000] {logging_mixin.py:188} INFO - [2024-04-29T17:33:07.703+0000] {dagbag.py:540} INFO - Filling up the DagBag from /home/airflow/.local/lib/python3.8/site-packages/airflow/example_dags/example_skip_dag.py
[2024-04-29T17:33:07.709+0000] {processor.py:840} INFO - DAG(s) 'example_skip_dag' retrieved from /home/airflow/.local/lib/python3.8/site-packages/airflow/example_dags/example_skip_dag.py
[2024-04-29T17:33:07.727+0000] {logging_mixin.py:188} INFO - [2024-04-29T17:33:07.727+0000] {dag.py:3047} INFO - Sync 1 DAGs
[2024-04-29T17:33:07.771+0000] {logging_mixin.py:188} INFO - [2024-04-29T17:33:07.771+0000] {dag.py:3834} INFO - Setting next_dagrun for example_skip_dag to 2024-04-28 00:00:00+00:00, run_after=2024-04-29 00:00:00+00:00
[2024-04-29T17:33:07.794+0000] {processor.py:183} INFO - Processing /home/airflow/.local/lib/python3.8/site-packages/airflow/example_dags/example_skip_dag.py took 0.096 seconds
[2024-04-29T17:33:38.194+0000] {processor.py:161} INFO - Started process (PID=2015) to work on /home/airflow/.local/lib/python3.8/site-packages/airflow/example_dags/example_skip_dag.py
[2024-04-29T17:33:38.195+0000] {processor.py:830} INFO - Processing file /home/airflow/.local/lib/python3.8/site-packages/airflow/example_dags/example_skip_dag.py for tasks to queue
[2024-04-29T17:33:38.197+0000] {logging_mixin.py:188} INFO - [2024-04-29T17:33:38.196+0000] {dagbag.py:540} INFO - Filling up the DagBag from /home/airflow/.local/lib/python3.8/site-packages/airflow/example_dags/example_skip_dag.py
[2024-04-29T17:33:38.205+0000] {processor.py:840} INFO - DAG(s) 'example_skip_dag' retrieved from /home/airflow/.local/lib/python3.8/site-packages/airflow/example_dags/example_skip_dag.py
[2024-04-29T17:33:38.230+0000] {logging_mixin.py:188} INFO - [2024-04-29T17:33:38.230+0000] {dag.py:3047} INFO - Sync 1 DAGs
[2024-04-29T17:33:38.255+0000] {logging_mixin.py:188} INFO - [2024-04-29T17:33:38.255+0000] {dag.py:3834} INFO - Setting next_dagrun for example_skip_dag to 2024-04-28 00:00:00+00:00, run_after=2024-04-29 00:00:00+00:00
[2024-04-29T17:33:38.283+0000] {processor.py:183} INFO - Processing /home/airflow/.local/lib/python3.8/site-packages/airflow/example_dags/example_skip_dag.py took 0.092 seconds
[2024-04-29T17:34:08.691+0000] {processor.py:161} INFO - Started process (PID=2261) to work on /home/airflow/.local/lib/python3.8/site-packages/airflow/example_dags/example_skip_dag.py
[2024-04-29T17:34:08.691+0000] {processor.py:830} INFO - Processing file /home/airflow/.local/lib/python3.8/site-packages/airflow/example_dags/example_skip_dag.py for tasks to queue
[2024-04-29T17:34:08.692+0000] {logging_mixin.py:188} INFO - [2024-04-29T17:34:08.692+0000] {dagbag.py:540} INFO - Filling up the DagBag from /home/airflow/.local/lib/python3.8/site-packages/airflow/example_dags/example_skip_dag.py
[2024-04-29T17:34:08.698+0000] {processor.py:840} INFO - DAG(s) 'example_skip_dag' retrieved from /home/airflow/.local/lib/python3.8/site-packages/airflow/example_dags/example_skip_dag.py
[2024-04-29T17:34:08.715+0000] {logging_mixin.py:188} INFO - [2024-04-29T17:34:08.715+0000] {dag.py:3047} INFO - Sync 1 DAGs
[2024-04-29T17:34:08.732+0000] {logging_mixin.py:188} INFO - [2024-04-29T17:34:08.732+0000] {dag.py:3834} INFO - Setting next_dagrun for example_skip_dag to 2024-04-28 00:00:00+00:00, run_after=2024-04-29 00:00:00+00:00
[2024-04-29T17:34:08.751+0000] {processor.py:183} INFO - Processing /home/airflow/.local/lib/python3.8/site-packages/airflow/example_dags/example_skip_dag.py took 0.063 seconds
[2024-04-29T17:34:39.315+0000] {processor.py:161} INFO - Started process (PID=2508) to work on /home/airflow/.local/lib/python3.8/site-packages/airflow/example_dags/example_skip_dag.py
[2024-04-29T17:34:39.316+0000] {processor.py:830} INFO - Processing file /home/airflow/.local/lib/python3.8/site-packages/airflow/example_dags/example_skip_dag.py for tasks to queue
[2024-04-29T17:34:39.316+0000] {logging_mixin.py:188} INFO - [2024-04-29T17:34:39.316+0000] {dagbag.py:540} INFO - Filling up the DagBag from /home/airflow/.local/lib/python3.8/site-packages/airflow/example_dags/example_skip_dag.py
[2024-04-29T17:34:39.322+0000] {processor.py:840} INFO - DAG(s) 'example_skip_dag' retrieved from /home/airflow/.local/lib/python3.8/site-packages/airflow/example_dags/example_skip_dag.py
[2024-04-29T17:34:39.340+0000] {logging_mixin.py:188} INFO - [2024-04-29T17:34:39.339+0000] {dag.py:3047} INFO - Sync 1 DAGs
[2024-04-29T17:34:39.357+0000] {logging_mixin.py:188} INFO - [2024-04-29T17:34:39.357+0000] {dag.py:3834} INFO - Setting next_dagrun for example_skip_dag to 2024-04-28 00:00:00+00:00, run_after=2024-04-29 00:00:00+00:00
[2024-04-29T17:34:39.377+0000] {processor.py:183} INFO - Processing /home/airflow/.local/lib/python3.8/site-packages/airflow/example_dags/example_skip_dag.py took 0.065 seconds
[2024-04-29T17:35:09.878+0000] {processor.py:161} INFO - Started process (PID=2755) to work on /home/airflow/.local/lib/python3.8/site-packages/airflow/example_dags/example_skip_dag.py
[2024-04-29T17:35:09.879+0000] {processor.py:830} INFO - Processing file /home/airflow/.local/lib/python3.8/site-packages/airflow/example_dags/example_skip_dag.py for tasks to queue
[2024-04-29T17:35:09.880+0000] {logging_mixin.py:188} INFO - [2024-04-29T17:35:09.880+0000] {dagbag.py:540} INFO - Filling up the DagBag from /home/airflow/.local/lib/python3.8/site-packages/airflow/example_dags/example_skip_dag.py
[2024-04-29T17:35:09.889+0000] {processor.py:840} INFO - DAG(s) 'example_skip_dag' retrieved from /home/airflow/.local/lib/python3.8/site-packages/airflow/example_dags/example_skip_dag.py
[2024-04-29T17:35:09.915+0000] {logging_mixin.py:188} INFO - [2024-04-29T17:35:09.915+0000] {dag.py:3047} INFO - Sync 1 DAGs
[2024-04-29T17:35:09.942+0000] {logging_mixin.py:188} INFO - [2024-04-29T17:35:09.942+0000] {dag.py:3834} INFO - Setting next_dagrun for example_skip_dag to 2024-04-28 00:00:00+00:00, run_after=2024-04-29 00:00:00+00:00
[2024-04-29T17:35:09.967+0000] {processor.py:183} INFO - Processing /home/airflow/.local/lib/python3.8/site-packages/airflow/example_dags/example_skip_dag.py took 0.093 seconds
[2024-04-29T17:35:40.632+0000] {processor.py:161} INFO - Started process (PID=3002) to work on /home/airflow/.local/lib/python3.8/site-packages/airflow/example_dags/example_skip_dag.py
[2024-04-29T17:35:40.632+0000] {processor.py:830} INFO - Processing file /home/airflow/.local/lib/python3.8/site-packages/airflow/example_dags/example_skip_dag.py for tasks to queue
[2024-04-29T17:35:40.633+0000] {logging_mixin.py:188} INFO - [2024-04-29T17:35:40.633+0000] {dagbag.py:540} INFO - Filling up the DagBag from /home/airflow/.local/lib/python3.8/site-packages/airflow/example_dags/example_skip_dag.py
[2024-04-29T17:35:40.639+0000] {processor.py:840} INFO - DAG(s) 'example_skip_dag' retrieved from /home/airflow/.local/lib/python3.8/site-packages/airflow/example_dags/example_skip_dag.py
[2024-04-29T17:35:40.656+0000] {logging_mixin.py:188} INFO - [2024-04-29T17:35:40.656+0000] {dag.py:3047} INFO - Sync 1 DAGs
[2024-04-29T17:35:40.673+0000] {logging_mixin.py:188} INFO - [2024-04-29T17:35:40.673+0000] {dag.py:3834} INFO - Setting next_dagrun for example_skip_dag to 2024-04-28 00:00:00+00:00, run_after=2024-04-29 00:00:00+00:00
[2024-04-29T17:35:40.694+0000] {processor.py:183} INFO - Processing /home/airflow/.local/lib/python3.8/site-packages/airflow/example_dags/example_skip_dag.py took 0.065 seconds
[2024-04-29T17:36:11.258+0000] {processor.py:161} INFO - Started process (PID=3251) to work on /home/airflow/.local/lib/python3.8/site-packages/airflow/example_dags/example_skip_dag.py
[2024-04-29T17:36:11.259+0000] {processor.py:830} INFO - Processing file /home/airflow/.local/lib/python3.8/site-packages/airflow/example_dags/example_skip_dag.py for tasks to queue
[2024-04-29T17:36:11.260+0000] {logging_mixin.py:188} INFO - [2024-04-29T17:36:11.260+0000] {dagbag.py:540} INFO - Filling up the DagBag from /home/airflow/.local/lib/python3.8/site-packages/airflow/example_dags/example_skip_dag.py
[2024-04-29T17:36:11.268+0000] {processor.py:840} INFO - DAG(s) 'example_skip_dag' retrieved from /home/airflow/.local/lib/python3.8/site-packages/airflow/example_dags/example_skip_dag.py
[2024-04-29T17:36:11.292+0000] {logging_mixin.py:188} INFO - [2024-04-29T17:36:11.292+0000] {dag.py:3047} INFO - Sync 1 DAGs
[2024-04-29T17:36:11.319+0000] {logging_mixin.py:188} INFO - [2024-04-29T17:36:11.319+0000] {dag.py:3834} INFO - Setting next_dagrun for example_skip_dag to 2024-04-28 00:00:00+00:00, run_after=2024-04-29 00:00:00+00:00
[2024-04-29T17:36:11.344+0000] {processor.py:183} INFO - Processing /home/airflow/.local/lib/python3.8/site-packages/airflow/example_dags/example_skip_dag.py took 0.089 seconds
[2024-04-29T17:36:41.743+0000] {processor.py:161} INFO - Started process (PID=3499) to work on /home/airflow/.local/lib/python3.8/site-packages/airflow/example_dags/example_skip_dag.py
[2024-04-29T17:36:41.753+0000] {processor.py:830} INFO - Processing file /home/airflow/.local/lib/python3.8/site-packages/airflow/example_dags/example_skip_dag.py for tasks to queue
[2024-04-29T17:36:41.755+0000] {logging_mixin.py:188} INFO - [2024-04-29T17:36:41.754+0000] {dagbag.py:540} INFO - Filling up the DagBag from /home/airflow/.local/lib/python3.8/site-packages/airflow/example_dags/example_skip_dag.py
[2024-04-29T17:36:41.766+0000] {processor.py:840} INFO - DAG(s) 'example_skip_dag' retrieved from /home/airflow/.local/lib/python3.8/site-packages/airflow/example_dags/example_skip_dag.py
[2024-04-29T17:36:41.798+0000] {logging_mixin.py:188} INFO - [2024-04-29T17:36:41.798+0000] {dag.py:3047} INFO - Sync 1 DAGs
[2024-04-29T17:36:41.835+0000] {logging_mixin.py:188} INFO - [2024-04-29T17:36:41.835+0000] {dag.py:3834} INFO - Setting next_dagrun for example_skip_dag to 2024-04-28 00:00:00+00:00, run_after=2024-04-29 00:00:00+00:00
[2024-04-29T17:36:41.860+0000] {processor.py:183} INFO - Processing /home/airflow/.local/lib/python3.8/site-packages/airflow/example_dags/example_skip_dag.py took 0.120 seconds
[2024-04-29T17:37:14.445+0000] {processor.py:161} INFO - Started process (PID=3806) to work on /home/airflow/.local/lib/python3.8/site-packages/airflow/example_dags/example_skip_dag.py
[2024-04-29T17:37:14.467+0000] {processor.py:830} INFO - Processing file /home/airflow/.local/lib/python3.8/site-packages/airflow/example_dags/example_skip_dag.py for tasks to queue
[2024-04-29T17:37:14.474+0000] {logging_mixin.py:188} INFO - [2024-04-29T17:37:14.474+0000] {dagbag.py:540} INFO - Filling up the DagBag from /home/airflow/.local/lib/python3.8/site-packages/airflow/example_dags/example_skip_dag.py
[2024-04-29T17:37:14.511+0000] {processor.py:840} INFO - DAG(s) 'example_skip_dag' retrieved from /home/airflow/.local/lib/python3.8/site-packages/airflow/example_dags/example_skip_dag.py
[2024-04-29T17:37:14.631+0000] {logging_mixin.py:188} INFO - [2024-04-29T17:37:14.631+0000] {dag.py:3047} INFO - Sync 1 DAGs
[2024-04-29T17:37:14.737+0000] {logging_mixin.py:188} INFO - [2024-04-29T17:37:14.736+0000] {dag.py:3834} INFO - Setting next_dagrun for example_skip_dag to 2024-04-28 00:00:00+00:00, run_after=2024-04-29 00:00:00+00:00
[2024-04-29T17:37:14.819+0000] {processor.py:183} INFO - Processing /home/airflow/.local/lib/python3.8/site-packages/airflow/example_dags/example_skip_dag.py took 0.376 seconds
[2024-04-29T17:37:45.508+0000] {processor.py:161} INFO - Started process (PID=4143) to work on /home/airflow/.local/lib/python3.8/site-packages/airflow/example_dags/example_skip_dag.py
[2024-04-29T17:37:45.509+0000] {processor.py:830} INFO - Processing file /home/airflow/.local/lib/python3.8/site-packages/airflow/example_dags/example_skip_dag.py for tasks to queue
[2024-04-29T17:37:45.519+0000] {logging_mixin.py:188} INFO - [2024-04-29T17:37:45.518+0000] {dagbag.py:540} INFO - Filling up the DagBag from /home/airflow/.local/lib/python3.8/site-packages/airflow/example_dags/example_skip_dag.py
[2024-04-29T17:37:45.534+0000] {processor.py:840} INFO - DAG(s) 'example_skip_dag' retrieved from /home/airflow/.local/lib/python3.8/site-packages/airflow/example_dags/example_skip_dag.py
[2024-04-29T17:37:45.580+0000] {logging_mixin.py:188} INFO - [2024-04-29T17:37:45.580+0000] {dag.py:3047} INFO - Sync 1 DAGs
[2024-04-29T17:37:45.638+0000] {logging_mixin.py:188} INFO - [2024-04-29T17:37:45.638+0000] {dag.py:3834} INFO - Setting next_dagrun for example_skip_dag to 2024-04-28 00:00:00+00:00, run_after=2024-04-29 00:00:00+00:00
[2024-04-29T17:37:45.678+0000] {processor.py:183} INFO - Processing /home/airflow/.local/lib/python3.8/site-packages/airflow/example_dags/example_skip_dag.py took 0.173 seconds
[2024-04-29T17:38:16.644+0000] {processor.py:161} INFO - Started process (PID=4394) to work on /home/airflow/.local/lib/python3.8/site-packages/airflow/example_dags/example_skip_dag.py
[2024-04-29T17:38:16.645+0000] {processor.py:830} INFO - Processing file /home/airflow/.local/lib/python3.8/site-packages/airflow/example_dags/example_skip_dag.py for tasks to queue
[2024-04-29T17:38:16.646+0000] {logging_mixin.py:188} INFO - [2024-04-29T17:38:16.645+0000] {dagbag.py:540} INFO - Filling up the DagBag from /home/airflow/.local/lib/python3.8/site-packages/airflow/example_dags/example_skip_dag.py
[2024-04-29T17:38:16.660+0000] {processor.py:840} INFO - DAG(s) 'example_skip_dag' retrieved from /home/airflow/.local/lib/python3.8/site-packages/airflow/example_dags/example_skip_dag.py
[2024-04-29T17:38:16.697+0000] {logging_mixin.py:188} INFO - [2024-04-29T17:38:16.697+0000] {dag.py:3047} INFO - Sync 1 DAGs
[2024-04-29T17:38:16.755+0000] {logging_mixin.py:188} INFO - [2024-04-29T17:38:16.754+0000] {dag.py:3834} INFO - Setting next_dagrun for example_skip_dag to 2024-04-28 00:00:00+00:00, run_after=2024-04-29 00:00:00+00:00
[2024-04-29T17:38:16.783+0000] {processor.py:183} INFO - Processing /home/airflow/.local/lib/python3.8/site-packages/airflow/example_dags/example_skip_dag.py took 0.143 seconds
[2024-04-29T17:38:46.905+0000] {processor.py:161} INFO - Started process (PID=4641) to work on /home/airflow/.local/lib/python3.8/site-packages/airflow/example_dags/example_skip_dag.py
[2024-04-29T17:38:46.906+0000] {processor.py:830} INFO - Processing file /home/airflow/.local/lib/python3.8/site-packages/airflow/example_dags/example_skip_dag.py for tasks to queue
[2024-04-29T17:38:46.907+0000] {logging_mixin.py:188} INFO - [2024-04-29T17:38:46.907+0000] {dagbag.py:540} INFO - Filling up the DagBag from /home/airflow/.local/lib/python3.8/site-packages/airflow/example_dags/example_skip_dag.py
[2024-04-29T17:38:46.917+0000] {processor.py:840} INFO - DAG(s) 'example_skip_dag' retrieved from /home/airflow/.local/lib/python3.8/site-packages/airflow/example_dags/example_skip_dag.py
[2024-04-29T17:38:46.944+0000] {logging_mixin.py:188} INFO - [2024-04-29T17:38:46.944+0000] {dag.py:3047} INFO - Sync 1 DAGs
[2024-04-29T17:38:46.971+0000] {logging_mixin.py:188} INFO - [2024-04-29T17:38:46.970+0000] {dag.py:3834} INFO - Setting next_dagrun for example_skip_dag to 2024-04-28 00:00:00+00:00, run_after=2024-04-29 00:00:00+00:00
[2024-04-29T17:38:47.000+0000] {processor.py:183} INFO - Processing /home/airflow/.local/lib/python3.8/site-packages/airflow/example_dags/example_skip_dag.py took 0.098 seconds
[2024-04-29T17:39:17.672+0000] {processor.py:161} INFO - Started process (PID=4888) to work on /home/airflow/.local/lib/python3.8/site-packages/airflow/example_dags/example_skip_dag.py
[2024-04-29T17:39:17.673+0000] {processor.py:830} INFO - Processing file /home/airflow/.local/lib/python3.8/site-packages/airflow/example_dags/example_skip_dag.py for tasks to queue
[2024-04-29T17:39:17.674+0000] {logging_mixin.py:188} INFO - [2024-04-29T17:39:17.674+0000] {dagbag.py:540} INFO - Filling up the DagBag from /home/airflow/.local/lib/python3.8/site-packages/airflow/example_dags/example_skip_dag.py
[2024-04-29T17:39:17.682+0000] {processor.py:840} INFO - DAG(s) 'example_skip_dag' retrieved from /home/airflow/.local/lib/python3.8/site-packages/airflow/example_dags/example_skip_dag.py
[2024-04-29T17:39:17.708+0000] {logging_mixin.py:188} INFO - [2024-04-29T17:39:17.707+0000] {dag.py:3047} INFO - Sync 1 DAGs
[2024-04-29T17:39:17.734+0000] {logging_mixin.py:188} INFO - [2024-04-29T17:39:17.734+0000] {dag.py:3834} INFO - Setting next_dagrun for example_skip_dag to 2024-04-28 00:00:00+00:00, run_after=2024-04-29 00:00:00+00:00
[2024-04-29T17:39:17.757+0000] {processor.py:183} INFO - Processing /home/airflow/.local/lib/python3.8/site-packages/airflow/example_dags/example_skip_dag.py took 0.088 seconds
[2024-04-29T17:39:48.316+0000] {processor.py:161} INFO - Started process (PID=5134) to work on /home/airflow/.local/lib/python3.8/site-packages/airflow/example_dags/example_skip_dag.py
[2024-04-29T17:39:48.320+0000] {processor.py:830} INFO - Processing file /home/airflow/.local/lib/python3.8/site-packages/airflow/example_dags/example_skip_dag.py for tasks to queue
[2024-04-29T17:39:48.323+0000] {logging_mixin.py:188} INFO - [2024-04-29T17:39:48.323+0000] {dagbag.py:540} INFO - Filling up the DagBag from /home/airflow/.local/lib/python3.8/site-packages/airflow/example_dags/example_skip_dag.py
[2024-04-29T17:39:48.337+0000] {processor.py:840} INFO - DAG(s) 'example_skip_dag' retrieved from /home/airflow/.local/lib/python3.8/site-packages/airflow/example_dags/example_skip_dag.py
[2024-04-29T17:39:48.373+0000] {logging_mixin.py:188} INFO - [2024-04-29T17:39:48.373+0000] {dag.py:3047} INFO - Sync 1 DAGs
[2024-04-29T17:39:48.401+0000] {logging_mixin.py:188} INFO - [2024-04-29T17:39:48.401+0000] {dag.py:3834} INFO - Setting next_dagrun for example_skip_dag to 2024-04-28 00:00:00+00:00, run_after=2024-04-29 00:00:00+00:00
[2024-04-29T17:39:48.425+0000] {processor.py:183} INFO - Processing /home/airflow/.local/lib/python3.8/site-packages/airflow/example_dags/example_skip_dag.py took 0.113 seconds
[2024-04-29T17:40:18.899+0000] {processor.py:161} INFO - Started process (PID=5381) to work on /home/airflow/.local/lib/python3.8/site-packages/airflow/example_dags/example_skip_dag.py
[2024-04-29T17:40:18.900+0000] {processor.py:830} INFO - Processing file /home/airflow/.local/lib/python3.8/site-packages/airflow/example_dags/example_skip_dag.py for tasks to queue
[2024-04-29T17:40:18.900+0000] {logging_mixin.py:188} INFO - [2024-04-29T17:40:18.900+0000] {dagbag.py:540} INFO - Filling up the DagBag from /home/airflow/.local/lib/python3.8/site-packages/airflow/example_dags/example_skip_dag.py
[2024-04-29T17:40:18.908+0000] {processor.py:840} INFO - DAG(s) 'example_skip_dag' retrieved from /home/airflow/.local/lib/python3.8/site-packages/airflow/example_dags/example_skip_dag.py
[2024-04-29T17:40:18.933+0000] {logging_mixin.py:188} INFO - [2024-04-29T17:40:18.933+0000] {dag.py:3047} INFO - Sync 1 DAGs
[2024-04-29T17:40:18.959+0000] {logging_mixin.py:188} INFO - [2024-04-29T17:40:18.959+0000] {dag.py:3834} INFO - Setting next_dagrun for example_skip_dag to 2024-04-28 00:00:00+00:00, run_after=2024-04-29 00:00:00+00:00
[2024-04-29T17:40:18.987+0000] {processor.py:183} INFO - Processing /home/airflow/.local/lib/python3.8/site-packages/airflow/example_dags/example_skip_dag.py took 0.091 seconds
[2024-04-29T17:40:49.200+0000] {processor.py:161} INFO - Started process (PID=5628) to work on /home/airflow/.local/lib/python3.8/site-packages/airflow/example_dags/example_skip_dag.py
[2024-04-29T17:40:49.202+0000] {processor.py:830} INFO - Processing file /home/airflow/.local/lib/python3.8/site-packages/airflow/example_dags/example_skip_dag.py for tasks to queue
[2024-04-29T17:40:49.204+0000] {logging_mixin.py:188} INFO - [2024-04-29T17:40:49.202+0000] {dagbag.py:540} INFO - Filling up the DagBag from /home/airflow/.local/lib/python3.8/site-packages/airflow/example_dags/example_skip_dag.py
[2024-04-29T17:40:49.213+0000] {processor.py:840} INFO - DAG(s) 'example_skip_dag' retrieved from /home/airflow/.local/lib/python3.8/site-packages/airflow/example_dags/example_skip_dag.py
[2024-04-29T17:40:49.238+0000] {logging_mixin.py:188} INFO - [2024-04-29T17:40:49.238+0000] {dag.py:3047} INFO - Sync 1 DAGs
[2024-04-29T17:40:49.264+0000] {logging_mixin.py:188} INFO - [2024-04-29T17:40:49.264+0000] {dag.py:3834} INFO - Setting next_dagrun for example_skip_dag to 2024-04-28 00:00:00+00:00, run_after=2024-04-29 00:00:00+00:00
[2024-04-29T17:40:49.288+0000] {processor.py:183} INFO - Processing /home/airflow/.local/lib/python3.8/site-packages/airflow/example_dags/example_skip_dag.py took 0.091 seconds
[2024-04-29T17:41:19.396+0000] {processor.py:161} INFO - Started process (PID=5875) to work on /home/airflow/.local/lib/python3.8/site-packages/airflow/example_dags/example_skip_dag.py
[2024-04-29T17:41:19.398+0000] {processor.py:830} INFO - Processing file /home/airflow/.local/lib/python3.8/site-packages/airflow/example_dags/example_skip_dag.py for tasks to queue
[2024-04-29T17:41:19.399+0000] {logging_mixin.py:188} INFO - [2024-04-29T17:41:19.398+0000] {dagbag.py:540} INFO - Filling up the DagBag from /home/airflow/.local/lib/python3.8/site-packages/airflow/example_dags/example_skip_dag.py
[2024-04-29T17:41:19.413+0000] {processor.py:840} INFO - DAG(s) 'example_skip_dag' retrieved from /home/airflow/.local/lib/python3.8/site-packages/airflow/example_dags/example_skip_dag.py
[2024-04-29T17:41:19.438+0000] {logging_mixin.py:188} INFO - [2024-04-29T17:41:19.438+0000] {dag.py:3047} INFO - Sync 1 DAGs
[2024-04-29T17:41:19.463+0000] {logging_mixin.py:188} INFO - [2024-04-29T17:41:19.463+0000] {dag.py:3834} INFO - Setting next_dagrun for example_skip_dag to 2024-04-28 00:00:00+00:00, run_after=2024-04-29 00:00:00+00:00
[2024-04-29T17:41:19.488+0000] {processor.py:183} INFO - Processing /home/airflow/.local/lib/python3.8/site-packages/airflow/example_dags/example_skip_dag.py took 0.095 seconds
[2024-04-29T17:41:49.690+0000] {processor.py:161} INFO - Started process (PID=6122) to work on /home/airflow/.local/lib/python3.8/site-packages/airflow/example_dags/example_skip_dag.py
[2024-04-29T17:41:49.690+0000] {processor.py:830} INFO - Processing file /home/airflow/.local/lib/python3.8/site-packages/airflow/example_dags/example_skip_dag.py for tasks to queue
[2024-04-29T17:41:49.691+0000] {logging_mixin.py:188} INFO - [2024-04-29T17:41:49.691+0000] {dagbag.py:540} INFO - Filling up the DagBag from /home/airflow/.local/lib/python3.8/site-packages/airflow/example_dags/example_skip_dag.py
[2024-04-29T17:41:49.698+0000] {processor.py:840} INFO - DAG(s) 'example_skip_dag' retrieved from /home/airflow/.local/lib/python3.8/site-packages/airflow/example_dags/example_skip_dag.py
[2024-04-29T17:41:49.742+0000] {logging_mixin.py:188} INFO - [2024-04-29T17:41:49.742+0000] {dag.py:3047} INFO - Sync 1 DAGs
[2024-04-29T17:41:49.801+0000] {logging_mixin.py:188} INFO - [2024-04-29T17:41:49.800+0000] {dag.py:3834} INFO - Setting next_dagrun for example_skip_dag to 2024-04-28 00:00:00+00:00, run_after=2024-04-29 00:00:00+00:00
[2024-04-29T17:41:49.868+0000] {processor.py:183} INFO - Processing /home/airflow/.local/lib/python3.8/site-packages/airflow/example_dags/example_skip_dag.py took 0.183 seconds
[2024-04-29T17:42:20.013+0000] {processor.py:161} INFO - Started process (PID=6369) to work on /home/airflow/.local/lib/python3.8/site-packages/airflow/example_dags/example_skip_dag.py
[2024-04-29T17:42:20.014+0000] {processor.py:830} INFO - Processing file /home/airflow/.local/lib/python3.8/site-packages/airflow/example_dags/example_skip_dag.py for tasks to queue
[2024-04-29T17:42:20.015+0000] {logging_mixin.py:188} INFO - [2024-04-29T17:42:20.015+0000] {dagbag.py:540} INFO - Filling up the DagBag from /home/airflow/.local/lib/python3.8/site-packages/airflow/example_dags/example_skip_dag.py
[2024-04-29T17:42:20.023+0000] {processor.py:840} INFO - DAG(s) 'example_skip_dag' retrieved from /home/airflow/.local/lib/python3.8/site-packages/airflow/example_dags/example_skip_dag.py
[2024-04-29T17:42:20.050+0000] {logging_mixin.py:188} INFO - [2024-04-29T17:42:20.050+0000] {dag.py:3047} INFO - Sync 1 DAGs
[2024-04-29T17:42:20.075+0000] {logging_mixin.py:188} INFO - [2024-04-29T17:42:20.075+0000] {dag.py:3834} INFO - Setting next_dagrun for example_skip_dag to 2024-04-28 00:00:00+00:00, run_after=2024-04-29 00:00:00+00:00
[2024-04-29T17:42:20.102+0000] {processor.py:183} INFO - Processing /home/airflow/.local/lib/python3.8/site-packages/airflow/example_dags/example_skip_dag.py took 0.092 seconds
[2024-04-29T17:42:50.500+0000] {processor.py:161} INFO - Started process (PID=6616) to work on /home/airflow/.local/lib/python3.8/site-packages/airflow/example_dags/example_skip_dag.py
[2024-04-29T17:42:50.501+0000] {processor.py:830} INFO - Processing file /home/airflow/.local/lib/python3.8/site-packages/airflow/example_dags/example_skip_dag.py for tasks to queue
[2024-04-29T17:42:50.501+0000] {logging_mixin.py:188} INFO - [2024-04-29T17:42:50.501+0000] {dagbag.py:540} INFO - Filling up the DagBag from /home/airflow/.local/lib/python3.8/site-packages/airflow/example_dags/example_skip_dag.py
[2024-04-29T17:42:50.509+0000] {processor.py:840} INFO - DAG(s) 'example_skip_dag' retrieved from /home/airflow/.local/lib/python3.8/site-packages/airflow/example_dags/example_skip_dag.py
[2024-04-29T17:42:50.535+0000] {logging_mixin.py:188} INFO - [2024-04-29T17:42:50.535+0000] {dag.py:3047} INFO - Sync 1 DAGs
[2024-04-29T17:42:50.563+0000] {logging_mixin.py:188} INFO - [2024-04-29T17:42:50.562+0000] {dag.py:3834} INFO - Setting next_dagrun for example_skip_dag to 2024-04-28 00:00:00+00:00, run_after=2024-04-29 00:00:00+00:00
[2024-04-29T17:42:50.609+0000] {processor.py:183} INFO - Processing /home/airflow/.local/lib/python3.8/site-packages/airflow/example_dags/example_skip_dag.py took 0.112 seconds
[2024-04-29T17:43:20.670+0000] {processor.py:161} INFO - Started process (PID=6863) to work on /home/airflow/.local/lib/python3.8/site-packages/airflow/example_dags/example_skip_dag.py
[2024-04-29T17:43:20.671+0000] {processor.py:830} INFO - Processing file /home/airflow/.local/lib/python3.8/site-packages/airflow/example_dags/example_skip_dag.py for tasks to queue
[2024-04-29T17:43:20.672+0000] {logging_mixin.py:188} INFO - [2024-04-29T17:43:20.671+0000] {dagbag.py:540} INFO - Filling up the DagBag from /home/airflow/.local/lib/python3.8/site-packages/airflow/example_dags/example_skip_dag.py
[2024-04-29T17:43:20.680+0000] {processor.py:840} INFO - DAG(s) 'example_skip_dag' retrieved from /home/airflow/.local/lib/python3.8/site-packages/airflow/example_dags/example_skip_dag.py
[2024-04-29T17:43:20.705+0000] {logging_mixin.py:188} INFO - [2024-04-29T17:43:20.705+0000] {dag.py:3047} INFO - Sync 1 DAGs
[2024-04-29T17:43:20.739+0000] {logging_mixin.py:188} INFO - [2024-04-29T17:43:20.739+0000] {dag.py:3834} INFO - Setting next_dagrun for example_skip_dag to 2024-04-28 00:00:00+00:00, run_after=2024-04-29 00:00:00+00:00
[2024-04-29T17:43:20.762+0000] {processor.py:183} INFO - Processing /home/airflow/.local/lib/python3.8/site-packages/airflow/example_dags/example_skip_dag.py took 0.095 seconds
[2024-04-29T17:43:50.942+0000] {processor.py:161} INFO - Started process (PID=7110) to work on /home/airflow/.local/lib/python3.8/site-packages/airflow/example_dags/example_skip_dag.py
[2024-04-29T17:43:50.943+0000] {processor.py:830} INFO - Processing file /home/airflow/.local/lib/python3.8/site-packages/airflow/example_dags/example_skip_dag.py for tasks to queue
[2024-04-29T17:43:50.944+0000] {logging_mixin.py:188} INFO - [2024-04-29T17:43:50.944+0000] {dagbag.py:540} INFO - Filling up the DagBag from /home/airflow/.local/lib/python3.8/site-packages/airflow/example_dags/example_skip_dag.py
[2024-04-29T17:43:50.957+0000] {processor.py:840} INFO - DAG(s) 'example_skip_dag' retrieved from /home/airflow/.local/lib/python3.8/site-packages/airflow/example_dags/example_skip_dag.py
[2024-04-29T17:43:50.982+0000] {logging_mixin.py:188} INFO - [2024-04-29T17:43:50.982+0000] {dag.py:3047} INFO - Sync 1 DAGs
[2024-04-29T17:43:51.009+0000] {logging_mixin.py:188} INFO - [2024-04-29T17:43:51.009+0000] {dag.py:3834} INFO - Setting next_dagrun for example_skip_dag to 2024-04-28 00:00:00+00:00, run_after=2024-04-29 00:00:00+00:00
[2024-04-29T17:43:51.032+0000] {processor.py:183} INFO - Processing /home/airflow/.local/lib/python3.8/site-packages/airflow/example_dags/example_skip_dag.py took 0.093 seconds
[2024-04-29T17:44:21.346+0000] {processor.py:161} INFO - Started process (PID=7357) to work on /home/airflow/.local/lib/python3.8/site-packages/airflow/example_dags/example_skip_dag.py
[2024-04-29T17:44:21.358+0000] {processor.py:830} INFO - Processing file /home/airflow/.local/lib/python3.8/site-packages/airflow/example_dags/example_skip_dag.py for tasks to queue
[2024-04-29T17:44:21.359+0000] {logging_mixin.py:188} INFO - [2024-04-29T17:44:21.359+0000] {dagbag.py:540} INFO - Filling up the DagBag from /home/airflow/.local/lib/python3.8/site-packages/airflow/example_dags/example_skip_dag.py
[2024-04-29T17:44:21.368+0000] {processor.py:840} INFO - DAG(s) 'example_skip_dag' retrieved from /home/airflow/.local/lib/python3.8/site-packages/airflow/example_dags/example_skip_dag.py
[2024-04-29T17:44:21.392+0000] {logging_mixin.py:188} INFO - [2024-04-29T17:44:21.392+0000] {dag.py:3047} INFO - Sync 1 DAGs
[2024-04-29T17:44:21.433+0000] {logging_mixin.py:188} INFO - [2024-04-29T17:44:21.433+0000] {dag.py:3834} INFO - Setting next_dagrun for example_skip_dag to 2024-04-28 00:00:00+00:00, run_after=2024-04-29 00:00:00+00:00
[2024-04-29T17:44:21.460+0000] {processor.py:183} INFO - Processing /home/airflow/.local/lib/python3.8/site-packages/airflow/example_dags/example_skip_dag.py took 0.117 seconds
[2024-04-29T17:44:51.784+0000] {processor.py:161} INFO - Started process (PID=7604) to work on /home/airflow/.local/lib/python3.8/site-packages/airflow/example_dags/example_skip_dag.py
[2024-04-29T17:44:51.786+0000] {processor.py:830} INFO - Processing file /home/airflow/.local/lib/python3.8/site-packages/airflow/example_dags/example_skip_dag.py for tasks to queue
[2024-04-29T17:44:51.793+0000] {logging_mixin.py:188} INFO - [2024-04-29T17:44:51.793+0000] {dagbag.py:540} INFO - Filling up the DagBag from /home/airflow/.local/lib/python3.8/site-packages/airflow/example_dags/example_skip_dag.py
[2024-04-29T17:44:51.815+0000] {processor.py:840} INFO - DAG(s) 'example_skip_dag' retrieved from /home/airflow/.local/lib/python3.8/site-packages/airflow/example_dags/example_skip_dag.py
[2024-04-29T17:44:51.842+0000] {logging_mixin.py:188} INFO - [2024-04-29T17:44:51.841+0000] {dag.py:3047} INFO - Sync 1 DAGs
[2024-04-29T17:44:51.867+0000] {logging_mixin.py:188} INFO - [2024-04-29T17:44:51.867+0000] {dag.py:3834} INFO - Setting next_dagrun for example_skip_dag to 2024-04-28 00:00:00+00:00, run_after=2024-04-29 00:00:00+00:00
[2024-04-29T17:44:51.893+0000] {processor.py:183} INFO - Processing /home/airflow/.local/lib/python3.8/site-packages/airflow/example_dags/example_skip_dag.py took 0.113 seconds
[2024-04-29T17:45:22.219+0000] {processor.py:161} INFO - Started process (PID=7852) to work on /home/airflow/.local/lib/python3.8/site-packages/airflow/example_dags/example_skip_dag.py
[2024-04-29T17:45:22.219+0000] {processor.py:830} INFO - Processing file /home/airflow/.local/lib/python3.8/site-packages/airflow/example_dags/example_skip_dag.py for tasks to queue
[2024-04-29T17:45:22.220+0000] {logging_mixin.py:188} INFO - [2024-04-29T17:45:22.220+0000] {dagbag.py:540} INFO - Filling up the DagBag from /home/airflow/.local/lib/python3.8/site-packages/airflow/example_dags/example_skip_dag.py
[2024-04-29T17:45:22.228+0000] {processor.py:840} INFO - DAG(s) 'example_skip_dag' retrieved from /home/airflow/.local/lib/python3.8/site-packages/airflow/example_dags/example_skip_dag.py
[2024-04-29T17:45:22.259+0000] {logging_mixin.py:188} INFO - [2024-04-29T17:45:22.259+0000] {dag.py:3047} INFO - Sync 1 DAGs
[2024-04-29T17:45:22.285+0000] {logging_mixin.py:188} INFO - [2024-04-29T17:45:22.284+0000] {dag.py:3834} INFO - Setting next_dagrun for example_skip_dag to 2024-04-28 00:00:00+00:00, run_after=2024-04-29 00:00:00+00:00
[2024-04-29T17:45:22.308+0000] {processor.py:183} INFO - Processing /home/airflow/.local/lib/python3.8/site-packages/airflow/example_dags/example_skip_dag.py took 0.093 seconds
[2024-04-29T17:45:52.608+0000] {processor.py:161} INFO - Started process (PID=8100) to work on /home/airflow/.local/lib/python3.8/site-packages/airflow/example_dags/example_skip_dag.py
[2024-04-29T17:45:52.610+0000] {processor.py:830} INFO - Processing file /home/airflow/.local/lib/python3.8/site-packages/airflow/example_dags/example_skip_dag.py for tasks to queue
[2024-04-29T17:45:52.611+0000] {logging_mixin.py:188} INFO - [2024-04-29T17:45:52.610+0000] {dagbag.py:540} INFO - Filling up the DagBag from /home/airflow/.local/lib/python3.8/site-packages/airflow/example_dags/example_skip_dag.py
[2024-04-29T17:45:52.619+0000] {processor.py:840} INFO - DAG(s) 'example_skip_dag' retrieved from /home/airflow/.local/lib/python3.8/site-packages/airflow/example_dags/example_skip_dag.py
[2024-04-29T17:45:52.645+0000] {logging_mixin.py:188} INFO - [2024-04-29T17:45:52.645+0000] {dag.py:3047} INFO - Sync 1 DAGs
[2024-04-29T17:45:52.671+0000] {logging_mixin.py:188} INFO - [2024-04-29T17:45:52.671+0000] {dag.py:3834} INFO - Setting next_dagrun for example_skip_dag to 2024-04-28 00:00:00+00:00, run_after=2024-04-29 00:00:00+00:00
[2024-04-29T17:45:52.695+0000] {processor.py:183} INFO - Processing /home/airflow/.local/lib/python3.8/site-packages/airflow/example_dags/example_skip_dag.py took 0.089 seconds
[2024-04-29T17:46:22.854+0000] {processor.py:161} INFO - Started process (PID=8348) to work on /home/airflow/.local/lib/python3.8/site-packages/airflow/example_dags/example_skip_dag.py
[2024-04-29T17:46:22.855+0000] {processor.py:830} INFO - Processing file /home/airflow/.local/lib/python3.8/site-packages/airflow/example_dags/example_skip_dag.py for tasks to queue
[2024-04-29T17:46:22.856+0000] {logging_mixin.py:188} INFO - [2024-04-29T17:46:22.856+0000] {dagbag.py:540} INFO - Filling up the DagBag from /home/airflow/.local/lib/python3.8/site-packages/airflow/example_dags/example_skip_dag.py
[2024-04-29T17:46:22.864+0000] {processor.py:840} INFO - DAG(s) 'example_skip_dag' retrieved from /home/airflow/.local/lib/python3.8/site-packages/airflow/example_dags/example_skip_dag.py
[2024-04-29T17:46:22.909+0000] {logging_mixin.py:188} INFO - [2024-04-29T17:46:22.909+0000] {dag.py:3047} INFO - Sync 1 DAGs
[2024-04-29T17:46:22.944+0000] {logging_mixin.py:188} INFO - [2024-04-29T17:46:22.944+0000] {dag.py:3834} INFO - Setting next_dagrun for example_skip_dag to 2024-04-28 00:00:00+00:00, run_after=2024-04-29 00:00:00+00:00
[2024-04-29T17:46:22.967+0000] {processor.py:183} INFO - Processing /home/airflow/.local/lib/python3.8/site-packages/airflow/example_dags/example_skip_dag.py took 0.116 seconds
[2024-04-29T17:46:53.213+0000] {processor.py:161} INFO - Started process (PID=8595) to work on /home/airflow/.local/lib/python3.8/site-packages/airflow/example_dags/example_skip_dag.py
[2024-04-29T17:46:53.213+0000] {processor.py:830} INFO - Processing file /home/airflow/.local/lib/python3.8/site-packages/airflow/example_dags/example_skip_dag.py for tasks to queue
[2024-04-29T17:46:53.215+0000] {logging_mixin.py:188} INFO - [2024-04-29T17:46:53.214+0000] {dagbag.py:540} INFO - Filling up the DagBag from /home/airflow/.local/lib/python3.8/site-packages/airflow/example_dags/example_skip_dag.py
[2024-04-29T17:46:53.223+0000] {processor.py:840} INFO - DAG(s) 'example_skip_dag' retrieved from /home/airflow/.local/lib/python3.8/site-packages/airflow/example_dags/example_skip_dag.py
[2024-04-29T17:46:53.248+0000] {logging_mixin.py:188} INFO - [2024-04-29T17:46:53.248+0000] {dag.py:3047} INFO - Sync 1 DAGs
[2024-04-29T17:46:53.282+0000] {logging_mixin.py:188} INFO - [2024-04-29T17:46:53.282+0000] {dag.py:3834} INFO - Setting next_dagrun for example_skip_dag to 2024-04-28 00:00:00+00:00, run_after=2024-04-29 00:00:00+00:00
[2024-04-29T17:46:53.330+0000] {processor.py:183} INFO - Processing /home/airflow/.local/lib/python3.8/site-packages/airflow/example_dags/example_skip_dag.py took 0.120 seconds
[2024-04-29T17:47:23.827+0000] {processor.py:161} INFO - Started process (PID=8843) to work on /home/airflow/.local/lib/python3.8/site-packages/airflow/example_dags/example_skip_dag.py
[2024-04-29T17:47:23.827+0000] {processor.py:830} INFO - Processing file /home/airflow/.local/lib/python3.8/site-packages/airflow/example_dags/example_skip_dag.py for tasks to queue
[2024-04-29T17:47:23.828+0000] {logging_mixin.py:188} INFO - [2024-04-29T17:47:23.828+0000] {dagbag.py:540} INFO - Filling up the DagBag from /home/airflow/.local/lib/python3.8/site-packages/airflow/example_dags/example_skip_dag.py
[2024-04-29T17:47:23.836+0000] {processor.py:840} INFO - DAG(s) 'example_skip_dag' retrieved from /home/airflow/.local/lib/python3.8/site-packages/airflow/example_dags/example_skip_dag.py
[2024-04-29T17:47:23.864+0000] {logging_mixin.py:188} INFO - [2024-04-29T17:47:23.864+0000] {dag.py:3047} INFO - Sync 1 DAGs
[2024-04-29T17:47:23.891+0000] {logging_mixin.py:188} INFO - [2024-04-29T17:47:23.890+0000] {dag.py:3834} INFO - Setting next_dagrun for example_skip_dag to 2024-04-28 00:00:00+00:00, run_after=2024-04-29 00:00:00+00:00
[2024-04-29T17:47:23.919+0000] {processor.py:183} INFO - Processing /home/airflow/.local/lib/python3.8/site-packages/airflow/example_dags/example_skip_dag.py took 0.096 seconds
[2024-04-29T17:47:54.162+0000] {processor.py:161} INFO - Started process (PID=9091) to work on /home/airflow/.local/lib/python3.8/site-packages/airflow/example_dags/example_skip_dag.py
[2024-04-29T17:47:54.163+0000] {processor.py:830} INFO - Processing file /home/airflow/.local/lib/python3.8/site-packages/airflow/example_dags/example_skip_dag.py for tasks to queue
[2024-04-29T17:47:54.164+0000] {logging_mixin.py:188} INFO - [2024-04-29T17:47:54.164+0000] {dagbag.py:540} INFO - Filling up the DagBag from /home/airflow/.local/lib/python3.8/site-packages/airflow/example_dags/example_skip_dag.py
[2024-04-29T17:47:54.173+0000] {processor.py:840} INFO - DAG(s) 'example_skip_dag' retrieved from /home/airflow/.local/lib/python3.8/site-packages/airflow/example_dags/example_skip_dag.py
[2024-04-29T17:47:54.198+0000] {logging_mixin.py:188} INFO - [2024-04-29T17:47:54.198+0000] {dag.py:3047} INFO - Sync 1 DAGs
[2024-04-29T17:47:54.223+0000] {logging_mixin.py:188} INFO - [2024-04-29T17:47:54.222+0000] {dag.py:3834} INFO - Setting next_dagrun for example_skip_dag to 2024-04-28 00:00:00+00:00, run_after=2024-04-29 00:00:00+00:00
[2024-04-29T17:47:54.248+0000] {processor.py:183} INFO - Processing /home/airflow/.local/lib/python3.8/site-packages/airflow/example_dags/example_skip_dag.py took 0.089 seconds
