[2024-04-29T17:30:08.249+0000] {processor.py:161} INFO - Started process (PID=361) to work on /home/airflow/.local/lib/python3.8/site-packages/airflow/example_dags/example_complex.py
[2024-04-29T17:30:08.254+0000] {processor.py:830} INFO - Processing file /home/airflow/.local/lib/python3.8/site-packages/airflow/example_dags/example_complex.py for tasks to queue
[2024-04-29T17:30:08.255+0000] {logging_mixin.py:188} INFO - [2024-04-29T17:30:08.254+0000] {dagbag.py:540} INFO - Filling up the DagBag from /home/airflow/.local/lib/python3.8/site-packages/airflow/example_dags/example_complex.py
[2024-04-29T17:30:08.276+0000] {processor.py:840} INFO - DAG(s) 'example_complex' retrieved from /home/airflow/.local/lib/python3.8/site-packages/airflow/example_dags/example_complex.py
[2024-04-29T17:30:08.448+0000] {logging_mixin.py:188} INFO - [2024-04-29T17:30:08.447+0000] {override.py:1769} INFO - Created Permission View: can edit on DAG:example_complex
[2024-04-29T17:30:08.475+0000] {logging_mixin.py:188} INFO - [2024-04-29T17:30:08.475+0000] {override.py:1769} INFO - Created Permission View: can delete on DAG:example_complex
[2024-04-29T17:30:08.488+0000] {logging_mixin.py:188} INFO - [2024-04-29T17:30:08.487+0000] {override.py:1769} INFO - Created Permission View: can read on DAG:example_complex
[2024-04-29T17:30:08.488+0000] {logging_mixin.py:188} INFO - [2024-04-29T17:30:08.488+0000] {dag.py:3047} INFO - Sync 1 DAGs
[2024-04-29T17:30:08.504+0000] {logging_mixin.py:188} INFO - [2024-04-29T17:30:08.504+0000] {dag.py:3069} INFO - Creating ORM DAG for example_complex
[2024-04-29T17:30:08.505+0000] {logging_mixin.py:188} INFO - [2024-04-29T17:30:08.505+0000] {dag.py:3834} INFO - Setting next_dagrun for example_complex to None, run_after=None
[2024-04-29T17:30:08.555+0000] {processor.py:183} INFO - Processing /home/airflow/.local/lib/python3.8/site-packages/airflow/example_dags/example_complex.py took 0.309 seconds
[2024-04-29T17:30:39.249+0000] {processor.py:161} INFO - Started process (PID=608) to work on /home/airflow/.local/lib/python3.8/site-packages/airflow/example_dags/example_complex.py
[2024-04-29T17:30:39.251+0000] {processor.py:830} INFO - Processing file /home/airflow/.local/lib/python3.8/site-packages/airflow/example_dags/example_complex.py for tasks to queue
[2024-04-29T17:30:39.251+0000] {logging_mixin.py:188} INFO - [2024-04-29T17:30:39.251+0000] {dagbag.py:540} INFO - Filling up the DagBag from /home/airflow/.local/lib/python3.8/site-packages/airflow/example_dags/example_complex.py
[2024-04-29T17:30:39.294+0000] {processor.py:840} INFO - DAG(s) 'example_complex' retrieved from /home/airflow/.local/lib/python3.8/site-packages/airflow/example_dags/example_complex.py
[2024-04-29T17:30:39.404+0000] {logging_mixin.py:188} INFO - [2024-04-29T17:30:39.403+0000] {dag.py:3047} INFO - Sync 1 DAGs
[2024-04-29T17:30:39.426+0000] {logging_mixin.py:188} INFO - [2024-04-29T17:30:39.426+0000] {dag.py:3834} INFO - Setting next_dagrun for example_complex to None, run_after=None
[2024-04-29T17:30:39.461+0000] {processor.py:183} INFO - Processing /home/airflow/.local/lib/python3.8/site-packages/airflow/example_dags/example_complex.py took 0.216 seconds
[2024-04-29T17:31:09.836+0000] {processor.py:161} INFO - Started process (PID=855) to work on /home/airflow/.local/lib/python3.8/site-packages/airflow/example_dags/example_complex.py
[2024-04-29T17:31:09.837+0000] {processor.py:830} INFO - Processing file /home/airflow/.local/lib/python3.8/site-packages/airflow/example_dags/example_complex.py for tasks to queue
[2024-04-29T17:31:09.837+0000] {logging_mixin.py:188} INFO - [2024-04-29T17:31:09.837+0000] {dagbag.py:540} INFO - Filling up the DagBag from /home/airflow/.local/lib/python3.8/site-packages/airflow/example_dags/example_complex.py
[2024-04-29T17:31:09.875+0000] {processor.py:840} INFO - DAG(s) 'example_complex' retrieved from /home/airflow/.local/lib/python3.8/site-packages/airflow/example_dags/example_complex.py
[2024-04-29T17:31:09.911+0000] {logging_mixin.py:188} INFO - [2024-04-29T17:31:09.911+0000] {dag.py:3047} INFO - Sync 1 DAGs
[2024-04-29T17:31:09.924+0000] {logging_mixin.py:188} INFO - [2024-04-29T17:31:09.924+0000] {dag.py:3834} INFO - Setting next_dagrun for example_complex to None, run_after=None
[2024-04-29T17:31:09.950+0000] {processor.py:183} INFO - Processing /home/airflow/.local/lib/python3.8/site-packages/airflow/example_dags/example_complex.py took 0.118 seconds
[2024-04-29T17:31:40.339+0000] {processor.py:161} INFO - Started process (PID=1102) to work on /home/airflow/.local/lib/python3.8/site-packages/airflow/example_dags/example_complex.py
[2024-04-29T17:31:40.340+0000] {processor.py:830} INFO - Processing file /home/airflow/.local/lib/python3.8/site-packages/airflow/example_dags/example_complex.py for tasks to queue
[2024-04-29T17:31:40.341+0000] {logging_mixin.py:188} INFO - [2024-04-29T17:31:40.341+0000] {dagbag.py:540} INFO - Filling up the DagBag from /home/airflow/.local/lib/python3.8/site-packages/airflow/example_dags/example_complex.py
[2024-04-29T17:31:40.356+0000] {processor.py:840} INFO - DAG(s) 'example_complex' retrieved from /home/airflow/.local/lib/python3.8/site-packages/airflow/example_dags/example_complex.py
[2024-04-29T17:31:40.409+0000] {logging_mixin.py:188} INFO - [2024-04-29T17:31:40.408+0000] {dag.py:3047} INFO - Sync 1 DAGs
[2024-04-29T17:31:40.436+0000] {logging_mixin.py:188} INFO - [2024-04-29T17:31:40.435+0000] {dag.py:3834} INFO - Setting next_dagrun for example_complex to None, run_after=None
[2024-04-29T17:31:40.484+0000] {processor.py:183} INFO - Processing /home/airflow/.local/lib/python3.8/site-packages/airflow/example_dags/example_complex.py took 0.148 seconds
[2024-04-29T17:32:10.592+0000] {processor.py:161} INFO - Started process (PID=1350) to work on /home/airflow/.local/lib/python3.8/site-packages/airflow/example_dags/example_complex.py
[2024-04-29T17:32:10.593+0000] {processor.py:830} INFO - Processing file /home/airflow/.local/lib/python3.8/site-packages/airflow/example_dags/example_complex.py for tasks to queue
[2024-04-29T17:32:10.594+0000] {logging_mixin.py:188} INFO - [2024-04-29T17:32:10.593+0000] {dagbag.py:540} INFO - Filling up the DagBag from /home/airflow/.local/lib/python3.8/site-packages/airflow/example_dags/example_complex.py
[2024-04-29T17:32:10.609+0000] {processor.py:840} INFO - DAG(s) 'example_complex' retrieved from /home/airflow/.local/lib/python3.8/site-packages/airflow/example_dags/example_complex.py
[2024-04-29T17:32:10.647+0000] {logging_mixin.py:188} INFO - [2024-04-29T17:32:10.647+0000] {dag.py:3047} INFO - Sync 1 DAGs
[2024-04-29T17:32:10.661+0000] {logging_mixin.py:188} INFO - [2024-04-29T17:32:10.661+0000] {dag.py:3834} INFO - Setting next_dagrun for example_complex to None, run_after=None
[2024-04-29T17:32:10.686+0000] {processor.py:183} INFO - Processing /home/airflow/.local/lib/python3.8/site-packages/airflow/example_dags/example_complex.py took 0.097 seconds
[2024-04-29T17:32:41.239+0000] {processor.py:161} INFO - Started process (PID=1598) to work on /home/airflow/.local/lib/python3.8/site-packages/airflow/example_dags/example_complex.py
[2024-04-29T17:32:41.240+0000] {processor.py:830} INFO - Processing file /home/airflow/.local/lib/python3.8/site-packages/airflow/example_dags/example_complex.py for tasks to queue
[2024-04-29T17:32:41.241+0000] {logging_mixin.py:188} INFO - [2024-04-29T17:32:41.241+0000] {dagbag.py:540} INFO - Filling up the DagBag from /home/airflow/.local/lib/python3.8/site-packages/airflow/example_dags/example_complex.py
[2024-04-29T17:32:41.255+0000] {processor.py:840} INFO - DAG(s) 'example_complex' retrieved from /home/airflow/.local/lib/python3.8/site-packages/airflow/example_dags/example_complex.py
[2024-04-29T17:32:41.308+0000] {logging_mixin.py:188} INFO - [2024-04-29T17:32:41.307+0000] {dag.py:3047} INFO - Sync 1 DAGs
[2024-04-29T17:32:41.324+0000] {logging_mixin.py:188} INFO - [2024-04-29T17:32:41.323+0000] {dag.py:3834} INFO - Setting next_dagrun for example_complex to None, run_after=None
[2024-04-29T17:32:41.348+0000] {processor.py:183} INFO - Processing /home/airflow/.local/lib/python3.8/site-packages/airflow/example_dags/example_complex.py took 0.113 seconds
[2024-04-29T17:33:11.889+0000] {processor.py:161} INFO - Started process (PID=1846) to work on /home/airflow/.local/lib/python3.8/site-packages/airflow/example_dags/example_complex.py
[2024-04-29T17:33:11.890+0000] {processor.py:830} INFO - Processing file /home/airflow/.local/lib/python3.8/site-packages/airflow/example_dags/example_complex.py for tasks to queue
[2024-04-29T17:33:11.891+0000] {logging_mixin.py:188} INFO - [2024-04-29T17:33:11.891+0000] {dagbag.py:540} INFO - Filling up the DagBag from /home/airflow/.local/lib/python3.8/site-packages/airflow/example_dags/example_complex.py
[2024-04-29T17:33:11.906+0000] {processor.py:840} INFO - DAG(s) 'example_complex' retrieved from /home/airflow/.local/lib/python3.8/site-packages/airflow/example_dags/example_complex.py
[2024-04-29T17:33:11.946+0000] {logging_mixin.py:188} INFO - [2024-04-29T17:33:11.946+0000] {dag.py:3047} INFO - Sync 1 DAGs
[2024-04-29T17:33:11.959+0000] {logging_mixin.py:188} INFO - [2024-04-29T17:33:11.958+0000] {dag.py:3834} INFO - Setting next_dagrun for example_complex to None, run_after=None
[2024-04-29T17:33:11.986+0000] {processor.py:183} INFO - Processing /home/airflow/.local/lib/python3.8/site-packages/airflow/example_dags/example_complex.py took 0.100 seconds
[2024-04-29T17:33:42.230+0000] {processor.py:161} INFO - Started process (PID=2093) to work on /home/airflow/.local/lib/python3.8/site-packages/airflow/example_dags/example_complex.py
[2024-04-29T17:33:42.231+0000] {processor.py:830} INFO - Processing file /home/airflow/.local/lib/python3.8/site-packages/airflow/example_dags/example_complex.py for tasks to queue
[2024-04-29T17:33:42.233+0000] {logging_mixin.py:188} INFO - [2024-04-29T17:33:42.233+0000] {dagbag.py:540} INFO - Filling up the DagBag from /home/airflow/.local/lib/python3.8/site-packages/airflow/example_dags/example_complex.py
[2024-04-29T17:33:42.251+0000] {processor.py:840} INFO - DAG(s) 'example_complex' retrieved from /home/airflow/.local/lib/python3.8/site-packages/airflow/example_dags/example_complex.py
[2024-04-29T17:33:42.372+0000] {logging_mixin.py:188} INFO - [2024-04-29T17:33:42.372+0000] {dag.py:3047} INFO - Sync 1 DAGs
[2024-04-29T17:33:42.386+0000] {logging_mixin.py:188} INFO - [2024-04-29T17:33:42.385+0000] {dag.py:3834} INFO - Setting next_dagrun for example_complex to None, run_after=None
[2024-04-29T17:33:42.417+0000] {processor.py:183} INFO - Processing /home/airflow/.local/lib/python3.8/site-packages/airflow/example_dags/example_complex.py took 0.190 seconds
[2024-04-29T17:34:12.918+0000] {processor.py:161} INFO - Started process (PID=2345) to work on /home/airflow/.local/lib/python3.8/site-packages/airflow/example_dags/example_complex.py
[2024-04-29T17:34:12.919+0000] {processor.py:830} INFO - Processing file /home/airflow/.local/lib/python3.8/site-packages/airflow/example_dags/example_complex.py for tasks to queue
[2024-04-29T17:34:12.920+0000] {logging_mixin.py:188} INFO - [2024-04-29T17:34:12.920+0000] {dagbag.py:540} INFO - Filling up the DagBag from /home/airflow/.local/lib/python3.8/site-packages/airflow/example_dags/example_complex.py
[2024-04-29T17:34:12.935+0000] {processor.py:840} INFO - DAG(s) 'example_complex' retrieved from /home/airflow/.local/lib/python3.8/site-packages/airflow/example_dags/example_complex.py
[2024-04-29T17:34:12.975+0000] {logging_mixin.py:188} INFO - [2024-04-29T17:34:12.975+0000] {dag.py:3047} INFO - Sync 1 DAGs
[2024-04-29T17:34:12.987+0000] {logging_mixin.py:188} INFO - [2024-04-29T17:34:12.987+0000] {dag.py:3834} INFO - Setting next_dagrun for example_complex to None, run_after=None
[2024-04-29T17:34:13.012+0000] {processor.py:183} INFO - Processing /home/airflow/.local/lib/python3.8/site-packages/airflow/example_dags/example_complex.py took 0.098 seconds
[2024-04-29T17:34:43.439+0000] {processor.py:161} INFO - Started process (PID=2592) to work on /home/airflow/.local/lib/python3.8/site-packages/airflow/example_dags/example_complex.py
[2024-04-29T17:34:43.440+0000] {processor.py:830} INFO - Processing file /home/airflow/.local/lib/python3.8/site-packages/airflow/example_dags/example_complex.py for tasks to queue
[2024-04-29T17:34:43.441+0000] {logging_mixin.py:188} INFO - [2024-04-29T17:34:43.440+0000] {dagbag.py:540} INFO - Filling up the DagBag from /home/airflow/.local/lib/python3.8/site-packages/airflow/example_dags/example_complex.py
[2024-04-29T17:34:43.455+0000] {processor.py:840} INFO - DAG(s) 'example_complex' retrieved from /home/airflow/.local/lib/python3.8/site-packages/airflow/example_dags/example_complex.py
[2024-04-29T17:34:43.499+0000] {logging_mixin.py:188} INFO - [2024-04-29T17:34:43.499+0000] {dag.py:3047} INFO - Sync 1 DAGs
[2024-04-29T17:34:43.512+0000] {logging_mixin.py:188} INFO - [2024-04-29T17:34:43.512+0000] {dag.py:3834} INFO - Setting next_dagrun for example_complex to None, run_after=None
[2024-04-29T17:34:43.537+0000] {processor.py:183} INFO - Processing /home/airflow/.local/lib/python3.8/site-packages/airflow/example_dags/example_complex.py took 0.102 seconds
[2024-04-29T17:35:14.135+0000] {processor.py:161} INFO - Started process (PID=2839) to work on /home/airflow/.local/lib/python3.8/site-packages/airflow/example_dags/example_complex.py
[2024-04-29T17:35:14.140+0000] {processor.py:830} INFO - Processing file /home/airflow/.local/lib/python3.8/site-packages/airflow/example_dags/example_complex.py for tasks to queue
[2024-04-29T17:35:14.141+0000] {logging_mixin.py:188} INFO - [2024-04-29T17:35:14.141+0000] {dagbag.py:540} INFO - Filling up the DagBag from /home/airflow/.local/lib/python3.8/site-packages/airflow/example_dags/example_complex.py
[2024-04-29T17:35:14.182+0000] {processor.py:840} INFO - DAG(s) 'example_complex' retrieved from /home/airflow/.local/lib/python3.8/site-packages/airflow/example_dags/example_complex.py
[2024-04-29T17:35:14.347+0000] {logging_mixin.py:188} INFO - [2024-04-29T17:35:14.347+0000] {dag.py:3047} INFO - Sync 1 DAGs
[2024-04-29T17:35:14.371+0000] {logging_mixin.py:188} INFO - [2024-04-29T17:35:14.371+0000] {dag.py:3834} INFO - Setting next_dagrun for example_complex to None, run_after=None
[2024-04-29T17:35:14.446+0000] {processor.py:183} INFO - Processing /home/airflow/.local/lib/python3.8/site-packages/airflow/example_dags/example_complex.py took 0.321 seconds
[2024-04-29T17:35:44.913+0000] {processor.py:161} INFO - Started process (PID=3088) to work on /home/airflow/.local/lib/python3.8/site-packages/airflow/example_dags/example_complex.py
[2024-04-29T17:35:44.914+0000] {processor.py:830} INFO - Processing file /home/airflow/.local/lib/python3.8/site-packages/airflow/example_dags/example_complex.py for tasks to queue
[2024-04-29T17:35:44.915+0000] {logging_mixin.py:188} INFO - [2024-04-29T17:35:44.915+0000] {dagbag.py:540} INFO - Filling up the DagBag from /home/airflow/.local/lib/python3.8/site-packages/airflow/example_dags/example_complex.py
[2024-04-29T17:35:44.930+0000] {processor.py:840} INFO - DAG(s) 'example_complex' retrieved from /home/airflow/.local/lib/python3.8/site-packages/airflow/example_dags/example_complex.py
[2024-04-29T17:35:44.969+0000] {logging_mixin.py:188} INFO - [2024-04-29T17:35:44.969+0000] {dag.py:3047} INFO - Sync 1 DAGs
[2024-04-29T17:35:44.980+0000] {logging_mixin.py:188} INFO - [2024-04-29T17:35:44.980+0000] {dag.py:3834} INFO - Setting next_dagrun for example_complex to None, run_after=None
[2024-04-29T17:35:45.007+0000] {processor.py:183} INFO - Processing /home/airflow/.local/lib/python3.8/site-packages/airflow/example_dags/example_complex.py took 0.096 seconds
[2024-04-29T17:36:15.395+0000] {processor.py:161} INFO - Started process (PID=3336) to work on /home/airflow/.local/lib/python3.8/site-packages/airflow/example_dags/example_complex.py
[2024-04-29T17:36:15.396+0000] {processor.py:830} INFO - Processing file /home/airflow/.local/lib/python3.8/site-packages/airflow/example_dags/example_complex.py for tasks to queue
[2024-04-29T17:36:15.397+0000] {logging_mixin.py:188} INFO - [2024-04-29T17:36:15.397+0000] {dagbag.py:540} INFO - Filling up the DagBag from /home/airflow/.local/lib/python3.8/site-packages/airflow/example_dags/example_complex.py
[2024-04-29T17:36:15.414+0000] {processor.py:840} INFO - DAG(s) 'example_complex' retrieved from /home/airflow/.local/lib/python3.8/site-packages/airflow/example_dags/example_complex.py
[2024-04-29T17:36:15.455+0000] {logging_mixin.py:188} INFO - [2024-04-29T17:36:15.454+0000] {dag.py:3047} INFO - Sync 1 DAGs
[2024-04-29T17:36:15.468+0000] {logging_mixin.py:188} INFO - [2024-04-29T17:36:15.468+0000] {dag.py:3834} INFO - Setting next_dagrun for example_complex to None, run_after=None
[2024-04-29T17:36:15.493+0000] {processor.py:183} INFO - Processing /home/airflow/.local/lib/python3.8/site-packages/airflow/example_dags/example_complex.py took 0.102 seconds
[2024-04-29T17:36:45.987+0000] {processor.py:161} INFO - Started process (PID=3583) to work on /home/airflow/.local/lib/python3.8/site-packages/airflow/example_dags/example_complex.py
[2024-04-29T17:36:45.988+0000] {processor.py:830} INFO - Processing file /home/airflow/.local/lib/python3.8/site-packages/airflow/example_dags/example_complex.py for tasks to queue
[2024-04-29T17:36:45.989+0000] {logging_mixin.py:188} INFO - [2024-04-29T17:36:45.989+0000] {dagbag.py:540} INFO - Filling up the DagBag from /home/airflow/.local/lib/python3.8/site-packages/airflow/example_dags/example_complex.py
[2024-04-29T17:36:46.004+0000] {processor.py:840} INFO - DAG(s) 'example_complex' retrieved from /home/airflow/.local/lib/python3.8/site-packages/airflow/example_dags/example_complex.py
[2024-04-29T17:36:46.043+0000] {logging_mixin.py:188} INFO - [2024-04-29T17:36:46.043+0000] {dag.py:3047} INFO - Sync 1 DAGs
[2024-04-29T17:36:46.057+0000] {logging_mixin.py:188} INFO - [2024-04-29T17:36:46.057+0000] {dag.py:3834} INFO - Setting next_dagrun for example_complex to None, run_after=None
[2024-04-29T17:36:46.082+0000] {processor.py:183} INFO - Processing /home/airflow/.local/lib/python3.8/site-packages/airflow/example_dags/example_complex.py took 0.098 seconds
[2024-04-29T17:37:20.056+0000] {processor.py:161} INFO - Started process (PID=3892) to work on /home/airflow/.local/lib/python3.8/site-packages/airflow/example_dags/example_complex.py
[2024-04-29T17:37:20.067+0000] {processor.py:830} INFO - Processing file /home/airflow/.local/lib/python3.8/site-packages/airflow/example_dags/example_complex.py for tasks to queue
[2024-04-29T17:37:20.071+0000] {logging_mixin.py:188} INFO - [2024-04-29T17:37:20.070+0000] {dagbag.py:540} INFO - Filling up the DagBag from /home/airflow/.local/lib/python3.8/site-packages/airflow/example_dags/example_complex.py
[2024-04-29T17:37:20.156+0000] {processor.py:840} INFO - DAG(s) 'example_complex' retrieved from /home/airflow/.local/lib/python3.8/site-packages/airflow/example_dags/example_complex.py
[2024-04-29T17:37:20.367+0000] {logging_mixin.py:188} INFO - [2024-04-29T17:37:20.367+0000] {dag.py:3047} INFO - Sync 1 DAGs
[2024-04-29T17:37:20.514+0000] {logging_mixin.py:188} INFO - [2024-04-29T17:37:20.510+0000] {dag.py:3834} INFO - Setting next_dagrun for example_complex to None, run_after=None
[2024-04-29T17:37:20.703+0000] {processor.py:183} INFO - Processing /home/airflow/.local/lib/python3.8/site-packages/airflow/example_dags/example_complex.py took 0.652 seconds
[2024-04-29T17:37:51.697+0000] {processor.py:161} INFO - Started process (PID=4226) to work on /home/airflow/.local/lib/python3.8/site-packages/airflow/example_dags/example_complex.py
[2024-04-29T17:37:51.698+0000] {processor.py:830} INFO - Processing file /home/airflow/.local/lib/python3.8/site-packages/airflow/example_dags/example_complex.py for tasks to queue
[2024-04-29T17:37:51.699+0000] {logging_mixin.py:188} INFO - [2024-04-29T17:37:51.699+0000] {dagbag.py:540} INFO - Filling up the DagBag from /home/airflow/.local/lib/python3.8/site-packages/airflow/example_dags/example_complex.py
[2024-04-29T17:37:51.716+0000] {processor.py:840} INFO - DAG(s) 'example_complex' retrieved from /home/airflow/.local/lib/python3.8/site-packages/airflow/example_dags/example_complex.py
[2024-04-29T17:37:51.757+0000] {logging_mixin.py:188} INFO - [2024-04-29T17:37:51.756+0000] {dag.py:3047} INFO - Sync 1 DAGs
[2024-04-29T17:37:51.777+0000] {logging_mixin.py:188} INFO - [2024-04-29T17:37:51.777+0000] {dag.py:3834} INFO - Setting next_dagrun for example_complex to None, run_after=None
[2024-04-29T17:37:51.803+0000] {processor.py:183} INFO - Processing /home/airflow/.local/lib/python3.8/site-packages/airflow/example_dags/example_complex.py took 0.109 seconds
[2024-04-29T17:38:21.966+0000] {processor.py:161} INFO - Started process (PID=4474) to work on /home/airflow/.local/lib/python3.8/site-packages/airflow/example_dags/example_complex.py
[2024-04-29T17:38:21.967+0000] {processor.py:830} INFO - Processing file /home/airflow/.local/lib/python3.8/site-packages/airflow/example_dags/example_complex.py for tasks to queue
[2024-04-29T17:38:21.968+0000] {logging_mixin.py:188} INFO - [2024-04-29T17:38:21.967+0000] {dagbag.py:540} INFO - Filling up the DagBag from /home/airflow/.local/lib/python3.8/site-packages/airflow/example_dags/example_complex.py
[2024-04-29T17:38:21.984+0000] {processor.py:840} INFO - DAG(s) 'example_complex' retrieved from /home/airflow/.local/lib/python3.8/site-packages/airflow/example_dags/example_complex.py
[2024-04-29T17:38:22.026+0000] {logging_mixin.py:188} INFO - [2024-04-29T17:38:22.026+0000] {dag.py:3047} INFO - Sync 1 DAGs
[2024-04-29T17:38:22.042+0000] {logging_mixin.py:188} INFO - [2024-04-29T17:38:22.042+0000] {dag.py:3834} INFO - Setting next_dagrun for example_complex to None, run_after=None
[2024-04-29T17:38:22.076+0000] {processor.py:183} INFO - Processing /home/airflow/.local/lib/python3.8/site-packages/airflow/example_dags/example_complex.py took 0.114 seconds
[2024-04-29T17:38:52.268+0000] {processor.py:161} INFO - Started process (PID=4721) to work on /home/airflow/.local/lib/python3.8/site-packages/airflow/example_dags/example_complex.py
[2024-04-29T17:38:52.269+0000] {processor.py:830} INFO - Processing file /home/airflow/.local/lib/python3.8/site-packages/airflow/example_dags/example_complex.py for tasks to queue
[2024-04-29T17:38:52.270+0000] {logging_mixin.py:188} INFO - [2024-04-29T17:38:52.270+0000] {dagbag.py:540} INFO - Filling up the DagBag from /home/airflow/.local/lib/python3.8/site-packages/airflow/example_dags/example_complex.py
[2024-04-29T17:38:52.287+0000] {processor.py:840} INFO - DAG(s) 'example_complex' retrieved from /home/airflow/.local/lib/python3.8/site-packages/airflow/example_dags/example_complex.py
[2024-04-29T17:38:52.328+0000] {logging_mixin.py:188} INFO - [2024-04-29T17:38:52.328+0000] {dag.py:3047} INFO - Sync 1 DAGs
[2024-04-29T17:38:52.342+0000] {logging_mixin.py:188} INFO - [2024-04-29T17:38:52.342+0000] {dag.py:3834} INFO - Setting next_dagrun for example_complex to None, run_after=None
[2024-04-29T17:38:52.376+0000] {processor.py:183} INFO - Processing /home/airflow/.local/lib/python3.8/site-packages/airflow/example_dags/example_complex.py took 0.111 seconds
[2024-04-29T17:39:22.792+0000] {processor.py:161} INFO - Started process (PID=4968) to work on /home/airflow/.local/lib/python3.8/site-packages/airflow/example_dags/example_complex.py
[2024-04-29T17:39:22.795+0000] {processor.py:830} INFO - Processing file /home/airflow/.local/lib/python3.8/site-packages/airflow/example_dags/example_complex.py for tasks to queue
[2024-04-29T17:39:22.798+0000] {logging_mixin.py:188} INFO - [2024-04-29T17:39:22.796+0000] {dagbag.py:540} INFO - Filling up the DagBag from /home/airflow/.local/lib/python3.8/site-packages/airflow/example_dags/example_complex.py
[2024-04-29T17:39:22.834+0000] {processor.py:840} INFO - DAG(s) 'example_complex' retrieved from /home/airflow/.local/lib/python3.8/site-packages/airflow/example_dags/example_complex.py
[2024-04-29T17:39:22.873+0000] {logging_mixin.py:188} INFO - [2024-04-29T17:39:22.872+0000] {dag.py:3047} INFO - Sync 1 DAGs
[2024-04-29T17:39:22.888+0000] {logging_mixin.py:188} INFO - [2024-04-29T17:39:22.887+0000] {dag.py:3834} INFO - Setting next_dagrun for example_complex to None, run_after=None
[2024-04-29T17:39:22.914+0000] {processor.py:183} INFO - Processing /home/airflow/.local/lib/python3.8/site-packages/airflow/example_dags/example_complex.py took 0.129 seconds
[2024-04-29T17:39:53.640+0000] {processor.py:161} INFO - Started process (PID=5214) to work on /home/airflow/.local/lib/python3.8/site-packages/airflow/example_dags/example_complex.py
[2024-04-29T17:39:53.641+0000] {processor.py:830} INFO - Processing file /home/airflow/.local/lib/python3.8/site-packages/airflow/example_dags/example_complex.py for tasks to queue
[2024-04-29T17:39:53.642+0000] {logging_mixin.py:188} INFO - [2024-04-29T17:39:53.641+0000] {dagbag.py:540} INFO - Filling up the DagBag from /home/airflow/.local/lib/python3.8/site-packages/airflow/example_dags/example_complex.py
[2024-04-29T17:39:53.656+0000] {processor.py:840} INFO - DAG(s) 'example_complex' retrieved from /home/airflow/.local/lib/python3.8/site-packages/airflow/example_dags/example_complex.py
[2024-04-29T17:39:53.697+0000] {logging_mixin.py:188} INFO - [2024-04-29T17:39:53.697+0000] {dag.py:3047} INFO - Sync 1 DAGs
[2024-04-29T17:39:53.712+0000] {logging_mixin.py:188} INFO - [2024-04-29T17:39:53.712+0000] {dag.py:3834} INFO - Setting next_dagrun for example_complex to None, run_after=None
[2024-04-29T17:39:53.736+0000] {processor.py:183} INFO - Processing /home/airflow/.local/lib/python3.8/site-packages/airflow/example_dags/example_complex.py took 0.099 seconds
[2024-04-29T17:40:24.159+0000] {processor.py:161} INFO - Started process (PID=5461) to work on /home/airflow/.local/lib/python3.8/site-packages/airflow/example_dags/example_complex.py
[2024-04-29T17:40:24.160+0000] {processor.py:830} INFO - Processing file /home/airflow/.local/lib/python3.8/site-packages/airflow/example_dags/example_complex.py for tasks to queue
[2024-04-29T17:40:24.161+0000] {logging_mixin.py:188} INFO - [2024-04-29T17:40:24.160+0000] {dagbag.py:540} INFO - Filling up the DagBag from /home/airflow/.local/lib/python3.8/site-packages/airflow/example_dags/example_complex.py
[2024-04-29T17:40:24.176+0000] {processor.py:840} INFO - DAG(s) 'example_complex' retrieved from /home/airflow/.local/lib/python3.8/site-packages/airflow/example_dags/example_complex.py
[2024-04-29T17:40:24.220+0000] {logging_mixin.py:188} INFO - [2024-04-29T17:40:24.220+0000] {dag.py:3047} INFO - Sync 1 DAGs
[2024-04-29T17:40:24.235+0000] {logging_mixin.py:188} INFO - [2024-04-29T17:40:24.234+0000] {dag.py:3834} INFO - Setting next_dagrun for example_complex to None, run_after=None
[2024-04-29T17:40:24.257+0000] {processor.py:183} INFO - Processing /home/airflow/.local/lib/python3.8/site-packages/airflow/example_dags/example_complex.py took 0.102 seconds
[2024-04-29T17:40:54.358+0000] {processor.py:161} INFO - Started process (PID=5708) to work on /home/airflow/.local/lib/python3.8/site-packages/airflow/example_dags/example_complex.py
[2024-04-29T17:40:54.359+0000] {processor.py:830} INFO - Processing file /home/airflow/.local/lib/python3.8/site-packages/airflow/example_dags/example_complex.py for tasks to queue
[2024-04-29T17:40:54.360+0000] {logging_mixin.py:188} INFO - [2024-04-29T17:40:54.360+0000] {dagbag.py:540} INFO - Filling up the DagBag from /home/airflow/.local/lib/python3.8/site-packages/airflow/example_dags/example_complex.py
[2024-04-29T17:40:54.375+0000] {processor.py:840} INFO - DAG(s) 'example_complex' retrieved from /home/airflow/.local/lib/python3.8/site-packages/airflow/example_dags/example_complex.py
[2024-04-29T17:40:54.414+0000] {logging_mixin.py:188} INFO - [2024-04-29T17:40:54.414+0000] {dag.py:3047} INFO - Sync 1 DAGs
[2024-04-29T17:40:54.429+0000] {logging_mixin.py:188} INFO - [2024-04-29T17:40:54.429+0000] {dag.py:3834} INFO - Setting next_dagrun for example_complex to None, run_after=None
[2024-04-29T17:40:54.453+0000] {processor.py:183} INFO - Processing /home/airflow/.local/lib/python3.8/site-packages/airflow/example_dags/example_complex.py took 0.098 seconds
[2024-04-29T17:41:24.660+0000] {processor.py:161} INFO - Started process (PID=5955) to work on /home/airflow/.local/lib/python3.8/site-packages/airflow/example_dags/example_complex.py
[2024-04-29T17:41:24.662+0000] {processor.py:830} INFO - Processing file /home/airflow/.local/lib/python3.8/site-packages/airflow/example_dags/example_complex.py for tasks to queue
[2024-04-29T17:41:24.663+0000] {logging_mixin.py:188} INFO - [2024-04-29T17:41:24.662+0000] {dagbag.py:540} INFO - Filling up the DagBag from /home/airflow/.local/lib/python3.8/site-packages/airflow/example_dags/example_complex.py
[2024-04-29T17:41:24.678+0000] {processor.py:840} INFO - DAG(s) 'example_complex' retrieved from /home/airflow/.local/lib/python3.8/site-packages/airflow/example_dags/example_complex.py
[2024-04-29T17:41:24.719+0000] {logging_mixin.py:188} INFO - [2024-04-29T17:41:24.718+0000] {dag.py:3047} INFO - Sync 1 DAGs
[2024-04-29T17:41:24.734+0000] {logging_mixin.py:188} INFO - [2024-04-29T17:41:24.734+0000] {dag.py:3834} INFO - Setting next_dagrun for example_complex to None, run_after=None
[2024-04-29T17:41:24.769+0000] {processor.py:183} INFO - Processing /home/airflow/.local/lib/python3.8/site-packages/airflow/example_dags/example_complex.py took 0.112 seconds
[2024-04-29T17:41:54.914+0000] {processor.py:161} INFO - Started process (PID=6202) to work on /home/airflow/.local/lib/python3.8/site-packages/airflow/example_dags/example_complex.py
[2024-04-29T17:41:54.915+0000] {processor.py:830} INFO - Processing file /home/airflow/.local/lib/python3.8/site-packages/airflow/example_dags/example_complex.py for tasks to queue
[2024-04-29T17:41:54.916+0000] {logging_mixin.py:188} INFO - [2024-04-29T17:41:54.915+0000] {dagbag.py:540} INFO - Filling up the DagBag from /home/airflow/.local/lib/python3.8/site-packages/airflow/example_dags/example_complex.py
[2024-04-29T17:41:54.931+0000] {processor.py:840} INFO - DAG(s) 'example_complex' retrieved from /home/airflow/.local/lib/python3.8/site-packages/airflow/example_dags/example_complex.py
[2024-04-29T17:41:54.990+0000] {logging_mixin.py:188} INFO - [2024-04-29T17:41:54.990+0000] {dag.py:3047} INFO - Sync 1 DAGs
[2024-04-29T17:41:55.005+0000] {logging_mixin.py:188} INFO - [2024-04-29T17:41:55.005+0000] {dag.py:3834} INFO - Setting next_dagrun for example_complex to None, run_after=None
[2024-04-29T17:41:55.029+0000] {processor.py:183} INFO - Processing /home/airflow/.local/lib/python3.8/site-packages/airflow/example_dags/example_complex.py took 0.118 seconds
[2024-04-29T17:42:25.421+0000] {processor.py:161} INFO - Started process (PID=6449) to work on /home/airflow/.local/lib/python3.8/site-packages/airflow/example_dags/example_complex.py
[2024-04-29T17:42:25.422+0000] {processor.py:830} INFO - Processing file /home/airflow/.local/lib/python3.8/site-packages/airflow/example_dags/example_complex.py for tasks to queue
[2024-04-29T17:42:25.423+0000] {logging_mixin.py:188} INFO - [2024-04-29T17:42:25.422+0000] {dagbag.py:540} INFO - Filling up the DagBag from /home/airflow/.local/lib/python3.8/site-packages/airflow/example_dags/example_complex.py
[2024-04-29T17:42:25.437+0000] {processor.py:840} INFO - DAG(s) 'example_complex' retrieved from /home/airflow/.local/lib/python3.8/site-packages/airflow/example_dags/example_complex.py
[2024-04-29T17:42:25.478+0000] {logging_mixin.py:188} INFO - [2024-04-29T17:42:25.477+0000] {dag.py:3047} INFO - Sync 1 DAGs
[2024-04-29T17:42:25.515+0000] {logging_mixin.py:188} INFO - [2024-04-29T17:42:25.514+0000] {dag.py:3834} INFO - Setting next_dagrun for example_complex to None, run_after=None
[2024-04-29T17:42:25.539+0000] {processor.py:183} INFO - Processing /home/airflow/.local/lib/python3.8/site-packages/airflow/example_dags/example_complex.py took 0.122 seconds
[2024-04-29T17:42:55.586+0000] {processor.py:161} INFO - Started process (PID=6694) to work on /home/airflow/.local/lib/python3.8/site-packages/airflow/example_dags/example_complex.py
[2024-04-29T17:42:55.587+0000] {processor.py:830} INFO - Processing file /home/airflow/.local/lib/python3.8/site-packages/airflow/example_dags/example_complex.py for tasks to queue
[2024-04-29T17:42:55.589+0000] {logging_mixin.py:188} INFO - [2024-04-29T17:42:55.589+0000] {dagbag.py:540} INFO - Filling up the DagBag from /home/airflow/.local/lib/python3.8/site-packages/airflow/example_dags/example_complex.py
[2024-04-29T17:42:55.604+0000] {processor.py:840} INFO - DAG(s) 'example_complex' retrieved from /home/airflow/.local/lib/python3.8/site-packages/airflow/example_dags/example_complex.py
[2024-04-29T17:42:55.643+0000] {logging_mixin.py:188} INFO - [2024-04-29T17:42:55.643+0000] {dag.py:3047} INFO - Sync 1 DAGs
[2024-04-29T17:42:55.658+0000] {logging_mixin.py:188} INFO - [2024-04-29T17:42:55.657+0000] {dag.py:3834} INFO - Setting next_dagrun for example_complex to None, run_after=None
[2024-04-29T17:42:55.683+0000] {processor.py:183} INFO - Processing /home/airflow/.local/lib/python3.8/site-packages/airflow/example_dags/example_complex.py took 0.101 seconds
[2024-04-29T17:43:25.923+0000] {processor.py:161} INFO - Started process (PID=6941) to work on /home/airflow/.local/lib/python3.8/site-packages/airflow/example_dags/example_complex.py
[2024-04-29T17:43:25.924+0000] {processor.py:830} INFO - Processing file /home/airflow/.local/lib/python3.8/site-packages/airflow/example_dags/example_complex.py for tasks to queue
[2024-04-29T17:43:25.925+0000] {logging_mixin.py:188} INFO - [2024-04-29T17:43:25.925+0000] {dagbag.py:540} INFO - Filling up the DagBag from /home/airflow/.local/lib/python3.8/site-packages/airflow/example_dags/example_complex.py
[2024-04-29T17:43:25.941+0000] {processor.py:840} INFO - DAG(s) 'example_complex' retrieved from /home/airflow/.local/lib/python3.8/site-packages/airflow/example_dags/example_complex.py
[2024-04-29T17:43:25.978+0000] {logging_mixin.py:188} INFO - [2024-04-29T17:43:25.978+0000] {dag.py:3047} INFO - Sync 1 DAGs
[2024-04-29T17:43:25.993+0000] {logging_mixin.py:188} INFO - [2024-04-29T17:43:25.993+0000] {dag.py:3834} INFO - Setting next_dagrun for example_complex to None, run_after=None
[2024-04-29T17:43:26.019+0000] {processor.py:183} INFO - Processing /home/airflow/.local/lib/python3.8/site-packages/airflow/example_dags/example_complex.py took 0.100 seconds
[2024-04-29T17:43:56.936+0000] {processor.py:161} INFO - Started process (PID=7188) to work on /home/airflow/.local/lib/python3.8/site-packages/airflow/example_dags/example_complex.py
[2024-04-29T17:43:56.940+0000] {processor.py:830} INFO - Processing file /home/airflow/.local/lib/python3.8/site-packages/airflow/example_dags/example_complex.py for tasks to queue
[2024-04-29T17:43:56.943+0000] {logging_mixin.py:188} INFO - [2024-04-29T17:43:56.943+0000] {dagbag.py:540} INFO - Filling up the DagBag from /home/airflow/.local/lib/python3.8/site-packages/airflow/example_dags/example_complex.py
[2024-04-29T17:43:56.958+0000] {processor.py:840} INFO - DAG(s) 'example_complex' retrieved from /home/airflow/.local/lib/python3.8/site-packages/airflow/example_dags/example_complex.py
[2024-04-29T17:43:57.021+0000] {logging_mixin.py:188} INFO - [2024-04-29T17:43:57.020+0000] {dag.py:3047} INFO - Sync 1 DAGs
[2024-04-29T17:43:57.033+0000] {logging_mixin.py:188} INFO - [2024-04-29T17:43:57.032+0000] {dag.py:3834} INFO - Setting next_dagrun for example_complex to None, run_after=None
[2024-04-29T17:43:57.056+0000] {processor.py:183} INFO - Processing /home/airflow/.local/lib/python3.8/site-packages/airflow/example_dags/example_complex.py took 0.125 seconds
[2024-04-29T17:44:27.419+0000] {processor.py:161} INFO - Started process (PID=7435) to work on /home/airflow/.local/lib/python3.8/site-packages/airflow/example_dags/example_complex.py
[2024-04-29T17:44:27.420+0000] {processor.py:830} INFO - Processing file /home/airflow/.local/lib/python3.8/site-packages/airflow/example_dags/example_complex.py for tasks to queue
[2024-04-29T17:44:27.421+0000] {logging_mixin.py:188} INFO - [2024-04-29T17:44:27.421+0000] {dagbag.py:540} INFO - Filling up the DagBag from /home/airflow/.local/lib/python3.8/site-packages/airflow/example_dags/example_complex.py
[2024-04-29T17:44:27.437+0000] {processor.py:840} INFO - DAG(s) 'example_complex' retrieved from /home/airflow/.local/lib/python3.8/site-packages/airflow/example_dags/example_complex.py
[2024-04-29T17:44:27.473+0000] {logging_mixin.py:188} INFO - [2024-04-29T17:44:27.473+0000] {dag.py:3047} INFO - Sync 1 DAGs
[2024-04-29T17:44:27.488+0000] {logging_mixin.py:188} INFO - [2024-04-29T17:44:27.487+0000] {dag.py:3834} INFO - Setting next_dagrun for example_complex to None, run_after=None
[2024-04-29T17:44:27.514+0000] {processor.py:183} INFO - Processing /home/airflow/.local/lib/python3.8/site-packages/airflow/example_dags/example_complex.py took 0.099 seconds
[2024-04-29T17:44:57.915+0000] {processor.py:161} INFO - Started process (PID=7682) to work on /home/airflow/.local/lib/python3.8/site-packages/airflow/example_dags/example_complex.py
[2024-04-29T17:44:57.916+0000] {processor.py:830} INFO - Processing file /home/airflow/.local/lib/python3.8/site-packages/airflow/example_dags/example_complex.py for tasks to queue
[2024-04-29T17:44:57.917+0000] {logging_mixin.py:188} INFO - [2024-04-29T17:44:57.917+0000] {dagbag.py:540} INFO - Filling up the DagBag from /home/airflow/.local/lib/python3.8/site-packages/airflow/example_dags/example_complex.py
[2024-04-29T17:44:57.932+0000] {processor.py:840} INFO - DAG(s) 'example_complex' retrieved from /home/airflow/.local/lib/python3.8/site-packages/airflow/example_dags/example_complex.py
[2024-04-29T17:44:57.968+0000] {logging_mixin.py:188} INFO - [2024-04-29T17:44:57.967+0000] {dag.py:3047} INFO - Sync 1 DAGs
[2024-04-29T17:44:57.981+0000] {logging_mixin.py:188} INFO - [2024-04-29T17:44:57.981+0000] {dag.py:3834} INFO - Setting next_dagrun for example_complex to None, run_after=None
[2024-04-29T17:44:58.007+0000] {processor.py:183} INFO - Processing /home/airflow/.local/lib/python3.8/site-packages/airflow/example_dags/example_complex.py took 0.095 seconds
[2024-04-29T17:45:28.328+0000] {processor.py:161} INFO - Started process (PID=7930) to work on /home/airflow/.local/lib/python3.8/site-packages/airflow/example_dags/example_complex.py
[2024-04-29T17:45:28.329+0000] {processor.py:830} INFO - Processing file /home/airflow/.local/lib/python3.8/site-packages/airflow/example_dags/example_complex.py for tasks to queue
[2024-04-29T17:45:28.330+0000] {logging_mixin.py:188} INFO - [2024-04-29T17:45:28.330+0000] {dagbag.py:540} INFO - Filling up the DagBag from /home/airflow/.local/lib/python3.8/site-packages/airflow/example_dags/example_complex.py
[2024-04-29T17:45:28.345+0000] {processor.py:840} INFO - DAG(s) 'example_complex' retrieved from /home/airflow/.local/lib/python3.8/site-packages/airflow/example_dags/example_complex.py
[2024-04-29T17:45:28.380+0000] {logging_mixin.py:188} INFO - [2024-04-29T17:45:28.380+0000] {dag.py:3047} INFO - Sync 1 DAGs
[2024-04-29T17:45:28.394+0000] {logging_mixin.py:188} INFO - [2024-04-29T17:45:28.394+0000] {dag.py:3834} INFO - Setting next_dagrun for example_complex to None, run_after=None
[2024-04-29T17:45:28.423+0000] {processor.py:183} INFO - Processing /home/airflow/.local/lib/python3.8/site-packages/airflow/example_dags/example_complex.py took 0.098 seconds
[2024-04-29T17:45:58.702+0000] {processor.py:161} INFO - Started process (PID=8178) to work on /home/airflow/.local/lib/python3.8/site-packages/airflow/example_dags/example_complex.py
[2024-04-29T17:45:58.703+0000] {processor.py:830} INFO - Processing file /home/airflow/.local/lib/python3.8/site-packages/airflow/example_dags/example_complex.py for tasks to queue
[2024-04-29T17:45:58.704+0000] {logging_mixin.py:188} INFO - [2024-04-29T17:45:58.704+0000] {dagbag.py:540} INFO - Filling up the DagBag from /home/airflow/.local/lib/python3.8/site-packages/airflow/example_dags/example_complex.py
[2024-04-29T17:45:58.721+0000] {processor.py:840} INFO - DAG(s) 'example_complex' retrieved from /home/airflow/.local/lib/python3.8/site-packages/airflow/example_dags/example_complex.py
[2024-04-29T17:45:58.759+0000] {logging_mixin.py:188} INFO - [2024-04-29T17:45:58.759+0000] {dag.py:3047} INFO - Sync 1 DAGs
[2024-04-29T17:45:58.774+0000] {logging_mixin.py:188} INFO - [2024-04-29T17:45:58.773+0000] {dag.py:3834} INFO - Setting next_dagrun for example_complex to None, run_after=None
[2024-04-29T17:45:58.798+0000] {processor.py:183} INFO - Processing /home/airflow/.local/lib/python3.8/site-packages/airflow/example_dags/example_complex.py took 0.100 seconds
[2024-04-29T17:46:28.942+0000] {processor.py:161} INFO - Started process (PID=8426) to work on /home/airflow/.local/lib/python3.8/site-packages/airflow/example_dags/example_complex.py
[2024-04-29T17:46:28.943+0000] {processor.py:830} INFO - Processing file /home/airflow/.local/lib/python3.8/site-packages/airflow/example_dags/example_complex.py for tasks to queue
[2024-04-29T17:46:28.944+0000] {logging_mixin.py:188} INFO - [2024-04-29T17:46:28.944+0000] {dagbag.py:540} INFO - Filling up the DagBag from /home/airflow/.local/lib/python3.8/site-packages/airflow/example_dags/example_complex.py
[2024-04-29T17:46:28.959+0000] {processor.py:840} INFO - DAG(s) 'example_complex' retrieved from /home/airflow/.local/lib/python3.8/site-packages/airflow/example_dags/example_complex.py
[2024-04-29T17:46:29.010+0000] {logging_mixin.py:188} INFO - [2024-04-29T17:46:29.010+0000] {dag.py:3047} INFO - Sync 1 DAGs
[2024-04-29T17:46:29.024+0000] {logging_mixin.py:188} INFO - [2024-04-29T17:46:29.023+0000] {dag.py:3834} INFO - Setting next_dagrun for example_complex to None, run_after=None
[2024-04-29T17:46:29.048+0000] {processor.py:183} INFO - Processing /home/airflow/.local/lib/python3.8/site-packages/airflow/example_dags/example_complex.py took 0.110 seconds
[2024-04-29T17:46:59.652+0000] {processor.py:161} INFO - Started process (PID=8675) to work on /home/airflow/.local/lib/python3.8/site-packages/airflow/example_dags/example_complex.py
[2024-04-29T17:46:59.653+0000] {processor.py:830} INFO - Processing file /home/airflow/.local/lib/python3.8/site-packages/airflow/example_dags/example_complex.py for tasks to queue
[2024-04-29T17:46:59.655+0000] {logging_mixin.py:188} INFO - [2024-04-29T17:46:59.654+0000] {dagbag.py:540} INFO - Filling up the DagBag from /home/airflow/.local/lib/python3.8/site-packages/airflow/example_dags/example_complex.py
[2024-04-29T17:46:59.669+0000] {processor.py:840} INFO - DAG(s) 'example_complex' retrieved from /home/airflow/.local/lib/python3.8/site-packages/airflow/example_dags/example_complex.py
[2024-04-29T17:46:59.708+0000] {logging_mixin.py:188} INFO - [2024-04-29T17:46:59.708+0000] {dag.py:3047} INFO - Sync 1 DAGs
[2024-04-29T17:46:59.727+0000] {logging_mixin.py:188} INFO - [2024-04-29T17:46:59.727+0000] {dag.py:3834} INFO - Setting next_dagrun for example_complex to None, run_after=None
[2024-04-29T17:46:59.751+0000] {processor.py:183} INFO - Processing /home/airflow/.local/lib/python3.8/site-packages/airflow/example_dags/example_complex.py took 0.102 seconds
[2024-04-29T17:47:30.025+0000] {processor.py:161} INFO - Started process (PID=8921) to work on /home/airflow/.local/lib/python3.8/site-packages/airflow/example_dags/example_complex.py
[2024-04-29T17:47:30.027+0000] {processor.py:830} INFO - Processing file /home/airflow/.local/lib/python3.8/site-packages/airflow/example_dags/example_complex.py for tasks to queue
[2024-04-29T17:47:30.028+0000] {logging_mixin.py:188} INFO - [2024-04-29T17:47:30.027+0000] {dagbag.py:540} INFO - Filling up the DagBag from /home/airflow/.local/lib/python3.8/site-packages/airflow/example_dags/example_complex.py
[2024-04-29T17:47:30.042+0000] {processor.py:840} INFO - DAG(s) 'example_complex' retrieved from /home/airflow/.local/lib/python3.8/site-packages/airflow/example_dags/example_complex.py
[2024-04-29T17:47:30.082+0000] {logging_mixin.py:188} INFO - [2024-04-29T17:47:30.082+0000] {dag.py:3047} INFO - Sync 1 DAGs
[2024-04-29T17:47:30.097+0000] {logging_mixin.py:188} INFO - [2024-04-29T17:47:30.097+0000] {dag.py:3834} INFO - Setting next_dagrun for example_complex to None, run_after=None
[2024-04-29T17:47:30.124+0000] {processor.py:183} INFO - Processing /home/airflow/.local/lib/python3.8/site-packages/airflow/example_dags/example_complex.py took 0.103 seconds
[2024-04-29T17:48:00.408+0000] {processor.py:161} INFO - Started process (PID=9169) to work on /home/airflow/.local/lib/python3.8/site-packages/airflow/example_dags/example_complex.py
[2024-04-29T17:48:00.409+0000] {processor.py:830} INFO - Processing file /home/airflow/.local/lib/python3.8/site-packages/airflow/example_dags/example_complex.py for tasks to queue
[2024-04-29T17:48:00.410+0000] {logging_mixin.py:188} INFO - [2024-04-29T17:48:00.410+0000] {dagbag.py:540} INFO - Filling up the DagBag from /home/airflow/.local/lib/python3.8/site-packages/airflow/example_dags/example_complex.py
[2024-04-29T17:48:00.425+0000] {processor.py:840} INFO - DAG(s) 'example_complex' retrieved from /home/airflow/.local/lib/python3.8/site-packages/airflow/example_dags/example_complex.py
[2024-04-29T17:48:00.461+0000] {logging_mixin.py:188} INFO - [2024-04-29T17:48:00.461+0000] {dag.py:3047} INFO - Sync 1 DAGs
[2024-04-29T17:48:00.475+0000] {logging_mixin.py:188} INFO - [2024-04-29T17:48:00.475+0000] {dag.py:3834} INFO - Setting next_dagrun for example_complex to None, run_after=None
[2024-04-29T17:48:00.501+0000] {processor.py:183} INFO - Processing /home/airflow/.local/lib/python3.8/site-packages/airflow/example_dags/example_complex.py took 0.096 seconds
[2024-04-29T17:48:30.839+0000] {processor.py:161} INFO - Started process (PID=9416) to work on /home/airflow/.local/lib/python3.8/site-packages/airflow/example_dags/example_complex.py
[2024-04-29T17:48:30.840+0000] {processor.py:830} INFO - Processing file /home/airflow/.local/lib/python3.8/site-packages/airflow/example_dags/example_complex.py for tasks to queue
[2024-04-29T17:48:30.841+0000] {logging_mixin.py:188} INFO - [2024-04-29T17:48:30.841+0000] {dagbag.py:540} INFO - Filling up the DagBag from /home/airflow/.local/lib/python3.8/site-packages/airflow/example_dags/example_complex.py
[2024-04-29T17:48:30.857+0000] {processor.py:840} INFO - DAG(s) 'example_complex' retrieved from /home/airflow/.local/lib/python3.8/site-packages/airflow/example_dags/example_complex.py
[2024-04-29T17:48:30.892+0000] {logging_mixin.py:188} INFO - [2024-04-29T17:48:30.892+0000] {dag.py:3047} INFO - Sync 1 DAGs
[2024-04-29T17:48:30.906+0000] {logging_mixin.py:188} INFO - [2024-04-29T17:48:30.906+0000] {dag.py:3834} INFO - Setting next_dagrun for example_complex to None, run_after=None
[2024-04-29T17:48:30.932+0000] {processor.py:183} INFO - Processing /home/airflow/.local/lib/python3.8/site-packages/airflow/example_dags/example_complex.py took 0.098 seconds
[2024-04-29T17:49:01.237+0000] {processor.py:161} INFO - Started process (PID=9664) to work on /home/airflow/.local/lib/python3.8/site-packages/airflow/example_dags/example_complex.py
[2024-04-29T17:49:01.238+0000] {processor.py:830} INFO - Processing file /home/airflow/.local/lib/python3.8/site-packages/airflow/example_dags/example_complex.py for tasks to queue
[2024-04-29T17:49:01.240+0000] {logging_mixin.py:188} INFO - [2024-04-29T17:49:01.239+0000] {dagbag.py:540} INFO - Filling up the DagBag from /home/airflow/.local/lib/python3.8/site-packages/airflow/example_dags/example_complex.py
[2024-04-29T17:49:01.253+0000] {processor.py:840} INFO - DAG(s) 'example_complex' retrieved from /home/airflow/.local/lib/python3.8/site-packages/airflow/example_dags/example_complex.py
[2024-04-29T17:49:01.293+0000] {logging_mixin.py:188} INFO - [2024-04-29T17:49:01.292+0000] {dag.py:3047} INFO - Sync 1 DAGs
[2024-04-29T17:49:01.308+0000] {logging_mixin.py:188} INFO - [2024-04-29T17:49:01.308+0000] {dag.py:3834} INFO - Setting next_dagrun for example_complex to None, run_after=None
[2024-04-29T17:49:01.338+0000] {processor.py:183} INFO - Processing /home/airflow/.local/lib/python3.8/site-packages/airflow/example_dags/example_complex.py took 0.105 seconds
[2024-04-29T17:49:32.390+0000] {processor.py:161} INFO - Started process (PID=9912) to work on /home/airflow/.local/lib/python3.8/site-packages/airflow/example_dags/example_complex.py
[2024-04-29T17:49:32.392+0000] {processor.py:830} INFO - Processing file /home/airflow/.local/lib/python3.8/site-packages/airflow/example_dags/example_complex.py for tasks to queue
[2024-04-29T17:49:32.393+0000] {logging_mixin.py:188} INFO - [2024-04-29T17:49:32.392+0000] {dagbag.py:540} INFO - Filling up the DagBag from /home/airflow/.local/lib/python3.8/site-packages/airflow/example_dags/example_complex.py
[2024-04-29T17:49:32.409+0000] {processor.py:840} INFO - DAG(s) 'example_complex' retrieved from /home/airflow/.local/lib/python3.8/site-packages/airflow/example_dags/example_complex.py
[2024-04-29T17:49:32.449+0000] {logging_mixin.py:188} INFO - [2024-04-29T17:49:32.448+0000] {dag.py:3047} INFO - Sync 1 DAGs
[2024-04-29T17:49:32.462+0000] {logging_mixin.py:188} INFO - [2024-04-29T17:49:32.462+0000] {dag.py:3834} INFO - Setting next_dagrun for example_complex to None, run_after=None
[2024-04-29T17:49:32.487+0000] {processor.py:183} INFO - Processing /home/airflow/.local/lib/python3.8/site-packages/airflow/example_dags/example_complex.py took 0.101 seconds
[2024-04-29T17:50:02.901+0000] {processor.py:161} INFO - Started process (PID=10175) to work on /home/airflow/.local/lib/python3.8/site-packages/airflow/example_dags/example_complex.py
[2024-04-29T17:50:02.902+0000] {processor.py:830} INFO - Processing file /home/airflow/.local/lib/python3.8/site-packages/airflow/example_dags/example_complex.py for tasks to queue
[2024-04-29T17:50:02.903+0000] {logging_mixin.py:188} INFO - [2024-04-29T17:50:02.903+0000] {dagbag.py:540} INFO - Filling up the DagBag from /home/airflow/.local/lib/python3.8/site-packages/airflow/example_dags/example_complex.py
[2024-04-29T17:50:02.920+0000] {processor.py:840} INFO - DAG(s) 'example_complex' retrieved from /home/airflow/.local/lib/python3.8/site-packages/airflow/example_dags/example_complex.py
[2024-04-29T17:50:02.974+0000] {logging_mixin.py:188} INFO - [2024-04-29T17:50:02.973+0000] {dag.py:3047} INFO - Sync 1 DAGs
[2024-04-29T17:50:02.987+0000] {logging_mixin.py:188} INFO - [2024-04-29T17:50:02.987+0000] {dag.py:3834} INFO - Setting next_dagrun for example_complex to None, run_after=None
[2024-04-29T17:50:03.014+0000] {processor.py:183} INFO - Processing /home/airflow/.local/lib/python3.8/site-packages/airflow/example_dags/example_complex.py took 0.116 seconds
[2024-04-29T17:50:34.021+0000] {processor.py:161} INFO - Started process (PID=10457) to work on /home/airflow/.local/lib/python3.8/site-packages/airflow/example_dags/example_complex.py
[2024-04-29T17:50:34.022+0000] {processor.py:830} INFO - Processing file /home/airflow/.local/lib/python3.8/site-packages/airflow/example_dags/example_complex.py for tasks to queue
[2024-04-29T17:50:34.024+0000] {logging_mixin.py:188} INFO - [2024-04-29T17:50:34.023+0000] {dagbag.py:540} INFO - Filling up the DagBag from /home/airflow/.local/lib/python3.8/site-packages/airflow/example_dags/example_complex.py
[2024-04-29T17:50:34.037+0000] {processor.py:840} INFO - DAG(s) 'example_complex' retrieved from /home/airflow/.local/lib/python3.8/site-packages/airflow/example_dags/example_complex.py
[2024-04-29T17:50:34.073+0000] {logging_mixin.py:188} INFO - [2024-04-29T17:50:34.073+0000] {dag.py:3047} INFO - Sync 1 DAGs
[2024-04-29T17:50:34.088+0000] {logging_mixin.py:188} INFO - [2024-04-29T17:50:34.088+0000] {dag.py:3834} INFO - Setting next_dagrun for example_complex to None, run_after=None
[2024-04-29T17:50:34.113+0000] {processor.py:183} INFO - Processing /home/airflow/.local/lib/python3.8/site-packages/airflow/example_dags/example_complex.py took 0.096 seconds
[2024-04-29T17:51:04.944+0000] {processor.py:161} INFO - Started process (PID=10739) to work on /home/airflow/.local/lib/python3.8/site-packages/airflow/example_dags/example_complex.py
[2024-04-29T17:51:04.947+0000] {processor.py:830} INFO - Processing file /home/airflow/.local/lib/python3.8/site-packages/airflow/example_dags/example_complex.py for tasks to queue
[2024-04-29T17:51:04.950+0000] {logging_mixin.py:188} INFO - [2024-04-29T17:51:04.948+0000] {dagbag.py:540} INFO - Filling up the DagBag from /home/airflow/.local/lib/python3.8/site-packages/airflow/example_dags/example_complex.py
[2024-04-29T17:51:04.970+0000] {processor.py:840} INFO - DAG(s) 'example_complex' retrieved from /home/airflow/.local/lib/python3.8/site-packages/airflow/example_dags/example_complex.py
[2024-04-29T17:51:05.013+0000] {logging_mixin.py:188} INFO - [2024-04-29T17:51:05.013+0000] {dag.py:3047} INFO - Sync 1 DAGs
[2024-04-29T17:51:05.028+0000] {logging_mixin.py:188} INFO - [2024-04-29T17:51:05.028+0000] {dag.py:3834} INFO - Setting next_dagrun for example_complex to None, run_after=None
[2024-04-29T17:51:05.054+0000] {processor.py:183} INFO - Processing /home/airflow/.local/lib/python3.8/site-packages/airflow/example_dags/example_complex.py took 0.116 seconds
[2024-04-29T17:51:35.593+0000] {processor.py:161} INFO - Started process (PID=11017) to work on /home/airflow/.local/lib/python3.8/site-packages/airflow/example_dags/example_complex.py
[2024-04-29T17:51:35.595+0000] {processor.py:830} INFO - Processing file /home/airflow/.local/lib/python3.8/site-packages/airflow/example_dags/example_complex.py for tasks to queue
[2024-04-29T17:51:35.596+0000] {logging_mixin.py:188} INFO - [2024-04-29T17:51:35.596+0000] {dagbag.py:540} INFO - Filling up the DagBag from /home/airflow/.local/lib/python3.8/site-packages/airflow/example_dags/example_complex.py
[2024-04-29T17:51:35.608+0000] {processor.py:840} INFO - DAG(s) 'example_complex' retrieved from /home/airflow/.local/lib/python3.8/site-packages/airflow/example_dags/example_complex.py
[2024-04-29T17:51:35.650+0000] {logging_mixin.py:188} INFO - [2024-04-29T17:51:35.649+0000] {dag.py:3047} INFO - Sync 1 DAGs
[2024-04-29T17:51:35.676+0000] {logging_mixin.py:188} INFO - [2024-04-29T17:51:35.675+0000] {dag.py:3834} INFO - Setting next_dagrun for example_complex to None, run_after=None
[2024-04-29T17:51:35.703+0000] {processor.py:183} INFO - Processing /home/airflow/.local/lib/python3.8/site-packages/airflow/example_dags/example_complex.py took 0.114 seconds
[2024-04-29T17:52:06.375+0000] {processor.py:161} INFO - Started process (PID=11288) to work on /home/airflow/.local/lib/python3.8/site-packages/airflow/example_dags/example_complex.py
[2024-04-29T17:52:06.376+0000] {processor.py:830} INFO - Processing file /home/airflow/.local/lib/python3.8/site-packages/airflow/example_dags/example_complex.py for tasks to queue
[2024-04-29T17:52:06.377+0000] {logging_mixin.py:188} INFO - [2024-04-29T17:52:06.377+0000] {dagbag.py:540} INFO - Filling up the DagBag from /home/airflow/.local/lib/python3.8/site-packages/airflow/example_dags/example_complex.py
[2024-04-29T17:52:06.393+0000] {processor.py:840} INFO - DAG(s) 'example_complex' retrieved from /home/airflow/.local/lib/python3.8/site-packages/airflow/example_dags/example_complex.py
[2024-04-29T17:52:06.430+0000] {logging_mixin.py:188} INFO - [2024-04-29T17:52:06.430+0000] {dag.py:3047} INFO - Sync 1 DAGs
[2024-04-29T17:52:06.445+0000] {logging_mixin.py:188} INFO - [2024-04-29T17:52:06.445+0000] {dag.py:3834} INFO - Setting next_dagrun for example_complex to None, run_after=None
[2024-04-29T17:52:06.470+0000] {processor.py:183} INFO - Processing /home/airflow/.local/lib/python3.8/site-packages/airflow/example_dags/example_complex.py took 0.100 seconds
[2024-04-29T17:52:37.120+0000] {processor.py:161} INFO - Started process (PID=11565) to work on /home/airflow/.local/lib/python3.8/site-packages/airflow/example_dags/example_complex.py
[2024-04-29T17:52:37.121+0000] {processor.py:830} INFO - Processing file /home/airflow/.local/lib/python3.8/site-packages/airflow/example_dags/example_complex.py for tasks to queue
[2024-04-29T17:52:37.122+0000] {logging_mixin.py:188} INFO - [2024-04-29T17:52:37.122+0000] {dagbag.py:540} INFO - Filling up the DagBag from /home/airflow/.local/lib/python3.8/site-packages/airflow/example_dags/example_complex.py
[2024-04-29T17:52:37.137+0000] {processor.py:840} INFO - DAG(s) 'example_complex' retrieved from /home/airflow/.local/lib/python3.8/site-packages/airflow/example_dags/example_complex.py
[2024-04-29T17:52:37.173+0000] {logging_mixin.py:188} INFO - [2024-04-29T17:52:37.172+0000] {dag.py:3047} INFO - Sync 1 DAGs
[2024-04-29T17:52:37.186+0000] {logging_mixin.py:188} INFO - [2024-04-29T17:52:37.186+0000] {dag.py:3834} INFO - Setting next_dagrun for example_complex to None, run_after=None
[2024-04-29T17:52:37.212+0000] {processor.py:183} INFO - Processing /home/airflow/.local/lib/python3.8/site-packages/airflow/example_dags/example_complex.py took 0.096 seconds
[2024-04-29T17:53:07.402+0000] {processor.py:161} INFO - Started process (PID=11837) to work on /home/airflow/.local/lib/python3.8/site-packages/airflow/example_dags/example_complex.py
[2024-04-29T17:53:07.404+0000] {processor.py:830} INFO - Processing file /home/airflow/.local/lib/python3.8/site-packages/airflow/example_dags/example_complex.py for tasks to queue
[2024-04-29T17:53:07.405+0000] {logging_mixin.py:188} INFO - [2024-04-29T17:53:07.405+0000] {dagbag.py:540} INFO - Filling up the DagBag from /home/airflow/.local/lib/python3.8/site-packages/airflow/example_dags/example_complex.py
[2024-04-29T17:53:07.421+0000] {processor.py:840} INFO - DAG(s) 'example_complex' retrieved from /home/airflow/.local/lib/python3.8/site-packages/airflow/example_dags/example_complex.py
[2024-04-29T17:53:07.457+0000] {logging_mixin.py:188} INFO - [2024-04-29T17:53:07.456+0000] {dag.py:3047} INFO - Sync 1 DAGs
[2024-04-29T17:53:07.470+0000] {logging_mixin.py:188} INFO - [2024-04-29T17:53:07.470+0000] {dag.py:3834} INFO - Setting next_dagrun for example_complex to None, run_after=None
[2024-04-29T17:53:07.497+0000] {processor.py:183} INFO - Processing /home/airflow/.local/lib/python3.8/site-packages/airflow/example_dags/example_complex.py took 0.100 seconds
[2024-04-29T17:53:38.130+0000] {processor.py:161} INFO - Started process (PID=12106) to work on /home/airflow/.local/lib/python3.8/site-packages/airflow/example_dags/example_complex.py
[2024-04-29T17:53:38.131+0000] {processor.py:830} INFO - Processing file /home/airflow/.local/lib/python3.8/site-packages/airflow/example_dags/example_complex.py for tasks to queue
[2024-04-29T17:53:38.132+0000] {logging_mixin.py:188} INFO - [2024-04-29T17:53:38.132+0000] {dagbag.py:540} INFO - Filling up the DagBag from /home/airflow/.local/lib/python3.8/site-packages/airflow/example_dags/example_complex.py
[2024-04-29T17:53:38.147+0000] {processor.py:840} INFO - DAG(s) 'example_complex' retrieved from /home/airflow/.local/lib/python3.8/site-packages/airflow/example_dags/example_complex.py
[2024-04-29T17:53:38.189+0000] {logging_mixin.py:188} INFO - [2024-04-29T17:53:38.188+0000] {dag.py:3047} INFO - Sync 1 DAGs
[2024-04-29T17:53:38.227+0000] {logging_mixin.py:188} INFO - [2024-04-29T17:53:38.227+0000] {dag.py:3834} INFO - Setting next_dagrun for example_complex to None, run_after=None
[2024-04-29T17:53:38.281+0000] {processor.py:183} INFO - Processing /home/airflow/.local/lib/python3.8/site-packages/airflow/example_dags/example_complex.py took 0.154 seconds
[2024-04-29T17:54:08.729+0000] {processor.py:161} INFO - Started process (PID=12373) to work on /home/airflow/.local/lib/python3.8/site-packages/airflow/example_dags/example_complex.py
[2024-04-29T17:54:08.730+0000] {processor.py:830} INFO - Processing file /home/airflow/.local/lib/python3.8/site-packages/airflow/example_dags/example_complex.py for tasks to queue
[2024-04-29T17:54:08.730+0000] {logging_mixin.py:188} INFO - [2024-04-29T17:54:08.730+0000] {dagbag.py:540} INFO - Filling up the DagBag from /home/airflow/.local/lib/python3.8/site-packages/airflow/example_dags/example_complex.py
[2024-04-29T17:54:08.745+0000] {processor.py:840} INFO - DAG(s) 'example_complex' retrieved from /home/airflow/.local/lib/python3.8/site-packages/airflow/example_dags/example_complex.py
[2024-04-29T17:54:08.789+0000] {logging_mixin.py:188} INFO - [2024-04-29T17:54:08.789+0000] {dag.py:3047} INFO - Sync 1 DAGs
[2024-04-29T17:54:08.805+0000] {logging_mixin.py:188} INFO - [2024-04-29T17:54:08.804+0000] {dag.py:3834} INFO - Setting next_dagrun for example_complex to None, run_after=None
[2024-04-29T17:54:08.840+0000] {processor.py:183} INFO - Processing /home/airflow/.local/lib/python3.8/site-packages/airflow/example_dags/example_complex.py took 0.114 seconds
[2024-04-29T17:54:39.511+0000] {processor.py:161} INFO - Started process (PID=12640) to work on /home/airflow/.local/lib/python3.8/site-packages/airflow/example_dags/example_complex.py
[2024-04-29T17:54:39.512+0000] {processor.py:830} INFO - Processing file /home/airflow/.local/lib/python3.8/site-packages/airflow/example_dags/example_complex.py for tasks to queue
[2024-04-29T17:54:39.513+0000] {logging_mixin.py:188} INFO - [2024-04-29T17:54:39.513+0000] {dagbag.py:540} INFO - Filling up the DagBag from /home/airflow/.local/lib/python3.8/site-packages/airflow/example_dags/example_complex.py
[2024-04-29T17:54:39.528+0000] {processor.py:840} INFO - DAG(s) 'example_complex' retrieved from /home/airflow/.local/lib/python3.8/site-packages/airflow/example_dags/example_complex.py
[2024-04-29T17:54:39.569+0000] {logging_mixin.py:188} INFO - [2024-04-29T17:54:39.568+0000] {dag.py:3047} INFO - Sync 1 DAGs
[2024-04-29T17:54:39.582+0000] {logging_mixin.py:188} INFO - [2024-04-29T17:54:39.582+0000] {dag.py:3834} INFO - Setting next_dagrun for example_complex to None, run_after=None
[2024-04-29T17:54:39.606+0000] {processor.py:183} INFO - Processing /home/airflow/.local/lib/python3.8/site-packages/airflow/example_dags/example_complex.py took 0.098 seconds
[2024-04-29T17:55:10.204+0000] {processor.py:161} INFO - Started process (PID=12890) to work on /home/airflow/.local/lib/python3.8/site-packages/airflow/example_dags/example_complex.py
[2024-04-29T17:55:10.205+0000] {processor.py:830} INFO - Processing file /home/airflow/.local/lib/python3.8/site-packages/airflow/example_dags/example_complex.py for tasks to queue
[2024-04-29T17:55:10.205+0000] {logging_mixin.py:188} INFO - [2024-04-29T17:55:10.205+0000] {dagbag.py:540} INFO - Filling up the DagBag from /home/airflow/.local/lib/python3.8/site-packages/airflow/example_dags/example_complex.py
[2024-04-29T17:55:10.221+0000] {processor.py:840} INFO - DAG(s) 'example_complex' retrieved from /home/airflow/.local/lib/python3.8/site-packages/airflow/example_dags/example_complex.py
[2024-04-29T17:55:10.259+0000] {logging_mixin.py:188} INFO - [2024-04-29T17:55:10.259+0000] {dag.py:3047} INFO - Sync 1 DAGs
[2024-04-29T17:55:10.274+0000] {logging_mixin.py:188} INFO - [2024-04-29T17:55:10.274+0000] {dag.py:3834} INFO - Setting next_dagrun for example_complex to None, run_after=None
[2024-04-29T17:55:10.299+0000] {processor.py:183} INFO - Processing /home/airflow/.local/lib/python3.8/site-packages/airflow/example_dags/example_complex.py took 0.099 seconds
[2024-04-29T17:55:40.677+0000] {processor.py:161} INFO - Started process (PID=13152) to work on /home/airflow/.local/lib/python3.8/site-packages/airflow/example_dags/example_complex.py
[2024-04-29T17:55:40.678+0000] {processor.py:830} INFO - Processing file /home/airflow/.local/lib/python3.8/site-packages/airflow/example_dags/example_complex.py for tasks to queue
[2024-04-29T17:55:40.679+0000] {logging_mixin.py:188} INFO - [2024-04-29T17:55:40.679+0000] {dagbag.py:540} INFO - Filling up the DagBag from /home/airflow/.local/lib/python3.8/site-packages/airflow/example_dags/example_complex.py
[2024-04-29T17:55:40.695+0000] {processor.py:840} INFO - DAG(s) 'example_complex' retrieved from /home/airflow/.local/lib/python3.8/site-packages/airflow/example_dags/example_complex.py
[2024-04-29T17:55:40.731+0000] {logging_mixin.py:188} INFO - [2024-04-29T17:55:40.730+0000] {dag.py:3047} INFO - Sync 1 DAGs
[2024-04-29T17:55:40.748+0000] {logging_mixin.py:188} INFO - [2024-04-29T17:55:40.748+0000] {dag.py:3834} INFO - Setting next_dagrun for example_complex to None, run_after=None
[2024-04-29T17:55:40.776+0000] {processor.py:183} INFO - Processing /home/airflow/.local/lib/python3.8/site-packages/airflow/example_dags/example_complex.py took 0.103 seconds
[2024-04-29T17:56:10.987+0000] {processor.py:161} INFO - Started process (PID=13414) to work on /home/airflow/.local/lib/python3.8/site-packages/airflow/example_dags/example_complex.py
[2024-04-29T17:56:10.988+0000] {processor.py:830} INFO - Processing file /home/airflow/.local/lib/python3.8/site-packages/airflow/example_dags/example_complex.py for tasks to queue
[2024-04-29T17:56:10.989+0000] {logging_mixin.py:188} INFO - [2024-04-29T17:56:10.989+0000] {dagbag.py:540} INFO - Filling up the DagBag from /home/airflow/.local/lib/python3.8/site-packages/airflow/example_dags/example_complex.py
[2024-04-29T17:56:11.005+0000] {processor.py:840} INFO - DAG(s) 'example_complex' retrieved from /home/airflow/.local/lib/python3.8/site-packages/airflow/example_dags/example_complex.py
[2024-04-29T17:56:11.045+0000] {logging_mixin.py:188} INFO - [2024-04-29T17:56:11.045+0000] {dag.py:3047} INFO - Sync 1 DAGs
[2024-04-29T17:56:11.060+0000] {logging_mixin.py:188} INFO - [2024-04-29T17:56:11.060+0000] {dag.py:3834} INFO - Setting next_dagrun for example_complex to None, run_after=None
[2024-04-29T17:56:11.086+0000] {processor.py:183} INFO - Processing /home/airflow/.local/lib/python3.8/site-packages/airflow/example_dags/example_complex.py took 0.101 seconds
[2024-04-29T17:56:41.276+0000] {processor.py:161} INFO - Started process (PID=13666) to work on /home/airflow/.local/lib/python3.8/site-packages/airflow/example_dags/example_complex.py
[2024-04-29T17:56:41.277+0000] {processor.py:830} INFO - Processing file /home/airflow/.local/lib/python3.8/site-packages/airflow/example_dags/example_complex.py for tasks to queue
[2024-04-29T17:56:41.278+0000] {logging_mixin.py:188} INFO - [2024-04-29T17:56:41.278+0000] {dagbag.py:540} INFO - Filling up the DagBag from /home/airflow/.local/lib/python3.8/site-packages/airflow/example_dags/example_complex.py
[2024-04-29T17:56:41.293+0000] {processor.py:840} INFO - DAG(s) 'example_complex' retrieved from /home/airflow/.local/lib/python3.8/site-packages/airflow/example_dags/example_complex.py
[2024-04-29T17:56:41.333+0000] {logging_mixin.py:188} INFO - [2024-04-29T17:56:41.332+0000] {dag.py:3047} INFO - Sync 1 DAGs
[2024-04-29T17:56:41.347+0000] {logging_mixin.py:188} INFO - [2024-04-29T17:56:41.347+0000] {dag.py:3834} INFO - Setting next_dagrun for example_complex to None, run_after=None
[2024-04-29T17:56:41.373+0000] {processor.py:183} INFO - Processing /home/airflow/.local/lib/python3.8/site-packages/airflow/example_dags/example_complex.py took 0.100 seconds
[2024-04-29T17:57:11.566+0000] {processor.py:161} INFO - Started process (PID=13939) to work on /home/airflow/.local/lib/python3.8/site-packages/airflow/example_dags/example_complex.py
[2024-04-29T17:57:11.568+0000] {processor.py:830} INFO - Processing file /home/airflow/.local/lib/python3.8/site-packages/airflow/example_dags/example_complex.py for tasks to queue
[2024-04-29T17:57:11.569+0000] {logging_mixin.py:188} INFO - [2024-04-29T17:57:11.568+0000] {dagbag.py:540} INFO - Filling up the DagBag from /home/airflow/.local/lib/python3.8/site-packages/airflow/example_dags/example_complex.py
[2024-04-29T17:57:11.584+0000] {processor.py:840} INFO - DAG(s) 'example_complex' retrieved from /home/airflow/.local/lib/python3.8/site-packages/airflow/example_dags/example_complex.py
[2024-04-29T17:57:11.624+0000] {logging_mixin.py:188} INFO - [2024-04-29T17:57:11.624+0000] {dag.py:3047} INFO - Sync 1 DAGs
[2024-04-29T17:57:11.637+0000] {logging_mixin.py:188} INFO - [2024-04-29T17:57:11.637+0000] {dag.py:3834} INFO - Setting next_dagrun for example_complex to None, run_after=None
[2024-04-29T17:57:11.664+0000] {processor.py:183} INFO - Processing /home/airflow/.local/lib/python3.8/site-packages/airflow/example_dags/example_complex.py took 0.101 seconds
[2024-04-29T17:57:42.166+0000] {processor.py:161} INFO - Started process (PID=14207) to work on /home/airflow/.local/lib/python3.8/site-packages/airflow/example_dags/example_complex.py
[2024-04-29T17:57:42.167+0000] {processor.py:830} INFO - Processing file /home/airflow/.local/lib/python3.8/site-packages/airflow/example_dags/example_complex.py for tasks to queue
[2024-04-29T17:57:42.167+0000] {logging_mixin.py:188} INFO - [2024-04-29T17:57:42.167+0000] {dagbag.py:540} INFO - Filling up the DagBag from /home/airflow/.local/lib/python3.8/site-packages/airflow/example_dags/example_complex.py
[2024-04-29T17:57:42.187+0000] {processor.py:840} INFO - DAG(s) 'example_complex' retrieved from /home/airflow/.local/lib/python3.8/site-packages/airflow/example_dags/example_complex.py
[2024-04-29T17:57:42.221+0000] {logging_mixin.py:188} INFO - [2024-04-29T17:57:42.220+0000] {dag.py:3047} INFO - Sync 1 DAGs
[2024-04-29T17:57:42.234+0000] {logging_mixin.py:188} INFO - [2024-04-29T17:57:42.234+0000] {dag.py:3834} INFO - Setting next_dagrun for example_complex to None, run_after=None
[2024-04-29T17:57:42.258+0000] {processor.py:183} INFO - Processing /home/airflow/.local/lib/python3.8/site-packages/airflow/example_dags/example_complex.py took 0.096 seconds
[2024-04-29T17:58:12.840+0000] {processor.py:161} INFO - Started process (PID=14465) to work on /home/airflow/.local/lib/python3.8/site-packages/airflow/example_dags/example_complex.py
[2024-04-29T17:58:12.840+0000] {processor.py:830} INFO - Processing file /home/airflow/.local/lib/python3.8/site-packages/airflow/example_dags/example_complex.py for tasks to queue
[2024-04-29T17:58:12.841+0000] {logging_mixin.py:188} INFO - [2024-04-29T17:58:12.841+0000] {dagbag.py:540} INFO - Filling up the DagBag from /home/airflow/.local/lib/python3.8/site-packages/airflow/example_dags/example_complex.py
[2024-04-29T17:58:12.867+0000] {processor.py:840} INFO - DAG(s) 'example_complex' retrieved from /home/airflow/.local/lib/python3.8/site-packages/airflow/example_dags/example_complex.py
[2024-04-29T17:58:12.928+0000] {logging_mixin.py:188} INFO - [2024-04-29T17:58:12.928+0000] {dag.py:3047} INFO - Sync 1 DAGs
[2024-04-29T17:58:12.943+0000] {logging_mixin.py:188} INFO - [2024-04-29T17:58:12.943+0000] {dag.py:3834} INFO - Setting next_dagrun for example_complex to None, run_after=None
[2024-04-29T17:58:12.967+0000] {processor.py:183} INFO - Processing /home/airflow/.local/lib/python3.8/site-packages/airflow/example_dags/example_complex.py took 0.134 seconds
[2024-04-29T17:58:43.174+0000] {processor.py:161} INFO - Started process (PID=14730) to work on /home/airflow/.local/lib/python3.8/site-packages/airflow/example_dags/example_complex.py
[2024-04-29T17:58:43.175+0000] {processor.py:830} INFO - Processing file /home/airflow/.local/lib/python3.8/site-packages/airflow/example_dags/example_complex.py for tasks to queue
[2024-04-29T17:58:43.176+0000] {logging_mixin.py:188} INFO - [2024-04-29T17:58:43.176+0000] {dagbag.py:540} INFO - Filling up the DagBag from /home/airflow/.local/lib/python3.8/site-packages/airflow/example_dags/example_complex.py
[2024-04-29T17:58:43.193+0000] {processor.py:840} INFO - DAG(s) 'example_complex' retrieved from /home/airflow/.local/lib/python3.8/site-packages/airflow/example_dags/example_complex.py
[2024-04-29T17:58:43.240+0000] {logging_mixin.py:188} INFO - [2024-04-29T17:58:43.240+0000] {dag.py:3047} INFO - Sync 1 DAGs
[2024-04-29T17:58:43.254+0000] {logging_mixin.py:188} INFO - [2024-04-29T17:58:43.254+0000] {dag.py:3834} INFO - Setting next_dagrun for example_complex to None, run_after=None
[2024-04-29T17:58:43.278+0000] {processor.py:183} INFO - Processing /home/airflow/.local/lib/python3.8/site-packages/airflow/example_dags/example_complex.py took 0.109 seconds
[2024-04-29T17:59:14.033+0000] {processor.py:161} INFO - Started process (PID=14995) to work on /home/airflow/.local/lib/python3.8/site-packages/airflow/example_dags/example_complex.py
[2024-04-29T17:59:14.033+0000] {processor.py:830} INFO - Processing file /home/airflow/.local/lib/python3.8/site-packages/airflow/example_dags/example_complex.py for tasks to queue
[2024-04-29T17:59:14.034+0000] {logging_mixin.py:188} INFO - [2024-04-29T17:59:14.034+0000] {dagbag.py:540} INFO - Filling up the DagBag from /home/airflow/.local/lib/python3.8/site-packages/airflow/example_dags/example_complex.py
[2024-04-29T17:59:14.049+0000] {processor.py:840} INFO - DAG(s) 'example_complex' retrieved from /home/airflow/.local/lib/python3.8/site-packages/airflow/example_dags/example_complex.py
[2024-04-29T17:59:14.089+0000] {logging_mixin.py:188} INFO - [2024-04-29T17:59:14.089+0000] {dag.py:3047} INFO - Sync 1 DAGs
[2024-04-29T17:59:14.112+0000] {logging_mixin.py:188} INFO - [2024-04-29T17:59:14.112+0000] {dag.py:3834} INFO - Setting next_dagrun for example_complex to None, run_after=None
[2024-04-29T17:59:14.151+0000] {processor.py:183} INFO - Processing /home/airflow/.local/lib/python3.8/site-packages/airflow/example_dags/example_complex.py took 0.122 seconds
[2024-04-29T17:59:44.317+0000] {processor.py:161} INFO - Started process (PID=15270) to work on /home/airflow/.local/lib/python3.8/site-packages/airflow/example_dags/example_complex.py
[2024-04-29T17:59:44.318+0000] {processor.py:830} INFO - Processing file /home/airflow/.local/lib/python3.8/site-packages/airflow/example_dags/example_complex.py for tasks to queue
[2024-04-29T17:59:44.318+0000] {logging_mixin.py:188} INFO - [2024-04-29T17:59:44.318+0000] {dagbag.py:540} INFO - Filling up the DagBag from /home/airflow/.local/lib/python3.8/site-packages/airflow/example_dags/example_complex.py
[2024-04-29T17:59:44.327+0000] {processor.py:840} INFO - DAG(s) 'example_complex' retrieved from /home/airflow/.local/lib/python3.8/site-packages/airflow/example_dags/example_complex.py
[2024-04-29T17:59:44.353+0000] {logging_mixin.py:188} INFO - [2024-04-29T17:59:44.352+0000] {dag.py:3047} INFO - Sync 1 DAGs
[2024-04-29T17:59:44.363+0000] {logging_mixin.py:188} INFO - [2024-04-29T17:59:44.362+0000] {dag.py:3834} INFO - Setting next_dagrun for example_complex to None, run_after=None
[2024-04-29T17:59:44.382+0000] {processor.py:183} INFO - Processing /home/airflow/.local/lib/python3.8/site-packages/airflow/example_dags/example_complex.py took 0.068 seconds
[2024-04-29T18:00:14.681+0000] {processor.py:161} INFO - Started process (PID=15527) to work on /home/airflow/.local/lib/python3.8/site-packages/airflow/example_dags/example_complex.py
[2024-04-29T18:00:14.682+0000] {processor.py:830} INFO - Processing file /home/airflow/.local/lib/python3.8/site-packages/airflow/example_dags/example_complex.py for tasks to queue
[2024-04-29T18:00:14.683+0000] {logging_mixin.py:188} INFO - [2024-04-29T18:00:14.682+0000] {dagbag.py:540} INFO - Filling up the DagBag from /home/airflow/.local/lib/python3.8/site-packages/airflow/example_dags/example_complex.py
[2024-04-29T18:00:14.692+0000] {processor.py:840} INFO - DAG(s) 'example_complex' retrieved from /home/airflow/.local/lib/python3.8/site-packages/airflow/example_dags/example_complex.py
[2024-04-29T18:00:14.719+0000] {logging_mixin.py:188} INFO - [2024-04-29T18:00:14.719+0000] {dag.py:3047} INFO - Sync 1 DAGs
[2024-04-29T18:00:14.729+0000] {logging_mixin.py:188} INFO - [2024-04-29T18:00:14.729+0000] {dag.py:3834} INFO - Setting next_dagrun for example_complex to None, run_after=None
[2024-04-29T18:00:14.750+0000] {processor.py:183} INFO - Processing /home/airflow/.local/lib/python3.8/site-packages/airflow/example_dags/example_complex.py took 0.072 seconds
[2024-04-29T18:00:45.489+0000] {processor.py:161} INFO - Started process (PID=15797) to work on /home/airflow/.local/lib/python3.8/site-packages/airflow/example_dags/example_complex.py
[2024-04-29T18:00:45.490+0000] {processor.py:830} INFO - Processing file /home/airflow/.local/lib/python3.8/site-packages/airflow/example_dags/example_complex.py for tasks to queue
[2024-04-29T18:00:45.491+0000] {logging_mixin.py:188} INFO - [2024-04-29T18:00:45.491+0000] {dagbag.py:540} INFO - Filling up the DagBag from /home/airflow/.local/lib/python3.8/site-packages/airflow/example_dags/example_complex.py
[2024-04-29T18:00:45.505+0000] {processor.py:840} INFO - DAG(s) 'example_complex' retrieved from /home/airflow/.local/lib/python3.8/site-packages/airflow/example_dags/example_complex.py
[2024-04-29T18:00:45.543+0000] {logging_mixin.py:188} INFO - [2024-04-29T18:00:45.543+0000] {dag.py:3047} INFO - Sync 1 DAGs
[2024-04-29T18:00:45.559+0000] {logging_mixin.py:188} INFO - [2024-04-29T18:00:45.558+0000] {dag.py:3834} INFO - Setting next_dagrun for example_complex to None, run_after=None
[2024-04-29T18:00:45.587+0000] {processor.py:183} INFO - Processing /home/airflow/.local/lib/python3.8/site-packages/airflow/example_dags/example_complex.py took 0.101 seconds
[2024-04-29T18:01:16.422+0000] {processor.py:161} INFO - Started process (PID=16069) to work on /home/airflow/.local/lib/python3.8/site-packages/airflow/example_dags/example_complex.py
[2024-04-29T18:01:16.423+0000] {processor.py:830} INFO - Processing file /home/airflow/.local/lib/python3.8/site-packages/airflow/example_dags/example_complex.py for tasks to queue
[2024-04-29T18:01:16.424+0000] {logging_mixin.py:188} INFO - [2024-04-29T18:01:16.424+0000] {dagbag.py:540} INFO - Filling up the DagBag from /home/airflow/.local/lib/python3.8/site-packages/airflow/example_dags/example_complex.py
[2024-04-29T18:01:16.439+0000] {processor.py:840} INFO - DAG(s) 'example_complex' retrieved from /home/airflow/.local/lib/python3.8/site-packages/airflow/example_dags/example_complex.py
[2024-04-29T18:01:16.485+0000] {logging_mixin.py:188} INFO - [2024-04-29T18:01:16.485+0000] {dag.py:3047} INFO - Sync 1 DAGs
[2024-04-29T18:01:16.499+0000] {logging_mixin.py:188} INFO - [2024-04-29T18:01:16.499+0000] {dag.py:3834} INFO - Setting next_dagrun for example_complex to None, run_after=None
[2024-04-29T18:01:16.523+0000] {processor.py:183} INFO - Processing /home/airflow/.local/lib/python3.8/site-packages/airflow/example_dags/example_complex.py took 0.105 seconds
[2024-04-29T18:01:46.956+0000] {processor.py:161} INFO - Started process (PID=16336) to work on /home/airflow/.local/lib/python3.8/site-packages/airflow/example_dags/example_complex.py
[2024-04-29T18:01:46.957+0000] {processor.py:830} INFO - Processing file /home/airflow/.local/lib/python3.8/site-packages/airflow/example_dags/example_complex.py for tasks to queue
[2024-04-29T18:01:46.957+0000] {logging_mixin.py:188} INFO - [2024-04-29T18:01:46.957+0000] {dagbag.py:540} INFO - Filling up the DagBag from /home/airflow/.local/lib/python3.8/site-packages/airflow/example_dags/example_complex.py
[2024-04-29T18:01:46.973+0000] {processor.py:840} INFO - DAG(s) 'example_complex' retrieved from /home/airflow/.local/lib/python3.8/site-packages/airflow/example_dags/example_complex.py
[2024-04-29T18:01:47.010+0000] {logging_mixin.py:188} INFO - [2024-04-29T18:01:47.009+0000] {dag.py:3047} INFO - Sync 1 DAGs
[2024-04-29T18:01:47.024+0000] {logging_mixin.py:188} INFO - [2024-04-29T18:01:47.023+0000] {dag.py:3834} INFO - Setting next_dagrun for example_complex to None, run_after=None
[2024-04-29T18:01:47.053+0000] {processor.py:183} INFO - Processing /home/airflow/.local/lib/python3.8/site-packages/airflow/example_dags/example_complex.py took 0.101 seconds
[2024-04-29T18:02:17.463+0000] {processor.py:161} INFO - Started process (PID=16588) to work on /home/airflow/.local/lib/python3.8/site-packages/airflow/example_dags/example_complex.py
[2024-04-29T18:02:17.464+0000] {processor.py:830} INFO - Processing file /home/airflow/.local/lib/python3.8/site-packages/airflow/example_dags/example_complex.py for tasks to queue
[2024-04-29T18:02:17.465+0000] {logging_mixin.py:188} INFO - [2024-04-29T18:02:17.465+0000] {dagbag.py:540} INFO - Filling up the DagBag from /home/airflow/.local/lib/python3.8/site-packages/airflow/example_dags/example_complex.py
[2024-04-29T18:02:17.480+0000] {processor.py:840} INFO - DAG(s) 'example_complex' retrieved from /home/airflow/.local/lib/python3.8/site-packages/airflow/example_dags/example_complex.py
[2024-04-29T18:02:17.519+0000] {logging_mixin.py:188} INFO - [2024-04-29T18:02:17.519+0000] {dag.py:3047} INFO - Sync 1 DAGs
[2024-04-29T18:02:17.530+0000] {logging_mixin.py:188} INFO - [2024-04-29T18:02:17.530+0000] {dag.py:3834} INFO - Setting next_dagrun for example_complex to None, run_after=None
[2024-04-29T18:02:17.562+0000] {processor.py:183} INFO - Processing /home/airflow/.local/lib/python3.8/site-packages/airflow/example_dags/example_complex.py took 0.103 seconds
[2024-04-29T18:02:48.204+0000] {processor.py:161} INFO - Started process (PID=16840) to work on /home/airflow/.local/lib/python3.8/site-packages/airflow/example_dags/example_complex.py
[2024-04-29T18:02:48.205+0000] {processor.py:830} INFO - Processing file /home/airflow/.local/lib/python3.8/site-packages/airflow/example_dags/example_complex.py for tasks to queue
[2024-04-29T18:02:48.207+0000] {logging_mixin.py:188} INFO - [2024-04-29T18:02:48.206+0000] {dagbag.py:540} INFO - Filling up the DagBag from /home/airflow/.local/lib/python3.8/site-packages/airflow/example_dags/example_complex.py
[2024-04-29T18:02:48.222+0000] {processor.py:840} INFO - DAG(s) 'example_complex' retrieved from /home/airflow/.local/lib/python3.8/site-packages/airflow/example_dags/example_complex.py
[2024-04-29T18:02:48.264+0000] {logging_mixin.py:188} INFO - [2024-04-29T18:02:48.263+0000] {dag.py:3047} INFO - Sync 1 DAGs
[2024-04-29T18:02:48.278+0000] {logging_mixin.py:188} INFO - [2024-04-29T18:02:48.278+0000] {dag.py:3834} INFO - Setting next_dagrun for example_complex to None, run_after=None
[2024-04-29T18:02:48.302+0000] {processor.py:183} INFO - Processing /home/airflow/.local/lib/python3.8/site-packages/airflow/example_dags/example_complex.py took 0.101 seconds
[2024-04-29T18:03:18.569+0000] {processor.py:161} INFO - Started process (PID=17105) to work on /home/airflow/.local/lib/python3.8/site-packages/airflow/example_dags/example_complex.py
[2024-04-29T18:03:18.570+0000] {processor.py:830} INFO - Processing file /home/airflow/.local/lib/python3.8/site-packages/airflow/example_dags/example_complex.py for tasks to queue
[2024-04-29T18:03:18.571+0000] {logging_mixin.py:188} INFO - [2024-04-29T18:03:18.571+0000] {dagbag.py:540} INFO - Filling up the DagBag from /home/airflow/.local/lib/python3.8/site-packages/airflow/example_dags/example_complex.py
[2024-04-29T18:03:18.581+0000] {processor.py:840} INFO - DAG(s) 'example_complex' retrieved from /home/airflow/.local/lib/python3.8/site-packages/airflow/example_dags/example_complex.py
[2024-04-29T18:03:18.608+0000] {logging_mixin.py:188} INFO - [2024-04-29T18:03:18.608+0000] {dag.py:3047} INFO - Sync 1 DAGs
[2024-04-29T18:03:18.618+0000] {logging_mixin.py:188} INFO - [2024-04-29T18:03:18.617+0000] {dag.py:3834} INFO - Setting next_dagrun for example_complex to None, run_after=None
[2024-04-29T18:03:18.638+0000] {processor.py:183} INFO - Processing /home/airflow/.local/lib/python3.8/site-packages/airflow/example_dags/example_complex.py took 0.071 seconds
