[2024-04-29T17:30:01.350+0000] {processor.py:161} INFO - Started process (PID=221) to work on /home/airflow/.local/lib/python3.8/site-packages/airflow/example_dags/tutorial_objectstorage.py
[2024-04-29T17:30:01.351+0000] {processor.py:830} INFO - Processing file /home/airflow/.local/lib/python3.8/site-packages/airflow/example_dags/tutorial_objectstorage.py for tasks to queue
[2024-04-29T17:30:01.353+0000] {logging_mixin.py:188} INFO - [2024-04-29T17:30:01.352+0000] {dagbag.py:540} INFO - Filling up the DagBag from /home/airflow/.local/lib/python3.8/site-packages/airflow/example_dags/tutorial_objectstorage.py
[2024-04-29T17:30:01.387+0000] {processor.py:840} INFO - DAG(s) 'tutorial_objectstorage' retrieved from /home/airflow/.local/lib/python3.8/site-packages/airflow/example_dags/tutorial_objectstorage.py
[2024-04-29T17:30:01.708+0000] {logging_mixin.py:188} INFO - [2024-04-29T17:30:01.707+0000] {override.py:1769} INFO - Created Permission View: can edit on DAG:tutorial_objectstorage
[2024-04-29T17:30:01.731+0000] {logging_mixin.py:188} INFO - [2024-04-29T17:30:01.731+0000] {override.py:1769} INFO - Created Permission View: can delete on DAG:tutorial_objectstorage
[2024-04-29T17:30:01.755+0000] {logging_mixin.py:188} INFO - [2024-04-29T17:30:01.755+0000] {override.py:1769} INFO - Created Permission View: can read on DAG:tutorial_objectstorage
[2024-04-29T17:30:01.756+0000] {logging_mixin.py:188} INFO - [2024-04-29T17:30:01.756+0000] {dag.py:3047} INFO - Sync 1 DAGs
[2024-04-29T17:30:01.775+0000] {logging_mixin.py:188} INFO - [2024-04-29T17:30:01.775+0000] {dag.py:3069} INFO - Creating ORM DAG for tutorial_objectstorage
[2024-04-29T17:30:01.776+0000] {logging_mixin.py:188} INFO - [2024-04-29T17:30:01.776+0000] {dag.py:3834} INFO - Setting next_dagrun for tutorial_objectstorage to None, run_after=None
[2024-04-29T17:30:01.819+0000] {processor.py:183} INFO - Processing /home/airflow/.local/lib/python3.8/site-packages/airflow/example_dags/tutorial_objectstorage.py took 0.480 seconds
[2024-04-29T17:30:32.286+0000] {processor.py:161} INFO - Started process (PID=468) to work on /home/airflow/.local/lib/python3.8/site-packages/airflow/example_dags/tutorial_objectstorage.py
[2024-04-29T17:30:32.288+0000] {processor.py:830} INFO - Processing file /home/airflow/.local/lib/python3.8/site-packages/airflow/example_dags/tutorial_objectstorage.py for tasks to queue
[2024-04-29T17:30:32.289+0000] {logging_mixin.py:188} INFO - [2024-04-29T17:30:32.289+0000] {dagbag.py:540} INFO - Filling up the DagBag from /home/airflow/.local/lib/python3.8/site-packages/airflow/example_dags/tutorial_objectstorage.py
[2024-04-29T17:30:32.303+0000] {processor.py:840} INFO - DAG(s) 'tutorial_objectstorage' retrieved from /home/airflow/.local/lib/python3.8/site-packages/airflow/example_dags/tutorial_objectstorage.py
[2024-04-29T17:30:32.325+0000] {logging_mixin.py:188} INFO - [2024-04-29T17:30:32.325+0000] {dag.py:3047} INFO - Sync 1 DAGs
[2024-04-29T17:30:32.340+0000] {logging_mixin.py:188} INFO - [2024-04-29T17:30:32.340+0000] {dag.py:3834} INFO - Setting next_dagrun for tutorial_objectstorage to None, run_after=None
[2024-04-29T17:30:32.365+0000] {processor.py:183} INFO - Processing /home/airflow/.local/lib/python3.8/site-packages/airflow/example_dags/tutorial_objectstorage.py took 0.082 seconds
[2024-04-29T17:31:02.616+0000] {processor.py:161} INFO - Started process (PID=715) to work on /home/airflow/.local/lib/python3.8/site-packages/airflow/example_dags/tutorial_objectstorage.py
[2024-04-29T17:31:02.619+0000] {processor.py:830} INFO - Processing file /home/airflow/.local/lib/python3.8/site-packages/airflow/example_dags/tutorial_objectstorage.py for tasks to queue
[2024-04-29T17:31:02.621+0000] {logging_mixin.py:188} INFO - [2024-04-29T17:31:02.620+0000] {dagbag.py:540} INFO - Filling up the DagBag from /home/airflow/.local/lib/python3.8/site-packages/airflow/example_dags/tutorial_objectstorage.py
[2024-04-29T17:31:02.628+0000] {processor.py:840} INFO - DAG(s) 'tutorial_objectstorage' retrieved from /home/airflow/.local/lib/python3.8/site-packages/airflow/example_dags/tutorial_objectstorage.py
[2024-04-29T17:31:02.655+0000] {logging_mixin.py:188} INFO - [2024-04-29T17:31:02.654+0000] {dag.py:3047} INFO - Sync 1 DAGs
[2024-04-29T17:31:02.669+0000] {logging_mixin.py:188} INFO - [2024-04-29T17:31:02.669+0000] {dag.py:3834} INFO - Setting next_dagrun for tutorial_objectstorage to None, run_after=None
[2024-04-29T17:31:02.694+0000] {processor.py:183} INFO - Processing /home/airflow/.local/lib/python3.8/site-packages/airflow/example_dags/tutorial_objectstorage.py took 0.081 seconds
[2024-04-29T17:31:33.269+0000] {processor.py:161} INFO - Started process (PID=962) to work on /home/airflow/.local/lib/python3.8/site-packages/airflow/example_dags/tutorial_objectstorage.py
[2024-04-29T17:31:33.271+0000] {processor.py:830} INFO - Processing file /home/airflow/.local/lib/python3.8/site-packages/airflow/example_dags/tutorial_objectstorage.py for tasks to queue
[2024-04-29T17:31:33.272+0000] {logging_mixin.py:188} INFO - [2024-04-29T17:31:33.271+0000] {dagbag.py:540} INFO - Filling up the DagBag from /home/airflow/.local/lib/python3.8/site-packages/airflow/example_dags/tutorial_objectstorage.py
[2024-04-29T17:31:33.280+0000] {processor.py:840} INFO - DAG(s) 'tutorial_objectstorage' retrieved from /home/airflow/.local/lib/python3.8/site-packages/airflow/example_dags/tutorial_objectstorage.py
[2024-04-29T17:31:33.301+0000] {logging_mixin.py:188} INFO - [2024-04-29T17:31:33.301+0000] {dag.py:3047} INFO - Sync 1 DAGs
[2024-04-29T17:31:33.316+0000] {logging_mixin.py:188} INFO - [2024-04-29T17:31:33.316+0000] {dag.py:3834} INFO - Setting next_dagrun for tutorial_objectstorage to None, run_after=None
[2024-04-29T17:31:33.338+0000] {processor.py:183} INFO - Processing /home/airflow/.local/lib/python3.8/site-packages/airflow/example_dags/tutorial_objectstorage.py took 0.072 seconds
[2024-04-29T17:32:03.669+0000] {processor.py:161} INFO - Started process (PID=1210) to work on /home/airflow/.local/lib/python3.8/site-packages/airflow/example_dags/tutorial_objectstorage.py
[2024-04-29T17:32:03.670+0000] {processor.py:830} INFO - Processing file /home/airflow/.local/lib/python3.8/site-packages/airflow/example_dags/tutorial_objectstorage.py for tasks to queue
[2024-04-29T17:32:03.671+0000] {logging_mixin.py:188} INFO - [2024-04-29T17:32:03.671+0000] {dagbag.py:540} INFO - Filling up the DagBag from /home/airflow/.local/lib/python3.8/site-packages/airflow/example_dags/tutorial_objectstorage.py
[2024-04-29T17:32:03.679+0000] {processor.py:840} INFO - DAG(s) 'tutorial_objectstorage' retrieved from /home/airflow/.local/lib/python3.8/site-packages/airflow/example_dags/tutorial_objectstorage.py
[2024-04-29T17:32:03.700+0000] {logging_mixin.py:188} INFO - [2024-04-29T17:32:03.700+0000] {dag.py:3047} INFO - Sync 1 DAGs
[2024-04-29T17:32:03.714+0000] {logging_mixin.py:188} INFO - [2024-04-29T17:32:03.714+0000] {dag.py:3834} INFO - Setting next_dagrun for tutorial_objectstorage to None, run_after=None
[2024-04-29T17:32:03.743+0000] {processor.py:183} INFO - Processing /home/airflow/.local/lib/python3.8/site-packages/airflow/example_dags/tutorial_objectstorage.py took 0.076 seconds
[2024-04-29T17:32:34.138+0000] {processor.py:161} INFO - Started process (PID=1458) to work on /home/airflow/.local/lib/python3.8/site-packages/airflow/example_dags/tutorial_objectstorage.py
[2024-04-29T17:32:34.139+0000] {processor.py:830} INFO - Processing file /home/airflow/.local/lib/python3.8/site-packages/airflow/example_dags/tutorial_objectstorage.py for tasks to queue
[2024-04-29T17:32:34.140+0000] {logging_mixin.py:188} INFO - [2024-04-29T17:32:34.140+0000] {dagbag.py:540} INFO - Filling up the DagBag from /home/airflow/.local/lib/python3.8/site-packages/airflow/example_dags/tutorial_objectstorage.py
[2024-04-29T17:32:34.154+0000] {processor.py:840} INFO - DAG(s) 'tutorial_objectstorage' retrieved from /home/airflow/.local/lib/python3.8/site-packages/airflow/example_dags/tutorial_objectstorage.py
[2024-04-29T17:32:34.190+0000] {logging_mixin.py:188} INFO - [2024-04-29T17:32:34.190+0000] {dag.py:3047} INFO - Sync 1 DAGs
[2024-04-29T17:32:34.208+0000] {logging_mixin.py:188} INFO - [2024-04-29T17:32:34.207+0000] {dag.py:3834} INFO - Setting next_dagrun for tutorial_objectstorage to None, run_after=None
[2024-04-29T17:32:34.231+0000] {processor.py:183} INFO - Processing /home/airflow/.local/lib/python3.8/site-packages/airflow/example_dags/tutorial_objectstorage.py took 0.096 seconds
[2024-04-29T17:33:04.881+0000] {processor.py:161} INFO - Started process (PID=1706) to work on /home/airflow/.local/lib/python3.8/site-packages/airflow/example_dags/tutorial_objectstorage.py
[2024-04-29T17:33:04.882+0000] {processor.py:830} INFO - Processing file /home/airflow/.local/lib/python3.8/site-packages/airflow/example_dags/tutorial_objectstorage.py for tasks to queue
[2024-04-29T17:33:04.883+0000] {logging_mixin.py:188} INFO - [2024-04-29T17:33:04.883+0000] {dagbag.py:540} INFO - Filling up the DagBag from /home/airflow/.local/lib/python3.8/site-packages/airflow/example_dags/tutorial_objectstorage.py
[2024-04-29T17:33:04.898+0000] {processor.py:840} INFO - DAG(s) 'tutorial_objectstorage' retrieved from /home/airflow/.local/lib/python3.8/site-packages/airflow/example_dags/tutorial_objectstorage.py
[2024-04-29T17:33:04.947+0000] {logging_mixin.py:188} INFO - [2024-04-29T17:33:04.947+0000] {dag.py:3047} INFO - Sync 1 DAGs
[2024-04-29T17:33:04.967+0000] {logging_mixin.py:188} INFO - [2024-04-29T17:33:04.967+0000] {dag.py:3834} INFO - Setting next_dagrun for tutorial_objectstorage to None, run_after=None
[2024-04-29T17:33:04.994+0000] {processor.py:183} INFO - Processing /home/airflow/.local/lib/python3.8/site-packages/airflow/example_dags/tutorial_objectstorage.py took 0.120 seconds
[2024-04-29T17:33:35.393+0000] {processor.py:161} INFO - Started process (PID=1953) to work on /home/airflow/.local/lib/python3.8/site-packages/airflow/example_dags/tutorial_objectstorage.py
[2024-04-29T17:33:35.394+0000] {processor.py:830} INFO - Processing file /home/airflow/.local/lib/python3.8/site-packages/airflow/example_dags/tutorial_objectstorage.py for tasks to queue
[2024-04-29T17:33:35.395+0000] {logging_mixin.py:188} INFO - [2024-04-29T17:33:35.394+0000] {dagbag.py:540} INFO - Filling up the DagBag from /home/airflow/.local/lib/python3.8/site-packages/airflow/example_dags/tutorial_objectstorage.py
[2024-04-29T17:33:35.403+0000] {processor.py:840} INFO - DAG(s) 'tutorial_objectstorage' retrieved from /home/airflow/.local/lib/python3.8/site-packages/airflow/example_dags/tutorial_objectstorage.py
[2024-04-29T17:33:35.429+0000] {logging_mixin.py:188} INFO - [2024-04-29T17:33:35.429+0000] {dag.py:3047} INFO - Sync 1 DAGs
[2024-04-29T17:33:35.444+0000] {logging_mixin.py:188} INFO - [2024-04-29T17:33:35.444+0000] {dag.py:3834} INFO - Setting next_dagrun for tutorial_objectstorage to None, run_after=None
[2024-04-29T17:33:35.483+0000] {processor.py:183} INFO - Processing /home/airflow/.local/lib/python3.8/site-packages/airflow/example_dags/tutorial_objectstorage.py took 0.093 seconds
[2024-04-29T17:34:05.745+0000] {processor.py:161} INFO - Started process (PID=2199) to work on /home/airflow/.local/lib/python3.8/site-packages/airflow/example_dags/tutorial_objectstorage.py
[2024-04-29T17:34:05.746+0000] {processor.py:830} INFO - Processing file /home/airflow/.local/lib/python3.8/site-packages/airflow/example_dags/tutorial_objectstorage.py for tasks to queue
[2024-04-29T17:34:05.747+0000] {logging_mixin.py:188} INFO - [2024-04-29T17:34:05.747+0000] {dagbag.py:540} INFO - Filling up the DagBag from /home/airflow/.local/lib/python3.8/site-packages/airflow/example_dags/tutorial_objectstorage.py
[2024-04-29T17:34:05.755+0000] {processor.py:840} INFO - DAG(s) 'tutorial_objectstorage' retrieved from /home/airflow/.local/lib/python3.8/site-packages/airflow/example_dags/tutorial_objectstorage.py
[2024-04-29T17:34:05.775+0000] {logging_mixin.py:188} INFO - [2024-04-29T17:34:05.775+0000] {dag.py:3047} INFO - Sync 1 DAGs
[2024-04-29T17:34:05.794+0000] {logging_mixin.py:188} INFO - [2024-04-29T17:34:05.794+0000] {dag.py:3834} INFO - Setting next_dagrun for tutorial_objectstorage to None, run_after=None
[2024-04-29T17:34:05.819+0000] {processor.py:183} INFO - Processing /home/airflow/.local/lib/python3.8/site-packages/airflow/example_dags/tutorial_objectstorage.py took 0.077 seconds
[2024-04-29T17:34:36.499+0000] {processor.py:161} INFO - Started process (PID=2446) to work on /home/airflow/.local/lib/python3.8/site-packages/airflow/example_dags/tutorial_objectstorage.py
[2024-04-29T17:34:36.500+0000] {processor.py:830} INFO - Processing file /home/airflow/.local/lib/python3.8/site-packages/airflow/example_dags/tutorial_objectstorage.py for tasks to queue
[2024-04-29T17:34:36.501+0000] {logging_mixin.py:188} INFO - [2024-04-29T17:34:36.501+0000] {dagbag.py:540} INFO - Filling up the DagBag from /home/airflow/.local/lib/python3.8/site-packages/airflow/example_dags/tutorial_objectstorage.py
[2024-04-29T17:34:36.509+0000] {processor.py:840} INFO - DAG(s) 'tutorial_objectstorage' retrieved from /home/airflow/.local/lib/python3.8/site-packages/airflow/example_dags/tutorial_objectstorage.py
[2024-04-29T17:34:36.531+0000] {logging_mixin.py:188} INFO - [2024-04-29T17:34:36.531+0000] {dag.py:3047} INFO - Sync 1 DAGs
[2024-04-29T17:34:36.545+0000] {logging_mixin.py:188} INFO - [2024-04-29T17:34:36.545+0000] {dag.py:3834} INFO - Setting next_dagrun for tutorial_objectstorage to None, run_after=None
[2024-04-29T17:34:36.568+0000] {processor.py:183} INFO - Processing /home/airflow/.local/lib/python3.8/site-packages/airflow/example_dags/tutorial_objectstorage.py took 0.073 seconds
[2024-04-29T17:35:06.913+0000] {processor.py:161} INFO - Started process (PID=2693) to work on /home/airflow/.local/lib/python3.8/site-packages/airflow/example_dags/tutorial_objectstorage.py
[2024-04-29T17:35:06.914+0000] {processor.py:830} INFO - Processing file /home/airflow/.local/lib/python3.8/site-packages/airflow/example_dags/tutorial_objectstorage.py for tasks to queue
[2024-04-29T17:35:06.914+0000] {logging_mixin.py:188} INFO - [2024-04-29T17:35:06.914+0000] {dagbag.py:540} INFO - Filling up the DagBag from /home/airflow/.local/lib/python3.8/site-packages/airflow/example_dags/tutorial_objectstorage.py
[2024-04-29T17:35:06.922+0000] {processor.py:840} INFO - DAG(s) 'tutorial_objectstorage' retrieved from /home/airflow/.local/lib/python3.8/site-packages/airflow/example_dags/tutorial_objectstorage.py
[2024-04-29T17:35:06.942+0000] {logging_mixin.py:188} INFO - [2024-04-29T17:35:06.942+0000] {dag.py:3047} INFO - Sync 1 DAGs
[2024-04-29T17:35:06.957+0000] {logging_mixin.py:188} INFO - [2024-04-29T17:35:06.957+0000] {dag.py:3834} INFO - Setting next_dagrun for tutorial_objectstorage to None, run_after=None
[2024-04-29T17:35:06.986+0000] {processor.py:183} INFO - Processing /home/airflow/.local/lib/python3.8/site-packages/airflow/example_dags/tutorial_objectstorage.py took 0.077 seconds
[2024-04-29T17:35:37.738+0000] {processor.py:161} INFO - Started process (PID=2940) to work on /home/airflow/.local/lib/python3.8/site-packages/airflow/example_dags/tutorial_objectstorage.py
[2024-04-29T17:35:37.738+0000] {processor.py:830} INFO - Processing file /home/airflow/.local/lib/python3.8/site-packages/airflow/example_dags/tutorial_objectstorage.py for tasks to queue
[2024-04-29T17:35:37.739+0000] {logging_mixin.py:188} INFO - [2024-04-29T17:35:37.739+0000] {dagbag.py:540} INFO - Filling up the DagBag from /home/airflow/.local/lib/python3.8/site-packages/airflow/example_dags/tutorial_objectstorage.py
[2024-04-29T17:35:37.748+0000] {processor.py:840} INFO - DAG(s) 'tutorial_objectstorage' retrieved from /home/airflow/.local/lib/python3.8/site-packages/airflow/example_dags/tutorial_objectstorage.py
[2024-04-29T17:35:37.807+0000] {logging_mixin.py:188} INFO - [2024-04-29T17:35:37.806+0000] {dag.py:3047} INFO - Sync 1 DAGs
[2024-04-29T17:35:37.845+0000] {logging_mixin.py:188} INFO - [2024-04-29T17:35:37.844+0000] {dag.py:3834} INFO - Setting next_dagrun for tutorial_objectstorage to None, run_after=None
[2024-04-29T17:35:37.920+0000] {processor.py:183} INFO - Processing /home/airflow/.local/lib/python3.8/site-packages/airflow/example_dags/tutorial_objectstorage.py took 0.187 seconds
[2024-04-29T17:36:08.408+0000] {processor.py:161} INFO - Started process (PID=3189) to work on /home/airflow/.local/lib/python3.8/site-packages/airflow/example_dags/tutorial_objectstorage.py
[2024-04-29T17:36:08.409+0000] {processor.py:830} INFO - Processing file /home/airflow/.local/lib/python3.8/site-packages/airflow/example_dags/tutorial_objectstorage.py for tasks to queue
[2024-04-29T17:36:08.410+0000] {logging_mixin.py:188} INFO - [2024-04-29T17:36:08.409+0000] {dagbag.py:540} INFO - Filling up the DagBag from /home/airflow/.local/lib/python3.8/site-packages/airflow/example_dags/tutorial_objectstorage.py
[2024-04-29T17:36:08.421+0000] {processor.py:840} INFO - DAG(s) 'tutorial_objectstorage' retrieved from /home/airflow/.local/lib/python3.8/site-packages/airflow/example_dags/tutorial_objectstorage.py
[2024-04-29T17:36:08.455+0000] {logging_mixin.py:188} INFO - [2024-04-29T17:36:08.454+0000] {dag.py:3047} INFO - Sync 1 DAGs
[2024-04-29T17:36:08.485+0000] {logging_mixin.py:188} INFO - [2024-04-29T17:36:08.485+0000] {dag.py:3834} INFO - Setting next_dagrun for tutorial_objectstorage to None, run_after=None
[2024-04-29T17:36:08.538+0000] {processor.py:183} INFO - Processing /home/airflow/.local/lib/python3.8/site-packages/airflow/example_dags/tutorial_objectstorage.py took 0.135 seconds
[2024-04-29T17:36:38.835+0000] {processor.py:161} INFO - Started process (PID=3437) to work on /home/airflow/.local/lib/python3.8/site-packages/airflow/example_dags/tutorial_objectstorage.py
[2024-04-29T17:36:38.835+0000] {processor.py:830} INFO - Processing file /home/airflow/.local/lib/python3.8/site-packages/airflow/example_dags/tutorial_objectstorage.py for tasks to queue
[2024-04-29T17:36:38.836+0000] {logging_mixin.py:188} INFO - [2024-04-29T17:36:38.836+0000] {dagbag.py:540} INFO - Filling up the DagBag from /home/airflow/.local/lib/python3.8/site-packages/airflow/example_dags/tutorial_objectstorage.py
[2024-04-29T17:36:38.845+0000] {processor.py:840} INFO - DAG(s) 'tutorial_objectstorage' retrieved from /home/airflow/.local/lib/python3.8/site-packages/airflow/example_dags/tutorial_objectstorage.py
[2024-04-29T17:36:38.867+0000] {logging_mixin.py:188} INFO - [2024-04-29T17:36:38.867+0000] {dag.py:3047} INFO - Sync 1 DAGs
[2024-04-29T17:36:38.882+0000] {logging_mixin.py:188} INFO - [2024-04-29T17:36:38.881+0000] {dag.py:3834} INFO - Setting next_dagrun for tutorial_objectstorage to None, run_after=None
[2024-04-29T17:36:38.908+0000] {processor.py:183} INFO - Processing /home/airflow/.local/lib/python3.8/site-packages/airflow/example_dags/tutorial_objectstorage.py took 0.077 seconds
[2024-04-29T17:37:10.085+0000] {processor.py:161} INFO - Started process (PID=3720) to work on /home/airflow/.local/lib/python3.8/site-packages/airflow/example_dags/tutorial_objectstorage.py
[2024-04-29T17:37:10.094+0000] {processor.py:830} INFO - Processing file /home/airflow/.local/lib/python3.8/site-packages/airflow/example_dags/tutorial_objectstorage.py for tasks to queue
[2024-04-29T17:37:10.096+0000] {logging_mixin.py:188} INFO - [2024-04-29T17:37:10.095+0000] {dagbag.py:540} INFO - Filling up the DagBag from /home/airflow/.local/lib/python3.8/site-packages/airflow/example_dags/tutorial_objectstorage.py
[2024-04-29T17:37:10.148+0000] {processor.py:840} INFO - DAG(s) 'tutorial_objectstorage' retrieved from /home/airflow/.local/lib/python3.8/site-packages/airflow/example_dags/tutorial_objectstorage.py
[2024-04-29T17:37:10.250+0000] {logging_mixin.py:188} INFO - [2024-04-29T17:37:10.250+0000] {dag.py:3047} INFO - Sync 1 DAGs
[2024-04-29T17:37:10.330+0000] {logging_mixin.py:188} INFO - [2024-04-29T17:37:10.330+0000] {dag.py:3834} INFO - Setting next_dagrun for tutorial_objectstorage to None, run_after=None
[2024-04-29T17:37:10.459+0000] {processor.py:183} INFO - Processing /home/airflow/.local/lib/python3.8/site-packages/airflow/example_dags/tutorial_objectstorage.py took 0.388 seconds
[2024-04-29T17:37:41.486+0000] {processor.py:161} INFO - Started process (PID=4069) to work on /home/airflow/.local/lib/python3.8/site-packages/airflow/example_dags/tutorial_objectstorage.py
[2024-04-29T17:37:41.487+0000] {processor.py:830} INFO - Processing file /home/airflow/.local/lib/python3.8/site-packages/airflow/example_dags/tutorial_objectstorage.py for tasks to queue
[2024-04-29T17:37:41.489+0000] {logging_mixin.py:188} INFO - [2024-04-29T17:37:41.489+0000] {dagbag.py:540} INFO - Filling up the DagBag from /home/airflow/.local/lib/python3.8/site-packages/airflow/example_dags/tutorial_objectstorage.py
[2024-04-29T17:37:41.512+0000] {processor.py:840} INFO - DAG(s) 'tutorial_objectstorage' retrieved from /home/airflow/.local/lib/python3.8/site-packages/airflow/example_dags/tutorial_objectstorage.py
[2024-04-29T17:37:41.548+0000] {logging_mixin.py:188} INFO - [2024-04-29T17:37:41.548+0000] {dag.py:3047} INFO - Sync 1 DAGs
[2024-04-29T17:37:41.563+0000] {logging_mixin.py:188} INFO - [2024-04-29T17:37:41.563+0000] {dag.py:3834} INFO - Setting next_dagrun for tutorial_objectstorage to None, run_after=None
[2024-04-29T17:37:41.590+0000] {processor.py:183} INFO - Processing /home/airflow/.local/lib/python3.8/site-packages/airflow/example_dags/tutorial_objectstorage.py took 0.107 seconds
[2024-04-29T17:38:11.671+0000] {processor.py:161} INFO - Started process (PID=4325) to work on /home/airflow/.local/lib/python3.8/site-packages/airflow/example_dags/tutorial_objectstorage.py
[2024-04-29T17:38:11.672+0000] {processor.py:830} INFO - Processing file /home/airflow/.local/lib/python3.8/site-packages/airflow/example_dags/tutorial_objectstorage.py for tasks to queue
[2024-04-29T17:38:11.673+0000] {logging_mixin.py:188} INFO - [2024-04-29T17:38:11.672+0000] {dagbag.py:540} INFO - Filling up the DagBag from /home/airflow/.local/lib/python3.8/site-packages/airflow/example_dags/tutorial_objectstorage.py
[2024-04-29T17:38:11.681+0000] {processor.py:840} INFO - DAG(s) 'tutorial_objectstorage' retrieved from /home/airflow/.local/lib/python3.8/site-packages/airflow/example_dags/tutorial_objectstorage.py
[2024-04-29T17:38:11.702+0000] {logging_mixin.py:188} INFO - [2024-04-29T17:38:11.702+0000] {dag.py:3047} INFO - Sync 1 DAGs
[2024-04-29T17:38:11.717+0000] {logging_mixin.py:188} INFO - [2024-04-29T17:38:11.717+0000] {dag.py:3834} INFO - Setting next_dagrun for tutorial_objectstorage to None, run_after=None
[2024-04-29T17:38:11.742+0000] {processor.py:183} INFO - Processing /home/airflow/.local/lib/python3.8/site-packages/airflow/example_dags/tutorial_objectstorage.py took 0.074 seconds
[2024-04-29T17:38:42.080+0000] {processor.py:161} INFO - Started process (PID=4573) to work on /home/airflow/.local/lib/python3.8/site-packages/airflow/example_dags/tutorial_objectstorage.py
[2024-04-29T17:38:42.085+0000] {processor.py:830} INFO - Processing file /home/airflow/.local/lib/python3.8/site-packages/airflow/example_dags/tutorial_objectstorage.py for tasks to queue
[2024-04-29T17:38:42.086+0000] {logging_mixin.py:188} INFO - [2024-04-29T17:38:42.086+0000] {dagbag.py:540} INFO - Filling up the DagBag from /home/airflow/.local/lib/python3.8/site-packages/airflow/example_dags/tutorial_objectstorage.py
[2024-04-29T17:38:42.100+0000] {processor.py:840} INFO - DAG(s) 'tutorial_objectstorage' retrieved from /home/airflow/.local/lib/python3.8/site-packages/airflow/example_dags/tutorial_objectstorage.py
[2024-04-29T17:38:42.166+0000] {logging_mixin.py:188} INFO - [2024-04-29T17:38:42.166+0000] {dag.py:3047} INFO - Sync 1 DAGs
[2024-04-29T17:38:42.186+0000] {logging_mixin.py:188} INFO - [2024-04-29T17:38:42.186+0000] {dag.py:3834} INFO - Setting next_dagrun for tutorial_objectstorage to None, run_after=None
[2024-04-29T17:38:42.208+0000] {processor.py:183} INFO - Processing /home/airflow/.local/lib/python3.8/site-packages/airflow/example_dags/tutorial_objectstorage.py took 0.131 seconds
[2024-04-29T17:39:12.695+0000] {processor.py:161} INFO - Started process (PID=4820) to work on /home/airflow/.local/lib/python3.8/site-packages/airflow/example_dags/tutorial_objectstorage.py
[2024-04-29T17:39:12.696+0000] {processor.py:830} INFO - Processing file /home/airflow/.local/lib/python3.8/site-packages/airflow/example_dags/tutorial_objectstorage.py for tasks to queue
[2024-04-29T17:39:12.697+0000] {logging_mixin.py:188} INFO - [2024-04-29T17:39:12.697+0000] {dagbag.py:540} INFO - Filling up the DagBag from /home/airflow/.local/lib/python3.8/site-packages/airflow/example_dags/tutorial_objectstorage.py
[2024-04-29T17:39:12.706+0000] {processor.py:840} INFO - DAG(s) 'tutorial_objectstorage' retrieved from /home/airflow/.local/lib/python3.8/site-packages/airflow/example_dags/tutorial_objectstorage.py
[2024-04-29T17:39:12.729+0000] {logging_mixin.py:188} INFO - [2024-04-29T17:39:12.729+0000] {dag.py:3047} INFO - Sync 1 DAGs
[2024-04-29T17:39:12.744+0000] {logging_mixin.py:188} INFO - [2024-04-29T17:39:12.743+0000] {dag.py:3834} INFO - Setting next_dagrun for tutorial_objectstorage to None, run_after=None
[2024-04-29T17:39:12.780+0000] {processor.py:183} INFO - Processing /home/airflow/.local/lib/python3.8/site-packages/airflow/example_dags/tutorial_objectstorage.py took 0.089 seconds
[2024-04-29T17:39:43.093+0000] {processor.py:161} INFO - Started process (PID=5067) to work on /home/airflow/.local/lib/python3.8/site-packages/airflow/example_dags/tutorial_objectstorage.py
[2024-04-29T17:39:43.094+0000] {processor.py:830} INFO - Processing file /home/airflow/.local/lib/python3.8/site-packages/airflow/example_dags/tutorial_objectstorage.py for tasks to queue
[2024-04-29T17:39:43.095+0000] {logging_mixin.py:188} INFO - [2024-04-29T17:39:43.094+0000] {dagbag.py:540} INFO - Filling up the DagBag from /home/airflow/.local/lib/python3.8/site-packages/airflow/example_dags/tutorial_objectstorage.py
[2024-04-29T17:39:43.102+0000] {processor.py:840} INFO - DAG(s) 'tutorial_objectstorage' retrieved from /home/airflow/.local/lib/python3.8/site-packages/airflow/example_dags/tutorial_objectstorage.py
[2024-04-29T17:39:43.123+0000] {logging_mixin.py:188} INFO - [2024-04-29T17:39:43.122+0000] {dag.py:3047} INFO - Sync 1 DAGs
[2024-04-29T17:39:43.137+0000] {logging_mixin.py:188} INFO - [2024-04-29T17:39:43.137+0000] {dag.py:3834} INFO - Setting next_dagrun for tutorial_objectstorage to None, run_after=None
[2024-04-29T17:39:43.162+0000] {processor.py:183} INFO - Processing /home/airflow/.local/lib/python3.8/site-packages/airflow/example_dags/tutorial_objectstorage.py took 0.072 seconds
[2024-04-29T17:40:14.036+0000] {processor.py:161} INFO - Started process (PID=5312) to work on /home/airflow/.local/lib/python3.8/site-packages/airflow/example_dags/tutorial_objectstorage.py
[2024-04-29T17:40:14.037+0000] {processor.py:830} INFO - Processing file /home/airflow/.local/lib/python3.8/site-packages/airflow/example_dags/tutorial_objectstorage.py for tasks to queue
[2024-04-29T17:40:14.038+0000] {logging_mixin.py:188} INFO - [2024-04-29T17:40:14.038+0000] {dagbag.py:540} INFO - Filling up the DagBag from /home/airflow/.local/lib/python3.8/site-packages/airflow/example_dags/tutorial_objectstorage.py
[2024-04-29T17:40:14.046+0000] {processor.py:840} INFO - DAG(s) 'tutorial_objectstorage' retrieved from /home/airflow/.local/lib/python3.8/site-packages/airflow/example_dags/tutorial_objectstorage.py
[2024-04-29T17:40:14.070+0000] {logging_mixin.py:188} INFO - [2024-04-29T17:40:14.070+0000] {dag.py:3047} INFO - Sync 1 DAGs
[2024-04-29T17:40:14.084+0000] {logging_mixin.py:188} INFO - [2024-04-29T17:40:14.084+0000] {dag.py:3834} INFO - Setting next_dagrun for tutorial_objectstorage to None, run_after=None
[2024-04-29T17:40:14.110+0000] {processor.py:183} INFO - Processing /home/airflow/.local/lib/python3.8/site-packages/airflow/example_dags/tutorial_objectstorage.py took 0.078 seconds
[2024-04-29T17:40:44.398+0000] {processor.py:161} INFO - Started process (PID=5560) to work on /home/airflow/.local/lib/python3.8/site-packages/airflow/example_dags/tutorial_objectstorage.py
[2024-04-29T17:40:44.399+0000] {processor.py:830} INFO - Processing file /home/airflow/.local/lib/python3.8/site-packages/airflow/example_dags/tutorial_objectstorage.py for tasks to queue
[2024-04-29T17:40:44.399+0000] {logging_mixin.py:188} INFO - [2024-04-29T17:40:44.399+0000] {dagbag.py:540} INFO - Filling up the DagBag from /home/airflow/.local/lib/python3.8/site-packages/airflow/example_dags/tutorial_objectstorage.py
[2024-04-29T17:40:44.409+0000] {processor.py:840} INFO - DAG(s) 'tutorial_objectstorage' retrieved from /home/airflow/.local/lib/python3.8/site-packages/airflow/example_dags/tutorial_objectstorage.py
[2024-04-29T17:40:44.430+0000] {logging_mixin.py:188} INFO - [2024-04-29T17:40:44.429+0000] {dag.py:3047} INFO - Sync 1 DAGs
[2024-04-29T17:40:44.444+0000] {logging_mixin.py:188} INFO - [2024-04-29T17:40:44.444+0000] {dag.py:3834} INFO - Setting next_dagrun for tutorial_objectstorage to None, run_after=None
[2024-04-29T17:40:44.471+0000] {processor.py:183} INFO - Processing /home/airflow/.local/lib/python3.8/site-packages/airflow/example_dags/tutorial_objectstorage.py took 0.077 seconds
[2024-04-29T17:41:14.570+0000] {processor.py:161} INFO - Started process (PID=5807) to work on /home/airflow/.local/lib/python3.8/site-packages/airflow/example_dags/tutorial_objectstorage.py
[2024-04-29T17:41:14.571+0000] {processor.py:830} INFO - Processing file /home/airflow/.local/lib/python3.8/site-packages/airflow/example_dags/tutorial_objectstorage.py for tasks to queue
[2024-04-29T17:41:14.572+0000] {logging_mixin.py:188} INFO - [2024-04-29T17:41:14.572+0000] {dagbag.py:540} INFO - Filling up the DagBag from /home/airflow/.local/lib/python3.8/site-packages/airflow/example_dags/tutorial_objectstorage.py
[2024-04-29T17:41:14.580+0000] {processor.py:840} INFO - DAG(s) 'tutorial_objectstorage' retrieved from /home/airflow/.local/lib/python3.8/site-packages/airflow/example_dags/tutorial_objectstorage.py
[2024-04-29T17:41:14.621+0000] {logging_mixin.py:188} INFO - [2024-04-29T17:41:14.620+0000] {dag.py:3047} INFO - Sync 1 DAGs
[2024-04-29T17:41:14.640+0000] {logging_mixin.py:188} INFO - [2024-04-29T17:41:14.639+0000] {dag.py:3834} INFO - Setting next_dagrun for tutorial_objectstorage to None, run_after=None
[2024-04-29T17:41:14.670+0000] {processor.py:183} INFO - Processing /home/airflow/.local/lib/python3.8/site-packages/airflow/example_dags/tutorial_objectstorage.py took 0.103 seconds
[2024-04-29T17:41:44.860+0000] {processor.py:161} INFO - Started process (PID=6060) to work on /home/airflow/.local/lib/python3.8/site-packages/airflow/example_dags/tutorial_objectstorage.py
[2024-04-29T17:41:44.861+0000] {processor.py:830} INFO - Processing file /home/airflow/.local/lib/python3.8/site-packages/airflow/example_dags/tutorial_objectstorage.py for tasks to queue
[2024-04-29T17:41:44.862+0000] {logging_mixin.py:188} INFO - [2024-04-29T17:41:44.862+0000] {dagbag.py:540} INFO - Filling up the DagBag from /home/airflow/.local/lib/python3.8/site-packages/airflow/example_dags/tutorial_objectstorage.py
[2024-04-29T17:41:44.870+0000] {processor.py:840} INFO - DAG(s) 'tutorial_objectstorage' retrieved from /home/airflow/.local/lib/python3.8/site-packages/airflow/example_dags/tutorial_objectstorage.py
[2024-04-29T17:41:44.896+0000] {logging_mixin.py:188} INFO - [2024-04-29T17:41:44.896+0000] {dag.py:3047} INFO - Sync 1 DAGs
[2024-04-29T17:41:44.910+0000] {logging_mixin.py:188} INFO - [2024-04-29T17:41:44.910+0000] {dag.py:3834} INFO - Setting next_dagrun for tutorial_objectstorage to None, run_after=None
[2024-04-29T17:41:44.936+0000] {processor.py:183} INFO - Processing /home/airflow/.local/lib/python3.8/site-packages/airflow/example_dags/tutorial_objectstorage.py took 0.079 seconds
[2024-04-29T17:42:15.215+0000] {processor.py:161} INFO - Started process (PID=6307) to work on /home/airflow/.local/lib/python3.8/site-packages/airflow/example_dags/tutorial_objectstorage.py
[2024-04-29T17:42:15.216+0000] {processor.py:830} INFO - Processing file /home/airflow/.local/lib/python3.8/site-packages/airflow/example_dags/tutorial_objectstorage.py for tasks to queue
[2024-04-29T17:42:15.217+0000] {logging_mixin.py:188} INFO - [2024-04-29T17:42:15.217+0000] {dagbag.py:540} INFO - Filling up the DagBag from /home/airflow/.local/lib/python3.8/site-packages/airflow/example_dags/tutorial_objectstorage.py
[2024-04-29T17:42:15.225+0000] {processor.py:840} INFO - DAG(s) 'tutorial_objectstorage' retrieved from /home/airflow/.local/lib/python3.8/site-packages/airflow/example_dags/tutorial_objectstorage.py
[2024-04-29T17:42:15.245+0000] {logging_mixin.py:188} INFO - [2024-04-29T17:42:15.245+0000] {dag.py:3047} INFO - Sync 1 DAGs
[2024-04-29T17:42:15.259+0000] {logging_mixin.py:188} INFO - [2024-04-29T17:42:15.259+0000] {dag.py:3834} INFO - Setting next_dagrun for tutorial_objectstorage to None, run_after=None
[2024-04-29T17:42:15.295+0000] {processor.py:183} INFO - Processing /home/airflow/.local/lib/python3.8/site-packages/airflow/example_dags/tutorial_objectstorage.py took 0.083 seconds
[2024-04-29T17:42:45.541+0000] {processor.py:161} INFO - Started process (PID=6553) to work on /home/airflow/.local/lib/python3.8/site-packages/airflow/example_dags/tutorial_objectstorage.py
[2024-04-29T17:42:45.548+0000] {processor.py:830} INFO - Processing file /home/airflow/.local/lib/python3.8/site-packages/airflow/example_dags/tutorial_objectstorage.py for tasks to queue
[2024-04-29T17:42:45.549+0000] {logging_mixin.py:188} INFO - [2024-04-29T17:42:45.549+0000] {dagbag.py:540} INFO - Filling up the DagBag from /home/airflow/.local/lib/python3.8/site-packages/airflow/example_dags/tutorial_objectstorage.py
[2024-04-29T17:42:45.588+0000] {processor.py:840} INFO - DAG(s) 'tutorial_objectstorage' retrieved from /home/airflow/.local/lib/python3.8/site-packages/airflow/example_dags/tutorial_objectstorage.py
[2024-04-29T17:42:45.677+0000] {logging_mixin.py:188} INFO - [2024-04-29T17:42:45.677+0000] {dag.py:3047} INFO - Sync 1 DAGs
[2024-04-29T17:42:45.711+0000] {logging_mixin.py:188} INFO - [2024-04-29T17:42:45.711+0000] {dag.py:3834} INFO - Setting next_dagrun for tutorial_objectstorage to None, run_after=None
[2024-04-29T17:42:45.777+0000] {processor.py:183} INFO - Processing /home/airflow/.local/lib/python3.8/site-packages/airflow/example_dags/tutorial_objectstorage.py took 0.239 seconds
[2024-04-29T17:43:15.860+0000] {processor.py:161} INFO - Started process (PID=6798) to work on /home/airflow/.local/lib/python3.8/site-packages/airflow/example_dags/tutorial_objectstorage.py
[2024-04-29T17:43:15.861+0000] {processor.py:830} INFO - Processing file /home/airflow/.local/lib/python3.8/site-packages/airflow/example_dags/tutorial_objectstorage.py for tasks to queue
[2024-04-29T17:43:15.862+0000] {logging_mixin.py:188} INFO - [2024-04-29T17:43:15.861+0000] {dagbag.py:540} INFO - Filling up the DagBag from /home/airflow/.local/lib/python3.8/site-packages/airflow/example_dags/tutorial_objectstorage.py
[2024-04-29T17:43:15.869+0000] {processor.py:840} INFO - DAG(s) 'tutorial_objectstorage' retrieved from /home/airflow/.local/lib/python3.8/site-packages/airflow/example_dags/tutorial_objectstorage.py
[2024-04-29T17:43:15.890+0000] {logging_mixin.py:188} INFO - [2024-04-29T17:43:15.890+0000] {dag.py:3047} INFO - Sync 1 DAGs
[2024-04-29T17:43:15.905+0000] {logging_mixin.py:188} INFO - [2024-04-29T17:43:15.905+0000] {dag.py:3834} INFO - Setting next_dagrun for tutorial_objectstorage to None, run_after=None
[2024-04-29T17:43:15.931+0000] {processor.py:183} INFO - Processing /home/airflow/.local/lib/python3.8/site-packages/airflow/example_dags/tutorial_objectstorage.py took 0.074 seconds
[2024-04-29T17:43:46.176+0000] {processor.py:161} INFO - Started process (PID=7048) to work on /home/airflow/.local/lib/python3.8/site-packages/airflow/example_dags/tutorial_objectstorage.py
[2024-04-29T17:43:46.177+0000] {processor.py:830} INFO - Processing file /home/airflow/.local/lib/python3.8/site-packages/airflow/example_dags/tutorial_objectstorage.py for tasks to queue
[2024-04-29T17:43:46.178+0000] {logging_mixin.py:188} INFO - [2024-04-29T17:43:46.178+0000] {dagbag.py:540} INFO - Filling up the DagBag from /home/airflow/.local/lib/python3.8/site-packages/airflow/example_dags/tutorial_objectstorage.py
[2024-04-29T17:43:46.186+0000] {processor.py:840} INFO - DAG(s) 'tutorial_objectstorage' retrieved from /home/airflow/.local/lib/python3.8/site-packages/airflow/example_dags/tutorial_objectstorage.py
[2024-04-29T17:43:46.209+0000] {logging_mixin.py:188} INFO - [2024-04-29T17:43:46.209+0000] {dag.py:3047} INFO - Sync 1 DAGs
[2024-04-29T17:43:46.224+0000] {logging_mixin.py:188} INFO - [2024-04-29T17:43:46.224+0000] {dag.py:3834} INFO - Setting next_dagrun for tutorial_objectstorage to None, run_after=None
[2024-04-29T17:43:46.250+0000] {processor.py:183} INFO - Processing /home/airflow/.local/lib/python3.8/site-packages/airflow/example_dags/tutorial_objectstorage.py took 0.077 seconds
[2024-04-29T17:44:16.432+0000] {processor.py:161} INFO - Started process (PID=7295) to work on /home/airflow/.local/lib/python3.8/site-packages/airflow/example_dags/tutorial_objectstorage.py
[2024-04-29T17:44:16.433+0000] {processor.py:830} INFO - Processing file /home/airflow/.local/lib/python3.8/site-packages/airflow/example_dags/tutorial_objectstorage.py for tasks to queue
[2024-04-29T17:44:16.435+0000] {logging_mixin.py:188} INFO - [2024-04-29T17:44:16.434+0000] {dagbag.py:540} INFO - Filling up the DagBag from /home/airflow/.local/lib/python3.8/site-packages/airflow/example_dags/tutorial_objectstorage.py
[2024-04-29T17:44:16.442+0000] {processor.py:840} INFO - DAG(s) 'tutorial_objectstorage' retrieved from /home/airflow/.local/lib/python3.8/site-packages/airflow/example_dags/tutorial_objectstorage.py
[2024-04-29T17:44:16.463+0000] {logging_mixin.py:188} INFO - [2024-04-29T17:44:16.463+0000] {dag.py:3047} INFO - Sync 1 DAGs
[2024-04-29T17:44:16.477+0000] {logging_mixin.py:188} INFO - [2024-04-29T17:44:16.477+0000] {dag.py:3834} INFO - Setting next_dagrun for tutorial_objectstorage to None, run_after=None
[2024-04-29T17:44:16.511+0000] {processor.py:183} INFO - Processing /home/airflow/.local/lib/python3.8/site-packages/airflow/example_dags/tutorial_objectstorage.py took 0.080 seconds
[2024-04-29T17:44:46.818+0000] {processor.py:161} INFO - Started process (PID=7542) to work on /home/airflow/.local/lib/python3.8/site-packages/airflow/example_dags/tutorial_objectstorage.py
[2024-04-29T17:44:46.819+0000] {processor.py:830} INFO - Processing file /home/airflow/.local/lib/python3.8/site-packages/airflow/example_dags/tutorial_objectstorage.py for tasks to queue
[2024-04-29T17:44:46.820+0000] {logging_mixin.py:188} INFO - [2024-04-29T17:44:46.820+0000] {dagbag.py:540} INFO - Filling up the DagBag from /home/airflow/.local/lib/python3.8/site-packages/airflow/example_dags/tutorial_objectstorage.py
[2024-04-29T17:44:46.827+0000] {processor.py:840} INFO - DAG(s) 'tutorial_objectstorage' retrieved from /home/airflow/.local/lib/python3.8/site-packages/airflow/example_dags/tutorial_objectstorage.py
[2024-04-29T17:44:46.847+0000] {logging_mixin.py:188} INFO - [2024-04-29T17:44:46.847+0000] {dag.py:3047} INFO - Sync 1 DAGs
[2024-04-29T17:44:46.861+0000] {logging_mixin.py:188} INFO - [2024-04-29T17:44:46.861+0000] {dag.py:3834} INFO - Setting next_dagrun for tutorial_objectstorage to None, run_after=None
[2024-04-29T17:44:46.889+0000] {processor.py:183} INFO - Processing /home/airflow/.local/lib/python3.8/site-packages/airflow/example_dags/tutorial_objectstorage.py took 0.073 seconds
[2024-04-29T17:45:17.273+0000] {processor.py:161} INFO - Started process (PID=7790) to work on /home/airflow/.local/lib/python3.8/site-packages/airflow/example_dags/tutorial_objectstorage.py
[2024-04-29T17:45:17.274+0000] {processor.py:830} INFO - Processing file /home/airflow/.local/lib/python3.8/site-packages/airflow/example_dags/tutorial_objectstorage.py for tasks to queue
[2024-04-29T17:45:17.276+0000] {logging_mixin.py:188} INFO - [2024-04-29T17:45:17.275+0000] {dagbag.py:540} INFO - Filling up the DagBag from /home/airflow/.local/lib/python3.8/site-packages/airflow/example_dags/tutorial_objectstorage.py
[2024-04-29T17:45:17.284+0000] {processor.py:840} INFO - DAG(s) 'tutorial_objectstorage' retrieved from /home/airflow/.local/lib/python3.8/site-packages/airflow/example_dags/tutorial_objectstorage.py
[2024-04-29T17:45:17.304+0000] {logging_mixin.py:188} INFO - [2024-04-29T17:45:17.303+0000] {dag.py:3047} INFO - Sync 1 DAGs
[2024-04-29T17:45:17.318+0000] {logging_mixin.py:188} INFO - [2024-04-29T17:45:17.318+0000] {dag.py:3834} INFO - Setting next_dagrun for tutorial_objectstorage to None, run_after=None
[2024-04-29T17:45:17.350+0000] {processor.py:183} INFO - Processing /home/airflow/.local/lib/python3.8/site-packages/airflow/example_dags/tutorial_objectstorage.py took 0.080 seconds
[2024-04-29T17:45:47.691+0000] {processor.py:161} INFO - Started process (PID=8038) to work on /home/airflow/.local/lib/python3.8/site-packages/airflow/example_dags/tutorial_objectstorage.py
[2024-04-29T17:45:47.692+0000] {processor.py:830} INFO - Processing file /home/airflow/.local/lib/python3.8/site-packages/airflow/example_dags/tutorial_objectstorage.py for tasks to queue
[2024-04-29T17:45:47.693+0000] {logging_mixin.py:188} INFO - [2024-04-29T17:45:47.693+0000] {dagbag.py:540} INFO - Filling up the DagBag from /home/airflow/.local/lib/python3.8/site-packages/airflow/example_dags/tutorial_objectstorage.py
[2024-04-29T17:45:47.712+0000] {processor.py:840} INFO - DAG(s) 'tutorial_objectstorage' retrieved from /home/airflow/.local/lib/python3.8/site-packages/airflow/example_dags/tutorial_objectstorage.py
[2024-04-29T17:45:47.743+0000] {logging_mixin.py:188} INFO - [2024-04-29T17:45:47.742+0000] {dag.py:3047} INFO - Sync 1 DAGs
[2024-04-29T17:45:47.770+0000] {logging_mixin.py:188} INFO - [2024-04-29T17:45:47.770+0000] {dag.py:3834} INFO - Setting next_dagrun for tutorial_objectstorage to None, run_after=None
[2024-04-29T17:45:47.816+0000] {processor.py:183} INFO - Processing /home/airflow/.local/lib/python3.8/site-packages/airflow/example_dags/tutorial_objectstorage.py took 0.129 seconds
[2024-04-29T17:46:17.933+0000] {processor.py:161} INFO - Started process (PID=8286) to work on /home/airflow/.local/lib/python3.8/site-packages/airflow/example_dags/tutorial_objectstorage.py
[2024-04-29T17:46:17.934+0000] {processor.py:830} INFO - Processing file /home/airflow/.local/lib/python3.8/site-packages/airflow/example_dags/tutorial_objectstorage.py for tasks to queue
[2024-04-29T17:46:17.935+0000] {logging_mixin.py:188} INFO - [2024-04-29T17:46:17.935+0000] {dagbag.py:540} INFO - Filling up the DagBag from /home/airflow/.local/lib/python3.8/site-packages/airflow/example_dags/tutorial_objectstorage.py
[2024-04-29T17:46:17.949+0000] {processor.py:840} INFO - DAG(s) 'tutorial_objectstorage' retrieved from /home/airflow/.local/lib/python3.8/site-packages/airflow/example_dags/tutorial_objectstorage.py
[2024-04-29T17:46:17.982+0000] {logging_mixin.py:188} INFO - [2024-04-29T17:46:17.981+0000] {dag.py:3047} INFO - Sync 1 DAGs
[2024-04-29T17:46:17.998+0000] {logging_mixin.py:188} INFO - [2024-04-29T17:46:17.998+0000] {dag.py:3834} INFO - Setting next_dagrun for tutorial_objectstorage to None, run_after=None
[2024-04-29T17:46:18.022+0000] {processor.py:183} INFO - Processing /home/airflow/.local/lib/python3.8/site-packages/airflow/example_dags/tutorial_objectstorage.py took 0.092 seconds
[2024-04-29T17:46:48.372+0000] {processor.py:161} INFO - Started process (PID=8533) to work on /home/airflow/.local/lib/python3.8/site-packages/airflow/example_dags/tutorial_objectstorage.py
[2024-04-29T17:46:48.373+0000] {processor.py:830} INFO - Processing file /home/airflow/.local/lib/python3.8/site-packages/airflow/example_dags/tutorial_objectstorage.py for tasks to queue
[2024-04-29T17:46:48.374+0000] {logging_mixin.py:188} INFO - [2024-04-29T17:46:48.374+0000] {dagbag.py:540} INFO - Filling up the DagBag from /home/airflow/.local/lib/python3.8/site-packages/airflow/example_dags/tutorial_objectstorage.py
[2024-04-29T17:46:48.383+0000] {processor.py:840} INFO - DAG(s) 'tutorial_objectstorage' retrieved from /home/airflow/.local/lib/python3.8/site-packages/airflow/example_dags/tutorial_objectstorage.py
[2024-04-29T17:46:48.406+0000] {logging_mixin.py:188} INFO - [2024-04-29T17:46:48.406+0000] {dag.py:3047} INFO - Sync 1 DAGs
[2024-04-29T17:46:48.421+0000] {logging_mixin.py:188} INFO - [2024-04-29T17:46:48.421+0000] {dag.py:3834} INFO - Setting next_dagrun for tutorial_objectstorage to None, run_after=None
[2024-04-29T17:46:48.447+0000] {processor.py:183} INFO - Processing /home/airflow/.local/lib/python3.8/site-packages/airflow/example_dags/tutorial_objectstorage.py took 0.078 seconds
[2024-04-29T17:47:18.942+0000] {processor.py:161} INFO - Started process (PID=8781) to work on /home/airflow/.local/lib/python3.8/site-packages/airflow/example_dags/tutorial_objectstorage.py
[2024-04-29T17:47:18.943+0000] {processor.py:830} INFO - Processing file /home/airflow/.local/lib/python3.8/site-packages/airflow/example_dags/tutorial_objectstorage.py for tasks to queue
[2024-04-29T17:47:18.943+0000] {logging_mixin.py:188} INFO - [2024-04-29T17:47:18.943+0000] {dagbag.py:540} INFO - Filling up the DagBag from /home/airflow/.local/lib/python3.8/site-packages/airflow/example_dags/tutorial_objectstorage.py
[2024-04-29T17:47:18.951+0000] {processor.py:840} INFO - DAG(s) 'tutorial_objectstorage' retrieved from /home/airflow/.local/lib/python3.8/site-packages/airflow/example_dags/tutorial_objectstorage.py
[2024-04-29T17:47:18.971+0000] {logging_mixin.py:188} INFO - [2024-04-29T17:47:18.971+0000] {dag.py:3047} INFO - Sync 1 DAGs
[2024-04-29T17:47:18.984+0000] {logging_mixin.py:188} INFO - [2024-04-29T17:47:18.984+0000] {dag.py:3834} INFO - Setting next_dagrun for tutorial_objectstorage to None, run_after=None
[2024-04-29T17:47:19.009+0000] {processor.py:183} INFO - Processing /home/airflow/.local/lib/python3.8/site-packages/airflow/example_dags/tutorial_objectstorage.py took 0.070 seconds
[2024-04-29T17:47:49.247+0000] {processor.py:161} INFO - Started process (PID=9028) to work on /home/airflow/.local/lib/python3.8/site-packages/airflow/example_dags/tutorial_objectstorage.py
[2024-04-29T17:47:49.254+0000] {processor.py:830} INFO - Processing file /home/airflow/.local/lib/python3.8/site-packages/airflow/example_dags/tutorial_objectstorage.py for tasks to queue
[2024-04-29T17:47:49.255+0000] {logging_mixin.py:188} INFO - [2024-04-29T17:47:49.255+0000] {dagbag.py:540} INFO - Filling up the DagBag from /home/airflow/.local/lib/python3.8/site-packages/airflow/example_dags/tutorial_objectstorage.py
[2024-04-29T17:47:49.265+0000] {processor.py:840} INFO - DAG(s) 'tutorial_objectstorage' retrieved from /home/airflow/.local/lib/python3.8/site-packages/airflow/example_dags/tutorial_objectstorage.py
[2024-04-29T17:47:49.333+0000] {logging_mixin.py:188} INFO - [2024-04-29T17:47:49.333+0000] {dag.py:3047} INFO - Sync 1 DAGs
[2024-04-29T17:47:49.384+0000] {logging_mixin.py:188} INFO - [2024-04-29T17:47:49.384+0000] {dag.py:3834} INFO - Setting next_dagrun for tutorial_objectstorage to None, run_after=None
[2024-04-29T17:47:49.435+0000] {processor.py:183} INFO - Processing /home/airflow/.local/lib/python3.8/site-packages/airflow/example_dags/tutorial_objectstorage.py took 0.207 seconds
