[2024-04-29T17:30:01.993+0000] {processor.py:161} INFO - Started process (PID=236) to work on /home/airflow/.local/lib/python3.8/site-packages/airflow/example_dags/tutorial_taskflow_api.py
[2024-04-29T17:30:01.994+0000] {processor.py:830} INFO - Processing file /home/airflow/.local/lib/python3.8/site-packages/airflow/example_dags/tutorial_taskflow_api.py for tasks to queue
[2024-04-29T17:30:01.995+0000] {logging_mixin.py:188} INFO - [2024-04-29T17:30:01.995+0000] {dagbag.py:540} INFO - Filling up the DagBag from /home/airflow/.local/lib/python3.8/site-packages/airflow/example_dags/tutorial_taskflow_api.py
[2024-04-29T17:30:02.010+0000] {processor.py:840} INFO - DAG(s) 'tutorial_taskflow_api' retrieved from /home/airflow/.local/lib/python3.8/site-packages/airflow/example_dags/tutorial_taskflow_api.py
[2024-04-29T17:30:02.202+0000] {logging_mixin.py:188} INFO - [2024-04-29T17:30:02.202+0000] {override.py:1769} INFO - Created Permission View: can edit on DAG:tutorial_taskflow_api
[2024-04-29T17:30:02.229+0000] {logging_mixin.py:188} INFO - [2024-04-29T17:30:02.229+0000] {override.py:1769} INFO - Created Permission View: can delete on DAG:tutorial_taskflow_api
[2024-04-29T17:30:02.247+0000] {logging_mixin.py:188} INFO - [2024-04-29T17:30:02.246+0000] {override.py:1769} INFO - Created Permission View: can read on DAG:tutorial_taskflow_api
[2024-04-29T17:30:02.249+0000] {logging_mixin.py:188} INFO - [2024-04-29T17:30:02.249+0000] {dag.py:3047} INFO - Sync 1 DAGs
[2024-04-29T17:30:02.269+0000] {logging_mixin.py:188} INFO - [2024-04-29T17:30:02.269+0000] {dag.py:3069} INFO - Creating ORM DAG for tutorial_taskflow_api
[2024-04-29T17:30:02.270+0000] {logging_mixin.py:188} INFO - [2024-04-29T17:30:02.270+0000] {dag.py:3834} INFO - Setting next_dagrun for tutorial_taskflow_api to None, run_after=None
[2024-04-29T17:30:02.301+0000] {processor.py:183} INFO - Processing /home/airflow/.local/lib/python3.8/site-packages/airflow/example_dags/tutorial_taskflow_api.py took 0.312 seconds
[2024-04-29T17:30:32.485+0000] {processor.py:161} INFO - Started process (PID=483) to work on /home/airflow/.local/lib/python3.8/site-packages/airflow/example_dags/tutorial_taskflow_api.py
[2024-04-29T17:30:32.486+0000] {processor.py:830} INFO - Processing file /home/airflow/.local/lib/python3.8/site-packages/airflow/example_dags/tutorial_taskflow_api.py for tasks to queue
[2024-04-29T17:30:32.487+0000] {logging_mixin.py:188} INFO - [2024-04-29T17:30:32.487+0000] {dagbag.py:540} INFO - Filling up the DagBag from /home/airflow/.local/lib/python3.8/site-packages/airflow/example_dags/tutorial_taskflow_api.py
[2024-04-29T17:30:32.494+0000] {processor.py:840} INFO - DAG(s) 'tutorial_taskflow_api' retrieved from /home/airflow/.local/lib/python3.8/site-packages/airflow/example_dags/tutorial_taskflow_api.py
[2024-04-29T17:30:32.518+0000] {logging_mixin.py:188} INFO - [2024-04-29T17:30:32.518+0000] {dag.py:3047} INFO - Sync 1 DAGs
[2024-04-29T17:30:32.532+0000] {logging_mixin.py:188} INFO - [2024-04-29T17:30:32.532+0000] {dag.py:3834} INFO - Setting next_dagrun for tutorial_taskflow_api to None, run_after=None
[2024-04-29T17:30:32.558+0000] {processor.py:183} INFO - Processing /home/airflow/.local/lib/python3.8/site-packages/airflow/example_dags/tutorial_taskflow_api.py took 0.077 seconds
[2024-04-29T17:31:02.865+0000] {processor.py:161} INFO - Started process (PID=728) to work on /home/airflow/.local/lib/python3.8/site-packages/airflow/example_dags/tutorial_taskflow_api.py
[2024-04-29T17:31:02.869+0000] {processor.py:830} INFO - Processing file /home/airflow/.local/lib/python3.8/site-packages/airflow/example_dags/tutorial_taskflow_api.py for tasks to queue
[2024-04-29T17:31:02.870+0000] {logging_mixin.py:188} INFO - [2024-04-29T17:31:02.869+0000] {dagbag.py:540} INFO - Filling up the DagBag from /home/airflow/.local/lib/python3.8/site-packages/airflow/example_dags/tutorial_taskflow_api.py
[2024-04-29T17:31:02.883+0000] {processor.py:840} INFO - DAG(s) 'tutorial_taskflow_api' retrieved from /home/airflow/.local/lib/python3.8/site-packages/airflow/example_dags/tutorial_taskflow_api.py
[2024-04-29T17:31:02.961+0000] {logging_mixin.py:188} INFO - [2024-04-29T17:31:02.961+0000] {dag.py:3047} INFO - Sync 1 DAGs
[2024-04-29T17:31:02.987+0000] {logging_mixin.py:188} INFO - [2024-04-29T17:31:02.987+0000] {dag.py:3834} INFO - Setting next_dagrun for tutorial_taskflow_api to None, run_after=None
[2024-04-29T17:31:03.009+0000] {processor.py:183} INFO - Processing /home/airflow/.local/lib/python3.8/site-packages/airflow/example_dags/tutorial_taskflow_api.py took 0.148 seconds
[2024-04-29T17:31:33.458+0000] {processor.py:161} INFO - Started process (PID=977) to work on /home/airflow/.local/lib/python3.8/site-packages/airflow/example_dags/tutorial_taskflow_api.py
[2024-04-29T17:31:33.459+0000] {processor.py:830} INFO - Processing file /home/airflow/.local/lib/python3.8/site-packages/airflow/example_dags/tutorial_taskflow_api.py for tasks to queue
[2024-04-29T17:31:33.460+0000] {logging_mixin.py:188} INFO - [2024-04-29T17:31:33.460+0000] {dagbag.py:540} INFO - Filling up the DagBag from /home/airflow/.local/lib/python3.8/site-packages/airflow/example_dags/tutorial_taskflow_api.py
[2024-04-29T17:31:33.467+0000] {processor.py:840} INFO - DAG(s) 'tutorial_taskflow_api' retrieved from /home/airflow/.local/lib/python3.8/site-packages/airflow/example_dags/tutorial_taskflow_api.py
[2024-04-29T17:31:33.490+0000] {logging_mixin.py:188} INFO - [2024-04-29T17:31:33.490+0000] {dag.py:3047} INFO - Sync 1 DAGs
[2024-04-29T17:31:33.504+0000] {logging_mixin.py:188} INFO - [2024-04-29T17:31:33.504+0000] {dag.py:3834} INFO - Setting next_dagrun for tutorial_taskflow_api to None, run_after=None
[2024-04-29T17:31:33.529+0000] {processor.py:183} INFO - Processing /home/airflow/.local/lib/python3.8/site-packages/airflow/example_dags/tutorial_taskflow_api.py took 0.074 seconds
[2024-04-29T17:32:03.888+0000] {processor.py:161} INFO - Started process (PID=1223) to work on /home/airflow/.local/lib/python3.8/site-packages/airflow/example_dags/tutorial_taskflow_api.py
[2024-04-29T17:32:03.889+0000] {processor.py:830} INFO - Processing file /home/airflow/.local/lib/python3.8/site-packages/airflow/example_dags/tutorial_taskflow_api.py for tasks to queue
[2024-04-29T17:32:03.891+0000] {logging_mixin.py:188} INFO - [2024-04-29T17:32:03.890+0000] {dagbag.py:540} INFO - Filling up the DagBag from /home/airflow/.local/lib/python3.8/site-packages/airflow/example_dags/tutorial_taskflow_api.py
[2024-04-29T17:32:03.915+0000] {processor.py:840} INFO - DAG(s) 'tutorial_taskflow_api' retrieved from /home/airflow/.local/lib/python3.8/site-packages/airflow/example_dags/tutorial_taskflow_api.py
[2024-04-29T17:32:03.938+0000] {logging_mixin.py:188} INFO - [2024-04-29T17:32:03.937+0000] {dag.py:3047} INFO - Sync 1 DAGs
[2024-04-29T17:32:03.952+0000] {logging_mixin.py:188} INFO - [2024-04-29T17:32:03.951+0000] {dag.py:3834} INFO - Setting next_dagrun for tutorial_taskflow_api to None, run_after=None
[2024-04-29T17:32:03.976+0000] {processor.py:183} INFO - Processing /home/airflow/.local/lib/python3.8/site-packages/airflow/example_dags/tutorial_taskflow_api.py took 0.093 seconds
[2024-04-29T17:32:34.373+0000] {processor.py:161} INFO - Started process (PID=1473) to work on /home/airflow/.local/lib/python3.8/site-packages/airflow/example_dags/tutorial_taskflow_api.py
[2024-04-29T17:32:34.373+0000] {processor.py:830} INFO - Processing file /home/airflow/.local/lib/python3.8/site-packages/airflow/example_dags/tutorial_taskflow_api.py for tasks to queue
[2024-04-29T17:32:34.374+0000] {logging_mixin.py:188} INFO - [2024-04-29T17:32:34.374+0000] {dagbag.py:540} INFO - Filling up the DagBag from /home/airflow/.local/lib/python3.8/site-packages/airflow/example_dags/tutorial_taskflow_api.py
[2024-04-29T17:32:34.381+0000] {processor.py:840} INFO - DAG(s) 'tutorial_taskflow_api' retrieved from /home/airflow/.local/lib/python3.8/site-packages/airflow/example_dags/tutorial_taskflow_api.py
[2024-04-29T17:32:34.405+0000] {logging_mixin.py:188} INFO - [2024-04-29T17:32:34.405+0000] {dag.py:3047} INFO - Sync 1 DAGs
[2024-04-29T17:32:34.419+0000] {logging_mixin.py:188} INFO - [2024-04-29T17:32:34.419+0000] {dag.py:3834} INFO - Setting next_dagrun for tutorial_taskflow_api to None, run_after=None
[2024-04-29T17:32:34.445+0000] {processor.py:183} INFO - Processing /home/airflow/.local/lib/python3.8/site-packages/airflow/example_dags/tutorial_taskflow_api.py took 0.076 seconds
[2024-04-29T17:33:05.148+0000] {processor.py:161} INFO - Started process (PID=1723) to work on /home/airflow/.local/lib/python3.8/site-packages/airflow/example_dags/tutorial_taskflow_api.py
[2024-04-29T17:33:05.149+0000] {processor.py:830} INFO - Processing file /home/airflow/.local/lib/python3.8/site-packages/airflow/example_dags/tutorial_taskflow_api.py for tasks to queue
[2024-04-29T17:33:05.150+0000] {logging_mixin.py:188} INFO - [2024-04-29T17:33:05.150+0000] {dagbag.py:540} INFO - Filling up the DagBag from /home/airflow/.local/lib/python3.8/site-packages/airflow/example_dags/tutorial_taskflow_api.py
[2024-04-29T17:33:05.156+0000] {processor.py:840} INFO - DAG(s) 'tutorial_taskflow_api' retrieved from /home/airflow/.local/lib/python3.8/site-packages/airflow/example_dags/tutorial_taskflow_api.py
[2024-04-29T17:33:05.173+0000] {logging_mixin.py:188} INFO - [2024-04-29T17:33:05.173+0000] {dag.py:3047} INFO - Sync 1 DAGs
[2024-04-29T17:33:05.183+0000] {logging_mixin.py:188} INFO - [2024-04-29T17:33:05.183+0000] {dag.py:3834} INFO - Setting next_dagrun for tutorial_taskflow_api to None, run_after=None
[2024-04-29T17:33:05.203+0000] {processor.py:183} INFO - Processing /home/airflow/.local/lib/python3.8/site-packages/airflow/example_dags/tutorial_taskflow_api.py took 0.059 seconds
[2024-04-29T17:33:35.639+0000] {processor.py:161} INFO - Started process (PID=1968) to work on /home/airflow/.local/lib/python3.8/site-packages/airflow/example_dags/tutorial_taskflow_api.py
[2024-04-29T17:33:35.640+0000] {processor.py:830} INFO - Processing file /home/airflow/.local/lib/python3.8/site-packages/airflow/example_dags/tutorial_taskflow_api.py for tasks to queue
[2024-04-29T17:33:35.641+0000] {logging_mixin.py:188} INFO - [2024-04-29T17:33:35.641+0000] {dagbag.py:540} INFO - Filling up the DagBag from /home/airflow/.local/lib/python3.8/site-packages/airflow/example_dags/tutorial_taskflow_api.py
[2024-04-29T17:33:35.648+0000] {processor.py:840} INFO - DAG(s) 'tutorial_taskflow_api' retrieved from /home/airflow/.local/lib/python3.8/site-packages/airflow/example_dags/tutorial_taskflow_api.py
[2024-04-29T17:33:35.671+0000] {logging_mixin.py:188} INFO - [2024-04-29T17:33:35.671+0000] {dag.py:3047} INFO - Sync 1 DAGs
[2024-04-29T17:33:35.682+0000] {logging_mixin.py:188} INFO - [2024-04-29T17:33:35.681+0000] {dag.py:3834} INFO - Setting next_dagrun for tutorial_taskflow_api to None, run_after=None
[2024-04-29T17:33:35.722+0000] {processor.py:183} INFO - Processing /home/airflow/.local/lib/python3.8/site-packages/airflow/example_dags/tutorial_taskflow_api.py took 0.088 seconds
[2024-04-29T17:34:06.027+0000] {processor.py:161} INFO - Started process (PID=2216) to work on /home/airflow/.local/lib/python3.8/site-packages/airflow/example_dags/tutorial_taskflow_api.py
[2024-04-29T17:34:06.027+0000] {processor.py:830} INFO - Processing file /home/airflow/.local/lib/python3.8/site-packages/airflow/example_dags/tutorial_taskflow_api.py for tasks to queue
[2024-04-29T17:34:06.028+0000] {logging_mixin.py:188} INFO - [2024-04-29T17:34:06.028+0000] {dagbag.py:540} INFO - Filling up the DagBag from /home/airflow/.local/lib/python3.8/site-packages/airflow/example_dags/tutorial_taskflow_api.py
[2024-04-29T17:34:06.033+0000] {processor.py:840} INFO - DAG(s) 'tutorial_taskflow_api' retrieved from /home/airflow/.local/lib/python3.8/site-packages/airflow/example_dags/tutorial_taskflow_api.py
[2024-04-29T17:34:06.050+0000] {logging_mixin.py:188} INFO - [2024-04-29T17:34:06.049+0000] {dag.py:3047} INFO - Sync 1 DAGs
[2024-04-29T17:34:06.060+0000] {logging_mixin.py:188} INFO - [2024-04-29T17:34:06.059+0000] {dag.py:3834} INFO - Setting next_dagrun for tutorial_taskflow_api to None, run_after=None
[2024-04-29T17:34:06.082+0000] {processor.py:183} INFO - Processing /home/airflow/.local/lib/python3.8/site-packages/airflow/example_dags/tutorial_taskflow_api.py took 0.058 seconds
[2024-04-29T17:34:36.698+0000] {processor.py:161} INFO - Started process (PID=2461) to work on /home/airflow/.local/lib/python3.8/site-packages/airflow/example_dags/tutorial_taskflow_api.py
[2024-04-29T17:34:36.699+0000] {processor.py:830} INFO - Processing file /home/airflow/.local/lib/python3.8/site-packages/airflow/example_dags/tutorial_taskflow_api.py for tasks to queue
[2024-04-29T17:34:36.700+0000] {logging_mixin.py:188} INFO - [2024-04-29T17:34:36.700+0000] {dagbag.py:540} INFO - Filling up the DagBag from /home/airflow/.local/lib/python3.8/site-packages/airflow/example_dags/tutorial_taskflow_api.py
[2024-04-29T17:34:36.707+0000] {processor.py:840} INFO - DAG(s) 'tutorial_taskflow_api' retrieved from /home/airflow/.local/lib/python3.8/site-packages/airflow/example_dags/tutorial_taskflow_api.py
[2024-04-29T17:34:36.741+0000] {logging_mixin.py:188} INFO - [2024-04-29T17:34:36.741+0000] {dag.py:3047} INFO - Sync 1 DAGs
[2024-04-29T17:34:36.773+0000] {logging_mixin.py:188} INFO - [2024-04-29T17:34:36.773+0000] {dag.py:3834} INFO - Setting next_dagrun for tutorial_taskflow_api to None, run_after=None
[2024-04-29T17:34:36.805+0000] {processor.py:183} INFO - Processing /home/airflow/.local/lib/python3.8/site-packages/airflow/example_dags/tutorial_taskflow_api.py took 0.111 seconds
[2024-04-29T17:35:07.123+0000] {processor.py:161} INFO - Started process (PID=2708) to work on /home/airflow/.local/lib/python3.8/site-packages/airflow/example_dags/tutorial_taskflow_api.py
[2024-04-29T17:35:07.124+0000] {processor.py:830} INFO - Processing file /home/airflow/.local/lib/python3.8/site-packages/airflow/example_dags/tutorial_taskflow_api.py for tasks to queue
[2024-04-29T17:35:07.125+0000] {logging_mixin.py:188} INFO - [2024-04-29T17:35:07.125+0000] {dagbag.py:540} INFO - Filling up the DagBag from /home/airflow/.local/lib/python3.8/site-packages/airflow/example_dags/tutorial_taskflow_api.py
[2024-04-29T17:35:07.133+0000] {processor.py:840} INFO - DAG(s) 'tutorial_taskflow_api' retrieved from /home/airflow/.local/lib/python3.8/site-packages/airflow/example_dags/tutorial_taskflow_api.py
[2024-04-29T17:35:07.155+0000] {logging_mixin.py:188} INFO - [2024-04-29T17:35:07.155+0000] {dag.py:3047} INFO - Sync 1 DAGs
[2024-04-29T17:35:07.169+0000] {logging_mixin.py:188} INFO - [2024-04-29T17:35:07.169+0000] {dag.py:3834} INFO - Setting next_dagrun for tutorial_taskflow_api to None, run_after=None
[2024-04-29T17:35:07.193+0000] {processor.py:183} INFO - Processing /home/airflow/.local/lib/python3.8/site-packages/airflow/example_dags/tutorial_taskflow_api.py took 0.076 seconds
[2024-04-29T17:35:38.084+0000] {processor.py:161} INFO - Started process (PID=2955) to work on /home/airflow/.local/lib/python3.8/site-packages/airflow/example_dags/tutorial_taskflow_api.py
[2024-04-29T17:35:38.085+0000] {processor.py:830} INFO - Processing file /home/airflow/.local/lib/python3.8/site-packages/airflow/example_dags/tutorial_taskflow_api.py for tasks to queue
[2024-04-29T17:35:38.086+0000] {logging_mixin.py:188} INFO - [2024-04-29T17:35:38.086+0000] {dagbag.py:540} INFO - Filling up the DagBag from /home/airflow/.local/lib/python3.8/site-packages/airflow/example_dags/tutorial_taskflow_api.py
[2024-04-29T17:35:38.093+0000] {processor.py:840} INFO - DAG(s) 'tutorial_taskflow_api' retrieved from /home/airflow/.local/lib/python3.8/site-packages/airflow/example_dags/tutorial_taskflow_api.py
[2024-04-29T17:35:38.119+0000] {logging_mixin.py:188} INFO - [2024-04-29T17:35:38.119+0000] {dag.py:3047} INFO - Sync 1 DAGs
[2024-04-29T17:35:38.131+0000] {logging_mixin.py:188} INFO - [2024-04-29T17:35:38.131+0000] {dag.py:3834} INFO - Setting next_dagrun for tutorial_taskflow_api to None, run_after=None
[2024-04-29T17:35:38.150+0000] {processor.py:183} INFO - Processing /home/airflow/.local/lib/python3.8/site-packages/airflow/example_dags/tutorial_taskflow_api.py took 0.070 seconds
[2024-04-29T17:36:08.692+0000] {processor.py:161} INFO - Started process (PID=3206) to work on /home/airflow/.local/lib/python3.8/site-packages/airflow/example_dags/tutorial_taskflow_api.py
[2024-04-29T17:36:08.704+0000] {processor.py:830} INFO - Processing file /home/airflow/.local/lib/python3.8/site-packages/airflow/example_dags/tutorial_taskflow_api.py for tasks to queue
[2024-04-29T17:36:08.706+0000] {logging_mixin.py:188} INFO - [2024-04-29T17:36:08.706+0000] {dagbag.py:540} INFO - Filling up the DagBag from /home/airflow/.local/lib/python3.8/site-packages/airflow/example_dags/tutorial_taskflow_api.py
[2024-04-29T17:36:08.715+0000] {processor.py:840} INFO - DAG(s) 'tutorial_taskflow_api' retrieved from /home/airflow/.local/lib/python3.8/site-packages/airflow/example_dags/tutorial_taskflow_api.py
[2024-04-29T17:36:08.741+0000] {logging_mixin.py:188} INFO - [2024-04-29T17:36:08.741+0000] {dag.py:3047} INFO - Sync 1 DAGs
[2024-04-29T17:36:08.756+0000] {logging_mixin.py:188} INFO - [2024-04-29T17:36:08.756+0000] {dag.py:3834} INFO - Setting next_dagrun for tutorial_taskflow_api to None, run_after=None
[2024-04-29T17:36:08.779+0000] {processor.py:183} INFO - Processing /home/airflow/.local/lib/python3.8/site-packages/airflow/example_dags/tutorial_taskflow_api.py took 0.090 seconds
[2024-04-29T17:36:39.039+0000] {processor.py:161} INFO - Started process (PID=3452) to work on /home/airflow/.local/lib/python3.8/site-packages/airflow/example_dags/tutorial_taskflow_api.py
[2024-04-29T17:36:39.041+0000] {processor.py:830} INFO - Processing file /home/airflow/.local/lib/python3.8/site-packages/airflow/example_dags/tutorial_taskflow_api.py for tasks to queue
[2024-04-29T17:36:39.042+0000] {logging_mixin.py:188} INFO - [2024-04-29T17:36:39.042+0000] {dagbag.py:540} INFO - Filling up the DagBag from /home/airflow/.local/lib/python3.8/site-packages/airflow/example_dags/tutorial_taskflow_api.py
[2024-04-29T17:36:39.050+0000] {processor.py:840} INFO - DAG(s) 'tutorial_taskflow_api' retrieved from /home/airflow/.local/lib/python3.8/site-packages/airflow/example_dags/tutorial_taskflow_api.py
[2024-04-29T17:36:39.073+0000] {logging_mixin.py:188} INFO - [2024-04-29T17:36:39.072+0000] {dag.py:3047} INFO - Sync 1 DAGs
[2024-04-29T17:36:39.088+0000] {logging_mixin.py:188} INFO - [2024-04-29T17:36:39.087+0000] {dag.py:3834} INFO - Setting next_dagrun for tutorial_taskflow_api to None, run_after=None
[2024-04-29T17:36:39.112+0000] {processor.py:183} INFO - Processing /home/airflow/.local/lib/python3.8/site-packages/airflow/example_dags/tutorial_taskflow_api.py took 0.077 seconds
[2024-04-29T17:37:11.090+0000] {processor.py:161} INFO - Started process (PID=3735) to work on /home/airflow/.local/lib/python3.8/site-packages/airflow/example_dags/tutorial_taskflow_api.py
[2024-04-29T17:37:11.091+0000] {processor.py:830} INFO - Processing file /home/airflow/.local/lib/python3.8/site-packages/airflow/example_dags/tutorial_taskflow_api.py for tasks to queue
[2024-04-29T17:37:11.092+0000] {logging_mixin.py:188} INFO - [2024-04-29T17:37:11.092+0000] {dagbag.py:540} INFO - Filling up the DagBag from /home/airflow/.local/lib/python3.8/site-packages/airflow/example_dags/tutorial_taskflow_api.py
[2024-04-29T17:37:11.126+0000] {processor.py:840} INFO - DAG(s) 'tutorial_taskflow_api' retrieved from /home/airflow/.local/lib/python3.8/site-packages/airflow/example_dags/tutorial_taskflow_api.py
[2024-04-29T17:37:11.234+0000] {logging_mixin.py:188} INFO - [2024-04-29T17:37:11.234+0000] {dag.py:3047} INFO - Sync 1 DAGs
[2024-04-29T17:37:11.297+0000] {logging_mixin.py:188} INFO - [2024-04-29T17:37:11.297+0000] {dag.py:3834} INFO - Setting next_dagrun for tutorial_taskflow_api to None, run_after=None
[2024-04-29T17:37:11.418+0000] {processor.py:183} INFO - Processing /home/airflow/.local/lib/python3.8/site-packages/airflow/example_dags/tutorial_taskflow_api.py took 0.362 seconds
[2024-04-29T17:37:41.815+0000] {processor.py:161} INFO - Started process (PID=4084) to work on /home/airflow/.local/lib/python3.8/site-packages/airflow/example_dags/tutorial_taskflow_api.py
[2024-04-29T17:37:41.816+0000] {processor.py:830} INFO - Processing file /home/airflow/.local/lib/python3.8/site-packages/airflow/example_dags/tutorial_taskflow_api.py for tasks to queue
[2024-04-29T17:37:41.817+0000] {logging_mixin.py:188} INFO - [2024-04-29T17:37:41.817+0000] {dagbag.py:540} INFO - Filling up the DagBag from /home/airflow/.local/lib/python3.8/site-packages/airflow/example_dags/tutorial_taskflow_api.py
[2024-04-29T17:37:41.824+0000] {processor.py:840} INFO - DAG(s) 'tutorial_taskflow_api' retrieved from /home/airflow/.local/lib/python3.8/site-packages/airflow/example_dags/tutorial_taskflow_api.py
[2024-04-29T17:37:41.863+0000] {logging_mixin.py:188} INFO - [2024-04-29T17:37:41.863+0000] {dag.py:3047} INFO - Sync 1 DAGs
[2024-04-29T17:37:41.878+0000] {logging_mixin.py:188} INFO - [2024-04-29T17:37:41.878+0000] {dag.py:3834} INFO - Setting next_dagrun for tutorial_taskflow_api to None, run_after=None
[2024-04-29T17:37:41.902+0000] {processor.py:183} INFO - Processing /home/airflow/.local/lib/python3.8/site-packages/airflow/example_dags/tutorial_taskflow_api.py took 0.091 seconds
[2024-04-29T17:38:12.916+0000] {processor.py:161} INFO - Started process (PID=4342) to work on /home/airflow/.local/lib/python3.8/site-packages/airflow/example_dags/tutorial_taskflow_api.py
[2024-04-29T17:38:12.917+0000] {processor.py:830} INFO - Processing file /home/airflow/.local/lib/python3.8/site-packages/airflow/example_dags/tutorial_taskflow_api.py for tasks to queue
[2024-04-29T17:38:12.918+0000] {logging_mixin.py:188} INFO - [2024-04-29T17:38:12.917+0000] {dagbag.py:540} INFO - Filling up the DagBag from /home/airflow/.local/lib/python3.8/site-packages/airflow/example_dags/tutorial_taskflow_api.py
[2024-04-29T17:38:12.923+0000] {processor.py:840} INFO - DAG(s) 'tutorial_taskflow_api' retrieved from /home/airflow/.local/lib/python3.8/site-packages/airflow/example_dags/tutorial_taskflow_api.py
[2024-04-29T17:38:12.938+0000] {logging_mixin.py:188} INFO - [2024-04-29T17:38:12.938+0000] {dag.py:3047} INFO - Sync 1 DAGs
[2024-04-29T17:38:12.947+0000] {logging_mixin.py:188} INFO - [2024-04-29T17:38:12.947+0000] {dag.py:3834} INFO - Setting next_dagrun for tutorial_taskflow_api to None, run_after=None
[2024-04-29T17:38:12.967+0000] {processor.py:183} INFO - Processing /home/airflow/.local/lib/python3.8/site-packages/airflow/example_dags/tutorial_taskflow_api.py took 0.055 seconds
[2024-04-29T17:38:43.341+0000] {processor.py:161} INFO - Started process (PID=4590) to work on /home/airflow/.local/lib/python3.8/site-packages/airflow/example_dags/tutorial_taskflow_api.py
[2024-04-29T17:38:43.342+0000] {processor.py:830} INFO - Processing file /home/airflow/.local/lib/python3.8/site-packages/airflow/example_dags/tutorial_taskflow_api.py for tasks to queue
[2024-04-29T17:38:43.344+0000] {logging_mixin.py:188} INFO - [2024-04-29T17:38:43.343+0000] {dagbag.py:540} INFO - Filling up the DagBag from /home/airflow/.local/lib/python3.8/site-packages/airflow/example_dags/tutorial_taskflow_api.py
[2024-04-29T17:38:43.350+0000] {processor.py:840} INFO - DAG(s) 'tutorial_taskflow_api' retrieved from /home/airflow/.local/lib/python3.8/site-packages/airflow/example_dags/tutorial_taskflow_api.py
[2024-04-29T17:38:43.375+0000] {logging_mixin.py:188} INFO - [2024-04-29T17:38:43.374+0000] {dag.py:3047} INFO - Sync 1 DAGs
[2024-04-29T17:38:43.389+0000] {logging_mixin.py:188} INFO - [2024-04-29T17:38:43.389+0000] {dag.py:3834} INFO - Setting next_dagrun for tutorial_taskflow_api to None, run_after=None
[2024-04-29T17:38:43.414+0000] {processor.py:183} INFO - Processing /home/airflow/.local/lib/python3.8/site-packages/airflow/example_dags/tutorial_taskflow_api.py took 0.076 seconds
[2024-04-29T17:39:13.948+0000] {processor.py:161} INFO - Started process (PID=4837) to work on /home/airflow/.local/lib/python3.8/site-packages/airflow/example_dags/tutorial_taskflow_api.py
[2024-04-29T17:39:13.948+0000] {processor.py:830} INFO - Processing file /home/airflow/.local/lib/python3.8/site-packages/airflow/example_dags/tutorial_taskflow_api.py for tasks to queue
[2024-04-29T17:39:13.949+0000] {logging_mixin.py:188} INFO - [2024-04-29T17:39:13.949+0000] {dagbag.py:540} INFO - Filling up the DagBag from /home/airflow/.local/lib/python3.8/site-packages/airflow/example_dags/tutorial_taskflow_api.py
[2024-04-29T17:39:13.956+0000] {processor.py:840} INFO - DAG(s) 'tutorial_taskflow_api' retrieved from /home/airflow/.local/lib/python3.8/site-packages/airflow/example_dags/tutorial_taskflow_api.py
[2024-04-29T17:39:13.978+0000] {logging_mixin.py:188} INFO - [2024-04-29T17:39:13.978+0000] {dag.py:3047} INFO - Sync 1 DAGs
[2024-04-29T17:39:13.992+0000] {logging_mixin.py:188} INFO - [2024-04-29T17:39:13.992+0000] {dag.py:3834} INFO - Setting next_dagrun for tutorial_taskflow_api to None, run_after=None
[2024-04-29T17:39:14.031+0000] {processor.py:183} INFO - Processing /home/airflow/.local/lib/python3.8/site-packages/airflow/example_dags/tutorial_taskflow_api.py took 0.086 seconds
[2024-04-29T17:39:44.423+0000] {processor.py:161} INFO - Started process (PID=5087) to work on /home/airflow/.local/lib/python3.8/site-packages/airflow/example_dags/tutorial_taskflow_api.py
[2024-04-29T17:39:44.424+0000] {processor.py:830} INFO - Processing file /home/airflow/.local/lib/python3.8/site-packages/airflow/example_dags/tutorial_taskflow_api.py for tasks to queue
[2024-04-29T17:39:44.426+0000] {logging_mixin.py:188} INFO - [2024-04-29T17:39:44.425+0000] {dagbag.py:540} INFO - Filling up the DagBag from /home/airflow/.local/lib/python3.8/site-packages/airflow/example_dags/tutorial_taskflow_api.py
[2024-04-29T17:39:44.434+0000] {processor.py:840} INFO - DAG(s) 'tutorial_taskflow_api' retrieved from /home/airflow/.local/lib/python3.8/site-packages/airflow/example_dags/tutorial_taskflow_api.py
[2024-04-29T17:39:44.462+0000] {logging_mixin.py:188} INFO - [2024-04-29T17:39:44.461+0000] {dag.py:3047} INFO - Sync 1 DAGs
[2024-04-29T17:39:44.506+0000] {logging_mixin.py:188} INFO - [2024-04-29T17:39:44.497+0000] {dag.py:3834} INFO - Setting next_dagrun for tutorial_taskflow_api to None, run_after=None
[2024-04-29T17:39:44.602+0000] {processor.py:183} INFO - Processing /home/airflow/.local/lib/python3.8/site-packages/airflow/example_dags/tutorial_taskflow_api.py took 0.185 seconds
[2024-04-29T17:40:15.289+0000] {processor.py:161} INFO - Started process (PID=5336) to work on /home/airflow/.local/lib/python3.8/site-packages/airflow/example_dags/tutorial_taskflow_api.py
[2024-04-29T17:40:15.290+0000] {processor.py:830} INFO - Processing file /home/airflow/.local/lib/python3.8/site-packages/airflow/example_dags/tutorial_taskflow_api.py for tasks to queue
[2024-04-29T17:40:15.291+0000] {logging_mixin.py:188} INFO - [2024-04-29T17:40:15.291+0000] {dagbag.py:540} INFO - Filling up the DagBag from /home/airflow/.local/lib/python3.8/site-packages/airflow/example_dags/tutorial_taskflow_api.py
[2024-04-29T17:40:15.296+0000] {processor.py:840} INFO - DAG(s) 'tutorial_taskflow_api' retrieved from /home/airflow/.local/lib/python3.8/site-packages/airflow/example_dags/tutorial_taskflow_api.py
[2024-04-29T17:40:15.314+0000] {logging_mixin.py:188} INFO - [2024-04-29T17:40:15.314+0000] {dag.py:3047} INFO - Sync 1 DAGs
[2024-04-29T17:40:15.324+0000] {logging_mixin.py:188} INFO - [2024-04-29T17:40:15.324+0000] {dag.py:3834} INFO - Setting next_dagrun for tutorial_taskflow_api to None, run_after=None
[2024-04-29T17:40:15.344+0000] {processor.py:183} INFO - Processing /home/airflow/.local/lib/python3.8/site-packages/airflow/example_dags/tutorial_taskflow_api.py took 0.058 seconds
[2024-04-29T17:40:45.636+0000] {processor.py:161} INFO - Started process (PID=5583) to work on /home/airflow/.local/lib/python3.8/site-packages/airflow/example_dags/tutorial_taskflow_api.py
[2024-04-29T17:40:45.637+0000] {processor.py:830} INFO - Processing file /home/airflow/.local/lib/python3.8/site-packages/airflow/example_dags/tutorial_taskflow_api.py for tasks to queue
[2024-04-29T17:40:45.637+0000] {logging_mixin.py:188} INFO - [2024-04-29T17:40:45.637+0000] {dagbag.py:540} INFO - Filling up the DagBag from /home/airflow/.local/lib/python3.8/site-packages/airflow/example_dags/tutorial_taskflow_api.py
[2024-04-29T17:40:45.642+0000] {processor.py:840} INFO - DAG(s) 'tutorial_taskflow_api' retrieved from /home/airflow/.local/lib/python3.8/site-packages/airflow/example_dags/tutorial_taskflow_api.py
[2024-04-29T17:40:45.659+0000] {logging_mixin.py:188} INFO - [2024-04-29T17:40:45.658+0000] {dag.py:3047} INFO - Sync 1 DAGs
[2024-04-29T17:40:45.668+0000] {logging_mixin.py:188} INFO - [2024-04-29T17:40:45.668+0000] {dag.py:3834} INFO - Setting next_dagrun for tutorial_taskflow_api to None, run_after=None
[2024-04-29T17:40:45.693+0000] {processor.py:183} INFO - Processing /home/airflow/.local/lib/python3.8/site-packages/airflow/example_dags/tutorial_taskflow_api.py took 0.060 seconds
[2024-04-29T17:41:15.846+0000] {processor.py:161} INFO - Started process (PID=5830) to work on /home/airflow/.local/lib/python3.8/site-packages/airflow/example_dags/tutorial_taskflow_api.py
[2024-04-29T17:41:15.847+0000] {processor.py:830} INFO - Processing file /home/airflow/.local/lib/python3.8/site-packages/airflow/example_dags/tutorial_taskflow_api.py for tasks to queue
[2024-04-29T17:41:15.848+0000] {logging_mixin.py:188} INFO - [2024-04-29T17:41:15.848+0000] {dagbag.py:540} INFO - Filling up the DagBag from /home/airflow/.local/lib/python3.8/site-packages/airflow/example_dags/tutorial_taskflow_api.py
[2024-04-29T17:41:15.855+0000] {processor.py:840} INFO - DAG(s) 'tutorial_taskflow_api' retrieved from /home/airflow/.local/lib/python3.8/site-packages/airflow/example_dags/tutorial_taskflow_api.py
[2024-04-29T17:41:15.879+0000] {logging_mixin.py:188} INFO - [2024-04-29T17:41:15.878+0000] {dag.py:3047} INFO - Sync 1 DAGs
[2024-04-29T17:41:15.894+0000] {logging_mixin.py:188} INFO - [2024-04-29T17:41:15.893+0000] {dag.py:3834} INFO - Setting next_dagrun for tutorial_taskflow_api to None, run_after=None
[2024-04-29T17:41:15.919+0000] {processor.py:183} INFO - Processing /home/airflow/.local/lib/python3.8/site-packages/airflow/example_dags/tutorial_taskflow_api.py took 0.076 seconds
[2024-04-29T17:41:46.106+0000] {processor.py:161} INFO - Started process (PID=6077) to work on /home/airflow/.local/lib/python3.8/site-packages/airflow/example_dags/tutorial_taskflow_api.py
[2024-04-29T17:41:46.106+0000] {processor.py:830} INFO - Processing file /home/airflow/.local/lib/python3.8/site-packages/airflow/example_dags/tutorial_taskflow_api.py for tasks to queue
[2024-04-29T17:41:46.107+0000] {logging_mixin.py:188} INFO - [2024-04-29T17:41:46.107+0000] {dagbag.py:540} INFO - Filling up the DagBag from /home/airflow/.local/lib/python3.8/site-packages/airflow/example_dags/tutorial_taskflow_api.py
[2024-04-29T17:41:46.112+0000] {processor.py:840} INFO - DAG(s) 'tutorial_taskflow_api' retrieved from /home/airflow/.local/lib/python3.8/site-packages/airflow/example_dags/tutorial_taskflow_api.py
[2024-04-29T17:41:46.130+0000] {logging_mixin.py:188} INFO - [2024-04-29T17:41:46.130+0000] {dag.py:3047} INFO - Sync 1 DAGs
[2024-04-29T17:41:46.139+0000] {logging_mixin.py:188} INFO - [2024-04-29T17:41:46.139+0000] {dag.py:3834} INFO - Setting next_dagrun for tutorial_taskflow_api to None, run_after=None
[2024-04-29T17:41:46.160+0000] {processor.py:183} INFO - Processing /home/airflow/.local/lib/python3.8/site-packages/airflow/example_dags/tutorial_taskflow_api.py took 0.057 seconds
[2024-04-29T17:42:16.453+0000] {processor.py:161} INFO - Started process (PID=6324) to work on /home/airflow/.local/lib/python3.8/site-packages/airflow/example_dags/tutorial_taskflow_api.py
[2024-04-29T17:42:16.453+0000] {processor.py:830} INFO - Processing file /home/airflow/.local/lib/python3.8/site-packages/airflow/example_dags/tutorial_taskflow_api.py for tasks to queue
[2024-04-29T17:42:16.454+0000] {logging_mixin.py:188} INFO - [2024-04-29T17:42:16.454+0000] {dagbag.py:540} INFO - Filling up the DagBag from /home/airflow/.local/lib/python3.8/site-packages/airflow/example_dags/tutorial_taskflow_api.py
[2024-04-29T17:42:16.460+0000] {processor.py:840} INFO - DAG(s) 'tutorial_taskflow_api' retrieved from /home/airflow/.local/lib/python3.8/site-packages/airflow/example_dags/tutorial_taskflow_api.py
[2024-04-29T17:42:16.480+0000] {logging_mixin.py:188} INFO - [2024-04-29T17:42:16.480+0000] {dag.py:3047} INFO - Sync 1 DAGs
[2024-04-29T17:42:16.491+0000] {logging_mixin.py:188} INFO - [2024-04-29T17:42:16.491+0000] {dag.py:3834} INFO - Setting next_dagrun for tutorial_taskflow_api to None, run_after=None
[2024-04-29T17:42:16.512+0000] {processor.py:183} INFO - Processing /home/airflow/.local/lib/python3.8/site-packages/airflow/example_dags/tutorial_taskflow_api.py took 0.062 seconds
[2024-04-29T17:42:46.949+0000] {processor.py:161} INFO - Started process (PID=6569) to work on /home/airflow/.local/lib/python3.8/site-packages/airflow/example_dags/tutorial_taskflow_api.py
[2024-04-29T17:42:46.950+0000] {processor.py:830} INFO - Processing file /home/airflow/.local/lib/python3.8/site-packages/airflow/example_dags/tutorial_taskflow_api.py for tasks to queue
[2024-04-29T17:42:46.952+0000] {logging_mixin.py:188} INFO - [2024-04-29T17:42:46.951+0000] {dagbag.py:540} INFO - Filling up the DagBag from /home/airflow/.local/lib/python3.8/site-packages/airflow/example_dags/tutorial_taskflow_api.py
[2024-04-29T17:42:46.959+0000] {processor.py:840} INFO - DAG(s) 'tutorial_taskflow_api' retrieved from /home/airflow/.local/lib/python3.8/site-packages/airflow/example_dags/tutorial_taskflow_api.py
[2024-04-29T17:42:46.981+0000] {logging_mixin.py:188} INFO - [2024-04-29T17:42:46.981+0000] {dag.py:3047} INFO - Sync 1 DAGs
[2024-04-29T17:42:46.997+0000] {logging_mixin.py:188} INFO - [2024-04-29T17:42:46.997+0000] {dag.py:3834} INFO - Setting next_dagrun for tutorial_taskflow_api to None, run_after=None
[2024-04-29T17:42:47.026+0000] {processor.py:183} INFO - Processing /home/airflow/.local/lib/python3.8/site-packages/airflow/example_dags/tutorial_taskflow_api.py took 0.081 seconds
[2024-04-29T17:43:17.090+0000] {processor.py:161} INFO - Started process (PID=6816) to work on /home/airflow/.local/lib/python3.8/site-packages/airflow/example_dags/tutorial_taskflow_api.py
[2024-04-29T17:43:17.091+0000] {processor.py:830} INFO - Processing file /home/airflow/.local/lib/python3.8/site-packages/airflow/example_dags/tutorial_taskflow_api.py for tasks to queue
[2024-04-29T17:43:17.092+0000] {logging_mixin.py:188} INFO - [2024-04-29T17:43:17.091+0000] {dagbag.py:540} INFO - Filling up the DagBag from /home/airflow/.local/lib/python3.8/site-packages/airflow/example_dags/tutorial_taskflow_api.py
[2024-04-29T17:43:17.098+0000] {processor.py:840} INFO - DAG(s) 'tutorial_taskflow_api' retrieved from /home/airflow/.local/lib/python3.8/site-packages/airflow/example_dags/tutorial_taskflow_api.py
[2024-04-29T17:43:17.120+0000] {logging_mixin.py:188} INFO - [2024-04-29T17:43:17.120+0000] {dag.py:3047} INFO - Sync 1 DAGs
[2024-04-29T17:43:17.135+0000] {logging_mixin.py:188} INFO - [2024-04-29T17:43:17.135+0000] {dag.py:3834} INFO - Setting next_dagrun for tutorial_taskflow_api to None, run_after=None
[2024-04-29T17:43:17.163+0000] {processor.py:183} INFO - Processing /home/airflow/.local/lib/python3.8/site-packages/airflow/example_dags/tutorial_taskflow_api.py took 0.077 seconds
[2024-04-29T17:43:47.405+0000] {processor.py:161} INFO - Started process (PID=7063) to work on /home/airflow/.local/lib/python3.8/site-packages/airflow/example_dags/tutorial_taskflow_api.py
[2024-04-29T17:43:47.407+0000] {processor.py:830} INFO - Processing file /home/airflow/.local/lib/python3.8/site-packages/airflow/example_dags/tutorial_taskflow_api.py for tasks to queue
[2024-04-29T17:43:47.408+0000] {logging_mixin.py:188} INFO - [2024-04-29T17:43:47.407+0000] {dagbag.py:540} INFO - Filling up the DagBag from /home/airflow/.local/lib/python3.8/site-packages/airflow/example_dags/tutorial_taskflow_api.py
[2024-04-29T17:43:47.415+0000] {processor.py:840} INFO - DAG(s) 'tutorial_taskflow_api' retrieved from /home/airflow/.local/lib/python3.8/site-packages/airflow/example_dags/tutorial_taskflow_api.py
[2024-04-29T17:43:47.436+0000] {logging_mixin.py:188} INFO - [2024-04-29T17:43:47.436+0000] {dag.py:3047} INFO - Sync 1 DAGs
[2024-04-29T17:43:47.452+0000] {logging_mixin.py:188} INFO - [2024-04-29T17:43:47.452+0000] {dag.py:3834} INFO - Setting next_dagrun for tutorial_taskflow_api to None, run_after=None
[2024-04-29T17:43:47.476+0000] {processor.py:183} INFO - Processing /home/airflow/.local/lib/python3.8/site-packages/airflow/example_dags/tutorial_taskflow_api.py took 0.074 seconds
[2024-04-29T17:44:17.682+0000] {processor.py:161} INFO - Started process (PID=7312) to work on /home/airflow/.local/lib/python3.8/site-packages/airflow/example_dags/tutorial_taskflow_api.py
[2024-04-29T17:44:17.683+0000] {processor.py:830} INFO - Processing file /home/airflow/.local/lib/python3.8/site-packages/airflow/example_dags/tutorial_taskflow_api.py for tasks to queue
[2024-04-29T17:44:17.684+0000] {logging_mixin.py:188} INFO - [2024-04-29T17:44:17.684+0000] {dagbag.py:540} INFO - Filling up the DagBag from /home/airflow/.local/lib/python3.8/site-packages/airflow/example_dags/tutorial_taskflow_api.py
[2024-04-29T17:44:17.689+0000] {processor.py:840} INFO - DAG(s) 'tutorial_taskflow_api' retrieved from /home/airflow/.local/lib/python3.8/site-packages/airflow/example_dags/tutorial_taskflow_api.py
[2024-04-29T17:44:17.706+0000] {logging_mixin.py:188} INFO - [2024-04-29T17:44:17.706+0000] {dag.py:3047} INFO - Sync 1 DAGs
[2024-04-29T17:44:17.716+0000] {logging_mixin.py:188} INFO - [2024-04-29T17:44:17.716+0000] {dag.py:3834} INFO - Setting next_dagrun for tutorial_taskflow_api to None, run_after=None
[2024-04-29T17:44:17.737+0000] {processor.py:183} INFO - Processing /home/airflow/.local/lib/python3.8/site-packages/airflow/example_dags/tutorial_taskflow_api.py took 0.057 seconds
[2024-04-29T17:44:48.045+0000] {processor.py:161} INFO - Started process (PID=7558) to work on /home/airflow/.local/lib/python3.8/site-packages/airflow/example_dags/tutorial_taskflow_api.py
[2024-04-29T17:44:48.046+0000] {processor.py:830} INFO - Processing file /home/airflow/.local/lib/python3.8/site-packages/airflow/example_dags/tutorial_taskflow_api.py for tasks to queue
[2024-04-29T17:44:48.047+0000] {logging_mixin.py:188} INFO - [2024-04-29T17:44:48.047+0000] {dagbag.py:540} INFO - Filling up the DagBag from /home/airflow/.local/lib/python3.8/site-packages/airflow/example_dags/tutorial_taskflow_api.py
[2024-04-29T17:44:48.055+0000] {processor.py:840} INFO - DAG(s) 'tutorial_taskflow_api' retrieved from /home/airflow/.local/lib/python3.8/site-packages/airflow/example_dags/tutorial_taskflow_api.py
[2024-04-29T17:44:48.077+0000] {logging_mixin.py:188} INFO - [2024-04-29T17:44:48.077+0000] {dag.py:3047} INFO - Sync 1 DAGs
[2024-04-29T17:44:48.092+0000] {logging_mixin.py:188} INFO - [2024-04-29T17:44:48.092+0000] {dag.py:3834} INFO - Setting next_dagrun for tutorial_taskflow_api to None, run_after=None
[2024-04-29T17:44:48.121+0000] {processor.py:183} INFO - Processing /home/airflow/.local/lib/python3.8/site-packages/airflow/example_dags/tutorial_taskflow_api.py took 0.079 seconds
[2024-04-29T17:45:18.629+0000] {processor.py:161} INFO - Started process (PID=7805) to work on /home/airflow/.local/lib/python3.8/site-packages/airflow/example_dags/tutorial_taskflow_api.py
[2024-04-29T17:45:18.642+0000] {processor.py:830} INFO - Processing file /home/airflow/.local/lib/python3.8/site-packages/airflow/example_dags/tutorial_taskflow_api.py for tasks to queue
[2024-04-29T17:45:18.643+0000] {logging_mixin.py:188} INFO - [2024-04-29T17:45:18.642+0000] {dagbag.py:540} INFO - Filling up the DagBag from /home/airflow/.local/lib/python3.8/site-packages/airflow/example_dags/tutorial_taskflow_api.py
[2024-04-29T17:45:18.669+0000] {processor.py:840} INFO - DAG(s) 'tutorial_taskflow_api' retrieved from /home/airflow/.local/lib/python3.8/site-packages/airflow/example_dags/tutorial_taskflow_api.py
[2024-04-29T17:45:18.725+0000] {logging_mixin.py:188} INFO - [2024-04-29T17:45:18.725+0000] {dag.py:3047} INFO - Sync 1 DAGs
[2024-04-29T17:45:18.747+0000] {logging_mixin.py:188} INFO - [2024-04-29T17:45:18.747+0000] {dag.py:3834} INFO - Setting next_dagrun for tutorial_taskflow_api to None, run_after=None
[2024-04-29T17:45:18.780+0000] {processor.py:183} INFO - Processing /home/airflow/.local/lib/python3.8/site-packages/airflow/example_dags/tutorial_taskflow_api.py took 0.157 seconds
[2024-04-29T17:45:49.055+0000] {processor.py:161} INFO - Started process (PID=8053) to work on /home/airflow/.local/lib/python3.8/site-packages/airflow/example_dags/tutorial_taskflow_api.py
[2024-04-29T17:45:49.056+0000] {processor.py:830} INFO - Processing file /home/airflow/.local/lib/python3.8/site-packages/airflow/example_dags/tutorial_taskflow_api.py for tasks to queue
[2024-04-29T17:45:49.057+0000] {logging_mixin.py:188} INFO - [2024-04-29T17:45:49.056+0000] {dagbag.py:540} INFO - Filling up the DagBag from /home/airflow/.local/lib/python3.8/site-packages/airflow/example_dags/tutorial_taskflow_api.py
[2024-04-29T17:45:49.064+0000] {processor.py:840} INFO - DAG(s) 'tutorial_taskflow_api' retrieved from /home/airflow/.local/lib/python3.8/site-packages/airflow/example_dags/tutorial_taskflow_api.py
[2024-04-29T17:45:49.087+0000] {logging_mixin.py:188} INFO - [2024-04-29T17:45:49.087+0000] {dag.py:3047} INFO - Sync 1 DAGs
[2024-04-29T17:45:49.103+0000] {logging_mixin.py:188} INFO - [2024-04-29T17:45:49.103+0000] {dag.py:3834} INFO - Setting next_dagrun for tutorial_taskflow_api to None, run_after=None
[2024-04-29T17:45:49.130+0000] {processor.py:183} INFO - Processing /home/airflow/.local/lib/python3.8/site-packages/airflow/example_dags/tutorial_taskflow_api.py took 0.079 seconds
[2024-04-29T17:46:19.296+0000] {processor.py:161} INFO - Started process (PID=8303) to work on /home/airflow/.local/lib/python3.8/site-packages/airflow/example_dags/tutorial_taskflow_api.py
[2024-04-29T17:46:19.299+0000] {processor.py:830} INFO - Processing file /home/airflow/.local/lib/python3.8/site-packages/airflow/example_dags/tutorial_taskflow_api.py for tasks to queue
[2024-04-29T17:46:19.307+0000] {logging_mixin.py:188} INFO - [2024-04-29T17:46:19.306+0000] {dagbag.py:540} INFO - Filling up the DagBag from /home/airflow/.local/lib/python3.8/site-packages/airflow/example_dags/tutorial_taskflow_api.py
[2024-04-29T17:46:19.318+0000] {processor.py:840} INFO - DAG(s) 'tutorial_taskflow_api' retrieved from /home/airflow/.local/lib/python3.8/site-packages/airflow/example_dags/tutorial_taskflow_api.py
[2024-04-29T17:46:19.340+0000] {logging_mixin.py:188} INFO - [2024-04-29T17:46:19.340+0000] {dag.py:3047} INFO - Sync 1 DAGs
[2024-04-29T17:46:19.353+0000] {logging_mixin.py:188} INFO - [2024-04-29T17:46:19.353+0000] {dag.py:3834} INFO - Setting next_dagrun for tutorial_taskflow_api to None, run_after=None
[2024-04-29T17:46:19.380+0000] {processor.py:183} INFO - Processing /home/airflow/.local/lib/python3.8/site-packages/airflow/example_dags/tutorial_taskflow_api.py took 0.088 seconds
[2024-04-29T17:46:49.624+0000] {processor.py:161} INFO - Started process (PID=8550) to work on /home/airflow/.local/lib/python3.8/site-packages/airflow/example_dags/tutorial_taskflow_api.py
[2024-04-29T17:46:49.625+0000] {processor.py:830} INFO - Processing file /home/airflow/.local/lib/python3.8/site-packages/airflow/example_dags/tutorial_taskflow_api.py for tasks to queue
[2024-04-29T17:46:49.625+0000] {logging_mixin.py:188} INFO - [2024-04-29T17:46:49.625+0000] {dagbag.py:540} INFO - Filling up the DagBag from /home/airflow/.local/lib/python3.8/site-packages/airflow/example_dags/tutorial_taskflow_api.py
[2024-04-29T17:46:49.632+0000] {processor.py:840} INFO - DAG(s) 'tutorial_taskflow_api' retrieved from /home/airflow/.local/lib/python3.8/site-packages/airflow/example_dags/tutorial_taskflow_api.py
[2024-04-29T17:46:49.654+0000] {logging_mixin.py:188} INFO - [2024-04-29T17:46:49.653+0000] {dag.py:3047} INFO - Sync 1 DAGs
[2024-04-29T17:46:49.668+0000] {logging_mixin.py:188} INFO - [2024-04-29T17:46:49.668+0000] {dag.py:3834} INFO - Setting next_dagrun for tutorial_taskflow_api to None, run_after=None
[2024-04-29T17:46:49.693+0000] {processor.py:183} INFO - Processing /home/airflow/.local/lib/python3.8/site-packages/airflow/example_dags/tutorial_taskflow_api.py took 0.073 seconds
[2024-04-29T17:47:20.201+0000] {processor.py:161} INFO - Started process (PID=8796) to work on /home/airflow/.local/lib/python3.8/site-packages/airflow/example_dags/tutorial_taskflow_api.py
[2024-04-29T17:47:20.202+0000] {processor.py:830} INFO - Processing file /home/airflow/.local/lib/python3.8/site-packages/airflow/example_dags/tutorial_taskflow_api.py for tasks to queue
[2024-04-29T17:47:20.203+0000] {logging_mixin.py:188} INFO - [2024-04-29T17:47:20.202+0000] {dagbag.py:540} INFO - Filling up the DagBag from /home/airflow/.local/lib/python3.8/site-packages/airflow/example_dags/tutorial_taskflow_api.py
[2024-04-29T17:47:20.210+0000] {processor.py:840} INFO - DAG(s) 'tutorial_taskflow_api' retrieved from /home/airflow/.local/lib/python3.8/site-packages/airflow/example_dags/tutorial_taskflow_api.py
[2024-04-29T17:47:20.231+0000] {logging_mixin.py:188} INFO - [2024-04-29T17:47:20.230+0000] {dag.py:3047} INFO - Sync 1 DAGs
[2024-04-29T17:47:20.246+0000] {logging_mixin.py:188} INFO - [2024-04-29T17:47:20.246+0000] {dag.py:3834} INFO - Setting next_dagrun for tutorial_taskflow_api to None, run_after=None
[2024-04-29T17:47:20.272+0000] {processor.py:183} INFO - Processing /home/airflow/.local/lib/python3.8/site-packages/airflow/example_dags/tutorial_taskflow_api.py took 0.075 seconds
[2024-04-29T17:47:50.573+0000] {processor.py:161} INFO - Started process (PID=9046) to work on /home/airflow/.local/lib/python3.8/site-packages/airflow/example_dags/tutorial_taskflow_api.py
[2024-04-29T17:47:50.573+0000] {processor.py:830} INFO - Processing file /home/airflow/.local/lib/python3.8/site-packages/airflow/example_dags/tutorial_taskflow_api.py for tasks to queue
[2024-04-29T17:47:50.574+0000] {logging_mixin.py:188} INFO - [2024-04-29T17:47:50.574+0000] {dagbag.py:540} INFO - Filling up the DagBag from /home/airflow/.local/lib/python3.8/site-packages/airflow/example_dags/tutorial_taskflow_api.py
[2024-04-29T17:47:50.579+0000] {processor.py:840} INFO - DAG(s) 'tutorial_taskflow_api' retrieved from /home/airflow/.local/lib/python3.8/site-packages/airflow/example_dags/tutorial_taskflow_api.py
[2024-04-29T17:47:50.595+0000] {logging_mixin.py:188} INFO - [2024-04-29T17:47:50.595+0000] {dag.py:3047} INFO - Sync 1 DAGs
[2024-04-29T17:47:50.606+0000] {logging_mixin.py:188} INFO - [2024-04-29T17:47:50.606+0000] {dag.py:3834} INFO - Setting next_dagrun for tutorial_taskflow_api to None, run_after=None
[2024-04-29T17:47:50.626+0000] {processor.py:183} INFO - Processing /home/airflow/.local/lib/python3.8/site-packages/airflow/example_dags/tutorial_taskflow_api.py took 0.056 seconds
[2024-04-29T17:48:20.984+0000] {processor.py:161} INFO - Started process (PID=9292) to work on /home/airflow/.local/lib/python3.8/site-packages/airflow/example_dags/tutorial_taskflow_api.py
[2024-04-29T17:48:20.985+0000] {processor.py:830} INFO - Processing file /home/airflow/.local/lib/python3.8/site-packages/airflow/example_dags/tutorial_taskflow_api.py for tasks to queue
[2024-04-29T17:48:20.986+0000] {logging_mixin.py:188} INFO - [2024-04-29T17:48:20.986+0000] {dagbag.py:540} INFO - Filling up the DagBag from /home/airflow/.local/lib/python3.8/site-packages/airflow/example_dags/tutorial_taskflow_api.py
[2024-04-29T17:48:20.994+0000] {processor.py:840} INFO - DAG(s) 'tutorial_taskflow_api' retrieved from /home/airflow/.local/lib/python3.8/site-packages/airflow/example_dags/tutorial_taskflow_api.py
[2024-04-29T17:48:21.031+0000] {logging_mixin.py:188} INFO - [2024-04-29T17:48:21.031+0000] {dag.py:3047} INFO - Sync 1 DAGs
[2024-04-29T17:48:21.088+0000] {logging_mixin.py:188} INFO - [2024-04-29T17:48:21.083+0000] {dag.py:3834} INFO - Setting next_dagrun for tutorial_taskflow_api to None, run_after=None
[2024-04-29T17:48:21.145+0000] {processor.py:183} INFO - Processing /home/airflow/.local/lib/python3.8/site-packages/airflow/example_dags/tutorial_taskflow_api.py took 0.164 seconds
[2024-04-29T17:48:51.332+0000] {processor.py:161} INFO - Started process (PID=9539) to work on /home/airflow/.local/lib/python3.8/site-packages/airflow/example_dags/tutorial_taskflow_api.py
[2024-04-29T17:48:51.333+0000] {processor.py:830} INFO - Processing file /home/airflow/.local/lib/python3.8/site-packages/airflow/example_dags/tutorial_taskflow_api.py for tasks to queue
[2024-04-29T17:48:51.334+0000] {logging_mixin.py:188} INFO - [2024-04-29T17:48:51.334+0000] {dagbag.py:540} INFO - Filling up the DagBag from /home/airflow/.local/lib/python3.8/site-packages/airflow/example_dags/tutorial_taskflow_api.py
[2024-04-29T17:48:51.341+0000] {processor.py:840} INFO - DAG(s) 'tutorial_taskflow_api' retrieved from /home/airflow/.local/lib/python3.8/site-packages/airflow/example_dags/tutorial_taskflow_api.py
[2024-04-29T17:48:51.363+0000] {logging_mixin.py:188} INFO - [2024-04-29T17:48:51.363+0000] {dag.py:3047} INFO - Sync 1 DAGs
[2024-04-29T17:48:51.378+0000] {logging_mixin.py:188} INFO - [2024-04-29T17:48:51.378+0000] {dag.py:3834} INFO - Setting next_dagrun for tutorial_taskflow_api to None, run_after=None
[2024-04-29T17:48:51.405+0000] {processor.py:183} INFO - Processing /home/airflow/.local/lib/python3.8/site-packages/airflow/example_dags/tutorial_taskflow_api.py took 0.077 seconds
[2024-04-29T17:49:21.623+0000] {processor.py:161} INFO - Started process (PID=9789) to work on /home/airflow/.local/lib/python3.8/site-packages/airflow/example_dags/tutorial_taskflow_api.py
[2024-04-29T17:49:21.624+0000] {processor.py:830} INFO - Processing file /home/airflow/.local/lib/python3.8/site-packages/airflow/example_dags/tutorial_taskflow_api.py for tasks to queue
[2024-04-29T17:49:21.625+0000] {logging_mixin.py:188} INFO - [2024-04-29T17:49:21.625+0000] {dagbag.py:540} INFO - Filling up the DagBag from /home/airflow/.local/lib/python3.8/site-packages/airflow/example_dags/tutorial_taskflow_api.py
[2024-04-29T17:49:21.632+0000] {processor.py:840} INFO - DAG(s) 'tutorial_taskflow_api' retrieved from /home/airflow/.local/lib/python3.8/site-packages/airflow/example_dags/tutorial_taskflow_api.py
[2024-04-29T17:49:21.655+0000] {logging_mixin.py:188} INFO - [2024-04-29T17:49:21.655+0000] {dag.py:3047} INFO - Sync 1 DAGs
[2024-04-29T17:49:21.670+0000] {logging_mixin.py:188} INFO - [2024-04-29T17:49:21.670+0000] {dag.py:3834} INFO - Setting next_dagrun for tutorial_taskflow_api to None, run_after=None
[2024-04-29T17:49:21.696+0000] {processor.py:183} INFO - Processing /home/airflow/.local/lib/python3.8/site-packages/airflow/example_dags/tutorial_taskflow_api.py took 0.076 seconds
[2024-04-29T17:49:51.833+0000] {processor.py:161} INFO - Started process (PID=10035) to work on /home/airflow/.local/lib/python3.8/site-packages/airflow/example_dags/tutorial_taskflow_api.py
[2024-04-29T17:49:51.834+0000] {processor.py:830} INFO - Processing file /home/airflow/.local/lib/python3.8/site-packages/airflow/example_dags/tutorial_taskflow_api.py for tasks to queue
[2024-04-29T17:49:51.835+0000] {logging_mixin.py:188} INFO - [2024-04-29T17:49:51.835+0000] {dagbag.py:540} INFO - Filling up the DagBag from /home/airflow/.local/lib/python3.8/site-packages/airflow/example_dags/tutorial_taskflow_api.py
[2024-04-29T17:49:51.842+0000] {processor.py:840} INFO - DAG(s) 'tutorial_taskflow_api' retrieved from /home/airflow/.local/lib/python3.8/site-packages/airflow/example_dags/tutorial_taskflow_api.py
[2024-04-29T17:49:51.863+0000] {logging_mixin.py:188} INFO - [2024-04-29T17:49:51.863+0000] {dag.py:3047} INFO - Sync 1 DAGs
[2024-04-29T17:49:51.878+0000] {logging_mixin.py:188} INFO - [2024-04-29T17:49:51.878+0000] {dag.py:3834} INFO - Setting next_dagrun for tutorial_taskflow_api to None, run_after=None
[2024-04-29T17:49:51.903+0000] {processor.py:183} INFO - Processing /home/airflow/.local/lib/python3.8/site-packages/airflow/example_dags/tutorial_taskflow_api.py took 0.073 seconds
[2024-04-29T17:50:22.107+0000] {processor.py:161} INFO - Started process (PID=10319) to work on /home/airflow/.local/lib/python3.8/site-packages/airflow/example_dags/tutorial_taskflow_api.py
[2024-04-29T17:50:22.108+0000] {processor.py:830} INFO - Processing file /home/airflow/.local/lib/python3.8/site-packages/airflow/example_dags/tutorial_taskflow_api.py for tasks to queue
[2024-04-29T17:50:22.110+0000] {logging_mixin.py:188} INFO - [2024-04-29T17:50:22.109+0000] {dagbag.py:540} INFO - Filling up the DagBag from /home/airflow/.local/lib/python3.8/site-packages/airflow/example_dags/tutorial_taskflow_api.py
[2024-04-29T17:50:22.120+0000] {processor.py:840} INFO - DAG(s) 'tutorial_taskflow_api' retrieved from /home/airflow/.local/lib/python3.8/site-packages/airflow/example_dags/tutorial_taskflow_api.py
[2024-04-29T17:50:22.145+0000] {logging_mixin.py:188} INFO - [2024-04-29T17:50:22.145+0000] {dag.py:3047} INFO - Sync 1 DAGs
[2024-04-29T17:50:22.165+0000] {logging_mixin.py:188} INFO - [2024-04-29T17:50:22.164+0000] {dag.py:3834} INFO - Setting next_dagrun for tutorial_taskflow_api to None, run_after=None
[2024-04-29T17:50:22.191+0000] {processor.py:183} INFO - Processing /home/airflow/.local/lib/python3.8/site-packages/airflow/example_dags/tutorial_taskflow_api.py took 0.088 seconds
[2024-04-29T17:50:53.042+0000] {processor.py:161} INFO - Started process (PID=10601) to work on /home/airflow/.local/lib/python3.8/site-packages/airflow/example_dags/tutorial_taskflow_api.py
[2024-04-29T17:50:53.042+0000] {processor.py:830} INFO - Processing file /home/airflow/.local/lib/python3.8/site-packages/airflow/example_dags/tutorial_taskflow_api.py for tasks to queue
[2024-04-29T17:50:53.043+0000] {logging_mixin.py:188} INFO - [2024-04-29T17:50:53.043+0000] {dagbag.py:540} INFO - Filling up the DagBag from /home/airflow/.local/lib/python3.8/site-packages/airflow/example_dags/tutorial_taskflow_api.py
[2024-04-29T17:50:53.050+0000] {processor.py:840} INFO - DAG(s) 'tutorial_taskflow_api' retrieved from /home/airflow/.local/lib/python3.8/site-packages/airflow/example_dags/tutorial_taskflow_api.py
[2024-04-29T17:50:53.074+0000] {logging_mixin.py:188} INFO - [2024-04-29T17:50:53.074+0000] {dag.py:3047} INFO - Sync 1 DAGs
[2024-04-29T17:50:53.091+0000] {logging_mixin.py:188} INFO - [2024-04-29T17:50:53.091+0000] {dag.py:3834} INFO - Setting next_dagrun for tutorial_taskflow_api to None, run_after=None
[2024-04-29T17:50:53.124+0000] {processor.py:183} INFO - Processing /home/airflow/.local/lib/python3.8/site-packages/airflow/example_dags/tutorial_taskflow_api.py took 0.086 seconds
[2024-04-29T17:51:23.898+0000] {processor.py:161} INFO - Started process (PID=10877) to work on /home/airflow/.local/lib/python3.8/site-packages/airflow/example_dags/tutorial_taskflow_api.py
[2024-04-29T17:51:23.900+0000] {processor.py:830} INFO - Processing file /home/airflow/.local/lib/python3.8/site-packages/airflow/example_dags/tutorial_taskflow_api.py for tasks to queue
[2024-04-29T17:51:23.901+0000] {logging_mixin.py:188} INFO - [2024-04-29T17:51:23.900+0000] {dagbag.py:540} INFO - Filling up the DagBag from /home/airflow/.local/lib/python3.8/site-packages/airflow/example_dags/tutorial_taskflow_api.py
[2024-04-29T17:51:23.908+0000] {processor.py:840} INFO - DAG(s) 'tutorial_taskflow_api' retrieved from /home/airflow/.local/lib/python3.8/site-packages/airflow/example_dags/tutorial_taskflow_api.py
[2024-04-29T17:51:23.933+0000] {logging_mixin.py:188} INFO - [2024-04-29T17:51:23.932+0000] {dag.py:3047} INFO - Sync 1 DAGs
[2024-04-29T17:51:23.948+0000] {logging_mixin.py:188} INFO - [2024-04-29T17:51:23.948+0000] {dag.py:3834} INFO - Setting next_dagrun for tutorial_taskflow_api to None, run_after=None
[2024-04-29T17:51:23.974+0000] {processor.py:183} INFO - Processing /home/airflow/.local/lib/python3.8/site-packages/airflow/example_dags/tutorial_taskflow_api.py took 0.080 seconds
[2024-04-29T17:51:54.697+0000] {processor.py:161} INFO - Started process (PID=11155) to work on /home/airflow/.local/lib/python3.8/site-packages/airflow/example_dags/tutorial_taskflow_api.py
[2024-04-29T17:51:54.699+0000] {processor.py:830} INFO - Processing file /home/airflow/.local/lib/python3.8/site-packages/airflow/example_dags/tutorial_taskflow_api.py for tasks to queue
[2024-04-29T17:51:54.700+0000] {logging_mixin.py:188} INFO - [2024-04-29T17:51:54.699+0000] {dagbag.py:540} INFO - Filling up the DagBag from /home/airflow/.local/lib/python3.8/site-packages/airflow/example_dags/tutorial_taskflow_api.py
[2024-04-29T17:51:54.707+0000] {processor.py:840} INFO - DAG(s) 'tutorial_taskflow_api' retrieved from /home/airflow/.local/lib/python3.8/site-packages/airflow/example_dags/tutorial_taskflow_api.py
[2024-04-29T17:51:54.731+0000] {logging_mixin.py:188} INFO - [2024-04-29T17:51:54.731+0000] {dag.py:3047} INFO - Sync 1 DAGs
[2024-04-29T17:51:54.746+0000] {logging_mixin.py:188} INFO - [2024-04-29T17:51:54.745+0000] {dag.py:3834} INFO - Setting next_dagrun for tutorial_taskflow_api to None, run_after=None
[2024-04-29T17:51:54.771+0000] {processor.py:183} INFO - Processing /home/airflow/.local/lib/python3.8/site-packages/airflow/example_dags/tutorial_taskflow_api.py took 0.076 seconds
[2024-04-29T17:52:25.366+0000] {processor.py:161} INFO - Started process (PID=11431) to work on /home/airflow/.local/lib/python3.8/site-packages/airflow/example_dags/tutorial_taskflow_api.py
[2024-04-29T17:52:25.367+0000] {processor.py:830} INFO - Processing file /home/airflow/.local/lib/python3.8/site-packages/airflow/example_dags/tutorial_taskflow_api.py for tasks to queue
[2024-04-29T17:52:25.368+0000] {logging_mixin.py:188} INFO - [2024-04-29T17:52:25.368+0000] {dagbag.py:540} INFO - Filling up the DagBag from /home/airflow/.local/lib/python3.8/site-packages/airflow/example_dags/tutorial_taskflow_api.py
[2024-04-29T17:52:25.376+0000] {processor.py:840} INFO - DAG(s) 'tutorial_taskflow_api' retrieved from /home/airflow/.local/lib/python3.8/site-packages/airflow/example_dags/tutorial_taskflow_api.py
[2024-04-29T17:52:25.397+0000] {logging_mixin.py:188} INFO - [2024-04-29T17:52:25.397+0000] {dag.py:3047} INFO - Sync 1 DAGs
[2024-04-29T17:52:25.416+0000] {logging_mixin.py:188} INFO - [2024-04-29T17:52:25.416+0000] {dag.py:3834} INFO - Setting next_dagrun for tutorial_taskflow_api to None, run_after=None
[2024-04-29T17:52:25.444+0000] {processor.py:183} INFO - Processing /home/airflow/.local/lib/python3.8/site-packages/airflow/example_dags/tutorial_taskflow_api.py took 0.091 seconds
[2024-04-29T17:52:55.533+0000] {processor.py:161} INFO - Started process (PID=11709) to work on /home/airflow/.local/lib/python3.8/site-packages/airflow/example_dags/tutorial_taskflow_api.py
[2024-04-29T17:52:55.534+0000] {processor.py:830} INFO - Processing file /home/airflow/.local/lib/python3.8/site-packages/airflow/example_dags/tutorial_taskflow_api.py for tasks to queue
[2024-04-29T17:52:55.535+0000] {logging_mixin.py:188} INFO - [2024-04-29T17:52:55.535+0000] {dagbag.py:540} INFO - Filling up the DagBag from /home/airflow/.local/lib/python3.8/site-packages/airflow/example_dags/tutorial_taskflow_api.py
[2024-04-29T17:52:55.542+0000] {processor.py:840} INFO - DAG(s) 'tutorial_taskflow_api' retrieved from /home/airflow/.local/lib/python3.8/site-packages/airflow/example_dags/tutorial_taskflow_api.py
[2024-04-29T17:52:55.568+0000] {logging_mixin.py:188} INFO - [2024-04-29T17:52:55.568+0000] {dag.py:3047} INFO - Sync 1 DAGs
[2024-04-29T17:52:55.583+0000] {logging_mixin.py:188} INFO - [2024-04-29T17:52:55.583+0000] {dag.py:3834} INFO - Setting next_dagrun for tutorial_taskflow_api to None, run_after=None
[2024-04-29T17:52:55.608+0000] {processor.py:183} INFO - Processing /home/airflow/.local/lib/python3.8/site-packages/airflow/example_dags/tutorial_taskflow_api.py took 0.078 seconds
[2024-04-29T17:53:26.050+0000] {processor.py:161} INFO - Started process (PID=11974) to work on /home/airflow/.local/lib/python3.8/site-packages/airflow/example_dags/tutorial_taskflow_api.py
[2024-04-29T17:53:26.052+0000] {processor.py:830} INFO - Processing file /home/airflow/.local/lib/python3.8/site-packages/airflow/example_dags/tutorial_taskflow_api.py for tasks to queue
[2024-04-29T17:53:26.053+0000] {logging_mixin.py:188} INFO - [2024-04-29T17:53:26.053+0000] {dagbag.py:540} INFO - Filling up the DagBag from /home/airflow/.local/lib/python3.8/site-packages/airflow/example_dags/tutorial_taskflow_api.py
[2024-04-29T17:53:26.060+0000] {processor.py:840} INFO - DAG(s) 'tutorial_taskflow_api' retrieved from /home/airflow/.local/lib/python3.8/site-packages/airflow/example_dags/tutorial_taskflow_api.py
[2024-04-29T17:53:26.082+0000] {logging_mixin.py:188} INFO - [2024-04-29T17:53:26.081+0000] {dag.py:3047} INFO - Sync 1 DAGs
[2024-04-29T17:53:26.105+0000] {logging_mixin.py:188} INFO - [2024-04-29T17:53:26.104+0000] {dag.py:3834} INFO - Setting next_dagrun for tutorial_taskflow_api to None, run_after=None
[2024-04-29T17:53:26.148+0000] {processor.py:183} INFO - Processing /home/airflow/.local/lib/python3.8/site-packages/airflow/example_dags/tutorial_taskflow_api.py took 0.101 seconds
[2024-04-29T17:53:56.876+0000] {processor.py:161} INFO - Started process (PID=12236) to work on /home/airflow/.local/lib/python3.8/site-packages/airflow/example_dags/tutorial_taskflow_api.py
[2024-04-29T17:53:56.877+0000] {processor.py:830} INFO - Processing file /home/airflow/.local/lib/python3.8/site-packages/airflow/example_dags/tutorial_taskflow_api.py for tasks to queue
[2024-04-29T17:53:56.878+0000] {logging_mixin.py:188} INFO - [2024-04-29T17:53:56.877+0000] {dagbag.py:540} INFO - Filling up the DagBag from /home/airflow/.local/lib/python3.8/site-packages/airflow/example_dags/tutorial_taskflow_api.py
[2024-04-29T17:53:56.885+0000] {processor.py:840} INFO - DAG(s) 'tutorial_taskflow_api' retrieved from /home/airflow/.local/lib/python3.8/site-packages/airflow/example_dags/tutorial_taskflow_api.py
[2024-04-29T17:53:56.908+0000] {logging_mixin.py:188} INFO - [2024-04-29T17:53:56.908+0000] {dag.py:3047} INFO - Sync 1 DAGs
[2024-04-29T17:53:56.923+0000] {logging_mixin.py:188} INFO - [2024-04-29T17:53:56.923+0000] {dag.py:3834} INFO - Setting next_dagrun for tutorial_taskflow_api to None, run_after=None
[2024-04-29T17:53:56.947+0000] {processor.py:183} INFO - Processing /home/airflow/.local/lib/python3.8/site-packages/airflow/example_dags/tutorial_taskflow_api.py took 0.074 seconds
[2024-04-29T17:54:27.557+0000] {processor.py:161} INFO - Started process (PID=12515) to work on /home/airflow/.local/lib/python3.8/site-packages/airflow/example_dags/tutorial_taskflow_api.py
[2024-04-29T17:54:27.558+0000] {processor.py:830} INFO - Processing file /home/airflow/.local/lib/python3.8/site-packages/airflow/example_dags/tutorial_taskflow_api.py for tasks to queue
[2024-04-29T17:54:27.558+0000] {logging_mixin.py:188} INFO - [2024-04-29T17:54:27.558+0000] {dagbag.py:540} INFO - Filling up the DagBag from /home/airflow/.local/lib/python3.8/site-packages/airflow/example_dags/tutorial_taskflow_api.py
[2024-04-29T17:54:27.563+0000] {processor.py:840} INFO - DAG(s) 'tutorial_taskflow_api' retrieved from /home/airflow/.local/lib/python3.8/site-packages/airflow/example_dags/tutorial_taskflow_api.py
[2024-04-29T17:54:27.579+0000] {logging_mixin.py:188} INFO - [2024-04-29T17:54:27.579+0000] {dag.py:3047} INFO - Sync 1 DAGs
[2024-04-29T17:54:27.589+0000] {logging_mixin.py:188} INFO - [2024-04-29T17:54:27.589+0000] {dag.py:3834} INFO - Setting next_dagrun for tutorial_taskflow_api to None, run_after=None
[2024-04-29T17:54:27.617+0000] {processor.py:183} INFO - Processing /home/airflow/.local/lib/python3.8/site-packages/airflow/example_dags/tutorial_taskflow_api.py took 0.063 seconds
[2024-04-29T17:54:58.221+0000] {processor.py:161} INFO - Started process (PID=12767) to work on /home/airflow/.local/lib/python3.8/site-packages/airflow/example_dags/tutorial_taskflow_api.py
[2024-04-29T17:54:58.222+0000] {processor.py:830} INFO - Processing file /home/airflow/.local/lib/python3.8/site-packages/airflow/example_dags/tutorial_taskflow_api.py for tasks to queue
[2024-04-29T17:54:58.223+0000] {logging_mixin.py:188} INFO - [2024-04-29T17:54:58.223+0000] {dagbag.py:540} INFO - Filling up the DagBag from /home/airflow/.local/lib/python3.8/site-packages/airflow/example_dags/tutorial_taskflow_api.py
[2024-04-29T17:54:58.228+0000] {processor.py:840} INFO - DAG(s) 'tutorial_taskflow_api' retrieved from /home/airflow/.local/lib/python3.8/site-packages/airflow/example_dags/tutorial_taskflow_api.py
[2024-04-29T17:54:58.244+0000] {logging_mixin.py:188} INFO - [2024-04-29T17:54:58.244+0000] {dag.py:3047} INFO - Sync 1 DAGs
[2024-04-29T17:54:58.254+0000] {logging_mixin.py:188} INFO - [2024-04-29T17:54:58.254+0000] {dag.py:3834} INFO - Setting next_dagrun for tutorial_taskflow_api to None, run_after=None
[2024-04-29T17:54:58.275+0000] {processor.py:183} INFO - Processing /home/airflow/.local/lib/python3.8/site-packages/airflow/example_dags/tutorial_taskflow_api.py took 0.056 seconds
[2024-04-29T17:55:28.880+0000] {processor.py:161} INFO - Started process (PID=13024) to work on /home/airflow/.local/lib/python3.8/site-packages/airflow/example_dags/tutorial_taskflow_api.py
[2024-04-29T17:55:28.881+0000] {processor.py:830} INFO - Processing file /home/airflow/.local/lib/python3.8/site-packages/airflow/example_dags/tutorial_taskflow_api.py for tasks to queue
[2024-04-29T17:55:28.882+0000] {logging_mixin.py:188} INFO - [2024-04-29T17:55:28.881+0000] {dagbag.py:540} INFO - Filling up the DagBag from /home/airflow/.local/lib/python3.8/site-packages/airflow/example_dags/tutorial_taskflow_api.py
[2024-04-29T17:55:28.888+0000] {processor.py:840} INFO - DAG(s) 'tutorial_taskflow_api' retrieved from /home/airflow/.local/lib/python3.8/site-packages/airflow/example_dags/tutorial_taskflow_api.py
[2024-04-29T17:55:28.912+0000] {logging_mixin.py:188} INFO - [2024-04-29T17:55:28.912+0000] {dag.py:3047} INFO - Sync 1 DAGs
[2024-04-29T17:55:28.928+0000] {logging_mixin.py:188} INFO - [2024-04-29T17:55:28.927+0000] {dag.py:3834} INFO - Setting next_dagrun for tutorial_taskflow_api to None, run_after=None
[2024-04-29T17:55:28.952+0000] {processor.py:183} INFO - Processing /home/airflow/.local/lib/python3.8/site-packages/airflow/example_dags/tutorial_taskflow_api.py took 0.075 seconds
[2024-04-29T17:55:59.154+0000] {processor.py:161} INFO - Started process (PID=13286) to work on /home/airflow/.local/lib/python3.8/site-packages/airflow/example_dags/tutorial_taskflow_api.py
[2024-04-29T17:55:59.155+0000] {processor.py:830} INFO - Processing file /home/airflow/.local/lib/python3.8/site-packages/airflow/example_dags/tutorial_taskflow_api.py for tasks to queue
[2024-04-29T17:55:59.156+0000] {logging_mixin.py:188} INFO - [2024-04-29T17:55:59.155+0000] {dagbag.py:540} INFO - Filling up the DagBag from /home/airflow/.local/lib/python3.8/site-packages/airflow/example_dags/tutorial_taskflow_api.py
[2024-04-29T17:55:59.162+0000] {processor.py:840} INFO - DAG(s) 'tutorial_taskflow_api' retrieved from /home/airflow/.local/lib/python3.8/site-packages/airflow/example_dags/tutorial_taskflow_api.py
[2024-04-29T17:55:59.184+0000] {logging_mixin.py:188} INFO - [2024-04-29T17:55:59.184+0000] {dag.py:3047} INFO - Sync 1 DAGs
[2024-04-29T17:55:59.198+0000] {logging_mixin.py:188} INFO - [2024-04-29T17:55:59.198+0000] {dag.py:3834} INFO - Setting next_dagrun for tutorial_taskflow_api to None, run_after=None
[2024-04-29T17:55:59.226+0000] {processor.py:183} INFO - Processing /home/airflow/.local/lib/python3.8/site-packages/airflow/example_dags/tutorial_taskflow_api.py took 0.075 seconds
[2024-04-29T17:56:29.585+0000] {processor.py:161} INFO - Started process (PID=13541) to work on /home/airflow/.local/lib/python3.8/site-packages/airflow/example_dags/tutorial_taskflow_api.py
[2024-04-29T17:56:29.586+0000] {processor.py:830} INFO - Processing file /home/airflow/.local/lib/python3.8/site-packages/airflow/example_dags/tutorial_taskflow_api.py for tasks to queue
[2024-04-29T17:56:29.587+0000] {logging_mixin.py:188} INFO - [2024-04-29T17:56:29.586+0000] {dagbag.py:540} INFO - Filling up the DagBag from /home/airflow/.local/lib/python3.8/site-packages/airflow/example_dags/tutorial_taskflow_api.py
[2024-04-29T17:56:29.594+0000] {processor.py:840} INFO - DAG(s) 'tutorial_taskflow_api' retrieved from /home/airflow/.local/lib/python3.8/site-packages/airflow/example_dags/tutorial_taskflow_api.py
[2024-04-29T17:56:29.616+0000] {logging_mixin.py:188} INFO - [2024-04-29T17:56:29.616+0000] {dag.py:3047} INFO - Sync 1 DAGs
[2024-04-29T17:56:29.631+0000] {logging_mixin.py:188} INFO - [2024-04-29T17:56:29.630+0000] {dag.py:3834} INFO - Setting next_dagrun for tutorial_taskflow_api to None, run_after=None
[2024-04-29T17:56:29.654+0000] {processor.py:183} INFO - Processing /home/airflow/.local/lib/python3.8/site-packages/airflow/example_dags/tutorial_taskflow_api.py took 0.074 seconds
[2024-04-29T17:56:59.943+0000] {processor.py:161} INFO - Started process (PID=13816) to work on /home/airflow/.local/lib/python3.8/site-packages/airflow/example_dags/tutorial_taskflow_api.py
[2024-04-29T17:56:59.944+0000] {processor.py:830} INFO - Processing file /home/airflow/.local/lib/python3.8/site-packages/airflow/example_dags/tutorial_taskflow_api.py for tasks to queue
[2024-04-29T17:56:59.946+0000] {logging_mixin.py:188} INFO - [2024-04-29T17:56:59.945+0000] {dagbag.py:540} INFO - Filling up the DagBag from /home/airflow/.local/lib/python3.8/site-packages/airflow/example_dags/tutorial_taskflow_api.py
[2024-04-29T17:56:59.952+0000] {processor.py:840} INFO - DAG(s) 'tutorial_taskflow_api' retrieved from /home/airflow/.local/lib/python3.8/site-packages/airflow/example_dags/tutorial_taskflow_api.py
[2024-04-29T17:56:59.979+0000] {logging_mixin.py:188} INFO - [2024-04-29T17:56:59.979+0000] {dag.py:3047} INFO - Sync 1 DAGs
[2024-04-29T17:56:59.993+0000] {logging_mixin.py:188} INFO - [2024-04-29T17:56:59.993+0000] {dag.py:3834} INFO - Setting next_dagrun for tutorial_taskflow_api to None, run_after=None
[2024-04-29T17:57:00.035+0000] {processor.py:183} INFO - Processing /home/airflow/.local/lib/python3.8/site-packages/airflow/example_dags/tutorial_taskflow_api.py took 0.096 seconds
[2024-04-29T17:57:30.336+0000] {processor.py:161} INFO - Started process (PID=14078) to work on /home/airflow/.local/lib/python3.8/site-packages/airflow/example_dags/tutorial_taskflow_api.py
[2024-04-29T17:57:30.340+0000] {processor.py:830} INFO - Processing file /home/airflow/.local/lib/python3.8/site-packages/airflow/example_dags/tutorial_taskflow_api.py for tasks to queue
[2024-04-29T17:57:30.342+0000] {logging_mixin.py:188} INFO - [2024-04-29T17:57:30.341+0000] {dagbag.py:540} INFO - Filling up the DagBag from /home/airflow/.local/lib/python3.8/site-packages/airflow/example_dags/tutorial_taskflow_api.py
[2024-04-29T17:57:30.349+0000] {processor.py:840} INFO - DAG(s) 'tutorial_taskflow_api' retrieved from /home/airflow/.local/lib/python3.8/site-packages/airflow/example_dags/tutorial_taskflow_api.py
[2024-04-29T17:57:30.390+0000] {logging_mixin.py:188} INFO - [2024-04-29T17:57:30.390+0000] {dag.py:3047} INFO - Sync 1 DAGs
[2024-04-29T17:57:30.416+0000] {logging_mixin.py:188} INFO - [2024-04-29T17:57:30.416+0000] {dag.py:3834} INFO - Setting next_dagrun for tutorial_taskflow_api to None, run_after=None
[2024-04-29T17:57:30.448+0000] {processor.py:183} INFO - Processing /home/airflow/.local/lib/python3.8/site-packages/airflow/example_dags/tutorial_taskflow_api.py took 0.117 seconds
[2024-04-29T17:58:00.915+0000] {processor.py:161} INFO - Started process (PID=14335) to work on /home/airflow/.local/lib/python3.8/site-packages/airflow/example_dags/tutorial_taskflow_api.py
[2024-04-29T17:58:00.917+0000] {processor.py:830} INFO - Processing file /home/airflow/.local/lib/python3.8/site-packages/airflow/example_dags/tutorial_taskflow_api.py for tasks to queue
[2024-04-29T17:58:00.918+0000] {logging_mixin.py:188} INFO - [2024-04-29T17:58:00.918+0000] {dagbag.py:540} INFO - Filling up the DagBag from /home/airflow/.local/lib/python3.8/site-packages/airflow/example_dags/tutorial_taskflow_api.py
[2024-04-29T17:58:00.926+0000] {processor.py:840} INFO - DAG(s) 'tutorial_taskflow_api' retrieved from /home/airflow/.local/lib/python3.8/site-packages/airflow/example_dags/tutorial_taskflow_api.py
[2024-04-29T17:58:00.958+0000] {logging_mixin.py:188} INFO - [2024-04-29T17:58:00.958+0000] {dag.py:3047} INFO - Sync 1 DAGs
[2024-04-29T17:58:00.985+0000] {logging_mixin.py:188} INFO - [2024-04-29T17:58:00.984+0000] {dag.py:3834} INFO - Setting next_dagrun for tutorial_taskflow_api to None, run_after=None
[2024-04-29T17:58:01.029+0000] {processor.py:183} INFO - Processing /home/airflow/.local/lib/python3.8/site-packages/airflow/example_dags/tutorial_taskflow_api.py took 0.117 seconds
[2024-04-29T17:58:31.507+0000] {processor.py:161} INFO - Started process (PID=14604) to work on /home/airflow/.local/lib/python3.8/site-packages/airflow/example_dags/tutorial_taskflow_api.py
[2024-04-29T17:58:31.508+0000] {processor.py:830} INFO - Processing file /home/airflow/.local/lib/python3.8/site-packages/airflow/example_dags/tutorial_taskflow_api.py for tasks to queue
[2024-04-29T17:58:31.509+0000] {logging_mixin.py:188} INFO - [2024-04-29T17:58:31.509+0000] {dagbag.py:540} INFO - Filling up the DagBag from /home/airflow/.local/lib/python3.8/site-packages/airflow/example_dags/tutorial_taskflow_api.py
[2024-04-29T17:58:31.518+0000] {processor.py:840} INFO - DAG(s) 'tutorial_taskflow_api' retrieved from /home/airflow/.local/lib/python3.8/site-packages/airflow/example_dags/tutorial_taskflow_api.py
[2024-04-29T17:58:31.551+0000] {logging_mixin.py:188} INFO - [2024-04-29T17:58:31.550+0000] {dag.py:3047} INFO - Sync 1 DAGs
[2024-04-29T17:58:31.568+0000] {logging_mixin.py:188} INFO - [2024-04-29T17:58:31.568+0000] {dag.py:3834} INFO - Setting next_dagrun for tutorial_taskflow_api to None, run_after=None
[2024-04-29T17:58:31.595+0000] {processor.py:183} INFO - Processing /home/airflow/.local/lib/python3.8/site-packages/airflow/example_dags/tutorial_taskflow_api.py took 0.091 seconds
[2024-04-29T17:59:01.995+0000] {processor.py:161} INFO - Started process (PID=14856) to work on /home/airflow/.local/lib/python3.8/site-packages/airflow/example_dags/tutorial_taskflow_api.py
[2024-04-29T17:59:01.995+0000] {processor.py:830} INFO - Processing file /home/airflow/.local/lib/python3.8/site-packages/airflow/example_dags/tutorial_taskflow_api.py for tasks to queue
[2024-04-29T17:59:01.996+0000] {logging_mixin.py:188} INFO - [2024-04-29T17:59:01.996+0000] {dagbag.py:540} INFO - Filling up the DagBag from /home/airflow/.local/lib/python3.8/site-packages/airflow/example_dags/tutorial_taskflow_api.py
[2024-04-29T17:59:02.003+0000] {processor.py:840} INFO - DAG(s) 'tutorial_taskflow_api' retrieved from /home/airflow/.local/lib/python3.8/site-packages/airflow/example_dags/tutorial_taskflow_api.py
[2024-04-29T17:59:02.035+0000] {logging_mixin.py:188} INFO - [2024-04-29T17:59:02.035+0000] {dag.py:3047} INFO - Sync 1 DAGs
[2024-04-29T17:59:02.067+0000] {logging_mixin.py:188} INFO - [2024-04-29T17:59:02.067+0000] {dag.py:3834} INFO - Setting next_dagrun for tutorial_taskflow_api to None, run_after=None
[2024-04-29T17:59:02.156+0000] {processor.py:183} INFO - Processing /home/airflow/.local/lib/python3.8/site-packages/airflow/example_dags/tutorial_taskflow_api.py took 0.164 seconds
[2024-04-29T17:59:33.035+0000] {processor.py:161} INFO - Started process (PID=15137) to work on /home/airflow/.local/lib/python3.8/site-packages/airflow/example_dags/tutorial_taskflow_api.py
[2024-04-29T17:59:33.036+0000] {processor.py:830} INFO - Processing file /home/airflow/.local/lib/python3.8/site-packages/airflow/example_dags/tutorial_taskflow_api.py for tasks to queue
[2024-04-29T17:59:33.037+0000] {logging_mixin.py:188} INFO - [2024-04-29T17:59:33.037+0000] {dagbag.py:540} INFO - Filling up the DagBag from /home/airflow/.local/lib/python3.8/site-packages/airflow/example_dags/tutorial_taskflow_api.py
[2024-04-29T17:59:33.047+0000] {processor.py:840} INFO - DAG(s) 'tutorial_taskflow_api' retrieved from /home/airflow/.local/lib/python3.8/site-packages/airflow/example_dags/tutorial_taskflow_api.py
[2024-04-29T17:59:33.082+0000] {logging_mixin.py:188} INFO - [2024-04-29T17:59:33.081+0000] {dag.py:3047} INFO - Sync 1 DAGs
[2024-04-29T17:59:33.104+0000] {logging_mixin.py:188} INFO - [2024-04-29T17:59:33.104+0000] {dag.py:3834} INFO - Setting next_dagrun for tutorial_taskflow_api to None, run_after=None
[2024-04-29T17:59:33.146+0000] {processor.py:183} INFO - Processing /home/airflow/.local/lib/python3.8/site-packages/airflow/example_dags/tutorial_taskflow_api.py took 0.115 seconds
[2024-04-29T18:00:03.998+0000] {processor.py:161} INFO - Started process (PID=15391) to work on /home/airflow/.local/lib/python3.8/site-packages/airflow/example_dags/tutorial_taskflow_api.py
[2024-04-29T18:00:03.999+0000] {processor.py:830} INFO - Processing file /home/airflow/.local/lib/python3.8/site-packages/airflow/example_dags/tutorial_taskflow_api.py for tasks to queue
[2024-04-29T18:00:04.000+0000] {logging_mixin.py:188} INFO - [2024-04-29T18:00:04.000+0000] {dagbag.py:540} INFO - Filling up the DagBag from /home/airflow/.local/lib/python3.8/site-packages/airflow/example_dags/tutorial_taskflow_api.py
[2024-04-29T18:00:04.007+0000] {processor.py:840} INFO - DAG(s) 'tutorial_taskflow_api' retrieved from /home/airflow/.local/lib/python3.8/site-packages/airflow/example_dags/tutorial_taskflow_api.py
[2024-04-29T18:00:04.030+0000] {logging_mixin.py:188} INFO - [2024-04-29T18:00:04.029+0000] {dag.py:3047} INFO - Sync 1 DAGs
[2024-04-29T18:00:04.045+0000] {logging_mixin.py:188} INFO - [2024-04-29T18:00:04.045+0000] {dag.py:3834} INFO - Setting next_dagrun for tutorial_taskflow_api to None, run_after=None
[2024-04-29T18:00:04.083+0000] {processor.py:183} INFO - Processing /home/airflow/.local/lib/python3.8/site-packages/airflow/example_dags/tutorial_taskflow_api.py took 0.087 seconds
[2024-04-29T18:00:34.349+0000] {processor.py:161} INFO - Started process (PID=15663) to work on /home/airflow/.local/lib/python3.8/site-packages/airflow/example_dags/tutorial_taskflow_api.py
[2024-04-29T18:00:34.349+0000] {processor.py:830} INFO - Processing file /home/airflow/.local/lib/python3.8/site-packages/airflow/example_dags/tutorial_taskflow_api.py for tasks to queue
[2024-04-29T18:00:34.350+0000] {logging_mixin.py:188} INFO - [2024-04-29T18:00:34.350+0000] {dagbag.py:540} INFO - Filling up the DagBag from /home/airflow/.local/lib/python3.8/site-packages/airflow/example_dags/tutorial_taskflow_api.py
[2024-04-29T18:00:34.357+0000] {processor.py:840} INFO - DAG(s) 'tutorial_taskflow_api' retrieved from /home/airflow/.local/lib/python3.8/site-packages/airflow/example_dags/tutorial_taskflow_api.py
[2024-04-29T18:00:34.379+0000] {logging_mixin.py:188} INFO - [2024-04-29T18:00:34.379+0000] {dag.py:3047} INFO - Sync 1 DAGs
[2024-04-29T18:00:34.395+0000] {logging_mixin.py:188} INFO - [2024-04-29T18:00:34.394+0000] {dag.py:3834} INFO - Setting next_dagrun for tutorial_taskflow_api to None, run_after=None
[2024-04-29T18:00:34.421+0000] {processor.py:183} INFO - Processing /home/airflow/.local/lib/python3.8/site-packages/airflow/example_dags/tutorial_taskflow_api.py took 0.076 seconds
[2024-04-29T18:01:05.309+0000] {processor.py:161} INFO - Started process (PID=15933) to work on /home/airflow/.local/lib/python3.8/site-packages/airflow/example_dags/tutorial_taskflow_api.py
[2024-04-29T18:01:05.310+0000] {processor.py:830} INFO - Processing file /home/airflow/.local/lib/python3.8/site-packages/airflow/example_dags/tutorial_taskflow_api.py for tasks to queue
[2024-04-29T18:01:05.311+0000] {logging_mixin.py:188} INFO - [2024-04-29T18:01:05.311+0000] {dagbag.py:540} INFO - Filling up the DagBag from /home/airflow/.local/lib/python3.8/site-packages/airflow/example_dags/tutorial_taskflow_api.py
[2024-04-29T18:01:05.319+0000] {processor.py:840} INFO - DAG(s) 'tutorial_taskflow_api' retrieved from /home/airflow/.local/lib/python3.8/site-packages/airflow/example_dags/tutorial_taskflow_api.py
[2024-04-29T18:01:05.341+0000] {logging_mixin.py:188} INFO - [2024-04-29T18:01:05.341+0000] {dag.py:3047} INFO - Sync 1 DAGs
[2024-04-29T18:01:05.356+0000] {logging_mixin.py:188} INFO - [2024-04-29T18:01:05.355+0000] {dag.py:3834} INFO - Setting next_dagrun for tutorial_taskflow_api to None, run_after=None
[2024-04-29T18:01:05.380+0000] {processor.py:183} INFO - Processing /home/airflow/.local/lib/python3.8/site-packages/airflow/example_dags/tutorial_taskflow_api.py took 0.074 seconds
[2024-04-29T18:01:35.565+0000] {processor.py:161} INFO - Started process (PID=16212) to work on /home/airflow/.local/lib/python3.8/site-packages/airflow/example_dags/tutorial_taskflow_api.py
[2024-04-29T18:01:35.566+0000] {processor.py:830} INFO - Processing file /home/airflow/.local/lib/python3.8/site-packages/airflow/example_dags/tutorial_taskflow_api.py for tasks to queue
[2024-04-29T18:01:35.567+0000] {logging_mixin.py:188} INFO - [2024-04-29T18:01:35.566+0000] {dagbag.py:540} INFO - Filling up the DagBag from /home/airflow/.local/lib/python3.8/site-packages/airflow/example_dags/tutorial_taskflow_api.py
[2024-04-29T18:01:35.572+0000] {processor.py:840} INFO - DAG(s) 'tutorial_taskflow_api' retrieved from /home/airflow/.local/lib/python3.8/site-packages/airflow/example_dags/tutorial_taskflow_api.py
[2024-04-29T18:01:35.588+0000] {logging_mixin.py:188} INFO - [2024-04-29T18:01:35.588+0000] {dag.py:3047} INFO - Sync 1 DAGs
[2024-04-29T18:01:35.597+0000] {logging_mixin.py:188} INFO - [2024-04-29T18:01:35.597+0000] {dag.py:3834} INFO - Setting next_dagrun for tutorial_taskflow_api to None, run_after=None
[2024-04-29T18:01:35.620+0000] {processor.py:183} INFO - Processing /home/airflow/.local/lib/python3.8/site-packages/airflow/example_dags/tutorial_taskflow_api.py took 0.057 seconds
[2024-04-29T18:02:05.959+0000] {processor.py:161} INFO - Started process (PID=16462) to work on /home/airflow/.local/lib/python3.8/site-packages/airflow/example_dags/tutorial_taskflow_api.py
[2024-04-29T18:02:05.960+0000] {processor.py:830} INFO - Processing file /home/airflow/.local/lib/python3.8/site-packages/airflow/example_dags/tutorial_taskflow_api.py for tasks to queue
[2024-04-29T18:02:05.962+0000] {logging_mixin.py:188} INFO - [2024-04-29T18:02:05.962+0000] {dagbag.py:540} INFO - Filling up the DagBag from /home/airflow/.local/lib/python3.8/site-packages/airflow/example_dags/tutorial_taskflow_api.py
[2024-04-29T18:02:05.976+0000] {processor.py:840} INFO - DAG(s) 'tutorial_taskflow_api' retrieved from /home/airflow/.local/lib/python3.8/site-packages/airflow/example_dags/tutorial_taskflow_api.py
[2024-04-29T18:02:06.011+0000] {logging_mixin.py:188} INFO - [2024-04-29T18:02:06.011+0000] {dag.py:3047} INFO - Sync 1 DAGs
[2024-04-29T18:02:06.025+0000] {logging_mixin.py:188} INFO - [2024-04-29T18:02:06.025+0000] {dag.py:3834} INFO - Setting next_dagrun for tutorial_taskflow_api to None, run_after=None
[2024-04-29T18:02:06.050+0000] {processor.py:183} INFO - Processing /home/airflow/.local/lib/python3.8/site-packages/airflow/example_dags/tutorial_taskflow_api.py took 0.096 seconds
[2024-04-29T18:02:37.017+0000] {processor.py:161} INFO - Started process (PID=16716) to work on /home/airflow/.local/lib/python3.8/site-packages/airflow/example_dags/tutorial_taskflow_api.py
[2024-04-29T18:02:37.018+0000] {processor.py:830} INFO - Processing file /home/airflow/.local/lib/python3.8/site-packages/airflow/example_dags/tutorial_taskflow_api.py for tasks to queue
[2024-04-29T18:02:37.019+0000] {logging_mixin.py:188} INFO - [2024-04-29T18:02:37.019+0000] {dagbag.py:540} INFO - Filling up the DagBag from /home/airflow/.local/lib/python3.8/site-packages/airflow/example_dags/tutorial_taskflow_api.py
[2024-04-29T18:02:37.024+0000] {processor.py:840} INFO - DAG(s) 'tutorial_taskflow_api' retrieved from /home/airflow/.local/lib/python3.8/site-packages/airflow/example_dags/tutorial_taskflow_api.py
[2024-04-29T18:02:37.041+0000] {logging_mixin.py:188} INFO - [2024-04-29T18:02:37.041+0000] {dag.py:3047} INFO - Sync 1 DAGs
[2024-04-29T18:02:37.051+0000] {logging_mixin.py:188} INFO - [2024-04-29T18:02:37.051+0000] {dag.py:3834} INFO - Setting next_dagrun for tutorial_taskflow_api to None, run_after=None
[2024-04-29T18:02:37.071+0000] {processor.py:183} INFO - Processing /home/airflow/.local/lib/python3.8/site-packages/airflow/example_dags/tutorial_taskflow_api.py took 0.056 seconds
[2024-04-29T18:03:07.319+0000] {processor.py:161} INFO - Started process (PID=16977) to work on /home/airflow/.local/lib/python3.8/site-packages/airflow/example_dags/tutorial_taskflow_api.py
[2024-04-29T18:03:07.320+0000] {processor.py:830} INFO - Processing file /home/airflow/.local/lib/python3.8/site-packages/airflow/example_dags/tutorial_taskflow_api.py for tasks to queue
[2024-04-29T18:03:07.321+0000] {logging_mixin.py:188} INFO - [2024-04-29T18:03:07.321+0000] {dagbag.py:540} INFO - Filling up the DagBag from /home/airflow/.local/lib/python3.8/site-packages/airflow/example_dags/tutorial_taskflow_api.py
[2024-04-29T18:03:07.328+0000] {processor.py:840} INFO - DAG(s) 'tutorial_taskflow_api' retrieved from /home/airflow/.local/lib/python3.8/site-packages/airflow/example_dags/tutorial_taskflow_api.py
[2024-04-29T18:03:07.350+0000] {logging_mixin.py:188} INFO - [2024-04-29T18:03:07.349+0000] {dag.py:3047} INFO - Sync 1 DAGs
[2024-04-29T18:03:07.365+0000] {logging_mixin.py:188} INFO - [2024-04-29T18:03:07.364+0000] {dag.py:3834} INFO - Setting next_dagrun for tutorial_taskflow_api to None, run_after=None
[2024-04-29T18:03:07.391+0000] {processor.py:183} INFO - Processing /home/airflow/.local/lib/python3.8/site-packages/airflow/example_dags/tutorial_taskflow_api.py took 0.077 seconds
