[2024-04-29T17:30:08.577+0000] {processor.py:161} INFO - Started process (PID=368) to work on /home/airflow/.local/lib/python3.8/site-packages/airflow/example_dags/tutorial.py
[2024-04-29T17:30:08.579+0000] {processor.py:830} INFO - Processing file /home/airflow/.local/lib/python3.8/site-packages/airflow/example_dags/tutorial.py for tasks to queue
[2024-04-29T17:30:08.580+0000] {logging_mixin.py:188} INFO - [2024-04-29T17:30:08.579+0000] {dagbag.py:540} INFO - Filling up the DagBag from /home/airflow/.local/lib/python3.8/site-packages/airflow/example_dags/tutorial.py
[2024-04-29T17:30:08.588+0000] {processor.py:840} INFO - DAG(s) 'tutorial' retrieved from /home/airflow/.local/lib/python3.8/site-packages/airflow/example_dags/tutorial.py
[2024-04-29T17:30:08.802+0000] {logging_mixin.py:188} INFO - [2024-04-29T17:30:08.801+0000] {override.py:1769} INFO - Created Permission View: can edit on DAG:tutorial
[2024-04-29T17:30:08.822+0000] {logging_mixin.py:188} INFO - [2024-04-29T17:30:08.822+0000] {override.py:1769} INFO - Created Permission View: can delete on DAG:tutorial
[2024-04-29T17:30:08.845+0000] {logging_mixin.py:188} INFO - [2024-04-29T17:30:08.844+0000] {override.py:1769} INFO - Created Permission View: can read on DAG:tutorial
[2024-04-29T17:30:08.845+0000] {logging_mixin.py:188} INFO - [2024-04-29T17:30:08.845+0000] {dag.py:3047} INFO - Sync 1 DAGs
[2024-04-29T17:30:08.867+0000] {logging_mixin.py:188} INFO - [2024-04-29T17:30:08.867+0000] {dag.py:3069} INFO - Creating ORM DAG for tutorial
[2024-04-29T17:30:08.894+0000] {logging_mixin.py:188} INFO - [2024-04-29T17:30:08.894+0000] {dag.py:3834} INFO - Setting next_dagrun for tutorial to 2024-04-28 00:00:00+00:00, run_after=2024-04-29 00:00:00+00:00
[2024-04-29T17:30:08.926+0000] {processor.py:183} INFO - Processing /home/airflow/.local/lib/python3.8/site-packages/airflow/example_dags/tutorial.py took 0.352 seconds
[2024-04-29T17:30:39.391+0000] {processor.py:161} INFO - Started process (PID=613) to work on /home/airflow/.local/lib/python3.8/site-packages/airflow/example_dags/tutorial.py
[2024-04-29T17:30:39.398+0000] {processor.py:830} INFO - Processing file /home/airflow/.local/lib/python3.8/site-packages/airflow/example_dags/tutorial.py for tasks to queue
[2024-04-29T17:30:39.399+0000] {logging_mixin.py:188} INFO - [2024-04-29T17:30:39.398+0000] {dagbag.py:540} INFO - Filling up the DagBag from /home/airflow/.local/lib/python3.8/site-packages/airflow/example_dags/tutorial.py
[2024-04-29T17:30:39.414+0000] {processor.py:840} INFO - DAG(s) 'tutorial' retrieved from /home/airflow/.local/lib/python3.8/site-packages/airflow/example_dags/tutorial.py
[2024-04-29T17:30:39.468+0000] {logging_mixin.py:188} INFO - [2024-04-29T17:30:39.468+0000] {dag.py:3047} INFO - Sync 1 DAGs
[2024-04-29T17:30:39.501+0000] {logging_mixin.py:188} INFO - [2024-04-29T17:30:39.501+0000] {dag.py:3834} INFO - Setting next_dagrun for tutorial to 2024-04-28 00:00:00+00:00, run_after=2024-04-29 00:00:00+00:00
[2024-04-29T17:30:39.533+0000] {processor.py:183} INFO - Processing /home/airflow/.local/lib/python3.8/site-packages/airflow/example_dags/tutorial.py took 0.145 seconds
[2024-04-29T17:31:09.940+0000] {processor.py:161} INFO - Started process (PID=860) to work on /home/airflow/.local/lib/python3.8/site-packages/airflow/example_dags/tutorial.py
[2024-04-29T17:31:09.941+0000] {processor.py:830} INFO - Processing file /home/airflow/.local/lib/python3.8/site-packages/airflow/example_dags/tutorial.py for tasks to queue
[2024-04-29T17:31:09.942+0000] {logging_mixin.py:188} INFO - [2024-04-29T17:31:09.942+0000] {dagbag.py:540} INFO - Filling up the DagBag from /home/airflow/.local/lib/python3.8/site-packages/airflow/example_dags/tutorial.py
[2024-04-29T17:31:09.949+0000] {processor.py:840} INFO - DAG(s) 'tutorial' retrieved from /home/airflow/.local/lib/python3.8/site-packages/airflow/example_dags/tutorial.py
[2024-04-29T17:31:09.971+0000] {logging_mixin.py:188} INFO - [2024-04-29T17:31:09.970+0000] {dag.py:3047} INFO - Sync 1 DAGs
[2024-04-29T17:31:09.997+0000] {logging_mixin.py:188} INFO - [2024-04-29T17:31:09.997+0000] {dag.py:3834} INFO - Setting next_dagrun for tutorial to 2024-04-28 00:00:00+00:00, run_after=2024-04-29 00:00:00+00:00
[2024-04-29T17:31:10.024+0000] {processor.py:183} INFO - Processing /home/airflow/.local/lib/python3.8/site-packages/airflow/example_dags/tutorial.py took 0.086 seconds
[2024-04-29T17:31:40.480+0000] {processor.py:161} INFO - Started process (PID=1107) to work on /home/airflow/.local/lib/python3.8/site-packages/airflow/example_dags/tutorial.py
[2024-04-29T17:31:40.481+0000] {processor.py:830} INFO - Processing file /home/airflow/.local/lib/python3.8/site-packages/airflow/example_dags/tutorial.py for tasks to queue
[2024-04-29T17:31:40.481+0000] {logging_mixin.py:188} INFO - [2024-04-29T17:31:40.481+0000] {dagbag.py:540} INFO - Filling up the DagBag from /home/airflow/.local/lib/python3.8/site-packages/airflow/example_dags/tutorial.py
[2024-04-29T17:31:40.501+0000] {processor.py:840} INFO - DAG(s) 'tutorial' retrieved from /home/airflow/.local/lib/python3.8/site-packages/airflow/example_dags/tutorial.py
[2024-04-29T17:31:40.525+0000] {logging_mixin.py:188} INFO - [2024-04-29T17:31:40.525+0000] {dag.py:3047} INFO - Sync 1 DAGs
[2024-04-29T17:31:40.552+0000] {logging_mixin.py:188} INFO - [2024-04-29T17:31:40.552+0000] {dag.py:3834} INFO - Setting next_dagrun for tutorial to 2024-04-28 00:00:00+00:00, run_after=2024-04-29 00:00:00+00:00
[2024-04-29T17:31:40.577+0000] {processor.py:183} INFO - Processing /home/airflow/.local/lib/python3.8/site-packages/airflow/example_dags/tutorial.py took 0.108 seconds
[2024-04-29T17:32:10.694+0000] {processor.py:161} INFO - Started process (PID=1355) to work on /home/airflow/.local/lib/python3.8/site-packages/airflow/example_dags/tutorial.py
[2024-04-29T17:32:10.695+0000] {processor.py:830} INFO - Processing file /home/airflow/.local/lib/python3.8/site-packages/airflow/example_dags/tutorial.py for tasks to queue
[2024-04-29T17:32:10.696+0000] {logging_mixin.py:188} INFO - [2024-04-29T17:32:10.696+0000] {dagbag.py:540} INFO - Filling up the DagBag from /home/airflow/.local/lib/python3.8/site-packages/airflow/example_dags/tutorial.py
[2024-04-29T17:32:10.704+0000] {processor.py:840} INFO - DAG(s) 'tutorial' retrieved from /home/airflow/.local/lib/python3.8/site-packages/airflow/example_dags/tutorial.py
[2024-04-29T17:32:10.726+0000] {logging_mixin.py:188} INFO - [2024-04-29T17:32:10.725+0000] {dag.py:3047} INFO - Sync 1 DAGs
[2024-04-29T17:32:10.753+0000] {logging_mixin.py:188} INFO - [2024-04-29T17:32:10.752+0000] {dag.py:3834} INFO - Setting next_dagrun for tutorial to 2024-04-28 00:00:00+00:00, run_after=2024-04-29 00:00:00+00:00
[2024-04-29T17:32:10.779+0000] {processor.py:183} INFO - Processing /home/airflow/.local/lib/python3.8/site-packages/airflow/example_dags/tutorial.py took 0.088 seconds
[2024-04-29T17:32:41.342+0000] {processor.py:161} INFO - Started process (PID=1603) to work on /home/airflow/.local/lib/python3.8/site-packages/airflow/example_dags/tutorial.py
[2024-04-29T17:32:41.343+0000] {processor.py:830} INFO - Processing file /home/airflow/.local/lib/python3.8/site-packages/airflow/example_dags/tutorial.py for tasks to queue
[2024-04-29T17:32:41.344+0000] {logging_mixin.py:188} INFO - [2024-04-29T17:32:41.344+0000] {dagbag.py:540} INFO - Filling up the DagBag from /home/airflow/.local/lib/python3.8/site-packages/airflow/example_dags/tutorial.py
[2024-04-29T17:32:41.351+0000] {processor.py:840} INFO - DAG(s) 'tutorial' retrieved from /home/airflow/.local/lib/python3.8/site-packages/airflow/example_dags/tutorial.py
[2024-04-29T17:32:41.373+0000] {logging_mixin.py:188} INFO - [2024-04-29T17:32:41.372+0000] {dag.py:3047} INFO - Sync 1 DAGs
[2024-04-29T17:32:41.399+0000] {logging_mixin.py:188} INFO - [2024-04-29T17:32:41.399+0000] {dag.py:3834} INFO - Setting next_dagrun for tutorial to 2024-04-28 00:00:00+00:00, run_after=2024-04-29 00:00:00+00:00
[2024-04-29T17:32:41.430+0000] {processor.py:183} INFO - Processing /home/airflow/.local/lib/python3.8/site-packages/airflow/example_dags/tutorial.py took 0.092 seconds
[2024-04-29T17:33:11.996+0000] {processor.py:161} INFO - Started process (PID=1851) to work on /home/airflow/.local/lib/python3.8/site-packages/airflow/example_dags/tutorial.py
[2024-04-29T17:33:11.997+0000] {processor.py:830} INFO - Processing file /home/airflow/.local/lib/python3.8/site-packages/airflow/example_dags/tutorial.py for tasks to queue
[2024-04-29T17:33:11.998+0000] {logging_mixin.py:188} INFO - [2024-04-29T17:33:11.998+0000] {dagbag.py:540} INFO - Filling up the DagBag from /home/airflow/.local/lib/python3.8/site-packages/airflow/example_dags/tutorial.py
[2024-04-29T17:33:12.005+0000] {processor.py:840} INFO - DAG(s) 'tutorial' retrieved from /home/airflow/.local/lib/python3.8/site-packages/airflow/example_dags/tutorial.py
[2024-04-29T17:33:12.047+0000] {logging_mixin.py:188} INFO - [2024-04-29T17:33:12.039+0000] {dag.py:3047} INFO - Sync 1 DAGs
[2024-04-29T17:33:12.135+0000] {logging_mixin.py:188} INFO - [2024-04-29T17:33:12.135+0000] {dag.py:3834} INFO - Setting next_dagrun for tutorial to 2024-04-28 00:00:00+00:00, run_after=2024-04-29 00:00:00+00:00
[2024-04-29T17:33:12.196+0000] {processor.py:183} INFO - Processing /home/airflow/.local/lib/python3.8/site-packages/airflow/example_dags/tutorial.py took 0.203 seconds
[2024-04-29T17:33:42.424+0000] {processor.py:161} INFO - Started process (PID=2103) to work on /home/airflow/.local/lib/python3.8/site-packages/airflow/example_dags/tutorial.py
[2024-04-29T17:33:42.426+0000] {processor.py:830} INFO - Processing file /home/airflow/.local/lib/python3.8/site-packages/airflow/example_dags/tutorial.py for tasks to queue
[2024-04-29T17:33:42.427+0000] {logging_mixin.py:188} INFO - [2024-04-29T17:33:42.426+0000] {dagbag.py:540} INFO - Filling up the DagBag from /home/airflow/.local/lib/python3.8/site-packages/airflow/example_dags/tutorial.py
[2024-04-29T17:33:42.436+0000] {processor.py:840} INFO - DAG(s) 'tutorial' retrieved from /home/airflow/.local/lib/python3.8/site-packages/airflow/example_dags/tutorial.py
[2024-04-29T17:33:42.459+0000] {logging_mixin.py:188} INFO - [2024-04-29T17:33:42.458+0000] {dag.py:3047} INFO - Sync 1 DAGs
[2024-04-29T17:33:42.484+0000] {logging_mixin.py:188} INFO - [2024-04-29T17:33:42.484+0000] {dag.py:3834} INFO - Setting next_dagrun for tutorial to 2024-04-28 00:00:00+00:00, run_after=2024-04-29 00:00:00+00:00
[2024-04-29T17:33:42.514+0000] {processor.py:183} INFO - Processing /home/airflow/.local/lib/python3.8/site-packages/airflow/example_dags/tutorial.py took 0.100 seconds
[2024-04-29T17:34:13.030+0000] {processor.py:161} INFO - Started process (PID=2352) to work on /home/airflow/.local/lib/python3.8/site-packages/airflow/example_dags/tutorial.py
[2024-04-29T17:34:13.031+0000] {processor.py:830} INFO - Processing file /home/airflow/.local/lib/python3.8/site-packages/airflow/example_dags/tutorial.py for tasks to queue
[2024-04-29T17:34:13.032+0000] {logging_mixin.py:188} INFO - [2024-04-29T17:34:13.032+0000] {dagbag.py:540} INFO - Filling up the DagBag from /home/airflow/.local/lib/python3.8/site-packages/airflow/example_dags/tutorial.py
[2024-04-29T17:34:13.040+0000] {processor.py:840} INFO - DAG(s) 'tutorial' retrieved from /home/airflow/.local/lib/python3.8/site-packages/airflow/example_dags/tutorial.py
[2024-04-29T17:34:13.065+0000] {logging_mixin.py:188} INFO - [2024-04-29T17:34:13.065+0000] {dag.py:3047} INFO - Sync 1 DAGs
[2024-04-29T17:34:13.095+0000] {logging_mixin.py:188} INFO - [2024-04-29T17:34:13.095+0000] {dag.py:3834} INFO - Setting next_dagrun for tutorial to 2024-04-28 00:00:00+00:00, run_after=2024-04-29 00:00:00+00:00
[2024-04-29T17:34:13.123+0000] {processor.py:183} INFO - Processing /home/airflow/.local/lib/python3.8/site-packages/airflow/example_dags/tutorial.py took 0.096 seconds
[2024-04-29T17:34:43.547+0000] {processor.py:161} INFO - Started process (PID=2597) to work on /home/airflow/.local/lib/python3.8/site-packages/airflow/example_dags/tutorial.py
[2024-04-29T17:34:43.548+0000] {processor.py:830} INFO - Processing file /home/airflow/.local/lib/python3.8/site-packages/airflow/example_dags/tutorial.py for tasks to queue
[2024-04-29T17:34:43.549+0000] {logging_mixin.py:188} INFO - [2024-04-29T17:34:43.549+0000] {dagbag.py:540} INFO - Filling up the DagBag from /home/airflow/.local/lib/python3.8/site-packages/airflow/example_dags/tutorial.py
[2024-04-29T17:34:43.556+0000] {processor.py:840} INFO - DAG(s) 'tutorial' retrieved from /home/airflow/.local/lib/python3.8/site-packages/airflow/example_dags/tutorial.py
[2024-04-29T17:34:43.579+0000] {logging_mixin.py:188} INFO - [2024-04-29T17:34:43.579+0000] {dag.py:3047} INFO - Sync 1 DAGs
[2024-04-29T17:34:43.609+0000] {logging_mixin.py:188} INFO - [2024-04-29T17:34:43.609+0000] {dag.py:3834} INFO - Setting next_dagrun for tutorial to 2024-04-28 00:00:00+00:00, run_after=2024-04-29 00:00:00+00:00
[2024-04-29T17:34:43.645+0000] {processor.py:183} INFO - Processing /home/airflow/.local/lib/python3.8/site-packages/airflow/example_dags/tutorial.py took 0.102 seconds
[2024-04-29T17:35:14.364+0000] {processor.py:161} INFO - Started process (PID=2844) to work on /home/airflow/.local/lib/python3.8/site-packages/airflow/example_dags/tutorial.py
[2024-04-29T17:35:14.368+0000] {processor.py:830} INFO - Processing file /home/airflow/.local/lib/python3.8/site-packages/airflow/example_dags/tutorial.py for tasks to queue
[2024-04-29T17:35:14.372+0000] {logging_mixin.py:188} INFO - [2024-04-29T17:35:14.371+0000] {dagbag.py:540} INFO - Filling up the DagBag from /home/airflow/.local/lib/python3.8/site-packages/airflow/example_dags/tutorial.py
[2024-04-29T17:35:14.387+0000] {processor.py:840} INFO - DAG(s) 'tutorial' retrieved from /home/airflow/.local/lib/python3.8/site-packages/airflow/example_dags/tutorial.py
[2024-04-29T17:35:14.421+0000] {logging_mixin.py:188} INFO - [2024-04-29T17:35:14.420+0000] {dag.py:3047} INFO - Sync 1 DAGs
[2024-04-29T17:35:14.456+0000] {logging_mixin.py:188} INFO - [2024-04-29T17:35:14.455+0000] {dag.py:3834} INFO - Setting next_dagrun for tutorial to 2024-04-28 00:00:00+00:00, run_after=2024-04-29 00:00:00+00:00
[2024-04-29T17:35:14.482+0000] {processor.py:183} INFO - Processing /home/airflow/.local/lib/python3.8/site-packages/airflow/example_dags/tutorial.py took 0.122 seconds
[2024-04-29T17:35:45.019+0000] {processor.py:161} INFO - Started process (PID=3093) to work on /home/airflow/.local/lib/python3.8/site-packages/airflow/example_dags/tutorial.py
[2024-04-29T17:35:45.020+0000] {processor.py:830} INFO - Processing file /home/airflow/.local/lib/python3.8/site-packages/airflow/example_dags/tutorial.py for tasks to queue
[2024-04-29T17:35:45.021+0000] {logging_mixin.py:188} INFO - [2024-04-29T17:35:45.021+0000] {dagbag.py:540} INFO - Filling up the DagBag from /home/airflow/.local/lib/python3.8/site-packages/airflow/example_dags/tutorial.py
[2024-04-29T17:35:45.028+0000] {processor.py:840} INFO - DAG(s) 'tutorial' retrieved from /home/airflow/.local/lib/python3.8/site-packages/airflow/example_dags/tutorial.py
[2024-04-29T17:35:45.070+0000] {logging_mixin.py:188} INFO - [2024-04-29T17:35:45.070+0000] {dag.py:3047} INFO - Sync 1 DAGs
[2024-04-29T17:35:45.096+0000] {logging_mixin.py:188} INFO - [2024-04-29T17:35:45.095+0000] {dag.py:3834} INFO - Setting next_dagrun for tutorial to 2024-04-28 00:00:00+00:00, run_after=2024-04-29 00:00:00+00:00
[2024-04-29T17:35:45.120+0000] {processor.py:183} INFO - Processing /home/airflow/.local/lib/python3.8/site-packages/airflow/example_dags/tutorial.py took 0.104 seconds
[2024-04-29T17:36:15.507+0000] {processor.py:161} INFO - Started process (PID=3341) to work on /home/airflow/.local/lib/python3.8/site-packages/airflow/example_dags/tutorial.py
[2024-04-29T17:36:15.508+0000] {processor.py:830} INFO - Processing file /home/airflow/.local/lib/python3.8/site-packages/airflow/example_dags/tutorial.py for tasks to queue
[2024-04-29T17:36:15.509+0000] {logging_mixin.py:188} INFO - [2024-04-29T17:36:15.509+0000] {dagbag.py:540} INFO - Filling up the DagBag from /home/airflow/.local/lib/python3.8/site-packages/airflow/example_dags/tutorial.py
[2024-04-29T17:36:15.519+0000] {processor.py:840} INFO - DAG(s) 'tutorial' retrieved from /home/airflow/.local/lib/python3.8/site-packages/airflow/example_dags/tutorial.py
[2024-04-29T17:36:15.541+0000] {logging_mixin.py:188} INFO - [2024-04-29T17:36:15.541+0000] {dag.py:3047} INFO - Sync 1 DAGs
[2024-04-29T17:36:15.569+0000] {logging_mixin.py:188} INFO - [2024-04-29T17:36:15.569+0000] {dag.py:3834} INFO - Setting next_dagrun for tutorial to 2024-04-28 00:00:00+00:00, run_after=2024-04-29 00:00:00+00:00
[2024-04-29T17:36:15.593+0000] {processor.py:183} INFO - Processing /home/airflow/.local/lib/python3.8/site-packages/airflow/example_dags/tutorial.py took 0.090 seconds
[2024-04-29T17:36:46.090+0000] {processor.py:161} INFO - Started process (PID=3588) to work on /home/airflow/.local/lib/python3.8/site-packages/airflow/example_dags/tutorial.py
[2024-04-29T17:36:46.091+0000] {processor.py:830} INFO - Processing file /home/airflow/.local/lib/python3.8/site-packages/airflow/example_dags/tutorial.py for tasks to queue
[2024-04-29T17:36:46.092+0000] {logging_mixin.py:188} INFO - [2024-04-29T17:36:46.092+0000] {dagbag.py:540} INFO - Filling up the DagBag from /home/airflow/.local/lib/python3.8/site-packages/airflow/example_dags/tutorial.py
[2024-04-29T17:36:46.098+0000] {processor.py:840} INFO - DAG(s) 'tutorial' retrieved from /home/airflow/.local/lib/python3.8/site-packages/airflow/example_dags/tutorial.py
[2024-04-29T17:36:46.122+0000] {logging_mixin.py:188} INFO - [2024-04-29T17:36:46.122+0000] {dag.py:3047} INFO - Sync 1 DAGs
[2024-04-29T17:36:46.147+0000] {logging_mixin.py:188} INFO - [2024-04-29T17:36:46.147+0000] {dag.py:3834} INFO - Setting next_dagrun for tutorial to 2024-04-28 00:00:00+00:00, run_after=2024-04-29 00:00:00+00:00
[2024-04-29T17:36:46.172+0000] {processor.py:183} INFO - Processing /home/airflow/.local/lib/python3.8/site-packages/airflow/example_dags/tutorial.py took 0.086 seconds
[2024-04-29T17:37:20.231+0000] {processor.py:161} INFO - Started process (PID=3897) to work on /home/airflow/.local/lib/python3.8/site-packages/airflow/example_dags/tutorial.py
[2024-04-29T17:37:20.239+0000] {processor.py:830} INFO - Processing file /home/airflow/.local/lib/python3.8/site-packages/airflow/example_dags/tutorial.py for tasks to queue
[2024-04-29T17:37:20.240+0000] {logging_mixin.py:188} INFO - [2024-04-29T17:37:20.240+0000] {dagbag.py:540} INFO - Filling up the DagBag from /home/airflow/.local/lib/python3.8/site-packages/airflow/example_dags/tutorial.py
[2024-04-29T17:37:20.267+0000] {processor.py:840} INFO - DAG(s) 'tutorial' retrieved from /home/airflow/.local/lib/python3.8/site-packages/airflow/example_dags/tutorial.py
[2024-04-29T17:37:20.467+0000] {logging_mixin.py:188} INFO - [2024-04-29T17:37:20.467+0000] {dag.py:3047} INFO - Sync 1 DAGs
[2024-04-29T17:37:20.724+0000] {logging_mixin.py:188} INFO - [2024-04-29T17:37:20.724+0000] {dag.py:3834} INFO - Setting next_dagrun for tutorial to 2024-04-28 00:00:00+00:00, run_after=2024-04-29 00:00:00+00:00
[2024-04-29T17:37:20.869+0000] {processor.py:183} INFO - Processing /home/airflow/.local/lib/python3.8/site-packages/airflow/example_dags/tutorial.py took 0.641 seconds
[2024-04-29T17:37:51.708+0000] {processor.py:161} INFO - Started process (PID=4229) to work on /home/airflow/.local/lib/python3.8/site-packages/airflow/example_dags/tutorial.py
[2024-04-29T17:37:51.709+0000] {processor.py:830} INFO - Processing file /home/airflow/.local/lib/python3.8/site-packages/airflow/example_dags/tutorial.py for tasks to queue
[2024-04-29T17:37:51.710+0000] {logging_mixin.py:188} INFO - [2024-04-29T17:37:51.710+0000] {dagbag.py:540} INFO - Filling up the DagBag from /home/airflow/.local/lib/python3.8/site-packages/airflow/example_dags/tutorial.py
[2024-04-29T17:37:51.719+0000] {processor.py:840} INFO - DAG(s) 'tutorial' retrieved from /home/airflow/.local/lib/python3.8/site-packages/airflow/example_dags/tutorial.py
[2024-04-29T17:37:51.741+0000] {logging_mixin.py:188} INFO - [2024-04-29T17:37:51.740+0000] {dag.py:3047} INFO - Sync 1 DAGs
[2024-04-29T17:37:51.767+0000] {logging_mixin.py:188} INFO - [2024-04-29T17:37:51.767+0000] {dag.py:3834} INFO - Setting next_dagrun for tutorial to 2024-04-28 00:00:00+00:00, run_after=2024-04-29 00:00:00+00:00
[2024-04-29T17:37:51.794+0000] {processor.py:183} INFO - Processing /home/airflow/.local/lib/python3.8/site-packages/airflow/example_dags/tutorial.py took 0.090 seconds
[2024-04-29T17:38:21.981+0000] {processor.py:161} INFO - Started process (PID=4477) to work on /home/airflow/.local/lib/python3.8/site-packages/airflow/example_dags/tutorial.py
[2024-04-29T17:38:21.983+0000] {processor.py:830} INFO - Processing file /home/airflow/.local/lib/python3.8/site-packages/airflow/example_dags/tutorial.py for tasks to queue
[2024-04-29T17:38:21.984+0000] {logging_mixin.py:188} INFO - [2024-04-29T17:38:21.983+0000] {dagbag.py:540} INFO - Filling up the DagBag from /home/airflow/.local/lib/python3.8/site-packages/airflow/example_dags/tutorial.py
[2024-04-29T17:38:21.991+0000] {processor.py:840} INFO - DAG(s) 'tutorial' retrieved from /home/airflow/.local/lib/python3.8/site-packages/airflow/example_dags/tutorial.py
[2024-04-29T17:38:22.038+0000] {logging_mixin.py:188} INFO - [2024-04-29T17:38:22.038+0000] {dag.py:3047} INFO - Sync 1 DAGs
[2024-04-29T17:38:22.082+0000] {logging_mixin.py:188} INFO - [2024-04-29T17:38:22.082+0000] {dag.py:3834} INFO - Setting next_dagrun for tutorial to 2024-04-28 00:00:00+00:00, run_after=2024-04-29 00:00:00+00:00
[2024-04-29T17:38:22.130+0000] {processor.py:183} INFO - Processing /home/airflow/.local/lib/python3.8/site-packages/airflow/example_dags/tutorial.py took 0.152 seconds
[2024-04-29T17:38:52.284+0000] {processor.py:161} INFO - Started process (PID=4724) to work on /home/airflow/.local/lib/python3.8/site-packages/airflow/example_dags/tutorial.py
[2024-04-29T17:38:52.285+0000] {processor.py:830} INFO - Processing file /home/airflow/.local/lib/python3.8/site-packages/airflow/example_dags/tutorial.py for tasks to queue
[2024-04-29T17:38:52.286+0000] {logging_mixin.py:188} INFO - [2024-04-29T17:38:52.286+0000] {dagbag.py:540} INFO - Filling up the DagBag from /home/airflow/.local/lib/python3.8/site-packages/airflow/example_dags/tutorial.py
[2024-04-29T17:38:52.293+0000] {processor.py:840} INFO - DAG(s) 'tutorial' retrieved from /home/airflow/.local/lib/python3.8/site-packages/airflow/example_dags/tutorial.py
[2024-04-29T17:38:52.316+0000] {logging_mixin.py:188} INFO - [2024-04-29T17:38:52.316+0000] {dag.py:3047} INFO - Sync 1 DAGs
[2024-04-29T17:38:52.343+0000] {logging_mixin.py:188} INFO - [2024-04-29T17:38:52.343+0000] {dag.py:3834} INFO - Setting next_dagrun for tutorial to 2024-04-28 00:00:00+00:00, run_after=2024-04-29 00:00:00+00:00
[2024-04-29T17:38:52.369+0000] {processor.py:183} INFO - Processing /home/airflow/.local/lib/python3.8/site-packages/airflow/example_dags/tutorial.py took 0.088 seconds
[2024-04-29T17:39:22.812+0000] {processor.py:161} INFO - Started process (PID=4970) to work on /home/airflow/.local/lib/python3.8/site-packages/airflow/example_dags/tutorial.py
[2024-04-29T17:39:22.813+0000] {processor.py:830} INFO - Processing file /home/airflow/.local/lib/python3.8/site-packages/airflow/example_dags/tutorial.py for tasks to queue
[2024-04-29T17:39:22.814+0000] {logging_mixin.py:188} INFO - [2024-04-29T17:39:22.814+0000] {dagbag.py:540} INFO - Filling up the DagBag from /home/airflow/.local/lib/python3.8/site-packages/airflow/example_dags/tutorial.py
[2024-04-29T17:39:22.830+0000] {processor.py:840} INFO - DAG(s) 'tutorial' retrieved from /home/airflow/.local/lib/python3.8/site-packages/airflow/example_dags/tutorial.py
[2024-04-29T17:39:22.855+0000] {logging_mixin.py:188} INFO - [2024-04-29T17:39:22.855+0000] {dag.py:3047} INFO - Sync 1 DAGs
[2024-04-29T17:39:22.882+0000] {logging_mixin.py:188} INFO - [2024-04-29T17:39:22.882+0000] {dag.py:3834} INFO - Setting next_dagrun for tutorial to 2024-04-28 00:00:00+00:00, run_after=2024-04-29 00:00:00+00:00
[2024-04-29T17:39:22.906+0000] {processor.py:183} INFO - Processing /home/airflow/.local/lib/python3.8/site-packages/airflow/example_dags/tutorial.py took 0.102 seconds
[2024-04-29T17:39:53.656+0000] {processor.py:161} INFO - Started process (PID=5217) to work on /home/airflow/.local/lib/python3.8/site-packages/airflow/example_dags/tutorial.py
[2024-04-29T17:39:53.657+0000] {processor.py:830} INFO - Processing file /home/airflow/.local/lib/python3.8/site-packages/airflow/example_dags/tutorial.py for tasks to queue
[2024-04-29T17:39:53.658+0000] {logging_mixin.py:188} INFO - [2024-04-29T17:39:53.658+0000] {dagbag.py:540} INFO - Filling up the DagBag from /home/airflow/.local/lib/python3.8/site-packages/airflow/example_dags/tutorial.py
[2024-04-29T17:39:53.665+0000] {processor.py:840} INFO - DAG(s) 'tutorial' retrieved from /home/airflow/.local/lib/python3.8/site-packages/airflow/example_dags/tutorial.py
[2024-04-29T17:39:53.687+0000] {logging_mixin.py:188} INFO - [2024-04-29T17:39:53.687+0000] {dag.py:3047} INFO - Sync 1 DAGs
[2024-04-29T17:39:53.714+0000] {logging_mixin.py:188} INFO - [2024-04-29T17:39:53.713+0000] {dag.py:3834} INFO - Setting next_dagrun for tutorial to 2024-04-28 00:00:00+00:00, run_after=2024-04-29 00:00:00+00:00
[2024-04-29T17:39:53.743+0000] {processor.py:183} INFO - Processing /home/airflow/.local/lib/python3.8/site-packages/airflow/example_dags/tutorial.py took 0.090 seconds
[2024-04-29T17:40:24.170+0000] {processor.py:161} INFO - Started process (PID=5464) to work on /home/airflow/.local/lib/python3.8/site-packages/airflow/example_dags/tutorial.py
[2024-04-29T17:40:24.171+0000] {processor.py:830} INFO - Processing file /home/airflow/.local/lib/python3.8/site-packages/airflow/example_dags/tutorial.py for tasks to queue
[2024-04-29T17:40:24.172+0000] {logging_mixin.py:188} INFO - [2024-04-29T17:40:24.172+0000] {dagbag.py:540} INFO - Filling up the DagBag from /home/airflow/.local/lib/python3.8/site-packages/airflow/example_dags/tutorial.py
[2024-04-29T17:40:24.178+0000] {processor.py:840} INFO - DAG(s) 'tutorial' retrieved from /home/airflow/.local/lib/python3.8/site-packages/airflow/example_dags/tutorial.py
[2024-04-29T17:40:24.201+0000] {logging_mixin.py:188} INFO - [2024-04-29T17:40:24.201+0000] {dag.py:3047} INFO - Sync 1 DAGs
[2024-04-29T17:40:24.226+0000] {logging_mixin.py:188} INFO - [2024-04-29T17:40:24.226+0000] {dag.py:3834} INFO - Setting next_dagrun for tutorial to 2024-04-28 00:00:00+00:00, run_after=2024-04-29 00:00:00+00:00
[2024-04-29T17:40:24.250+0000] {processor.py:183} INFO - Processing /home/airflow/.local/lib/python3.8/site-packages/airflow/example_dags/tutorial.py took 0.084 seconds
[2024-04-29T17:40:54.375+0000] {processor.py:161} INFO - Started process (PID=5711) to work on /home/airflow/.local/lib/python3.8/site-packages/airflow/example_dags/tutorial.py
[2024-04-29T17:40:54.376+0000] {processor.py:830} INFO - Processing file /home/airflow/.local/lib/python3.8/site-packages/airflow/example_dags/tutorial.py for tasks to queue
[2024-04-29T17:40:54.377+0000] {logging_mixin.py:188} INFO - [2024-04-29T17:40:54.377+0000] {dagbag.py:540} INFO - Filling up the DagBag from /home/airflow/.local/lib/python3.8/site-packages/airflow/example_dags/tutorial.py
[2024-04-29T17:40:54.385+0000] {processor.py:840} INFO - DAG(s) 'tutorial' retrieved from /home/airflow/.local/lib/python3.8/site-packages/airflow/example_dags/tutorial.py
[2024-04-29T17:40:54.407+0000] {logging_mixin.py:188} INFO - [2024-04-29T17:40:54.407+0000] {dag.py:3047} INFO - Sync 1 DAGs
[2024-04-29T17:40:54.433+0000] {logging_mixin.py:188} INFO - [2024-04-29T17:40:54.433+0000] {dag.py:3834} INFO - Setting next_dagrun for tutorial to 2024-04-28 00:00:00+00:00, run_after=2024-04-29 00:00:00+00:00
[2024-04-29T17:40:54.460+0000] {processor.py:183} INFO - Processing /home/airflow/.local/lib/python3.8/site-packages/airflow/example_dags/tutorial.py took 0.088 seconds
[2024-04-29T17:41:24.671+0000] {processor.py:161} INFO - Started process (PID=5958) to work on /home/airflow/.local/lib/python3.8/site-packages/airflow/example_dags/tutorial.py
[2024-04-29T17:41:24.672+0000] {processor.py:830} INFO - Processing file /home/airflow/.local/lib/python3.8/site-packages/airflow/example_dags/tutorial.py for tasks to queue
[2024-04-29T17:41:24.673+0000] {logging_mixin.py:188} INFO - [2024-04-29T17:41:24.672+0000] {dagbag.py:540} INFO - Filling up the DagBag from /home/airflow/.local/lib/python3.8/site-packages/airflow/example_dags/tutorial.py
[2024-04-29T17:41:24.680+0000] {processor.py:840} INFO - DAG(s) 'tutorial' retrieved from /home/airflow/.local/lib/python3.8/site-packages/airflow/example_dags/tutorial.py
[2024-04-29T17:41:24.702+0000] {logging_mixin.py:188} INFO - [2024-04-29T17:41:24.702+0000] {dag.py:3047} INFO - Sync 1 DAGs
[2024-04-29T17:41:24.733+0000] {logging_mixin.py:188} INFO - [2024-04-29T17:41:24.732+0000] {dag.py:3834} INFO - Setting next_dagrun for tutorial to 2024-04-28 00:00:00+00:00, run_after=2024-04-29 00:00:00+00:00
[2024-04-29T17:41:24.757+0000] {processor.py:183} INFO - Processing /home/airflow/.local/lib/python3.8/site-packages/airflow/example_dags/tutorial.py took 0.089 seconds
[2024-04-29T17:41:54.927+0000] {processor.py:161} INFO - Started process (PID=6205) to work on /home/airflow/.local/lib/python3.8/site-packages/airflow/example_dags/tutorial.py
[2024-04-29T17:41:54.928+0000] {processor.py:830} INFO - Processing file /home/airflow/.local/lib/python3.8/site-packages/airflow/example_dags/tutorial.py for tasks to queue
[2024-04-29T17:41:54.928+0000] {logging_mixin.py:188} INFO - [2024-04-29T17:41:54.928+0000] {dagbag.py:540} INFO - Filling up the DagBag from /home/airflow/.local/lib/python3.8/site-packages/airflow/example_dags/tutorial.py
[2024-04-29T17:41:54.935+0000] {processor.py:840} INFO - DAG(s) 'tutorial' retrieved from /home/airflow/.local/lib/python3.8/site-packages/airflow/example_dags/tutorial.py
[2024-04-29T17:41:54.990+0000] {logging_mixin.py:188} INFO - [2024-04-29T17:41:54.990+0000] {dag.py:3047} INFO - Sync 1 DAGs
[2024-04-29T17:41:55.018+0000] {logging_mixin.py:188} INFO - [2024-04-29T17:41:55.018+0000] {dag.py:3834} INFO - Setting next_dagrun for tutorial to 2024-04-28 00:00:00+00:00, run_after=2024-04-29 00:00:00+00:00
[2024-04-29T17:41:55.041+0000] {processor.py:183} INFO - Processing /home/airflow/.local/lib/python3.8/site-packages/airflow/example_dags/tutorial.py took 0.117 seconds
[2024-04-29T17:42:25.432+0000] {processor.py:161} INFO - Started process (PID=6452) to work on /home/airflow/.local/lib/python3.8/site-packages/airflow/example_dags/tutorial.py
[2024-04-29T17:42:25.433+0000] {processor.py:830} INFO - Processing file /home/airflow/.local/lib/python3.8/site-packages/airflow/example_dags/tutorial.py for tasks to queue
[2024-04-29T17:42:25.434+0000] {logging_mixin.py:188} INFO - [2024-04-29T17:42:25.434+0000] {dagbag.py:540} INFO - Filling up the DagBag from /home/airflow/.local/lib/python3.8/site-packages/airflow/example_dags/tutorial.py
[2024-04-29T17:42:25.442+0000] {processor.py:840} INFO - DAG(s) 'tutorial' retrieved from /home/airflow/.local/lib/python3.8/site-packages/airflow/example_dags/tutorial.py
[2024-04-29T17:42:25.462+0000] {logging_mixin.py:188} INFO - [2024-04-29T17:42:25.462+0000] {dag.py:3047} INFO - Sync 1 DAGs
[2024-04-29T17:42:25.488+0000] {logging_mixin.py:188} INFO - [2024-04-29T17:42:25.488+0000] {dag.py:3834} INFO - Setting next_dagrun for tutorial to 2024-04-28 00:00:00+00:00, run_after=2024-04-29 00:00:00+00:00
[2024-04-29T17:42:25.522+0000] {processor.py:183} INFO - Processing /home/airflow/.local/lib/python3.8/site-packages/airflow/example_dags/tutorial.py took 0.094 seconds
[2024-04-29T17:42:55.659+0000] {processor.py:161} INFO - Started process (PID=6699) to work on /home/airflow/.local/lib/python3.8/site-packages/airflow/example_dags/tutorial.py
[2024-04-29T17:42:55.660+0000] {processor.py:830} INFO - Processing file /home/airflow/.local/lib/python3.8/site-packages/airflow/example_dags/tutorial.py for tasks to queue
[2024-04-29T17:42:55.662+0000] {logging_mixin.py:188} INFO - [2024-04-29T17:42:55.661+0000] {dagbag.py:540} INFO - Filling up the DagBag from /home/airflow/.local/lib/python3.8/site-packages/airflow/example_dags/tutorial.py
[2024-04-29T17:42:55.668+0000] {processor.py:840} INFO - DAG(s) 'tutorial' retrieved from /home/airflow/.local/lib/python3.8/site-packages/airflow/example_dags/tutorial.py
[2024-04-29T17:42:55.688+0000] {logging_mixin.py:188} INFO - [2024-04-29T17:42:55.688+0000] {dag.py:3047} INFO - Sync 1 DAGs
[2024-04-29T17:42:55.712+0000] {logging_mixin.py:188} INFO - [2024-04-29T17:42:55.711+0000] {dag.py:3834} INFO - Setting next_dagrun for tutorial to 2024-04-28 00:00:00+00:00, run_after=2024-04-29 00:00:00+00:00
[2024-04-29T17:42:55.737+0000] {processor.py:183} INFO - Processing /home/airflow/.local/lib/python3.8/site-packages/airflow/example_dags/tutorial.py took 0.082 seconds
[2024-04-29T17:43:26.017+0000] {processor.py:161} INFO - Started process (PID=6946) to work on /home/airflow/.local/lib/python3.8/site-packages/airflow/example_dags/tutorial.py
[2024-04-29T17:43:26.018+0000] {processor.py:830} INFO - Processing file /home/airflow/.local/lib/python3.8/site-packages/airflow/example_dags/tutorial.py for tasks to queue
[2024-04-29T17:43:26.019+0000] {logging_mixin.py:188} INFO - [2024-04-29T17:43:26.018+0000] {dagbag.py:540} INFO - Filling up the DagBag from /home/airflow/.local/lib/python3.8/site-packages/airflow/example_dags/tutorial.py
[2024-04-29T17:43:26.025+0000] {processor.py:840} INFO - DAG(s) 'tutorial' retrieved from /home/airflow/.local/lib/python3.8/site-packages/airflow/example_dags/tutorial.py
[2024-04-29T17:43:26.047+0000] {logging_mixin.py:188} INFO - [2024-04-29T17:43:26.047+0000] {dag.py:3047} INFO - Sync 1 DAGs
[2024-04-29T17:43:26.074+0000] {logging_mixin.py:188} INFO - [2024-04-29T17:43:26.074+0000] {dag.py:3834} INFO - Setting next_dagrun for tutorial to 2024-04-28 00:00:00+00:00, run_after=2024-04-29 00:00:00+00:00
[2024-04-29T17:43:26.100+0000] {processor.py:183} INFO - Processing /home/airflow/.local/lib/python3.8/site-packages/airflow/example_dags/tutorial.py took 0.087 seconds
[2024-04-29T17:43:57.088+0000] {processor.py:161} INFO - Started process (PID=7194) to work on /home/airflow/.local/lib/python3.8/site-packages/airflow/example_dags/tutorial.py
[2024-04-29T17:43:57.098+0000] {processor.py:830} INFO - Processing file /home/airflow/.local/lib/python3.8/site-packages/airflow/example_dags/tutorial.py for tasks to queue
[2024-04-29T17:43:57.099+0000] {logging_mixin.py:188} INFO - [2024-04-29T17:43:57.099+0000] {dagbag.py:540} INFO - Filling up the DagBag from /home/airflow/.local/lib/python3.8/site-packages/airflow/example_dags/tutorial.py
[2024-04-29T17:43:57.107+0000] {processor.py:840} INFO - DAG(s) 'tutorial' retrieved from /home/airflow/.local/lib/python3.8/site-packages/airflow/example_dags/tutorial.py
[2024-04-29T17:43:57.137+0000] {logging_mixin.py:188} INFO - [2024-04-29T17:43:57.137+0000] {dag.py:3047} INFO - Sync 1 DAGs
[2024-04-29T17:43:57.164+0000] {logging_mixin.py:188} INFO - [2024-04-29T17:43:57.164+0000] {dag.py:3834} INFO - Setting next_dagrun for tutorial to 2024-04-28 00:00:00+00:00, run_after=2024-04-29 00:00:00+00:00
[2024-04-29T17:43:57.192+0000] {processor.py:183} INFO - Processing /home/airflow/.local/lib/python3.8/site-packages/airflow/example_dags/tutorial.py took 0.108 seconds
[2024-04-29T17:44:27.495+0000] {processor.py:161} INFO - Started process (PID=7440) to work on /home/airflow/.local/lib/python3.8/site-packages/airflow/example_dags/tutorial.py
[2024-04-29T17:44:27.496+0000] {processor.py:830} INFO - Processing file /home/airflow/.local/lib/python3.8/site-packages/airflow/example_dags/tutorial.py for tasks to queue
[2024-04-29T17:44:27.497+0000] {logging_mixin.py:188} INFO - [2024-04-29T17:44:27.497+0000] {dagbag.py:540} INFO - Filling up the DagBag from /home/airflow/.local/lib/python3.8/site-packages/airflow/example_dags/tutorial.py
[2024-04-29T17:44:27.503+0000] {processor.py:840} INFO - DAG(s) 'tutorial' retrieved from /home/airflow/.local/lib/python3.8/site-packages/airflow/example_dags/tutorial.py
[2024-04-29T17:44:27.525+0000] {logging_mixin.py:188} INFO - [2024-04-29T17:44:27.525+0000] {dag.py:3047} INFO - Sync 1 DAGs
[2024-04-29T17:44:27.550+0000] {logging_mixin.py:188} INFO - [2024-04-29T17:44:27.550+0000] {dag.py:3834} INFO - Setting next_dagrun for tutorial to 2024-04-28 00:00:00+00:00, run_after=2024-04-29 00:00:00+00:00
[2024-04-29T17:44:27.574+0000] {processor.py:183} INFO - Processing /home/airflow/.local/lib/python3.8/site-packages/airflow/example_dags/tutorial.py took 0.083 seconds
[2024-04-29T17:44:58.037+0000] {processor.py:161} INFO - Started process (PID=7689) to work on /home/airflow/.local/lib/python3.8/site-packages/airflow/example_dags/tutorial.py
[2024-04-29T17:44:58.037+0000] {processor.py:830} INFO - Processing file /home/airflow/.local/lib/python3.8/site-packages/airflow/example_dags/tutorial.py for tasks to queue
[2024-04-29T17:44:58.038+0000] {logging_mixin.py:188} INFO - [2024-04-29T17:44:58.038+0000] {dagbag.py:540} INFO - Filling up the DagBag from /home/airflow/.local/lib/python3.8/site-packages/airflow/example_dags/tutorial.py
[2024-04-29T17:44:58.043+0000] {processor.py:840} INFO - DAG(s) 'tutorial' retrieved from /home/airflow/.local/lib/python3.8/site-packages/airflow/example_dags/tutorial.py
[2024-04-29T17:44:58.059+0000] {logging_mixin.py:188} INFO - [2024-04-29T17:44:58.059+0000] {dag.py:3047} INFO - Sync 1 DAGs
[2024-04-29T17:44:58.076+0000] {logging_mixin.py:188} INFO - [2024-04-29T17:44:58.075+0000] {dag.py:3834} INFO - Setting next_dagrun for tutorial to 2024-04-28 00:00:00+00:00, run_after=2024-04-29 00:00:00+00:00
[2024-04-29T17:44:58.095+0000] {processor.py:183} INFO - Processing /home/airflow/.local/lib/python3.8/site-packages/airflow/example_dags/tutorial.py took 0.060 seconds
[2024-04-29T17:45:28.409+0000] {processor.py:161} INFO - Started process (PID=7935) to work on /home/airflow/.local/lib/python3.8/site-packages/airflow/example_dags/tutorial.py
[2024-04-29T17:45:28.410+0000] {processor.py:830} INFO - Processing file /home/airflow/.local/lib/python3.8/site-packages/airflow/example_dags/tutorial.py for tasks to queue
[2024-04-29T17:45:28.411+0000] {logging_mixin.py:188} INFO - [2024-04-29T17:45:28.411+0000] {dagbag.py:540} INFO - Filling up the DagBag from /home/airflow/.local/lib/python3.8/site-packages/airflow/example_dags/tutorial.py
[2024-04-29T17:45:28.417+0000] {processor.py:840} INFO - DAG(s) 'tutorial' retrieved from /home/airflow/.local/lib/python3.8/site-packages/airflow/example_dags/tutorial.py
[2024-04-29T17:45:28.440+0000] {logging_mixin.py:188} INFO - [2024-04-29T17:45:28.439+0000] {dag.py:3047} INFO - Sync 1 DAGs
[2024-04-29T17:45:28.465+0000] {logging_mixin.py:188} INFO - [2024-04-29T17:45:28.465+0000] {dag.py:3834} INFO - Setting next_dagrun for tutorial to 2024-04-28 00:00:00+00:00, run_after=2024-04-29 00:00:00+00:00
[2024-04-29T17:45:28.491+0000] {processor.py:183} INFO - Processing /home/airflow/.local/lib/python3.8/site-packages/airflow/example_dags/tutorial.py took 0.084 seconds
[2024-04-29T17:45:58.753+0000] {processor.py:161} INFO - Started process (PID=8183) to work on /home/airflow/.local/lib/python3.8/site-packages/airflow/example_dags/tutorial.py
[2024-04-29T17:45:58.754+0000] {processor.py:830} INFO - Processing file /home/airflow/.local/lib/python3.8/site-packages/airflow/example_dags/tutorial.py for tasks to queue
[2024-04-29T17:45:58.756+0000] {logging_mixin.py:188} INFO - [2024-04-29T17:45:58.755+0000] {dagbag.py:540} INFO - Filling up the DagBag from /home/airflow/.local/lib/python3.8/site-packages/airflow/example_dags/tutorial.py
[2024-04-29T17:45:58.763+0000] {processor.py:840} INFO - DAG(s) 'tutorial' retrieved from /home/airflow/.local/lib/python3.8/site-packages/airflow/example_dags/tutorial.py
[2024-04-29T17:45:58.785+0000] {logging_mixin.py:188} INFO - [2024-04-29T17:45:58.785+0000] {dag.py:3047} INFO - Sync 1 DAGs
[2024-04-29T17:45:58.808+0000] {logging_mixin.py:188} INFO - [2024-04-29T17:45:58.808+0000] {dag.py:3834} INFO - Setting next_dagrun for tutorial to 2024-04-28 00:00:00+00:00, run_after=2024-04-29 00:00:00+00:00
[2024-04-29T17:45:58.832+0000] {processor.py:183} INFO - Processing /home/airflow/.local/lib/python3.8/site-packages/airflow/example_dags/tutorial.py took 0.083 seconds
[2024-04-29T17:46:29.034+0000] {processor.py:161} INFO - Started process (PID=8431) to work on /home/airflow/.local/lib/python3.8/site-packages/airflow/example_dags/tutorial.py
[2024-04-29T17:46:29.035+0000] {processor.py:830} INFO - Processing file /home/airflow/.local/lib/python3.8/site-packages/airflow/example_dags/tutorial.py for tasks to queue
[2024-04-29T17:46:29.036+0000] {logging_mixin.py:188} INFO - [2024-04-29T17:46:29.036+0000] {dagbag.py:540} INFO - Filling up the DagBag from /home/airflow/.local/lib/python3.8/site-packages/airflow/example_dags/tutorial.py
[2024-04-29T17:46:29.041+0000] {processor.py:840} INFO - DAG(s) 'tutorial' retrieved from /home/airflow/.local/lib/python3.8/site-packages/airflow/example_dags/tutorial.py
[2024-04-29T17:46:29.062+0000] {logging_mixin.py:188} INFO - [2024-04-29T17:46:29.062+0000] {dag.py:3047} INFO - Sync 1 DAGs
[2024-04-29T17:46:29.086+0000] {logging_mixin.py:188} INFO - [2024-04-29T17:46:29.086+0000] {dag.py:3834} INFO - Setting next_dagrun for tutorial to 2024-04-28 00:00:00+00:00, run_after=2024-04-29 00:00:00+00:00
[2024-04-29T17:46:29.110+0000] {processor.py:183} INFO - Processing /home/airflow/.local/lib/python3.8/site-packages/airflow/example_dags/tutorial.py took 0.080 seconds
[2024-04-29T17:46:59.671+0000] {processor.py:161} INFO - Started process (PID=8678) to work on /home/airflow/.local/lib/python3.8/site-packages/airflow/example_dags/tutorial.py
[2024-04-29T17:46:59.672+0000] {processor.py:830} INFO - Processing file /home/airflow/.local/lib/python3.8/site-packages/airflow/example_dags/tutorial.py for tasks to queue
[2024-04-29T17:46:59.673+0000] {logging_mixin.py:188} INFO - [2024-04-29T17:46:59.673+0000] {dagbag.py:540} INFO - Filling up the DagBag from /home/airflow/.local/lib/python3.8/site-packages/airflow/example_dags/tutorial.py
[2024-04-29T17:46:59.680+0000] {processor.py:840} INFO - DAG(s) 'tutorial' retrieved from /home/airflow/.local/lib/python3.8/site-packages/airflow/example_dags/tutorial.py
[2024-04-29T17:46:59.701+0000] {logging_mixin.py:188} INFO - [2024-04-29T17:46:59.701+0000] {dag.py:3047} INFO - Sync 1 DAGs
[2024-04-29T17:46:59.729+0000] {logging_mixin.py:188} INFO - [2024-04-29T17:46:59.729+0000] {dag.py:3834} INFO - Setting next_dagrun for tutorial to 2024-04-28 00:00:00+00:00, run_after=2024-04-29 00:00:00+00:00
[2024-04-29T17:46:59.761+0000] {processor.py:183} INFO - Processing /home/airflow/.local/lib/python3.8/site-packages/airflow/example_dags/tutorial.py took 0.093 seconds
[2024-04-29T17:47:30.069+0000] {processor.py:161} INFO - Started process (PID=8926) to work on /home/airflow/.local/lib/python3.8/site-packages/airflow/example_dags/tutorial.py
[2024-04-29T17:47:30.070+0000] {processor.py:830} INFO - Processing file /home/airflow/.local/lib/python3.8/site-packages/airflow/example_dags/tutorial.py for tasks to queue
[2024-04-29T17:47:30.071+0000] {logging_mixin.py:188} INFO - [2024-04-29T17:47:30.071+0000] {dagbag.py:540} INFO - Filling up the DagBag from /home/airflow/.local/lib/python3.8/site-packages/airflow/example_dags/tutorial.py
[2024-04-29T17:47:30.078+0000] {processor.py:840} INFO - DAG(s) 'tutorial' retrieved from /home/airflow/.local/lib/python3.8/site-packages/airflow/example_dags/tutorial.py
[2024-04-29T17:47:30.122+0000] {logging_mixin.py:188} INFO - [2024-04-29T17:47:30.122+0000] {dag.py:3047} INFO - Sync 1 DAGs
[2024-04-29T17:47:30.147+0000] {logging_mixin.py:188} INFO - [2024-04-29T17:47:30.146+0000] {dag.py:3834} INFO - Setting next_dagrun for tutorial to 2024-04-28 00:00:00+00:00, run_after=2024-04-29 00:00:00+00:00
[2024-04-29T17:47:30.172+0000] {processor.py:183} INFO - Processing /home/airflow/.local/lib/python3.8/site-packages/airflow/example_dags/tutorial.py took 0.107 seconds
[2024-04-29T17:48:00.482+0000] {processor.py:161} INFO - Started process (PID=9174) to work on /home/airflow/.local/lib/python3.8/site-packages/airflow/example_dags/tutorial.py
[2024-04-29T17:48:00.483+0000] {processor.py:830} INFO - Processing file /home/airflow/.local/lib/python3.8/site-packages/airflow/example_dags/tutorial.py for tasks to queue
[2024-04-29T17:48:00.484+0000] {logging_mixin.py:188} INFO - [2024-04-29T17:48:00.484+0000] {dagbag.py:540} INFO - Filling up the DagBag from /home/airflow/.local/lib/python3.8/site-packages/airflow/example_dags/tutorial.py
[2024-04-29T17:48:00.489+0000] {processor.py:840} INFO - DAG(s) 'tutorial' retrieved from /home/airflow/.local/lib/python3.8/site-packages/airflow/example_dags/tutorial.py
[2024-04-29T17:48:00.512+0000] {logging_mixin.py:188} INFO - [2024-04-29T17:48:00.511+0000] {dag.py:3047} INFO - Sync 1 DAGs
[2024-04-29T17:48:00.535+0000] {logging_mixin.py:188} INFO - [2024-04-29T17:48:00.535+0000] {dag.py:3834} INFO - Setting next_dagrun for tutorial to 2024-04-28 00:00:00+00:00, run_after=2024-04-29 00:00:00+00:00
[2024-04-29T17:48:00.561+0000] {processor.py:183} INFO - Processing /home/airflow/.local/lib/python3.8/site-packages/airflow/example_dags/tutorial.py took 0.083 seconds
