[2024-04-29T17:30:00.697+0000] {processor.py:161} INFO - Started process (PID=213) to work on /home/airflow/.local/lib/python3.8/site-packages/airflow/example_dags/tutorial_dag.py
[2024-04-29T17:30:00.698+0000] {processor.py:830} INFO - Processing file /home/airflow/.local/lib/python3.8/site-packages/airflow/example_dags/tutorial_dag.py for tasks to queue
[2024-04-29T17:30:00.699+0000] {logging_mixin.py:188} INFO - [2024-04-29T17:30:00.699+0000] {dagbag.py:540} INFO - Filling up the DagBag from /home/airflow/.local/lib/python3.8/site-packages/airflow/example_dags/tutorial_dag.py
[2024-04-29T17:30:00.709+0000] {processor.py:840} INFO - DAG(s) 'tutorial_dag' retrieved from /home/airflow/.local/lib/python3.8/site-packages/airflow/example_dags/tutorial_dag.py
[2024-04-29T17:30:00.884+0000] {logging_mixin.py:188} INFO - [2024-04-29T17:30:00.883+0000] {override.py:1769} INFO - Created Permission View: can edit on DAG:tutorial_dag
[2024-04-29T17:30:00.900+0000] {logging_mixin.py:188} INFO - [2024-04-29T17:30:00.899+0000] {override.py:1769} INFO - Created Permission View: can delete on DAG:tutorial_dag
[2024-04-29T17:30:00.913+0000] {logging_mixin.py:188} INFO - [2024-04-29T17:30:00.913+0000] {override.py:1769} INFO - Created Permission View: can read on DAG:tutorial_dag
[2024-04-29T17:30:00.916+0000] {logging_mixin.py:188} INFO - [2024-04-29T17:30:00.916+0000] {dag.py:3047} INFO - Sync 1 DAGs
[2024-04-29T17:30:00.951+0000] {logging_mixin.py:188} INFO - [2024-04-29T17:30:00.951+0000] {dag.py:3069} INFO - Creating ORM DAG for tutorial_dag
[2024-04-29T17:30:00.952+0000] {logging_mixin.py:188} INFO - [2024-04-29T17:30:00.952+0000] {dag.py:3834} INFO - Setting next_dagrun for tutorial_dag to None, run_after=None
[2024-04-29T17:30:00.987+0000] {processor.py:183} INFO - Processing /home/airflow/.local/lib/python3.8/site-packages/airflow/example_dags/tutorial_dag.py took 0.294 seconds
[2024-04-29T17:30:31.222+0000] {processor.py:161} INFO - Started process (PID=458) to work on /home/airflow/.local/lib/python3.8/site-packages/airflow/example_dags/tutorial_dag.py
[2024-04-29T17:30:31.223+0000] {processor.py:830} INFO - Processing file /home/airflow/.local/lib/python3.8/site-packages/airflow/example_dags/tutorial_dag.py for tasks to queue
[2024-04-29T17:30:31.224+0000] {logging_mixin.py:188} INFO - [2024-04-29T17:30:31.224+0000] {dagbag.py:540} INFO - Filling up the DagBag from /home/airflow/.local/lib/python3.8/site-packages/airflow/example_dags/tutorial_dag.py
[2024-04-29T17:30:31.229+0000] {processor.py:840} INFO - DAG(s) 'tutorial_dag' retrieved from /home/airflow/.local/lib/python3.8/site-packages/airflow/example_dags/tutorial_dag.py
[2024-04-29T17:30:31.250+0000] {logging_mixin.py:188} INFO - [2024-04-29T17:30:31.250+0000] {dag.py:3047} INFO - Sync 1 DAGs
[2024-04-29T17:30:31.263+0000] {logging_mixin.py:188} INFO - [2024-04-29T17:30:31.263+0000] {dag.py:3834} INFO - Setting next_dagrun for tutorial_dag to None, run_after=None
[2024-04-29T17:30:31.283+0000] {processor.py:183} INFO - Processing /home/airflow/.local/lib/python3.8/site-packages/airflow/example_dags/tutorial_dag.py took 0.065 seconds
[2024-04-29T17:31:01.568+0000] {processor.py:161} INFO - Started process (PID=705) to work on /home/airflow/.local/lib/python3.8/site-packages/airflow/example_dags/tutorial_dag.py
[2024-04-29T17:31:01.569+0000] {processor.py:830} INFO - Processing file /home/airflow/.local/lib/python3.8/site-packages/airflow/example_dags/tutorial_dag.py for tasks to queue
[2024-04-29T17:31:01.570+0000] {logging_mixin.py:188} INFO - [2024-04-29T17:31:01.569+0000] {dagbag.py:540} INFO - Filling up the DagBag from /home/airflow/.local/lib/python3.8/site-packages/airflow/example_dags/tutorial_dag.py
[2024-04-29T17:31:01.575+0000] {processor.py:840} INFO - DAG(s) 'tutorial_dag' retrieved from /home/airflow/.local/lib/python3.8/site-packages/airflow/example_dags/tutorial_dag.py
[2024-04-29T17:31:01.602+0000] {logging_mixin.py:188} INFO - [2024-04-29T17:31:01.602+0000] {dag.py:3047} INFO - Sync 1 DAGs
[2024-04-29T17:31:01.612+0000] {logging_mixin.py:188} INFO - [2024-04-29T17:31:01.612+0000] {dag.py:3834} INFO - Setting next_dagrun for tutorial_dag to None, run_after=None
[2024-04-29T17:31:01.633+0000] {processor.py:183} INFO - Processing /home/airflow/.local/lib/python3.8/site-packages/airflow/example_dags/tutorial_dag.py took 0.069 seconds
[2024-04-29T17:31:32.129+0000] {processor.py:161} INFO - Started process (PID=952) to work on /home/airflow/.local/lib/python3.8/site-packages/airflow/example_dags/tutorial_dag.py
[2024-04-29T17:31:32.130+0000] {processor.py:830} INFO - Processing file /home/airflow/.local/lib/python3.8/site-packages/airflow/example_dags/tutorial_dag.py for tasks to queue
[2024-04-29T17:31:32.131+0000] {logging_mixin.py:188} INFO - [2024-04-29T17:31:32.130+0000] {dagbag.py:540} INFO - Filling up the DagBag from /home/airflow/.local/lib/python3.8/site-packages/airflow/example_dags/tutorial_dag.py
[2024-04-29T17:31:32.136+0000] {processor.py:840} INFO - DAG(s) 'tutorial_dag' retrieved from /home/airflow/.local/lib/python3.8/site-packages/airflow/example_dags/tutorial_dag.py
[2024-04-29T17:31:32.158+0000] {logging_mixin.py:188} INFO - [2024-04-29T17:31:32.158+0000] {dag.py:3047} INFO - Sync 1 DAGs
[2024-04-29T17:31:32.172+0000] {logging_mixin.py:188} INFO - [2024-04-29T17:31:32.172+0000] {dag.py:3834} INFO - Setting next_dagrun for tutorial_dag to None, run_after=None
[2024-04-29T17:31:32.200+0000] {processor.py:183} INFO - Processing /home/airflow/.local/lib/python3.8/site-packages/airflow/example_dags/tutorial_dag.py took 0.075 seconds
[2024-04-29T17:32:02.545+0000] {processor.py:161} INFO - Started process (PID=1200) to work on /home/airflow/.local/lib/python3.8/site-packages/airflow/example_dags/tutorial_dag.py
[2024-04-29T17:32:02.546+0000] {processor.py:830} INFO - Processing file /home/airflow/.local/lib/python3.8/site-packages/airflow/example_dags/tutorial_dag.py for tasks to queue
[2024-04-29T17:32:02.547+0000] {logging_mixin.py:188} INFO - [2024-04-29T17:32:02.547+0000] {dagbag.py:540} INFO - Filling up the DagBag from /home/airflow/.local/lib/python3.8/site-packages/airflow/example_dags/tutorial_dag.py
[2024-04-29T17:32:02.552+0000] {processor.py:840} INFO - DAG(s) 'tutorial_dag' retrieved from /home/airflow/.local/lib/python3.8/site-packages/airflow/example_dags/tutorial_dag.py
[2024-04-29T17:32:02.576+0000] {logging_mixin.py:188} INFO - [2024-04-29T17:32:02.576+0000] {dag.py:3047} INFO - Sync 1 DAGs
[2024-04-29T17:32:02.591+0000] {logging_mixin.py:188} INFO - [2024-04-29T17:32:02.591+0000] {dag.py:3834} INFO - Setting next_dagrun for tutorial_dag to None, run_after=None
[2024-04-29T17:32:02.622+0000] {processor.py:183} INFO - Processing /home/airflow/.local/lib/python3.8/site-packages/airflow/example_dags/tutorial_dag.py took 0.080 seconds
[2024-04-29T17:32:33.059+0000] {processor.py:161} INFO - Started process (PID=1448) to work on /home/airflow/.local/lib/python3.8/site-packages/airflow/example_dags/tutorial_dag.py
[2024-04-29T17:32:33.060+0000] {processor.py:830} INFO - Processing file /home/airflow/.local/lib/python3.8/site-packages/airflow/example_dags/tutorial_dag.py for tasks to queue
[2024-04-29T17:32:33.061+0000] {logging_mixin.py:188} INFO - [2024-04-29T17:32:33.061+0000] {dagbag.py:540} INFO - Filling up the DagBag from /home/airflow/.local/lib/python3.8/site-packages/airflow/example_dags/tutorial_dag.py
[2024-04-29T17:32:33.067+0000] {processor.py:840} INFO - DAG(s) 'tutorial_dag' retrieved from /home/airflow/.local/lib/python3.8/site-packages/airflow/example_dags/tutorial_dag.py
[2024-04-29T17:32:33.088+0000] {logging_mixin.py:188} INFO - [2024-04-29T17:32:33.088+0000] {dag.py:3047} INFO - Sync 1 DAGs
[2024-04-29T17:32:33.102+0000] {logging_mixin.py:188} INFO - [2024-04-29T17:32:33.102+0000] {dag.py:3834} INFO - Setting next_dagrun for tutorial_dag to None, run_after=None
[2024-04-29T17:32:33.124+0000] {processor.py:183} INFO - Processing /home/airflow/.local/lib/python3.8/site-packages/airflow/example_dags/tutorial_dag.py took 0.068 seconds
[2024-04-29T17:33:03.746+0000] {processor.py:161} INFO - Started process (PID=1696) to work on /home/airflow/.local/lib/python3.8/site-packages/airflow/example_dags/tutorial_dag.py
[2024-04-29T17:33:03.747+0000] {processor.py:830} INFO - Processing file /home/airflow/.local/lib/python3.8/site-packages/airflow/example_dags/tutorial_dag.py for tasks to queue
[2024-04-29T17:33:03.748+0000] {logging_mixin.py:188} INFO - [2024-04-29T17:33:03.747+0000] {dagbag.py:540} INFO - Filling up the DagBag from /home/airflow/.local/lib/python3.8/site-packages/airflow/example_dags/tutorial_dag.py
[2024-04-29T17:33:03.753+0000] {processor.py:840} INFO - DAG(s) 'tutorial_dag' retrieved from /home/airflow/.local/lib/python3.8/site-packages/airflow/example_dags/tutorial_dag.py
[2024-04-29T17:33:03.776+0000] {logging_mixin.py:188} INFO - [2024-04-29T17:33:03.776+0000] {dag.py:3047} INFO - Sync 1 DAGs
[2024-04-29T17:33:03.790+0000] {logging_mixin.py:188} INFO - [2024-04-29T17:33:03.790+0000] {dag.py:3834} INFO - Setting next_dagrun for tutorial_dag to None, run_after=None
[2024-04-29T17:33:03.816+0000] {processor.py:183} INFO - Processing /home/airflow/.local/lib/python3.8/site-packages/airflow/example_dags/tutorial_dag.py took 0.074 seconds
[2024-04-29T17:33:34.269+0000] {processor.py:161} INFO - Started process (PID=1943) to work on /home/airflow/.local/lib/python3.8/site-packages/airflow/example_dags/tutorial_dag.py
[2024-04-29T17:33:34.271+0000] {processor.py:830} INFO - Processing file /home/airflow/.local/lib/python3.8/site-packages/airflow/example_dags/tutorial_dag.py for tasks to queue
[2024-04-29T17:33:34.272+0000] {logging_mixin.py:188} INFO - [2024-04-29T17:33:34.272+0000] {dagbag.py:540} INFO - Filling up the DagBag from /home/airflow/.local/lib/python3.8/site-packages/airflow/example_dags/tutorial_dag.py
[2024-04-29T17:33:34.278+0000] {processor.py:840} INFO - DAG(s) 'tutorial_dag' retrieved from /home/airflow/.local/lib/python3.8/site-packages/airflow/example_dags/tutorial_dag.py
[2024-04-29T17:33:34.301+0000] {logging_mixin.py:188} INFO - [2024-04-29T17:33:34.301+0000] {dag.py:3047} INFO - Sync 1 DAGs
[2024-04-29T17:33:34.317+0000] {logging_mixin.py:188} INFO - [2024-04-29T17:33:34.317+0000] {dag.py:3834} INFO - Setting next_dagrun for tutorial_dag to None, run_after=None
[2024-04-29T17:33:34.343+0000] {processor.py:183} INFO - Processing /home/airflow/.local/lib/python3.8/site-packages/airflow/example_dags/tutorial_dag.py took 0.077 seconds
[2024-04-29T17:34:04.620+0000] {processor.py:161} INFO - Started process (PID=2189) to work on /home/airflow/.local/lib/python3.8/site-packages/airflow/example_dags/tutorial_dag.py
[2024-04-29T17:34:04.621+0000] {processor.py:830} INFO - Processing file /home/airflow/.local/lib/python3.8/site-packages/airflow/example_dags/tutorial_dag.py for tasks to queue
[2024-04-29T17:34:04.622+0000] {logging_mixin.py:188} INFO - [2024-04-29T17:34:04.621+0000] {dagbag.py:540} INFO - Filling up the DagBag from /home/airflow/.local/lib/python3.8/site-packages/airflow/example_dags/tutorial_dag.py
[2024-04-29T17:34:04.627+0000] {processor.py:840} INFO - DAG(s) 'tutorial_dag' retrieved from /home/airflow/.local/lib/python3.8/site-packages/airflow/example_dags/tutorial_dag.py
[2024-04-29T17:34:04.651+0000] {logging_mixin.py:188} INFO - [2024-04-29T17:34:04.651+0000] {dag.py:3047} INFO - Sync 1 DAGs
[2024-04-29T17:34:04.665+0000] {logging_mixin.py:188} INFO - [2024-04-29T17:34:04.665+0000] {dag.py:3834} INFO - Setting next_dagrun for tutorial_dag to None, run_after=None
[2024-04-29T17:34:04.690+0000] {processor.py:183} INFO - Processing /home/airflow/.local/lib/python3.8/site-packages/airflow/example_dags/tutorial_dag.py took 0.074 seconds
[2024-04-29T17:34:35.329+0000] {processor.py:161} INFO - Started process (PID=2435) to work on /home/airflow/.local/lib/python3.8/site-packages/airflow/example_dags/tutorial_dag.py
[2024-04-29T17:34:35.330+0000] {processor.py:830} INFO - Processing file /home/airflow/.local/lib/python3.8/site-packages/airflow/example_dags/tutorial_dag.py for tasks to queue
[2024-04-29T17:34:35.331+0000] {logging_mixin.py:188} INFO - [2024-04-29T17:34:35.331+0000] {dagbag.py:540} INFO - Filling up the DagBag from /home/airflow/.local/lib/python3.8/site-packages/airflow/example_dags/tutorial_dag.py
[2024-04-29T17:34:35.339+0000] {processor.py:840} INFO - DAG(s) 'tutorial_dag' retrieved from /home/airflow/.local/lib/python3.8/site-packages/airflow/example_dags/tutorial_dag.py
[2024-04-29T17:34:35.364+0000] {logging_mixin.py:188} INFO - [2024-04-29T17:34:35.364+0000] {dag.py:3047} INFO - Sync 1 DAGs
[2024-04-29T17:34:35.379+0000] {logging_mixin.py:188} INFO - [2024-04-29T17:34:35.379+0000] {dag.py:3834} INFO - Setting next_dagrun for tutorial_dag to None, run_after=None
[2024-04-29T17:34:35.428+0000] {processor.py:183} INFO - Processing /home/airflow/.local/lib/python3.8/site-packages/airflow/example_dags/tutorial_dag.py took 0.103 seconds
[2024-04-29T17:35:05.794+0000] {processor.py:161} INFO - Started process (PID=2683) to work on /home/airflow/.local/lib/python3.8/site-packages/airflow/example_dags/tutorial_dag.py
[2024-04-29T17:35:05.795+0000] {processor.py:830} INFO - Processing file /home/airflow/.local/lib/python3.8/site-packages/airflow/example_dags/tutorial_dag.py for tasks to queue
[2024-04-29T17:35:05.796+0000] {logging_mixin.py:188} INFO - [2024-04-29T17:35:05.796+0000] {dagbag.py:540} INFO - Filling up the DagBag from /home/airflow/.local/lib/python3.8/site-packages/airflow/example_dags/tutorial_dag.py
[2024-04-29T17:35:05.802+0000] {processor.py:840} INFO - DAG(s) 'tutorial_dag' retrieved from /home/airflow/.local/lib/python3.8/site-packages/airflow/example_dags/tutorial_dag.py
[2024-04-29T17:35:05.825+0000] {logging_mixin.py:188} INFO - [2024-04-29T17:35:05.825+0000] {dag.py:3047} INFO - Sync 1 DAGs
[2024-04-29T17:35:05.840+0000] {logging_mixin.py:188} INFO - [2024-04-29T17:35:05.839+0000] {dag.py:3834} INFO - Setting next_dagrun for tutorial_dag to None, run_after=None
[2024-04-29T17:35:05.864+0000] {processor.py:183} INFO - Processing /home/airflow/.local/lib/python3.8/site-packages/airflow/example_dags/tutorial_dag.py took 0.073 seconds
[2024-04-29T17:35:36.585+0000] {processor.py:161} INFO - Started process (PID=2930) to work on /home/airflow/.local/lib/python3.8/site-packages/airflow/example_dags/tutorial_dag.py
[2024-04-29T17:35:36.586+0000] {processor.py:830} INFO - Processing file /home/airflow/.local/lib/python3.8/site-packages/airflow/example_dags/tutorial_dag.py for tasks to queue
[2024-04-29T17:35:36.587+0000] {logging_mixin.py:188} INFO - [2024-04-29T17:35:36.587+0000] {dagbag.py:540} INFO - Filling up the DagBag from /home/airflow/.local/lib/python3.8/site-packages/airflow/example_dags/tutorial_dag.py
[2024-04-29T17:35:36.593+0000] {processor.py:840} INFO - DAG(s) 'tutorial_dag' retrieved from /home/airflow/.local/lib/python3.8/site-packages/airflow/example_dags/tutorial_dag.py
[2024-04-29T17:35:36.626+0000] {logging_mixin.py:188} INFO - [2024-04-29T17:35:36.625+0000] {dag.py:3047} INFO - Sync 1 DAGs
[2024-04-29T17:35:36.640+0000] {logging_mixin.py:188} INFO - [2024-04-29T17:35:36.640+0000] {dag.py:3834} INFO - Setting next_dagrun for tutorial_dag to None, run_after=None
[2024-04-29T17:35:36.672+0000] {processor.py:183} INFO - Processing /home/airflow/.local/lib/python3.8/site-packages/airflow/example_dags/tutorial_dag.py took 0.091 seconds
[2024-04-29T17:36:07.287+0000] {processor.py:161} INFO - Started process (PID=3179) to work on /home/airflow/.local/lib/python3.8/site-packages/airflow/example_dags/tutorial_dag.py
[2024-04-29T17:36:07.288+0000] {processor.py:830} INFO - Processing file /home/airflow/.local/lib/python3.8/site-packages/airflow/example_dags/tutorial_dag.py for tasks to queue
[2024-04-29T17:36:07.289+0000] {logging_mixin.py:188} INFO - [2024-04-29T17:36:07.288+0000] {dagbag.py:540} INFO - Filling up the DagBag from /home/airflow/.local/lib/python3.8/site-packages/airflow/example_dags/tutorial_dag.py
[2024-04-29T17:36:07.294+0000] {processor.py:840} INFO - DAG(s) 'tutorial_dag' retrieved from /home/airflow/.local/lib/python3.8/site-packages/airflow/example_dags/tutorial_dag.py
[2024-04-29T17:36:07.322+0000] {logging_mixin.py:188} INFO - [2024-04-29T17:36:07.321+0000] {dag.py:3047} INFO - Sync 1 DAGs
[2024-04-29T17:36:07.336+0000] {logging_mixin.py:188} INFO - [2024-04-29T17:36:07.336+0000] {dag.py:3834} INFO - Setting next_dagrun for tutorial_dag to None, run_after=None
[2024-04-29T17:36:07.360+0000] {processor.py:183} INFO - Processing /home/airflow/.local/lib/python3.8/site-packages/airflow/example_dags/tutorial_dag.py took 0.078 seconds
[2024-04-29T17:36:37.704+0000] {processor.py:161} INFO - Started process (PID=3427) to work on /home/airflow/.local/lib/python3.8/site-packages/airflow/example_dags/tutorial_dag.py
[2024-04-29T17:36:37.705+0000] {processor.py:830} INFO - Processing file /home/airflow/.local/lib/python3.8/site-packages/airflow/example_dags/tutorial_dag.py for tasks to queue
[2024-04-29T17:36:37.706+0000] {logging_mixin.py:188} INFO - [2024-04-29T17:36:37.706+0000] {dagbag.py:540} INFO - Filling up the DagBag from /home/airflow/.local/lib/python3.8/site-packages/airflow/example_dags/tutorial_dag.py
[2024-04-29T17:36:37.714+0000] {processor.py:840} INFO - DAG(s) 'tutorial_dag' retrieved from /home/airflow/.local/lib/python3.8/site-packages/airflow/example_dags/tutorial_dag.py
[2024-04-29T17:36:37.738+0000] {logging_mixin.py:188} INFO - [2024-04-29T17:36:37.738+0000] {dag.py:3047} INFO - Sync 1 DAGs
[2024-04-29T17:36:37.752+0000] {logging_mixin.py:188} INFO - [2024-04-29T17:36:37.752+0000] {dag.py:3834} INFO - Setting next_dagrun for tutorial_dag to None, run_after=None
[2024-04-29T17:36:37.777+0000] {processor.py:183} INFO - Processing /home/airflow/.local/lib/python3.8/site-packages/airflow/example_dags/tutorial_dag.py took 0.076 seconds
[2024-04-29T17:37:09.496+0000] {processor.py:161} INFO - Started process (PID=3709) to work on /home/airflow/.local/lib/python3.8/site-packages/airflow/example_dags/tutorial_dag.py
[2024-04-29T17:37:09.498+0000] {processor.py:830} INFO - Processing file /home/airflow/.local/lib/python3.8/site-packages/airflow/example_dags/tutorial_dag.py for tasks to queue
[2024-04-29T17:37:09.499+0000] {logging_mixin.py:188} INFO - [2024-04-29T17:37:09.499+0000] {dagbag.py:540} INFO - Filling up the DagBag from /home/airflow/.local/lib/python3.8/site-packages/airflow/example_dags/tutorial_dag.py
[2024-04-29T17:37:09.526+0000] {processor.py:840} INFO - DAG(s) 'tutorial_dag' retrieved from /home/airflow/.local/lib/python3.8/site-packages/airflow/example_dags/tutorial_dag.py
[2024-04-29T17:37:09.714+0000] {logging_mixin.py:188} INFO - [2024-04-29T17:37:09.708+0000] {dag.py:3047} INFO - Sync 1 DAGs
[2024-04-29T17:37:09.765+0000] {logging_mixin.py:188} INFO - [2024-04-29T17:37:09.765+0000] {dag.py:3834} INFO - Setting next_dagrun for tutorial_dag to None, run_after=None
[2024-04-29T17:37:09.824+0000] {processor.py:183} INFO - Processing /home/airflow/.local/lib/python3.8/site-packages/airflow/example_dags/tutorial_dag.py took 0.332 seconds
[2024-04-29T17:37:40.269+0000] {processor.py:161} INFO - Started process (PID=4055) to work on /home/airflow/.local/lib/python3.8/site-packages/airflow/example_dags/tutorial_dag.py
[2024-04-29T17:37:40.272+0000] {processor.py:830} INFO - Processing file /home/airflow/.local/lib/python3.8/site-packages/airflow/example_dags/tutorial_dag.py for tasks to queue
[2024-04-29T17:37:40.273+0000] {logging_mixin.py:188} INFO - [2024-04-29T17:37:40.273+0000] {dagbag.py:540} INFO - Filling up the DagBag from /home/airflow/.local/lib/python3.8/site-packages/airflow/example_dags/tutorial_dag.py
[2024-04-29T17:37:40.288+0000] {processor.py:840} INFO - DAG(s) 'tutorial_dag' retrieved from /home/airflow/.local/lib/python3.8/site-packages/airflow/example_dags/tutorial_dag.py
[2024-04-29T17:37:40.337+0000] {logging_mixin.py:188} INFO - [2024-04-29T17:37:40.337+0000] {dag.py:3047} INFO - Sync 1 DAGs
[2024-04-29T17:37:40.374+0000] {logging_mixin.py:188} INFO - [2024-04-29T17:37:40.373+0000] {dag.py:3834} INFO - Setting next_dagrun for tutorial_dag to None, run_after=None
[2024-04-29T17:37:40.403+0000] {processor.py:183} INFO - Processing /home/airflow/.local/lib/python3.8/site-packages/airflow/example_dags/tutorial_dag.py took 0.138 seconds
[2024-04-29T17:38:10.653+0000] {processor.py:161} INFO - Started process (PID=4315) to work on /home/airflow/.local/lib/python3.8/site-packages/airflow/example_dags/tutorial_dag.py
[2024-04-29T17:38:10.654+0000] {processor.py:830} INFO - Processing file /home/airflow/.local/lib/python3.8/site-packages/airflow/example_dags/tutorial_dag.py for tasks to queue
[2024-04-29T17:38:10.655+0000] {logging_mixin.py:188} INFO - [2024-04-29T17:38:10.655+0000] {dagbag.py:540} INFO - Filling up the DagBag from /home/airflow/.local/lib/python3.8/site-packages/airflow/example_dags/tutorial_dag.py
[2024-04-29T17:38:10.661+0000] {processor.py:840} INFO - DAG(s) 'tutorial_dag' retrieved from /home/airflow/.local/lib/python3.8/site-packages/airflow/example_dags/tutorial_dag.py
[2024-04-29T17:38:10.685+0000] {logging_mixin.py:188} INFO - [2024-04-29T17:38:10.685+0000] {dag.py:3047} INFO - Sync 1 DAGs
[2024-04-29T17:38:10.700+0000] {logging_mixin.py:188} INFO - [2024-04-29T17:38:10.699+0000] {dag.py:3834} INFO - Setting next_dagrun for tutorial_dag to None, run_after=None
[2024-04-29T17:38:10.724+0000] {processor.py:183} INFO - Processing /home/airflow/.local/lib/python3.8/site-packages/airflow/example_dags/tutorial_dag.py took 0.075 seconds
[2024-04-29T17:38:41.049+0000] {processor.py:161} INFO - Started process (PID=4563) to work on /home/airflow/.local/lib/python3.8/site-packages/airflow/example_dags/tutorial_dag.py
[2024-04-29T17:38:41.050+0000] {processor.py:830} INFO - Processing file /home/airflow/.local/lib/python3.8/site-packages/airflow/example_dags/tutorial_dag.py for tasks to queue
[2024-04-29T17:38:41.051+0000] {logging_mixin.py:188} INFO - [2024-04-29T17:38:41.051+0000] {dagbag.py:540} INFO - Filling up the DagBag from /home/airflow/.local/lib/python3.8/site-packages/airflow/example_dags/tutorial_dag.py
[2024-04-29T17:38:41.057+0000] {processor.py:840} INFO - DAG(s) 'tutorial_dag' retrieved from /home/airflow/.local/lib/python3.8/site-packages/airflow/example_dags/tutorial_dag.py
[2024-04-29T17:38:41.082+0000] {logging_mixin.py:188} INFO - [2024-04-29T17:38:41.082+0000] {dag.py:3047} INFO - Sync 1 DAGs
[2024-04-29T17:38:41.098+0000] {logging_mixin.py:188} INFO - [2024-04-29T17:38:41.098+0000] {dag.py:3834} INFO - Setting next_dagrun for tutorial_dag to None, run_after=None
[2024-04-29T17:38:41.125+0000] {processor.py:183} INFO - Processing /home/airflow/.local/lib/python3.8/site-packages/airflow/example_dags/tutorial_dag.py took 0.080 seconds
[2024-04-29T17:39:11.675+0000] {processor.py:161} INFO - Started process (PID=4810) to work on /home/airflow/.local/lib/python3.8/site-packages/airflow/example_dags/tutorial_dag.py
[2024-04-29T17:39:11.678+0000] {processor.py:830} INFO - Processing file /home/airflow/.local/lib/python3.8/site-packages/airflow/example_dags/tutorial_dag.py for tasks to queue
[2024-04-29T17:39:11.679+0000] {logging_mixin.py:188} INFO - [2024-04-29T17:39:11.679+0000] {dagbag.py:540} INFO - Filling up the DagBag from /home/airflow/.local/lib/python3.8/site-packages/airflow/example_dags/tutorial_dag.py
[2024-04-29T17:39:11.684+0000] {processor.py:840} INFO - DAG(s) 'tutorial_dag' retrieved from /home/airflow/.local/lib/python3.8/site-packages/airflow/example_dags/tutorial_dag.py
[2024-04-29T17:39:11.703+0000] {logging_mixin.py:188} INFO - [2024-04-29T17:39:11.703+0000] {dag.py:3047} INFO - Sync 1 DAGs
[2024-04-29T17:39:11.713+0000] {logging_mixin.py:188} INFO - [2024-04-29T17:39:11.713+0000] {dag.py:3834} INFO - Setting next_dagrun for tutorial_dag to None, run_after=None
[2024-04-29T17:39:11.733+0000] {processor.py:183} INFO - Processing /home/airflow/.local/lib/python3.8/site-packages/airflow/example_dags/tutorial_dag.py took 0.061 seconds
[2024-04-29T17:39:41.970+0000] {processor.py:161} INFO - Started process (PID=5057) to work on /home/airflow/.local/lib/python3.8/site-packages/airflow/example_dags/tutorial_dag.py
[2024-04-29T17:39:41.971+0000] {processor.py:830} INFO - Processing file /home/airflow/.local/lib/python3.8/site-packages/airflow/example_dags/tutorial_dag.py for tasks to queue
[2024-04-29T17:39:41.972+0000] {logging_mixin.py:188} INFO - [2024-04-29T17:39:41.972+0000] {dagbag.py:540} INFO - Filling up the DagBag from /home/airflow/.local/lib/python3.8/site-packages/airflow/example_dags/tutorial_dag.py
[2024-04-29T17:39:41.978+0000] {processor.py:840} INFO - DAG(s) 'tutorial_dag' retrieved from /home/airflow/.local/lib/python3.8/site-packages/airflow/example_dags/tutorial_dag.py
[2024-04-29T17:39:42.001+0000] {logging_mixin.py:188} INFO - [2024-04-29T17:39:42.001+0000] {dag.py:3047} INFO - Sync 1 DAGs
[2024-04-29T17:39:42.017+0000] {logging_mixin.py:188} INFO - [2024-04-29T17:39:42.017+0000] {dag.py:3834} INFO - Setting next_dagrun for tutorial_dag to None, run_after=None
[2024-04-29T17:39:42.040+0000] {processor.py:183} INFO - Processing /home/airflow/.local/lib/python3.8/site-packages/airflow/example_dags/tutorial_dag.py took 0.075 seconds
[2024-04-29T17:40:12.866+0000] {processor.py:161} INFO - Started process (PID=5303) to work on /home/airflow/.local/lib/python3.8/site-packages/airflow/example_dags/tutorial_dag.py
[2024-04-29T17:40:12.875+0000] {processor.py:830} INFO - Processing file /home/airflow/.local/lib/python3.8/site-packages/airflow/example_dags/tutorial_dag.py for tasks to queue
[2024-04-29T17:40:12.876+0000] {logging_mixin.py:188} INFO - [2024-04-29T17:40:12.876+0000] {dagbag.py:540} INFO - Filling up the DagBag from /home/airflow/.local/lib/python3.8/site-packages/airflow/example_dags/tutorial_dag.py
[2024-04-29T17:40:12.897+0000] {processor.py:840} INFO - DAG(s) 'tutorial_dag' retrieved from /home/airflow/.local/lib/python3.8/site-packages/airflow/example_dags/tutorial_dag.py
[2024-04-29T17:40:12.922+0000] {logging_mixin.py:188} INFO - [2024-04-29T17:40:12.922+0000] {dag.py:3047} INFO - Sync 1 DAGs
[2024-04-29T17:40:12.940+0000] {logging_mixin.py:188} INFO - [2024-04-29T17:40:12.940+0000] {dag.py:3834} INFO - Setting next_dagrun for tutorial_dag to None, run_after=None
[2024-04-29T17:40:12.967+0000] {processor.py:183} INFO - Processing /home/airflow/.local/lib/python3.8/site-packages/airflow/example_dags/tutorial_dag.py took 0.106 seconds
[2024-04-29T17:40:43.296+0000] {processor.py:161} INFO - Started process (PID=5550) to work on /home/airflow/.local/lib/python3.8/site-packages/airflow/example_dags/tutorial_dag.py
[2024-04-29T17:40:43.297+0000] {processor.py:830} INFO - Processing file /home/airflow/.local/lib/python3.8/site-packages/airflow/example_dags/tutorial_dag.py for tasks to queue
[2024-04-29T17:40:43.298+0000] {logging_mixin.py:188} INFO - [2024-04-29T17:40:43.298+0000] {dagbag.py:540} INFO - Filling up the DagBag from /home/airflow/.local/lib/python3.8/site-packages/airflow/example_dags/tutorial_dag.py
[2024-04-29T17:40:43.306+0000] {processor.py:840} INFO - DAG(s) 'tutorial_dag' retrieved from /home/airflow/.local/lib/python3.8/site-packages/airflow/example_dags/tutorial_dag.py
[2024-04-29T17:40:43.343+0000] {logging_mixin.py:188} INFO - [2024-04-29T17:40:43.342+0000] {dag.py:3047} INFO - Sync 1 DAGs
[2024-04-29T17:40:43.359+0000] {logging_mixin.py:188} INFO - [2024-04-29T17:40:43.359+0000] {dag.py:3834} INFO - Setting next_dagrun for tutorial_dag to None, run_after=None
[2024-04-29T17:40:43.380+0000] {processor.py:183} INFO - Processing /home/airflow/.local/lib/python3.8/site-packages/airflow/example_dags/tutorial_dag.py took 0.088 seconds
[2024-04-29T17:41:13.435+0000] {processor.py:161} INFO - Started process (PID=5797) to work on /home/airflow/.local/lib/python3.8/site-packages/airflow/example_dags/tutorial_dag.py
[2024-04-29T17:41:13.436+0000] {processor.py:830} INFO - Processing file /home/airflow/.local/lib/python3.8/site-packages/airflow/example_dags/tutorial_dag.py for tasks to queue
[2024-04-29T17:41:13.437+0000] {logging_mixin.py:188} INFO - [2024-04-29T17:41:13.437+0000] {dagbag.py:540} INFO - Filling up the DagBag from /home/airflow/.local/lib/python3.8/site-packages/airflow/example_dags/tutorial_dag.py
[2024-04-29T17:41:13.442+0000] {processor.py:840} INFO - DAG(s) 'tutorial_dag' retrieved from /home/airflow/.local/lib/python3.8/site-packages/airflow/example_dags/tutorial_dag.py
[2024-04-29T17:41:13.470+0000] {logging_mixin.py:188} INFO - [2024-04-29T17:41:13.470+0000] {dag.py:3047} INFO - Sync 1 DAGs
[2024-04-29T17:41:13.487+0000] {logging_mixin.py:188} INFO - [2024-04-29T17:41:13.487+0000] {dag.py:3834} INFO - Setting next_dagrun for tutorial_dag to None, run_after=None
[2024-04-29T17:41:13.514+0000] {processor.py:183} INFO - Processing /home/airflow/.local/lib/python3.8/site-packages/airflow/example_dags/tutorial_dag.py took 0.082 seconds
[2024-04-29T17:41:43.768+0000] {processor.py:161} INFO - Started process (PID=6044) to work on /home/airflow/.local/lib/python3.8/site-packages/airflow/example_dags/tutorial_dag.py
[2024-04-29T17:41:43.769+0000] {processor.py:830} INFO - Processing file /home/airflow/.local/lib/python3.8/site-packages/airflow/example_dags/tutorial_dag.py for tasks to queue
[2024-04-29T17:41:43.770+0000] {logging_mixin.py:188} INFO - [2024-04-29T17:41:43.770+0000] {dagbag.py:540} INFO - Filling up the DagBag from /home/airflow/.local/lib/python3.8/site-packages/airflow/example_dags/tutorial_dag.py
[2024-04-29T17:41:43.776+0000] {processor.py:840} INFO - DAG(s) 'tutorial_dag' retrieved from /home/airflow/.local/lib/python3.8/site-packages/airflow/example_dags/tutorial_dag.py
[2024-04-29T17:41:43.797+0000] {logging_mixin.py:188} INFO - [2024-04-29T17:41:43.797+0000] {dag.py:3047} INFO - Sync 1 DAGs
[2024-04-29T17:41:43.812+0000] {logging_mixin.py:188} INFO - [2024-04-29T17:41:43.812+0000] {dag.py:3834} INFO - Setting next_dagrun for tutorial_dag to None, run_after=None
[2024-04-29T17:41:43.833+0000] {processor.py:183} INFO - Processing /home/airflow/.local/lib/python3.8/site-packages/airflow/example_dags/tutorial_dag.py took 0.069 seconds
[2024-04-29T17:42:14.111+0000] {processor.py:161} INFO - Started process (PID=6291) to work on /home/airflow/.local/lib/python3.8/site-packages/airflow/example_dags/tutorial_dag.py
[2024-04-29T17:42:14.112+0000] {processor.py:830} INFO - Processing file /home/airflow/.local/lib/python3.8/site-packages/airflow/example_dags/tutorial_dag.py for tasks to queue
[2024-04-29T17:42:14.113+0000] {logging_mixin.py:188} INFO - [2024-04-29T17:42:14.113+0000] {dagbag.py:540} INFO - Filling up the DagBag from /home/airflow/.local/lib/python3.8/site-packages/airflow/example_dags/tutorial_dag.py
[2024-04-29T17:42:14.119+0000] {processor.py:840} INFO - DAG(s) 'tutorial_dag' retrieved from /home/airflow/.local/lib/python3.8/site-packages/airflow/example_dags/tutorial_dag.py
[2024-04-29T17:42:14.147+0000] {logging_mixin.py:188} INFO - [2024-04-29T17:42:14.147+0000] {dag.py:3047} INFO - Sync 1 DAGs
[2024-04-29T17:42:14.159+0000] {logging_mixin.py:188} INFO - [2024-04-29T17:42:14.158+0000] {dag.py:3834} INFO - Setting next_dagrun for tutorial_dag to None, run_after=None
[2024-04-29T17:42:14.181+0000] {processor.py:183} INFO - Processing /home/airflow/.local/lib/python3.8/site-packages/airflow/example_dags/tutorial_dag.py took 0.074 seconds
[2024-04-29T17:42:44.400+0000] {processor.py:161} INFO - Started process (PID=6538) to work on /home/airflow/.local/lib/python3.8/site-packages/airflow/example_dags/tutorial_dag.py
[2024-04-29T17:42:44.401+0000] {processor.py:830} INFO - Processing file /home/airflow/.local/lib/python3.8/site-packages/airflow/example_dags/tutorial_dag.py for tasks to queue
[2024-04-29T17:42:44.402+0000] {logging_mixin.py:188} INFO - [2024-04-29T17:42:44.401+0000] {dagbag.py:540} INFO - Filling up the DagBag from /home/airflow/.local/lib/python3.8/site-packages/airflow/example_dags/tutorial_dag.py
[2024-04-29T17:42:44.407+0000] {processor.py:840} INFO - DAG(s) 'tutorial_dag' retrieved from /home/airflow/.local/lib/python3.8/site-packages/airflow/example_dags/tutorial_dag.py
[2024-04-29T17:42:44.431+0000] {logging_mixin.py:188} INFO - [2024-04-29T17:42:44.430+0000] {dag.py:3047} INFO - Sync 1 DAGs
[2024-04-29T17:42:44.445+0000] {logging_mixin.py:188} INFO - [2024-04-29T17:42:44.445+0000] {dag.py:3834} INFO - Setting next_dagrun for tutorial_dag to None, run_after=None
[2024-04-29T17:42:44.492+0000] {processor.py:183} INFO - Processing /home/airflow/.local/lib/python3.8/site-packages/airflow/example_dags/tutorial_dag.py took 0.096 seconds
[2024-04-29T17:43:14.773+0000] {processor.py:161} INFO - Started process (PID=6785) to work on /home/airflow/.local/lib/python3.8/site-packages/airflow/example_dags/tutorial_dag.py
[2024-04-29T17:43:14.774+0000] {processor.py:830} INFO - Processing file /home/airflow/.local/lib/python3.8/site-packages/airflow/example_dags/tutorial_dag.py for tasks to queue
[2024-04-29T17:43:14.775+0000] {logging_mixin.py:188} INFO - [2024-04-29T17:43:14.775+0000] {dagbag.py:540} INFO - Filling up the DagBag from /home/airflow/.local/lib/python3.8/site-packages/airflow/example_dags/tutorial_dag.py
[2024-04-29T17:43:14.781+0000] {processor.py:840} INFO - DAG(s) 'tutorial_dag' retrieved from /home/airflow/.local/lib/python3.8/site-packages/airflow/example_dags/tutorial_dag.py
[2024-04-29T17:43:14.804+0000] {logging_mixin.py:188} INFO - [2024-04-29T17:43:14.804+0000] {dag.py:3047} INFO - Sync 1 DAGs
[2024-04-29T17:43:14.816+0000] {logging_mixin.py:188} INFO - [2024-04-29T17:43:14.816+0000] {dag.py:3834} INFO - Setting next_dagrun for tutorial_dag to None, run_after=None
[2024-04-29T17:43:14.839+0000] {processor.py:183} INFO - Processing /home/airflow/.local/lib/python3.8/site-packages/airflow/example_dags/tutorial_dag.py took 0.070 seconds
[2024-04-29T17:43:44.954+0000] {processor.py:161} INFO - Started process (PID=7032) to work on /home/airflow/.local/lib/python3.8/site-packages/airflow/example_dags/tutorial_dag.py
[2024-04-29T17:43:44.955+0000] {processor.py:830} INFO - Processing file /home/airflow/.local/lib/python3.8/site-packages/airflow/example_dags/tutorial_dag.py for tasks to queue
[2024-04-29T17:43:44.956+0000] {logging_mixin.py:188} INFO - [2024-04-29T17:43:44.955+0000] {dagbag.py:540} INFO - Filling up the DagBag from /home/airflow/.local/lib/python3.8/site-packages/airflow/example_dags/tutorial_dag.py
[2024-04-29T17:43:44.961+0000] {processor.py:840} INFO - DAG(s) 'tutorial_dag' retrieved from /home/airflow/.local/lib/python3.8/site-packages/airflow/example_dags/tutorial_dag.py
[2024-04-29T17:43:44.993+0000] {logging_mixin.py:188} INFO - [2024-04-29T17:43:44.993+0000] {dag.py:3047} INFO - Sync 1 DAGs
[2024-04-29T17:43:45.009+0000] {logging_mixin.py:188} INFO - [2024-04-29T17:43:45.008+0000] {dag.py:3834} INFO - Setting next_dagrun for tutorial_dag to None, run_after=None
[2024-04-29T17:43:45.046+0000] {processor.py:183} INFO - Processing /home/airflow/.local/lib/python3.8/site-packages/airflow/example_dags/tutorial_dag.py took 0.096 seconds
[2024-04-29T17:44:15.318+0000] {processor.py:161} INFO - Started process (PID=7285) to work on /home/airflow/.local/lib/python3.8/site-packages/airflow/example_dags/tutorial_dag.py
[2024-04-29T17:44:15.319+0000] {processor.py:830} INFO - Processing file /home/airflow/.local/lib/python3.8/site-packages/airflow/example_dags/tutorial_dag.py for tasks to queue
[2024-04-29T17:44:15.320+0000] {logging_mixin.py:188} INFO - [2024-04-29T17:44:15.320+0000] {dagbag.py:540} INFO - Filling up the DagBag from /home/airflow/.local/lib/python3.8/site-packages/airflow/example_dags/tutorial_dag.py
[2024-04-29T17:44:15.326+0000] {processor.py:840} INFO - DAG(s) 'tutorial_dag' retrieved from /home/airflow/.local/lib/python3.8/site-packages/airflow/example_dags/tutorial_dag.py
[2024-04-29T17:44:15.350+0000] {logging_mixin.py:188} INFO - [2024-04-29T17:44:15.350+0000] {dag.py:3047} INFO - Sync 1 DAGs
[2024-04-29T17:44:15.364+0000] {logging_mixin.py:188} INFO - [2024-04-29T17:44:15.364+0000] {dag.py:3834} INFO - Setting next_dagrun for tutorial_dag to None, run_after=None
[2024-04-29T17:44:15.387+0000] {processor.py:183} INFO - Processing /home/airflow/.local/lib/python3.8/site-packages/airflow/example_dags/tutorial_dag.py took 0.072 seconds
[2024-04-29T17:44:45.717+0000] {processor.py:161} INFO - Started process (PID=7532) to work on /home/airflow/.local/lib/python3.8/site-packages/airflow/example_dags/tutorial_dag.py
[2024-04-29T17:44:45.718+0000] {processor.py:830} INFO - Processing file /home/airflow/.local/lib/python3.8/site-packages/airflow/example_dags/tutorial_dag.py for tasks to queue
[2024-04-29T17:44:45.719+0000] {logging_mixin.py:188} INFO - [2024-04-29T17:44:45.718+0000] {dagbag.py:540} INFO - Filling up the DagBag from /home/airflow/.local/lib/python3.8/site-packages/airflow/example_dags/tutorial_dag.py
[2024-04-29T17:44:45.724+0000] {processor.py:840} INFO - DAG(s) 'tutorial_dag' retrieved from /home/airflow/.local/lib/python3.8/site-packages/airflow/example_dags/tutorial_dag.py
[2024-04-29T17:44:45.749+0000] {logging_mixin.py:188} INFO - [2024-04-29T17:44:45.749+0000] {dag.py:3047} INFO - Sync 1 DAGs
[2024-04-29T17:44:45.760+0000] {logging_mixin.py:188} INFO - [2024-04-29T17:44:45.759+0000] {dag.py:3834} INFO - Setting next_dagrun for tutorial_dag to None, run_after=None
[2024-04-29T17:44:45.783+0000] {processor.py:183} INFO - Processing /home/airflow/.local/lib/python3.8/site-packages/airflow/example_dags/tutorial_dag.py took 0.070 seconds
[2024-04-29T17:45:16.118+0000] {processor.py:161} INFO - Started process (PID=7780) to work on /home/airflow/.local/lib/python3.8/site-packages/airflow/example_dags/tutorial_dag.py
[2024-04-29T17:45:16.130+0000] {processor.py:830} INFO - Processing file /home/airflow/.local/lib/python3.8/site-packages/airflow/example_dags/tutorial_dag.py for tasks to queue
[2024-04-29T17:45:16.132+0000] {logging_mixin.py:188} INFO - [2024-04-29T17:45:16.131+0000] {dagbag.py:540} INFO - Filling up the DagBag from /home/airflow/.local/lib/python3.8/site-packages/airflow/example_dags/tutorial_dag.py
[2024-04-29T17:45:16.160+0000] {processor.py:840} INFO - DAG(s) 'tutorial_dag' retrieved from /home/airflow/.local/lib/python3.8/site-packages/airflow/example_dags/tutorial_dag.py
[2024-04-29T17:45:16.193+0000] {logging_mixin.py:188} INFO - [2024-04-29T17:45:16.193+0000] {dag.py:3047} INFO - Sync 1 DAGs
[2024-04-29T17:45:16.218+0000] {logging_mixin.py:188} INFO - [2024-04-29T17:45:16.218+0000] {dag.py:3834} INFO - Setting next_dagrun for tutorial_dag to None, run_after=None
[2024-04-29T17:45:16.259+0000] {processor.py:183} INFO - Processing /home/airflow/.local/lib/python3.8/site-packages/airflow/example_dags/tutorial_dag.py took 0.173 seconds
[2024-04-29T17:45:46.488+0000] {processor.py:161} INFO - Started process (PID=8028) to work on /home/airflow/.local/lib/python3.8/site-packages/airflow/example_dags/tutorial_dag.py
[2024-04-29T17:45:46.489+0000] {processor.py:830} INFO - Processing file /home/airflow/.local/lib/python3.8/site-packages/airflow/example_dags/tutorial_dag.py for tasks to queue
[2024-04-29T17:45:46.490+0000] {logging_mixin.py:188} INFO - [2024-04-29T17:45:46.489+0000] {dagbag.py:540} INFO - Filling up the DagBag from /home/airflow/.local/lib/python3.8/site-packages/airflow/example_dags/tutorial_dag.py
[2024-04-29T17:45:46.501+0000] {processor.py:840} INFO - DAG(s) 'tutorial_dag' retrieved from /home/airflow/.local/lib/python3.8/site-packages/airflow/example_dags/tutorial_dag.py
[2024-04-29T17:45:46.563+0000] {logging_mixin.py:188} INFO - [2024-04-29T17:45:46.562+0000] {dag.py:3047} INFO - Sync 1 DAGs
[2024-04-29T17:45:46.620+0000] {logging_mixin.py:188} INFO - [2024-04-29T17:45:46.620+0000] {dag.py:3834} INFO - Setting next_dagrun for tutorial_dag to None, run_after=None
[2024-04-29T17:45:46.696+0000] {processor.py:183} INFO - Processing /home/airflow/.local/lib/python3.8/site-packages/airflow/example_dags/tutorial_dag.py took 0.212 seconds
[2024-04-29T17:46:16.818+0000] {processor.py:161} INFO - Started process (PID=8276) to work on /home/airflow/.local/lib/python3.8/site-packages/airflow/example_dags/tutorial_dag.py
[2024-04-29T17:46:16.819+0000] {processor.py:830} INFO - Processing file /home/airflow/.local/lib/python3.8/site-packages/airflow/example_dags/tutorial_dag.py for tasks to queue
[2024-04-29T17:46:16.820+0000] {logging_mixin.py:188} INFO - [2024-04-29T17:46:16.820+0000] {dagbag.py:540} INFO - Filling up the DagBag from /home/airflow/.local/lib/python3.8/site-packages/airflow/example_dags/tutorial_dag.py
[2024-04-29T17:46:16.826+0000] {processor.py:840} INFO - DAG(s) 'tutorial_dag' retrieved from /home/airflow/.local/lib/python3.8/site-packages/airflow/example_dags/tutorial_dag.py
[2024-04-29T17:46:16.849+0000] {logging_mixin.py:188} INFO - [2024-04-29T17:46:16.849+0000] {dag.py:3047} INFO - Sync 1 DAGs
[2024-04-29T17:46:16.864+0000] {logging_mixin.py:188} INFO - [2024-04-29T17:46:16.863+0000] {dag.py:3834} INFO - Setting next_dagrun for tutorial_dag to None, run_after=None
[2024-04-29T17:46:16.888+0000] {processor.py:183} INFO - Processing /home/airflow/.local/lib/python3.8/site-packages/airflow/example_dags/tutorial_dag.py took 0.073 seconds
[2024-04-29T17:46:47.254+0000] {processor.py:161} INFO - Started process (PID=8523) to work on /home/airflow/.local/lib/python3.8/site-packages/airflow/example_dags/tutorial_dag.py
[2024-04-29T17:46:47.257+0000] {processor.py:830} INFO - Processing file /home/airflow/.local/lib/python3.8/site-packages/airflow/example_dags/tutorial_dag.py for tasks to queue
[2024-04-29T17:46:47.258+0000] {logging_mixin.py:188} INFO - [2024-04-29T17:46:47.258+0000] {dagbag.py:540} INFO - Filling up the DagBag from /home/airflow/.local/lib/python3.8/site-packages/airflow/example_dags/tutorial_dag.py
[2024-04-29T17:46:47.265+0000] {processor.py:840} INFO - DAG(s) 'tutorial_dag' retrieved from /home/airflow/.local/lib/python3.8/site-packages/airflow/example_dags/tutorial_dag.py
[2024-04-29T17:46:47.312+0000] {logging_mixin.py:188} INFO - [2024-04-29T17:46:47.311+0000] {dag.py:3047} INFO - Sync 1 DAGs
[2024-04-29T17:46:47.347+0000] {logging_mixin.py:188} INFO - [2024-04-29T17:46:47.347+0000] {dag.py:3834} INFO - Setting next_dagrun for tutorial_dag to None, run_after=None
[2024-04-29T17:46:47.377+0000] {processor.py:183} INFO - Processing /home/airflow/.local/lib/python3.8/site-packages/airflow/example_dags/tutorial_dag.py took 0.134 seconds
[2024-04-29T17:47:17.821+0000] {processor.py:161} INFO - Started process (PID=8771) to work on /home/airflow/.local/lib/python3.8/site-packages/airflow/example_dags/tutorial_dag.py
[2024-04-29T17:47:17.822+0000] {processor.py:830} INFO - Processing file /home/airflow/.local/lib/python3.8/site-packages/airflow/example_dags/tutorial_dag.py for tasks to queue
[2024-04-29T17:47:17.823+0000] {logging_mixin.py:188} INFO - [2024-04-29T17:47:17.823+0000] {dagbag.py:540} INFO - Filling up the DagBag from /home/airflow/.local/lib/python3.8/site-packages/airflow/example_dags/tutorial_dag.py
[2024-04-29T17:47:17.829+0000] {processor.py:840} INFO - DAG(s) 'tutorial_dag' retrieved from /home/airflow/.local/lib/python3.8/site-packages/airflow/example_dags/tutorial_dag.py
[2024-04-29T17:47:17.875+0000] {logging_mixin.py:188} INFO - [2024-04-29T17:47:17.874+0000] {dag.py:3047} INFO - Sync 1 DAGs
[2024-04-29T17:47:17.887+0000] {logging_mixin.py:188} INFO - [2024-04-29T17:47:17.887+0000] {dag.py:3834} INFO - Setting next_dagrun for tutorial_dag to None, run_after=None
[2024-04-29T17:47:17.911+0000] {processor.py:183} INFO - Processing /home/airflow/.local/lib/python3.8/site-packages/airflow/example_dags/tutorial_dag.py took 0.094 seconds
[2024-04-29T17:47:48.194+0000] {processor.py:161} INFO - Started process (PID=9019) to work on /home/airflow/.local/lib/python3.8/site-packages/airflow/example_dags/tutorial_dag.py
[2024-04-29T17:47:48.195+0000] {processor.py:830} INFO - Processing file /home/airflow/.local/lib/python3.8/site-packages/airflow/example_dags/tutorial_dag.py for tasks to queue
[2024-04-29T17:47:48.197+0000] {logging_mixin.py:188} INFO - [2024-04-29T17:47:48.196+0000] {dagbag.py:540} INFO - Filling up the DagBag from /home/airflow/.local/lib/python3.8/site-packages/airflow/example_dags/tutorial_dag.py
[2024-04-29T17:47:48.202+0000] {processor.py:840} INFO - DAG(s) 'tutorial_dag' retrieved from /home/airflow/.local/lib/python3.8/site-packages/airflow/example_dags/tutorial_dag.py
[2024-04-29T17:47:48.229+0000] {logging_mixin.py:188} INFO - [2024-04-29T17:47:48.229+0000] {dag.py:3047} INFO - Sync 1 DAGs
[2024-04-29T17:47:48.244+0000] {logging_mixin.py:188} INFO - [2024-04-29T17:47:48.244+0000] {dag.py:3834} INFO - Setting next_dagrun for tutorial_dag to None, run_after=None
[2024-04-29T17:47:48.270+0000] {processor.py:183} INFO - Processing /home/airflow/.local/lib/python3.8/site-packages/airflow/example_dags/tutorial_dag.py took 0.079 seconds
